   | 1 | 2 | 3 | 4 | 5 | 6 | 7 | 8 |
---|---|---|---|---|---|---|---|---|---
 1 |   |   |   |   |   |   |   |   | 1 
---|---|---|---|---|---|---|---|---|---
 2 |   |   |   |   |   |   |   |   | 2 
---|---|---|---|---|---|---|---|---|---
 3 |   |   |   |   |   |   |   |   | 3 
---|---|---|---|---|---|---|---|---|---
 4 |   |   |   | 0 | X |   |   |   | 4 
---|---|---|---|---|---|---|---|---|---
 5 |   |   |   | X | 0 |   |   |   | 5 
---|---|---|---|---|---|---|---|---|---
 6 |   |   |   |   |   |   |   |   | 6 
---|---|---|---|---|---|---|---|---|---
 7 |   |   |   |   |   |   |   |   | 7 
---|---|---|---|---|---|---|---|---|---
 8 |   |   |   |   |   |   |   |   | 8 
---|---|---|---|---|---|---|---|---|---
   | 1 | 2 | 3 | 4 | 5 | 6 | 7 | 8 |



White to move
WEEEEEEEEEEEEEEEEEEEEEEEEEEEOXEEEEEEXOEEEEEEEEEEEEEEEEEEEEEEEEEEE
(3,5)
   | 1 | 2 | 3 | 4 | 5 | 6 | 7 | 8 |
---|---|---|---|---|---|---|---|---|---
 1 |   |   |   |   |   |   |   |   | 1 
---|---|---|---|---|---|---|---|---|---
 2 |   |   |   |   |   |   |   |   | 2 
---|---|---|---|---|---|---|---|---|---
 3 |   |   |   |   | 0 |   |   |   | 3 
---|---|---|---|---|---|---|---|---|---
 4 |   |   |   | 0 | 0 |   |   |   | 4 
---|---|---|---|---|---|---|---|---|---
 5 |   |   |   | X | 0 |   |   |   | 5 
---|---|---|---|---|---|---|---|---|---
 6 |   |   |   |   |   |   |   |   | 6 
---|---|---|---|---|---|---|---|---|---
 7 |   |   |   |   |   |   |   |   | 7 
---|---|---|---|---|---|---|---|---|---
 8 |   |   |   |   |   |   |   |   | 8 
---|---|---|---|---|---|---|---|---|---
   | 1 | 2 | 3 | 4 | 5 | 6 | 7 | 8 |

It took 0 seconds to make this move...


Black to move
BEEEEEEEEEEEEEEEEEEEEOEEEEEEOOEEEEEEXOEEEEEEEEEEEEEEEEEEEEEEEEEEE
(5,6) Depth reached: 5, Nodes searched: 708
   | 1 | 2 | 3 | 4 | 5 | 6 | 7 | 8 |
---|---|---|---|---|---|---|---|---|---
 1 |   |   |   |   |   |   |   |   | 1 
---|---|---|---|---|---|---|---|---|---
 2 |   |   |   |   |   |   |   |   | 2 
---|---|---|---|---|---|---|---|---|---
 3 |   |   |   |   | 0 |   |   |   | 3 
---|---|---|---|---|---|---|---|---|---
 4 |   |   |   | 0 | 0 |   |   |   | 4 
---|---|---|---|---|---|---|---|---|---
 5 |   |   |   | X | X | X |   |   | 5 
---|---|---|---|---|---|---|---|---|---
 6 |   |   |   |   |   |   |   |   | 6 
---|---|---|---|---|---|---|---|---|---
 7 |   |   |   |   |   |   |   |   | 7 
---|---|---|---|---|---|---|---|---|---
 8 |   |   |   |   |   |   |   |   | 8 
---|---|---|---|---|---|---|---|---|---
   | 1 | 2 | 3 | 4 | 5 | 6 | 7 | 8 |

It took 0 seconds to make this move...


White to move
WEEEEEEEEEEEEEEEEEEEEOEEEEEEOOEEEEEEXXXEEEEEEEEEEEEEEEEEEEEEEEEEE
(6,3)
   | 1 | 2 | 3 | 4 | 5 | 6 | 7 | 8 |
---|---|---|---|---|---|---|---|---|---
 1 |   |   |   |   |   |   |   |   | 1 
---|---|---|---|---|---|---|---|---|---
 2 |   |   |   |   |   |   |   |   | 2 
---|---|---|---|---|---|---|---|---|---
 3 |   |   |   |   | 0 |   |   |   | 3 
---|---|---|---|---|---|---|---|---|---
 4 |   |   |   | 0 | 0 |   |   |   | 4 
---|---|---|---|---|---|---|---|---|---
 5 |   |   |   | 0 | X | X |   |   | 5 
---|---|---|---|---|---|---|---|---|---
 6 |   |   | 0 |   |   |   |   |   | 6 
---|---|---|---|---|---|---|---|---|---
 7 |   |   |   |   |   |   |   |   | 7 
---|---|---|---|---|---|---|---|---|---
 8 |   |   |   |   |   |   |   |   | 8 
---|---|---|---|---|---|---|---|---|---
   | 1 | 2 | 3 | 4 | 5 | 6 | 7 | 8 |

It took 0 seconds to make this move...


Black to move
BEEEEEEEEEEEEEEEEEEEEOEEEEEEOOEEEEEEOXXEEEEOEEEEEEEEEEEEEEEEEEEEE
(3,4) Depth reached: 5, Nodes searched: 891
   | 1 | 2 | 3 | 4 | 5 | 6 | 7 | 8 |
---|---|---|---|---|---|---|---|---|---
 1 |   |   |   |   |   |   |   |   | 1 
---|---|---|---|---|---|---|---|---|---
 2 |   |   |   |   |   |   |   |   | 2 
---|---|---|---|---|---|---|---|---|---
 3 |   |   |   | X | 0 |   |   |   | 3 
---|---|---|---|---|---|---|---|---|---
 4 |   |   |   | 0 | X |   |   |   | 4 
---|---|---|---|---|---|---|---|---|---
 5 |   |   |   | 0 | X | X |   |   | 5 
---|---|---|---|---|---|---|---|---|---
 6 |   |   | 0 |   |   |   |   |   | 6 
---|---|---|---|---|---|---|---|---|---
 7 |   |   |   |   |   |   |   |   | 7 
---|---|---|---|---|---|---|---|---|---
 8 |   |   |   |   |   |   |   |   | 8 
---|---|---|---|---|---|---|---|---|---
   | 1 | 2 | 3 | 4 | 5 | 6 | 7 | 8 |

It took 0 seconds to make this move...


White to move
WEEEEEEEEEEEEEEEEEEEXOEEEEEEOXEEEEEEOXXEEEEOEEEEEEEEEEEEEEEEEEEEE
(6,5)
   | 1 | 2 | 3 | 4 | 5 | 6 | 7 | 8 |
---|---|---|---|---|---|---|---|---|---
 1 |   |   |   |   |   |   |   |   | 1 
---|---|---|---|---|---|---|---|---|---
 2 |   |   |   |   |   |   |   |   | 2 
---|---|---|---|---|---|---|---|---|---
 3 |   |   |   | X | 0 |   |   |   | 3 
---|---|---|---|---|---|---|---|---|---
 4 |   |   |   | 0 | 0 |   |   |   | 4 
---|---|---|---|---|---|---|---|---|---
 5 |   |   |   | 0 | 0 | X |   |   | 5 
---|---|---|---|---|---|---|---|---|---
 6 |   |   | 0 |   | 0 |   |   |   | 6 
---|---|---|---|---|---|---|---|---|---
 7 |   |   |   |   |   |   |   |   | 7 
---|---|---|---|---|---|---|---|---|---
 8 |   |   |   |   |   |   |   |   | 8 
---|---|---|---|---|---|---|---|---|---
   | 1 | 2 | 3 | 4 | 5 | 6 | 7 | 8 |

It took 0 seconds to make this move...


Black to move
BEEEEEEEEEEEEEEEEEEEXOEEEEEEOOEEEEEEOOXEEEEOEOEEEEEEEEEEEEEEEEEEE
(3,6) Depth reached: 5, Nodes searched: 940
   | 1 | 2 | 3 | 4 | 5 | 6 | 7 | 8 |
---|---|---|---|---|---|---|---|---|---
 1 |   |   |   |   |   |   |   |   | 1 
---|---|---|---|---|---|---|---|---|---
 2 |   |   |   |   |   |   |   |   | 2 
---|---|---|---|---|---|---|---|---|---
 3 |   |   |   | X | X | X |   |   | 3 
---|---|---|---|---|---|---|---|---|---
 4 |   |   |   | 0 | 0 |   |   |   | 4 
---|---|---|---|---|---|---|---|---|---
 5 |   |   |   | 0 | 0 | X |   |   | 5 
---|---|---|---|---|---|---|---|---|---
 6 |   |   | 0 |   | 0 |   |   |   | 6 
---|---|---|---|---|---|---|---|---|---
 7 |   |   |   |   |   |   |   |   | 7 
---|---|---|---|---|---|---|---|---|---
 8 |   |   |   |   |   |   |   |   | 8 
---|---|---|---|---|---|---|---|---|---
   | 1 | 2 | 3 | 4 | 5 | 6 | 7 | 8 |

It took 0 seconds to make this move...


White to move
WEEEEEEEEEEEEEEEEEEEXXXEEEEEOOEEEEEEOOXEEEEOEOEEEEEEEEEEEEEEEEEEE
(4,7)
   | 1 | 2 | 3 | 4 | 5 | 6 | 7 | 8 |
---|---|---|---|---|---|---|---|---|---
 1 |   |   |   |   |   |   |   |   | 1 
---|---|---|---|---|---|---|---|---|---
 2 |   |   |   |   |   |   |   |   | 2 
---|---|---|---|---|---|---|---|---|---
 3 |   |   |   | X | X | X |   |   | 3 
---|---|---|---|---|---|---|---|---|---
 4 |   |   |   | 0 | 0 |   | 0 |   | 4 
---|---|---|---|---|---|---|---|---|---
 5 |   |   |   | 0 | 0 | 0 |   |   | 5 
---|---|---|---|---|---|---|---|---|---
 6 |   |   | 0 |   | 0 |   |   |   | 6 
---|---|---|---|---|---|---|---|---|---
 7 |   |   |   |   |   |   |   |   | 7 
---|---|---|---|---|---|---|---|---|---
 8 |   |   |   |   |   |   |   |   | 8 
---|---|---|---|---|---|---|---|---|---
   | 1 | 2 | 3 | 4 | 5 | 6 | 7 | 8 |

It took 0 seconds to make this move...


Black to move
BEEEEEEEEEEEEEEEEEEEXXXEEEEEOOEOEEEEOOOEEEEOEOEEEEEEEEEEEEEEEEEEE
(5,3) Depth reached: 5, Nodes searched: 614
   | 1 | 2 | 3 | 4 | 5 | 6 | 7 | 8 |
---|---|---|---|---|---|---|---|---|---
 1 |   |   |   |   |   |   |   |   | 1 
---|---|---|---|---|---|---|---|---|---
 2 |   |   |   |   |   |   |   |   | 2 
---|---|---|---|---|---|---|---|---|---
 3 |   |   |   | X | X | X |   |   | 3 
---|---|---|---|---|---|---|---|---|---
 4 |   |   |   | X | 0 |   | 0 |   | 4 
---|---|---|---|---|---|---|---|---|---
 5 |   |   | X | 0 | 0 | 0 |   |   | 5 
---|---|---|---|---|---|---|---|---|---
 6 |   |   | 0 |   | 0 |   |   |   | 6 
---|---|---|---|---|---|---|---|---|---
 7 |   |   |   |   |   |   |   |   | 7 
---|---|---|---|---|---|---|---|---|---
 8 |   |   |   |   |   |   |   |   | 8 
---|---|---|---|---|---|---|---|---|---
   | 1 | 2 | 3 | 4 | 5 | 6 | 7 | 8 |

It took 1 seconds to make this move...


White to move
WEEEEEEEEEEEEEEEEEEEXXXEEEEEXOEOEEEXOOOEEEEOEOEEEEEEEEEEEEEEEEEEE
(2,5)
   | 1 | 2 | 3 | 4 | 5 | 6 | 7 | 8 |
---|---|---|---|---|---|---|---|---|---
 1 |   |   |   |   |   |   |   |   | 1 
---|---|---|---|---|---|---|---|---|---
 2 |   |   |   |   | 0 |   |   |   | 2 
---|---|---|---|---|---|---|---|---|---
 3 |   |   |   | X | 0 | 0 |   |   | 3 
---|---|---|---|---|---|---|---|---|---
 4 |   |   |   | X | 0 |   | 0 |   | 4 
---|---|---|---|---|---|---|---|---|---
 5 |   |   | X | 0 | 0 | 0 |   |   | 5 
---|---|---|---|---|---|---|---|---|---
 6 |   |   | 0 |   | 0 |   |   |   | 6 
---|---|---|---|---|---|---|---|---|---
 7 |   |   |   |   |   |   |   |   | 7 
---|---|---|---|---|---|---|---|---|---
 8 |   |   |   |   |   |   |   |   | 8 
---|---|---|---|---|---|---|---|---|---
   | 1 | 2 | 3 | 4 | 5 | 6 | 7 | 8 |

It took 0 seconds to make this move...


Black to move
BEEEEEEEEEEEEOEEEEEEXOOEEEEEXOEOEEEXOOOEEEEOEOEEEEEEEEEEEEEEEEEEE
(1,6) Depth reached: 4, Nodes searched: 1715
   | 1 | 2 | 3 | 4 | 5 | 6 | 7 | 8 |
---|---|---|---|---|---|---|---|---|---
 1 |   |   |   |   |   | X |   |   | 1 
---|---|---|---|---|---|---|---|---|---
 2 |   |   |   |   | X |   |   |   | 2 
---|---|---|---|---|---|---|---|---|---
 3 |   |   |   | X | 0 | 0 |   |   | 3 
---|---|---|---|---|---|---|---|---|---
 4 |   |   |   | X | 0 |   | 0 |   | 4 
---|---|---|---|---|---|---|---|---|---
 5 |   |   | X | 0 | 0 | 0 |   |   | 5 
---|---|---|---|---|---|---|---|---|---
 6 |   |   | 0 |   | 0 |   |   |   | 6 
---|---|---|---|---|---|---|---|---|---
 7 |   |   |   |   |   |   |   |   | 7 
---|---|---|---|---|---|---|---|---|---
 8 |   |   |   |   |   |   |   |   | 8 
---|---|---|---|---|---|---|---|---|---
   | 1 | 2 | 3 | 4 | 5 | 6 | 7 | 8 |

It took 1 seconds to make this move...


White to move
WEEEEEXEEEEEEXEEEEEEXOOEEEEEXOEOEEEXOOOEEEEOEOEEEEEEEEEEEEEEEEEEE
(1,4)
   | 1 | 2 | 3 | 4 | 5 | 6 | 7 | 8 |
---|---|---|---|---|---|---|---|---|---
 1 |   |   |   | 0 |   | X |   |   | 1 
---|---|---|---|---|---|---|---|---|---
 2 |   |   |   |   | 0 |   |   |   | 2 
---|---|---|---|---|---|---|---|---|---
 3 |   |   |   | X | 0 | 0 |   |   | 3 
---|---|---|---|---|---|---|---|---|---
 4 |   |   |   | X | 0 |   | 0 |   | 4 
---|---|---|---|---|---|---|---|---|---
 5 |   |   | X | 0 | 0 | 0 |   |   | 5 
---|---|---|---|---|---|---|---|---|---
 6 |   |   | 0 |   | 0 |   |   |   | 6 
---|---|---|---|---|---|---|---|---|---
 7 |   |   |   |   |   |   |   |   | 7 
---|---|---|---|---|---|---|---|---|---
 8 |   |   |   |   |   |   |   |   | 8 
---|---|---|---|---|---|---|---|---|---
   | 1 | 2 | 3 | 4 | 5 | 6 | 7 | 8 |

It took 0 seconds to make this move...


Black to move
BEEEOEXEEEEEEOEEEEEEXOOEEEEEXOEOEEEXOOOEEEEOEOEEEEEEEEEEEEEEEEEEE
(3,7) Depth reached: 4, Nodes searched: 1515
   | 1 | 2 | 3 | 4 | 5 | 6 | 7 | 8 |
---|---|---|---|---|---|---|---|---|---
 1 |   |   |   | 0 |   | X |   |   | 1 
---|---|---|---|---|---|---|---|---|---
 2 |   |   |   |   | 0 |   |   |   | 2 
---|---|---|---|---|---|---|---|---|---
 3 |   |   |   | X | X | X | X |   | 3 
---|---|---|---|---|---|---|---|---|---
 4 |   |   |   | X | 0 |   | 0 |   | 4 
---|---|---|---|---|---|---|---|---|---
 5 |   |   | X | 0 | 0 | 0 |   |   | 5 
---|---|---|---|---|---|---|---|---|---
 6 |   |   | 0 |   | 0 |   |   |   | 6 
---|---|---|---|---|---|---|---|---|---
 7 |   |   |   |   |   |   |   |   | 7 
---|---|---|---|---|---|---|---|---|---
 8 |   |   |   |   |   |   |   |   | 8 
---|---|---|---|---|---|---|---|---|---
   | 1 | 2 | 3 | 4 | 5 | 6 | 7 | 8 |

It took 1 seconds to make this move...


White to move
WEEEOEXEEEEEEOEEEEEEXXXXEEEEXOEOEEEXOOOEEEEOEOEEEEEEEEEEEEEEEEEEE
(2,3)
   | 1 | 2 | 3 | 4 | 5 | 6 | 7 | 8 |
---|---|---|---|---|---|---|---|---|---
 1 |   |   |   | 0 |   | X |   |   | 1 
---|---|---|---|---|---|---|---|---|---
 2 |   |   | 0 |   | 0 |   |   |   | 2 
---|---|---|---|---|---|---|---|---|---
 3 |   |   |   | 0 | X | X | X |   | 3 
---|---|---|---|---|---|---|---|---|---
 4 |   |   |   | X | 0 |   | 0 |   | 4 
---|---|---|---|---|---|---|---|---|---
 5 |   |   | X | 0 | 0 | 0 |   |   | 5 
---|---|---|---|---|---|---|---|---|---
 6 |   |   | 0 |   | 0 |   |   |   | 6 
---|---|---|---|---|---|---|---|---|---
 7 |   |   |   |   |   |   |   |   | 7 
---|---|---|---|---|---|---|---|---|---
 8 |   |   |   |   |   |   |   |   | 8 
---|---|---|---|---|---|---|---|---|---
   | 1 | 2 | 3 | 4 | 5 | 6 | 7 | 8 |

It took 0 seconds to make this move...


Black to move
BEEEOEXEEEEOEOEEEEEEOXXXEEEEXOEOEEEXOOOEEEEOEOEEEEEEEEEEEEEEEEEEE
(1,5) Depth reached: 4, Nodes searched: 913
   | 1 | 2 | 3 | 4 | 5 | 6 | 7 | 8 |
---|---|---|---|---|---|---|---|---|---
 1 |   |   |   | 0 | X | X |   |   | 1 
---|---|---|---|---|---|---|---|---|---
 2 |   |   | 0 |   | X |   |   |   | 2 
---|---|---|---|---|---|---|---|---|---
 3 |   |   |   | 0 | X | X | X |   | 3 
---|---|---|---|---|---|---|---|---|---
 4 |   |   |   | X | 0 |   | 0 |   | 4 
---|---|---|---|---|---|---|---|---|---
 5 |   |   | X | 0 | 0 | 0 |   |   | 5 
---|---|---|---|---|---|---|---|---|---
 6 |   |   | 0 |   | 0 |   |   |   | 6 
---|---|---|---|---|---|---|---|---|---
 7 |   |   |   |   |   |   |   |   | 7 
---|---|---|---|---|---|---|---|---|---
 8 |   |   |   |   |   |   |   |   | 8 
---|---|---|---|---|---|---|---|---|---
   | 1 | 2 | 3 | 4 | 5 | 6 | 7 | 8 |

It took 1 seconds to make this move...


White to move
WEEEOXXEEEEOEXEEEEEEOXXXEEEEXOEOEEEXOOOEEEEOEOEEEEEEEEEEEEEEEEEEE
(1,7)
   | 1 | 2 | 3 | 4 | 5 | 6 | 7 | 8 |
---|---|---|---|---|---|---|---|---|---
 1 |   |   |   | 0 | 0 | 0 | 0 |   | 1 
---|---|---|---|---|---|---|---|---|---
 2 |   |   | 0 |   | X |   |   |   | 2 
---|---|---|---|---|---|---|---|---|---
 3 |   |   |   | 0 | X | X | X |   | 3 
---|---|---|---|---|---|---|---|---|---
 4 |   |   |   | X | 0 |   | 0 |   | 4 
---|---|---|---|---|---|---|---|---|---
 5 |   |   | X | 0 | 0 | 0 |   |   | 5 
---|---|---|---|---|---|---|---|---|---
 6 |   |   | 0 |   | 0 |   |   |   | 6 
---|---|---|---|---|---|---|---|---|---
 7 |   |   |   |   |   |   |   |   | 7 
---|---|---|---|---|---|---|---|---|---
 8 |   |   |   |   |   |   |   |   | 8 
---|---|---|---|---|---|---|---|---|---
   | 1 | 2 | 3 | 4 | 5 | 6 | 7 | 8 |

It took 0 seconds to make this move...


Black to move
BEEEOOOOEEEOEXEEEEEEOXXXEEEEXOEOEEEXOOOEEEEOEOEEEEEEEEEEEEEEEEEEE
(7,2) Depth reached: 4, Nodes searched: 1176
   | 1 | 2 | 3 | 4 | 5 | 6 | 7 | 8 |
---|---|---|---|---|---|---|---|---|---
 1 |   |   |   | 0 | 0 | 0 | 0 |   | 1 
---|---|---|---|---|---|---|---|---|---
 2 |   |   | 0 |   | X |   |   |   | 2 
---|---|---|---|---|---|---|---|---|---
 3 |   |   |   | 0 | X | X | X |   | 3 
---|---|---|---|---|---|---|---|---|---
 4 |   |   |   | X | X |   | 0 |   | 4 
---|---|---|---|---|---|---|---|---|---
 5 |   |   | X | X | 0 | 0 |   |   | 5 
---|---|---|---|---|---|---|---|---|---
 6 |   |   | X |   | 0 |   |   |   | 6 
---|---|---|---|---|---|---|---|---|---
 7 |   | X |   |   |   |   |   |   | 7 
---|---|---|---|---|---|---|---|---|---
 8 |   |   |   |   |   |   |   |   | 8 
---|---|---|---|---|---|---|---|---|---
   | 1 | 2 | 3 | 4 | 5 | 6 | 7 | 8 |

It took 1 seconds to make this move...


White to move
WEEEOOOOEEEOEXEEEEEEOXXXEEEEXXEOEEEXXOOEEEEXEOEEEEXEEEEEEEEEEEEEE
(3,8)
   | 1 | 2 | 3 | 4 | 5 | 6 | 7 | 8 |
---|---|---|---|---|---|---|---|---|---
 1 |   |   |   | 0 | 0 | 0 | 0 |   | 1 
---|---|---|---|---|---|---|---|---|---
 2 |   |   | 0 |   | X |   |   |   | 2 
---|---|---|---|---|---|---|---|---|---
 3 |   |   |   | 0 | 0 | 0 | 0 | 0 | 3 
---|---|---|---|---|---|---|---|---|---
 4 |   |   |   | X | X |   | 0 |   | 4 
---|---|---|---|---|---|---|---|---|---
 5 |   |   | X | X | 0 | 0 |   |   | 5 
---|---|---|---|---|---|---|---|---|---
 6 |   |   | X |   | 0 |   |   |   | 6 
---|---|---|---|---|---|---|---|---|---
 7 |   | X |   |   |   |   |   |   | 7 
---|---|---|---|---|---|---|---|---|---
 8 |   |   |   |   |   |   |   |   | 8 
---|---|---|---|---|---|---|---|---|---
   | 1 | 2 | 3 | 4 | 5 | 6 | 7 | 8 |

It took 0 seconds to make this move...


Black to move
BEEEOOOOEEEOEXEEEEEEOOOOOEEEXXEOEEEXXOOEEEEXEOEEEEXEEEEEEEEEEEEEE
(5,8) Depth reached: 4, Nodes searched: 630
   | 1 | 2 | 3 | 4 | 5 | 6 | 7 | 8 |
---|---|---|---|---|---|---|---|---|---
 1 |   |   |   | 0 | 0 | 0 | 0 |   | 1 
---|---|---|---|---|---|---|---|---|---
 2 |   |   | 0 |   | X |   |   |   | 2 
---|---|---|---|---|---|---|---|---|---
 3 |   |   |   | 0 | 0 | X | 0 | 0 | 3 
---|---|---|---|---|---|---|---|---|---
 4 |   |   |   | X | X |   | X |   | 4 
---|---|---|---|---|---|---|---|---|---
 5 |   |   | X | X | 0 | 0 |   | X | 5 
---|---|---|---|---|---|---|---|---|---
 6 |   |   | X |   | 0 |   |   |   | 6 
---|---|---|---|---|---|---|---|---|---
 7 |   | X |   |   |   |   |   |   | 7 
---|---|---|---|---|---|---|---|---|---
 8 |   |   |   |   |   |   |   |   | 8 
---|---|---|---|---|---|---|---|---|---
   | 1 | 2 | 3 | 4 | 5 | 6 | 7 | 8 |

It took 1 seconds to make this move...


White to move
WEEEOOOOEEEOEXEEEEEEOOXOOEEEXXEXEEEXXOOEXEEXEOEEEEXEEEEEEEEEEEEEE
(4,3)
   | 1 | 2 | 3 | 4 | 5 | 6 | 7 | 8 |
---|---|---|---|---|---|---|---|---|---
 1 |   |   |   | 0 | 0 | 0 | 0 |   | 1 
---|---|---|---|---|---|---|---|---|---
 2 |   |   | 0 |   | X |   |   |   | 2 
---|---|---|---|---|---|---|---|---|---
 3 |   |   |   | 0 | 0 | X | 0 | 0 | 3 
---|---|---|---|---|---|---|---|---|---
 4 |   |   | 0 | X | X |   | X |   | 4 
---|---|---|---|---|---|---|---|---|---
 5 |   |   | X | 0 | 0 | 0 |   | X | 5 
---|---|---|---|---|---|---|---|---|---
 6 |   |   | X |   | 0 |   |   |   | 6 
---|---|---|---|---|---|---|---|---|---
 7 |   | X |   |   |   |   |   |   | 7 
---|---|---|---|---|---|---|---|---|---
 8 |   |   |   |   |   |   |   |   | 8 
---|---|---|---|---|---|---|---|---|---
   | 1 | 2 | 3 | 4 | 5 | 6 | 7 | 8 |

It took 1 seconds to make this move...


Black to move
BEEEOOOOEEEOEXEEEEEEOOXOOEEOXXEXEEEXOOOEXEEXEOEEEEXEEEEEEEEEEEEEE
(6,6) Depth reached: 4, Nodes searched: 782
   | 1 | 2 | 3 | 4 | 5 | 6 | 7 | 8 |
---|---|---|---|---|---|---|---|---|---
 1 |   |   |   | 0 | 0 | 0 | 0 |   | 1 
---|---|---|---|---|---|---|---|---|---
 2 |   |   | 0 |   | X |   |   |   | 2 
---|---|---|---|---|---|---|---|---|---
 3 |   |   |   | 0 | 0 | X | 0 | 0 | 3 
---|---|---|---|---|---|---|---|---|---
 4 |   |   | 0 | X | X |   | X |   | 4 
---|---|---|---|---|---|---|---|---|---
 5 |   |   | X | 0 | X | 0 |   | X | 5 
---|---|---|---|---|---|---|---|---|---
 6 |   |   | X |   | 0 | X |   |   | 6 
---|---|---|---|---|---|---|---|---|---
 7 |   | X |   |   |   |   |   |   | 7 
---|---|---|---|---|---|---|---|---|---
 8 |   |   |   |   |   |   |   |   | 8 
---|---|---|---|---|---|---|---|---|---
   | 1 | 2 | 3 | 4 | 5 | 6 | 7 | 8 |

It took 0 seconds to make this move...


White to move
WEEEOOOOEEEOEXEEEEEEOOXOOEEOXXEXEEEXOXOEXEEXEOXEEEXEEEEEEEEEEEEEE
(5,7)
   | 1 | 2 | 3 | 4 | 5 | 6 | 7 | 8 |
---|---|---|---|---|---|---|---|---|---
 1 |   |   |   | 0 | 0 | 0 | 0 |   | 1 
---|---|---|---|---|---|---|---|---|---
 2 |   |   | 0 |   | X |   |   |   | 2 
---|---|---|---|---|---|---|---|---|---
 3 |   |   |   | 0 | 0 | X | 0 | 0 | 3 
---|---|---|---|---|---|---|---|---|---
 4 |   |   | 0 | X | X |   | 0 |   | 4 
---|---|---|---|---|---|---|---|---|---
 5 |   |   | X | 0 | X | 0 | 0 | X | 5 
---|---|---|---|---|---|---|---|---|---
 6 |   |   | X |   | 0 | X |   |   | 6 
---|---|---|---|---|---|---|---|---|---
 7 |   | X |   |   |   |   |   |   | 7 
---|---|---|---|---|---|---|---|---|---
 8 |   |   |   |   |   |   |   |   | 8 
---|---|---|---|---|---|---|---|---|---
   | 1 | 2 | 3 | 4 | 5 | 6 | 7 | 8 |

It took 1 seconds to make this move...


Black to move
BEEEOOOOEEEOEXEEEEEEOOXOOEEOXXEOEEEXOXOOXEEXEOXEEEXEEEEEEEEEEEEEE
(1,2) Depth reached: 4, Nodes searched: 165
   | 1 | 2 | 3 | 4 | 5 | 6 | 7 | 8 |
---|---|---|---|---|---|---|---|---|---
 1 |   | X |   | 0 | 0 | 0 | 0 |   | 1 
---|---|---|---|---|---|---|---|---|---
 2 |   |   | X |   | X |   |   |   | 2 
---|---|---|---|---|---|---|---|---|---
 3 |   |   |   | X | 0 | X | 0 | 0 | 3 
---|---|---|---|---|---|---|---|---|---
 4 |   |   | 0 | X | X |   | 0 |   | 4 
---|---|---|---|---|---|---|---|---|---
 5 |   |   | X | 0 | X | 0 | 0 | X | 5 
---|---|---|---|---|---|---|---|---|---
 6 |   |   | X |   | 0 | X |   |   | 6 
---|---|---|---|---|---|---|---|---|---
 7 |   | X |   |   |   |   |   |   | 7 
---|---|---|---|---|---|---|---|---|---
 8 |   |   |   |   |   |   |   |   | 8 
---|---|---|---|---|---|---|---|---|---
   | 1 | 2 | 3 | 4 | 5 | 6 | 7 | 8 |

It took 1 seconds to make this move...


White to move
WEXEOOOOEEEXEXEEEEEEXOXOOEEOXXEOEEEXOXOOXEEXEOXEEEXEEEEEEEEEEEEEE
(3,2)
   | 1 | 2 | 3 | 4 | 5 | 6 | 7 | 8 |
---|---|---|---|---|---|---|---|---|---
 1 |   | X |   | 0 | 0 | 0 | 0 |   | 1 
---|---|---|---|---|---|---|---|---|---
 2 |   |   | 0 |   | X |   |   |   | 2 
---|---|---|---|---|---|---|---|---|---
 3 |   | 0 |   | X | 0 | X | 0 | 0 | 3 
---|---|---|---|---|---|---|---|---|---
 4 |   |   | 0 | X | X |   | 0 |   | 4 
---|---|---|---|---|---|---|---|---|---
 5 |   |   | X | 0 | X | 0 | 0 | X | 5 
---|---|---|---|---|---|---|---|---|---
 6 |   |   | X |   | 0 | X |   |   | 6 
---|---|---|---|---|---|---|---|---|---
 7 |   | X |   |   |   |   |   |   | 7 
---|---|---|---|---|---|---|---|---|---
 8 |   |   |   |   |   |   |   |   | 8 
---|---|---|---|---|---|---|---|---|---
   | 1 | 2 | 3 | 4 | 5 | 6 | 7 | 8 |

It took 0 seconds to make this move...


Black to move
BEXEOOOOEEEOEXEEEEOEXOXOOEEOXXEOEEEXOXOOXEEXEOXEEEXEEEEEEEEEEEEEE
(6,4) Depth reached: 4, Nodes searched: 925
   | 1 | 2 | 3 | 4 | 5 | 6 | 7 | 8 |
---|---|---|---|---|---|---|---|---|---
 1 |   | X |   | 0 | 0 | 0 | 0 |   | 1 
---|---|---|---|---|---|---|---|---|---
 2 |   |   | 0 |   | X |   |   |   | 2 
---|---|---|---|---|---|---|---|---|---
 3 |   | 0 |   | X | 0 | X | 0 | 0 | 3 
---|---|---|---|---|---|---|---|---|---
 4 |   |   | 0 | X | X |   | 0 |   | 4 
---|---|---|---|---|---|---|---|---|---
 5 |   |   | X | X | X | 0 | 0 | X | 5 
---|---|---|---|---|---|---|---|---|---
 6 |   |   | X | X | X | X |   |   | 6 
---|---|---|---|---|---|---|---|---|---
 7 |   | X |   |   |   |   |   |   | 7 
---|---|---|---|---|---|---|---|---|---
 8 |   |   |   |   |   |   |   |   | 8 
---|---|---|---|---|---|---|---|---|---
   | 1 | 2 | 3 | 4 | 5 | 6 | 7 | 8 |

It took 1 seconds to make this move...


White to move
WEXEOOOOEEEOEXEEEEOEXOXOOEEOXXEOEEEXXXOOXEEXXXXEEEXEEEEEEEEEEEEEE
(7,6)
   | 1 | 2 | 3 | 4 | 5 | 6 | 7 | 8 |
---|---|---|---|---|---|---|---|---|---
 1 |   | X |   | 0 | 0 | 0 | 0 |   | 1 
---|---|---|---|---|---|---|---|---|---
 2 |   |   | 0 |   | X |   |   |   | 2 
---|---|---|---|---|---|---|---|---|---
 3 |   | 0 |   | X | 0 | X | 0 | 0 | 3 
---|---|---|---|---|---|---|---|---|---
 4 |   |   | 0 | X | X |   | 0 |   | 4 
---|---|---|---|---|---|---|---|---|---
 5 |   |   | X | 0 | X | 0 | 0 | X | 5 
---|---|---|---|---|---|---|---|---|---
 6 |   |   | X | X | 0 | 0 |   |   | 6 
---|---|---|---|---|---|---|---|---|---
 7 |   | X |   |   |   | 0 |   |   | 7 
---|---|---|---|---|---|---|---|---|---
 8 |   |   |   |   |   |   |   |   | 8 
---|---|---|---|---|---|---|---|---|---
   | 1 | 2 | 3 | 4 | 5 | 6 | 7 | 8 |

It took 0 seconds to make this move...


Black to move
BEXEOOOOEEEOEXEEEEOEXOXOOEEOXXEOEEEXOXOOXEEXXOOEEEXEEEOEEEEEEEEEE
(6,7) Depth reached: 4, Nodes searched: 565
   | 1 | 2 | 3 | 4 | 5 | 6 | 7 | 8 |
---|---|---|---|---|---|---|---|---|---
 1 |   | X |   | 0 | 0 | 0 | 0 |   | 1 
---|---|---|---|---|---|---|---|---|---
 2 |   |   | 0 |   | X |   |   |   | 2 
---|---|---|---|---|---|---|---|---|---
 3 |   | 0 |   | X | 0 | X | 0 | 0 | 3 
---|---|---|---|---|---|---|---|---|---
 4 |   |   | 0 | X | X |   | 0 |   | 4 
---|---|---|---|---|---|---|---|---|---
 5 |   |   | X | 0 | X | X | 0 | X | 5 
---|---|---|---|---|---|---|---|---|---
 6 |   |   | X | X | X | X | X |   | 6 
---|---|---|---|---|---|---|---|---|---
 7 |   | X |   |   |   | 0 |   |   | 7 
---|---|---|---|---|---|---|---|---|---
 8 |   |   |   |   |   |   |   |   | 8 
---|---|---|---|---|---|---|---|---|---
   | 1 | 2 | 3 | 4 | 5 | 6 | 7 | 8 |

It took 1 seconds to make this move...


White to move
WEXEOOOOEEEOEXEEEEOEXOXOOEEOXXEOEEEXOXXOXEEXXXXXEEXEEEOEEEEEEEEEE
(7,3)
   | 1 | 2 | 3 | 4 | 5 | 6 | 7 | 8 |
---|---|---|---|---|---|---|---|---|---
 1 |   | X |   | 0 | 0 | 0 | 0 |   | 1 
---|---|---|---|---|---|---|---|---|---
 2 |   |   | 0 |   | X |   |   |   | 2 
---|---|---|---|---|---|---|---|---|---
 3 |   | 0 |   | X | 0 | X | 0 | 0 | 3 
---|---|---|---|---|---|---|---|---|---
 4 |   |   | 0 | X | X |   | 0 |   | 4 
---|---|---|---|---|---|---|---|---|---
 5 |   |   | 0 | 0 | X | X | 0 | X | 5 
---|---|---|---|---|---|---|---|---|---
 6 |   |   | 0 | X | X | X | X |   | 6 
---|---|---|---|---|---|---|---|---|---
 7 |   | X | 0 |   |   | 0 |   |   | 7 
---|---|---|---|---|---|---|---|---|---
 8 |   |   |   |   |   |   |   |   | 8 
---|---|---|---|---|---|---|---|---|---
   | 1 | 2 | 3 | 4 | 5 | 6 | 7 | 8 |

It took 0 seconds to make this move...


Black to move
BEXEOOOOEEEOEXEEEEOEXOXOOEEOXXEOEEEOOXXOXEEOXXXXEEXOEEOEEEEEEEEEE
(4,8) Depth reached: 3, Nodes searched: 1516
   | 1 | 2 | 3 | 4 | 5 | 6 | 7 | 8 |
---|---|---|---|---|---|---|---|---|---
 1 |   | X |   | 0 | 0 | 0 | 0 |   | 1 
---|---|---|---|---|---|---|---|---|---
 2 |   |   | 0 |   | X |   |   |   | 2 
---|---|---|---|---|---|---|---|---|---
 3 |   | 0 |   | X | 0 | X | 0 | 0 | 3 
---|---|---|---|---|---|---|---|---|---
 4 |   |   | 0 | X | X |   | 0 | X | 4 
---|---|---|---|---|---|---|---|---|---
 5 |   |   | 0 | 0 | X | X | X | X | 5 
---|---|---|---|---|---|---|---|---|---
 6 |   |   | 0 | X | X | X | X |   | 6 
---|---|---|---|---|---|---|---|---|---
 7 |   | X | 0 |   |   | 0 |   |   | 7 
---|---|---|---|---|---|---|---|---|---
 8 |   |   |   |   |   |   |   |   | 8 
---|---|---|---|---|---|---|---|---|---
   | 1 | 2 | 3 | 4 | 5 | 6 | 7 | 8 |

It took 1 seconds to make this move...


White to move
WEXEOOOOEEEOEXEEEEOEXOXOOEEOXXEOXEEOOXXXXEEOXXXXEEXOEEOEEEEEEEEEE
(6,8)
   | 1 | 2 | 3 | 4 | 5 | 6 | 7 | 8 |
---|---|---|---|---|---|---|---|---|---
 1 |   | X |   | 0 | 0 | 0 | 0 |   | 1 
---|---|---|---|---|---|---|---|---|---
 2 |   |   | 0 |   | X |   |   |   | 2 
---|---|---|---|---|---|---|---|---|---
 3 |   | 0 |   | X | 0 | X | 0 | 0 | 3 
---|---|---|---|---|---|---|---|---|---
 4 |   |   | 0 | X | X |   | 0 | 0 | 4 
---|---|---|---|---|---|---|---|---|---
 5 |   |   | 0 | 0 | X | X | X | 0 | 5 
---|---|---|---|---|---|---|---|---|---
 6 |   |   | 0 | 0 | 0 | 0 | 0 | 0 | 6 
---|---|---|---|---|---|---|---|---|---
 7 |   | X | 0 |   |   | 0 |   |   | 7 
---|---|---|---|---|---|---|---|---|---
 8 |   |   |   |   |   |   |   |   | 8 
---|---|---|---|---|---|---|---|---|---
   | 1 | 2 | 3 | 4 | 5 | 6 | 7 | 8 |

It took 0 seconds to make this move...


Black to move
BEXEOOOOEEEOEXEEEEOEXOXOOEEOXXEOOEEOOXXXOEEOOOOOOEXOEEOEEEEEEEEEE
(8,6) Depth reached: 4, Nodes searched: 1177
   | 1 | 2 | 3 | 4 | 5 | 6 | 7 | 8 |
---|---|---|---|---|---|---|---|---|---
 1 |   | X |   | 0 | 0 | 0 | 0 |   | 1 
---|---|---|---|---|---|---|---|---|---
 2 |   |   | 0 |   | X |   |   |   | 2 
---|---|---|---|---|---|---|---|---|---
 3 |   | 0 |   | X | 0 | X | 0 | 0 | 3 
---|---|---|---|---|---|---|---|---|---
 4 |   |   | 0 | X | X |   | 0 | 0 | 4 
---|---|---|---|---|---|---|---|---|---
 5 |   |   | 0 | 0 | X | X | X | 0 | 5 
---|---|---|---|---|---|---|---|---|---
 6 |   |   | 0 | 0 | 0 | X | 0 | 0 | 6 
---|---|---|---|---|---|---|---|---|---
 7 |   | X | 0 |   |   | X |   |   | 7 
---|---|---|---|---|---|---|---|---|---
 8 |   |   |   |   |   | X |   |   | 8 
---|---|---|---|---|---|---|---|---|---
   | 1 | 2 | 3 | 4 | 5 | 6 | 7 | 8 |

It took 1 seconds to make this move...


White to move
WEXEOOOOEEEOEXEEEEOEXOXOOEEOXXEOOEEOOXXXOEEOOOXOOEXOEEXEEEEEEEXEE
(7,5)
   | 1 | 2 | 3 | 4 | 5 | 6 | 7 | 8 |
---|---|---|---|---|---|---|---|---|---
 1 |   | X |   | 0 | 0 | 0 | 0 |   | 1 
---|---|---|---|---|---|---|---|---|---
 2 |   |   | 0 |   | X |   |   |   | 2 
---|---|---|---|---|---|---|---|---|---
 3 |   | 0 |   | X | 0 | X | 0 | 0 | 3 
---|---|---|---|---|---|---|---|---|---
 4 |   |   | 0 | X | X |   | 0 | 0 | 4 
---|---|---|---|---|---|---|---|---|---
 5 |   |   | 0 | 0 | X | X | 0 | 0 | 5 
---|---|---|---|---|---|---|---|---|---
 6 |   |   | 0 | 0 | 0 | 0 | 0 | 0 | 6 
---|---|---|---|---|---|---|---|---|---
 7 |   | X | 0 |   | 0 | X |   |   | 7 
---|---|---|---|---|---|---|---|---|---
 8 |   |   |   |   |   | X |   |   | 8 
---|---|---|---|---|---|---|---|---|---
   | 1 | 2 | 3 | 4 | 5 | 6 | 7 | 8 |

It took 0 seconds to make this move...


Black to move
BEXEOOOOEEEOEXEEEEOEXOXOOEEOXXEOOEEOOXXOOEEOOOOOOEXOEOXEEEEEEEXEE
(2,1) Depth reached: 4, Nodes searched: 823
   | 1 | 2 | 3 | 4 | 5 | 6 | 7 | 8 |
---|---|---|---|---|---|---|---|---|---
 1 |   | X |   | 0 | 0 | 0 | 0 |   | 1 
---|---|---|---|---|---|---|---|---|---
 2 | X |   | 0 |   | X |   |   |   | 2 
---|---|---|---|---|---|---|---|---|---
 3 |   | X |   | X | 0 | X | 0 | 0 | 3 
---|---|---|---|---|---|---|---|---|---
 4 |   |   | X | X | X |   | 0 | 0 | 4 
---|---|---|---|---|---|---|---|---|---
 5 |   |   | 0 | X | X | X | 0 | 0 | 5 
---|---|---|---|---|---|---|---|---|---
 6 |   |   | 0 | 0 | X | 0 | 0 | 0 | 6 
---|---|---|---|---|---|---|---|---|---
 7 |   | X | 0 |   | 0 | X |   |   | 7 
---|---|---|---|---|---|---|---|---|---
 8 |   |   |   |   |   | X |   |   | 8 
---|---|---|---|---|---|---|---|---|---
   | 1 | 2 | 3 | 4 | 5 | 6 | 7 | 8 |

It took 0 seconds to make this move...


White to move
WEXEOOOOEXEOEXEEEEXEXOXOOEEXXXEOOEEOXXXOOEEOOXOOOEXOEOXEEEEEEEXEE
(5,2)
   | 1 | 2 | 3 | 4 | 5 | 6 | 7 | 8 |
---|---|---|---|---|---|---|---|---|---
 1 |   | X |   | 0 | 0 | 0 | 0 |   | 1 
---|---|---|---|---|---|---|---|---|---
 2 | X |   | 0 |   | 0 |   |   |   | 2 
---|---|---|---|---|---|---|---|---|---
 3 |   | X |   | 0 | 0 | X | 0 | 0 | 3 
---|---|---|---|---|---|---|---|---|---
 4 |   |   | 0 | X | X |   | 0 | 0 | 4 
---|---|---|---|---|---|---|---|---|---
 5 |   | 0 | 0 | X | X | X | 0 | 0 | 5 
---|---|---|---|---|---|---|---|---|---
 6 |   |   | 0 | 0 | X | 0 | 0 | 0 | 6 
---|---|---|---|---|---|---|---|---|---
 7 |   | X | 0 |   | 0 | X |   |   | 7 
---|---|---|---|---|---|---|---|---|---
 8 |   |   |   |   |   | X |   |   | 8 
---|---|---|---|---|---|---|---|---|---
   | 1 | 2 | 3 | 4 | 5 | 6 | 7 | 8 |

It took 1 seconds to make this move...


Black to move
BEXEOOOOEXEOEOEEEEXEOOXOOEEOXXEOOEOOXXXOOEEOOXOOOEXOEOXEEEEEEEXEE
(8,5) Depth reached: 3, Nodes searched: 1405
   | 1 | 2 | 3 | 4 | 5 | 6 | 7 | 8 |
---|---|---|---|---|---|---|---|---|---
 1 |   | X |   | 0 | 0 | 0 | 0 |   | 1 
---|---|---|---|---|---|---|---|---|---
 2 | X |   | 0 |   | 0 |   |   |   | 2 
---|---|---|---|---|---|---|---|---|---
 3 |   | X |   | 0 | 0 | X | 0 | 0 | 3 
---|---|---|---|---|---|---|---|---|---
 4 |   |   | 0 | X | X |   | 0 | 0 | 4 
---|---|---|---|---|---|---|---|---|---
 5 |   | 0 | 0 | X | X | X | 0 | 0 | 5 
---|---|---|---|---|---|---|---|---|---
 6 |   |   | 0 | 0 | X | 0 | 0 | 0 | 6 
---|---|---|---|---|---|---|---|---|---
 7 |   | X | 0 |   | X | X |   |   | 7 
---|---|---|---|---|---|---|---|---|---
 8 |   |   |   |   | X | X |   |   | 8 
---|---|---|---|---|---|---|---|---|---
   | 1 | 2 | 3 | 4 | 5 | 6 | 7 | 8 |

It took 0 seconds to make this move...


White to move
WEXEOOOOEXEOEOEEEEXEOOXOOEEOXXEOOEOOXXXOOEEOOXOOOEXOEXXEEEEEEXXEE
(4,1)
   | 1 | 2 | 3 | 4 | 5 | 6 | 7 | 8 |
---|---|---|---|---|---|---|---|---|---
 1 |   | X |   | 0 | 0 | 0 | 0 |   | 1 
---|---|---|---|---|---|---|---|---|---
 2 | X |   | 0 |   | 0 |   |   |   | 2 
---|---|---|---|---|---|---|---|---|---
 3 |   | 0 |   | 0 | 0 | X | 0 | 0 | 3 
---|---|---|---|---|---|---|---|---|---
 4 | 0 |   | 0 | X | X |   | 0 | 0 | 4 
---|---|---|---|---|---|---|---|---|---
 5 |   | 0 | 0 | X | X | X | 0 | 0 | 5 
---|---|---|---|---|---|---|---|---|---
 6 |   |   | 0 | 0 | X | 0 | 0 | 0 | 6 
---|---|---|---|---|---|---|---|---|---
 7 |   | X | 0 |   | X | X |   |   | 7 
---|---|---|---|---|---|---|---|---|---
 8 |   |   |   |   | X | X |   |   | 8 
---|---|---|---|---|---|---|---|---|---
   | 1 | 2 | 3 | 4 | 5 | 6 | 7 | 8 |

It took 1 seconds to make this move...


Black to move
BEXEOOOOEXEOEOEEEEOEOOXOOOEOXXEOOEOOXXXOOEEOOXOOOEXOEXXEEEEEEXXEE
(5,1) Depth reached: 4, Nodes searched: 840
   | 1 | 2 | 3 | 4 | 5 | 6 | 7 | 8 |
---|---|---|---|---|---|---|---|---|---
 1 |   | X |   | 0 | 0 | 0 | 0 |   | 1 
---|---|---|---|---|---|---|---|---|---
 2 | X |   | 0 |   | 0 |   |   |   | 2 
---|---|---|---|---|---|---|---|---|---
 3 |   | 0 |   | 0 | 0 | X | 0 | 0 | 3 
---|---|---|---|---|---|---|---|---|---
 4 | 0 |   | 0 | X | X |   | 0 | 0 | 4 
---|---|---|---|---|---|---|---|---|---
 5 | X | X | X | X | X | X | 0 | 0 | 5 
---|---|---|---|---|---|---|---|---|---
 6 |   |   | 0 | 0 | X | 0 | 0 | 0 | 6 
---|---|---|---|---|---|---|---|---|---
 7 |   | X | 0 |   | X | X |   |   | 7 
---|---|---|---|---|---|---|---|---|---
 8 |   |   |   |   | X | X |   |   | 8 
---|---|---|---|---|---|---|---|---|---
   | 1 | 2 | 3 | 4 | 5 | 6 | 7 | 8 |

It took 0 seconds to make this move...


White to move
WEXEOOOOEXEOEOEEEEOEOOXOOOEOXXEOOXXXXXXOOEEOOXOOOEXOEXXEEEEEEXXEE
(6,1)
   | 1 | 2 | 3 | 4 | 5 | 6 | 7 | 8 |
---|---|---|---|---|---|---|---|---|---
 1 |   | X |   | 0 | 0 | 0 | 0 |   | 1 
---|---|---|---|---|---|---|---|---|---
 2 | X |   | 0 |   | 0 |   |   |   | 2 
---|---|---|---|---|---|---|---|---|---
 3 |   | 0 |   | 0 | 0 | X | 0 | 0 | 3 
---|---|---|---|---|---|---|---|---|---
 4 | 0 |   | 0 | X | X |   | 0 | 0 | 4 
---|---|---|---|---|---|---|---|---|---
 5 | 0 | 0 | X | X | X | X | 0 | 0 | 5 
---|---|---|---|---|---|---|---|---|---
 6 | 0 |   | 0 | 0 | X | 0 | 0 | 0 | 6 
---|---|---|---|---|---|---|---|---|---
 7 |   | X | 0 |   | X | X |   |   | 7 
---|---|---|---|---|---|---|---|---|---
 8 |   |   |   |   | X | X |   |   | 8 
---|---|---|---|---|---|---|---|---|---
   | 1 | 2 | 3 | 4 | 5 | 6 | 7 | 8 |

It took 1 seconds to make this move...


Black to move
BEXEOOOOEXEOEOEEEEOEOOXOOOEOXXEOOOOXXXXOOOEOOXOOOEXOEXXEEEEEEXXEE
(8,3) Depth reached: 4, Nodes searched: 980
   | 1 | 2 | 3 | 4 | 5 | 6 | 7 | 8 |
---|---|---|---|---|---|---|---|---|---
 1 |   | X |   | 0 | 0 | 0 | 0 |   | 1 
---|---|---|---|---|---|---|---|---|---
 2 | X |   | 0 |   | 0 |   |   |   | 2 
---|---|---|---|---|---|---|---|---|---
 3 |   | 0 |   | 0 | 0 | X | 0 | 0 | 3 
---|---|---|---|---|---|---|---|---|---
 4 | 0 |   | 0 | X | X |   | 0 | 0 | 4 
---|---|---|---|---|---|---|---|---|---
 5 | 0 | 0 | X | X | X | X | 0 | 0 | 5 
---|---|---|---|---|---|---|---|---|---
 6 | 0 |   | X | 0 | X | 0 | 0 | 0 | 6 
---|---|---|---|---|---|---|---|---|---
 7 |   | X | X |   | X | X |   |   | 7 
---|---|---|---|---|---|---|---|---|---
 8 |   |   | X |   | X | X |   |   | 8 
---|---|---|---|---|---|---|---|---|---
   | 1 | 2 | 3 | 4 | 5 | 6 | 7 | 8 |

It took 0 seconds to make this move...


White to move
WEXEOOOOEXEOEOEEEEOEOOXOOOEOXXEOOOOXXXXOOOEXOXOOOEXXEXXEEEEXEXXEE
(8,2)
   | 1 | 2 | 3 | 4 | 5 | 6 | 7 | 8 |
---|---|---|---|---|---|---|---|---|---
 1 |   | X |   | 0 | 0 | 0 | 0 |   | 1 
---|---|---|---|---|---|---|---|---|---
 2 | X |   | 0 |   | 0 |   |   |   | 2 
---|---|---|---|---|---|---|---|---|---
 3 |   | 0 |   | 0 | 0 | X | 0 | 0 | 3 
---|---|---|---|---|---|---|---|---|---
 4 | 0 |   | 0 | X | X |   | 0 | 0 | 4 
---|---|---|---|---|---|---|---|---|---
 5 | 0 | 0 | X | X | X | X | 0 | 0 | 5 
---|---|---|---|---|---|---|---|---|---
 6 | 0 |   | X | 0 | X | 0 | 0 | 0 | 6 
---|---|---|---|---|---|---|---|---|---
 7 |   | X | 0 |   | X | X |   |   | 7 
---|---|---|---|---|---|---|---|---|---
 8 |   | 0 | X |   | X | X |   |   | 8 
---|---|---|---|---|---|---|---|---|---
   | 1 | 2 | 3 | 4 | 5 | 6 | 7 | 8 |

It took 0 seconds to make this move...


Black to move
BEXEOOOOEXEOEOEEEEOEOOXOOOEOXXEOOOOXXXXOOOEXOXOOOEXOEXXEEEOXEXXEE
(7,8) Depth reached: 4, Nodes searched: 1599
   | 1 | 2 | 3 | 4 | 5 | 6 | 7 | 8 |
---|---|---|---|---|---|---|---|---|---
 1 |   | X |   | 0 | 0 | 0 | 0 |   | 1 
---|---|---|---|---|---|---|---|---|---
 2 | X |   | 0 |   | 0 |   |   |   | 2 
---|---|---|---|---|---|---|---|---|---
 3 |   | 0 |   | 0 | 0 | X | 0 | 0 | 3 
---|---|---|---|---|---|---|---|---|---
 4 | 0 |   | 0 | X | X |   | 0 | 0 | 4 
---|---|---|---|---|---|---|---|---|---
 5 | 0 | 0 | X | X | X | X | 0 | 0 | 5 
---|---|---|---|---|---|---|---|---|---
 6 | 0 |   | X | 0 | X | 0 | X | 0 | 6 
---|---|---|---|---|---|---|---|---|---
 7 |   | X | 0 |   | X | X |   | X | 7 
---|---|---|---|---|---|---|---|---|---
 8 |   | 0 | X |   | X | X |   |   | 8 
---|---|---|---|---|---|---|---|---|---
   | 1 | 2 | 3 | 4 | 5 | 6 | 7 | 8 |

It took 0 seconds to make this move...


White to move
WEXEOOOOEXEOEOEEEEOEOOXOOOEOXXEOOOOXXXXOOOEXOXOXOEXOEXXEXEOXEXXEE
(8,8)
   | 1 | 2 | 3 | 4 | 5 | 6 | 7 | 8 |
---|---|---|---|---|---|---|---|---|---
 1 |   | X |   | 0 | 0 | 0 | 0 |   | 1 
---|---|---|---|---|---|---|---|---|---
 2 | X |   | 0 |   | 0 |   |   |   | 2 
---|---|---|---|---|---|---|---|---|---
 3 |   | 0 |   | 0 | 0 | X | 0 | 0 | 3 
---|---|---|---|---|---|---|---|---|---
 4 | 0 |   | 0 | X | X |   | 0 | 0 | 4 
---|---|---|---|---|---|---|---|---|---
 5 | 0 | 0 | X | X | X | X | 0 | 0 | 5 
---|---|---|---|---|---|---|---|---|---
 6 | 0 |   | X | 0 | X | 0 | X | 0 | 6 
---|---|---|---|---|---|---|---|---|---
 7 |   | X | 0 |   | X | X |   | 0 | 7 
---|---|---|---|---|---|---|---|---|---
 8 |   | 0 | X |   | X | X |   | 0 | 8 
---|---|---|---|---|---|---|---|---|---
   | 1 | 2 | 3 | 4 | 5 | 6 | 7 | 8 |

It took 0 seconds to make this move...


Black to move
BEXEOOOOEXEOEOEEEEOEOOXOOOEOXXEOOOOXXXXOOOEXOXOXOEXOEXXEOEOXEXXEO
(4,2) Depth reached: 5, Nodes searched: 248
   | 1 | 2 | 3 | 4 | 5 | 6 | 7 | 8 |
---|---|---|---|---|---|---|---|---|---
 1 |   | X |   | 0 | 0 | 0 | 0 |   | 1 
---|---|---|---|---|---|---|---|---|---
 2 | X |   | 0 |   | 0 |   |   |   | 2 
---|---|---|---|---|---|---|---|---|---
 3 |   | 0 |   | 0 | 0 | X | 0 | 0 | 3 
---|---|---|---|---|---|---|---|---|---
 4 | 0 | X | X | X | X |   | 0 | 0 | 4 
---|---|---|---|---|---|---|---|---|---
 5 | 0 | 0 | X | X | X | X | 0 | 0 | 5 
---|---|---|---|---|---|---|---|---|---
 6 | 0 |   | X | 0 | X | 0 | X | 0 | 6 
---|---|---|---|---|---|---|---|---|---
 7 |   | X | 0 |   | X | X |   | 0 | 7 
---|---|---|---|---|---|---|---|---|---
 8 |   | 0 | X |   | X | X |   | 0 | 8 
---|---|---|---|---|---|---|---|---|---
   | 1 | 2 | 3 | 4 | 5 | 6 | 7 | 8 |

It took 0 seconds to make this move...


White to move
WEXEOOOOEXEOEOEEEEOEOOXOOOXXXXEOOOOXXXXOOOEXOXOXOEXOEXXEOEOXEXXEO
(4,6)
   | 1 | 2 | 3 | 4 | 5 | 6 | 7 | 8 |
---|---|---|---|---|---|---|---|---|---
 1 |   | X |   | 0 | 0 | 0 | 0 |   | 1 
---|---|---|---|---|---|---|---|---|---
 2 | X |   | 0 |   | 0 |   |   |   | 2 
---|---|---|---|---|---|---|---|---|---
 3 |   | 0 |   | 0 | 0 | X | 0 | 0 | 3 
---|---|---|---|---|---|---|---|---|---
 4 | 0 | 0 | 0 | 0 | 0 | 0 | 0 | 0 | 4 
---|---|---|---|---|---|---|---|---|---
 5 | 0 | 0 | X | X | 0 | 0 | 0 | 0 | 5 
---|---|---|---|---|---|---|---|---|---
 6 | 0 |   | X | 0 | X | 0 | X | 0 | 6 
---|---|---|---|---|---|---|---|---|---
 7 |   | X | 0 |   | X | X |   | 0 | 7 
---|---|---|---|---|---|---|---|---|---
 8 |   | 0 | X |   | X | X |   | 0 | 8 
---|---|---|---|---|---|---|---|---|---
   | 1 | 2 | 3 | 4 | 5 | 6 | 7 | 8 |

It took 0 seconds to make this move...


Black to move
BEXEOOOOEXEOEOEEEEOEOOXOOOOOOOOOOOOXXOOOOOEXOXOXOEXOEXXEOEOXEXXEO
(8,1) Depth reached: 5, Nodes searched: 367
   | 1 | 2 | 3 | 4 | 5 | 6 | 7 | 8 |
---|---|---|---|---|---|---|---|---|---
 1 |   | X |   | 0 | 0 | 0 | 0 |   | 1 
---|---|---|---|---|---|---|---|---|---
 2 | X |   | 0 |   | 0 |   |   |   | 2 
---|---|---|---|---|---|---|---|---|---
 3 |   | 0 |   | 0 | 0 | X | 0 | 0 | 3 
---|---|---|---|---|---|---|---|---|---
 4 | 0 | 0 | 0 | 0 | 0 | 0 | 0 | 0 | 4 
---|---|---|---|---|---|---|---|---|---
 5 | 0 | 0 | X | X | 0 | 0 | 0 | 0 | 5 
---|---|---|---|---|---|---|---|---|---
 6 | 0 |   | X | 0 | X | 0 | X | 0 | 6 
---|---|---|---|---|---|---|---|---|---
 7 |   | X | 0 |   | X | X |   | 0 | 7 
---|---|---|---|---|---|---|---|---|---
 8 | X | X | X |   | X | X |   | 0 | 8 
---|---|---|---|---|---|---|---|---|---
   | 1 | 2 | 3 | 4 | 5 | 6 | 7 | 8 |

It took 0 seconds to make this move...


White to move
WEXEOOOOEXEOEOEEEEOEOOXOOOOOOOOOOOOXXOOOOOEXOXOXOEXOEXXEOXXXEXXEO
(8,4)
   | 1 | 2 | 3 | 4 | 5 | 6 | 7 | 8 |
---|---|---|---|---|---|---|---|---|---
 1 |   | X |   | 0 | 0 | 0 | 0 |   | 1 
---|---|---|---|---|---|---|---|---|---
 2 | X |   | 0 |   | 0 |   |   |   | 2 
---|---|---|---|---|---|---|---|---|---
 3 |   | 0 |   | 0 | 0 | X | 0 | 0 | 3 
---|---|---|---|---|---|---|---|---|---
 4 | 0 | 0 | 0 | 0 | 0 | 0 | 0 | 0 | 4 
---|---|---|---|---|---|---|---|---|---
 5 | 0 | 0 | X | X | 0 | 0 | 0 | 0 | 5 
---|---|---|---|---|---|---|---|---|---
 6 | 0 |   | X | 0 | X | 0 | X | 0 | 6 
---|---|---|---|---|---|---|---|---|---
 7 |   | X | 0 |   | 0 | X |   | 0 | 7 
---|---|---|---|---|---|---|---|---|---
 8 | X | X | X | 0 | X | X |   | 0 | 8 
---|---|---|---|---|---|---|---|---|---
   | 1 | 2 | 3 | 4 | 5 | 6 | 7 | 8 |

It took 0 seconds to make this move...


Black to move
BEXEOOOOEXEOEOEEEEOEOOXOOOOOOOOOOOOXXOOOOOEXOXOXOEXOEOXEOXXXOXXEO
(2,4) Depth reached: 5, Nodes searched: 2071
   | 1 | 2 | 3 | 4 | 5 | 6 | 7 | 8 |
---|---|---|---|---|---|---|---|---|---
 1 |   | X |   | 0 | 0 | 0 | 0 |   | 1 
---|---|---|---|---|---|---|---|---|---
 2 | X |   | 0 | X | 0 |   |   |   | 2 
---|---|---|---|---|---|---|---|---|---
 3 |   | 0 |   | X | 0 | X | 0 | 0 | 3 
---|---|---|---|---|---|---|---|---|---
 4 | 0 | 0 | 0 | X | 0 | 0 | 0 | 0 | 4 
---|---|---|---|---|---|---|---|---|---
 5 | 0 | 0 | X | X | 0 | 0 | 0 | 0 | 5 
---|---|---|---|---|---|---|---|---|---
 6 | 0 |   | X | 0 | X | 0 | X | 0 | 6 
---|---|---|---|---|---|---|---|---|---
 7 |   | X | 0 |   | 0 | X |   | 0 | 7 
---|---|---|---|---|---|---|---|---|---
 8 | X | X | X | 0 | X | X |   | 0 | 8 
---|---|---|---|---|---|---|---|---|---
   | 1 | 2 | 3 | 4 | 5 | 6 | 7 | 8 |

It took 0 seconds to make this move...


White to move
WEXEOOOOEXEOXOEEEEOEXOXOOOOOXOOOOOOXXOOOOOEXOXOXOEXOEOXEOXXXOXXEO
(8,7)
   | 1 | 2 | 3 | 4 | 5 | 6 | 7 | 8 |
---|---|---|---|---|---|---|---|---|---
 1 |   | X |   | 0 | 0 | 0 | 0 |   | 1 
---|---|---|---|---|---|---|---|---|---
 2 | X |   | 0 | X | 0 |   |   |   | 2 
---|---|---|---|---|---|---|---|---|---
 3 |   | 0 |   | X | 0 | X | 0 | 0 | 3 
---|---|---|---|---|---|---|---|---|---
 4 | 0 | 0 | 0 | X | 0 | 0 | 0 | 0 | 4 
---|---|---|---|---|---|---|---|---|---
 5 | 0 | 0 | X | 0 | 0 | 0 | 0 | 0 | 5 
---|---|---|---|---|---|---|---|---|---
 6 | 0 |   | X | 0 | 0 | 0 | X | 0 | 6 
---|---|---|---|---|---|---|---|---|---
 7 |   | X | 0 |   | 0 | 0 |   | 0 | 7 
---|---|---|---|---|---|---|---|---|---
 8 | X | X | X | 0 | 0 | 0 | 0 | 0 | 8 
---|---|---|---|---|---|---|---|---|---
   | 1 | 2 | 3 | 4 | 5 | 6 | 7 | 8 |

It took 1 seconds to make this move...


Black to move
BEXEOOOOEXEOXOEEEEOEXOXOOOOOXOOOOOOXOOOOOOEXOOOXOEXOEOOEOXXXOOOOO
(3,1) Depth reached: 5, Nodes searched: 2547
   | 1 | 2 | 3 | 4 | 5 | 6 | 7 | 8 |
---|---|---|---|---|---|---|---|---|---
 1 |   | X |   | 0 | 0 | 0 | 0 |   | 1 
---|---|---|---|---|---|---|---|---|---
 2 | X |   | 0 | X | 0 |   |   |   | 2 
---|---|---|---|---|---|---|---|---|---
 3 | X | 0 |   | X | 0 | X | 0 | 0 | 3 
---|---|---|---|---|---|---|---|---|---
 4 | 0 | X | 0 | X | 0 | 0 | 0 | 0 | 4 
---|---|---|---|---|---|---|---|---|---
 5 | 0 | 0 | X | 0 | 0 | 0 | 0 | 0 | 5 
---|---|---|---|---|---|---|---|---|---
 6 | 0 |   | X | 0 | 0 | 0 | X | 0 | 6 
---|---|---|---|---|---|---|---|---|---
 7 |   | X | 0 |   | 0 | 0 |   | 0 | 7 
---|---|---|---|---|---|---|---|---|---
 8 | X | X | X | 0 | 0 | 0 | 0 | 0 | 8 
---|---|---|---|---|---|---|---|---|---
   | 1 | 2 | 3 | 4 | 5 | 6 | 7 | 8 |

It took 0 seconds to make this move...


White to move
WEXEOOOOEXEOXOEEEXOEXOXOOOXOXOOOOOOXOOOOOOEXOOOXOEXOEOOEOXXXOOOOO
(1,1)
   | 1 | 2 | 3 | 4 | 5 | 6 | 7 | 8 |
---|---|---|---|---|---|---|---|---|---
 1 | 0 | X |   | 0 | 0 | 0 | 0 |   | 1 
---|---|---|---|---|---|---|---|---|---
 2 | 0 |   | 0 | X | 0 |   |   |   | 2 
---|---|---|---|---|---|---|---|---|---
 3 | 0 | 0 |   | X | 0 | X | 0 | 0 | 3 
---|---|---|---|---|---|---|---|---|---
 4 | 0 | X | 0 | X | 0 | 0 | 0 | 0 | 4 
---|---|---|---|---|---|---|---|---|---
 5 | 0 | 0 | X | 0 | 0 | 0 | 0 | 0 | 5 
---|---|---|---|---|---|---|---|---|---
 6 | 0 |   | X | 0 | 0 | 0 | X | 0 | 6 
---|---|---|---|---|---|---|---|---|---
 7 |   | X | 0 |   | 0 | 0 |   | 0 | 7 
---|---|---|---|---|---|---|---|---|---
 8 | X | X | X | 0 | 0 | 0 | 0 | 0 | 8 
---|---|---|---|---|---|---|---|---|---
   | 1 | 2 | 3 | 4 | 5 | 6 | 7 | 8 |

It took 1 seconds to make this move...


Black to move
BOXEOOOOEOEOXOEEEOOEXOXOOOXOXOOOOOOXOOOOOOEXOOOXOEXOEOOEOXXXOOOOO
(3,3) Depth reached: 6, Nodes searched: 2647
   | 1 | 2 | 3 | 4 | 5 | 6 | 7 | 8 |
---|---|---|---|---|---|---|---|---|---
 1 | 0 | X |   | 0 | 0 | 0 | 0 |   | 1 
---|---|---|---|---|---|---|---|---|---
 2 | 0 |   | 0 | X | 0 |   |   |   | 2 
---|---|---|---|---|---|---|---|---|---
 3 | 0 | 0 | X | X | 0 | X | 0 | 0 | 3 
---|---|---|---|---|---|---|---|---|---
 4 | 0 | X | X | X | 0 | 0 | 0 | 0 | 4 
---|---|---|---|---|---|---|---|---|---
 5 | 0 | 0 | X | 0 | 0 | 0 | 0 | 0 | 5 
---|---|---|---|---|---|---|---|---|---
 6 | 0 |   | X | 0 | 0 | 0 | X | 0 | 6 
---|---|---|---|---|---|---|---|---|---
 7 |   | X | 0 |   | 0 | 0 |   | 0 | 7 
---|---|---|---|---|---|---|---|---|---
 8 | X | X | X | 0 | 0 | 0 | 0 | 0 | 8 
---|---|---|---|---|---|---|---|---|---
   | 1 | 2 | 3 | 4 | 5 | 6 | 7 | 8 |

It took 0 seconds to make this move...


White to move
WOXEOOOOEOEOXOEEEOOXXOXOOOXXXOOOOOOXOOOOOOEXOOOXOEXOEOOEOXXXOOOOO
(1,3)
   | 1 | 2 | 3 | 4 | 5 | 6 | 7 | 8 |
---|---|---|---|---|---|---|---|---|---
 1 | 0 | 0 | 0 | 0 | 0 | 0 | 0 |   | 1 
---|---|---|---|---|---|---|---|---|---
 2 | 0 |   | 0 | 0 | 0 |   |   |   | 2 
---|---|---|---|---|---|---|---|---|---
 3 | 0 | 0 | X | X | 0 | X | 0 | 0 | 3 
---|---|---|---|---|---|---|---|---|---
 4 | 0 | X | X | X | 0 | 0 | 0 | 0 | 4 
---|---|---|---|---|---|---|---|---|---
 5 | 0 | 0 | X | 0 | 0 | 0 | 0 | 0 | 5 
---|---|---|---|---|---|---|---|---|---
 6 | 0 |   | X | 0 | 0 | 0 | X | 0 | 6 
---|---|---|---|---|---|---|---|---|---
 7 |   | X | 0 |   | 0 | 0 |   | 0 | 7 
---|---|---|---|---|---|---|---|---|---
 8 | X | X | X | 0 | 0 | 0 | 0 | 0 | 8 
---|---|---|---|---|---|---|---|---|---
   | 1 | 2 | 3 | 4 | 5 | 6 | 7 | 8 |

It took 0 seconds to make this move...


Black to move
BOOOOOOOEOEOOOEEEOOXXOXOOOXXXOOOOOOXOOOOOOEXOOOXOEXOEOOEOXXXOOOOO
(7,7) Depth reached: 7, Nodes searched: 1846
   | 1 | 2 | 3 | 4 | 5 | 6 | 7 | 8 |
---|---|---|---|---|---|---|---|---|---
 1 | 0 | 0 | 0 | 0 | 0 | 0 | 0 |   | 1 
---|---|---|---|---|---|---|---|---|---
 2 | 0 |   | 0 | 0 | 0 |   |   |   | 2 
---|---|---|---|---|---|---|---|---|---
 3 | 0 | 0 | X | X | 0 | X | 0 | 0 | 3 
---|---|---|---|---|---|---|---|---|---
 4 | 0 | X | X | X | 0 | 0 | 0 | 0 | 4 
---|---|---|---|---|---|---|---|---|---
 5 | 0 | 0 | X | 0 | X | 0 | 0 | 0 | 5 
---|---|---|---|---|---|---|---|---|---
 6 | 0 |   | X | 0 | 0 | X | X | 0 | 6 
---|---|---|---|---|---|---|---|---|---
 7 |   | X | 0 |   | 0 | 0 | X | 0 | 7 
---|---|---|---|---|---|---|---|---|---
 8 | X | X | X | 0 | 0 | 0 | 0 | 0 | 8 
---|---|---|---|---|---|---|---|---|---
   | 1 | 2 | 3 | 4 | 5 | 6 | 7 | 8 |

It took 0 seconds to make this move...


White to move
WOOOOOOOEOEOOOEEEOOXXOXOOOXXXOOOOOOXOXOOOOEXOOXXOEXOEOOXOXXXOOOOO
(2,2)
   | 1 | 2 | 3 | 4 | 5 | 6 | 7 | 8 |
---|---|---|---|---|---|---|---|---|---
 1 | 0 | 0 | 0 | 0 | 0 | 0 | 0 |   | 1 
---|---|---|---|---|---|---|---|---|---
 2 | 0 | 0 | 0 | 0 | 0 |   |   |   | 2 
---|---|---|---|---|---|---|---|---|---
 3 | 0 | 0 | 0 | X | 0 | X | 0 | 0 | 3 
---|---|---|---|---|---|---|---|---|---
 4 | 0 | X | X | 0 | 0 | 0 | 0 | 0 | 4 
---|---|---|---|---|---|---|---|---|---
 5 | 0 | 0 | X | 0 | 0 | 0 | 0 | 0 | 5 
---|---|---|---|---|---|---|---|---|---
 6 | 0 |   | X | 0 | 0 | 0 | X | 0 | 6 
---|---|---|---|---|---|---|---|---|---
 7 |   | X | 0 |   | 0 | 0 | 0 | 0 | 7 
---|---|---|---|---|---|---|---|---|---
 8 | X | X | X | 0 | 0 | 0 | 0 | 0 | 8 
---|---|---|---|---|---|---|---|---|---
   | 1 | 2 | 3 | 4 | 5 | 6 | 7 | 8 |

It took 0 seconds to make this move...


Black to move
BOOOOOOOEOOOOOEEEOOOXOXOOOXXOOOOOOOXOOOOOOEXOOOXOEXOEOOOOXXXOOOOO
(6,2) Depth reached: 15, Nodes searched: 1592
   | 1 | 2 | 3 | 4 | 5 | 6 | 7 | 8 |
---|---|---|---|---|---|---|---|---|---
 1 | 0 | 0 | 0 | 0 | 0 | 0 | 0 |   | 1 
---|---|---|---|---|---|---|---|---|---
 2 | 0 | 0 | 0 | 0 | 0 |   |   |   | 2 
---|---|---|---|---|---|---|---|---|---
 3 | 0 | 0 | 0 | X | 0 | X | 0 | 0 | 3 
---|---|---|---|---|---|---|---|---|---
 4 | 0 | X | X | 0 | 0 | 0 | 0 | 0 | 4 
---|---|---|---|---|---|---|---|---|---
 5 | 0 | X | X | 0 | 0 | 0 | 0 | 0 | 5 
---|---|---|---|---|---|---|---|---|---
 6 | 0 | X | X | 0 | 0 | 0 | X | 0 | 6 
---|---|---|---|---|---|---|---|---|---
 7 |   | X | 0 |   | 0 | 0 | 0 | 0 | 7 
---|---|---|---|---|---|---|---|---|---
 8 | X | X | X | 0 | 0 | 0 | 0 | 0 | 8 
---|---|---|---|---|---|---|---|---|---
   | 1 | 2 | 3 | 4 | 5 | 6 | 7 | 8 |

It took 0 seconds to make this move...


White to move
WOOOOOOOEOOOOOEEEOOOXOXOOOXXOOOOOOXXOOOOOOXXOOOXOEXOEOOOOXXXOOOOO
(7,4)
   | 1 | 2 | 3 | 4 | 5 | 6 | 7 | 8 |
---|---|---|---|---|---|---|---|---|---
 1 | 0 | 0 | 0 | 0 | 0 | 0 | 0 |   | 1 
---|---|---|---|---|---|---|---|---|---
 2 | 0 | 0 | 0 | 0 | 0 |   |   |   | 2 
---|---|---|---|---|---|---|---|---|---
 3 | 0 | 0 | 0 | X | 0 | X | 0 | 0 | 3 
---|---|---|---|---|---|---|---|---|---
 4 | 0 | X | X | 0 | 0 | 0 | 0 | 0 | 4 
---|---|---|---|---|---|---|---|---|---
 5 | 0 | 0 | X | 0 | 0 | 0 | 0 | 0 | 5 
---|---|---|---|---|---|---|---|---|---
 6 | 0 | X | 0 | 0 | 0 | 0 | X | 0 | 6 
---|---|---|---|---|---|---|---|---|---
 7 |   | X | 0 | 0 | 0 | 0 | 0 | 0 | 7 
---|---|---|---|---|---|---|---|---|---
 8 | X | X | X | 0 | 0 | 0 | 0 | 0 | 8 
---|---|---|---|---|---|---|---|---|---
   | 1 | 2 | 3 | 4 | 5 | 6 | 7 | 8 |

It took 0 seconds to make this move...


Black to move
BOOOOOOOEOOOOOEEEOOOXOXOOOXXOOOOOOOXOOOOOOXOOOOXOEXOOOOOOXXXOOOOO
(2,6) Depth reached: 38, Nodes searched: 625
   | 1 | 2 | 3 | 4 | 5 | 6 | 7 | 8 |
---|---|---|---|---|---|---|---|---|---
 1 | 0 | 0 | 0 | 0 | 0 | 0 | 0 |   | 1 
---|---|---|---|---|---|---|---|---|---
 2 | 0 | 0 | 0 | 0 | 0 | X |   |   | 2 
---|---|---|---|---|---|---|---|---|---
 3 | 0 | 0 | 0 | X | X | X | 0 | 0 | 3 
---|---|---|---|---|---|---|---|---|---
 4 | 0 | X | X | X | 0 | 0 | 0 | 0 | 4 
---|---|---|---|---|---|---|---|---|---
 5 | 0 | 0 | X | 0 | 0 | 0 | 0 | 0 | 5 
---|---|---|---|---|---|---|---|---|---
 6 | 0 | X | 0 | 0 | 0 | 0 | X | 0 | 6 
---|---|---|---|---|---|---|---|---|---
 7 |   | X | 0 | 0 | 0 | 0 | 0 | 0 | 7 
---|---|---|---|---|---|---|---|---|---
 8 | X | X | X | 0 | 0 | 0 | 0 | 0 | 8 
---|---|---|---|---|---|---|---|---|---
   | 1 | 2 | 3 | 4 | 5 | 6 | 7 | 8 |

It took 1 seconds to make this move...


White to move
WOOOOOOOEOOOOOXEEOOOXXXOOOXXXOOOOOOXOOOOOOXOOOOXOEXOOOOOOXXXOOOOO
(7,1)
   | 1 | 2 | 3 | 4 | 5 | 6 | 7 | 8 |
---|---|---|---|---|---|---|---|---|---
 1 | 0 | 0 | 0 | 0 | 0 | 0 | 0 |   | 1 
---|---|---|---|---|---|---|---|---|---
 2 | 0 | 0 | 0 | 0 | 0 | 0 |   |   | 2 
---|---|---|---|---|---|---|---|---|---
 3 | 0 | 0 | 0 | X | 0 | X | 0 | 0 | 3 
---|---|---|---|---|---|---|---|---|---
 4 | 0 | X | X | 0 | 0 | 0 | 0 | 0 | 4 
---|---|---|---|---|---|---|---|---|---
 5 | 0 | 0 | 0 | 0 | 0 | 0 | 0 | 0 | 5 
---|---|---|---|---|---|---|---|---|---
 6 | 0 | 0 | 0 | 0 | 0 | 0 | X | 0 | 6 
---|---|---|---|---|---|---|---|---|---
 7 | 0 | 0 | 0 | 0 | 0 | 0 | 0 | 0 | 7 
---|---|---|---|---|---|---|---|---|---
 8 | X | X | X | 0 | 0 | 0 | 0 | 0 | 8 
---|---|---|---|---|---|---|---|---|---
   | 1 | 2 | 3 | 4 | 5 | 6 | 7 | 8 |

It took 0 seconds to make this move...


Black to move
BOOOOOOOEOOOOOOEEOOOXOXOOOXXOOOOOOOOOOOOOOOOOOOXOOOOOOOOOXXXOOOOO
(2,8) Depth reached: 96, Nodes searched: 7
   | 1 | 2 | 3 | 4 | 5 | 6 | 7 | 8 |
---|---|---|---|---|---|---|---|---|---
 1 | 0 | 0 | 0 | 0 | 0 | 0 | 0 |   | 1 
---|---|---|---|---|---|---|---|---|---
 2 | 0 | 0 | 0 | 0 | 0 | 0 |   | X | 2 
---|---|---|---|---|---|---|---|---|---
 3 | 0 | 0 | 0 | X | 0 | X | X | 0 | 3 
---|---|---|---|---|---|---|---|---|---
 4 | 0 | X | X | 0 | 0 | X | 0 | 0 | 4 
---|---|---|---|---|---|---|---|---|---
 5 | 0 | 0 | 0 | 0 | X | 0 | 0 | 0 | 5 
---|---|---|---|---|---|---|---|---|---
 6 | 0 | 0 | 0 | X | 0 | 0 | X | 0 | 6 
---|---|---|---|---|---|---|---|---|---
 7 | 0 | 0 | X | 0 | 0 | 0 | 0 | 0 | 7 
---|---|---|---|---|---|---|---|---|---
 8 | X | X | X | 0 | 0 | 0 | 0 | 0 | 8 
---|---|---|---|---|---|---|---|---|---
   | 1 | 2 | 3 | 4 | 5 | 6 | 7 | 8 |

It took 1 seconds to make this move...


White to move
WOOOOOOOEOOOOOOEXOOOXOXXOOXXOOXOOOOOOXOOOOOOXOOXOOOXOOOOOXXXOOOOO
(1,8)
   | 1 | 2 | 3 | 4 | 5 | 6 | 7 | 8 |
---|---|---|---|---|---|---|---|---|---
 1 | 0 | 0 | 0 | 0 | 0 | 0 | 0 | 0 | 1 
---|---|---|---|---|---|---|---|---|---
 2 | 0 | 0 | 0 | 0 | 0 | 0 |   | 0 | 2 
---|---|---|---|---|---|---|---|---|---
 3 | 0 | 0 | 0 | X | 0 | X | X | 0 | 3 
---|---|---|---|---|---|---|---|---|---
 4 | 0 | X | X | 0 | 0 | X | 0 | 0 | 4 
---|---|---|---|---|---|---|---|---|---
 5 | 0 | 0 | 0 | 0 | X | 0 | 0 | 0 | 5 
---|---|---|---|---|---|---|---|---|---
 6 | 0 | 0 | 0 | X | 0 | 0 | X | 0 | 6 
---|---|---|---|---|---|---|---|---|---
 7 | 0 | 0 | X | 0 | 0 | 0 | 0 | 0 | 7 
---|---|---|---|---|---|---|---|---|---
 8 | X | X | X | 0 | 0 | 0 | 0 | 0 | 8 
---|---|---|---|---|---|---|---|---|---
   | 1 | 2 | 3 | 4 | 5 | 6 | 7 | 8 |

It took 0 seconds to make this move...


Black to move
BOOOOOOOOOOOOOOEOOOOXOXXOOXXOOXOOOOOOXOOOOOOXOOXOOOXOOOOOXXXOOOOO
pass
   | 1 | 2 | 3 | 4 | 5 | 6 | 7 | 8 |
---|---|---|---|---|---|---|---|---|---
 1 | 0 | 0 | 0 | 0 | 0 | 0 | 0 | 0 | 1 
---|---|---|---|---|---|---|---|---|---
 2 | 0 | 0 | 0 | 0 | 0 | 0 |   | 0 | 2 
---|---|---|---|---|---|---|---|---|---
 3 | 0 | 0 | 0 | X | 0 | X | X | 0 | 3 
---|---|---|---|---|---|---|---|---|---
 4 | 0 | X | X | 0 | 0 | X | 0 | 0 | 4 
---|---|---|---|---|---|---|---|---|---
 5 | 0 | 0 | 0 | 0 | X | 0 | 0 | 0 | 5 
---|---|---|---|---|---|---|---|---|---
 6 | 0 | 0 | 0 | X | 0 | 0 | X | 0 | 6 
---|---|---|---|---|---|---|---|---|---
 7 | 0 | 0 | X | 0 | 0 | 0 | 0 | 0 | 7 
---|---|---|---|---|---|---|---|---|---
 8 | X | X | X | 0 | 0 | 0 | 0 | 0 | 8 
---|---|---|---|---|---|---|---|---|---
   | 1 | 2 | 3 | 4 | 5 | 6 | 7 | 8 |

It took 1 seconds to make this move...


White to move
WOOOOOOOOOOOOOOEOOOOXOXXOOXXOOXOOOOOOXOOOOOOXOOXOOOXOOOOOXXXOOOOO
(2,7)
   | 1 | 2 | 3 | 4 | 5 | 6 | 7 | 8 |
---|---|---|---|---|---|---|---|---|---
 1 | 0 | 0 | 0 | 0 | 0 | 0 | 0 | 0 | 1 
---|---|---|---|---|---|---|---|---|---
 2 | 0 | 0 | 0 | 0 | 0 | 0 | 0 | 0 | 2 
---|---|---|---|---|---|---|---|---|---
 3 | 0 | 0 | 0 | X | 0 | 0 | 0 | 0 | 3 
---|---|---|---|---|---|---|---|---|---
 4 | 0 | X | X | 0 | 0 | X | 0 | 0 | 4 
---|---|---|---|---|---|---|---|---|---
 5 | 0 | 0 | 0 | 0 | X | 0 | 0 | 0 | 5 
---|---|---|---|---|---|---|---|---|---
 6 | 0 | 0 | 0 | X | 0 | 0 | X | 0 | 6 
---|---|---|---|---|---|---|---|---|---
 7 | 0 | 0 | X | 0 | 0 | 0 | 0 | 0 | 7 
---|---|---|---|---|---|---|---|---|---
 8 | X | X | X | 0 | 0 | 0 | 0 | 0 | 8 
---|---|---|---|---|---|---|---|---|---
   | 1 | 2 | 3 | 4 | 5 | 6 | 7 | 8 |

It took 0 seconds to make this move...


Black to move
BOOOOOOOOOOOOOOOOOOOXOOOOOXXOOXOOOOOOXOOOOOOXOOXOOOXOOOOOXXXOOOOO
pass
   | 1 | 2 | 3 | 4 | 5 | 6 | 7 | 8 |
---|---|---|---|---|---|---|---|---|---
 1 | 0 | 0 | 0 | 0 | 0 | 0 | 0 | 0 | 1 
---|---|---|---|---|---|---|---|---|---
 2 | 0 | 0 | 0 | 0 | 0 | 0 | 0 | 0 | 2 
---|---|---|---|---|---|---|---|---|---
 3 | 0 | 0 | 0 | X | 0 | 0 | 0 | 0 | 3 
---|---|---|---|---|---|---|---|---|---
 4 | 0 | X | X | 0 | 0 | X | 0 | 0 | 4 
---|---|---|---|---|---|---|---|---|---
 5 | 0 | 0 | 0 | 0 | X | 0 | 0 | 0 | 5 
---|---|---|---|---|---|---|---|---|---
 6 | 0 | 0 | 0 | X | 0 | 0 | X | 0 | 6 
---|---|---|---|---|---|---|---|---|---
 7 | 0 | 0 | X | 0 | 0 | 0 | 0 | 0 | 7 
---|---|---|---|---|---|---|---|---|---
 8 | X | X | X | 0 | 0 | 0 | 0 | 0 | 8 
---|---|---|---|---|---|---|---|---|---
   | 1 | 2 | 3 | 4 | 5 | 6 | 7 | 8 |

It took 1 seconds to make this move...


White to move
WOOOOOOOOOOOOOOOOOOOXOOOOOXXOOXOOOOOOXOOOOOOXOOXOOOXOOOOOXXXOOOOO
pass
   | 1 | 2 | 3 | 4 | 5 | 6 | 7 | 8 |
---|---|---|---|---|---|---|---|---|---
 1 | 0 | 0 | 0 | 0 | 0 | 0 | 0 | 0 | 1 
---|---|---|---|---|---|---|---|---|---
 2 | 0 | 0 | 0 | 0 | 0 | 0 | 0 | 0 | 2 
---|---|---|---|---|---|---|---|---|---
 3 | 0 | 0 | 0 | X | 0 | 0 | 0 | 0 | 3 
---|---|---|---|---|---|---|---|---|---
 4 | 0 | X | X | 0 | 0 | X | 0 | 0 | 4 
---|---|---|---|---|---|---|---|---|---
 5 | 0 | 0 | 0 | 0 | X | 0 | 0 | 0 | 5 
---|---|---|---|---|---|---|---|---|---
 6 | 0 | 0 | 0 | X | 0 | 0 | X | 0 | 6 
---|---|---|---|---|---|---|---|---|---
 7 | 0 | 0 | X | 0 | 0 | 0 | 0 | 0 | 7 
---|---|---|---|---|---|---|---|---|---
 8 | X | X | X | 0 | 0 | 0 | 0 | 0 | 8 
---|---|---|---|---|---|---|---|---|---
   | 1 | 2 | 3 | 4 | 5 | 6 | 7 | 8 |

It took 0 seconds to make this move...
***************************************
Results for ./othello_naive.sh vs. ../Python/othello.sh:
White won with 42 points
Average time for white: 0.2 s (max: 1 s)
Average time for black: 0.5 s (max: 1 s)
***************************************
