   | 1 | 2 | 3 | 4 | 5 | 6 | 7 | 8 |
---|---|---|---|---|---|---|---|---|---
 1 |   |   |   |   |   |   |   |   | 1 
---|---|---|---|---|---|---|---|---|---
 2 |   |   |   |   |   |   |   |   | 2 
---|---|---|---|---|---|---|---|---|---
 3 |   |   |   |   |   |   |   |   | 3 
---|---|---|---|---|---|---|---|---|---
 4 |   |   |   | 0 | X |   |   |   | 4 
---|---|---|---|---|---|---|---|---|---
 5 |   |   |   | X | 0 |   |   |   | 5 
---|---|---|---|---|---|---|---|---|---
 6 |   |   |   |   |   |   |   |   | 6 
---|---|---|---|---|---|---|---|---|---
 7 |   |   |   |   |   |   |   |   | 7 
---|---|---|---|---|---|---|---|---|---
 8 |   |   |   |   |   |   |   |   | 8 
---|---|---|---|---|---|---|---|---|---
   | 1 | 2 | 3 | 4 | 5 | 6 | 7 | 8 |



White to move
WEEEEEEEEEEEEEEEEEEEEEEEEEEEOXEEEEEEXOEEEEEEEEEEEEEEEEEEEEEEEEEEE
(3,5) Depth reached: 5, Nodes searched: 1061
   | 1 | 2 | 3 | 4 | 5 | 6 | 7 | 8 |
---|---|---|---|---|---|---|---|---|---
 1 |   |   |   |   |   |   |   |   | 1 
---|---|---|---|---|---|---|---|---|---
 2 |   |   |   |   |   |   |   |   | 2 
---|---|---|---|---|---|---|---|---|---
 3 |   |   |   |   | 0 |   |   |   | 3 
---|---|---|---|---|---|---|---|---|---
 4 |   |   |   | 0 | 0 |   |   |   | 4 
---|---|---|---|---|---|---|---|---|---
 5 |   |   |   | X | 0 |   |   |   | 5 
---|---|---|---|---|---|---|---|---|---
 6 |   |   |   |   |   |   |   |   | 6 
---|---|---|---|---|---|---|---|---|---
 7 |   |   |   |   |   |   |   |   | 7 
---|---|---|---|---|---|---|---|---|---
 8 |   |   |   |   |   |   |   |   | 8 
---|---|---|---|---|---|---|---|---|---
   | 1 | 2 | 3 | 4 | 5 | 6 | 7 | 8 |

It took 0 seconds to make this move...


Black to move
BEEEEEEEEEEEEEEEEEEEEOEEEEEEOOEEEEEEXOEEEEEEEEEEEEEEEEEEEEEEEEEEE
(3,4)
   | 1 | 2 | 3 | 4 | 5 | 6 | 7 | 8 |
---|---|---|---|---|---|---|---|---|---
 1 |   |   |   |   |   |   |   |   | 1 
---|---|---|---|---|---|---|---|---|---
 2 |   |   |   |   |   |   |   |   | 2 
---|---|---|---|---|---|---|---|---|---
 3 |   |   |   | X | 0 |   |   |   | 3 
---|---|---|---|---|---|---|---|---|---
 4 |   |   |   | X | 0 |   |   |   | 4 
---|---|---|---|---|---|---|---|---|---
 5 |   |   |   | X | 0 |   |   |   | 5 
---|---|---|---|---|---|---|---|---|---
 6 |   |   |   |   |   |   |   |   | 6 
---|---|---|---|---|---|---|---|---|---
 7 |   |   |   |   |   |   |   |   | 7 
---|---|---|---|---|---|---|---|---|---
 8 |   |   |   |   |   |   |   |   | 8 
---|---|---|---|---|---|---|---|---|---
   | 1 | 2 | 3 | 4 | 5 | 6 | 7 | 8 |

It took 0 seconds to make this move...


White to move
WEEEEEEEEEEEEEEEEEEEXOEEEEEEXOEEEEEEXOEEEEEEEEEEEEEEEEEEEEEEEEEEE
(4,3) Depth reached: 5, Nodes searched: 912
   | 1 | 2 | 3 | 4 | 5 | 6 | 7 | 8 |
---|---|---|---|---|---|---|---|---|---
 1 |   |   |   |   |   |   |   |   | 1 
---|---|---|---|---|---|---|---|---|---
 2 |   |   |   |   |   |   |   |   | 2 
---|---|---|---|---|---|---|---|---|---
 3 |   |   |   | X | 0 |   |   |   | 3 
---|---|---|---|---|---|---|---|---|---
 4 |   |   | 0 | 0 | 0 |   |   |   | 4 
---|---|---|---|---|---|---|---|---|---
 5 |   |   |   | X | 0 |   |   |   | 5 
---|---|---|---|---|---|---|---|---|---
 6 |   |   |   |   |   |   |   |   | 6 
---|---|---|---|---|---|---|---|---|---
 7 |   |   |   |   |   |   |   |   | 7 
---|---|---|---|---|---|---|---|---|---
 8 |   |   |   |   |   |   |   |   | 8 
---|---|---|---|---|---|---|---|---|---
   | 1 | 2 | 3 | 4 | 5 | 6 | 7 | 8 |

It took 0 seconds to make this move...


Black to move
BEEEEEEEEEEEEEEEEEEEXOEEEEEOOOEEEEEEXOEEEEEEEEEEEEEEEEEEEEEEEEEEE
(3,2)
   | 1 | 2 | 3 | 4 | 5 | 6 | 7 | 8 |
---|---|---|---|---|---|---|---|---|---
 1 |   |   |   |   |   |   |   |   | 1 
---|---|---|---|---|---|---|---|---|---
 2 |   |   |   |   |   |   |   |   | 2 
---|---|---|---|---|---|---|---|---|---
 3 |   | X |   | X | 0 |   |   |   | 3 
---|---|---|---|---|---|---|---|---|---
 4 |   |   | X | 0 | 0 |   |   |   | 4 
---|---|---|---|---|---|---|---|---|---
 5 |   |   |   | X | 0 |   |   |   | 5 
---|---|---|---|---|---|---|---|---|---
 6 |   |   |   |   |   |   |   |   | 6 
---|---|---|---|---|---|---|---|---|---
 7 |   |   |   |   |   |   |   |   | 7 
---|---|---|---|---|---|---|---|---|---
 8 |   |   |   |   |   |   |   |   | 8 
---|---|---|---|---|---|---|---|---|---
   | 1 | 2 | 3 | 4 | 5 | 6 | 7 | 8 |

It took 0 seconds to make this move...


White to move
WEEEEEEEEEEEEEEEEEXEXOEEEEEXOOEEEEEEXOEEEEEEEEEEEEEEEEEEEEEEEEEEE
(6,3) Depth reached: 4, Nodes searched: 1117
   | 1 | 2 | 3 | 4 | 5 | 6 | 7 | 8 |
---|---|---|---|---|---|---|---|---|---
 1 |   |   |   |   |   |   |   |   | 1 
---|---|---|---|---|---|---|---|---|---
 2 |   |   |   |   |   |   |   |   | 2 
---|---|---|---|---|---|---|---|---|---
 3 |   | X |   | X | 0 |   |   |   | 3 
---|---|---|---|---|---|---|---|---|---
 4 |   |   | X | 0 | 0 |   |   |   | 4 
---|---|---|---|---|---|---|---|---|---
 5 |   |   |   | 0 | 0 |   |   |   | 5 
---|---|---|---|---|---|---|---|---|---
 6 |   |   | 0 |   |   |   |   |   | 6 
---|---|---|---|---|---|---|---|---|---
 7 |   |   |   |   |   |   |   |   | 7 
---|---|---|---|---|---|---|---|---|---
 8 |   |   |   |   |   |   |   |   | 8 
---|---|---|---|---|---|---|---|---|---
   | 1 | 2 | 3 | 4 | 5 | 6 | 7 | 8 |

It took 1 seconds to make this move...


Black to move
BEEEEEEEEEEEEEEEEEXEXOEEEEEXOOEEEEEEOOEEEEEOEEEEEEEEEEEEEEEEEEEEE
(3,6)
   | 1 | 2 | 3 | 4 | 5 | 6 | 7 | 8 |
---|---|---|---|---|---|---|---|---|---
 1 |   |   |   |   |   |   |   |   | 1 
---|---|---|---|---|---|---|---|---|---
 2 |   |   |   |   |   |   |   |   | 2 
---|---|---|---|---|---|---|---|---|---
 3 |   | X |   | X | X | X |   |   | 3 
---|---|---|---|---|---|---|---|---|---
 4 |   |   | X | 0 | 0 |   |   |   | 4 
---|---|---|---|---|---|---|---|---|---
 5 |   |   |   | 0 | 0 |   |   |   | 5 
---|---|---|---|---|---|---|---|---|---
 6 |   |   | 0 |   |   |   |   |   | 6 
---|---|---|---|---|---|---|---|---|---
 7 |   |   |   |   |   |   |   |   | 7 
---|---|---|---|---|---|---|---|---|---
 8 |   |   |   |   |   |   |   |   | 8 
---|---|---|---|---|---|---|---|---|---
   | 1 | 2 | 3 | 4 | 5 | 6 | 7 | 8 |

It took 0 seconds to make this move...


White to move
WEEEEEEEEEEEEEEEEEXEXXXEEEEXOOEEEEEEOOEEEEEOEEEEEEEEEEEEEEEEEEEEE
(2,1) Depth reached: 4, Nodes searched: 1045
   | 1 | 2 | 3 | 4 | 5 | 6 | 7 | 8 |
---|---|---|---|---|---|---|---|---|---
 1 |   |   |   |   |   |   |   |   | 1 
---|---|---|---|---|---|---|---|---|---
 2 | 0 |   |   |   |   |   |   |   | 2 
---|---|---|---|---|---|---|---|---|---
 3 |   | 0 |   | X | X | X |   |   | 3 
---|---|---|---|---|---|---|---|---|---
 4 |   |   | 0 | 0 | 0 |   |   |   | 4 
---|---|---|---|---|---|---|---|---|---
 5 |   |   |   | 0 | 0 |   |   |   | 5 
---|---|---|---|---|---|---|---|---|---
 6 |   |   | 0 |   |   |   |   |   | 6 
---|---|---|---|---|---|---|---|---|---
 7 |   |   |   |   |   |   |   |   | 7 
---|---|---|---|---|---|---|---|---|---
 8 |   |   |   |   |   |   |   |   | 8 
---|---|---|---|---|---|---|---|---|---
   | 1 | 2 | 3 | 4 | 5 | 6 | 7 | 8 |

It took 1 seconds to make this move...


Black to move
BEEEEEEEEOEEEEEEEEOEXXXEEEEOOOEEEEEEOOEEEEEOEEEEEEEEEEEEEEEEEEEEE
(5,2)
   | 1 | 2 | 3 | 4 | 5 | 6 | 7 | 8 |
---|---|---|---|---|---|---|---|---|---
 1 |   |   |   |   |   |   |   |   | 1 
---|---|---|---|---|---|---|---|---|---
 2 | 0 |   |   |   |   |   |   |   | 2 
---|---|---|---|---|---|---|---|---|---
 3 |   | 0 |   | X | X | X |   |   | 3 
---|---|---|---|---|---|---|---|---|---
 4 |   |   | X | 0 | 0 |   |   |   | 4 
---|---|---|---|---|---|---|---|---|---
 5 |   | X |   | 0 | 0 |   |   |   | 5 
---|---|---|---|---|---|---|---|---|---
 6 |   |   | 0 |   |   |   |   |   | 6 
---|---|---|---|---|---|---|---|---|---
 7 |   |   |   |   |   |   |   |   | 7 
---|---|---|---|---|---|---|---|---|---
 8 |   |   |   |   |   |   |   |   | 8 
---|---|---|---|---|---|---|---|---|---
   | 1 | 2 | 3 | 4 | 5 | 6 | 7 | 8 |

It took 1 seconds to make this move...


White to move
WEEEEEEEEOEEEEEEEEOEXXXEEEEXOOEEEEXEOOEEEEEOEEEEEEEEEEEEEEEEEEEEE
(4,1) Depth reached: 5, Nodes searched: 21
   | 1 | 2 | 3 | 4 | 5 | 6 | 7 | 8 |
---|---|---|---|---|---|---|---|---|---
 1 |   |   |   |   |   |   |   |   | 1 
---|---|---|---|---|---|---|---|---|---
 2 | 0 |   |   |   |   |   |   |   | 2 
---|---|---|---|---|---|---|---|---|---
 3 |   | 0 |   | X | X | X |   |   | 3 
---|---|---|---|---|---|---|---|---|---
 4 | 0 |   | X | 0 | 0 |   |   |   | 4 
---|---|---|---|---|---|---|---|---|---
 5 |   | 0 |   | 0 | 0 |   |   |   | 5 
---|---|---|---|---|---|---|---|---|---
 6 |   |   | 0 |   |   |   |   |   | 6 
---|---|---|---|---|---|---|---|---|---
 7 |   |   |   |   |   |   |   |   | 7 
---|---|---|---|---|---|---|---|---|---
 8 |   |   |   |   |   |   |   |   | 8 
---|---|---|---|---|---|---|---|---|---
   | 1 | 2 | 3 | 4 | 5 | 6 | 7 | 8 |

It took 0 seconds to make this move...


Black to move
BEEEEEEEEOEEEEEEEEOEXXXEEOEXOOEEEEOEOOEEEEEOEEEEEEEEEEEEEEEEEEEEE
(6,1)
   | 1 | 2 | 3 | 4 | 5 | 6 | 7 | 8 |
---|---|---|---|---|---|---|---|---|---
 1 |   |   |   |   |   |   |   |   | 1 
---|---|---|---|---|---|---|---|---|---
 2 | 0 |   |   |   |   |   |   |   | 2 
---|---|---|---|---|---|---|---|---|---
 3 |   | 0 |   | X | X | X |   |   | 3 
---|---|---|---|---|---|---|---|---|---
 4 | 0 |   | X | 0 | 0 |   |   |   | 4 
---|---|---|---|---|---|---|---|---|---
 5 |   | X |   | 0 | 0 |   |   |   | 5 
---|---|---|---|---|---|---|---|---|---
 6 | X |   | 0 |   |   |   |   |   | 6 
---|---|---|---|---|---|---|---|---|---
 7 |   |   |   |   |   |   |   |   | 7 
---|---|---|---|---|---|---|---|---|---
 8 |   |   |   |   |   |   |   |   | 8 
---|---|---|---|---|---|---|---|---|---
   | 1 | 2 | 3 | 4 | 5 | 6 | 7 | 8 |

It took 1 seconds to make this move...


White to move
WEEEEEEEEOEEEEEEEEOEXXXEEOEXOOEEEEXEOOEEEXEOEEEEEEEEEEEEEEEEEEEEE
(2,3) Depth reached: 5, Nodes searched: 649
   | 1 | 2 | 3 | 4 | 5 | 6 | 7 | 8 |
---|---|---|---|---|---|---|---|---|---
 1 |   |   |   |   |   |   |   |   | 1 
---|---|---|---|---|---|---|---|---|---
 2 | 0 |   | 0 |   |   |   |   |   | 2 
---|---|---|---|---|---|---|---|---|---
 3 |   | 0 |   | 0 | X | X |   |   | 3 
---|---|---|---|---|---|---|---|---|---
 4 | 0 |   | X | 0 | 0 |   |   |   | 4 
---|---|---|---|---|---|---|---|---|---
 5 |   | X |   | 0 | 0 |   |   |   | 5 
---|---|---|---|---|---|---|---|---|---
 6 | X |   | 0 |   |   |   |   |   | 6 
---|---|---|---|---|---|---|---|---|---
 7 |   |   |   |   |   |   |   |   | 7 
---|---|---|---|---|---|---|---|---|---
 8 |   |   |   |   |   |   |   |   | 8 
---|---|---|---|---|---|---|---|---|---
   | 1 | 2 | 3 | 4 | 5 | 6 | 7 | 8 |

It took 0 seconds to make this move...


Black to move
BEEEEEEEEOEOEEEEEEOEOXXEEOEXOOEEEEXEOOEEEXEOEEEEEEEEEEEEEEEEEEEEE
(3,3)
   | 1 | 2 | 3 | 4 | 5 | 6 | 7 | 8 |
---|---|---|---|---|---|---|---|---|---
 1 |   |   |   |   |   |   |   |   | 1 
---|---|---|---|---|---|---|---|---|---
 2 | 0 |   | 0 |   |   |   |   |   | 2 
---|---|---|---|---|---|---|---|---|---
 3 |   | 0 | X | X | X | X |   |   | 3 
---|---|---|---|---|---|---|---|---|---
 4 | 0 |   | X | 0 | 0 |   |   |   | 4 
---|---|---|---|---|---|---|---|---|---
 5 |   | X |   | 0 | 0 |   |   |   | 5 
---|---|---|---|---|---|---|---|---|---
 6 | X |   | 0 |   |   |   |   |   | 6 
---|---|---|---|---|---|---|---|---|---
 7 |   |   |   |   |   |   |   |   | 7 
---|---|---|---|---|---|---|---|---|---
 8 |   |   |   |   |   |   |   |   | 8 
---|---|---|---|---|---|---|---|---|---
   | 1 | 2 | 3 | 4 | 5 | 6 | 7 | 8 |

It took 1 seconds to make this move...


White to move
WEEEEEEEEOEOEEEEEEOXXXXEEOEXOOEEEEXEOOEEEXEOEEEEEEEEEEEEEEEEEEEEE
(3,7) Depth reached: 4, Nodes searched: 1597
   | 1 | 2 | 3 | 4 | 5 | 6 | 7 | 8 |
---|---|---|---|---|---|---|---|---|---
 1 |   |   |   |   |   |   |   |   | 1 
---|---|---|---|---|---|---|---|---|---
 2 | 0 |   | 0 |   |   |   |   |   | 2 
---|---|---|---|---|---|---|---|---|---
 3 |   | 0 | 0 | 0 | 0 | 0 | 0 |   | 3 
---|---|---|---|---|---|---|---|---|---
 4 | 0 |   | X | 0 | 0 |   |   |   | 4 
---|---|---|---|---|---|---|---|---|---
 5 |   | X |   | 0 | 0 |   |   |   | 5 
---|---|---|---|---|---|---|---|---|---
 6 | X |   | 0 |   |   |   |   |   | 6 
---|---|---|---|---|---|---|---|---|---
 7 |   |   |   |   |   |   |   |   | 7 
---|---|---|---|---|---|---|---|---|---
 8 |   |   |   |   |   |   |   |   | 8 
---|---|---|---|---|---|---|---|---|---
   | 1 | 2 | 3 | 4 | 5 | 6 | 7 | 8 |

It took 0 seconds to make this move...


Black to move
BEEEEEEEEOEOEEEEEEOOOOOOEOEXOOEEEEXEOOEEEXEOEEEEEEEEEEEEEEEEEEEEE
(1,3)
   | 1 | 2 | 3 | 4 | 5 | 6 | 7 | 8 |
---|---|---|---|---|---|---|---|---|---
 1 |   |   | X |   |   |   |   |   | 1 
---|---|---|---|---|---|---|---|---|---
 2 | 0 |   | X |   |   |   |   |   | 2 
---|---|---|---|---|---|---|---|---|---
 3 |   | 0 | X | 0 | 0 | 0 | 0 |   | 3 
---|---|---|---|---|---|---|---|---|---
 4 | 0 |   | X | 0 | 0 |   |   |   | 4 
---|---|---|---|---|---|---|---|---|---
 5 |   | X |   | 0 | 0 |   |   |   | 5 
---|---|---|---|---|---|---|---|---|---
 6 | X |   | 0 |   |   |   |   |   | 6 
---|---|---|---|---|---|---|---|---|---
 7 |   |   |   |   |   |   |   |   | 7 
---|---|---|---|---|---|---|---|---|---
 8 |   |   |   |   |   |   |   |   | 8 
---|---|---|---|---|---|---|---|---|---
   | 1 | 2 | 3 | 4 | 5 | 6 | 7 | 8 |

It took 1 seconds to make this move...


White to move
WEEXEEEEEOEXEEEEEEOXOOOOEOEXOOEEEEXEOOEEEXEOEEEEEEEEEEEEEEEEEEEEE
(1,4) Depth reached: 5, Nodes searched: 1685
   | 1 | 2 | 3 | 4 | 5 | 6 | 7 | 8 |
---|---|---|---|---|---|---|---|---|---
 1 |   |   | X | 0 |   |   |   |   | 1 
---|---|---|---|---|---|---|---|---|---
 2 | 0 |   | 0 |   |   |   |   |   | 2 
---|---|---|---|---|---|---|---|---|---
 3 |   | 0 | X | 0 | 0 | 0 | 0 |   | 3 
---|---|---|---|---|---|---|---|---|---
 4 | 0 |   | X | 0 | 0 |   |   |   | 4 
---|---|---|---|---|---|---|---|---|---
 5 |   | X |   | 0 | 0 |   |   |   | 5 
---|---|---|---|---|---|---|---|---|---
 6 | X |   | 0 |   |   |   |   |   | 6 
---|---|---|---|---|---|---|---|---|---
 7 |   |   |   |   |   |   |   |   | 7 
---|---|---|---|---|---|---|---|---|---
 8 |   |   |   |   |   |   |   |   | 8 
---|---|---|---|---|---|---|---|---|---
   | 1 | 2 | 3 | 4 | 5 | 6 | 7 | 8 |

It took 0 seconds to make this move...


Black to move
BEEXOEEEEOEOEEEEEEOXOOOOEOEXOOEEEEXEOOEEEXEOEEEEEEEEEEEEEEEEEEEEE
(1,5)
   | 1 | 2 | 3 | 4 | 5 | 6 | 7 | 8 |
---|---|---|---|---|---|---|---|---|---
 1 |   |   | X | X | X |   |   |   | 1 
---|---|---|---|---|---|---|---|---|---
 2 | 0 |   | 0 |   |   |   |   |   | 2 
---|---|---|---|---|---|---|---|---|---
 3 |   | 0 | X | 0 | 0 | 0 | 0 |   | 3 
---|---|---|---|---|---|---|---|---|---
 4 | 0 |   | X | 0 | 0 |   |   |   | 4 
---|---|---|---|---|---|---|---|---|---
 5 |   | X |   | 0 | 0 |   |   |   | 5 
---|---|---|---|---|---|---|---|---|---
 6 | X |   | 0 |   |   |   |   |   | 6 
---|---|---|---|---|---|---|---|---|---
 7 |   |   |   |   |   |   |   |   | 7 
---|---|---|---|---|---|---|---|---|---
 8 |   |   |   |   |   |   |   |   | 8 
---|---|---|---|---|---|---|---|---|---
   | 1 | 2 | 3 | 4 | 5 | 6 | 7 | 8 |

It took 0 seconds to make this move...


White to move
WEEXXXEEEOEOEEEEEEOXOOOOEOEXOOEEEEXEOOEEEXEOEEEEEEEEEEEEEEEEEEEEE
(5,3) Depth reached: 6, Nodes searched: 707
   | 1 | 2 | 3 | 4 | 5 | 6 | 7 | 8 |
---|---|---|---|---|---|---|---|---|---
 1 |   |   | X | X | X |   |   |   | 1 
---|---|---|---|---|---|---|---|---|---
 2 | 0 |   | 0 |   |   |   |   |   | 2 
---|---|---|---|---|---|---|---|---|---
 3 |   | 0 | 0 | 0 | 0 | 0 | 0 |   | 3 
---|---|---|---|---|---|---|---|---|---
 4 | 0 |   | 0 | 0 | 0 |   |   |   | 4 
---|---|---|---|---|---|---|---|---|---
 5 |   | X | 0 | 0 | 0 |   |   |   | 5 
---|---|---|---|---|---|---|---|---|---
 6 | X |   | 0 |   |   |   |   |   | 6 
---|---|---|---|---|---|---|---|---|---
 7 |   |   |   |   |   |   |   |   | 7 
---|---|---|---|---|---|---|---|---|---
 8 |   |   |   |   |   |   |   |   | 8 
---|---|---|---|---|---|---|---|---|---
   | 1 | 2 | 3 | 4 | 5 | 6 | 7 | 8 |

It took 1 seconds to make this move...


Black to move
BEEXXXEEEOEOEEEEEEOOOOOOEOEOOOEEEEXOOOEEEXEOEEEEEEEEEEEEEEEEEEEEE
(2,5)
   | 1 | 2 | 3 | 4 | 5 | 6 | 7 | 8 |
---|---|---|---|---|---|---|---|---|---
 1 |   |   | X | X | X |   |   |   | 1 
---|---|---|---|---|---|---|---|---|---
 2 | 0 |   | 0 |   | X |   |   |   | 2 
---|---|---|---|---|---|---|---|---|---
 3 |   | 0 | 0 | X | 0 | 0 | 0 |   | 3 
---|---|---|---|---|---|---|---|---|---
 4 | 0 |   | X | 0 | 0 |   |   |   | 4 
---|---|---|---|---|---|---|---|---|---
 5 |   | X | 0 | 0 | 0 |   |   |   | 5 
---|---|---|---|---|---|---|---|---|---
 6 | X |   | 0 |   |   |   |   |   | 6 
---|---|---|---|---|---|---|---|---|---
 7 |   |   |   |   |   |   |   |   | 7 
---|---|---|---|---|---|---|---|---|---
 8 |   |   |   |   |   |   |   |   | 8 
---|---|---|---|---|---|---|---|---|---
   | 1 | 2 | 3 | 4 | 5 | 6 | 7 | 8 |

It took 0 seconds to make this move...


White to move
WEEXXXEEEOEOEXEEEEOOXOOOEOEXOOEEEEXOOOEEEXEOEEEEEEEEEEEEEEEEEEEEE
(5,1) Depth reached: 5, Nodes searched: 794
   | 1 | 2 | 3 | 4 | 5 | 6 | 7 | 8 |
---|---|---|---|---|---|---|---|---|---
 1 |   |   | X | X | X |   |   |   | 1 
---|---|---|---|---|---|---|---|---|---
 2 | 0 |   | 0 |   | X |   |   |   | 2 
---|---|---|---|---|---|---|---|---|---
 3 |   | 0 | 0 | X | 0 | 0 | 0 |   | 3 
---|---|---|---|---|---|---|---|---|---
 4 | 0 |   | X | 0 | 0 |   |   |   | 4 
---|---|---|---|---|---|---|---|---|---
 5 | 0 | 0 | 0 | 0 | 0 |   |   |   | 5 
---|---|---|---|---|---|---|---|---|---
 6 | X |   | 0 |   |   |   |   |   | 6 
---|---|---|---|---|---|---|---|---|---
 7 |   |   |   |   |   |   |   |   | 7 
---|---|---|---|---|---|---|---|---|---
 8 |   |   |   |   |   |   |   |   | 8 
---|---|---|---|---|---|---|---|---|---
   | 1 | 2 | 3 | 4 | 5 | 6 | 7 | 8 |

It took 1 seconds to make this move...


Black to move
BEEXXXEEEOEOEXEEEEOOXOOOEOEXOOEEEOOOOOEEEXEOEEEEEEEEEEEEEEEEEEEEE
(3,8)
   | 1 | 2 | 3 | 4 | 5 | 6 | 7 | 8 |
---|---|---|---|---|---|---|---|---|---
 1 |   |   | X | X | X |   |   |   | 1 
---|---|---|---|---|---|---|---|---|---
 2 | 0 |   | 0 |   | X |   |   |   | 2 
---|---|---|---|---|---|---|---|---|---
 3 |   | 0 | 0 | X | X | X | X | X | 3 
---|---|---|---|---|---|---|---|---|---
 4 | 0 |   | X | 0 | 0 |   |   |   | 4 
---|---|---|---|---|---|---|---|---|---
 5 | 0 | 0 | 0 | 0 | 0 |   |   |   | 5 
---|---|---|---|---|---|---|---|---|---
 6 | X |   | 0 |   |   |   |   |   | 6 
---|---|---|---|---|---|---|---|---|---
 7 |   |   |   |   |   |   |   |   | 7 
---|---|---|---|---|---|---|---|---|---
 8 |   |   |   |   |   |   |   |   | 8 
---|---|---|---|---|---|---|---|---|---
   | 1 | 2 | 3 | 4 | 5 | 6 | 7 | 8 |

It took 0 seconds to make this move...


White to move
WEEXXXEEEOEOEXEEEEOOXXXXXOEXOOEEEOOOOOEEEXEOEEEEEEEEEEEEEEEEEEEEE
(2,4) Depth reached: 5, Nodes searched: 1406
   | 1 | 2 | 3 | 4 | 5 | 6 | 7 | 8 |
---|---|---|---|---|---|---|---|---|---
 1 |   |   | X | X | X |   |   |   | 1 
---|---|---|---|---|---|---|---|---|---
 2 | 0 |   | 0 | 0 | X |   |   |   | 2 
---|---|---|---|---|---|---|---|---|---
 3 |   | 0 | 0 | 0 | X | X | X | X | 3 
---|---|---|---|---|---|---|---|---|---
 4 | 0 |   | X | 0 | 0 |   |   |   | 4 
---|---|---|---|---|---|---|---|---|---
 5 | 0 | 0 | 0 | 0 | 0 |   |   |   | 5 
---|---|---|---|---|---|---|---|---|---
 6 | X |   | 0 |   |   |   |   |   | 6 
---|---|---|---|---|---|---|---|---|---
 7 |   |   |   |   |   |   |   |   | 7 
---|---|---|---|---|---|---|---|---|---
 8 |   |   |   |   |   |   |   |   | 8 
---|---|---|---|---|---|---|---|---|---
   | 1 | 2 | 3 | 4 | 5 | 6 | 7 | 8 |

It took 1 seconds to make this move...


Black to move
BEEXXXEEEOEOOXEEEEOOOXXXXOEXOOEEEOOOOOEEEXEOEEEEEEEEEEEEEEEEEEEEE
(4,2)
   | 1 | 2 | 3 | 4 | 5 | 6 | 7 | 8 |
---|---|---|---|---|---|---|---|---|---
 1 |   |   | X | X | X |   |   |   | 1 
---|---|---|---|---|---|---|---|---|---
 2 | 0 |   | 0 | X | X |   |   |   | 2 
---|---|---|---|---|---|---|---|---|---
 3 |   | 0 | X | 0 | X | X | X | X | 3 
---|---|---|---|---|---|---|---|---|---
 4 | 0 | X | X | 0 | 0 |   |   |   | 4 
---|---|---|---|---|---|---|---|---|---
 5 | 0 | 0 | 0 | 0 | 0 |   |   |   | 5 
---|---|---|---|---|---|---|---|---|---
 6 | X |   | 0 |   |   |   |   |   | 6 
---|---|---|---|---|---|---|---|---|---
 7 |   |   |   |   |   |   |   |   | 7 
---|---|---|---|---|---|---|---|---|---
 8 |   |   |   |   |   |   |   |   | 8 
---|---|---|---|---|---|---|---|---|---
   | 1 | 2 | 3 | 4 | 5 | 6 | 7 | 8 |

It took 0 seconds to make this move...


White to move
WEEXXXEEEOEOXXEEEEOXOXXXXOXXOOEEEOOOOOEEEXEOEEEEEEEEEEEEEEEEEEEEE
(2,2) Depth reached: 5, Nodes searched: 629
   | 1 | 2 | 3 | 4 | 5 | 6 | 7 | 8 |
---|---|---|---|---|---|---|---|---|---
 1 |   |   | X | X | X |   |   |   | 1 
---|---|---|---|---|---|---|---|---|---
 2 | 0 | 0 | 0 | X | X |   |   |   | 2 
---|---|---|---|---|---|---|---|---|---
 3 |   | 0 | 0 | 0 | X | X | X | X | 3 
---|---|---|---|---|---|---|---|---|---
 4 | 0 | X | X | 0 | 0 |   |   |   | 4 
---|---|---|---|---|---|---|---|---|---
 5 | 0 | 0 | 0 | 0 | 0 |   |   |   | 5 
---|---|---|---|---|---|---|---|---|---
 6 | X |   | 0 |   |   |   |   |   | 6 
---|---|---|---|---|---|---|---|---|---
 7 |   |   |   |   |   |   |   |   | 7 
---|---|---|---|---|---|---|---|---|---
 8 |   |   |   |   |   |   |   |   | 8 
---|---|---|---|---|---|---|---|---|---
   | 1 | 2 | 3 | 4 | 5 | 6 | 7 | 8 |

It took 1 seconds to make this move...


Black to move
BEEXXXEEEOOOXXEEEEOOOXXXXOXXOOEEEOOOOOEEEXEOEEEEEEEEEEEEEEEEEEEEE
(7,2)
   | 1 | 2 | 3 | 4 | 5 | 6 | 7 | 8 |
---|---|---|---|---|---|---|---|---|---
 1 |   |   | X | X | X |   |   |   | 1 
---|---|---|---|---|---|---|---|---|---
 2 | 0 | 0 | 0 | X | X |   |   |   | 2 
---|---|---|---|---|---|---|---|---|---
 3 |   | 0 | 0 | 0 | X | X | X | X | 3 
---|---|---|---|---|---|---|---|---|---
 4 | 0 | X | X | 0 | X |   |   |   | 4 
---|---|---|---|---|---|---|---|---|---
 5 | 0 | 0 | 0 | X | 0 |   |   |   | 5 
---|---|---|---|---|---|---|---|---|---
 6 | X |   | X |   |   |   |   |   | 6 
---|---|---|---|---|---|---|---|---|---
 7 |   | X |   |   |   |   |   |   | 7 
---|---|---|---|---|---|---|---|---|---
 8 |   |   |   |   |   |   |   |   | 8 
---|---|---|---|---|---|---|---|---|---
   | 1 | 2 | 3 | 4 | 5 | 6 | 7 | 8 |

It took 0 seconds to make this move...


White to move
WEEXXXEEEOOOXXEEEEOOOXXXXOXXOXEEEOOOXOEEEXEXEEEEEEXEEEEEEEEEEEEEE
(1,6) Depth reached: 4, Nodes searched: 2087
   | 1 | 2 | 3 | 4 | 5 | 6 | 7 | 8 |
---|---|---|---|---|---|---|---|---|---
 1 |   |   | X | X | X | 0 |   |   | 1 
---|---|---|---|---|---|---|---|---|---
 2 | 0 | 0 | 0 | X | 0 |   |   |   | 2 
---|---|---|---|---|---|---|---|---|---
 3 |   | 0 | 0 | 0 | X | X | X | X | 3 
---|---|---|---|---|---|---|---|---|---
 4 | 0 | X | X | 0 | X |   |   |   | 4 
---|---|---|---|---|---|---|---|---|---
 5 | 0 | 0 | 0 | X | 0 |   |   |   | 5 
---|---|---|---|---|---|---|---|---|---
 6 | X |   | X |   |   |   |   |   | 6 
---|---|---|---|---|---|---|---|---|---
 7 |   | X |   |   |   |   |   |   | 7 
---|---|---|---|---|---|---|---|---|---
 8 |   |   |   |   |   |   |   |   | 8 
---|---|---|---|---|---|---|---|---|---
   | 1 | 2 | 3 | 4 | 5 | 6 | 7 | 8 |

It took 1 seconds to make this move...


Black to move
BEEXXXOEEOOOXOEEEEOOOXXXXOXXOXEEEOOOXOEEEXEXEEEEEEXEEEEEEEEEEEEEE
(1,7)
   | 1 | 2 | 3 | 4 | 5 | 6 | 7 | 8 |
---|---|---|---|---|---|---|---|---|---
 1 |   |   | X | X | X | X | X |   | 1 
---|---|---|---|---|---|---|---|---|---
 2 | 0 | 0 | 0 | X | 0 |   |   |   | 2 
---|---|---|---|---|---|---|---|---|---
 3 |   | 0 | 0 | 0 | X | X | X | X | 3 
---|---|---|---|---|---|---|---|---|---
 4 | 0 | X | X | 0 | X |   |   |   | 4 
---|---|---|---|---|---|---|---|---|---
 5 | 0 | 0 | 0 | X | 0 |   |   |   | 5 
---|---|---|---|---|---|---|---|---|---
 6 | X |   | X |   |   |   |   |   | 6 
---|---|---|---|---|---|---|---|---|---
 7 |   | X |   |   |   |   |   |   | 7 
---|---|---|---|---|---|---|---|---|---
 8 |   |   |   |   |   |   |   |   | 8 
---|---|---|---|---|---|---|---|---|---
   | 1 | 2 | 3 | 4 | 5 | 6 | 7 | 8 |

It took 0 seconds to make this move...


White to move
WEEXXXXXEOOOXOEEEEOOOXXXXOXXOXEEEOOOXOEEEXEXEEEEEEXEEEEEEEEEEEEEE
(5,6) Depth reached: 4, Nodes searched: 2015
   | 1 | 2 | 3 | 4 | 5 | 6 | 7 | 8 |
---|---|---|---|---|---|---|---|---|---
 1 |   |   | X | X | X | X | X |   | 1 
---|---|---|---|---|---|---|---|---|---
 2 | 0 | 0 | 0 | X | 0 |   |   |   | 2 
---|---|---|---|---|---|---|---|---|---
 3 |   | 0 | 0 | 0 | X | X | X | X | 3 
---|---|---|---|---|---|---|---|---|---
 4 | 0 | X | X | 0 | 0 |   |   |   | 4 
---|---|---|---|---|---|---|---|---|---
 5 | 0 | 0 | 0 | X | 0 | 0 |   |   | 5 
---|---|---|---|---|---|---|---|---|---
 6 | X |   | X |   |   |   |   |   | 6 
---|---|---|---|---|---|---|---|---|---
 7 |   | X |   |   |   |   |   |   | 7 
---|---|---|---|---|---|---|---|---|---
 8 |   |   |   |   |   |   |   |   | 8 
---|---|---|---|---|---|---|---|---|---
   | 1 | 2 | 3 | 4 | 5 | 6 | 7 | 8 |

It took 1 seconds to make this move...


Black to move
BEEXXXXXEOOOXOEEEEOOOXXXXOXXOOEEEOOOXOOEEXEXEEEEEEXEEEEEEEEEEEEEE
(6,5)
   | 1 | 2 | 3 | 4 | 5 | 6 | 7 | 8 |
---|---|---|---|---|---|---|---|---|---
 1 |   |   | X | X | X | X | X |   | 1 
---|---|---|---|---|---|---|---|---|---
 2 | 0 | 0 | 0 | X | 0 |   |   |   | 2 
---|---|---|---|---|---|---|---|---|---
 3 |   | 0 | 0 | 0 | X | X | X | X | 3 
---|---|---|---|---|---|---|---|---|---
 4 | 0 | X | X | 0 | X |   |   |   | 4 
---|---|---|---|---|---|---|---|---|---
 5 | 0 | 0 | 0 | X | X | 0 |   |   | 5 
---|---|---|---|---|---|---|---|---|---
 6 | X |   | X |   | X |   |   |   | 6 
---|---|---|---|---|---|---|---|---|---
 7 |   | X |   |   |   |   |   |   | 7 
---|---|---|---|---|---|---|---|---|---
 8 |   |   |   |   |   |   |   |   | 8 
---|---|---|---|---|---|---|---|---|---
   | 1 | 2 | 3 | 4 | 5 | 6 | 7 | 8 |

It took 0 seconds to make this move...


White to move
WEEXXXXXEOOOXOEEEEOOOXXXXOXXOXEEEOOOXXOEEXEXEXEEEEXEEEEEEEEEEEEEE
(7,6) Depth reached: 4, Nodes searched: 1163
   | 1 | 2 | 3 | 4 | 5 | 6 | 7 | 8 |
---|---|---|---|---|---|---|---|---|---
 1 |   |   | X | X | X | X | X |   | 1 
---|---|---|---|---|---|---|---|---|---
 2 | 0 | 0 | 0 | X | 0 |   |   |   | 2 
---|---|---|---|---|---|---|---|---|---
 3 |   | 0 | 0 | 0 | X | X | X | X | 3 
---|---|---|---|---|---|---|---|---|---
 4 | 0 | X | 0 | 0 | X |   |   |   | 4 
---|---|---|---|---|---|---|---|---|---
 5 | 0 | 0 | 0 | 0 | X | 0 |   |   | 5 
---|---|---|---|---|---|---|---|---|---
 6 | X |   | X |   | 0 |   |   |   | 6 
---|---|---|---|---|---|---|---|---|---
 7 |   | X |   |   |   | 0 |   |   | 7 
---|---|---|---|---|---|---|---|---|---
 8 |   |   |   |   |   |   |   |   | 8 
---|---|---|---|---|---|---|---|---|---
   | 1 | 2 | 3 | 4 | 5 | 6 | 7 | 8 |

It took 0 seconds to make this move...


Black to move
BEEXXXXXEOOOXOEEEEOOOXXXXOXOOXEEEOOOOXOEEXEXEOEEEEXEEEOEEEEEEEEEE
(6,4)
   | 1 | 2 | 3 | 4 | 5 | 6 | 7 | 8 |
---|---|---|---|---|---|---|---|---|---
 1 |   |   | X | X | X | X | X |   | 1 
---|---|---|---|---|---|---|---|---|---
 2 | 0 | 0 | 0 | X | 0 |   |   |   | 2 
---|---|---|---|---|---|---|---|---|---
 3 |   | 0 | 0 | X | X | X | X | X | 3 
---|---|---|---|---|---|---|---|---|---
 4 | 0 | X | 0 | X | X |   |   |   | 4 
---|---|---|---|---|---|---|---|---|---
 5 | 0 | 0 | X | X | X | 0 |   |   | 5 
---|---|---|---|---|---|---|---|---|---
 6 | X |   | X | X | 0 |   |   |   | 6 
---|---|---|---|---|---|---|---|---|---
 7 |   | X |   |   |   | 0 |   |   | 7 
---|---|---|---|---|---|---|---|---|---
 8 |   |   |   |   |   |   |   |   | 8 
---|---|---|---|---|---|---|---|---|---
   | 1 | 2 | 3 | 4 | 5 | 6 | 7 | 8 |

It took 1 seconds to make this move...


White to move
WEEXXXXXEOOOXOEEEEOOXXXXXOXOXXEEEOOXXXOEEXEXXOEEEEXEEEOEEEEEEEEEE
(4,6) Depth reached: 4, Nodes searched: 2037
   | 1 | 2 | 3 | 4 | 5 | 6 | 7 | 8 |
---|---|---|---|---|---|---|---|---|---
 1 |   |   | X | X | X | X | X |   | 1 
---|---|---|---|---|---|---|---|---|---
 2 | 0 | 0 | 0 | X | 0 |   |   |   | 2 
---|---|---|---|---|---|---|---|---|---
 3 |   | 0 | 0 | X | X | X | X | X | 3 
---|---|---|---|---|---|---|---|---|---
 4 | 0 | X | 0 | 0 | 0 | 0 |   |   | 4 
---|---|---|---|---|---|---|---|---|---
 5 | 0 | 0 | X | X | X | 0 |   |   | 5 
---|---|---|---|---|---|---|---|---|---
 6 | X |   | X | X | 0 |   |   |   | 6 
---|---|---|---|---|---|---|---|---|---
 7 |   | X |   |   |   | 0 |   |   | 7 
---|---|---|---|---|---|---|---|---|---
 8 |   |   |   |   |   |   |   |   | 8 
---|---|---|---|---|---|---|---|---|---
   | 1 | 2 | 3 | 4 | 5 | 6 | 7 | 8 |

It took 0 seconds to make this move...


Black to move
BEEXXXXXEOOOXOEEEEOOXXXXXOXOOOOEEOOXXXOEEXEXXOEEEEXEEEOEEEEEEEEEE
(4,7)
   | 1 | 2 | 3 | 4 | 5 | 6 | 7 | 8 |
---|---|---|---|---|---|---|---|---|---
 1 |   |   | X | X | X | X | X |   | 1 
---|---|---|---|---|---|---|---|---|---
 2 | 0 | 0 | 0 | X | 0 |   |   |   | 2 
---|---|---|---|---|---|---|---|---|---
 3 |   | 0 | 0 | X | X | X | X | X | 3 
---|---|---|---|---|---|---|---|---|---
 4 | 0 | X | X | X | X | X | X |   | 4 
---|---|---|---|---|---|---|---|---|---
 5 | 0 | 0 | X | X | X | 0 |   |   | 5 
---|---|---|---|---|---|---|---|---|---
 6 | X |   | X | X | 0 |   |   |   | 6 
---|---|---|---|---|---|---|---|---|---
 7 |   | X |   |   |   | 0 |   |   | 7 
---|---|---|---|---|---|---|---|---|---
 8 |   |   |   |   |   |   |   |   | 8 
---|---|---|---|---|---|---|---|---|---
   | 1 | 2 | 3 | 4 | 5 | 6 | 7 | 8 |

It took 1 seconds to make this move...


White to move
WEEXXXXXEOOOXOEEEEOOXXXXXOXXXXXXEOOXXXOEEXEXXOEEEEXEEEOEEEEEEEEEE
(4,8) Depth reached: 4, Nodes searched: 2486
   | 1 | 2 | 3 | 4 | 5 | 6 | 7 | 8 |
---|---|---|---|---|---|---|---|---|---
 1 |   |   | X | X | X | X | X |   | 1 
---|---|---|---|---|---|---|---|---|---
 2 | 0 | 0 | 0 | X | 0 |   |   |   | 2 
---|---|---|---|---|---|---|---|---|---
 3 |   | 0 | 0 | X | X | X | X | X | 3 
---|---|---|---|---|---|---|---|---|---
 4 | 0 | 0 | 0 | 0 | 0 | 0 | 0 | 0 | 4 
---|---|---|---|---|---|---|---|---|---
 5 | 0 | 0 | X | X | X | 0 |   |   | 5 
---|---|---|---|---|---|---|---|---|---
 6 | X |   | X | X | 0 |   |   |   | 6 
---|---|---|---|---|---|---|---|---|---
 7 |   | X |   |   |   | 0 |   |   | 7 
---|---|---|---|---|---|---|---|---|---
 8 |   |   |   |   |   |   |   |   | 8 
---|---|---|---|---|---|---|---|---|---
   | 1 | 2 | 3 | 4 | 5 | 6 | 7 | 8 |

It took 1 seconds to make this move...


Black to move
BEEXXXXXEOOOXOEEEEOOXXXXXOOOOOOOOOOXXXOEEXEXXOEEEEXEEEOEEEEEEEEEE
(5,8)
   | 1 | 2 | 3 | 4 | 5 | 6 | 7 | 8 |
---|---|---|---|---|---|---|---|---|---
 1 |   |   | X | X | X | X | X |   | 1 
---|---|---|---|---|---|---|---|---|---
 2 | 0 | 0 | 0 | X | 0 |   |   |   | 2 
---|---|---|---|---|---|---|---|---|---
 3 |   | 0 | 0 | X | X | X | X | X | 3 
---|---|---|---|---|---|---|---|---|---
 4 | 0 | 0 | 0 | 0 | 0 | 0 | X | X | 4 
---|---|---|---|---|---|---|---|---|---
 5 | 0 | 0 | X | X | X | 0 |   | X | 5 
---|---|---|---|---|---|---|---|---|---
 6 | X |   | X | X | 0 |   |   |   | 6 
---|---|---|---|---|---|---|---|---|---
 7 |   | X |   |   |   | 0 |   |   | 7 
---|---|---|---|---|---|---|---|---|---
 8 |   |   |   |   |   |   |   |   | 8 
---|---|---|---|---|---|---|---|---|---
   | 1 | 2 | 3 | 4 | 5 | 6 | 7 | 8 |

It took 0 seconds to make this move...


White to move
WEEXXXXXEOOOXOEEEEOOXXXXXOOOOOOXXOOXXXOEXXEXXOEEEEXEEEOEEEEEEEEEE
(8,1) Depth reached: 4, Nodes searched: 2439
   | 1 | 2 | 3 | 4 | 5 | 6 | 7 | 8 |
---|---|---|---|---|---|---|---|---|---
 1 |   |   | X | X | X | X | X |   | 1 
---|---|---|---|---|---|---|---|---|---
 2 | 0 | 0 | 0 | X | 0 |   |   |   | 2 
---|---|---|---|---|---|---|---|---|---
 3 |   | 0 | 0 | X | X | X | X | X | 3 
---|---|---|---|---|---|---|---|---|---
 4 | 0 | 0 | 0 | 0 | 0 | 0 | X | X | 4 
---|---|---|---|---|---|---|---|---|---
 5 | 0 | 0 | X | 0 | X | 0 |   | X | 5 
---|---|---|---|---|---|---|---|---|---
 6 | X |   | 0 | X | 0 |   |   |   | 6 
---|---|---|---|---|---|---|---|---|---
 7 |   | 0 |   |   |   | 0 |   |   | 7 
---|---|---|---|---|---|---|---|---|---
 8 | 0 |   |   |   |   |   |   |   | 8 
---|---|---|---|---|---|---|---|---|---
   | 1 | 2 | 3 | 4 | 5 | 6 | 7 | 8 |

It took 1 seconds to make this move...


Black to move
BEEXXXXXEOOOXOEEEEOOXXXXXOOOOOOXXOOXOXOEXXEOXOEEEEOEEEOEEOEEEEEEE
(5,7)
   | 1 | 2 | 3 | 4 | 5 | 6 | 7 | 8 |
---|---|---|---|---|---|---|---|---|---
 1 |   |   | X | X | X | X | X |   | 1 
---|---|---|---|---|---|---|---|---|---
 2 | 0 | 0 | 0 | X | 0 |   |   |   | 2 
---|---|---|---|---|---|---|---|---|---
 3 |   | 0 | 0 | X | X | X | X | X | 3 
---|---|---|---|---|---|---|---|---|---
 4 | 0 | 0 | 0 | 0 | 0 | X | X | X | 4 
---|---|---|---|---|---|---|---|---|---
 5 | 0 | 0 | X | 0 | X | X | X | X | 5 
---|---|---|---|---|---|---|---|---|---
 6 | X |   | 0 | X | 0 |   |   |   | 6 
---|---|---|---|---|---|---|---|---|---
 7 |   | 0 |   |   |   | 0 |   |   | 7 
---|---|---|---|---|---|---|---|---|---
 8 | 0 |   |   |   |   |   |   |   | 8 
---|---|---|---|---|---|---|---|---|---
   | 1 | 2 | 3 | 4 | 5 | 6 | 7 | 8 |

It took 0 seconds to make this move...


White to move
WEEXXXXXEOOOXOEEEEOOXXXXXOOOOOXXXOOXOXXXXXEOXOEEEEOEEEOEEOEEEEEEE
(7,1) Depth reached: 4, Nodes searched: 2653
   | 1 | 2 | 3 | 4 | 5 | 6 | 7 | 8 |
---|---|---|---|---|---|---|---|---|---
 1 |   |   | X | X | X | X | X |   | 1 
---|---|---|---|---|---|---|---|---|---
 2 | 0 | 0 | 0 | X | 0 |   |   |   | 2 
---|---|---|---|---|---|---|---|---|---
 3 |   | 0 | 0 | X | X | X | X | X | 3 
---|---|---|---|---|---|---|---|---|---
 4 | 0 | 0 | 0 | 0 | 0 | X | X | X | 4 
---|---|---|---|---|---|---|---|---|---
 5 | 0 | 0 | X | 0 | X | X | X | X | 5 
---|---|---|---|---|---|---|---|---|---
 6 | 0 |   | 0 | X | 0 |   |   |   | 6 
---|---|---|---|---|---|---|---|---|---
 7 | 0 | 0 |   |   |   | 0 |   |   | 7 
---|---|---|---|---|---|---|---|---|---
 8 | 0 |   |   |   |   |   |   |   | 8 
---|---|---|---|---|---|---|---|---|---
   | 1 | 2 | 3 | 4 | 5 | 6 | 7 | 8 |

It took 1 seconds to make this move...


Black to move
BEEXXXXXEOOOXOEEEEOOXXXXXOOOOOXXXOOXOXXXXOEOXOEEEOOEEEOEEOEEEEEEE
(3,1)
   | 1 | 2 | 3 | 4 | 5 | 6 | 7 | 8 |
---|---|---|---|---|---|---|---|---|---
 1 |   |   | X | X | X | X | X |   | 1 
---|---|---|---|---|---|---|---|---|---
 2 | 0 | X | 0 | X | 0 |   |   |   | 2 
---|---|---|---|---|---|---|---|---|---
 3 | X | X | X | X | X | X | X | X | 3 
---|---|---|---|---|---|---|---|---|---
 4 | 0 | X | 0 | 0 | 0 | X | X | X | 4 
---|---|---|---|---|---|---|---|---|---
 5 | 0 | 0 | X | 0 | X | X | X | X | 5 
---|---|---|---|---|---|---|---|---|---
 6 | 0 |   | 0 | X | 0 |   |   |   | 6 
---|---|---|---|---|---|---|---|---|---
 7 | 0 | 0 |   |   |   | 0 |   |   | 7 
---|---|---|---|---|---|---|---|---|---
 8 | 0 |   |   |   |   |   |   |   | 8 
---|---|---|---|---|---|---|---|---|---
   | 1 | 2 | 3 | 4 | 5 | 6 | 7 | 8 |

It took 0 seconds to make this move...


White to move
WEEXXXXXEOXOXOEEEXXXXXXXXOXOOOXXXOOXOXXXXOEOXOEEEOOEEEOEEOEEEEEEE
(6,6) Depth reached: 5, Nodes searched: 992
   | 1 | 2 | 3 | 4 | 5 | 6 | 7 | 8 |
---|---|---|---|---|---|---|---|---|---
 1 |   |   | X | X | X | X | X |   | 1 
---|---|---|---|---|---|---|---|---|---
 2 | 0 | X | 0 | X | 0 |   |   |   | 2 
---|---|---|---|---|---|---|---|---|---
 3 | X | X | X | X | X | X | X | X | 3 
---|---|---|---|---|---|---|---|---|---
 4 | 0 | X | 0 | 0 | 0 | X | X | X | 4 
---|---|---|---|---|---|---|---|---|---
 5 | 0 | 0 | X | 0 | 0 | X | X | X | 5 
---|---|---|---|---|---|---|---|---|---
 6 | 0 |   | 0 | X | 0 | 0 |   |   | 6 
---|---|---|---|---|---|---|---|---|---
 7 | 0 | 0 |   |   |   | 0 |   |   | 7 
---|---|---|---|---|---|---|---|---|---
 8 | 0 |   |   |   |   |   |   |   | 8 
---|---|---|---|---|---|---|---|---|---
   | 1 | 2 | 3 | 4 | 5 | 6 | 7 | 8 |

It took 1 seconds to make this move...


Black to move
BEEXXXXXEOXOXOEEEXXXXXXXXOXOOOXXXOOXOOXXXOEOXOOEEOOEEEOEEOEEEEEEE
(7,7)
   | 1 | 2 | 3 | 4 | 5 | 6 | 7 | 8 |
---|---|---|---|---|---|---|---|---|---
 1 |   |   | X | X | X | X | X |   | 1 
---|---|---|---|---|---|---|---|---|---
 2 | 0 | X | 0 | X | 0 |   |   |   | 2 
---|---|---|---|---|---|---|---|---|---
 3 | X | X | X | X | X | X | X | X | 3 
---|---|---|---|---|---|---|---|---|---
 4 | 0 | X | 0 | X | 0 | X | X | X | 4 
---|---|---|---|---|---|---|---|---|---
 5 | 0 | 0 | X | 0 | X | X | X | X | 5 
---|---|---|---|---|---|---|---|---|---
 6 | 0 |   | 0 | X | 0 | X |   |   | 6 
---|---|---|---|---|---|---|---|---|---
 7 | 0 | 0 |   |   |   | 0 | X |   | 7 
---|---|---|---|---|---|---|---|---|---
 8 | 0 |   |   |   |   |   |   |   | 8 
---|---|---|---|---|---|---|---|---|---
   | 1 | 2 | 3 | 4 | 5 | 6 | 7 | 8 |

It took 0 seconds to make this move...


White to move
WEEXXXXXEOXOXOEEEXXXXXXXXOXOXOXXXOOXOXXXXOEOXOXEEOOEEEOXEOEEEEEEE
(7,4) Depth reached: 5, Nodes searched: 1054
   | 1 | 2 | 3 | 4 | 5 | 6 | 7 | 8 |
---|---|---|---|---|---|---|---|---|---
 1 |   |   | X | X | X | X | X |   | 1 
---|---|---|---|---|---|---|---|---|---
 2 | 0 | X | 0 | X | 0 |   |   |   | 2 
---|---|---|---|---|---|---|---|---|---
 3 | X | X | X | X | X | X | X | X | 3 
---|---|---|---|---|---|---|---|---|---
 4 | 0 | X | 0 | X | 0 | X | X | X | 4 
---|---|---|---|---|---|---|---|---|---
 5 | 0 | 0 | X | 0 | X | X | X | X | 5 
---|---|---|---|---|---|---|---|---|---
 6 | 0 |   | 0 | 0 | 0 | X |   |   | 6 
---|---|---|---|---|---|---|---|---|---
 7 | 0 | 0 |   | 0 |   | 0 | X |   | 7 
---|---|---|---|---|---|---|---|---|---
 8 | 0 |   |   |   |   |   |   |   | 8 
---|---|---|---|---|---|---|---|---|---
   | 1 | 2 | 3 | 4 | 5 | 6 | 7 | 8 |

It took 1 seconds to make this move...


Black to move
BEEXXXXXEOXOXOEEEXXXXXXXXOXOXOXXXOOXOXXXXOEOOOXEEOOEOEOXEOEEEEEEE
(8,4)
   | 1 | 2 | 3 | 4 | 5 | 6 | 7 | 8 |
---|---|---|---|---|---|---|---|---|---
 1 |   |   | X | X | X | X | X |   | 1 
---|---|---|---|---|---|---|---|---|---
 2 | 0 | X | 0 | X | 0 |   |   |   | 2 
---|---|---|---|---|---|---|---|---|---
 3 | X | X | X | X | X | X | X | X | 3 
---|---|---|---|---|---|---|---|---|---
 4 | 0 | X | 0 | X | 0 | X | X | X | 4 
---|---|---|---|---|---|---|---|---|---
 5 | 0 | 0 | X | X | X | X | X | X | 5 
---|---|---|---|---|---|---|---|---|---
 6 | 0 |   | 0 | X | 0 | X |   |   | 6 
---|---|---|---|---|---|---|---|---|---
 7 | 0 | 0 |   | X |   | 0 | X |   | 7 
---|---|---|---|---|---|---|---|---|---
 8 | 0 |   |   | X |   |   |   |   | 8 
---|---|---|---|---|---|---|---|---|---
   | 1 | 2 | 3 | 4 | 5 | 6 | 7 | 8 |

It took 0 seconds to make this move...


White to move
WEEXXXXXEOXOXOEEEXXXXXXXXOXOXOXXXOOXXXXXXOEOXOXEEOOEXEOXEOEEXEEEE
(8,3) Depth reached: 5, Nodes searched: 2435
   | 1 | 2 | 3 | 4 | 5 | 6 | 7 | 8 |
---|---|---|---|---|---|---|---|---|---
 1 |   |   | X | X | X | X | X |   | 1 
---|---|---|---|---|---|---|---|---|---
 2 | 0 | X | 0 | X | 0 |   |   |   | 2 
---|---|---|---|---|---|---|---|---|---
 3 | X | X | X | X | X | X | X | X | 3 
---|---|---|---|---|---|---|---|---|---
 4 | 0 | X | 0 | X | 0 | X | X | X | 4 
---|---|---|---|---|---|---|---|---|---
 5 | 0 | 0 | X | X | X | X | X | X | 5 
---|---|---|---|---|---|---|---|---|---
 6 | 0 |   | 0 | X | 0 | X |   |   | 6 
---|---|---|---|---|---|---|---|---|---
 7 | 0 | 0 |   | 0 |   | 0 | X |   | 7 
---|---|---|---|---|---|---|---|---|---
 8 | 0 |   | 0 | X |   |   |   |   | 8 
---|---|---|---|---|---|---|---|---|---
   | 1 | 2 | 3 | 4 | 5 | 6 | 7 | 8 |

It took 1 seconds to make this move...


Black to move
BEEXXXXXEOXOXOEEEXXXXXXXXOXOXOXXXOOXXXXXXOEOXOXEEOOEOEOXEOEOXEEEE
(1,2)
   | 1 | 2 | 3 | 4 | 5 | 6 | 7 | 8 |
---|---|---|---|---|---|---|---|---|---
 1 |   | X | X | X | X | X | X |   | 1 
---|---|---|---|---|---|---|---|---|---
 2 | 0 | X | X | X | 0 |   |   |   | 2 
---|---|---|---|---|---|---|---|---|---
 3 | X | X | X | X | X | X | X | X | 3 
---|---|---|---|---|---|---|---|---|---
 4 | 0 | X | 0 | X | 0 | X | X | X | 4 
---|---|---|---|---|---|---|---|---|---
 5 | 0 | 0 | X | X | X | X | X | X | 5 
---|---|---|---|---|---|---|---|---|---
 6 | 0 |   | 0 | X | 0 | X |   |   | 6 
---|---|---|---|---|---|---|---|---|---
 7 | 0 | 0 |   | 0 |   | 0 | X |   | 7 
---|---|---|---|---|---|---|---|---|---
 8 | 0 |   | 0 | X |   |   |   |   | 8 
---|---|---|---|---|---|---|---|---|---
   | 1 | 2 | 3 | 4 | 5 | 6 | 7 | 8 |

It took 0 seconds to make this move...


White to move
WEXXXXXXEOXXXOEEEXXXXXXXXOXOXOXXXOOXXXXXXOEOXOXEEOOEOEOXEOEOXEEEE
(6,7) Depth reached: 6, Nodes searched: 1486
   | 1 | 2 | 3 | 4 | 5 | 6 | 7 | 8 |
---|---|---|---|---|---|---|---|---|---
 1 |   | X | X | X | X | X | X |   | 1 
---|---|---|---|---|---|---|---|---|---
 2 | 0 | X | X | X | 0 |   |   |   | 2 
---|---|---|---|---|---|---|---|---|---
 3 | X | X | X | X | X | X | X | X | 3 
---|---|---|---|---|---|---|---|---|---
 4 | 0 | X | 0 | X | 0 | X | X | X | 4 
---|---|---|---|---|---|---|---|---|---
 5 | 0 | 0 | X | X | X | 0 | X | X | 5 
---|---|---|---|---|---|---|---|---|---
 6 | 0 |   | 0 | X | 0 | 0 | 0 |   | 6 
---|---|---|---|---|---|---|---|---|---
 7 | 0 | 0 |   | 0 |   | 0 | X |   | 7 
---|---|---|---|---|---|---|---|---|---
 8 | 0 |   | 0 | X |   |   |   |   | 8 
---|---|---|---|---|---|---|---|---|---
   | 1 | 2 | 3 | 4 | 5 | 6 | 7 | 8 |

It took 1 seconds to make this move...


Black to move
BEXXXXXXEOXXXOEEEXXXXXXXXOXOXOXXXOOXXXOXXOEOXOOOEOOEOEOXEOEOXEEEE
(1,1)
   | 1 | 2 | 3 | 4 | 5 | 6 | 7 | 8 |
---|---|---|---|---|---|---|---|---|---
 1 | X | X | X | X | X | X | X |   | 1 
---|---|---|---|---|---|---|---|---|---
 2 | X | X | X | X | 0 |   |   |   | 2 
---|---|---|---|---|---|---|---|---|---
 3 | X | X | X | X | X | X | X | X | 3 
---|---|---|---|---|---|---|---|---|---
 4 | 0 | X | 0 | X | 0 | X | X | X | 4 
---|---|---|---|---|---|---|---|---|---
 5 | 0 | 0 | X | X | X | 0 | X | X | 5 
---|---|---|---|---|---|---|---|---|---
 6 | 0 |   | 0 | X | 0 | 0 | 0 |   | 6 
---|---|---|---|---|---|---|---|---|---
 7 | 0 | 0 |   | 0 |   | 0 | X |   | 7 
---|---|---|---|---|---|---|---|---|---
 8 | 0 |   | 0 | X |   |   |   |   | 8 
---|---|---|---|---|---|---|---|---|---
   | 1 | 2 | 3 | 4 | 5 | 6 | 7 | 8 |

It took 0 seconds to make this move...


White to move
WXXXXXXXEXXXXOEEEXXXXXXXXOXOXOXXXOOXXXOXXOEOXOOOEOOEOEOXEOEOXEEEE
(2,6) Depth reached: 5, Nodes searched: 3338
   | 1 | 2 | 3 | 4 | 5 | 6 | 7 | 8 |
---|---|---|---|---|---|---|---|---|---
 1 | X | X | X | X | X | X | X |   | 1 
---|---|---|---|---|---|---|---|---|---
 2 | X | X | X | X | 0 | 0 |   |   | 2 
---|---|---|---|---|---|---|---|---|---
 3 | X | X | X | X | X | 0 | X | X | 3 
---|---|---|---|---|---|---|---|---|---
 4 | 0 | X | 0 | X | 0 | 0 | X | X | 4 
---|---|---|---|---|---|---|---|---|---
 5 | 0 | 0 | X | X | X | 0 | X | X | 5 
---|---|---|---|---|---|---|---|---|---
 6 | 0 |   | 0 | X | 0 | 0 | 0 |   | 6 
---|---|---|---|---|---|---|---|---|---
 7 | 0 | 0 |   | 0 |   | 0 | X |   | 7 
---|---|---|---|---|---|---|---|---|---
 8 | 0 |   | 0 | X |   |   |   |   | 8 
---|---|---|---|---|---|---|---|---|---
   | 1 | 2 | 3 | 4 | 5 | 6 | 7 | 8 |

It took 1 seconds to make this move...


Black to move
BXXXXXXXEXXXXOOEEXXXXXOXXOXOXOOXXOOXXXOXXOEOXOOOEOOEOEOXEOEOXEEEE
(2,7)
   | 1 | 2 | 3 | 4 | 5 | 6 | 7 | 8 |
---|---|---|---|---|---|---|---|---|---
 1 | X | X | X | X | X | X | X |   | 1 
---|---|---|---|---|---|---|---|---|---
 2 | X | X | X | X | X | X | X |   | 2 
---|---|---|---|---|---|---|---|---|---
 3 | X | X | X | X | X | X | X | X | 3 
---|---|---|---|---|---|---|---|---|---
 4 | 0 | X | 0 | X | X | 0 | X | X | 4 
---|---|---|---|---|---|---|---|---|---
 5 | 0 | 0 | X | X | X | 0 | X | X | 5 
---|---|---|---|---|---|---|---|---|---
 6 | 0 |   | 0 | X | 0 | 0 | 0 |   | 6 
---|---|---|---|---|---|---|---|---|---
 7 | 0 | 0 |   | 0 |   | 0 | X |   | 7 
---|---|---|---|---|---|---|---|---|---
 8 | 0 |   | 0 | X |   |   |   |   | 8 
---|---|---|---|---|---|---|---|---|---
   | 1 | 2 | 3 | 4 | 5 | 6 | 7 | 8 |

It took 0 seconds to make this move...


White to move
WXXXXXXXEXXXXXXXEXXXXXXXXOXOXXOXXOOXXXOXXOEOXOOOEOOEOEOXEOEOXEEEE
(7,3) Depth reached: 5, Nodes searched: 2976
   | 1 | 2 | 3 | 4 | 5 | 6 | 7 | 8 |
---|---|---|---|---|---|---|---|---|---
 1 | X | X | X | X | X | X | X |   | 1 
---|---|---|---|---|---|---|---|---|---
 2 | X | X | X | X | X | X | X |   | 2 
---|---|---|---|---|---|---|---|---|---
 3 | X | X | X | X | X | X | X | X | 3 
---|---|---|---|---|---|---|---|---|---
 4 | 0 | X | 0 | X | X | 0 | X | X | 4 
---|---|---|---|---|---|---|---|---|---
 5 | 0 | 0 | X | X | 0 | 0 | X | X | 5 
---|---|---|---|---|---|---|---|---|---
 6 | 0 |   | 0 | 0 | 0 | 0 | 0 |   | 6 
---|---|---|---|---|---|---|---|---|---
 7 | 0 | 0 | 0 | 0 |   | 0 | X |   | 7 
---|---|---|---|---|---|---|---|---|---
 8 | 0 |   | 0 | X |   |   |   |   | 8 
---|---|---|---|---|---|---|---|---|---
   | 1 | 2 | 3 | 4 | 5 | 6 | 7 | 8 |

It took 1 seconds to make this move...


Black to move
BXXXXXXXEXXXXXXXEXXXXXXXXOXOXXOXXOOXXOOXXOEOOOOOEOOOOEOXEOEOXEEEE
(6,2)
   | 1 | 2 | 3 | 4 | 5 | 6 | 7 | 8 |
---|---|---|---|---|---|---|---|---|---
 1 | X | X | X | X | X | X | X |   | 1 
---|---|---|---|---|---|---|---|---|---
 2 | X | X | X | X | X | X | X |   | 2 
---|---|---|---|---|---|---|---|---|---
 3 | X | X | X | X | X | X | X | X | 3 
---|---|---|---|---|---|---|---|---|---
 4 | 0 | X | 0 | X | X | 0 | X | X | 4 
---|---|---|---|---|---|---|---|---|---
 5 | 0 | X | X | X | 0 | 0 | X | X | 5 
---|---|---|---|---|---|---|---|---|---
 6 | 0 | X | 0 | 0 | 0 | 0 | 0 |   | 6 
---|---|---|---|---|---|---|---|---|---
 7 | 0 | 0 | X | 0 |   | 0 | X |   | 7 
---|---|---|---|---|---|---|---|---|---
 8 | 0 |   | 0 | X |   |   |   |   | 8 
---|---|---|---|---|---|---|---|---|---
   | 1 | 2 | 3 | 4 | 5 | 6 | 7 | 8 |

It took 0 seconds to make this move...


White to move
WXXXXXXXEXXXXXXXEXXXXXXXXOXOXXOXXOXXXOOXXOXOOOOOEOOXOEOXEOEOXEEEE
(6,8) Depth reached: 5, Nodes searched: 3078
   | 1 | 2 | 3 | 4 | 5 | 6 | 7 | 8 |
---|---|---|---|---|---|---|---|---|---
 1 | X | X | X | X | X | X | X |   | 1 
---|---|---|---|---|---|---|---|---|---
 2 | X | X | X | X | X | X | X |   | 2 
---|---|---|---|---|---|---|---|---|---
 3 | X | X | X | X | X | X | X | X | 3 
---|---|---|---|---|---|---|---|---|---
 4 | 0 | X | 0 | X | X | 0 | X | X | 4 
---|---|---|---|---|---|---|---|---|---
 5 | 0 | X | X | X | 0 | 0 | 0 | X | 5 
---|---|---|---|---|---|---|---|---|---
 6 | 0 | X | 0 | 0 | 0 | 0 | 0 | 0 | 6 
---|---|---|---|---|---|---|---|---|---
 7 | 0 | 0 | X | 0 |   | 0 | X |   | 7 
---|---|---|---|---|---|---|---|---|---
 8 | 0 |   | 0 | X |   |   |   |   | 8 
---|---|---|---|---|---|---|---|---|---
   | 1 | 2 | 3 | 4 | 5 | 6 | 7 | 8 |

It took 1 seconds to make this move...


Black to move
BXXXXXXXEXXXXXXXEXXXXXXXXOXOXXOXXOXXXOOOXOXOOOOOOOOXOEOXEOEOXEEEE
(7,8)
   | 1 | 2 | 3 | 4 | 5 | 6 | 7 | 8 |
---|---|---|---|---|---|---|---|---|---
 1 | X | X | X | X | X | X | X |   | 1 
---|---|---|---|---|---|---|---|---|---
 2 | X | X | X | X | X | X | X |   | 2 
---|---|---|---|---|---|---|---|---|---
 3 | X | X | X | X | X | X | X | X | 3 
---|---|---|---|---|---|---|---|---|---
 4 | 0 | X | 0 | X | X | 0 | X | X | 4 
---|---|---|---|---|---|---|---|---|---
 5 | 0 | X | X | X | 0 | X | 0 | X | 5 
---|---|---|---|---|---|---|---|---|---
 6 | 0 | X | 0 | 0 | 0 | 0 | X | X | 6 
---|---|---|---|---|---|---|---|---|---
 7 | 0 | 0 | X | 0 |   | 0 | X | X | 7 
---|---|---|---|---|---|---|---|---|---
 8 | 0 |   | 0 | X |   |   |   |   | 8 
---|---|---|---|---|---|---|---|---|---
   | 1 | 2 | 3 | 4 | 5 | 6 | 7 | 8 |

It took 0 seconds to make this move...


White to move
WXXXXXXXEXXXXXXXEXXXXXXXXOXOXXOXXOXXXOXOXOXOOOOXXOOXOEOXXOEOXEEEE
(8,5) Depth reached: 7, Nodes searched: 2892
   | 1 | 2 | 3 | 4 | 5 | 6 | 7 | 8 |
---|---|---|---|---|---|---|---|---|---
 1 | X | X | X | X | X | X | X |   | 1 
---|---|---|---|---|---|---|---|---|---
 2 | X | X | X | X | X | X | X |   | 2 
---|---|---|---|---|---|---|---|---|---
 3 | X | X | X | X | X | X | X | X | 3 
---|---|---|---|---|---|---|---|---|---
 4 | 0 | X | 0 | X | X | 0 | X | X | 4 
---|---|---|---|---|---|---|---|---|---
 5 | 0 | X | X | X | 0 | X | 0 | X | 5 
---|---|---|---|---|---|---|---|---|---
 6 | 0 | X | 0 | 0 | 0 | 0 | X | X | 6 
---|---|---|---|---|---|---|---|---|---
 7 | 0 | 0 | X | 0 |   | 0 | X | X | 7 
---|---|---|---|---|---|---|---|---|---
 8 | 0 |   | 0 | 0 | 0 |   |   |   | 8 
---|---|---|---|---|---|---|---|---|---
   | 1 | 2 | 3 | 4 | 5 | 6 | 7 | 8 |

It took 1 seconds to make this move...


Black to move
BXXXXXXXEXXXXXXXEXXXXXXXXOXOXXOXXOXXXOXOXOXOOOOXXOOXOEOXXOEOOOEEE
(7,5)
   | 1 | 2 | 3 | 4 | 5 | 6 | 7 | 8 |
---|---|---|---|---|---|---|---|---|---
 1 | X | X | X | X | X | X | X |   | 1 
---|---|---|---|---|---|---|---|---|---
 2 | X | X | X | X | X | X | X |   | 2 
---|---|---|---|---|---|---|---|---|---
 3 | X | X | X | X | X | X | X | X | 3 
---|---|---|---|---|---|---|---|---|---
 4 | 0 | X | 0 | X | X | 0 | X | X | 4 
---|---|---|---|---|---|---|---|---|---
 5 | 0 | X | X | X | X | X | X | X | 5 
---|---|---|---|---|---|---|---|---|---
 6 | 0 | X | 0 | X | X | X | X | X | 6 
---|---|---|---|---|---|---|---|---|---
 7 | 0 | 0 | X | X | X | X | X | X | 7 
---|---|---|---|---|---|---|---|---|---
 8 | 0 |   | 0 | 0 | 0 |   |   |   | 8 
---|---|---|---|---|---|---|---|---|---
   | 1 | 2 | 3 | 4 | 5 | 6 | 7 | 8 |

It took 0 seconds to make this move...


White to move
WXXXXXXXEXXXXXXXEXXXXXXXXOXOXXOXXOXXXXXXXOXOXXXXXOOXXXXXXOEOOOEEE
(8,2) Depth reached: 22, Nodes searched: 524
   | 1 | 2 | 3 | 4 | 5 | 6 | 7 | 8 |
---|---|---|---|---|---|---|---|---|---
 1 | X | X | X | X | X | X | X |   | 1 
---|---|---|---|---|---|---|---|---|---
 2 | X | X | X | X | X | X | X |   | 2 
---|---|---|---|---|---|---|---|---|---
 3 | X | X | X | X | X | X | X | X | 3 
---|---|---|---|---|---|---|---|---|---
 4 | 0 | X | 0 | X | X | 0 | X | X | 4 
---|---|---|---|---|---|---|---|---|---
 5 | 0 | X | X | X | 0 | X | X | X | 5 
---|---|---|---|---|---|---|---|---|---
 6 | 0 | X | 0 | 0 | X | X | X | X | 6 
---|---|---|---|---|---|---|---|---|---
 7 | 0 | 0 | 0 | X | X | X | X | X | 7 
---|---|---|---|---|---|---|---|---|---
 8 | 0 | 0 | 0 | 0 | 0 |   |   |   | 8 
---|---|---|---|---|---|---|---|---|---
   | 1 | 2 | 3 | 4 | 5 | 6 | 7 | 8 |

It took 1 seconds to make this move...


Black to move
BXXXXXXXEXXXXXXXEXXXXXXXXOXOXXOXXOXXXOXXXOXOOXXXXOOOXXXXXOOOOOEEE
pass
   | 1 | 2 | 3 | 4 | 5 | 6 | 7 | 8 |
---|---|---|---|---|---|---|---|---|---
 1 | X | X | X | X | X | X | X |   | 1 
---|---|---|---|---|---|---|---|---|---
 2 | X | X | X | X | X | X | X |   | 2 
---|---|---|---|---|---|---|---|---|---
 3 | X | X | X | X | X | X | X | X | 3 
---|---|---|---|---|---|---|---|---|---
 4 | 0 | X | 0 | X | X | 0 | X | X | 4 
---|---|---|---|---|---|---|---|---|---
 5 | 0 | X | X | X | 0 | X | X | X | 5 
---|---|---|---|---|---|---|---|---|---
 6 | 0 | X | 0 | 0 | X | X | X | X | 6 
---|---|---|---|---|---|---|---|---|---
 7 | 0 | 0 | 0 | X | X | X | X | X | 7 
---|---|---|---|---|---|---|---|---|---
 8 | 0 | 0 | 0 | 0 | 0 |   |   |   | 8 
---|---|---|---|---|---|---|---|---|---
   | 1 | 2 | 3 | 4 | 5 | 6 | 7 | 8 |

It took 0 seconds to make this move...


White to move
WXXXXXXXEXXXXXXXEXXXXXXXXOXOXXOXXOXXXOXXXOXOOXXXXOOOXXXXXOOOOOEEE
(8,8) Depth reached: 38, Nodes searched: 466
   | 1 | 2 | 3 | 4 | 5 | 6 | 7 | 8 |
---|---|---|---|---|---|---|---|---|---
 1 | X | X | X | X | X | X | X |   | 1 
---|---|---|---|---|---|---|---|---|---
 2 | X | X | X | X | X | X | X |   | 2 
---|---|---|---|---|---|---|---|---|---
 3 | X | X | X | X | X | X | X | X | 3 
---|---|---|---|---|---|---|---|---|---
 4 | 0 | X | 0 | X | X | 0 | X | X | 4 
---|---|---|---|---|---|---|---|---|---
 5 | 0 | X | X | X | 0 | X | X | X | 5 
---|---|---|---|---|---|---|---|---|---
 6 | 0 | X | 0 | 0 | X | 0 | X | X | 6 
---|---|---|---|---|---|---|---|---|---
 7 | 0 | 0 | 0 | X | X | X | 0 | X | 7 
---|---|---|---|---|---|---|---|---|---
 8 | 0 | 0 | 0 | 0 | 0 |   |   | 0 | 8 
---|---|---|---|---|---|---|---|---|---
   | 1 | 2 | 3 | 4 | 5 | 6 | 7 | 8 |

It took 1 seconds to make this move...


Black to move
BXXXXXXXEXXXXXXXEXXXXXXXXOXOXXOXXOXXXOXXXOXOOXOXXOOOXXXOXOOOOOEEO
(8,6)
   | 1 | 2 | 3 | 4 | 5 | 6 | 7 | 8 |
---|---|---|---|---|---|---|---|---|---
 1 | X | X | X | X | X | X | X |   | 1 
---|---|---|---|---|---|---|---|---|---
 2 | X | X | X | X | X | X | X |   | 2 
---|---|---|---|---|---|---|---|---|---
 3 | X | X | X | X | X | X | X | X | 3 
---|---|---|---|---|---|---|---|---|---
 4 | 0 | X | 0 | X | X | 0 | X | X | 4 
---|---|---|---|---|---|---|---|---|---
 5 | 0 | X | X | X | 0 | X | X | X | 5 
---|---|---|---|---|---|---|---|---|---
 6 | 0 | X | 0 | 0 | X | 0 | X | X | 6 
---|---|---|---|---|---|---|---|---|---
 7 | 0 | 0 | 0 | X | X | X | X | X | 7 
---|---|---|---|---|---|---|---|---|---
 8 | 0 | 0 | 0 | 0 | 0 | X |   | 0 | 8 
---|---|---|---|---|---|---|---|---|---
   | 1 | 2 | 3 | 4 | 5 | 6 | 7 | 8 |

It took 0 seconds to make this move...


White to move
WXXXXXXXEXXXXXXXEXXXXXXXXOXOXXOXXOXXXOXXXOXOOXOXXOOOXXXXXOOOOOXEO
(2,8) Depth reached: 82, Nodes searched: 377
   | 1 | 2 | 3 | 4 | 5 | 6 | 7 | 8 |
---|---|---|---|---|---|---|---|---|---
 1 | X | X | X | X | X | X | X |   | 1 
---|---|---|---|---|---|---|---|---|---
 2 | X | X | X | X | X | X | X | 0 | 2 
---|---|---|---|---|---|---|---|---|---
 3 | X | X | X | X | X | X | 0 | 0 | 3 
---|---|---|---|---|---|---|---|---|---
 4 | 0 | X | 0 | X | X | 0 | X | 0 | 4 
---|---|---|---|---|---|---|---|---|---
 5 | 0 | X | X | X | 0 | X | X | 0 | 5 
---|---|---|---|---|---|---|---|---|---
 6 | 0 | X | 0 | 0 | X | 0 | X | 0 | 6 
---|---|---|---|---|---|---|---|---|---
 7 | 0 | 0 | 0 | X | X | X | X | 0 | 7 
---|---|---|---|---|---|---|---|---|---
 8 | 0 | 0 | 0 | 0 | 0 | X |   | 0 | 8 
---|---|---|---|---|---|---|---|---|---
   | 1 | 2 | 3 | 4 | 5 | 6 | 7 | 8 |

It took 0 seconds to make this move...


Black to move
BXXXXXXXEXXXXXXXOXXXXXXOOOXOXXOXOOXXXOXXOOXOOXOXOOOOXXXXOOOOOOXEO
pass
   | 1 | 2 | 3 | 4 | 5 | 6 | 7 | 8 |
---|---|---|---|---|---|---|---|---|---
 1 | X | X | X | X | X | X | X |   | 1 
---|---|---|---|---|---|---|---|---|---
 2 | X | X | X | X | X | X | X | 0 | 2 
---|---|---|---|---|---|---|---|---|---
 3 | X | X | X | X | X | X | 0 | 0 | 3 
---|---|---|---|---|---|---|---|---|---
 4 | 0 | X | 0 | X | X | 0 | X | 0 | 4 
---|---|---|---|---|---|---|---|---|---
 5 | 0 | X | X | X | 0 | X | X | 0 | 5 
---|---|---|---|---|---|---|---|---|---
 6 | 0 | X | 0 | 0 | X | 0 | X | 0 | 6 
---|---|---|---|---|---|---|---|---|---
 7 | 0 | 0 | 0 | X | X | X | X | 0 | 7 
---|---|---|---|---|---|---|---|---|---
 8 | 0 | 0 | 0 | 0 | 0 | X |   | 0 | 8 
---|---|---|---|---|---|---|---|---|---
   | 1 | 2 | 3 | 4 | 5 | 6 | 7 | 8 |

It took 1 seconds to make this move...


White to move
WXXXXXXXEXXXXXXXOXXXXXXOOOXOXXOXOOXXXOXXOOXOOXOXOOOOXXXXOOOOOOXEO
(1,8) Depth reached: 132, Nodes searched: 54
   | 1 | 2 | 3 | 4 | 5 | 6 | 7 | 8 |
---|---|---|---|---|---|---|---|---|---
 1 | X | X | X | X | X | X | X | 0 | 1 
---|---|---|---|---|---|---|---|---|---
 2 | X | X | X | X | X | X | 0 | 0 | 2 
---|---|---|---|---|---|---|---|---|---
 3 | X | X | X | X | X | 0 | 0 | 0 | 3 
---|---|---|---|---|---|---|---|---|---
 4 | 0 | X | 0 | X | 0 | 0 | X | 0 | 4 
---|---|---|---|---|---|---|---|---|---
 5 | 0 | X | X | 0 | 0 | X | X | 0 | 5 
---|---|---|---|---|---|---|---|---|---
 6 | 0 | X | 0 | 0 | X | 0 | X | 0 | 6 
---|---|---|---|---|---|---|---|---|---
 7 | 0 | 0 | 0 | X | X | X | X | 0 | 7 
---|---|---|---|---|---|---|---|---|---
 8 | 0 | 0 | 0 | 0 | 0 | X |   | 0 | 8 
---|---|---|---|---|---|---|---|---|---
   | 1 | 2 | 3 | 4 | 5 | 6 | 7 | 8 |

It took 0 seconds to make this move...


Black to move
BXXXXXXXOXXXXXXOOXXXXXOOOOXOXOOXOOXXOOXXOOXOOXOXOOOOXXXXOOOOOOXEO
pass
   | 1 | 2 | 3 | 4 | 5 | 6 | 7 | 8 |
---|---|---|---|---|---|---|---|---|---
 1 | X | X | X | X | X | X | X | 0 | 1 
---|---|---|---|---|---|---|---|---|---
 2 | X | X | X | X | X | X | 0 | 0 | 2 
---|---|---|---|---|---|---|---|---|---
 3 | X | X | X | X | X | 0 | 0 | 0 | 3 
---|---|---|---|---|---|---|---|---|---
 4 | 0 | X | 0 | X | 0 | 0 | X | 0 | 4 
---|---|---|---|---|---|---|---|---|---
 5 | 0 | X | X | 0 | 0 | X | X | 0 | 5 
---|---|---|---|---|---|---|---|---|---
 6 | 0 | X | 0 | 0 | X | 0 | X | 0 | 6 
---|---|---|---|---|---|---|---|---|---
 7 | 0 | 0 | 0 | X | X | X | X | 0 | 7 
---|---|---|---|---|---|---|---|---|---
 8 | 0 | 0 | 0 | 0 | 0 | X |   | 0 | 8 
---|---|---|---|---|---|---|---|---|---
   | 1 | 2 | 3 | 4 | 5 | 6 | 7 | 8 |

It took 0 seconds to make this move...


White to move
WXXXXXXXOXXXXXXOOXXXXXOOOOXOXOOXOOXXOOXXOOXOOXOXOOOOXXXXOOOOOOXEO
(8,7) Depth reached: 191, Nodes searched: 65
   | 1 | 2 | 3 | 4 | 5 | 6 | 7 | 8 |
---|---|---|---|---|---|---|---|---|---
 1 | X | X | X | X | X | X | X | 0 | 1 
---|---|---|---|---|---|---|---|---|---
 2 | X | X | X | X | X | X | 0 | 0 | 2 
---|---|---|---|---|---|---|---|---|---
 3 | X | X | X | X | X | 0 | 0 | 0 | 3 
---|---|---|---|---|---|---|---|---|---
 4 | 0 | X | 0 | X | 0 | 0 | 0 | 0 | 4 
---|---|---|---|---|---|---|---|---|---
 5 | 0 | X | X | 0 | 0 | X | 0 | 0 | 5 
---|---|---|---|---|---|---|---|---|---
 6 | 0 | X | 0 | 0 | 0 | 0 | 0 | 0 | 6 
---|---|---|---|---|---|---|---|---|---
 7 | 0 | 0 | 0 | X | X | 0 | 0 | 0 | 7 
---|---|---|---|---|---|---|---|---|---
 8 | 0 | 0 | 0 | 0 | 0 | 0 | 0 | 0 | 8 
---|---|---|---|---|---|---|---|---|---
   | 1 | 2 | 3 | 4 | 5 | 6 | 7 | 8 |

It took 1 seconds to make this move...


Black to move
BXXXXXXXOXXXXXXOOXXXXXOOOOXOXOOOOOXXOOXOOOXOOOOOOOOOXXOOOOOOOOOOO
pass
   | 1 | 2 | 3 | 4 | 5 | 6 | 7 | 8 |
---|---|---|---|---|---|---|---|---|---
 1 | X | X | X | X | X | X | X | 0 | 1 
---|---|---|---|---|---|---|---|---|---
 2 | X | X | X | X | X | X | 0 | 0 | 2 
---|---|---|---|---|---|---|---|---|---
 3 | X | X | X | X | X | 0 | 0 | 0 | 3 
---|---|---|---|---|---|---|---|---|---
 4 | 0 | X | 0 | X | 0 | 0 | 0 | 0 | 4 
---|---|---|---|---|---|---|---|---|---
 5 | 0 | X | X | 0 | 0 | X | 0 | 0 | 5 
---|---|---|---|---|---|---|---|---|---
 6 | 0 | X | 0 | 0 | 0 | 0 | 0 | 0 | 6 
---|---|---|---|---|---|---|---|---|---
 7 | 0 | 0 | 0 | X | X | 0 | 0 | 0 | 7 
---|---|---|---|---|---|---|---|---|---
 8 | 0 | 0 | 0 | 0 | 0 | 0 | 0 | 0 | 8 
---|---|---|---|---|---|---|---|---|---
   | 1 | 2 | 3 | 4 | 5 | 6 | 7 | 8 |

It took 0 seconds to make this move...


White to move
WXXXXXXXOXXXXXXOOXXXXXOOOOXOXOOOOOXXOOXOOOXOOOOOOOOOXXOOOOOOOOOOO
pass
   | 1 | 2 | 3 | 4 | 5 | 6 | 7 | 8 |
---|---|---|---|---|---|---|---|---|---
 1 | X | X | X | X | X | X | X | 0 | 1 
---|---|---|---|---|---|---|---|---|---
 2 | X | X | X | X | X | X | 0 | 0 | 2 
---|---|---|---|---|---|---|---|---|---
 3 | X | X | X | X | X | 0 | 0 | 0 | 3 
---|---|---|---|---|---|---|---|---|---
 4 | 0 | X | 0 | X | 0 | 0 | 0 | 0 | 4 
---|---|---|---|---|---|---|---|---|---
 5 | 0 | X | X | 0 | 0 | X | 0 | 0 | 5 
---|---|---|---|---|---|---|---|---|---
 6 | 0 | X | 0 | 0 | 0 | 0 | 0 | 0 | 6 
---|---|---|---|---|---|---|---|---|---
 7 | 0 | 0 | 0 | X | X | 0 | 0 | 0 | 7 
---|---|---|---|---|---|---|---|---|---
 8 | 0 | 0 | 0 | 0 | 0 | 0 | 0 | 0 | 8 
---|---|---|---|---|---|---|---|---|---
   | 1 | 2 | 3 | 4 | 5 | 6 | 7 | 8 |

It took 1 seconds to make this move...
***************************************
Results for ../Python/othello.sh vs. ./othello_naive.sh:
White won with 12 points
Average time for white: 0.7 s (max: 1 s)
Average time for black: 0.2 s (max: 1 s)
***************************************
