   | 1 | 2 | 3 | 4 | 5 | 6 | 7 | 8 |
---|---|---|---|---|---|---|---|---|---
 1 |   |   |   |   |   |   |   |   | 1 
---|---|---|---|---|---|---|---|---|---
 2 |   |   |   |   |   |   |   |   | 2 
---|---|---|---|---|---|---|---|---|---
 3 |   |   |   |   |   |   |   |   | 3 
---|---|---|---|---|---|---|---|---|---
 4 |   |   |   | 0 | X |   |   |   | 4 
---|---|---|---|---|---|---|---|---|---
 5 |   |   |   | X | 0 |   |   |   | 5 
---|---|---|---|---|---|---|---|---|---
 6 |   |   |   |   |   |   |   |   | 6 
---|---|---|---|---|---|---|---|---|---
 7 |   |   |   |   |   |   |   |   | 7 
---|---|---|---|---|---|---|---|---|---
 8 |   |   |   |   |   |   |   |   | 8 
---|---|---|---|---|---|---|---|---|---
   | 1 | 2 | 3 | 4 | 5 | 6 | 7 | 8 |



White to move
WEEEEEEEEEEEEEEEEEEEEEEEEEEEOXEEEEEEXOEEEEEEEEEEEEEEEEEEEEEEEEEEE
(3,5)
   | 1 | 2 | 3 | 4 | 5 | 6 | 7 | 8 |
---|---|---|---|---|---|---|---|---|---
 1 |   |   |   |   |   |   |   |   | 1 
---|---|---|---|---|---|---|---|---|---
 2 |   |   |   |   |   |   |   |   | 2 
---|---|---|---|---|---|---|---|---|---
 3 |   |   |   |   | 0 |   |   |   | 3 
---|---|---|---|---|---|---|---|---|---
 4 |   |   |   | 0 | 0 |   |   |   | 4 
---|---|---|---|---|---|---|---|---|---
 5 |   |   |   | X | 0 |   |   |   | 5 
---|---|---|---|---|---|---|---|---|---
 6 |   |   |   |   |   |   |   |   | 6 
---|---|---|---|---|---|---|---|---|---
 7 |   |   |   |   |   |   |   |   | 7 
---|---|---|---|---|---|---|---|---|---
 8 |   |   |   |   |   |   |   |   | 8 
---|---|---|---|---|---|---|---|---|---
   | 1 | 2 | 3 | 4 | 5 | 6 | 7 | 8 |

It took 1 seconds to make this move...


Black to move
BEEEEEEEEEEEEEEEEEEEEOEEEEEEOOEEEEEEXOEEEEEEEEEEEEEEEEEEEEEEEEEEE
(3,4) Depth reached: 9, Nodes searched: 13060
   | 1 | 2 | 3 | 4 | 5 | 6 | 7 | 8 |
---|---|---|---|---|---|---|---|---|---
 1 |   |   |   |   |   |   |   |   | 1 
---|---|---|---|---|---|---|---|---|---
 2 |   |   |   |   |   |   |   |   | 2 
---|---|---|---|---|---|---|---|---|---
 3 |   |   |   | X | 0 |   |   |   | 3 
---|---|---|---|---|---|---|---|---|---
 4 |   |   |   | X | 0 |   |   |   | 4 
---|---|---|---|---|---|---|---|---|---
 5 |   |   |   | X | 0 |   |   |   | 5 
---|---|---|---|---|---|---|---|---|---
 6 |   |   |   |   |   |   |   |   | 6 
---|---|---|---|---|---|---|---|---|---
 7 |   |   |   |   |   |   |   |   | 7 
---|---|---|---|---|---|---|---|---|---
 8 |   |   |   |   |   |   |   |   | 8 
---|---|---|---|---|---|---|---|---|---
   | 1 | 2 | 3 | 4 | 5 | 6 | 7 | 8 |

It took 9 seconds to make this move...


White to move
WEEEEEEEEEEEEEEEEEEEXOEEEEEEXOEEEEEEXOEEEEEEEEEEEEEEEEEEEEEEEEEEE
(3,3)
   | 1 | 2 | 3 | 4 | 5 | 6 | 7 | 8 |
---|---|---|---|---|---|---|---|---|---
 1 |   |   |   |   |   |   |   |   | 1 
---|---|---|---|---|---|---|---|---|---
 2 |   |   |   |   |   |   |   |   | 2 
---|---|---|---|---|---|---|---|---|---
 3 |   |   | 0 | 0 | 0 |   |   |   | 3 
---|---|---|---|---|---|---|---|---|---
 4 |   |   |   | 0 | 0 |   |   |   | 4 
---|---|---|---|---|---|---|---|---|---
 5 |   |   |   | X | 0 |   |   |   | 5 
---|---|---|---|---|---|---|---|---|---
 6 |   |   |   |   |   |   |   |   | 6 
---|---|---|---|---|---|---|---|---|---
 7 |   |   |   |   |   |   |   |   | 7 
---|---|---|---|---|---|---|---|---|---
 8 |   |   |   |   |   |   |   |   | 8 
---|---|---|---|---|---|---|---|---|---
   | 1 | 2 | 3 | 4 | 5 | 6 | 7 | 8 |

It took 0 seconds to make this move...


Black to move
BEEEEEEEEEEEEEEEEEEOOOEEEEEEOOEEEEEEXOEEEEEEEEEEEEEEEEEEEEEEEEEEE
(3,6) Depth reached: 8, Nodes searched: 11179
   | 1 | 2 | 3 | 4 | 5 | 6 | 7 | 8 |
---|---|---|---|---|---|---|---|---|---
 1 |   |   |   |   |   |   |   |   | 1 
---|---|---|---|---|---|---|---|---|---
 2 |   |   |   |   |   |   |   |   | 2 
---|---|---|---|---|---|---|---|---|---
 3 |   |   | 0 | 0 | 0 | X |   |   | 3 
---|---|---|---|---|---|---|---|---|---
 4 |   |   |   | 0 | X |   |   |   | 4 
---|---|---|---|---|---|---|---|---|---
 5 |   |   |   | X | 0 |   |   |   | 5 
---|---|---|---|---|---|---|---|---|---
 6 |   |   |   |   |   |   |   |   | 6 
---|---|---|---|---|---|---|---|---|---
 7 |   |   |   |   |   |   |   |   | 7 
---|---|---|---|---|---|---|---|---|---
 8 |   |   |   |   |   |   |   |   | 8 
---|---|---|---|---|---|---|---|---|---
   | 1 | 2 | 3 | 4 | 5 | 6 | 7 | 8 |

It took 9 seconds to make this move...


White to move
WEEEEEEEEEEEEEEEEEEOOOXEEEEEOXEEEEEEXOEEEEEEEEEEEEEEEEEEEEEEEEEEE
(5,3)
   | 1 | 2 | 3 | 4 | 5 | 6 | 7 | 8 |
---|---|---|---|---|---|---|---|---|---
 1 |   |   |   |   |   |   |   |   | 1 
---|---|---|---|---|---|---|---|---|---
 2 |   |   |   |   |   |   |   |   | 2 
---|---|---|---|---|---|---|---|---|---
 3 |   |   | 0 | 0 | 0 | X |   |   | 3 
---|---|---|---|---|---|---|---|---|---
 4 |   |   |   | 0 | X |   |   |   | 4 
---|---|---|---|---|---|---|---|---|---
 5 |   |   | 0 | 0 | 0 |   |   |   | 5 
---|---|---|---|---|---|---|---|---|---
 6 |   |   |   |   |   |   |   |   | 6 
---|---|---|---|---|---|---|---|---|---
 7 |   |   |   |   |   |   |   |   | 7 
---|---|---|---|---|---|---|---|---|---
 8 |   |   |   |   |   |   |   |   | 8 
---|---|---|---|---|---|---|---|---|---
   | 1 | 2 | 3 | 4 | 5 | 6 | 7 | 8 |

It took 0 seconds to make this move...


Black to move
BEEEEEEEEEEEEEEEEEEOOOXEEEEEOXEEEEEOOOEEEEEEEEEEEEEEEEEEEEEEEEEEE
(4,3) Depth reached: 7, Nodes searched: 33994
   | 1 | 2 | 3 | 4 | 5 | 6 | 7 | 8 |
---|---|---|---|---|---|---|---|---|---
 1 |   |   |   |   |   |   |   |   | 1 
---|---|---|---|---|---|---|---|---|---
 2 |   |   |   |   |   |   |   |   | 2 
---|---|---|---|---|---|---|---|---|---
 3 |   |   | 0 | 0 | 0 | X |   |   | 3 
---|---|---|---|---|---|---|---|---|---
 4 |   |   | X | X | X |   |   |   | 4 
---|---|---|---|---|---|---|---|---|---
 5 |   |   | 0 | 0 | 0 |   |   |   | 5 
---|---|---|---|---|---|---|---|---|---
 6 |   |   |   |   |   |   |   |   | 6 
---|---|---|---|---|---|---|---|---|---
 7 |   |   |   |   |   |   |   |   | 7 
---|---|---|---|---|---|---|---|---|---
 8 |   |   |   |   |   |   |   |   | 8 
---|---|---|---|---|---|---|---|---|---
   | 1 | 2 | 3 | 4 | 5 | 6 | 7 | 8 |

It took 9 seconds to make this move...


White to move
WEEEEEEEEEEEEEEEEEEOOOXEEEEXXXEEEEEOOOEEEEEEEEEEEEEEEEEEEEEEEEEEE
(2,7)
   | 1 | 2 | 3 | 4 | 5 | 6 | 7 | 8 |
---|---|---|---|---|---|---|---|---|---
 1 |   |   |   |   |   |   |   |   | 1 
---|---|---|---|---|---|---|---|---|---
 2 |   |   |   |   |   |   | 0 |   | 2 
---|---|---|---|---|---|---|---|---|---
 3 |   |   | 0 | 0 | 0 | 0 |   |   | 3 
---|---|---|---|---|---|---|---|---|---
 4 |   |   | X | X | 0 |   |   |   | 4 
---|---|---|---|---|---|---|---|---|---
 5 |   |   | 0 | 0 | 0 |   |   |   | 5 
---|---|---|---|---|---|---|---|---|---
 6 |   |   |   |   |   |   |   |   | 6 
---|---|---|---|---|---|---|---|---|---
 7 |   |   |   |   |   |   |   |   | 7 
---|---|---|---|---|---|---|---|---|---
 8 |   |   |   |   |   |   |   |   | 8 
---|---|---|---|---|---|---|---|---|---
   | 1 | 2 | 3 | 4 | 5 | 6 | 7 | 8 |

It took 0 seconds to make this move...


Black to move
BEEEEEEEEEEEEEEOEEEOOOOEEEEXXOEEEEEOOOEEEEEEEEEEEEEEEEEEEEEEEEEEE
(4,6) Depth reached: 7, Nodes searched: 3982
   | 1 | 2 | 3 | 4 | 5 | 6 | 7 | 8 |
---|---|---|---|---|---|---|---|---|---
 1 |   |   |   |   |   |   |   |   | 1 
---|---|---|---|---|---|---|---|---|---
 2 |   |   |   |   |   |   | 0 |   | 2 
---|---|---|---|---|---|---|---|---|---
 3 |   |   | 0 | 0 | 0 | 0 |   |   | 3 
---|---|---|---|---|---|---|---|---|---
 4 |   |   | X | X | X | X |   |   | 4 
---|---|---|---|---|---|---|---|---|---
 5 |   |   | 0 | 0 | 0 |   |   |   | 5 
---|---|---|---|---|---|---|---|---|---
 6 |   |   |   |   |   |   |   |   | 6 
---|---|---|---|---|---|---|---|---|---
 7 |   |   |   |   |   |   |   |   | 7 
---|---|---|---|---|---|---|---|---|---
 8 |   |   |   |   |   |   |   |   | 8 
---|---|---|---|---|---|---|---|---|---
   | 1 | 2 | 3 | 4 | 5 | 6 | 7 | 8 |

It took 9 seconds to make this move...


White to move
WEEEEEEEEEEEEEEOEEEOOOOEEEEXXXXEEEEOOOEEEEEEEEEEEEEEEEEEEEEEEEEEE
(3,2)
   | 1 | 2 | 3 | 4 | 5 | 6 | 7 | 8 |
---|---|---|---|---|---|---|---|---|---
 1 |   |   |   |   |   |   |   |   | 1 
---|---|---|---|---|---|---|---|---|---
 2 |   |   |   |   |   |   | 0 |   | 2 
---|---|---|---|---|---|---|---|---|---
 3 |   | 0 | 0 | 0 | 0 | 0 |   |   | 3 
---|---|---|---|---|---|---|---|---|---
 4 |   |   | 0 | X | X | X |   |   | 4 
---|---|---|---|---|---|---|---|---|---
 5 |   |   | 0 | 0 | 0 |   |   |   | 5 
---|---|---|---|---|---|---|---|---|---
 6 |   |   |   |   |   |   |   |   | 6 
---|---|---|---|---|---|---|---|---|---
 7 |   |   |   |   |   |   |   |   | 7 
---|---|---|---|---|---|---|---|---|---
 8 |   |   |   |   |   |   |   |   | 8 
---|---|---|---|---|---|---|---|---|---
   | 1 | 2 | 3 | 4 | 5 | 6 | 7 | 8 |

It took 1 seconds to make this move...


Black to move
BEEEEEEEEEEEEEEOEEOOOOOEEEEOXXXEEEEOOOEEEEEEEEEEEEEEEEEEEEEEEEEEE
(1,8) Depth reached: 6, Nodes searched: 47149
   | 1 | 2 | 3 | 4 | 5 | 6 | 7 | 8 |
---|---|---|---|---|---|---|---|---|---
 1 |   |   |   |   |   |   |   | X | 1 
---|---|---|---|---|---|---|---|---|---
 2 |   |   |   |   |   |   | X |   | 2 
---|---|---|---|---|---|---|---|---|---
 3 |   | 0 | 0 | 0 | 0 | X |   |   | 3 
---|---|---|---|---|---|---|---|---|---
 4 |   |   | 0 | X | X | X |   |   | 4 
---|---|---|---|---|---|---|---|---|---
 5 |   |   | 0 | 0 | 0 |   |   |   | 5 
---|---|---|---|---|---|---|---|---|---
 6 |   |   |   |   |   |   |   |   | 6 
---|---|---|---|---|---|---|---|---|---
 7 |   |   |   |   |   |   |   |   | 7 
---|---|---|---|---|---|---|---|---|---
 8 |   |   |   |   |   |   |   |   | 8 
---|---|---|---|---|---|---|---|---|---
   | 1 | 2 | 3 | 4 | 5 | 6 | 7 | 8 |

It took 9 seconds to make this move...


White to move
WEEEEEEEXEEEEEEXEEOOOOXEEEEOXXXEEEEOOOEEEEEEEEEEEEEEEEEEEEEEEEEEE
(3,7)
   | 1 | 2 | 3 | 4 | 5 | 6 | 7 | 8 |
---|---|---|---|---|---|---|---|---|---
 1 |   |   |   |   |   |   |   | X | 1 
---|---|---|---|---|---|---|---|---|---
 2 |   |   |   |   |   |   | X |   | 2 
---|---|---|---|---|---|---|---|---|---
 3 |   | 0 | 0 | 0 | 0 | 0 | 0 |   | 3 
---|---|---|---|---|---|---|---|---|---
 4 |   |   | 0 | X | X | 0 |   |   | 4 
---|---|---|---|---|---|---|---|---|---
 5 |   |   | 0 | 0 | 0 |   |   |   | 5 
---|---|---|---|---|---|---|---|---|---
 6 |   |   |   |   |   |   |   |   | 6 
---|---|---|---|---|---|---|---|---|---
 7 |   |   |   |   |   |   |   |   | 7 
---|---|---|---|---|---|---|---|---|---
 8 |   |   |   |   |   |   |   |   | 8 
---|---|---|---|---|---|---|---|---|---
   | 1 | 2 | 3 | 4 | 5 | 6 | 7 | 8 |

It took 0 seconds to make this move...


Black to move
BEEEEEEEXEEEEEEXEEOOOOOOEEEOXXOEEEEOOOEEEEEEEEEEEEEEEEEEEEEEEEEEE
(6,3) Depth reached: 6, Nodes searched: 49001
   | 1 | 2 | 3 | 4 | 5 | 6 | 7 | 8 |
---|---|---|---|---|---|---|---|---|---
 1 |   |   |   |   |   |   |   | X | 1 
---|---|---|---|---|---|---|---|---|---
 2 |   |   |   |   |   |   | X |   | 2 
---|---|---|---|---|---|---|---|---|---
 3 |   | 0 | 0 | 0 | 0 | 0 | 0 |   | 3 
---|---|---|---|---|---|---|---|---|---
 4 |   |   | 0 | X | X | 0 |   |   | 4 
---|---|---|---|---|---|---|---|---|---
 5 |   |   | 0 | X | 0 |   |   |   | 5 
---|---|---|---|---|---|---|---|---|---
 6 |   |   | X |   |   |   |   |   | 6 
---|---|---|---|---|---|---|---|---|---
 7 |   |   |   |   |   |   |   |   | 7 
---|---|---|---|---|---|---|---|---|---
 8 |   |   |   |   |   |   |   |   | 8 
---|---|---|---|---|---|---|---|---|---
   | 1 | 2 | 3 | 4 | 5 | 6 | 7 | 8 |

It took 9 seconds to make this move...


White to move
WEEEEEEEXEEEEEEXEEOOOOOOEEEOXXOEEEEOXOEEEEEXEEEEEEEEEEEEEEEEEEEEE
(6,4)
   | 1 | 2 | 3 | 4 | 5 | 6 | 7 | 8 |
---|---|---|---|---|---|---|---|---|---
 1 |   |   |   |   |   |   |   | X | 1 
---|---|---|---|---|---|---|---|---|---
 2 |   |   |   |   |   |   | X |   | 2 
---|---|---|---|---|---|---|---|---|---
 3 |   | 0 | 0 | 0 | 0 | 0 | 0 |   | 3 
---|---|---|---|---|---|---|---|---|---
 4 |   |   | 0 | 0 | X | 0 |   |   | 4 
---|---|---|---|---|---|---|---|---|---
 5 |   |   | 0 | 0 | 0 |   |   |   | 5 
---|---|---|---|---|---|---|---|---|---
 6 |   |   | X | 0 |   |   |   |   | 6 
---|---|---|---|---|---|---|---|---|---
 7 |   |   |   |   |   |   |   |   | 7 
---|---|---|---|---|---|---|---|---|---
 8 |   |   |   |   |   |   |   |   | 8 
---|---|---|---|---|---|---|---|---|---
   | 1 | 2 | 3 | 4 | 5 | 6 | 7 | 8 |

It took 1 seconds to make this move...


Black to move
BEEEEEEEXEEEEEEXEEOOOOOOEEEOOXOEEEEOOOEEEEEXOEEEEEEEEEEEEEEEEEEEE
(6,5) Depth reached: 7, Nodes searched: 26377
   | 1 | 2 | 3 | 4 | 5 | 6 | 7 | 8 |
---|---|---|---|---|---|---|---|---|---
 1 |   |   |   |   |   |   |   | X | 1 
---|---|---|---|---|---|---|---|---|---
 2 |   |   |   |   |   |   | X |   | 2 
---|---|---|---|---|---|---|---|---|---
 3 |   | 0 | 0 | 0 | 0 | 0 | 0 |   | 3 
---|---|---|---|---|---|---|---|---|---
 4 |   |   | 0 | 0 | X | 0 |   |   | 4 
---|---|---|---|---|---|---|---|---|---
 5 |   |   | 0 | 0 | X |   |   |   | 5 
---|---|---|---|---|---|---|---|---|---
 6 |   |   | X | X | X |   |   |   | 6 
---|---|---|---|---|---|---|---|---|---
 7 |   |   |   |   |   |   |   |   | 7 
---|---|---|---|---|---|---|---|---|---
 8 |   |   |   |   |   |   |   |   | 8 
---|---|---|---|---|---|---|---|---|---
   | 1 | 2 | 3 | 4 | 5 | 6 | 7 | 8 |

It took 9 seconds to make this move...


White to move
WEEEEEEEXEEEEEEXEEOOOOOOEEEOOXOEEEEOOXEEEEEXXXEEEEEEEEEEEEEEEEEEE
(7,5)
   | 1 | 2 | 3 | 4 | 5 | 6 | 7 | 8 |
---|---|---|---|---|---|---|---|---|---
 1 |   |   |   |   |   |   |   | X | 1 
---|---|---|---|---|---|---|---|---|---
 2 |   |   |   |   |   |   | X |   | 2 
---|---|---|---|---|---|---|---|---|---
 3 |   | 0 | 0 | 0 | 0 | 0 | 0 |   | 3 
---|---|---|---|---|---|---|---|---|---
 4 |   |   | 0 | 0 | 0 | 0 |   |   | 4 
---|---|---|---|---|---|---|---|---|---
 5 |   |   | 0 | 0 | 0 |   |   |   | 5 
---|---|---|---|---|---|---|---|---|---
 6 |   |   | X | 0 | 0 |   |   |   | 6 
---|---|---|---|---|---|---|---|---|---
 7 |   |   |   |   | 0 |   |   |   | 7 
---|---|---|---|---|---|---|---|---|---
 8 |   |   |   |   |   |   |   |   | 8 
---|---|---|---|---|---|---|---|---|---
   | 1 | 2 | 3 | 4 | 5 | 6 | 7 | 8 |

It took 0 seconds to make this move...


Black to move
BEEEEEEEXEEEEEEXEEOOOOOOEEEOOOOEEEEOOOEEEEEXOOEEEEEEEOEEEEEEEEEEE
(6,6) Depth reached: 7, Nodes searched: 40687
   | 1 | 2 | 3 | 4 | 5 | 6 | 7 | 8 |
---|---|---|---|---|---|---|---|---|---
 1 |   |   |   |   |   |   |   | X | 1 
---|---|---|---|---|---|---|---|---|---
 2 |   |   |   |   |   |   | X |   | 2 
---|---|---|---|---|---|---|---|---|---
 3 |   | 0 | 0 | 0 | 0 | 0 | 0 |   | 3 
---|---|---|---|---|---|---|---|---|---
 4 |   |   | 0 | 0 | 0 | 0 |   |   | 4 
---|---|---|---|---|---|---|---|---|---
 5 |   |   | 0 | 0 | 0 |   |   |   | 5 
---|---|---|---|---|---|---|---|---|---
 6 |   |   | X | X | X | X |   |   | 6 
---|---|---|---|---|---|---|---|---|---
 7 |   |   |   |   | 0 |   |   |   | 7 
---|---|---|---|---|---|---|---|---|---
 8 |   |   |   |   |   |   |   |   | 8 
---|---|---|---|---|---|---|---|---|---
   | 1 | 2 | 3 | 4 | 5 | 6 | 7 | 8 |

It took 9 seconds to make this move...


White to move
WEEEEEEEXEEEEEEXEEOOOOOOEEEOOOOEEEEOOOEEEEEXXXXEEEEEEOEEEEEEEEEEE
(5,7)
   | 1 | 2 | 3 | 4 | 5 | 6 | 7 | 8 |
---|---|---|---|---|---|---|---|---|---
 1 |   |   |   |   |   |   |   | X | 1 
---|---|---|---|---|---|---|---|---|---
 2 |   |   |   |   |   |   | X |   | 2 
---|---|---|---|---|---|---|---|---|---
 3 |   | 0 | 0 | 0 | 0 | 0 | 0 |   | 3 
---|---|---|---|---|---|---|---|---|---
 4 |   |   | 0 | 0 | 0 | 0 |   |   | 4 
---|---|---|---|---|---|---|---|---|---
 5 |   |   | 0 | 0 | 0 |   | 0 |   | 5 
---|---|---|---|---|---|---|---|---|---
 6 |   |   | X | X | X | 0 |   |   | 6 
---|---|---|---|---|---|---|---|---|---
 7 |   |   |   |   | 0 |   |   |   | 7 
---|---|---|---|---|---|---|---|---|---
 8 |   |   |   |   |   |   |   |   | 8 
---|---|---|---|---|---|---|---|---|---
   | 1 | 2 | 3 | 4 | 5 | 6 | 7 | 8 |

It took 1 seconds to make this move...


Black to move
BEEEEEEEXEEEEEEXEEOOOOOOEEEOOOOEEEEOOOEOEEEXXXOEEEEEEOEEEEEEEEEEE
(8,5) Depth reached: 7, Nodes searched: 2718
   | 1 | 2 | 3 | 4 | 5 | 6 | 7 | 8 |
---|---|---|---|---|---|---|---|---|---
 1 |   |   |   |   |   |   |   | X | 1 
---|---|---|---|---|---|---|---|---|---
 2 |   |   |   |   |   |   | X |   | 2 
---|---|---|---|---|---|---|---|---|---
 3 |   | 0 | 0 | 0 | 0 | 0 | 0 |   | 3 
---|---|---|---|---|---|---|---|---|---
 4 |   |   | 0 | 0 | 0 | 0 |   |   | 4 
---|---|---|---|---|---|---|---|---|---
 5 |   |   | 0 | 0 | 0 |   | 0 |   | 5 
---|---|---|---|---|---|---|---|---|---
 6 |   |   | X | X | X | 0 |   |   | 6 
---|---|---|---|---|---|---|---|---|---
 7 |   |   |   |   | X |   |   |   | 7 
---|---|---|---|---|---|---|---|---|---
 8 |   |   |   |   | X |   |   |   | 8 
---|---|---|---|---|---|---|---|---|---
   | 1 | 2 | 3 | 4 | 5 | 6 | 7 | 8 |

It took 9 seconds to make this move...


White to move
WEEEEEEEXEEEEEEXEEOOOOOOEEEOOOOEEEEOOOEOEEEXXXOEEEEEEXEEEEEEEXEEE
(6,2)
   | 1 | 2 | 3 | 4 | 5 | 6 | 7 | 8 |
---|---|---|---|---|---|---|---|---|---
 1 |   |   |   |   |   |   |   | X | 1 
---|---|---|---|---|---|---|---|---|---
 2 |   |   |   |   |   |   | X |   | 2 
---|---|---|---|---|---|---|---|---|---
 3 |   | 0 | 0 | 0 | 0 | 0 | 0 |   | 3 
---|---|---|---|---|---|---|---|---|---
 4 |   |   | 0 | 0 | 0 | 0 |   |   | 4 
---|---|---|---|---|---|---|---|---|---
 5 |   |   | 0 | 0 | 0 |   | 0 |   | 5 
---|---|---|---|---|---|---|---|---|---
 6 |   | 0 | 0 | 0 | 0 | 0 |   |   | 6 
---|---|---|---|---|---|---|---|---|---
 7 |   |   |   |   | X |   |   |   | 7 
---|---|---|---|---|---|---|---|---|---
 8 |   |   |   |   | X |   |   |   | 8 
---|---|---|---|---|---|---|---|---|---
   | 1 | 2 | 3 | 4 | 5 | 6 | 7 | 8 |

It took 0 seconds to make this move...


Black to move
BEEEEEEEXEEEEEEXEEOOOOOOEEEOOOOEEEEOOOEOEEOOOOOEEEEEEXEEEEEEEXEEE
(4,2) Depth reached: 7, Nodes searched: 20497
   | 1 | 2 | 3 | 4 | 5 | 6 | 7 | 8 |
---|---|---|---|---|---|---|---|---|---
 1 |   |   |   |   |   |   |   | X | 1 
---|---|---|---|---|---|---|---|---|---
 2 |   |   |   |   |   |   | X |   | 2 
---|---|---|---|---|---|---|---|---|---
 3 |   | 0 | 0 | 0 | 0 | 0 | 0 |   | 3 
---|---|---|---|---|---|---|---|---|---
 4 |   | X | 0 | 0 | 0 | 0 |   |   | 4 
---|---|---|---|---|---|---|---|---|---
 5 |   |   | X | 0 | 0 |   | 0 |   | 5 
---|---|---|---|---|---|---|---|---|---
 6 |   | 0 | 0 | X | 0 | 0 |   |   | 6 
---|---|---|---|---|---|---|---|---|---
 7 |   |   |   |   | X |   |   |   | 7 
---|---|---|---|---|---|---|---|---|---
 8 |   |   |   |   | X |   |   |   | 8 
---|---|---|---|---|---|---|---|---|---
   | 1 | 2 | 3 | 4 | 5 | 6 | 7 | 8 |

It took 9 seconds to make this move...


White to move
WEEEEEEEXEEEEEEXEEOOOOOOEEXOOOOEEEEXOOEOEEOOXOOEEEEEEXEEEEEEEXEEE
(4,1)
   | 1 | 2 | 3 | 4 | 5 | 6 | 7 | 8 |
---|---|---|---|---|---|---|---|---|---
 1 |   |   |   |   |   |   |   | X | 1 
---|---|---|---|---|---|---|---|---|---
 2 |   |   |   |   |   |   | X |   | 2 
---|---|---|---|---|---|---|---|---|---
 3 |   | 0 | 0 | 0 | 0 | 0 | 0 |   | 3 
---|---|---|---|---|---|---|---|---|---
 4 | 0 | 0 | 0 | 0 | 0 | 0 |   |   | 4 
---|---|---|---|---|---|---|---|---|---
 5 |   |   | X | 0 | 0 |   | 0 |   | 5 
---|---|---|---|---|---|---|---|---|---
 6 |   | 0 | 0 | X | 0 | 0 |   |   | 6 
---|---|---|---|---|---|---|---|---|---
 7 |   |   |   |   | X |   |   |   | 7 
---|---|---|---|---|---|---|---|---|---
 8 |   |   |   |   | X |   |   |   | 8 
---|---|---|---|---|---|---|---|---|---
   | 1 | 2 | 3 | 4 | 5 | 6 | 7 | 8 |

It took 0 seconds to make this move...


Black to move
BEEEEEEEXEEEEEEXEEOOOOOOEOOOOOOEEEEXOOEOEEOOXOOEEEEEEXEEEEEEEXEEE
(4,8) Depth reached: 6, Nodes searched: 40200
   | 1 | 2 | 3 | 4 | 5 | 6 | 7 | 8 |
---|---|---|---|---|---|---|---|---|---
 1 |   |   |   |   |   |   |   | X | 1 
---|---|---|---|---|---|---|---|---|---
 2 |   |   |   |   |   |   | X |   | 2 
---|---|---|---|---|---|---|---|---|---
 3 |   | 0 | 0 | 0 | 0 | 0 | 0 |   | 3 
---|---|---|---|---|---|---|---|---|---
 4 | 0 | 0 | 0 | 0 | 0 | 0 |   | X | 4 
---|---|---|---|---|---|---|---|---|---
 5 |   |   | X | 0 | 0 |   | X |   | 5 
---|---|---|---|---|---|---|---|---|---
 6 |   | 0 | 0 | X | 0 | X |   |   | 6 
---|---|---|---|---|---|---|---|---|---
 7 |   |   |   |   | X |   |   |   | 7 
---|---|---|---|---|---|---|---|---|---
 8 |   |   |   |   | X |   |   |   | 8 
---|---|---|---|---|---|---|---|---|---
   | 1 | 2 | 3 | 4 | 5 | 6 | 7 | 8 |

It took 9 seconds to make this move...


White to move
WEEEEEEEXEEEEEEXEEOOOOOOEOOOOOOEXEEXOOEXEEOOXOXEEEEEEXEEEEEEEXEEE
(6,8)
   | 1 | 2 | 3 | 4 | 5 | 6 | 7 | 8 |
---|---|---|---|---|---|---|---|---|---
 1 |   |   |   |   |   |   |   | X | 1 
---|---|---|---|---|---|---|---|---|---
 2 |   |   |   |   |   |   | X |   | 2 
---|---|---|---|---|---|---|---|---|---
 3 |   | 0 | 0 | 0 | 0 | 0 | 0 |   | 3 
---|---|---|---|---|---|---|---|---|---
 4 | 0 | 0 | 0 | 0 | 0 | 0 |   | X | 4 
---|---|---|---|---|---|---|---|---|---
 5 |   |   | X | 0 | 0 |   | 0 |   | 5 
---|---|---|---|---|---|---|---|---|---
 6 |   | 0 | 0 | X | 0 | X |   | 0 | 6 
---|---|---|---|---|---|---|---|---|---
 7 |   |   |   |   | X |   |   |   | 7 
---|---|---|---|---|---|---|---|---|---
 8 |   |   |   |   | X |   |   |   | 8 
---|---|---|---|---|---|---|---|---|---
   | 1 | 2 | 3 | 4 | 5 | 6 | 7 | 8 |

It took 1 seconds to make this move...


Black to move
BEEEEEEEXEEEEEEXEEOOOOOOEOOOOOOEXEEXOOEOEEOOXOXEOEEEEXEEEEEEEXEEE
(2,8) Depth reached: 6, Nodes searched: 39414
   | 1 | 2 | 3 | 4 | 5 | 6 | 7 | 8 |
---|---|---|---|---|---|---|---|---|---
 1 |   |   |   |   |   |   |   | X | 1 
---|---|---|---|---|---|---|---|---|---
 2 |   |   |   |   |   |   | X | X | 2 
---|---|---|---|---|---|---|---|---|---
 3 |   | 0 | 0 | 0 | 0 | 0 | X |   | 3 
---|---|---|---|---|---|---|---|---|---
 4 | 0 | 0 | 0 | 0 | 0 | X |   | X | 4 
---|---|---|---|---|---|---|---|---|---
 5 |   |   | X | 0 | X |   | 0 |   | 5 
---|---|---|---|---|---|---|---|---|---
 6 |   | 0 | 0 | X | 0 | X |   | 0 | 6 
---|---|---|---|---|---|---|---|---|---
 7 |   |   |   |   | X |   |   |   | 7 
---|---|---|---|---|---|---|---|---|---
 8 |   |   |   |   | X |   |   |   | 8 
---|---|---|---|---|---|---|---|---|---
   | 1 | 2 | 3 | 4 | 5 | 6 | 7 | 8 |

It took 9 seconds to make this move...


White to move
WEEEEEEEXEEEEEEXXEOOOOOXEOOOOOXEXEEXOXEOEEOOXOXEOEEEEXEEEEEEEXEEE
(3,8)
   | 1 | 2 | 3 | 4 | 5 | 6 | 7 | 8 |
---|---|---|---|---|---|---|---|---|---
 1 |   |   |   |   |   |   |   | X | 1 
---|---|---|---|---|---|---|---|---|---
 2 |   |   |   |   |   |   | X | X | 2 
---|---|---|---|---|---|---|---|---|---
 3 |   | 0 | 0 | 0 | 0 | 0 | 0 | 0 | 3 
---|---|---|---|---|---|---|---|---|---
 4 | 0 | 0 | 0 | 0 | 0 | X |   | X | 4 
---|---|---|---|---|---|---|---|---|---
 5 |   |   | X | 0 | X |   | 0 |   | 5 
---|---|---|---|---|---|---|---|---|---
 6 |   | 0 | 0 | X | 0 | X |   | 0 | 6 
---|---|---|---|---|---|---|---|---|---
 7 |   |   |   |   | X |   |   |   | 7 
---|---|---|---|---|---|---|---|---|---
 8 |   |   |   |   | X |   |   |   | 8 
---|---|---|---|---|---|---|---|---|---
   | 1 | 2 | 3 | 4 | 5 | 6 | 7 | 8 |

It took 0 seconds to make this move...


Black to move
BEEEEEEEXEEEEEEXXEOOOOOOOOOOOOXEXEEXOXEOEEOOXOXEOEEEEXEEEEEEEXEEE
(2,6) Depth reached: 6, Nodes searched: 35652
   | 1 | 2 | 3 | 4 | 5 | 6 | 7 | 8 |
---|---|---|---|---|---|---|---|---|---
 1 |   |   |   |   |   |   |   | X | 1 
---|---|---|---|---|---|---|---|---|---
 2 |   |   |   |   |   | X | X | X | 2 
---|---|---|---|---|---|---|---|---|---
 3 |   | 0 | 0 | 0 | X | X | X | 0 | 3 
---|---|---|---|---|---|---|---|---|---
 4 | 0 | 0 | 0 | X | 0 | X |   | X | 4 
---|---|---|---|---|---|---|---|---|---
 5 |   |   | X | 0 | X |   | 0 |   | 5 
---|---|---|---|---|---|---|---|---|---
 6 |   | 0 | 0 | X | 0 | X |   | 0 | 6 
---|---|---|---|---|---|---|---|---|---
 7 |   |   |   |   | X |   |   |   | 7 
---|---|---|---|---|---|---|---|---|---
 8 |   |   |   |   | X |   |   |   | 8 
---|---|---|---|---|---|---|---|---|---
   | 1 | 2 | 3 | 4 | 5 | 6 | 7 | 8 |

It took 9 seconds to make this move...


White to move
WEEEEEEEXEEEEEXXXEOOOXXXOOOOXOXEXEEXOXEOEEOOXOXEOEEEEXEEEEEEEXEEE
(1,6)
   | 1 | 2 | 3 | 4 | 5 | 6 | 7 | 8 |
---|---|---|---|---|---|---|---|---|---
 1 |   |   |   |   |   | 0 |   | X | 1 
---|---|---|---|---|---|---|---|---|---
 2 |   |   |   |   |   | X | 0 | X | 2 
---|---|---|---|---|---|---|---|---|---
 3 |   | 0 | 0 | 0 | X | X | X | 0 | 3 
---|---|---|---|---|---|---|---|---|---
 4 | 0 | 0 | 0 | X | 0 | X |   | X | 4 
---|---|---|---|---|---|---|---|---|---
 5 |   |   | X | 0 | X |   | 0 |   | 5 
---|---|---|---|---|---|---|---|---|---
 6 |   | 0 | 0 | X | 0 | X |   | 0 | 6 
---|---|---|---|---|---|---|---|---|---
 7 |   |   |   |   | X |   |   |   | 7 
---|---|---|---|---|---|---|---|---|---
 8 |   |   |   |   | X |   |   |   | 8 
---|---|---|---|---|---|---|---|---|---
   | 1 | 2 | 3 | 4 | 5 | 6 | 7 | 8 |

It took 0 seconds to make this move...


Black to move
BEEEEEOEXEEEEEXOXEOOOXXXOOOOXOXEXEEXOXEOEEOOXOXEOEEEEXEEEEEEEXEEE
(6,1) Depth reached: 6, Nodes searched: 55108
   | 1 | 2 | 3 | 4 | 5 | 6 | 7 | 8 |
---|---|---|---|---|---|---|---|---|---
 1 |   |   |   |   |   | 0 |   | X | 1 
---|---|---|---|---|---|---|---|---|---
 2 |   |   |   |   |   | X | 0 | X | 2 
---|---|---|---|---|---|---|---|---|---
 3 |   | 0 | 0 | 0 | X | X | X | 0 | 3 
---|---|---|---|---|---|---|---|---|---
 4 | 0 | 0 | 0 | X | 0 | X |   | X | 4 
---|---|---|---|---|---|---|---|---|---
 5 |   |   | X | 0 | X |   | 0 |   | 5 
---|---|---|---|---|---|---|---|---|---
 6 | X | X | X | X | 0 | X |   | 0 | 6 
---|---|---|---|---|---|---|---|---|---
 7 |   |   |   |   | X |   |   |   | 7 
---|---|---|---|---|---|---|---|---|---
 8 |   |   |   |   | X |   |   |   | 8 
---|---|---|---|---|---|---|---|---|---
   | 1 | 2 | 3 | 4 | 5 | 6 | 7 | 8 |

It took 9 seconds to make this move...


White to move
WEEEEEOEXEEEEEXOXEOOOXXXOOOOXOXEXEEXOXEOEXXXXOXEOEEEEXEEEEEEEXEEE
(4,7)
   | 1 | 2 | 3 | 4 | 5 | 6 | 7 | 8 |
---|---|---|---|---|---|---|---|---|---
 1 |   |   |   |   |   | 0 |   | X | 1 
---|---|---|---|---|---|---|---|---|---
 2 |   |   |   |   |   | X | 0 | X | 2 
---|---|---|---|---|---|---|---|---|---
 3 |   | 0 | 0 | 0 | X | X | 0 | 0 | 3 
---|---|---|---|---|---|---|---|---|---
 4 | 0 | 0 | 0 | X | 0 | 0 | 0 | X | 4 
---|---|---|---|---|---|---|---|---|---
 5 |   |   | X | 0 | X |   | 0 |   | 5 
---|---|---|---|---|---|---|---|---|---
 6 | X | X | X | X | 0 | X |   | 0 | 6 
---|---|---|---|---|---|---|---|---|---
 7 |   |   |   |   | X |   |   |   | 7 
---|---|---|---|---|---|---|---|---|---
 8 |   |   |   |   | X |   |   |   | 8 
---|---|---|---|---|---|---|---|---|---
   | 1 | 2 | 3 | 4 | 5 | 6 | 7 | 8 |

It took 1 seconds to make this move...


Black to move
BEEEEEOEXEEEEEXOXEOOOXXOOOOOXOOOXEEXOXEOEXXXXOXEOEEEEXEEEEEEEXEEE
(5,8) Depth reached: 7, Nodes searched: 19363
   | 1 | 2 | 3 | 4 | 5 | 6 | 7 | 8 |
---|---|---|---|---|---|---|---|---|---
 1 |   |   |   |   |   | 0 |   | X | 1 
---|---|---|---|---|---|---|---|---|---
 2 |   |   |   |   |   | X | 0 | X | 2 
---|---|---|---|---|---|---|---|---|---
 3 |   | 0 | 0 | 0 | X | X | 0 | 0 | 3 
---|---|---|---|---|---|---|---|---|---
 4 | 0 | 0 | 0 | X | 0 | 0 | X | X | 4 
---|---|---|---|---|---|---|---|---|---
 5 |   |   | X | 0 | X |   | 0 | X | 5 
---|---|---|---|---|---|---|---|---|---
 6 | X | X | X | X | 0 | X |   | 0 | 6 
---|---|---|---|---|---|---|---|---|---
 7 |   |   |   |   | X |   |   |   | 7 
---|---|---|---|---|---|---|---|---|---
 8 |   |   |   |   | X |   |   |   | 8 
---|---|---|---|---|---|---|---|---|---
   | 1 | 2 | 3 | 4 | 5 | 6 | 7 | 8 |

It took 9 seconds to make this move...


White to move
WEEEEEOEXEEEEEXOXEOOOXXOOOOOXOOXXEEXOXEOXXXXXOXEOEEEEXEEEEEEEXEEE
(5,6)
   | 1 | 2 | 3 | 4 | 5 | 6 | 7 | 8 |
---|---|---|---|---|---|---|---|---|---
 1 |   |   |   |   |   | 0 |   | X | 1 
---|---|---|---|---|---|---|---|---|---
 2 |   |   |   |   |   | X | 0 | X | 2 
---|---|---|---|---|---|---|---|---|---
 3 |   | 0 | 0 | 0 | X | X | 0 | 0 | 3 
---|---|---|---|---|---|---|---|---|---
 4 | 0 | 0 | 0 | X | 0 | 0 | 0 | X | 4 
---|---|---|---|---|---|---|---|---|---
 5 |   |   | X | 0 | 0 | 0 | 0 | X | 5 
---|---|---|---|---|---|---|---|---|---
 6 | X | X | X | X | 0 | X |   | 0 | 6 
---|---|---|---|---|---|---|---|---|---
 7 |   |   |   |   | X |   |   |   | 7 
---|---|---|---|---|---|---|---|---|---
 8 |   |   |   |   | X |   |   |   | 8 
---|---|---|---|---|---|---|---|---|---
   | 1 | 2 | 3 | 4 | 5 | 6 | 7 | 8 |

It took 0 seconds to make this move...


Black to move
BEEEEEOEXEEEEEXOXEOOOXXOOOOOXOOOXEEXOOOOXXXXXOXEOEEEEXEEEEEEEXEEE
(2,3) Depth reached: 7, Nodes searched: 13716
   | 1 | 2 | 3 | 4 | 5 | 6 | 7 | 8 |
---|---|---|---|---|---|---|---|---|---
 1 |   |   |   |   |   | 0 |   | X | 1 
---|---|---|---|---|---|---|---|---|---
 2 |   |   | X |   |   | X | 0 | X | 2 
---|---|---|---|---|---|---|---|---|---
 3 |   | 0 | X | 0 | X | X | 0 | 0 | 3 
---|---|---|---|---|---|---|---|---|---
 4 | 0 | 0 | X | X | 0 | 0 | 0 | X | 4 
---|---|---|---|---|---|---|---|---|---
 5 |   |   | X | 0 | 0 | 0 | 0 | X | 5 
---|---|---|---|---|---|---|---|---|---
 6 | X | X | X | X | 0 | X |   | 0 | 6 
---|---|---|---|---|---|---|---|---|---
 7 |   |   |   |   | X |   |   |   | 7 
---|---|---|---|---|---|---|---|---|---
 8 |   |   |   |   | X |   |   |   | 8 
---|---|---|---|---|---|---|---|---|---
   | 1 | 2 | 3 | 4 | 5 | 6 | 7 | 8 |

It took 9 seconds to make this move...


White to move
WEEEEEOEXEEXEEXOXEOXOXXOOOOXXOOOXEEXOOOOXXXXXOXEOEEEEXEEEEEEEXEEE
(1,4)
   | 1 | 2 | 3 | 4 | 5 | 6 | 7 | 8 |
---|---|---|---|---|---|---|---|---|---
 1 |   |   |   | 0 |   | 0 |   | X | 1 
---|---|---|---|---|---|---|---|---|---
 2 |   |   | 0 |   |   | X | 0 | X | 2 
---|---|---|---|---|---|---|---|---|---
 3 |   | 0 | X | 0 | X | X | 0 | 0 | 3 
---|---|---|---|---|---|---|---|---|---
 4 | 0 | 0 | X | X | 0 | 0 | 0 | X | 4 
---|---|---|---|---|---|---|---|---|---
 5 |   |   | X | 0 | 0 | 0 | 0 | X | 5 
---|---|---|---|---|---|---|---|---|---
 6 | X | X | X | X | 0 | X |   | 0 | 6 
---|---|---|---|---|---|---|---|---|---
 7 |   |   |   |   | X |   |   |   | 7 
---|---|---|---|---|---|---|---|---|---
 8 |   |   |   |   | X |   |   |   | 8 
---|---|---|---|---|---|---|---|---|---
   | 1 | 2 | 3 | 4 | 5 | 6 | 7 | 8 |

It took 1 seconds to make this move...


Black to move
BEEEOEOEXEEOEEXOXEOXOXXOOOOXXOOOXEEXOOOOXXXXXOXEOEEEEXEEEEEEEXEEE
(1,3) Depth reached: 7, Nodes searched: 2763
   | 1 | 2 | 3 | 4 | 5 | 6 | 7 | 8 |
---|---|---|---|---|---|---|---|---|---
 1 |   |   | X | 0 |   | 0 |   | X | 1 
---|---|---|---|---|---|---|---|---|---
 2 |   |   | X |   |   | X | 0 | X | 2 
---|---|---|---|---|---|---|---|---|---
 3 |   | 0 | X | 0 | X | X | 0 | 0 | 3 
---|---|---|---|---|---|---|---|---|---
 4 | 0 | 0 | X | X | 0 | 0 | 0 | X | 4 
---|---|---|---|---|---|---|---|---|---
 5 |   |   | X | 0 | 0 | 0 | 0 | X | 5 
---|---|---|---|---|---|---|---|---|---
 6 | X | X | X | X | 0 | X |   | 0 | 6 
---|---|---|---|---|---|---|---|---|---
 7 |   |   |   |   | X |   |   |   | 7 
---|---|---|---|---|---|---|---|---|---
 8 |   |   |   |   | X |   |   |   | 8 
---|---|---|---|---|---|---|---|---|---
   | 1 | 2 | 3 | 4 | 5 | 6 | 7 | 8 |

It took 9 seconds to make this move...


White to move
WEEXOEOEXEEXEEXOXEOXOXXOOOOXXOOOXEEXOOOOXXXXXOXEOEEEEXEEEEEEEXEEE
(1,2)
   | 1 | 2 | 3 | 4 | 5 | 6 | 7 | 8 |
---|---|---|---|---|---|---|---|---|---
 1 |   | 0 | 0 | 0 |   | 0 |   | X | 1 
---|---|---|---|---|---|---|---|---|---
 2 |   |   | 0 |   |   | X | 0 | X | 2 
---|---|---|---|---|---|---|---|---|---
 3 |   | 0 | X | 0 | X | X | 0 | 0 | 3 
---|---|---|---|---|---|---|---|---|---
 4 | 0 | 0 | X | X | 0 | 0 | 0 | X | 4 
---|---|---|---|---|---|---|---|---|---
 5 |   |   | X | 0 | 0 | 0 | 0 | X | 5 
---|---|---|---|---|---|---|---|---|---
 6 | X | X | X | X | 0 | X |   | 0 | 6 
---|---|---|---|---|---|---|---|---|---
 7 |   |   |   |   | X |   |   |   | 7 
---|---|---|---|---|---|---|---|---|---
 8 |   |   |   |   | X |   |   |   | 8 
---|---|---|---|---|---|---|---|---|---
   | 1 | 2 | 3 | 4 | 5 | 6 | 7 | 8 |

It took 0 seconds to make this move...


Black to move
BEOOOEOEXEEOEEXOXEOXOXXOOOOXXOOOXEEXOOOOXXXXXOXEOEEEEXEEEEEEEXEEE
(5,1) Depth reached: 7, Nodes searched: 29210
   | 1 | 2 | 3 | 4 | 5 | 6 | 7 | 8 |
---|---|---|---|---|---|---|---|---|---
 1 |   | 0 | 0 | 0 |   | 0 |   | X | 1 
---|---|---|---|---|---|---|---|---|---
 2 |   |   | 0 |   |   | X | 0 | X | 2 
---|---|---|---|---|---|---|---|---|---
 3 |   | 0 | X | 0 | X | X | 0 | 0 | 3 
---|---|---|---|---|---|---|---|---|---
 4 | 0 | X | X | X | 0 | 0 | 0 | X | 4 
---|---|---|---|---|---|---|---|---|---
 5 | X |   | X | 0 | 0 | 0 | 0 | X | 5 
---|---|---|---|---|---|---|---|---|---
 6 | X | X | X | X | 0 | X |   | 0 | 6 
---|---|---|---|---|---|---|---|---|---
 7 |   |   |   |   | X |   |   |   | 7 
---|---|---|---|---|---|---|---|---|---
 8 |   |   |   |   | X |   |   |   | 8 
---|---|---|---|---|---|---|---|---|---
   | 1 | 2 | 3 | 4 | 5 | 6 | 7 | 8 |

It took 9 seconds to make this move...


White to move
WEOOOEOEXEEOEEXOXEOXOXXOOOXXXOOOXXEXOOOOXXXXXOXEOEEEEXEEEEEEEXEEE
(7,1)
   | 1 | 2 | 3 | 4 | 5 | 6 | 7 | 8 |
---|---|---|---|---|---|---|---|---|---
 1 |   | 0 | 0 | 0 |   | 0 |   | X | 1 
---|---|---|---|---|---|---|---|---|---
 2 |   |   | 0 |   |   | X | 0 | X | 2 
---|---|---|---|---|---|---|---|---|---
 3 |   | 0 | X | 0 | X | X | 0 | 0 | 3 
---|---|---|---|---|---|---|---|---|---
 4 | 0 | X | X | X | 0 | 0 | 0 | X | 4 
---|---|---|---|---|---|---|---|---|---
 5 | 0 |   | X | 0 | 0 | 0 | 0 | X | 5 
---|---|---|---|---|---|---|---|---|---
 6 | 0 | X | X | X | 0 | X |   | 0 | 6 
---|---|---|---|---|---|---|---|---|---
 7 | 0 |   |   |   | X |   |   |   | 7 
---|---|---|---|---|---|---|---|---|---
 8 |   |   |   |   | X |   |   |   | 8 
---|---|---|---|---|---|---|---|---|---
   | 1 | 2 | 3 | 4 | 5 | 6 | 7 | 8 |

It took 1 seconds to make this move...


Black to move
BEOOOEOEXEEOEEXOXEOXOXXOOOXXXOOOXOEXOOOOXOXXXOXEOOEEEXEEEEEEEXEEE
(7,6) Depth reached: 7, Nodes searched: 25678
   | 1 | 2 | 3 | 4 | 5 | 6 | 7 | 8 |
---|---|---|---|---|---|---|---|---|---
 1 |   | 0 | 0 | 0 |   | 0 |   | X | 1 
---|---|---|---|---|---|---|---|---|---
 2 |   |   | 0 |   |   | X | 0 | X | 2 
---|---|---|---|---|---|---|---|---|---
 3 |   | 0 | X | 0 | X | X | 0 | 0 | 3 
---|---|---|---|---|---|---|---|---|---
 4 | 0 | X | X | X | 0 | 0 | 0 | X | 4 
---|---|---|---|---|---|---|---|---|---
 5 | 0 |   | X | X | 0 | 0 | 0 | X | 5 
---|---|---|---|---|---|---|---|---|---
 6 | 0 | X | X | X | X | X |   | 0 | 6 
---|---|---|---|---|---|---|---|---|---
 7 | 0 |   |   |   | X | X |   |   | 7 
---|---|---|---|---|---|---|---|---|---
 8 |   |   |   |   | X |   |   |   | 8 
---|---|---|---|---|---|---|---|---|---
   | 1 | 2 | 3 | 4 | 5 | 6 | 7 | 8 |

It took 9 seconds to make this move...


White to move
WEOOOEOEXEEOEEXOXEOXOXXOOOXXXOOOXOEXXOOOXOXXXXXEOOEEEXXEEEEEEXEEE
(8,7)
   | 1 | 2 | 3 | 4 | 5 | 6 | 7 | 8 |
---|---|---|---|---|---|---|---|---|---
 1 |   | 0 | 0 | 0 |   | 0 |   | X | 1 
---|---|---|---|---|---|---|---|---|---
 2 |   |   | 0 |   |   | X | 0 | X | 2 
---|---|---|---|---|---|---|---|---|---
 3 |   | 0 | X | 0 | X | X | 0 | 0 | 3 
---|---|---|---|---|---|---|---|---|---
 4 | 0 | X | 0 | X | 0 | 0 | 0 | X | 4 
---|---|---|---|---|---|---|---|---|---
 5 | 0 |   | X | 0 | 0 | 0 | 0 | X | 5 
---|---|---|---|---|---|---|---|---|---
 6 | 0 | X | X | X | 0 | X |   | 0 | 6 
---|---|---|---|---|---|---|---|---|---
 7 | 0 |   |   |   | X | 0 |   |   | 7 
---|---|---|---|---|---|---|---|---|---
 8 |   |   |   |   | X |   | 0 |   | 8 
---|---|---|---|---|---|---|---|---|---
   | 1 | 2 | 3 | 4 | 5 | 6 | 7 | 8 |

It took 0 seconds to make this move...


Black to move
BEOOOEOEXEEOEEXOXEOXOXXOOOXOXOOOXOEXOOOOXOXXXOXEOOEEEXOEEEEEEXEOE
(2,4) Depth reached: 7, Nodes searched: 41487
   | 1 | 2 | 3 | 4 | 5 | 6 | 7 | 8 |
---|---|---|---|---|---|---|---|---|---
 1 |   | 0 | 0 | 0 |   | 0 |   | X | 1 
---|---|---|---|---|---|---|---|---|---
 2 |   |   | 0 | X |   | X | 0 | X | 2 
---|---|---|---|---|---|---|---|---|---
 3 |   | 0 | X | X | X | X | 0 | 0 | 3 
---|---|---|---|---|---|---|---|---|---
 4 | 0 | X | 0 | X | 0 | 0 | 0 | X | 4 
---|---|---|---|---|---|---|---|---|---
 5 | 0 |   | X | 0 | 0 | 0 | 0 | X | 5 
---|---|---|---|---|---|---|---|---|---
 6 | 0 | X | X | X | 0 | X |   | 0 | 6 
---|---|---|---|---|---|---|---|---|---
 7 | 0 |   |   |   | X | 0 |   |   | 7 
---|---|---|---|---|---|---|---|---|---
 8 |   |   |   |   | X |   | 0 |   | 8 
---|---|---|---|---|---|---|---|---|---
   | 1 | 2 | 3 | 4 | 5 | 6 | 7 | 8 |

It took 9 seconds to make this move...


White to move
WEOOOEOEXEEOXEXOXEOXXXXOOOXOXOOOXOEXOOOOXOXXXOXEOOEEEXOEEEEEEXEOE
(5,2)
   | 1 | 2 | 3 | 4 | 5 | 6 | 7 | 8 |
---|---|---|---|---|---|---|---|---|---
 1 |   | 0 | 0 | 0 |   | 0 |   | X | 1 
---|---|---|---|---|---|---|---|---|---
 2 |   |   | 0 | X |   | X | 0 | X | 2 
---|---|---|---|---|---|---|---|---|---
 3 |   | 0 | X | X | X | X | 0 | 0 | 3 
---|---|---|---|---|---|---|---|---|---
 4 | 0 | 0 | 0 | X | 0 | 0 | 0 | X | 4 
---|---|---|---|---|---|---|---|---|---
 5 | 0 | 0 | 0 | 0 | 0 | 0 | 0 | X | 5 
---|---|---|---|---|---|---|---|---|---
 6 | 0 | X | X | X | 0 | X |   | 0 | 6 
---|---|---|---|---|---|---|---|---|---
 7 | 0 |   |   |   | X | 0 |   |   | 7 
---|---|---|---|---|---|---|---|---|---
 8 |   |   |   |   | X |   | 0 |   | 8 
---|---|---|---|---|---|---|---|---|---
   | 1 | 2 | 3 | 4 | 5 | 6 | 7 | 8 |

It took 1 seconds to make this move...


Black to move
BEOOOEOEXEEOXEXOXEOXXXXOOOOOXOOOXOOOOOOOXOXXXOXEOOEEEXOEEEEEEXEOE
(8,6) Depth reached: 7, Nodes searched: 71950
   | 1 | 2 | 3 | 4 | 5 | 6 | 7 | 8 |
---|---|---|---|---|---|---|---|---|---
 1 |   | 0 | 0 | 0 |   | 0 |   | X | 1 
---|---|---|---|---|---|---|---|---|---
 2 |   |   | 0 | X |   | X | 0 | X | 2 
---|---|---|---|---|---|---|---|---|---
 3 |   | 0 | X | X | X | X | 0 | 0 | 3 
---|---|---|---|---|---|---|---|---|---
 4 | 0 | 0 | 0 | X | 0 | 0 | 0 | X | 4 
---|---|---|---|---|---|---|---|---|---
 5 | 0 | 0 | 0 | 0 | 0 | 0 | 0 | X | 5 
---|---|---|---|---|---|---|---|---|---
 6 | 0 | X | X | X | 0 | X |   | 0 | 6 
---|---|---|---|---|---|---|---|---|---
 7 | 0 |   |   |   | X | X |   |   | 7 
---|---|---|---|---|---|---|---|---|---
 8 |   |   |   |   | X | X | 0 |   | 8 
---|---|---|---|---|---|---|---|---|---
   | 1 | 2 | 3 | 4 | 5 | 6 | 7 | 8 |

It took 9 seconds to make this move...


White to move
WEOOOEOEXEEOXEXOXEOXXXXOOOOOXOOOXOOOOOOOXOXXXOXEOOEEEXXEEEEEEXXOE
(8,4)
   | 1 | 2 | 3 | 4 | 5 | 6 | 7 | 8 |
---|---|---|---|---|---|---|---|---|---
 1 |   | 0 | 0 | 0 |   | 0 |   | X | 1 
---|---|---|---|---|---|---|---|---|---
 2 |   |   | 0 | X |   | X | 0 | X | 2 
---|---|---|---|---|---|---|---|---|---
 3 |   | 0 | X | X | X | X | 0 | 0 | 3 
---|---|---|---|---|---|---|---|---|---
 4 | 0 | 0 | 0 | X | 0 | 0 | 0 | X | 4 
---|---|---|---|---|---|---|---|---|---
 5 | 0 | 0 | 0 | 0 | 0 | 0 | 0 | X | 5 
---|---|---|---|---|---|---|---|---|---
 6 | 0 | X | X | X | 0 | 0 |   | 0 | 6 
---|---|---|---|---|---|---|---|---|---
 7 | 0 |   |   |   | 0 | X |   |   | 7 
---|---|---|---|---|---|---|---|---|---
 8 |   |   |   | 0 | 0 | 0 | 0 |   | 8 
---|---|---|---|---|---|---|---|---|---
   | 1 | 2 | 3 | 4 | 5 | 6 | 7 | 8 |

It took 0 seconds to make this move...


Black to move
BEOOOEOEXEEOXEXOXEOXXXXOOOOOXOOOXOOOOOOOXOXXXOOEOOEEEOXEEEEEOOOOE
(6,7) Depth reached: 8, Nodes searched: 42611
   | 1 | 2 | 3 | 4 | 5 | 6 | 7 | 8 |
---|---|---|---|---|---|---|---|---|---
 1 |   | 0 | 0 | 0 |   | 0 |   | X | 1 
---|---|---|---|---|---|---|---|---|---
 2 |   |   | 0 | X |   | X | 0 | X | 2 
---|---|---|---|---|---|---|---|---|---
 3 |   | 0 | X | X | X | X | 0 | 0 | 3 
---|---|---|---|---|---|---|---|---|---
 4 | 0 | 0 | 0 | X | X | 0 | 0 | X | 4 
---|---|---|---|---|---|---|---|---|---
 5 | 0 | 0 | 0 | 0 | 0 | X | 0 | X | 5 
---|---|---|---|---|---|---|---|---|---
 6 | 0 | X | X | X | X | X | X | 0 | 6 
---|---|---|---|---|---|---|---|---|---
 7 | 0 |   |   |   | 0 | X |   |   | 7 
---|---|---|---|---|---|---|---|---|---
 8 |   |   |   | 0 | 0 | 0 | 0 |   | 8 
---|---|---|---|---|---|---|---|---|---
   | 1 | 2 | 3 | 4 | 5 | 6 | 7 | 8 |

It took 9 seconds to make this move...


White to move
WEOOOEOEXEEOXEXOXEOXXXXOOOOOXXOOXOOOOOXOXOXXXXXXOOEEEOXEEEEEOOOOE
(7,3)
   | 1 | 2 | 3 | 4 | 5 | 6 | 7 | 8 |
---|---|---|---|---|---|---|---|---|---
 1 |   | 0 | 0 | 0 |   | 0 |   | X | 1 
---|---|---|---|---|---|---|---|---|---
 2 |   |   | 0 | X |   | X | 0 | X | 2 
---|---|---|---|---|---|---|---|---|---
 3 |   | 0 | X | X | X | X | 0 | 0 | 3 
---|---|---|---|---|---|---|---|---|---
 4 | 0 | 0 | 0 | X | X | 0 | 0 | X | 4 
---|---|---|---|---|---|---|---|---|---
 5 | 0 | 0 | 0 | 0 | 0 | X | 0 | X | 5 
---|---|---|---|---|---|---|---|---|---
 6 | 0 | 0 | 0 | 0 | X | X | X | 0 | 6 
---|---|---|---|---|---|---|---|---|---
 7 | 0 |   | 0 |   | 0 | X |   |   | 7 
---|---|---|---|---|---|---|---|---|---
 8 |   |   |   | 0 | 0 | 0 | 0 |   | 8 
---|---|---|---|---|---|---|---|---|---
   | 1 | 2 | 3 | 4 | 5 | 6 | 7 | 8 |

It took 0 seconds to make this move...


Black to move
BEOOOEOEXEEOXEXOXEOXXXXOOOOOXXOOXOOOOOXOXOOOOXXXOOEOEOXEEEEEOOOOE
(7,4) Depth reached: 8, Nodes searched: 74179
   | 1 | 2 | 3 | 4 | 5 | 6 | 7 | 8 |
---|---|---|---|---|---|---|---|---|---
 1 |   | 0 | 0 | 0 |   | 0 |   | X | 1 
---|---|---|---|---|---|---|---|---|---
 2 |   |   | 0 | X |   | X | 0 | X | 2 
---|---|---|---|---|---|---|---|---|---
 3 |   | 0 | X | X | X | X | 0 | 0 | 3 
---|---|---|---|---|---|---|---|---|---
 4 | 0 | 0 | 0 | X | X | 0 | 0 | X | 4 
---|---|---|---|---|---|---|---|---|---
 5 | 0 | 0 | 0 | X | 0 | X | 0 | X | 5 
---|---|---|---|---|---|---|---|---|---
 6 | 0 | 0 | 0 | X | X | X | X | 0 | 6 
---|---|---|---|---|---|---|---|---|---
 7 | 0 |   | 0 | X | X | X |   |   | 7 
---|---|---|---|---|---|---|---|---|---
 8 |   |   |   | 0 | 0 | 0 | 0 |   | 8 
---|---|---|---|---|---|---|---|---|---
   | 1 | 2 | 3 | 4 | 5 | 6 | 7 | 8 |

It took 9 seconds to make this move...


White to move
WEOOOEOEXEEOXEXOXEOXXXXOOOOOXXOOXOOOXOXOXOOOXXXXOOEOXXXEEEEEOOOOE
(1,5)
   | 1 | 2 | 3 | 4 | 5 | 6 | 7 | 8 |
---|---|---|---|---|---|---|---|---|---
 1 |   | 0 | 0 | 0 | 0 | 0 |   | X | 1 
---|---|---|---|---|---|---|---|---|---
 2 |   |   | 0 | 0 |   | 0 | 0 | X | 2 
---|---|---|---|---|---|---|---|---|---
 3 |   | 0 | 0 | X | X | X | 0 | 0 | 3 
---|---|---|---|---|---|---|---|---|---
 4 | 0 | 0 | 0 | X | X | 0 | 0 | X | 4 
---|---|---|---|---|---|---|---|---|---
 5 | 0 | 0 | 0 | X | 0 | X | 0 | X | 5 
---|---|---|---|---|---|---|---|---|---
 6 | 0 | 0 | 0 | X | X | X | X | 0 | 6 
---|---|---|---|---|---|---|---|---|---
 7 | 0 |   | 0 | X | X | X |   |   | 7 
---|---|---|---|---|---|---|---|---|---
 8 |   |   |   | 0 | 0 | 0 | 0 |   | 8 
---|---|---|---|---|---|---|---|---|---
   | 1 | 2 | 3 | 4 | 5 | 6 | 7 | 8 |

It took 0 seconds to make this move...


Black to move
BEOOOOOEXEEOOEOOXEOOXXXOOOOOXXOOXOOOXOXOXOOOXXXXOOEOXXXEEEEEOOOOE
(1,7) Depth reached: 10, Nodes searched: 125748
   | 1 | 2 | 3 | 4 | 5 | 6 | 7 | 8 |
---|---|---|---|---|---|---|---|---|---
 1 |   | 0 | 0 | 0 | 0 | 0 | X | X | 1 
---|---|---|---|---|---|---|---|---|---
 2 |   |   | 0 | 0 |   | X | X | X | 2 
---|---|---|---|---|---|---|---|---|---
 3 |   | 0 | 0 | X | X | X | X | 0 | 3 
---|---|---|---|---|---|---|---|---|---
 4 | 0 | 0 | 0 | X | X | 0 | X | X | 4 
---|---|---|---|---|---|---|---|---|---
 5 | 0 | 0 | 0 | X | 0 | X | X | X | 5 
---|---|---|---|---|---|---|---|---|---
 6 | 0 | 0 | 0 | X | X | X | X | 0 | 6 
---|---|---|---|---|---|---|---|---|---
 7 | 0 |   | 0 | X | X | X |   |   | 7 
---|---|---|---|---|---|---|---|---|---
 8 |   |   |   | 0 | 0 | 0 | 0 |   | 8 
---|---|---|---|---|---|---|---|---|---
   | 1 | 2 | 3 | 4 | 5 | 6 | 7 | 8 |

It took 9 seconds to make this move...


White to move
WEOOOOOXXEEOOEXXXEOOXXXXOOOOXXOXXOOOXOXXXOOOXXXXOOEOXXXEEEEEOOOOE
(8,3)
   | 1 | 2 | 3 | 4 | 5 | 6 | 7 | 8 |
---|---|---|---|---|---|---|---|---|---
 1 |   | 0 | 0 | 0 | 0 | 0 | X | X | 1 
---|---|---|---|---|---|---|---|---|---
 2 |   |   | 0 | 0 |   | X | X | X | 2 
---|---|---|---|---|---|---|---|---|---
 3 |   | 0 | 0 | X | X | X | X | 0 | 3 
---|---|---|---|---|---|---|---|---|---
 4 | 0 | 0 | 0 | X | X | 0 | 0 | X | 4 
---|---|---|---|---|---|---|---|---|---
 5 | 0 | 0 | 0 | X | 0 | 0 | X | X | 5 
---|---|---|---|---|---|---|---|---|---
 6 | 0 | 0 | 0 | X | 0 | X | X | 0 | 6 
---|---|---|---|---|---|---|---|---|---
 7 | 0 |   | 0 | 0 | X | X |   |   | 7 
---|---|---|---|---|---|---|---|---|---
 8 |   |   | 0 | 0 | 0 | 0 | 0 |   | 8 
---|---|---|---|---|---|---|---|---|---
   | 1 | 2 | 3 | 4 | 5 | 6 | 7 | 8 |

It took 0 seconds to make this move...


Black to move
BEOOOOOXXEEOOEXXXEOOXXXXOOOOXXOOXOOOXOOXXOOOXOXXOOEOOXXEEEEOOOOOE
(1,1) Depth reached: 14, Nodes searched: 20942
   | 1 | 2 | 3 | 4 | 5 | 6 | 7 | 8 |
---|---|---|---|---|---|---|---|---|---
 1 | X | X | X | X | X | X | X | X | 1 
---|---|---|---|---|---|---|---|---|---
 2 |   |   | 0 | 0 |   | X | X | X | 2 
---|---|---|---|---|---|---|---|---|---
 3 |   | 0 | 0 | X | X | X | X | 0 | 3 
---|---|---|---|---|---|---|---|---|---
 4 | 0 | 0 | 0 | X | X | 0 | 0 | X | 4 
---|---|---|---|---|---|---|---|---|---
 5 | 0 | 0 | 0 | X | 0 | 0 | X | X | 5 
---|---|---|---|---|---|---|---|---|---
 6 | 0 | 0 | 0 | X | 0 | X | X | 0 | 6 
---|---|---|---|---|---|---|---|---|---
 7 | 0 |   | 0 | 0 | X | X |   |   | 7 
---|---|---|---|---|---|---|---|---|---
 8 |   |   | 0 | 0 | 0 | 0 | 0 |   | 8 
---|---|---|---|---|---|---|---|---|---
   | 1 | 2 | 3 | 4 | 5 | 6 | 7 | 8 |

It took 9 seconds to make this move...


White to move
WXXXXXXXXEEOOEXXXEOOXXXXOOOOXXOOXOOOXOOXXOOOXOXXOOEOOXXEEEEOOOOOE
(7,7)
   | 1 | 2 | 3 | 4 | 5 | 6 | 7 | 8 |
---|---|---|---|---|---|---|---|---|---
 1 | X | X | X | X | X | X | X | X | 1 
---|---|---|---|---|---|---|---|---|---
 2 |   |   | 0 | 0 |   | X | X | X | 2 
---|---|---|---|---|---|---|---|---|---
 3 |   | 0 | 0 | X | X | X | X | 0 | 3 
---|---|---|---|---|---|---|---|---|---
 4 | 0 | 0 | 0 | X | X | 0 | 0 | X | 4 
---|---|---|---|---|---|---|---|---|---
 5 | 0 | 0 | 0 | X | 0 | 0 | 0 | X | 5 
---|---|---|---|---|---|---|---|---|---
 6 | 0 | 0 | 0 | X | 0 | 0 | 0 | 0 | 6 
---|---|---|---|---|---|---|---|---|---
 7 | 0 |   | 0 | 0 | 0 | 0 | 0 |   | 7 
---|---|---|---|---|---|---|---|---|---
 8 |   |   | 0 | 0 | 0 | 0 | 0 |   | 8 
---|---|---|---|---|---|---|---|---|---
   | 1 | 2 | 3 | 4 | 5 | 6 | 7 | 8 |

It took 0 seconds to make this move...


Black to move
BXXXXXXXXEEOOEXXXEOOXXXXOOOOXXOOXOOOXOOOXOOOXOOOOOEOOOOOEEEOOOOOE
(3,1) Depth reached: 28, Nodes searched: 38280
   | 1 | 2 | 3 | 4 | 5 | 6 | 7 | 8 |
---|---|---|---|---|---|---|---|---|---
 1 | X | X | X | X | X | X | X | X | 1 
---|---|---|---|---|---|---|---|---|---
 2 |   |   | 0 | 0 |   | X | X | X | 2 
---|---|---|---|---|---|---|---|---|---
 3 | X | X | X | X | X | X | X | 0 | 3 
---|---|---|---|---|---|---|---|---|---
 4 | 0 | X | 0 | X | X | 0 | 0 | X | 4 
---|---|---|---|---|---|---|---|---|---
 5 | 0 | 0 | X | X | 0 | 0 | 0 | X | 5 
---|---|---|---|---|---|---|---|---|---
 6 | 0 | 0 | 0 | X | 0 | 0 | 0 | 0 | 6 
---|---|---|---|---|---|---|---|---|---
 7 | 0 |   | 0 | 0 | 0 | 0 | 0 |   | 7 
---|---|---|---|---|---|---|---|---|---
 8 |   |   | 0 | 0 | 0 | 0 | 0 |   | 8 
---|---|---|---|---|---|---|---|---|---
   | 1 | 2 | 3 | 4 | 5 | 6 | 7 | 8 |

It took 9 seconds to make this move...


White to move
WXXXXXXXXEEOOEXXXXXXXXXXOOXOXXOOXOOXXOOOXOOOXOOOOOEOOOOOEEEOOOOOE
(2,5)
   | 1 | 2 | 3 | 4 | 5 | 6 | 7 | 8 |
---|---|---|---|---|---|---|---|---|---
 1 | X | X | X | X | X | X | X | X | 1 
---|---|---|---|---|---|---|---|---|---
 2 |   |   | 0 | 0 | 0 | X | X | X | 2 
---|---|---|---|---|---|---|---|---|---
 3 | X | X | X | 0 | 0 | 0 | X | 0 | 3 
---|---|---|---|---|---|---|---|---|---
 4 | 0 | X | 0 | X | 0 | 0 | 0 | X | 4 
---|---|---|---|---|---|---|---|---|---
 5 | 0 | 0 | X | X | 0 | 0 | 0 | X | 5 
---|---|---|---|---|---|---|---|---|---
 6 | 0 | 0 | 0 | X | 0 | 0 | 0 | 0 | 6 
---|---|---|---|---|---|---|---|---|---
 7 | 0 |   | 0 | 0 | 0 | 0 | 0 |   | 7 
---|---|---|---|---|---|---|---|---|---
 8 |   |   | 0 | 0 | 0 | 0 | 0 |   | 8 
---|---|---|---|---|---|---|---|---|---
   | 1 | 2 | 3 | 4 | 5 | 6 | 7 | 8 |

It took 0 seconds to make this move...


Black to move
BXXXXXXXXEEOOOXXXXXXOOOXOOXOXOOOXOOXXOOOXOOOXOOOOOEOOOOOEEEOOOOOE
(7,8) Depth reached: 77, Nodes searched: 2700
   | 1 | 2 | 3 | 4 | 5 | 6 | 7 | 8 |
---|---|---|---|---|---|---|---|---|---
 1 | X | X | X | X | X | X | X | X | 1 
---|---|---|---|---|---|---|---|---|---
 2 |   |   | X | 0 | 0 | X | X | X | 2 
---|---|---|---|---|---|---|---|---|---
 3 | X | X | X | X | 0 | 0 | X | 0 | 3 
---|---|---|---|---|---|---|---|---|---
 4 | 0 | X | 0 | X | X | 0 | 0 | X | 4 
---|---|---|---|---|---|---|---|---|---
 5 | 0 | 0 | X | X | 0 | X | 0 | X | 5 
---|---|---|---|---|---|---|---|---|---
 6 | 0 | 0 | 0 | X | 0 | 0 | X | X | 6 
---|---|---|---|---|---|---|---|---|---
 7 | 0 |   | 0 | 0 | 0 | 0 | 0 | X | 7 
---|---|---|---|---|---|---|---|---|---
 8 |   |   | 0 | 0 | 0 | 0 | 0 |   | 8 
---|---|---|---|---|---|---|---|---|---
   | 1 | 2 | 3 | 4 | 5 | 6 | 7 | 8 |

It took 9 seconds to make this move...


White to move
WXXXXXXXXEEXOOXXXXXXXOOXOOXOXXOOXOOXXOXOXOOOXOOXXOEOOOOOXEEOOOOOE
(8,8)
   | 1 | 2 | 3 | 4 | 5 | 6 | 7 | 8 |
---|---|---|---|---|---|---|---|---|---
 1 | X | X | X | X | X | X | X | X | 1 
---|---|---|---|---|---|---|---|---|---
 2 |   |   | X | 0 | 0 | X | X | X | 2 
---|---|---|---|---|---|---|---|---|---
 3 | X | X | X | X | 0 | 0 | X | 0 | 3 
---|---|---|---|---|---|---|---|---|---
 4 | 0 | X | 0 | X | X | 0 | 0 | 0 | 4 
---|---|---|---|---|---|---|---|---|---
 5 | 0 | 0 | X | X | 0 | X | 0 | 0 | 5 
---|---|---|---|---|---|---|---|---|---
 6 | 0 | 0 | 0 | X | 0 | 0 | X | 0 | 6 
---|---|---|---|---|---|---|---|---|---
 7 | 0 |   | 0 | 0 | 0 | 0 | 0 | 0 | 7 
---|---|---|---|---|---|---|---|---|---
 8 |   |   | 0 | 0 | 0 | 0 | 0 | 0 | 8 
---|---|---|---|---|---|---|---|---|---
   | 1 | 2 | 3 | 4 | 5 | 6 | 7 | 8 |

It took 0 seconds to make this move...


Black to move
BXXXXXXXXEEXOOXXXXXXXOOXOOXOXXOOOOOXXOXOOOOOXOOXOOEOOOOOOEEOOOOOO
(8,1) Depth reached: 230, Nodes searched: 3625
   | 1 | 2 | 3 | 4 | 5 | 6 | 7 | 8 |
---|---|---|---|---|---|---|---|---|---
 1 | X | X | X | X | X | X | X | X | 1 
---|---|---|---|---|---|---|---|---|---
 2 |   |   | X | 0 | 0 | X | X | X | 2 
---|---|---|---|---|---|---|---|---|---
 3 | X | X | X | X | 0 | 0 | X | 0 | 3 
---|---|---|---|---|---|---|---|---|---
 4 | X | X | 0 | X | X | 0 | 0 | 0 | 4 
---|---|---|---|---|---|---|---|---|---
 5 | X | 0 | X | X | 0 | X | 0 | 0 | 5 
---|---|---|---|---|---|---|---|---|---
 6 | X | 0 | 0 | X | 0 | 0 | X | 0 | 6 
---|---|---|---|---|---|---|---|---|---
 7 | X |   | 0 | 0 | 0 | 0 | 0 | 0 | 7 
---|---|---|---|---|---|---|---|---|---
 8 | X |   | 0 | 0 | 0 | 0 | 0 | 0 | 8 
---|---|---|---|---|---|---|---|---|---
   | 1 | 2 | 3 | 4 | 5 | 6 | 7 | 8 |

It took 9 seconds to make this move...


White to move
WXXXXXXXXEEXOOXXXXXXXOOXOXXOXXOOOXOXXOXOOXOOXOOXOXEOOOOOOXEOOOOOO
(2,1)
   | 1 | 2 | 3 | 4 | 5 | 6 | 7 | 8 |
---|---|---|---|---|---|---|---|---|---
 1 | X | X | X | X | X | X | X | X | 1 
---|---|---|---|---|---|---|---|---|---
 2 | 0 |   | X | 0 | 0 | X | X | X | 2 
---|---|---|---|---|---|---|---|---|---
 3 | X | 0 | X | X | 0 | 0 | X | 0 | 3 
---|---|---|---|---|---|---|---|---|---
 4 | X | X | 0 | X | X | 0 | 0 | 0 | 4 
---|---|---|---|---|---|---|---|---|---
 5 | X | 0 | X | X | 0 | X | 0 | 0 | 5 
---|---|---|---|---|---|---|---|---|---
 6 | X | 0 | 0 | X | 0 | 0 | X | 0 | 6 
---|---|---|---|---|---|---|---|---|---
 7 | X |   | 0 | 0 | 0 | 0 | 0 | 0 | 7 
---|---|---|---|---|---|---|---|---|---
 8 | X |   | 0 | 0 | 0 | 0 | 0 | 0 | 8 
---|---|---|---|---|---|---|---|---|---
   | 1 | 2 | 3 | 4 | 5 | 6 | 7 | 8 |

It took 0 seconds to make this move...


Black to move
BXXXXXXXXOEXOOXXXXOXXOOXOXXOXXOOOXOXXOXOOXOOXOOXOXEOOOOOOXEOOOOOO
(8,2) Depth reached: 407, Nodes searched: 1544
   | 1 | 2 | 3 | 4 | 5 | 6 | 7 | 8 |
---|---|---|---|---|---|---|---|---|---
 1 | X | X | X | X | X | X | X | X | 1 
---|---|---|---|---|---|---|---|---|---
 2 | 0 |   | X | 0 | 0 | X | X | X | 2 
---|---|---|---|---|---|---|---|---|---
 3 | X | 0 | X | X | 0 | 0 | X | 0 | 3 
---|---|---|---|---|---|---|---|---|---
 4 | X | X | 0 | X | X | 0 | 0 | 0 | 4 
---|---|---|---|---|---|---|---|---|---
 5 | X | 0 | X | X | 0 | X | 0 | 0 | 5 
---|---|---|---|---|---|---|---|---|---
 6 | X | 0 | 0 | X | 0 | 0 | X | 0 | 6 
---|---|---|---|---|---|---|---|---|---
 7 | X |   | X | 0 | 0 | 0 | 0 | 0 | 7 
---|---|---|---|---|---|---|---|---|---
 8 | X | X | 0 | 0 | 0 | 0 | 0 | 0 | 8 
---|---|---|---|---|---|---|---|---|---
   | 1 | 2 | 3 | 4 | 5 | 6 | 7 | 8 |

It took 9 seconds to make this move...


White to move
WXXXXXXXXOEXOOXXXXOXXOOXOXXOXXOOOXOXXOXOOXOOXOOXOXEXOOOOOXXOOOOOO
(2,2)
   | 1 | 2 | 3 | 4 | 5 | 6 | 7 | 8 |
---|---|---|---|---|---|---|---|---|---
 1 | X | X | X | X | X | X | X | X | 1 
---|---|---|---|---|---|---|---|---|---
 2 | 0 | 0 | 0 | 0 | 0 | X | X | X | 2 
---|---|---|---|---|---|---|---|---|---
 3 | X | 0 | 0 | X | 0 | 0 | X | 0 | 3 
---|---|---|---|---|---|---|---|---|---
 4 | X | X | 0 | 0 | X | 0 | 0 | 0 | 4 
---|---|---|---|---|---|---|---|---|---
 5 | X | 0 | X | X | 0 | X | 0 | 0 | 5 
---|---|---|---|---|---|---|---|---|---
 6 | X | 0 | 0 | X | 0 | 0 | X | 0 | 6 
---|---|---|---|---|---|---|---|---|---
 7 | X |   | X | 0 | 0 | 0 | 0 | 0 | 7 
---|---|---|---|---|---|---|---|---|---
 8 | X | X | 0 | 0 | 0 | 0 | 0 | 0 | 8 
---|---|---|---|---|---|---|---|---|---
   | 1 | 2 | 3 | 4 | 5 | 6 | 7 | 8 |

It took 0 seconds to make this move...


Black to move
BXXXXXXXXOOOOOXXXXOOXOOXOXXOOXOOOXOXXOXOOXOOXOOXOXEXOOOOOXXOOOOOO
(7,2) Depth reached: 916, Nodes searched: 188
   | 1 | 2 | 3 | 4 | 5 | 6 | 7 | 8 |
---|---|---|---|---|---|---|---|---|---
 1 | X | X | X | X | X | X | X | X | 1 
---|---|---|---|---|---|---|---|---|---
 2 | 0 | 0 | 0 | 0 | 0 | X | X | X | 2 
---|---|---|---|---|---|---|---|---|---
 3 | X | 0 | 0 | X | 0 | 0 | X | 0 | 3 
---|---|---|---|---|---|---|---|---|---
 4 | X | X | 0 | 0 | X | 0 | 0 | 0 | 4 
---|---|---|---|---|---|---|---|---|---
 5 | X | X | X | X | 0 | X | 0 | 0 | 5 
---|---|---|---|---|---|---|---|---|---
 6 | X | X | X | X | 0 | 0 | X | 0 | 6 
---|---|---|---|---|---|---|---|---|---
 7 | X | X | X | 0 | 0 | 0 | 0 | 0 | 7 
---|---|---|---|---|---|---|---|---|---
 8 | X | X | 0 | 0 | 0 | 0 | 0 | 0 | 8 
---|---|---|---|---|---|---|---|---|---
   | 1 | 2 | 3 | 4 | 5 | 6 | 7 | 8 |

It took 9 seconds to make this move...


White to move
WXXXXXXXXOOOOOXXXXOOXOOXOXXOOXOOOXXXXOXOOXXXXOOXOXXXOOOOOXXOOOOOO
pass
   | 1 | 2 | 3 | 4 | 5 | 6 | 7 | 8 |
---|---|---|---|---|---|---|---|---|---
 1 | X | X | X | X | X | X | X | X | 1 
---|---|---|---|---|---|---|---|---|---
 2 | 0 | 0 | 0 | 0 | 0 | X | X | X | 2 
---|---|---|---|---|---|---|---|---|---
 3 | X | 0 | 0 | X | 0 | 0 | X | 0 | 3 
---|---|---|---|---|---|---|---|---|---
 4 | X | X | 0 | 0 | X | 0 | 0 | 0 | 4 
---|---|---|---|---|---|---|---|---|---
 5 | X | X | X | X | 0 | X | 0 | 0 | 5 
---|---|---|---|---|---|---|---|---|---
 6 | X | X | X | X | 0 | 0 | X | 0 | 6 
---|---|---|---|---|---|---|---|---|---
 7 | X | X | X | 0 | 0 | 0 | 0 | 0 | 7 
---|---|---|---|---|---|---|---|---|---
 8 | X | X | 0 | 0 | 0 | 0 | 0 | 0 | 8 
---|---|---|---|---|---|---|---|---|---
   | 1 | 2 | 3 | 4 | 5 | 6 | 7 | 8 |

It took 0 seconds to make this move...


Black to move
BXXXXXXXXOOOOOXXXXOOXOOXOXXOOXOOOXXXXOXOOXXXXOOXOXXXOOOOOXXOOOOOO
pass
   | 1 | 2 | 3 | 4 | 5 | 6 | 7 | 8 |
---|---|---|---|---|---|---|---|---|---
 1 | X | X | X | X | X | X | X | X | 1 
---|---|---|---|---|---|---|---|---|---
 2 | 0 | 0 | 0 | 0 | 0 | X | X | X | 2 
---|---|---|---|---|---|---|---|---|---
 3 | X | 0 | 0 | X | 0 | 0 | X | 0 | 3 
---|---|---|---|---|---|---|---|---|---
 4 | X | X | 0 | 0 | X | 0 | 0 | 0 | 4 
---|---|---|---|---|---|---|---|---|---
 5 | X | X | X | X | 0 | X | 0 | 0 | 5 
---|---|---|---|---|---|---|---|---|---
 6 | X | X | X | X | 0 | 0 | X | 0 | 6 
---|---|---|---|---|---|---|---|---|---
 7 | X | X | X | 0 | 0 | 0 | 0 | 0 | 7 
---|---|---|---|---|---|---|---|---|---
 8 | X | X | 0 | 0 | 0 | 0 | 0 | 0 | 8 
---|---|---|---|---|---|---|---|---|---
   | 1 | 2 | 3 | 4 | 5 | 6 | 7 | 8 |

It took 9 seconds to make this move...
***************************************
Results for ./othello_naive.sh vs. ../Python/othello.sh:
Black won with 0 points
Average time for white: 0.3 s (max: 1 s)
Average time for black: 9.0 s (max: 9 s)
***************************************
