   | 1 | 2 | 3 | 4 | 5 | 6 | 7 | 8 |
---|---|---|---|---|---|---|---|---|---
 1 |   |   |   |   |   |   |   |   | 1 
---|---|---|---|---|---|---|---|---|---
 2 |   |   |   |   |   |   |   |   | 2 
---|---|---|---|---|---|---|---|---|---
 3 |   |   |   |   |   |   |   |   | 3 
---|---|---|---|---|---|---|---|---|---
 4 |   |   |   | 0 | X |   |   |   | 4 
---|---|---|---|---|---|---|---|---|---
 5 |   |   |   | X | 0 |   |   |   | 5 
---|---|---|---|---|---|---|---|---|---
 6 |   |   |   |   |   |   |   |   | 6 
---|---|---|---|---|---|---|---|---|---
 7 |   |   |   |   |   |   |   |   | 7 
---|---|---|---|---|---|---|---|---|---
 8 |   |   |   |   |   |   |   |   | 8 
---|---|---|---|---|---|---|---|---|---
   | 1 | 2 | 3 | 4 | 5 | 6 | 7 | 8 |



White to move
WEEEEEEEEEEEEEEEEEEEEEEEEEEEOXEEEEEEXOEEEEEEEEEEEEEEEEEEEEEEEEEEE
(3,5) Depth reached: 9, Nodes searched: 20835
   | 1 | 2 | 3 | 4 | 5 | 6 | 7 | 8 |
---|---|---|---|---|---|---|---|---|---
 1 |   |   |   |   |   |   |   |   | 1 
---|---|---|---|---|---|---|---|---|---
 2 |   |   |   |   |   |   |   |   | 2 
---|---|---|---|---|---|---|---|---|---
 3 |   |   |   |   | 0 |   |   |   | 3 
---|---|---|---|---|---|---|---|---|---
 4 |   |   |   | 0 | 0 |   |   |   | 4 
---|---|---|---|---|---|---|---|---|---
 5 |   |   |   | X | 0 |   |   |   | 5 
---|---|---|---|---|---|---|---|---|---
 6 |   |   |   |   |   |   |   |   | 6 
---|---|---|---|---|---|---|---|---|---
 7 |   |   |   |   |   |   |   |   | 7 
---|---|---|---|---|---|---|---|---|---
 8 |   |   |   |   |   |   |   |   | 8 
---|---|---|---|---|---|---|---|---|---
   | 1 | 2 | 3 | 4 | 5 | 6 | 7 | 8 |

It took 10 seconds to make this move...


Black to move
BEEEEEEEEEEEEEEEEEEEEOEEEEEEOOEEEEEEXOEEEEEEEEEEEEEEEEEEEEEEEEEEE
(3,4)
   | 1 | 2 | 3 | 4 | 5 | 6 | 7 | 8 |
---|---|---|---|---|---|---|---|---|---
 1 |   |   |   |   |   |   |   |   | 1 
---|---|---|---|---|---|---|---|---|---
 2 |   |   |   |   |   |   |   |   | 2 
---|---|---|---|---|---|---|---|---|---
 3 |   |   |   | X | 0 |   |   |   | 3 
---|---|---|---|---|---|---|---|---|---
 4 |   |   |   | X | 0 |   |   |   | 4 
---|---|---|---|---|---|---|---|---|---
 5 |   |   |   | X | 0 |   |   |   | 5 
---|---|---|---|---|---|---|---|---|---
 6 |   |   |   |   |   |   |   |   | 6 
---|---|---|---|---|---|---|---|---|---
 7 |   |   |   |   |   |   |   |   | 7 
---|---|---|---|---|---|---|---|---|---
 8 |   |   |   |   |   |   |   |   | 8 
---|---|---|---|---|---|---|---|---|---
   | 1 | 2 | 3 | 4 | 5 | 6 | 7 | 8 |

It took 0 seconds to make this move...


White to move
WEEEEEEEEEEEEEEEEEEEXOEEEEEEXOEEEEEEXOEEEEEEEEEEEEEEEEEEEEEEEEEEE
(3,3) Depth reached: 8, Nodes searched: 20845
   | 1 | 2 | 3 | 4 | 5 | 6 | 7 | 8 |
---|---|---|---|---|---|---|---|---|---
 1 |   |   |   |   |   |   |   |   | 1 
---|---|---|---|---|---|---|---|---|---
 2 |   |   |   |   |   |   |   |   | 2 
---|---|---|---|---|---|---|---|---|---
 3 |   |   | 0 | 0 | 0 |   |   |   | 3 
---|---|---|---|---|---|---|---|---|---
 4 |   |   |   | 0 | 0 |   |   |   | 4 
---|---|---|---|---|---|---|---|---|---
 5 |   |   |   | X | 0 |   |   |   | 5 
---|---|---|---|---|---|---|---|---|---
 6 |   |   |   |   |   |   |   |   | 6 
---|---|---|---|---|---|---|---|---|---
 7 |   |   |   |   |   |   |   |   | 7 
---|---|---|---|---|---|---|---|---|---
 8 |   |   |   |   |   |   |   |   | 8 
---|---|---|---|---|---|---|---|---|---
   | 1 | 2 | 3 | 4 | 5 | 6 | 7 | 8 |

It took 9 seconds to make this move...


Black to move
BEEEEEEEEEEEEEEEEEEOOOEEEEEEOOEEEEEEXOEEEEEEEEEEEEEEEEEEEEEEEEEEE
(3,6)
   | 1 | 2 | 3 | 4 | 5 | 6 | 7 | 8 |
---|---|---|---|---|---|---|---|---|---
 1 |   |   |   |   |   |   |   |   | 1 
---|---|---|---|---|---|---|---|---|---
 2 |   |   |   |   |   |   |   |   | 2 
---|---|---|---|---|---|---|---|---|---
 3 |   |   | 0 | 0 | 0 | X |   |   | 3 
---|---|---|---|---|---|---|---|---|---
 4 |   |   |   | 0 | X |   |   |   | 4 
---|---|---|---|---|---|---|---|---|---
 5 |   |   |   | X | 0 |   |   |   | 5 
---|---|---|---|---|---|---|---|---|---
 6 |   |   |   |   |   |   |   |   | 6 
---|---|---|---|---|---|---|---|---|---
 7 |   |   |   |   |   |   |   |   | 7 
---|---|---|---|---|---|---|---|---|---
 8 |   |   |   |   |   |   |   |   | 8 
---|---|---|---|---|---|---|---|---|---
   | 1 | 2 | 3 | 4 | 5 | 6 | 7 | 8 |

It took 0 seconds to make this move...


White to move
WEEEEEEEEEEEEEEEEEEOOOXEEEEEOXEEEEEEXOEEEEEEEEEEEEEEEEEEEEEEEEEEE
(4,6) Depth reached: 7, Nodes searched: 41363
   | 1 | 2 | 3 | 4 | 5 | 6 | 7 | 8 |
---|---|---|---|---|---|---|---|---|---
 1 |   |   |   |   |   |   |   |   | 1 
---|---|---|---|---|---|---|---|---|---
 2 |   |   |   |   |   |   |   |   | 2 
---|---|---|---|---|---|---|---|---|---
 3 |   |   | 0 | 0 | 0 | X |   |   | 3 
---|---|---|---|---|---|---|---|---|---
 4 |   |   |   | 0 | 0 | 0 |   |   | 4 
---|---|---|---|---|---|---|---|---|---
 5 |   |   |   | X | 0 |   |   |   | 5 
---|---|---|---|---|---|---|---|---|---
 6 |   |   |   |   |   |   |   |   | 6 
---|---|---|---|---|---|---|---|---|---
 7 |   |   |   |   |   |   |   |   | 7 
---|---|---|---|---|---|---|---|---|---
 8 |   |   |   |   |   |   |   |   | 8 
---|---|---|---|---|---|---|---|---|---
   | 1 | 2 | 3 | 4 | 5 | 6 | 7 | 8 |

It took 9 seconds to make this move...


Black to move
BEEEEEEEEEEEEEEEEEEOOOXEEEEEOOOEEEEEXOEEEEEEEEEEEEEEEEEEEEEEEEEEE
(5,6)
   | 1 | 2 | 3 | 4 | 5 | 6 | 7 | 8 |
---|---|---|---|---|---|---|---|---|---
 1 |   |   |   |   |   |   |   |   | 1 
---|---|---|---|---|---|---|---|---|---
 2 |   |   |   |   |   |   |   |   | 2 
---|---|---|---|---|---|---|---|---|---
 3 |   |   | 0 | 0 | 0 | X |   |   | 3 
---|---|---|---|---|---|---|---|---|---
 4 |   |   |   | 0 | 0 | X |   |   | 4 
---|---|---|---|---|---|---|---|---|---
 5 |   |   |   | X | X | X |   |   | 5 
---|---|---|---|---|---|---|---|---|---
 6 |   |   |   |   |   |   |   |   | 6 
---|---|---|---|---|---|---|---|---|---
 7 |   |   |   |   |   |   |   |   | 7 
---|---|---|---|---|---|---|---|---|---
 8 |   |   |   |   |   |   |   |   | 8 
---|---|---|---|---|---|---|---|---|---
   | 1 | 2 | 3 | 4 | 5 | 6 | 7 | 8 |

It took 1 seconds to make this move...


White to move
WEEEEEEEEEEEEEEEEEEOOOXEEEEEOOXEEEEEXXXEEEEEEEEEEEEEEEEEEEEEEEEEE
(6,4) Depth reached: 6, Nodes searched: 27714
   | 1 | 2 | 3 | 4 | 5 | 6 | 7 | 8 |
---|---|---|---|---|---|---|---|---|---
 1 |   |   |   |   |   |   |   |   | 1 
---|---|---|---|---|---|---|---|---|---
 2 |   |   |   |   |   |   |   |   | 2 
---|---|---|---|---|---|---|---|---|---
 3 |   |   | 0 | 0 | 0 | X |   |   | 3 
---|---|---|---|---|---|---|---|---|---
 4 |   |   |   | 0 | 0 | X |   |   | 4 
---|---|---|---|---|---|---|---|---|---
 5 |   |   |   | 0 | X | X |   |   | 5 
---|---|---|---|---|---|---|---|---|---
 6 |   |   |   | 0 |   |   |   |   | 6 
---|---|---|---|---|---|---|---|---|---
 7 |   |   |   |   |   |   |   |   | 7 
---|---|---|---|---|---|---|---|---|---
 8 |   |   |   |   |   |   |   |   | 8 
---|---|---|---|---|---|---|---|---|---
   | 1 | 2 | 3 | 4 | 5 | 6 | 7 | 8 |

It took 9 seconds to make this move...


Black to move
BEEEEEEEEEEEEEEEEEEOOOXEEEEEOOXEEEEEOXXEEEEEOEEEEEEEEEEEEEEEEEEEE
(2,2)
   | 1 | 2 | 3 | 4 | 5 | 6 | 7 | 8 |
---|---|---|---|---|---|---|---|---|---
 1 |   |   |   |   |   |   |   |   | 1 
---|---|---|---|---|---|---|---|---|---
 2 |   | X |   |   |   |   |   |   | 2 
---|---|---|---|---|---|---|---|---|---
 3 |   |   | X | 0 | 0 | X |   |   | 3 
---|---|---|---|---|---|---|---|---|---
 4 |   |   |   | X | 0 | X |   |   | 4 
---|---|---|---|---|---|---|---|---|---
 5 |   |   |   | 0 | X | X |   |   | 5 
---|---|---|---|---|---|---|---|---|---
 6 |   |   |   | 0 |   |   |   |   | 6 
---|---|---|---|---|---|---|---|---|---
 7 |   |   |   |   |   |   |   |   | 7 
---|---|---|---|---|---|---|---|---|---
 8 |   |   |   |   |   |   |   |   | 8 
---|---|---|---|---|---|---|---|---|---
   | 1 | 2 | 3 | 4 | 5 | 6 | 7 | 8 |

It took 0 seconds to make this move...


White to move
WEEEEEEEEEXEEEEEEEEXOOXEEEEEXOXEEEEEOXXEEEEEOEEEEEEEEEEEEEEEEEEEE
(5,7) Depth reached: 6, Nodes searched: 39382
   | 1 | 2 | 3 | 4 | 5 | 6 | 7 | 8 |
---|---|---|---|---|---|---|---|---|---
 1 |   |   |   |   |   |   |   |   | 1 
---|---|---|---|---|---|---|---|---|---
 2 |   | X |   |   |   |   |   |   | 2 
---|---|---|---|---|---|---|---|---|---
 3 |   |   | X | 0 | 0 | X |   |   | 3 
---|---|---|---|---|---|---|---|---|---
 4 |   |   |   | X | 0 | 0 |   |   | 4 
---|---|---|---|---|---|---|---|---|---
 5 |   |   |   | 0 | 0 | 0 | 0 |   | 5 
---|---|---|---|---|---|---|---|---|---
 6 |   |   |   | 0 |   |   |   |   | 6 
---|---|---|---|---|---|---|---|---|---
 7 |   |   |   |   |   |   |   |   | 7 
---|---|---|---|---|---|---|---|---|---
 8 |   |   |   |   |   |   |   |   | 8 
---|---|---|---|---|---|---|---|---|---
   | 1 | 2 | 3 | 4 | 5 | 6 | 7 | 8 |

It took 9 seconds to make this move...


Black to move
BEEEEEEEEEXEEEEEEEEXOOXEEEEEXOOEEEEEOOOOEEEEOEEEEEEEEEEEEEEEEEEEE
(6,3)
   | 1 | 2 | 3 | 4 | 5 | 6 | 7 | 8 |
---|---|---|---|---|---|---|---|---|---
 1 |   |   |   |   |   |   |   |   | 1 
---|---|---|---|---|---|---|---|---|---
 2 |   | X |   |   |   |   |   |   | 2 
---|---|---|---|---|---|---|---|---|---
 3 |   |   | X | 0 | 0 | X |   |   | 3 
---|---|---|---|---|---|---|---|---|---
 4 |   |   |   | X | X | 0 |   |   | 4 
---|---|---|---|---|---|---|---|---|---
 5 |   |   |   | X | 0 | 0 | 0 |   | 5 
---|---|---|---|---|---|---|---|---|---
 6 |   |   | X | 0 |   |   |   |   | 6 
---|---|---|---|---|---|---|---|---|---
 7 |   |   |   |   |   |   |   |   | 7 
---|---|---|---|---|---|---|---|---|---
 8 |   |   |   |   |   |   |   |   | 8 
---|---|---|---|---|---|---|---|---|---
   | 1 | 2 | 3 | 4 | 5 | 6 | 7 | 8 |

It took 0 seconds to make this move...


White to move
WEEEEEEEEEXEEEEEEEEXOOXEEEEEXXOEEEEEXOOOEEEXOEEEEEEEEEEEEEEEEEEEE
(1,1) Depth reached: 6, Nodes searched: 46059
   | 1 | 2 | 3 | 4 | 5 | 6 | 7 | 8 |
---|---|---|---|---|---|---|---|---|---
 1 | 0 |   |   |   |   |   |   |   | 1 
---|---|---|---|---|---|---|---|---|---
 2 |   | 0 |   |   |   |   |   |   | 2 
---|---|---|---|---|---|---|---|---|---
 3 |   |   | 0 | 0 | 0 | X |   |   | 3 
---|---|---|---|---|---|---|---|---|---
 4 |   |   |   | 0 | X | 0 |   |   | 4 
---|---|---|---|---|---|---|---|---|---
 5 |   |   |   | X | 0 | 0 | 0 |   | 5 
---|---|---|---|---|---|---|---|---|---
 6 |   |   | X | 0 |   |   |   |   | 6 
---|---|---|---|---|---|---|---|---|---
 7 |   |   |   |   |   |   |   |   | 7 
---|---|---|---|---|---|---|---|---|---
 8 |   |   |   |   |   |   |   |   | 8 
---|---|---|---|---|---|---|---|---|---
   | 1 | 2 | 3 | 4 | 5 | 6 | 7 | 8 |

It took 9 seconds to make this move...


Black to move
BOEEEEEEEEOEEEEEEEEOOOXEEEEEOXOEEEEEXOOOEEEXOEEEEEEEEEEEEEEEEEEEE
(5,8)
   | 1 | 2 | 3 | 4 | 5 | 6 | 7 | 8 |
---|---|---|---|---|---|---|---|---|---
 1 | 0 |   |   |   |   |   |   |   | 1 
---|---|---|---|---|---|---|---|---|---
 2 |   | 0 |   |   |   |   |   |   | 2 
---|---|---|---|---|---|---|---|---|---
 3 |   |   | 0 | 0 | 0 | X |   |   | 3 
---|---|---|---|---|---|---|---|---|---
 4 |   |   |   | 0 | X | 0 |   |   | 4 
---|---|---|---|---|---|---|---|---|---
 5 |   |   |   | X | X | X | X | X | 5 
---|---|---|---|---|---|---|---|---|---
 6 |   |   | X | 0 |   |   |   |   | 6 
---|---|---|---|---|---|---|---|---|---
 7 |   |   |   |   |   |   |   |   | 7 
---|---|---|---|---|---|---|---|---|---
 8 |   |   |   |   |   |   |   |   | 8 
---|---|---|---|---|---|---|---|---|---
   | 1 | 2 | 3 | 4 | 5 | 6 | 7 | 8 |

It took 0 seconds to make this move...


White to move
WOEEEEEEEEOEEEEEEEEOOOXEEEEEOXOEEEEEXXXXXEEXOEEEEEEEEEEEEEEEEEEEE
(6,8) Depth reached: 7, Nodes searched: 1134
   | 1 | 2 | 3 | 4 | 5 | 6 | 7 | 8 |
---|---|---|---|---|---|---|---|---|---
 1 | 0 |   |   |   |   |   |   |   | 1 
---|---|---|---|---|---|---|---|---|---
 2 |   | 0 |   |   |   |   |   |   | 2 
---|---|---|---|---|---|---|---|---|---
 3 |   |   | 0 | 0 | 0 | X |   |   | 3 
---|---|---|---|---|---|---|---|---|---
 4 |   |   |   | 0 | X | 0 |   |   | 4 
---|---|---|---|---|---|---|---|---|---
 5 |   |   |   | X | X | X | 0 | X | 5 
---|---|---|---|---|---|---|---|---|---
 6 |   |   | X | 0 |   |   |   | 0 | 6 
---|---|---|---|---|---|---|---|---|---
 7 |   |   |   |   |   |   |   |   | 7 
---|---|---|---|---|---|---|---|---|---
 8 |   |   |   |   |   |   |   |   | 8 
---|---|---|---|---|---|---|---|---|---
   | 1 | 2 | 3 | 4 | 5 | 6 | 7 | 8 |

It took 9 seconds to make this move...


Black to move
BOEEEEEEEEOEEEEEEEEOOOXEEEEEOXOEEEEEXXXOXEEXOEEEOEEEEEEEEEEEEEEEE
(3,2)
   | 1 | 2 | 3 | 4 | 5 | 6 | 7 | 8 |
---|---|---|---|---|---|---|---|---|---
 1 | 0 |   |   |   |   |   |   |   | 1 
---|---|---|---|---|---|---|---|---|---
 2 |   | 0 |   |   |   |   |   |   | 2 
---|---|---|---|---|---|---|---|---|---
 3 |   | X | X | X | X | X |   |   | 3 
---|---|---|---|---|---|---|---|---|---
 4 |   |   |   | 0 | X | 0 |   |   | 4 
---|---|---|---|---|---|---|---|---|---
 5 |   |   |   | X | X | X | 0 | X | 5 
---|---|---|---|---|---|---|---|---|---
 6 |   |   | X | 0 |   |   |   | 0 | 6 
---|---|---|---|---|---|---|---|---|---
 7 |   |   |   |   |   |   |   |   | 7 
---|---|---|---|---|---|---|---|---|---
 8 |   |   |   |   |   |   |   |   | 8 
---|---|---|---|---|---|---|---|---|---
   | 1 | 2 | 3 | 4 | 5 | 6 | 7 | 8 |

It took 0 seconds to make this move...


White to move
WOEEEEEEEEOEEEEEEEXXXXXEEEEEOXOEEEEEXXXOXEEXOEEEOEEEEEEEEEEEEEEEE
(6,6) Depth reached: 7, Nodes searched: 15420
   | 1 | 2 | 3 | 4 | 5 | 6 | 7 | 8 |
---|---|---|---|---|---|---|---|---|---
 1 | 0 |   |   |   |   |   |   |   | 1 
---|---|---|---|---|---|---|---|---|---
 2 |   | 0 |   |   |   |   |   |   | 2 
---|---|---|---|---|---|---|---|---|---
 3 |   | X | X | X | X | X |   |   | 3 
---|---|---|---|---|---|---|---|---|---
 4 |   |   |   | 0 | X | 0 |   |   | 4 
---|---|---|---|---|---|---|---|---|---
 5 |   |   |   | X | 0 | 0 | 0 | X | 5 
---|---|---|---|---|---|---|---|---|---
 6 |   |   | X | 0 |   | 0 |   | 0 | 6 
---|---|---|---|---|---|---|---|---|---
 7 |   |   |   |   |   |   |   |   | 7 
---|---|---|---|---|---|---|---|---|---
 8 |   |   |   |   |   |   |   |   | 8 
---|---|---|---|---|---|---|---|---|---
   | 1 | 2 | 3 | 4 | 5 | 6 | 7 | 8 |

It took 9 seconds to make this move...


Black to move
BOEEEEEEEEOEEEEEEEXXXXXEEEEEOXOEEEEEXOOOXEEXOEOEOEEEEEEEEEEEEEEEE
(1,2)
   | 1 | 2 | 3 | 4 | 5 | 6 | 7 | 8 |
---|---|---|---|---|---|---|---|---|---
 1 | 0 | X |   |   |   |   |   |   | 1 
---|---|---|---|---|---|---|---|---|---
 2 |   | X |   |   |   |   |   |   | 2 
---|---|---|---|---|---|---|---|---|---
 3 |   | X | X | X | X | X |   |   | 3 
---|---|---|---|---|---|---|---|---|---
 4 |   |   |   | 0 | X | 0 |   |   | 4 
---|---|---|---|---|---|---|---|---|---
 5 |   |   |   | X | 0 | 0 | 0 | X | 5 
---|---|---|---|---|---|---|---|---|---
 6 |   |   | X | 0 |   | 0 |   | 0 | 6 
---|---|---|---|---|---|---|---|---|---
 7 |   |   |   |   |   |   |   |   | 7 
---|---|---|---|---|---|---|---|---|---
 8 |   |   |   |   |   |   |   |   | 8 
---|---|---|---|---|---|---|---|---|---
   | 1 | 2 | 3 | 4 | 5 | 6 | 7 | 8 |

It took 0 seconds to make this move...


White to move
WOXEEEEEEEXEEEEEEEXXXXXEEEEEOXOEEEEEXOOOXEEXOEOEOEEEEEEEEEEEEEEEE
(1,3) Depth reached: 7, Nodes searched: 12642
   | 1 | 2 | 3 | 4 | 5 | 6 | 7 | 8 |
---|---|---|---|---|---|---|---|---|---
 1 | 0 | 0 | 0 |   |   |   |   |   | 1 
---|---|---|---|---|---|---|---|---|---
 2 |   | X |   |   |   |   |   |   | 2 
---|---|---|---|---|---|---|---|---|---
 3 |   | X | X | X | X | X |   |   | 3 
---|---|---|---|---|---|---|---|---|---
 4 |   |   |   | 0 | X | 0 |   |   | 4 
---|---|---|---|---|---|---|---|---|---
 5 |   |   |   | X | 0 | 0 | 0 | X | 5 
---|---|---|---|---|---|---|---|---|---
 6 |   |   | X | 0 |   | 0 |   | 0 | 6 
---|---|---|---|---|---|---|---|---|---
 7 |   |   |   |   |   |   |   |   | 7 
---|---|---|---|---|---|---|---|---|---
 8 |   |   |   |   |   |   |   |   | 8 
---|---|---|---|---|---|---|---|---|---
   | 1 | 2 | 3 | 4 | 5 | 6 | 7 | 8 |

It took 9 seconds to make this move...


Black to move
BOOOEEEEEEXEEEEEEEXXXXXEEEEEOXOEEEEEXOOOXEEXOEOEOEEEEEEEEEEEEEEEE
(6,5)
   | 1 | 2 | 3 | 4 | 5 | 6 | 7 | 8 |
---|---|---|---|---|---|---|---|---|---
 1 | 0 | 0 | 0 |   |   |   |   |   | 1 
---|---|---|---|---|---|---|---|---|---
 2 |   | X |   |   |   |   |   |   | 2 
---|---|---|---|---|---|---|---|---|---
 3 |   | X | X | X | X | X |   |   | 3 
---|---|---|---|---|---|---|---|---|---
 4 |   |   |   | 0 | X | 0 |   |   | 4 
---|---|---|---|---|---|---|---|---|---
 5 |   |   |   | X | X | 0 | 0 | X | 5 
---|---|---|---|---|---|---|---|---|---
 6 |   |   | X | X | X | 0 |   | 0 | 6 
---|---|---|---|---|---|---|---|---|---
 7 |   |   |   |   |   |   |   |   | 7 
---|---|---|---|---|---|---|---|---|---
 8 |   |   |   |   |   |   |   |   | 8 
---|---|---|---|---|---|---|---|---|---
   | 1 | 2 | 3 | 4 | 5 | 6 | 7 | 8 |

It took 1 seconds to make this move...


White to move
WOOOEEEEEEXEEEEEEEXXXXXEEEEEOXOEEEEEXXOOXEEXXXOEOEEEEEEEEEEEEEEEE
(3,1) Depth reached: 6, Nodes searched: 42111
   | 1 | 2 | 3 | 4 | 5 | 6 | 7 | 8 |
---|---|---|---|---|---|---|---|---|---
 1 | 0 | 0 | 0 |   |   |   |   |   | 1 
---|---|---|---|---|---|---|---|---|---
 2 |   | 0 |   |   |   |   |   |   | 2 
---|---|---|---|---|---|---|---|---|---
 3 | 0 | X | X | X | X | X |   |   | 3 
---|---|---|---|---|---|---|---|---|---
 4 |   |   |   | 0 | X | 0 |   |   | 4 
---|---|---|---|---|---|---|---|---|---
 5 |   |   |   | X | X | 0 | 0 | X | 5 
---|---|---|---|---|---|---|---|---|---
 6 |   |   | X | X | X | 0 |   | 0 | 6 
---|---|---|---|---|---|---|---|---|---
 7 |   |   |   |   |   |   |   |   | 7 
---|---|---|---|---|---|---|---|---|---
 8 |   |   |   |   |   |   |   |   | 8 
---|---|---|---|---|---|---|---|---|---
   | 1 | 2 | 3 | 4 | 5 | 6 | 7 | 8 |

It took 9 seconds to make this move...


Black to move
BOOOEEEEEEOEEEEEEOXXXXXEEEEEOXOEEEEEXXOOXEEXXXOEOEEEEEEEEEEEEEEEE
(7,8)
   | 1 | 2 | 3 | 4 | 5 | 6 | 7 | 8 |
---|---|---|---|---|---|---|---|---|---
 1 | 0 | 0 | 0 |   |   |   |   |   | 1 
---|---|---|---|---|---|---|---|---|---
 2 |   | 0 |   |   |   |   |   |   | 2 
---|---|---|---|---|---|---|---|---|---
 3 | 0 | X | X | X | X | X |   |   | 3 
---|---|---|---|---|---|---|---|---|---
 4 |   |   |   | 0 | X | 0 |   |   | 4 
---|---|---|---|---|---|---|---|---|---
 5 |   |   |   | X | X | 0 | 0 | X | 5 
---|---|---|---|---|---|---|---|---|---
 6 |   |   | X | X | X | 0 |   | X | 6 
---|---|---|---|---|---|---|---|---|---
 7 |   |   |   |   |   |   |   | X | 7 
---|---|---|---|---|---|---|---|---|---
 8 |   |   |   |   |   |   |   |   | 8 
---|---|---|---|---|---|---|---|---|---
   | 1 | 2 | 3 | 4 | 5 | 6 | 7 | 8 |

It took 0 seconds to make this move...


White to move
WOOOEEEEEEOEEEEEEOXXXXXEEEEEOXOEEEEEXXOOXEEXXXOEXEEEEEEEXEEEEEEEE
(3,7) Depth reached: 6, Nodes searched: 40304
   | 1 | 2 | 3 | 4 | 5 | 6 | 7 | 8 |
---|---|---|---|---|---|---|---|---|---
 1 | 0 | 0 | 0 |   |   |   |   |   | 1 
---|---|---|---|---|---|---|---|---|---
 2 |   | 0 |   |   |   |   |   |   | 2 
---|---|---|---|---|---|---|---|---|---
 3 | 0 | 0 | 0 | 0 | 0 | 0 | 0 |   | 3 
---|---|---|---|---|---|---|---|---|---
 4 |   |   |   | 0 | X | 0 |   |   | 4 
---|---|---|---|---|---|---|---|---|---
 5 |   |   |   | X | X | 0 | 0 | X | 5 
---|---|---|---|---|---|---|---|---|---
 6 |   |   | X | X | X | 0 |   | X | 6 
---|---|---|---|---|---|---|---|---|---
 7 |   |   |   |   |   |   |   | X | 7 
---|---|---|---|---|---|---|---|---|---
 8 |   |   |   |   |   |   |   |   | 8 
---|---|---|---|---|---|---|---|---|---
   | 1 | 2 | 3 | 4 | 5 | 6 | 7 | 8 |

It took 9 seconds to make this move...


Black to move
BOOOEEEEEEOEEEEEEOOOOOOOEEEEOXOEEEEEXXOOXEEXXXOEXEEEEEEEXEEEEEEEE
(2,4)
   | 1 | 2 | 3 | 4 | 5 | 6 | 7 | 8 |
---|---|---|---|---|---|---|---|---|---
 1 | 0 | 0 | 0 |   |   |   |   |   | 1 
---|---|---|---|---|---|---|---|---|---
 2 |   | 0 |   | X |   |   |   |   | 2 
---|---|---|---|---|---|---|---|---|---
 3 | 0 | 0 | 0 | X | X | 0 | 0 |   | 3 
---|---|---|---|---|---|---|---|---|---
 4 |   |   |   | X | X | X |   |   | 4 
---|---|---|---|---|---|---|---|---|---
 5 |   |   |   | X | X | 0 | X | X | 5 
---|---|---|---|---|---|---|---|---|---
 6 |   |   | X | X | X | 0 |   | X | 6 
---|---|---|---|---|---|---|---|---|---
 7 |   |   |   |   |   |   |   | X | 7 
---|---|---|---|---|---|---|---|---|---
 8 |   |   |   |   |   |   |   |   | 8 
---|---|---|---|---|---|---|---|---|---
   | 1 | 2 | 3 | 4 | 5 | 6 | 7 | 8 |

It took 1 seconds to make this move...


White to move
WOOOEEEEEEOEXEEEEOOOXXOOEEEEXXXEEEEEXXOXXEEXXXOEXEEEEEEEXEEEEEEEE
(6,2) Depth reached: 6, Nodes searched: 53251
   | 1 | 2 | 3 | 4 | 5 | 6 | 7 | 8 |
---|---|---|---|---|---|---|---|---|---
 1 | 0 | 0 | 0 |   |   |   |   |   | 1 
---|---|---|---|---|---|---|---|---|---
 2 |   | 0 |   | X |   |   |   |   | 2 
---|---|---|---|---|---|---|---|---|---
 3 | 0 | 0 | 0 | X | X | 0 | 0 |   | 3 
---|---|---|---|---|---|---|---|---|---
 4 |   |   |   | X | X | X |   |   | 4 
---|---|---|---|---|---|---|---|---|---
 5 |   |   |   | X | X | 0 | X | X | 5 
---|---|---|---|---|---|---|---|---|---
 6 |   | 0 | 0 | 0 | 0 | 0 |   | X | 6 
---|---|---|---|---|---|---|---|---|---
 7 |   |   |   |   |   |   |   | X | 7 
---|---|---|---|---|---|---|---|---|---
 8 |   |   |   |   |   |   |   |   | 8 
---|---|---|---|---|---|---|---|---|---
   | 1 | 2 | 3 | 4 | 5 | 6 | 7 | 8 |

It took 9 seconds to make this move...


Black to move
BOOOEEEEEEOEXEEEEOOOXXOOEEEEXXXEEEEEXXOXXEOOOOOEXEEEEEEEXEEEEEEEE
(7,5)
   | 1 | 2 | 3 | 4 | 5 | 6 | 7 | 8 |
---|---|---|---|---|---|---|---|---|---
 1 | 0 | 0 | 0 |   |   |   |   |   | 1 
---|---|---|---|---|---|---|---|---|---
 2 |   | 0 |   | X |   |   |   |   | 2 
---|---|---|---|---|---|---|---|---|---
 3 | 0 | 0 | 0 | X | X | 0 | 0 |   | 3 
---|---|---|---|---|---|---|---|---|---
 4 |   |   |   | X | X | X |   |   | 4 
---|---|---|---|---|---|---|---|---|---
 5 |   |   |   | X | X | 0 | X | X | 5 
---|---|---|---|---|---|---|---|---|---
 6 |   | 0 | 0 | 0 | X | X |   | X | 6 
---|---|---|---|---|---|---|---|---|---
 7 |   |   |   |   | X |   |   | X | 7 
---|---|---|---|---|---|---|---|---|---
 8 |   |   |   |   |   |   |   |   | 8 
---|---|---|---|---|---|---|---|---|---
   | 1 | 2 | 3 | 4 | 5 | 6 | 7 | 8 |

It took 0 seconds to make this move...


White to move
WOOOEEEEEEOEXEEEEOOOXXOOEEEEXXXEEEEEXXOXXEOOOXXEXEEEEXEEXEEEEEEEE
(1,4) Depth reached: 6, Nodes searched: 50237
   | 1 | 2 | 3 | 4 | 5 | 6 | 7 | 8 |
---|---|---|---|---|---|---|---|---|---
 1 | 0 | 0 | 0 | 0 |   |   |   |   | 1 
---|---|---|---|---|---|---|---|---|---
 2 |   | 0 |   | 0 |   |   |   |   | 2 
---|---|---|---|---|---|---|---|---|---
 3 | 0 | 0 | 0 | 0 | X | 0 | 0 |   | 3 
---|---|---|---|---|---|---|---|---|---
 4 |   |   |   | 0 | X | X |   |   | 4 
---|---|---|---|---|---|---|---|---|---
 5 |   |   |   | 0 | X | 0 | X | X | 5 
---|---|---|---|---|---|---|---|---|---
 6 |   | 0 | 0 | 0 | X | X |   | X | 6 
---|---|---|---|---|---|---|---|---|---
 7 |   |   |   |   | X |   |   | X | 7 
---|---|---|---|---|---|---|---|---|---
 8 |   |   |   |   |   |   |   |   | 8 
---|---|---|---|---|---|---|---|---|---
   | 1 | 2 | 3 | 4 | 5 | 6 | 7 | 8 |

It took 9 seconds to make this move...


Black to move
BOOOOEEEEEOEOEEEEOOOOXOOEEEEOXXEEEEEOXOXXEOOOXXEXEEEEXEEXEEEEEEEE
(6,1)
   | 1 | 2 | 3 | 4 | 5 | 6 | 7 | 8 |
---|---|---|---|---|---|---|---|---|---
 1 | 0 | 0 | 0 | 0 |   |   |   |   | 1 
---|---|---|---|---|---|---|---|---|---
 2 |   | 0 |   | 0 |   |   |   |   | 2 
---|---|---|---|---|---|---|---|---|---
 3 | 0 | 0 | 0 | 0 | X | 0 | 0 |   | 3 
---|---|---|---|---|---|---|---|---|---
 4 |   |   |   | 0 | X | X |   |   | 4 
---|---|---|---|---|---|---|---|---|---
 5 |   |   |   | 0 | X | 0 | X | X | 5 
---|---|---|---|---|---|---|---|---|---
 6 | X | X | X | X | X | X |   | X | 6 
---|---|---|---|---|---|---|---|---|---
 7 |   |   |   |   | X |   |   | X | 7 
---|---|---|---|---|---|---|---|---|---
 8 |   |   |   |   |   |   |   |   | 8 
---|---|---|---|---|---|---|---|---|---
   | 1 | 2 | 3 | 4 | 5 | 6 | 7 | 8 |

It took 0 seconds to make this move...


White to move
WOOOOEEEEEOEOEEEEOOOOXOOEEEEOXXEEEEEOXOXXXXXXXXEXEEEEXEEXEEEEEEEE
(4,7) Depth reached: 7, Nodes searched: 20177
   | 1 | 2 | 3 | 4 | 5 | 6 | 7 | 8 |
---|---|---|---|---|---|---|---|---|---
 1 | 0 | 0 | 0 | 0 |   |   |   |   | 1 
---|---|---|---|---|---|---|---|---|---
 2 |   | 0 |   | 0 |   |   |   |   | 2 
---|---|---|---|---|---|---|---|---|---
 3 | 0 | 0 | 0 | 0 | X | 0 | 0 |   | 3 
---|---|---|---|---|---|---|---|---|---
 4 |   |   |   | 0 | 0 | 0 | 0 |   | 4 
---|---|---|---|---|---|---|---|---|---
 5 |   |   |   | 0 | X | 0 | X | X | 5 
---|---|---|---|---|---|---|---|---|---
 6 | X | X | X | X | X | X |   | X | 6 
---|---|---|---|---|---|---|---|---|---
 7 |   |   |   |   | X |   |   | X | 7 
---|---|---|---|---|---|---|---|---|---
 8 |   |   |   |   |   |   |   |   | 8 
---|---|---|---|---|---|---|---|---|---
   | 1 | 2 | 3 | 4 | 5 | 6 | 7 | 8 |

It took 9 seconds to make this move...


Black to move
BOOOOEEEEEOEOEEEEOOOOXOOEEEEOOOOEEEEOXOXXXXXXXXEXEEEEXEEXEEEEEEEE
(2,7)
   | 1 | 2 | 3 | 4 | 5 | 6 | 7 | 8 |
---|---|---|---|---|---|---|---|---|---
 1 | 0 | 0 | 0 | 0 |   |   |   |   | 1 
---|---|---|---|---|---|---|---|---|---
 2 |   | 0 |   | 0 |   |   | X |   | 2 
---|---|---|---|---|---|---|---|---|---
 3 | 0 | 0 | 0 | 0 | X | X | X |   | 3 
---|---|---|---|---|---|---|---|---|---
 4 |   |   |   | 0 | X | 0 | X |   | 4 
---|---|---|---|---|---|---|---|---|---
 5 |   |   |   | X | X | 0 | X | X | 5 
---|---|---|---|---|---|---|---|---|---
 6 | X | X | X | X | X | X |   | X | 6 
---|---|---|---|---|---|---|---|---|---
 7 |   |   |   |   | X |   |   | X | 7 
---|---|---|---|---|---|---|---|---|---
 8 |   |   |   |   |   |   |   |   | 8 
---|---|---|---|---|---|---|---|---|---
   | 1 | 2 | 3 | 4 | 5 | 6 | 7 | 8 |

It took 0 seconds to make this move...


White to move
WOOOOEEEEEOEOEEXEOOOOXXXEEEEOXOXEEEEXXOXXXXXXXXEXEEEEXEEXEEEEEEEE
(4,8) Depth reached: 7, Nodes searched: 8194
   | 1 | 2 | 3 | 4 | 5 | 6 | 7 | 8 |
---|---|---|---|---|---|---|---|---|---
 1 | 0 | 0 | 0 | 0 |   |   |   |   | 1 
---|---|---|---|---|---|---|---|---|---
 2 |   | 0 |   | 0 |   |   | X |   | 2 
---|---|---|---|---|---|---|---|---|---
 3 | 0 | 0 | 0 | 0 | X | X | X |   | 3 
---|---|---|---|---|---|---|---|---|---
 4 |   |   |   | 0 | X | 0 | 0 | 0 | 4 
---|---|---|---|---|---|---|---|---|---
 5 |   |   |   | X | X | 0 | X | X | 5 
---|---|---|---|---|---|---|---|---|---
 6 | X | X | X | X | X | X |   | X | 6 
---|---|---|---|---|---|---|---|---|---
 7 |   |   |   |   | X |   |   | X | 7 
---|---|---|---|---|---|---|---|---|---
 8 |   |   |   |   |   |   |   |   | 8 
---|---|---|---|---|---|---|---|---|---
   | 1 | 2 | 3 | 4 | 5 | 6 | 7 | 8 |

It took 9 seconds to make this move...


Black to move
BOOOOEEEEEOEOEEXEOOOOXXXEEEEOXOOOEEEXXOXXXXXXXXEXEEEEXEEXEEEEEEEE
(3,8)
   | 1 | 2 | 3 | 4 | 5 | 6 | 7 | 8 |
---|---|---|---|---|---|---|---|---|---
 1 | 0 | 0 | 0 | 0 |   |   |   |   | 1 
---|---|---|---|---|---|---|---|---|---
 2 |   | 0 |   | 0 |   |   | X |   | 2 
---|---|---|---|---|---|---|---|---|---
 3 | 0 | 0 | 0 | 0 | X | X | X | X | 3 
---|---|---|---|---|---|---|---|---|---
 4 |   |   |   | 0 | X | 0 | X | X | 4 
---|---|---|---|---|---|---|---|---|---
 5 |   |   |   | X | X | X | X | X | 5 
---|---|---|---|---|---|---|---|---|---
 6 | X | X | X | X | X | X |   | X | 6 
---|---|---|---|---|---|---|---|---|---
 7 |   |   |   |   | X |   |   | X | 7 
---|---|---|---|---|---|---|---|---|---
 8 |   |   |   |   |   |   |   |   | 8 
---|---|---|---|---|---|---|---|---|---
   | 1 | 2 | 3 | 4 | 5 | 6 | 7 | 8 |

It took 0 seconds to make this move...


White to move
WOOOOEEEEEOEOEEXEOOOOXXXXEEEOXOXXEEEXXXXXXXXXXXEXEEEEXEEXEEEEEEEE
(6,7) Depth reached: 7, Nodes searched: 52173
   | 1 | 2 | 3 | 4 | 5 | 6 | 7 | 8 |
---|---|---|---|---|---|---|---|---|---
 1 | 0 | 0 | 0 | 0 |   |   |   |   | 1 
---|---|---|---|---|---|---|---|---|---
 2 |   | 0 |   | 0 |   |   | X |   | 2 
---|---|---|---|---|---|---|---|---|---
 3 | 0 | 0 | 0 | 0 | X | X | X | X | 3 
---|---|---|---|---|---|---|---|---|---
 4 |   |   |   | 0 | 0 | 0 | X | X | 4 
---|---|---|---|---|---|---|---|---|---
 5 |   |   |   | X | X | 0 | X | X | 5 
---|---|---|---|---|---|---|---|---|---
 6 | X | X | X | X | X | X | 0 | X | 6 
---|---|---|---|---|---|---|---|---|---
 7 |   |   |   |   | X |   |   | X | 7 
---|---|---|---|---|---|---|---|---|---
 8 |   |   |   |   |   |   |   |   | 8 
---|---|---|---|---|---|---|---|---|---
   | 1 | 2 | 3 | 4 | 5 | 6 | 7 | 8 |

It took 9 seconds to make this move...


Black to move
BOOOOEEEEEOEOEEXEOOOOXXXXEEEOOOXXEEEXXOXXXXXXXXOXEEEEXEEXEEEEEEEE
(2,3)
   | 1 | 2 | 3 | 4 | 5 | 6 | 7 | 8 |
---|---|---|---|---|---|---|---|---|---
 1 | 0 | 0 | 0 | 0 |   |   |   |   | 1 
---|---|---|---|---|---|---|---|---|---
 2 |   | 0 | X | 0 |   |   | X |   | 2 
---|---|---|---|---|---|---|---|---|---
 3 | 0 | 0 | 0 | X | X | X | X | X | 3 
---|---|---|---|---|---|---|---|---|---
 4 |   |   |   | 0 | X | 0 | X | X | 4 
---|---|---|---|---|---|---|---|---|---
 5 |   |   |   | X | X | X | X | X | 5 
---|---|---|---|---|---|---|---|---|---
 6 | X | X | X | X | X | X | X | X | 6 
---|---|---|---|---|---|---|---|---|---
 7 |   |   |   |   | X |   |   | X | 7 
---|---|---|---|---|---|---|---|---|---
 8 |   |   |   |   |   |   |   |   | 8 
---|---|---|---|---|---|---|---|---|---
   | 1 | 2 | 3 | 4 | 5 | 6 | 7 | 8 |

It took 0 seconds to make this move...


White to move
WOOOOEEEEEOXOEEXEOOOXXXXXEEEOXOXXEEEXXXXXXXXXXXXXEEEEXEEXEEEEEEEE
(2,6) Depth reached: 7, Nodes searched: 62794
   | 1 | 2 | 3 | 4 | 5 | 6 | 7 | 8 |
---|---|---|---|---|---|---|---|---|---
 1 | 0 | 0 | 0 | 0 |   |   |   |   | 1 
---|---|---|---|---|---|---|---|---|---
 2 |   | 0 | X | 0 |   | 0 | X |   | 2 
---|---|---|---|---|---|---|---|---|---
 3 | 0 | 0 | 0 | X | 0 | 0 | X | X | 3 
---|---|---|---|---|---|---|---|---|---
 4 |   |   |   | 0 | X | 0 | X | X | 4 
---|---|---|---|---|---|---|---|---|---
 5 |   |   |   | X | X | X | X | X | 5 
---|---|---|---|---|---|---|---|---|---
 6 | X | X | X | X | X | X | X | X | 6 
---|---|---|---|---|---|---|---|---|---
 7 |   |   |   |   | X |   |   | X | 7 
---|---|---|---|---|---|---|---|---|---
 8 |   |   |   |   |   |   |   |   | 8 
---|---|---|---|---|---|---|---|---|---
   | 1 | 2 | 3 | 4 | 5 | 6 | 7 | 8 |

It took 9 seconds to make this move...


Black to move
BOOOOEEEEEOXOEOXEOOOXOOXXEEEOXOXXEEEXXXXXXXXXXXXXEEEEXEEXEEEEEEEE
(1,6)
   | 1 | 2 | 3 | 4 | 5 | 6 | 7 | 8 |
---|---|---|---|---|---|---|---|---|---
 1 | 0 | 0 | 0 | 0 |   | X |   |   | 1 
---|---|---|---|---|---|---|---|---|---
 2 |   | 0 | X | 0 |   | X | X |   | 2 
---|---|---|---|---|---|---|---|---|---
 3 | 0 | 0 | 0 | X | 0 | X | X | X | 3 
---|---|---|---|---|---|---|---|---|---
 4 |   |   |   | 0 | X | X | X | X | 4 
---|---|---|---|---|---|---|---|---|---
 5 |   |   |   | X | X | X | X | X | 5 
---|---|---|---|---|---|---|---|---|---
 6 | X | X | X | X | X | X | X | X | 6 
---|---|---|---|---|---|---|---|---|---
 7 |   |   |   |   | X |   |   | X | 7 
---|---|---|---|---|---|---|---|---|---
 8 |   |   |   |   |   |   |   |   | 8 
---|---|---|---|---|---|---|---|---|---
   | 1 | 2 | 3 | 4 | 5 | 6 | 7 | 8 |

It took 0 seconds to make this move...


White to move
WOOOOEXEEEOXOEXXEOOOXOXXXEEEOXXXXEEEXXXXXXXXXXXXXEEEEXEEXEEEEEEEE
(8,5) Depth reached: 8, Nodes searched: 21907
   | 1 | 2 | 3 | 4 | 5 | 6 | 7 | 8 |
---|---|---|---|---|---|---|---|---|---
 1 | 0 | 0 | 0 | 0 |   | X |   |   | 1 
---|---|---|---|---|---|---|---|---|---
 2 |   | 0 | X | 0 |   | X | X |   | 2 
---|---|---|---|---|---|---|---|---|---
 3 | 0 | 0 | 0 | X | 0 | X | X | X | 3 
---|---|---|---|---|---|---|---|---|---
 4 |   |   |   | 0 | 0 | X | X | X | 4 
---|---|---|---|---|---|---|---|---|---
 5 |   |   |   | X | 0 | X | X | X | 5 
---|---|---|---|---|---|---|---|---|---
 6 | X | X | X | X | 0 | X | X | X | 6 
---|---|---|---|---|---|---|---|---|---
 7 |   |   |   |   | 0 |   |   | X | 7 
---|---|---|---|---|---|---|---|---|---
 8 |   |   |   |   | 0 |   |   |   | 8 
---|---|---|---|---|---|---|---|---|---
   | 1 | 2 | 3 | 4 | 5 | 6 | 7 | 8 |

It took 10 seconds to make this move...


Black to move
BOOOOEXEEEOXOEXXEOOOXOXXXEEEOOXXXEEEXOXXXXXXXOXXXEEEEOEEXEEEEOEEE
(2,1)
   | 1 | 2 | 3 | 4 | 5 | 6 | 7 | 8 |
---|---|---|---|---|---|---|---|---|---
 1 | 0 | 0 | 0 | 0 |   | X |   |   | 1 
---|---|---|---|---|---|---|---|---|---
 2 | X | X | X | 0 |   | X | X |   | 2 
---|---|---|---|---|---|---|---|---|---
 3 | 0 | 0 | 0 | X | 0 | X | X | X | 3 
---|---|---|---|---|---|---|---|---|---
 4 |   |   |   | 0 | 0 | X | X | X | 4 
---|---|---|---|---|---|---|---|---|---
 5 |   |   |   | X | 0 | X | X | X | 5 
---|---|---|---|---|---|---|---|---|---
 6 | X | X | X | X | 0 | X | X | X | 6 
---|---|---|---|---|---|---|---|---|---
 7 |   |   |   |   | 0 |   |   | X | 7 
---|---|---|---|---|---|---|---|---|---
 8 |   |   |   |   | 0 |   |   |   | 8 
---|---|---|---|---|---|---|---|---|---
   | 1 | 2 | 3 | 4 | 5 | 6 | 7 | 8 |

It took 0 seconds to make this move...


White to move
WOOOOEXEEXXXOEXXEOOOXOXXXEEEOOXXXEEEXOXXXXXXXOXXXEEEEOEEXEEEEOEEE
(4,3) Depth reached: 7, Nodes searched: 42695
   | 1 | 2 | 3 | 4 | 5 | 6 | 7 | 8 |
---|---|---|---|---|---|---|---|---|---
 1 | 0 | 0 | 0 | 0 |   | X |   |   | 1 
---|---|---|---|---|---|---|---|---|---
 2 | X | X | X | 0 |   | X | X |   | 2 
---|---|---|---|---|---|---|---|---|---
 3 | 0 | 0 | 0 | X | 0 | X | X | X | 3 
---|---|---|---|---|---|---|---|---|---
 4 |   |   | 0 | 0 | 0 | X | X | X | 4 
---|---|---|---|---|---|---|---|---|---
 5 |   |   |   | 0 | 0 | X | X | X | 5 
---|---|---|---|---|---|---|---|---|---
 6 | X | X | X | X | 0 | X | X | X | 6 
---|---|---|---|---|---|---|---|---|---
 7 |   |   |   |   | 0 |   |   | X | 7 
---|---|---|---|---|---|---|---|---|---
 8 |   |   |   |   | 0 |   |   |   | 8 
---|---|---|---|---|---|---|---|---|---
   | 1 | 2 | 3 | 4 | 5 | 6 | 7 | 8 |

It took 9 seconds to make this move...


Black to move
BOOOOEXEEXXXOEXXEOOOXOXXXEEOOOXXXEEEOOXXXXXXXOXXXEEEEOEEXEEEEOEEE
(7,6)
   | 1 | 2 | 3 | 4 | 5 | 6 | 7 | 8 |
---|---|---|---|---|---|---|---|---|---
 1 | 0 | 0 | 0 | 0 |   | X |   |   | 1 
---|---|---|---|---|---|---|---|---|---
 2 | X | X | X | 0 |   | X | X |   | 2 
---|---|---|---|---|---|---|---|---|---
 3 | 0 | X | 0 | X | 0 | X | X | X | 3 
---|---|---|---|---|---|---|---|---|---
 4 |   |   | X | 0 | 0 | X | X | X | 4 
---|---|---|---|---|---|---|---|---|---
 5 |   |   |   | X | 0 | X | X | X | 5 
---|---|---|---|---|---|---|---|---|---
 6 | X | X | X | X | X | X | X | X | 6 
---|---|---|---|---|---|---|---|---|---
 7 |   |   |   |   | 0 | X |   | X | 7 
---|---|---|---|---|---|---|---|---|---
 8 |   |   |   |   | 0 |   |   |   | 8 
---|---|---|---|---|---|---|---|---|---
   | 1 | 2 | 3 | 4 | 5 | 6 | 7 | 8 |

It took 0 seconds to make this move...


White to move
WOOOOEXEEXXXOEXXEOXOXOXXXEEXOOXXXEEEXOXXXXXXXXXXXEEEEOXEXEEEEOEEE
(7,3) Depth reached: 7, Nodes searched: 51127
   | 1 | 2 | 3 | 4 | 5 | 6 | 7 | 8 |
---|---|---|---|---|---|---|---|---|---
 1 | 0 | 0 | 0 | 0 |   | X |   |   | 1 
---|---|---|---|---|---|---|---|---|---
 2 | X | X | X | 0 |   | X | X |   | 2 
---|---|---|---|---|---|---|---|---|---
 3 | 0 | X | 0 | X | 0 | X | X | X | 3 
---|---|---|---|---|---|---|---|---|---
 4 |   |   | X | 0 | 0 | X | X | X | 4 
---|---|---|---|---|---|---|---|---|---
 5 |   |   |   | X | 0 | X | X | X | 5 
---|---|---|---|---|---|---|---|---|---
 6 | X | X | X | 0 | X | X | X | X | 6 
---|---|---|---|---|---|---|---|---|---
 7 |   |   | 0 |   | 0 | X |   | X | 7 
---|---|---|---|---|---|---|---|---|---
 8 |   |   |   |   | 0 |   |   |   | 8 
---|---|---|---|---|---|---|---|---|---
   | 1 | 2 | 3 | 4 | 5 | 6 | 7 | 8 |

It took 9 seconds to make this move...


Black to move
BOOOOEXEEXXXOEXXEOXOXOXXXEEXOOXXXEEEXOXXXXXXOXXXXEEOEOXEXEEEEOEEE
(8,2)
   | 1 | 2 | 3 | 4 | 5 | 6 | 7 | 8 |
---|---|---|---|---|---|---|---|---|---
 1 | 0 | 0 | 0 | 0 |   | X |   |   | 1 
---|---|---|---|---|---|---|---|---|---
 2 | X | X | X | 0 |   | X | X |   | 2 
---|---|---|---|---|---|---|---|---|---
 3 | 0 | X | 0 | X | 0 | X | X | X | 3 
---|---|---|---|---|---|---|---|---|---
 4 |   |   | X | 0 | 0 | X | X | X | 4 
---|---|---|---|---|---|---|---|---|---
 5 |   |   |   | X | X | X | X | X | 5 
---|---|---|---|---|---|---|---|---|---
 6 | X | X | X | X | X | X | X | X | 6 
---|---|---|---|---|---|---|---|---|---
 7 |   |   | X |   | 0 | X |   | X | 7 
---|---|---|---|---|---|---|---|---|---
 8 |   | X |   |   | 0 |   |   |   | 8 
---|---|---|---|---|---|---|---|---|---
   | 1 | 2 | 3 | 4 | 5 | 6 | 7 | 8 |

It took 0 seconds to make this move...


White to move
WOOOOEXEEXXXOEXXEOXOXOXXXEEXOOXXXEEEXXXXXXXXXXXXXEEXEOXEXEXEEOEEE
(1,8) Depth reached: 8, Nodes searched: 36986
   | 1 | 2 | 3 | 4 | 5 | 6 | 7 | 8 |
---|---|---|---|---|---|---|---|---|---
 1 | 0 | 0 | 0 | 0 |   | X |   | 0 | 1 
---|---|---|---|---|---|---|---|---|---
 2 | X | X | X | 0 |   | X | 0 |   | 2 
---|---|---|---|---|---|---|---|---|---
 3 | 0 | X | 0 | X | 0 | 0 | X | X | 3 
---|---|---|---|---|---|---|---|---|---
 4 |   |   | X | 0 | 0 | X | X | X | 4 
---|---|---|---|---|---|---|---|---|---
 5 |   |   |   | X | X | X | X | X | 5 
---|---|---|---|---|---|---|---|---|---
 6 | X | X | X | X | X | X | X | X | 6 
---|---|---|---|---|---|---|---|---|---
 7 |   |   | X |   | 0 | X |   | X | 7 
---|---|---|---|---|---|---|---|---|---
 8 |   | X |   |   | 0 |   |   |   | 8 
---|---|---|---|---|---|---|---|---|---
   | 1 | 2 | 3 | 4 | 5 | 6 | 7 | 8 |

It took 9 seconds to make this move...


Black to move
BOOOOEXEOXXXOEXOEOXOXOOXXEEXOOXXXEEEXXXXXXXXXXXXXEEXEOXEXEXEEOEEE
(8,6)
   | 1 | 2 | 3 | 4 | 5 | 6 | 7 | 8 |
---|---|---|---|---|---|---|---|---|---
 1 | 0 | 0 | 0 | 0 |   | X |   | 0 | 1 
---|---|---|---|---|---|---|---|---|---
 2 | X | X | X | 0 |   | X | 0 |   | 2 
---|---|---|---|---|---|---|---|---|---
 3 | 0 | X | 0 | X | 0 | 0 | X | X | 3 
---|---|---|---|---|---|---|---|---|---
 4 |   |   | X | 0 | 0 | X | X | X | 4 
---|---|---|---|---|---|---|---|---|---
 5 |   |   |   | X | X | X | X | X | 5 
---|---|---|---|---|---|---|---|---|---
 6 | X | X | X | X | X | X | X | X | 6 
---|---|---|---|---|---|---|---|---|---
 7 |   |   | X |   | X | X |   | X | 7 
---|---|---|---|---|---|---|---|---|---
 8 |   | X |   |   | 0 | X |   |   | 8 
---|---|---|---|---|---|---|---|---|---
   | 1 | 2 | 3 | 4 | 5 | 6 | 7 | 8 |

It took 0 seconds to make this move...


White to move
WOOOOEXEOXXXOEXOEOXOXOOXXEEXOOXXXEEEXXXXXXXXXXXXXEEXEXXEXEXEEOXEE
(8,7) Depth reached: 8, Nodes searched: 56585
   | 1 | 2 | 3 | 4 | 5 | 6 | 7 | 8 |
---|---|---|---|---|---|---|---|---|---
 1 | 0 | 0 | 0 | 0 |   | X |   | 0 | 1 
---|---|---|---|---|---|---|---|---|---
 2 | X | X | X | 0 |   | X | 0 |   | 2 
---|---|---|---|---|---|---|---|---|---
 3 | 0 | X | 0 | X | 0 | 0 | X | X | 3 
---|---|---|---|---|---|---|---|---|---
 4 |   |   | X | 0 | 0 | X | X | X | 4 
---|---|---|---|---|---|---|---|---|---
 5 |   |   |   | X | X | X | X | X | 5 
---|---|---|---|---|---|---|---|---|---
 6 | X | X | X | X | X | X | X | X | 6 
---|---|---|---|---|---|---|---|---|---
 7 |   |   | X |   | X | X |   | X | 7 
---|---|---|---|---|---|---|---|---|---
 8 |   | X |   |   | 0 | 0 | 0 |   | 8 
---|---|---|---|---|---|---|---|---|---
   | 1 | 2 | 3 | 4 | 5 | 6 | 7 | 8 |

It took 9 seconds to make this move...


Black to move
BOOOOEXEOXXXOEXOEOXOXOOXXEEXOOXXXEEEXXXXXXXXXXXXXEEXEXXEXEXEEOOOE
(1,7)
   | 1 | 2 | 3 | 4 | 5 | 6 | 7 | 8 |
---|---|---|---|---|---|---|---|---|---
 1 | 0 | 0 | 0 | 0 |   | X | X | 0 | 1 
---|---|---|---|---|---|---|---|---|---
 2 | X | X | X | 0 |   | X | X |   | 2 
---|---|---|---|---|---|---|---|---|---
 3 | 0 | X | 0 | X | 0 | 0 | X | X | 3 
---|---|---|---|---|---|---|---|---|---
 4 |   |   | X | 0 | 0 | X | X | X | 4 
---|---|---|---|---|---|---|---|---|---
 5 |   |   |   | X | X | X | X | X | 5 
---|---|---|---|---|---|---|---|---|---
 6 | X | X | X | X | X | X | X | X | 6 
---|---|---|---|---|---|---|---|---|---
 7 |   |   | X |   | X | X |   | X | 7 
---|---|---|---|---|---|---|---|---|---
 8 |   | X |   |   | 0 | 0 | 0 |   | 8 
---|---|---|---|---|---|---|---|---|---
   | 1 | 2 | 3 | 4 | 5 | 6 | 7 | 8 |

It took 0 seconds to make this move...


White to move
WOOOOEXXOXXXOEXXEOXOXOOXXEEXOOXXXEEEXXXXXXXXXXXXXEEXEXXEXEXEEOOOE
(7,4) Depth reached: 9, Nodes searched: 33172
   | 1 | 2 | 3 | 4 | 5 | 6 | 7 | 8 |
---|---|---|---|---|---|---|---|---|---
 1 | 0 | 0 | 0 | 0 |   | X | X | 0 | 1 
---|---|---|---|---|---|---|---|---|---
 2 | X | X | X | 0 |   | X | X |   | 2 
---|---|---|---|---|---|---|---|---|---
 3 | 0 | X | 0 | X | 0 | 0 | X | X | 3 
---|---|---|---|---|---|---|---|---|---
 4 |   |   | X | 0 | 0 | X | X | X | 4 
---|---|---|---|---|---|---|---|---|---
 5 |   |   |   | 0 | X | X | X | X | 5 
---|---|---|---|---|---|---|---|---|---
 6 | X | X | X | 0 | X | X | X | X | 6 
---|---|---|---|---|---|---|---|---|---
 7 |   |   | X | 0 | X | X |   | X | 7 
---|---|---|---|---|---|---|---|---|---
 8 |   | X |   |   | 0 | 0 | 0 |   | 8 
---|---|---|---|---|---|---|---|---|---
   | 1 | 2 | 3 | 4 | 5 | 6 | 7 | 8 |

It took 10 seconds to make this move...


Black to move
BOOOOEXXOXXXOEXXEOXOXOOXXEEXOOXXXEEEOXXXXXXXOXXXXEEXOXXEXEXEEOOOE
(8,4)
   | 1 | 2 | 3 | 4 | 5 | 6 | 7 | 8 |
---|---|---|---|---|---|---|---|---|---
 1 | 0 | 0 | 0 | 0 |   | X | X | 0 | 1 
---|---|---|---|---|---|---|---|---|---
 2 | X | X | X | 0 |   | X | X |   | 2 
---|---|---|---|---|---|---|---|---|---
 3 | 0 | X | 0 | X | 0 | 0 | X | X | 3 
---|---|---|---|---|---|---|---|---|---
 4 |   |   | X | X | 0 | X | X | X | 4 
---|---|---|---|---|---|---|---|---|---
 5 |   |   |   | X | X | X | X | X | 5 
---|---|---|---|---|---|---|---|---|---
 6 | X | X | X | X | X | X | X | X | 6 
---|---|---|---|---|---|---|---|---|---
 7 |   |   | X | X | X | X |   | X | 7 
---|---|---|---|---|---|---|---|---|---
 8 |   | X |   | X | 0 | 0 | 0 |   | 8 
---|---|---|---|---|---|---|---|---|---
   | 1 | 2 | 3 | 4 | 5 | 6 | 7 | 8 |

It took 0 seconds to make this move...


White to move
WOOOOEXXOXXXOEXXEOXOXOOXXEEXXOXXXEEEXXXXXXXXXXXXXEEXXXXEXEXEXOOOE
(5,3) Depth reached: 10, Nodes searched: 35801
   | 1 | 2 | 3 | 4 | 5 | 6 | 7 | 8 |
---|---|---|---|---|---|---|---|---|---
 1 | 0 | 0 | 0 | 0 |   | X | X | 0 | 1 
---|---|---|---|---|---|---|---|---|---
 2 | X | X | X | 0 |   | X | X |   | 2 
---|---|---|---|---|---|---|---|---|---
 3 | 0 | X | 0 | X | 0 | 0 | X | X | 3 
---|---|---|---|---|---|---|---|---|---
 4 |   |   | 0 | 0 | 0 | X | X | X | 4 
---|---|---|---|---|---|---|---|---|---
 5 |   |   | 0 | X | X | X | X | X | 5 
---|---|---|---|---|---|---|---|---|---
 6 | X | X | X | 0 | X | X | X | X | 6 
---|---|---|---|---|---|---|---|---|---
 7 |   |   | X | X | 0 | X |   | X | 7 
---|---|---|---|---|---|---|---|---|---
 8 |   | X |   | X | 0 | 0 | 0 |   | 8 
---|---|---|---|---|---|---|---|---|---
   | 1 | 2 | 3 | 4 | 5 | 6 | 7 | 8 |

It took 9 seconds to make this move...


Black to move
BOOOOEXXOXXXOEXXEOXOXOOXXEEOOOXXXEEOXXXXXXXXOXXXXEEXXOXEXEXEXOOOE
(8,8)
   | 1 | 2 | 3 | 4 | 5 | 6 | 7 | 8 |
---|---|---|---|---|---|---|---|---|---
 1 | 0 | 0 | 0 | 0 |   | X | X | 0 | 1 
---|---|---|---|---|---|---|---|---|---
 2 | X | X | X | 0 |   | X | X |   | 2 
---|---|---|---|---|---|---|---|---|---
 3 | 0 | X | 0 | X | 0 | 0 | X | X | 3 
---|---|---|---|---|---|---|---|---|---
 4 |   |   | 0 | 0 | 0 | X | X | X | 4 
---|---|---|---|---|---|---|---|---|---
 5 |   |   | 0 | X | X | X | X | X | 5 
---|---|---|---|---|---|---|---|---|---
 6 | X | X | X | 0 | X | X | X | X | 6 
---|---|---|---|---|---|---|---|---|---
 7 |   |   | X | X | 0 | X |   | X | 7 
---|---|---|---|---|---|---|---|---|---
 8 |   | X |   | X | X | X | X | X | 8 
---|---|---|---|---|---|---|---|---|---
   | 1 | 2 | 3 | 4 | 5 | 6 | 7 | 8 |

It took 0 seconds to make this move...


White to move
WOOOOEXXOXXXOEXXEOXOXOOXXEEOOOXXXEEOXXXXXXXXOXXXXEEXXOXEXEXEXXXXX
(4,2) Depth reached: 10, Nodes searched: 118641
   | 1 | 2 | 3 | 4 | 5 | 6 | 7 | 8 |
---|---|---|---|---|---|---|---|---|---
 1 | 0 | 0 | 0 | 0 |   | X | X | 0 | 1 
---|---|---|---|---|---|---|---|---|---
 2 | X | 0 | X | 0 |   | X | X |   | 2 
---|---|---|---|---|---|---|---|---|---
 3 | 0 | 0 | 0 | X | 0 | 0 | X | X | 3 
---|---|---|---|---|---|---|---|---|---
 4 |   | 0 | 0 | 0 | 0 | X | X | X | 4 
---|---|---|---|---|---|---|---|---|---
 5 |   |   | 0 | X | X | X | X | X | 5 
---|---|---|---|---|---|---|---|---|---
 6 | X | X | X | 0 | X | X | X | X | 6 
---|---|---|---|---|---|---|---|---|---
 7 |   |   | X | X | 0 | X |   | X | 7 
---|---|---|---|---|---|---|---|---|---
 8 |   | X |   | X | X | X | X | X | 8 
---|---|---|---|---|---|---|---|---|---
   | 1 | 2 | 3 | 4 | 5 | 6 | 7 | 8 |

It took 9 seconds to make this move...


Black to move
BOOOOEXXOXOXOEXXEOOOXOOXXEOOOOXXXEEOXXXXXXXXOXXXXEEXXOXEXEXEXXXXX
(4,1)
   | 1 | 2 | 3 | 4 | 5 | 6 | 7 | 8 |
---|---|---|---|---|---|---|---|---|---
 1 | 0 | 0 | 0 | 0 |   | X | X | 0 | 1 
---|---|---|---|---|---|---|---|---|---
 2 | X | 0 | X | 0 |   | X | X |   | 2 
---|---|---|---|---|---|---|---|---|---
 3 | X | X | 0 | X | 0 | 0 | X | X | 3 
---|---|---|---|---|---|---|---|---|---
 4 | X | X | X | X | X | X | X | X | 4 
---|---|---|---|---|---|---|---|---|---
 5 |   |   | 0 | X | X | X | X | X | 5 
---|---|---|---|---|---|---|---|---|---
 6 | X | X | X | 0 | X | X | X | X | 6 
---|---|---|---|---|---|---|---|---|---
 7 |   |   | X | X | 0 | X |   | X | 7 
---|---|---|---|---|---|---|---|---|---
 8 |   | X |   | X | X | X | X | X | 8 
---|---|---|---|---|---|---|---|---|---
   | 1 | 2 | 3 | 4 | 5 | 6 | 7 | 8 |

It took 0 seconds to make this move...


White to move
WOOOOEXXOXOXOEXXEXXOXOOXXXXXXXXXXEEOXXXXXXXXOXXXXEEXXOXEXEXEXXXXX
(1,5) Depth reached: 16, Nodes searched: 70231
   | 1 | 2 | 3 | 4 | 5 | 6 | 7 | 8 |
---|---|---|---|---|---|---|---|---|---
 1 | 0 | 0 | 0 | 0 | 0 | 0 | 0 | 0 | 1 
---|---|---|---|---|---|---|---|---|---
 2 | X | 0 | X | 0 |   | X | X |   | 2 
---|---|---|---|---|---|---|---|---|---
 3 | X | X | 0 | X | 0 | 0 | X | X | 3 
---|---|---|---|---|---|---|---|---|---
 4 | X | X | X | X | X | X | X | X | 4 
---|---|---|---|---|---|---|---|---|---
 5 |   |   | 0 | X | X | X | X | X | 5 
---|---|---|---|---|---|---|---|---|---
 6 | X | X | X | 0 | X | X | X | X | 6 
---|---|---|---|---|---|---|---|---|---
 7 |   |   | X | X | 0 | X |   | X | 7 
---|---|---|---|---|---|---|---|---|---
 8 |   | X |   | X | X | X | X | X | 8 
---|---|---|---|---|---|---|---|---|---
   | 1 | 2 | 3 | 4 | 5 | 6 | 7 | 8 |

It took 9 seconds to make this move...


Black to move
BOOOOOOOOXOXOEXXEXXOXOOXXXXXXXXXXEEOXXXXXXXXOXXXXEEXXOXEXEXEXXXXX
(5,2)
   | 1 | 2 | 3 | 4 | 5 | 6 | 7 | 8 |
---|---|---|---|---|---|---|---|---|---
 1 | 0 | 0 | 0 | 0 | 0 | 0 | 0 | 0 | 1 
---|---|---|---|---|---|---|---|---|---
 2 | X | 0 | X | 0 |   | X | X |   | 2 
---|---|---|---|---|---|---|---|---|---
 3 | X | X | 0 | X | 0 | 0 | X | X | 3 
---|---|---|---|---|---|---|---|---|---
 4 | X | X | X | X | X | X | X | X | 4 
---|---|---|---|---|---|---|---|---|---
 5 |   | X | X | X | X | X | X | X | 5 
---|---|---|---|---|---|---|---|---|---
 6 | X | X | X | 0 | X | X | X | X | 6 
---|---|---|---|---|---|---|---|---|---
 7 |   |   | X | X | 0 | X |   | X | 7 
---|---|---|---|---|---|---|---|---|---
 8 |   | X |   | X | X | X | X | X | 8 
---|---|---|---|---|---|---|---|---|---
   | 1 | 2 | 3 | 4 | 5 | 6 | 7 | 8 |

It took 0 seconds to make this move...


White to move
WOOOOOOOOXOXOEXXEXXOXOOXXXXXXXXXXEXXXXXXXXXXOXXXXEEXXOXEXEXEXXXXX
(5,1) Depth reached: 56, Nodes searched: 1951
   | 1 | 2 | 3 | 4 | 5 | 6 | 7 | 8 |
---|---|---|---|---|---|---|---|---|---
 1 | 0 | 0 | 0 | 0 | 0 | 0 | 0 | 0 | 1 
---|---|---|---|---|---|---|---|---|---
 2 | 0 | 0 | X | 0 |   | X | X |   | 2 
---|---|---|---|---|---|---|---|---|---
 3 | 0 | X | 0 | X | 0 | 0 | X | X | 3 
---|---|---|---|---|---|---|---|---|---
 4 | 0 | 0 | X | X | X | X | X | X | 4 
---|---|---|---|---|---|---|---|---|---
 5 | 0 | X | X | X | X | X | X | X | 5 
---|---|---|---|---|---|---|---|---|---
 6 | X | X | X | 0 | X | X | X | X | 6 
---|---|---|---|---|---|---|---|---|---
 7 |   |   | X | X | 0 | X |   | X | 7 
---|---|---|---|---|---|---|---|---|---
 8 |   | X |   | X | X | X | X | X | 8 
---|---|---|---|---|---|---|---|---|---
   | 1 | 2 | 3 | 4 | 5 | 6 | 7 | 8 |

It took 9 seconds to make this move...


Black to move
BOOOOOOOOOOXOEXXEOXOXOOXXOOXXXXXXOXXXXXXXXXXOXXXXEEXXOXEXEXEXXXXX
(2,5)
   | 1 | 2 | 3 | 4 | 5 | 6 | 7 | 8 |
---|---|---|---|---|---|---|---|---|---
 1 | 0 | 0 | 0 | 0 | 0 | 0 | 0 | 0 | 1 
---|---|---|---|---|---|---|---|---|---
 2 | 0 | 0 | X | X | X | X | X |   | 2 
---|---|---|---|---|---|---|---|---|---
 3 | 0 | X | 0 | X | X | X | X | X | 3 
---|---|---|---|---|---|---|---|---|---
 4 | 0 | 0 | X | X | X | X | X | X | 4 
---|---|---|---|---|---|---|---|---|---
 5 | 0 | X | X | X | X | X | X | X | 5 
---|---|---|---|---|---|---|---|---|---
 6 | X | X | X | 0 | X | X | X | X | 6 
---|---|---|---|---|---|---|---|---|---
 7 |   |   | X | X | 0 | X |   | X | 7 
---|---|---|---|---|---|---|---|---|---
 8 |   | X |   | X | X | X | X | X | 8 
---|---|---|---|---|---|---|---|---|---
   | 1 | 2 | 3 | 4 | 5 | 6 | 7 | 8 |

It took 0 seconds to make this move...


White to move
WOOOOOOOOOOXXXXXEOXOXXXXXOOXXXXXXOXXXXXXXXXXOXXXXEEXXOXEXEXEXXXXX
(7,1) Depth reached: 131, Nodes searched: 4610
   | 1 | 2 | 3 | 4 | 5 | 6 | 7 | 8 |
---|---|---|---|---|---|---|---|---|---
 1 | 0 | 0 | 0 | 0 | 0 | 0 | 0 | 0 | 1 
---|---|---|---|---|---|---|---|---|---
 2 | 0 | 0 | X | X | X | 0 | X |   | 2 
---|---|---|---|---|---|---|---|---|---
 3 | 0 | X | 0 | X | 0 | X | X | X | 3 
---|---|---|---|---|---|---|---|---|---
 4 | 0 | 0 | X | 0 | X | X | X | X | 4 
---|---|---|---|---|---|---|---|---|---
 5 | 0 | X | 0 | X | X | X | X | X | 5 
---|---|---|---|---|---|---|---|---|---
 6 | 0 | 0 | X | 0 | X | X | X | X | 6 
---|---|---|---|---|---|---|---|---|---
 7 | 0 |   | X | X | 0 | X |   | X | 7 
---|---|---|---|---|---|---|---|---|---
 8 |   | X |   | X | X | X | X | X | 8 
---|---|---|---|---|---|---|---|---|---
   | 1 | 2 | 3 | 4 | 5 | 6 | 7 | 8 |

It took 9 seconds to make this move...


Black to move
BOOOOOOOOOOXXXOXEOXOXOXXXOOXOXXXXOXOXXXXXOOXOXXXXOEXXOXEXEXEXXXXX
(7,2)
   | 1 | 2 | 3 | 4 | 5 | 6 | 7 | 8 |
---|---|---|---|---|---|---|---|---|---
 1 | 0 | 0 | 0 | 0 | 0 | 0 | 0 | 0 | 1 
---|---|---|---|---|---|---|---|---|---
 2 | 0 | 0 | X | X | X | 0 | X |   | 2 
---|---|---|---|---|---|---|---|---|---
 3 | 0 | X | 0 | X | 0 | X | X | X | 3 
---|---|---|---|---|---|---|---|---|---
 4 | 0 | 0 | X | 0 | X | X | X | X | 4 
---|---|---|---|---|---|---|---|---|---
 5 | 0 | X | 0 | X | X | X | X | X | 5 
---|---|---|---|---|---|---|---|---|---
 6 | 0 | X | X | 0 | X | X | X | X | 6 
---|---|---|---|---|---|---|---|---|---
 7 | 0 | X | X | X | 0 | X |   | X | 7 
---|---|---|---|---|---|---|---|---|---
 8 |   | X |   | X | X | X | X | X | 8 
---|---|---|---|---|---|---|---|---|---
   | 1 | 2 | 3 | 4 | 5 | 6 | 7 | 8 |

It took 0 seconds to make this move...


White to move
WOOOOOOOOOOXXXOXEOXOXOXXXOOXOXXXXOXOXXXXXOXXOXXXXOXXXOXEXEXEXXXXX
(2,8) Depth reached: 284, Nodes searched: 1958
   | 1 | 2 | 3 | 4 | 5 | 6 | 7 | 8 |
---|---|---|---|---|---|---|---|---|---
 1 | 0 | 0 | 0 | 0 | 0 | 0 | 0 | 0 | 1 
---|---|---|---|---|---|---|---|---|---
 2 | 0 | 0 | X | X | X | 0 | 0 | 0 | 2 
---|---|---|---|---|---|---|---|---|---
 3 | 0 | X | 0 | X | 0 | X | 0 | X | 3 
---|---|---|---|---|---|---|---|---|---
 4 | 0 | 0 | X | 0 | X | 0 | X | X | 4 
---|---|---|---|---|---|---|---|---|---
 5 | 0 | X | 0 | X | 0 | X | X | X | 5 
---|---|---|---|---|---|---|---|---|---
 6 | 0 | X | X | 0 | X | X | X | X | 6 
---|---|---|---|---|---|---|---|---|---
 7 | 0 | X | X | X | 0 | X |   | X | 7 
---|---|---|---|---|---|---|---|---|---
 8 |   | X |   | X | X | X | X | X | 8 
---|---|---|---|---|---|---|---|---|---
   | 1 | 2 | 3 | 4 | 5 | 6 | 7 | 8 |

It took 10 seconds to make this move...


Black to move
BOOOOOOOOOOXXXOOOOXOXOXOXOOXOXOXXOXOXOXXXOXXOXXXXOXXXOXEXEXEXXXXX
pass
   | 1 | 2 | 3 | 4 | 5 | 6 | 7 | 8 |
---|---|---|---|---|---|---|---|---|---
 1 | 0 | 0 | 0 | 0 | 0 | 0 | 0 | 0 | 1 
---|---|---|---|---|---|---|---|---|---
 2 | 0 | 0 | X | X | X | 0 | 0 | 0 | 2 
---|---|---|---|---|---|---|---|---|---
 3 | 0 | X | 0 | X | 0 | X | 0 | X | 3 
---|---|---|---|---|---|---|---|---|---
 4 | 0 | 0 | X | 0 | X | 0 | X | X | 4 
---|---|---|---|---|---|---|---|---|---
 5 | 0 | X | 0 | X | 0 | X | X | X | 5 
---|---|---|---|---|---|---|---|---|---
 6 | 0 | X | X | 0 | X | X | X | X | 6 
---|---|---|---|---|---|---|---|---|---
 7 | 0 | X | X | X | 0 | X |   | X | 7 
---|---|---|---|---|---|---|---|---|---
 8 |   | X |   | X | X | X | X | X | 8 
---|---|---|---|---|---|---|---|---|---
   | 1 | 2 | 3 | 4 | 5 | 6 | 7 | 8 |

It took 0 seconds to make this move...


White to move
WOOOOOOOOOOXXXOOOOXOXOXOXOOXOXOXXOXOXOXXXOXXOXXXXOXXXOXEXEXEXXXXX
(8,1) Depth reached: 420, Nodes searched: 1845
   | 1 | 2 | 3 | 4 | 5 | 6 | 7 | 8 |
---|---|---|---|---|---|---|---|---|---
 1 | 0 | 0 | 0 | 0 | 0 | 0 | 0 | 0 | 1 
---|---|---|---|---|---|---|---|---|---
 2 | 0 | 0 | X | X | X | 0 | 0 | 0 | 2 
---|---|---|---|---|---|---|---|---|---
 3 | 0 | X | 0 | X | 0 | 0 | 0 | X | 3 
---|---|---|---|---|---|---|---|---|---
 4 | 0 | 0 | X | 0 | 0 | 0 | X | X | 4 
---|---|---|---|---|---|---|---|---|---
 5 | 0 | X | 0 | 0 | 0 | X | X | X | 5 
---|---|---|---|---|---|---|---|---|---
 6 | 0 | X | 0 | 0 | X | X | X | X | 6 
---|---|---|---|---|---|---|---|---|---
 7 | 0 | 0 | X | X | 0 | X |   | X | 7 
---|---|---|---|---|---|---|---|---|---
 8 | 0 | X |   | X | X | X | X | X | 8 
---|---|---|---|---|---|---|---|---|---
   | 1 | 2 | 3 | 4 | 5 | 6 | 7 | 8 |

It took 9 seconds to make this move...


Black to move
BOOOOOOOOOOXXXOOOOXOXOOOXOOXOOOXXOXOOOXXXOXOOXXXXOOXXOXEXOXEXXXXX
pass
   | 1 | 2 | 3 | 4 | 5 | 6 | 7 | 8 |
---|---|---|---|---|---|---|---|---|---
 1 | 0 | 0 | 0 | 0 | 0 | 0 | 0 | 0 | 1 
---|---|---|---|---|---|---|---|---|---
 2 | 0 | 0 | X | X | X | 0 | 0 | 0 | 2 
---|---|---|---|---|---|---|---|---|---
 3 | 0 | X | 0 | X | 0 | 0 | 0 | X | 3 
---|---|---|---|---|---|---|---|---|---
 4 | 0 | 0 | X | 0 | 0 | 0 | X | X | 4 
---|---|---|---|---|---|---|---|---|---
 5 | 0 | X | 0 | 0 | 0 | X | X | X | 5 
---|---|---|---|---|---|---|---|---|---
 6 | 0 | X | 0 | 0 | X | X | X | X | 6 
---|---|---|---|---|---|---|---|---|---
 7 | 0 | 0 | X | X | 0 | X |   | X | 7 
---|---|---|---|---|---|---|---|---|---
 8 | 0 | X |   | X | X | X | X | X | 8 
---|---|---|---|---|---|---|---|---|---
   | 1 | 2 | 3 | 4 | 5 | 6 | 7 | 8 |

It took 0 seconds to make this move...


White to move
WOOOOOOOOOOXXXOOOOXOXOOOXOOXOOOXXOXOOOXXXOXOOXXXXOOXXOXEXOXEXXXXX
(8,3) Depth reached: 665, Nodes searched: 1210
   | 1 | 2 | 3 | 4 | 5 | 6 | 7 | 8 |
---|---|---|---|---|---|---|---|---|---
 1 | 0 | 0 | 0 | 0 | 0 | 0 | 0 | 0 | 1 
---|---|---|---|---|---|---|---|---|---
 2 | 0 | 0 | X | X | X | 0 | 0 | 0 | 2 
---|---|---|---|---|---|---|---|---|---
 3 | 0 | X | 0 | X | 0 | 0 | 0 | X | 3 
---|---|---|---|---|---|---|---|---|---
 4 | 0 | 0 | X | 0 | 0 | 0 | X | X | 4 
---|---|---|---|---|---|---|---|---|---
 5 | 0 | X | 0 | 0 | 0 | X | X | X | 5 
---|---|---|---|---|---|---|---|---|---
 6 | 0 | X | 0 | 0 | X | X | X | X | 6 
---|---|---|---|---|---|---|---|---|---
 7 | 0 | 0 | 0 | X | 0 | X |   | X | 7 
---|---|---|---|---|---|---|---|---|---
 8 | 0 | 0 | 0 | X | X | X | X | X | 8 
---|---|---|---|---|---|---|---|---|---
   | 1 | 2 | 3 | 4 | 5 | 6 | 7 | 8 |

It took 9 seconds to make this move...


Black to move
BOOOOOOOOOOXXXOOOOXOXOOOXOOXOOOXXOXOOOXXXOXOOXXXXOOOXOXEXOOOXXXXX
pass
   | 1 | 2 | 3 | 4 | 5 | 6 | 7 | 8 |
---|---|---|---|---|---|---|---|---|---
 1 | 0 | 0 | 0 | 0 | 0 | 0 | 0 | 0 | 1 
---|---|---|---|---|---|---|---|---|---
 2 | 0 | 0 | X | X | X | 0 | 0 | 0 | 2 
---|---|---|---|---|---|---|---|---|---
 3 | 0 | X | 0 | X | 0 | 0 | 0 | X | 3 
---|---|---|---|---|---|---|---|---|---
 4 | 0 | 0 | X | 0 | 0 | 0 | X | X | 4 
---|---|---|---|---|---|---|---|---|---
 5 | 0 | X | 0 | 0 | 0 | X | X | X | 5 
---|---|---|---|---|---|---|---|---|---
 6 | 0 | X | 0 | 0 | X | X | X | X | 6 
---|---|---|---|---|---|---|---|---|---
 7 | 0 | 0 | 0 | X | 0 | X |   | X | 7 
---|---|---|---|---|---|---|---|---|---
 8 | 0 | 0 | 0 | X | X | X | X | X | 8 
---|---|---|---|---|---|---|---|---|---
   | 1 | 2 | 3 | 4 | 5 | 6 | 7 | 8 |

It took 0 seconds to make this move...


White to move
WOOOOOOOOOOXXXOOOOXOXOOOXOOXOOOXXOXOOOXXXOXOOXXXXOOOXOXEXOOOXXXXX
(7,7) Depth reached: 927, Nodes searched: 819
   | 1 | 2 | 3 | 4 | 5 | 6 | 7 | 8 |
---|---|---|---|---|---|---|---|---|---
 1 | 0 | 0 | 0 | 0 | 0 | 0 | 0 | 0 | 1 
---|---|---|---|---|---|---|---|---|---
 2 | 0 | 0 | X | X | X | 0 | 0 | 0 | 2 
---|---|---|---|---|---|---|---|---|---
 3 | 0 | X | 0 | X | 0 | 0 | 0 | X | 3 
---|---|---|---|---|---|---|---|---|---
 4 | 0 | 0 | X | 0 | 0 | 0 | 0 | X | 4 
---|---|---|---|---|---|---|---|---|---
 5 | 0 | X | 0 | 0 | 0 | X | 0 | X | 5 
---|---|---|---|---|---|---|---|---|---
 6 | 0 | X | 0 | 0 | X | 0 | 0 | X | 6 
---|---|---|---|---|---|---|---|---|---
 7 | 0 | 0 | 0 | X | 0 | 0 | 0 | X | 7 
---|---|---|---|---|---|---|---|---|---
 8 | 0 | 0 | 0 | X | X | X | X | X | 8 
---|---|---|---|---|---|---|---|---|---
   | 1 | 2 | 3 | 4 | 5 | 6 | 7 | 8 |

It took 10 seconds to make this move...


Black to move
BOOOOOOOOOOXXXOOOOXOXOOOXOOXOOOOXOXOOOXOXOXOOXOOXOOOXOOOXOOOXXXXX
pass
   | 1 | 2 | 3 | 4 | 5 | 6 | 7 | 8 |
---|---|---|---|---|---|---|---|---|---
 1 | 0 | 0 | 0 | 0 | 0 | 0 | 0 | 0 | 1 
---|---|---|---|---|---|---|---|---|---
 2 | 0 | 0 | X | X | X | 0 | 0 | 0 | 2 
---|---|---|---|---|---|---|---|---|---
 3 | 0 | X | 0 | X | 0 | 0 | 0 | X | 3 
---|---|---|---|---|---|---|---|---|---
 4 | 0 | 0 | X | 0 | 0 | 0 | 0 | X | 4 
---|---|---|---|---|---|---|---|---|---
 5 | 0 | X | 0 | 0 | 0 | X | 0 | X | 5 
---|---|---|---|---|---|---|---|---|---
 6 | 0 | X | 0 | 0 | X | 0 | 0 | X | 6 
---|---|---|---|---|---|---|---|---|---
 7 | 0 | 0 | 0 | X | 0 | 0 | 0 | X | 7 
---|---|---|---|---|---|---|---|---|---
 8 | 0 | 0 | 0 | X | X | X | X | X | 8 
---|---|---|---|---|---|---|---|---|---
   | 1 | 2 | 3 | 4 | 5 | 6 | 7 | 8 |

It took 0 seconds to make this move...


White to move
WOOOOOOOOOOXXXOOOOXOXOOOXOOXOOOOXOXOOOXOXOXOOXOOXOOOXOOOXOOOXXXXX
pass
   | 1 | 2 | 3 | 4 | 5 | 6 | 7 | 8 |
---|---|---|---|---|---|---|---|---|---
 1 | 0 | 0 | 0 | 0 | 0 | 0 | 0 | 0 | 1 
---|---|---|---|---|---|---|---|---|---
 2 | 0 | 0 | X | X | X | 0 | 0 | 0 | 2 
---|---|---|---|---|---|---|---|---|---
 3 | 0 | X | 0 | X | 0 | 0 | 0 | X | 3 
---|---|---|---|---|---|---|---|---|---
 4 | 0 | 0 | X | 0 | 0 | 0 | 0 | X | 4 
---|---|---|---|---|---|---|---|---|---
 5 | 0 | X | 0 | 0 | 0 | X | 0 | X | 5 
---|---|---|---|---|---|---|---|---|---
 6 | 0 | X | 0 | 0 | X | 0 | 0 | X | 6 
---|---|---|---|---|---|---|---|---|---
 7 | 0 | 0 | 0 | X | 0 | 0 | 0 | X | 7 
---|---|---|---|---|---|---|---|---|---
 8 | 0 | 0 | 0 | X | X | X | X | X | 8 
---|---|---|---|---|---|---|---|---|---
   | 1 | 2 | 3 | 4 | 5 | 6 | 7 | 8 |

It took 9 seconds to make this move...
***************************************
Results for ../Python/othello.sh vs. ./othello_naive.sh:
White won with 22 points
Average time for white: 9.2 s (max: 10 s)
Average time for black: 0.1 s (max: 1 s)
***************************************
