   | 1 | 2 | 3 | 4 | 5 | 6 | 7 | 8 |
---|---|---|---|---|---|---|---|---|---
 1 |   |   |   |   |   |   |   |   | 1 
---|---|---|---|---|---|---|---|---|---
 2 |   |   |   |   |   |   |   |   | 2 
---|---|---|---|---|---|---|---|---|---
 3 |   |   |   |   |   |   |   |   | 3 
---|---|---|---|---|---|---|---|---|---
 4 |   |   |   | 0 | X |   |   |   | 4 
---|---|---|---|---|---|---|---|---|---
 5 |   |   |   | X | 0 |   |   |   | 5 
---|---|---|---|---|---|---|---|---|---
 6 |   |   |   |   |   |   |   |   | 6 
---|---|---|---|---|---|---|---|---|---
 7 |   |   |   |   |   |   |   |   | 7 
---|---|---|---|---|---|---|---|---|---
 8 |   |   |   |   |   |   |   |   | 8 
---|---|---|---|---|---|---|---|---|---
   | 1 | 2 | 3 | 4 | 5 | 6 | 7 | 8 |



White to move
WEEEEEEEEEEEEEEEEEEEEEEEEEEEOXEEEEEEXOEEEEEEEEEEEEEEEEEEEEEEEEEEE
(3,5)
   | 1 | 2 | 3 | 4 | 5 | 6 | 7 | 8 |
---|---|---|---|---|---|---|---|---|---
 1 |   |   |   |   |   |   |   |   | 1 
---|---|---|---|---|---|---|---|---|---
 2 |   |   |   |   |   |   |   |   | 2 
---|---|---|---|---|---|---|---|---|---
 3 |   |   |   |   | 0 |   |   |   | 3 
---|---|---|---|---|---|---|---|---|---
 4 |   |   |   | 0 | 0 |   |   |   | 4 
---|---|---|---|---|---|---|---|---|---
 5 |   |   |   | X | 0 |   |   |   | 5 
---|---|---|---|---|---|---|---|---|---
 6 |   |   |   |   |   |   |   |   | 6 
---|---|---|---|---|---|---|---|---|---
 7 |   |   |   |   |   |   |   |   | 7 
---|---|---|---|---|---|---|---|---|---
 8 |   |   |   |   |   |   |   |   | 8 
---|---|---|---|---|---|---|---|---|---
   | 1 | 2 | 3 | 4 | 5 | 6 | 7 | 8 |

It took 0 seconds to make this move...


Black to move
BEEEEEEEEEEEEEEEEEEEEOEEEEEEOOEEEEEEXOEEEEEEEEEEEEEEEEEEEEEEEEEEE
(3,4) Depth reached: 6, Nodes searched: 1674
   | 1 | 2 | 3 | 4 | 5 | 6 | 7 | 8 |
---|---|---|---|---|---|---|---|---|---
 1 |   |   |   |   |   |   |   |   | 1 
---|---|---|---|---|---|---|---|---|---
 2 |   |   |   |   |   |   |   |   | 2 
---|---|---|---|---|---|---|---|---|---
 3 |   |   |   | X | 0 |   |   |   | 3 
---|---|---|---|---|---|---|---|---|---
 4 |   |   |   | X | 0 |   |   |   | 4 
---|---|---|---|---|---|---|---|---|---
 5 |   |   |   | X | 0 |   |   |   | 5 
---|---|---|---|---|---|---|---|---|---
 6 |   |   |   |   |   |   |   |   | 6 
---|---|---|---|---|---|---|---|---|---
 7 |   |   |   |   |   |   |   |   | 7 
---|---|---|---|---|---|---|---|---|---
 8 |   |   |   |   |   |   |   |   | 8 
---|---|---|---|---|---|---|---|---|---
   | 1 | 2 | 3 | 4 | 5 | 6 | 7 | 8 |

It took 1 seconds to make this move...


White to move
WEEEEEEEEEEEEEEEEEEEXOEEEEEEXOEEEEEEXOEEEEEEEEEEEEEEEEEEEEEEEEEEE
(3,3)
   | 1 | 2 | 3 | 4 | 5 | 6 | 7 | 8 |
---|---|---|---|---|---|---|---|---|---
 1 |   |   |   |   |   |   |   |   | 1 
---|---|---|---|---|---|---|---|---|---
 2 |   |   |   |   |   |   |   |   | 2 
---|---|---|---|---|---|---|---|---|---
 3 |   |   | 0 | 0 | 0 |   |   |   | 3 
---|---|---|---|---|---|---|---|---|---
 4 |   |   |   | 0 | 0 |   |   |   | 4 
---|---|---|---|---|---|---|---|---|---
 5 |   |   |   | X | 0 |   |   |   | 5 
---|---|---|---|---|---|---|---|---|---
 6 |   |   |   |   |   |   |   |   | 6 
---|---|---|---|---|---|---|---|---|---
 7 |   |   |   |   |   |   |   |   | 7 
---|---|---|---|---|---|---|---|---|---
 8 |   |   |   |   |   |   |   |   | 8 
---|---|---|---|---|---|---|---|---|---
   | 1 | 2 | 3 | 4 | 5 | 6 | 7 | 8 |

It took 0 seconds to make this move...


Black to move
BEEEEEEEEEEEEEEEEEEOOOEEEEEEOOEEEEEEXOEEEEEEEEEEEEEEEEEEEEEEEEEEE
(3,6) Depth reached: 6, Nodes searched: 1935
   | 1 | 2 | 3 | 4 | 5 | 6 | 7 | 8 |
---|---|---|---|---|---|---|---|---|---
 1 |   |   |   |   |   |   |   |   | 1 
---|---|---|---|---|---|---|---|---|---
 2 |   |   |   |   |   |   |   |   | 2 
---|---|---|---|---|---|---|---|---|---
 3 |   |   | 0 | 0 | 0 | X |   |   | 3 
---|---|---|---|---|---|---|---|---|---
 4 |   |   |   | 0 | X |   |   |   | 4 
---|---|---|---|---|---|---|---|---|---
 5 |   |   |   | X | 0 |   |   |   | 5 
---|---|---|---|---|---|---|---|---|---
 6 |   |   |   |   |   |   |   |   | 6 
---|---|---|---|---|---|---|---|---|---
 7 |   |   |   |   |   |   |   |   | 7 
---|---|---|---|---|---|---|---|---|---
 8 |   |   |   |   |   |   |   |   | 8 
---|---|---|---|---|---|---|---|---|---
   | 1 | 2 | 3 | 4 | 5 | 6 | 7 | 8 |

It took 1 seconds to make this move...


White to move
WEEEEEEEEEEEEEEEEEEOOOXEEEEEOXEEEEEEXOEEEEEEEEEEEEEEEEEEEEEEEEEEE
(5,3)
   | 1 | 2 | 3 | 4 | 5 | 6 | 7 | 8 |
---|---|---|---|---|---|---|---|---|---
 1 |   |   |   |   |   |   |   |   | 1 
---|---|---|---|---|---|---|---|---|---
 2 |   |   |   |   |   |   |   |   | 2 
---|---|---|---|---|---|---|---|---|---
 3 |   |   | 0 | 0 | 0 | X |   |   | 3 
---|---|---|---|---|---|---|---|---|---
 4 |   |   |   | 0 | X |   |   |   | 4 
---|---|---|---|---|---|---|---|---|---
 5 |   |   | 0 | 0 | 0 |   |   |   | 5 
---|---|---|---|---|---|---|---|---|---
 6 |   |   |   |   |   |   |   |   | 6 
---|---|---|---|---|---|---|---|---|---
 7 |   |   |   |   |   |   |   |   | 7 
---|---|---|---|---|---|---|---|---|---
 8 |   |   |   |   |   |   |   |   | 8 
---|---|---|---|---|---|---|---|---|---
   | 1 | 2 | 3 | 4 | 5 | 6 | 7 | 8 |

It took 0 seconds to make this move...


Black to move
BEEEEEEEEEEEEEEEEEEOOOXEEEEEOXEEEEEOOOEEEEEEEEEEEEEEEEEEEEEEEEEEE
(4,3) Depth reached: 5, Nodes searched: 3063
   | 1 | 2 | 3 | 4 | 5 | 6 | 7 | 8 |
---|---|---|---|---|---|---|---|---|---
 1 |   |   |   |   |   |   |   |   | 1 
---|---|---|---|---|---|---|---|---|---
 2 |   |   |   |   |   |   |   |   | 2 
---|---|---|---|---|---|---|---|---|---
 3 |   |   | 0 | 0 | 0 | X |   |   | 3 
---|---|---|---|---|---|---|---|---|---
 4 |   |   | X | X | X |   |   |   | 4 
---|---|---|---|---|---|---|---|---|---
 5 |   |   | 0 | 0 | 0 |   |   |   | 5 
---|---|---|---|---|---|---|---|---|---
 6 |   |   |   |   |   |   |   |   | 6 
---|---|---|---|---|---|---|---|---|---
 7 |   |   |   |   |   |   |   |   | 7 
---|---|---|---|---|---|---|---|---|---
 8 |   |   |   |   |   |   |   |   | 8 
---|---|---|---|---|---|---|---|---|---
   | 1 | 2 | 3 | 4 | 5 | 6 | 7 | 8 |

It took 1 seconds to make this move...


White to move
WEEEEEEEEEEEEEEEEEEOOOXEEEEXXXEEEEEOOOEEEEEEEEEEEEEEEEEEEEEEEEEEE
(2,7)
   | 1 | 2 | 3 | 4 | 5 | 6 | 7 | 8 |
---|---|---|---|---|---|---|---|---|---
 1 |   |   |   |   |   |   |   |   | 1 
---|---|---|---|---|---|---|---|---|---
 2 |   |   |   |   |   |   | 0 |   | 2 
---|---|---|---|---|---|---|---|---|---
 3 |   |   | 0 | 0 | 0 | 0 |   |   | 3 
---|---|---|---|---|---|---|---|---|---
 4 |   |   | X | X | 0 |   |   |   | 4 
---|---|---|---|---|---|---|---|---|---
 5 |   |   | 0 | 0 | 0 |   |   |   | 5 
---|---|---|---|---|---|---|---|---|---
 6 |   |   |   |   |   |   |   |   | 6 
---|---|---|---|---|---|---|---|---|---
 7 |   |   |   |   |   |   |   |   | 7 
---|---|---|---|---|---|---|---|---|---
 8 |   |   |   |   |   |   |   |   | 8 
---|---|---|---|---|---|---|---|---|---
   | 1 | 2 | 3 | 4 | 5 | 6 | 7 | 8 |

It took 0 seconds to make this move...


Black to move
BEEEEEEEEEEEEEEOEEEOOOOEEEEXXOEEEEEOOOEEEEEEEEEEEEEEEEEEEEEEEEEEE
(4,6) Depth reached: 5, Nodes searched: 548
   | 1 | 2 | 3 | 4 | 5 | 6 | 7 | 8 |
---|---|---|---|---|---|---|---|---|---
 1 |   |   |   |   |   |   |   |   | 1 
---|---|---|---|---|---|---|---|---|---
 2 |   |   |   |   |   |   | 0 |   | 2 
---|---|---|---|---|---|---|---|---|---
 3 |   |   | 0 | 0 | 0 | 0 |   |   | 3 
---|---|---|---|---|---|---|---|---|---
 4 |   |   | X | X | X | X |   |   | 4 
---|---|---|---|---|---|---|---|---|---
 5 |   |   | 0 | 0 | 0 |   |   |   | 5 
---|---|---|---|---|---|---|---|---|---
 6 |   |   |   |   |   |   |   |   | 6 
---|---|---|---|---|---|---|---|---|---
 7 |   |   |   |   |   |   |   |   | 7 
---|---|---|---|---|---|---|---|---|---
 8 |   |   |   |   |   |   |   |   | 8 
---|---|---|---|---|---|---|---|---|---
   | 1 | 2 | 3 | 4 | 5 | 6 | 7 | 8 |

It took 1 seconds to make this move...


White to move
WEEEEEEEEEEEEEEOEEEOOOOEEEEXXXXEEEEOOOEEEEEEEEEEEEEEEEEEEEEEEEEEE
(3,2)
   | 1 | 2 | 3 | 4 | 5 | 6 | 7 | 8 |
---|---|---|---|---|---|---|---|---|---
 1 |   |   |   |   |   |   |   |   | 1 
---|---|---|---|---|---|---|---|---|---
 2 |   |   |   |   |   |   | 0 |   | 2 
---|---|---|---|---|---|---|---|---|---
 3 |   | 0 | 0 | 0 | 0 | 0 |   |   | 3 
---|---|---|---|---|---|---|---|---|---
 4 |   |   | 0 | X | X | X |   |   | 4 
---|---|---|---|---|---|---|---|---|---
 5 |   |   | 0 | 0 | 0 |   |   |   | 5 
---|---|---|---|---|---|---|---|---|---
 6 |   |   |   |   |   |   |   |   | 6 
---|---|---|---|---|---|---|---|---|---
 7 |   |   |   |   |   |   |   |   | 7 
---|---|---|---|---|---|---|---|---|---
 8 |   |   |   |   |   |   |   |   | 8 
---|---|---|---|---|---|---|---|---|---
   | 1 | 2 | 3 | 4 | 5 | 6 | 7 | 8 |

It took 0 seconds to make this move...


Black to move
BEEEEEEEEEEEEEEOEEOOOOOEEEEOXXXEEEEOOOEEEEEEEEEEEEEEEEEEEEEEEEEEE
(6,6) Depth reached: 5, Nodes searched: 58
   | 1 | 2 | 3 | 4 | 5 | 6 | 7 | 8 |
---|---|---|---|---|---|---|---|---|---
 1 |   |   |   |   |   |   |   |   | 1 
---|---|---|---|---|---|---|---|---|---
 2 |   |   |   |   |   |   | 0 |   | 2 
---|---|---|---|---|---|---|---|---|---
 3 |   | 0 | 0 | 0 | 0 | 0 |   |   | 3 
---|---|---|---|---|---|---|---|---|---
 4 |   |   | 0 | X | X | X |   |   | 4 
---|---|---|---|---|---|---|---|---|---
 5 |   |   | 0 | 0 | X |   |   |   | 5 
---|---|---|---|---|---|---|---|---|---
 6 |   |   |   |   |   | X |   |   | 6 
---|---|---|---|---|---|---|---|---|---
 7 |   |   |   |   |   |   |   |   | 7 
---|---|---|---|---|---|---|---|---|---
 8 |   |   |   |   |   |   |   |   | 8 
---|---|---|---|---|---|---|---|---|---
   | 1 | 2 | 3 | 4 | 5 | 6 | 7 | 8 |

It took 1 seconds to make this move...


White to move
WEEEEEEEEEEEEEEOEEOOOOOEEEEOXXXEEEEOOXEEEEEEEEXEEEEEEEEEEEEEEEEEE
(4,7)
   | 1 | 2 | 3 | 4 | 5 | 6 | 7 | 8 |
---|---|---|---|---|---|---|---|---|---
 1 |   |   |   |   |   |   |   |   | 1 
---|---|---|---|---|---|---|---|---|---
 2 |   |   |   |   |   |   | 0 |   | 2 
---|---|---|---|---|---|---|---|---|---
 3 |   | 0 | 0 | 0 | 0 | 0 |   |   | 3 
---|---|---|---|---|---|---|---|---|---
 4 |   |   | 0 | 0 | 0 | 0 | 0 |   | 4 
---|---|---|---|---|---|---|---|---|---
 5 |   |   | 0 | 0 | X |   |   |   | 5 
---|---|---|---|---|---|---|---|---|---
 6 |   |   |   |   |   | X |   |   | 6 
---|---|---|---|---|---|---|---|---|---
 7 |   |   |   |   |   |   |   |   | 7 
---|---|---|---|---|---|---|---|---|---
 8 |   |   |   |   |   |   |   |   | 8 
---|---|---|---|---|---|---|---|---|---
   | 1 | 2 | 3 | 4 | 5 | 6 | 7 | 8 |

It took 0 seconds to make this move...


Black to move
BEEEEEEEEEEEEEEOEEOOOOOEEEEOOOOOEEEOOXEEEEEEEEXEEEEEEEEEEEEEEEEEE
(3,7) Depth reached: 5, Nodes searched: 2456
   | 1 | 2 | 3 | 4 | 5 | 6 | 7 | 8 |
---|---|---|---|---|---|---|---|---|---
 1 |   |   |   |   |   |   |   |   | 1 
---|---|---|---|---|---|---|---|---|---
 2 |   |   |   |   |   |   | 0 |   | 2 
---|---|---|---|---|---|---|---|---|---
 3 |   | 0 | 0 | 0 | 0 | 0 | X |   | 3 
---|---|---|---|---|---|---|---|---|---
 4 |   |   | 0 | 0 | 0 | X | 0 |   | 4 
---|---|---|---|---|---|---|---|---|---
 5 |   |   | 0 | 0 | X |   |   |   | 5 
---|---|---|---|---|---|---|---|---|---
 6 |   |   |   |   |   | X |   |   | 6 
---|---|---|---|---|---|---|---|---|---
 7 |   |   |   |   |   |   |   |   | 7 
---|---|---|---|---|---|---|---|---|---
 8 |   |   |   |   |   |   |   |   | 8 
---|---|---|---|---|---|---|---|---|---
   | 1 | 2 | 3 | 4 | 5 | 6 | 7 | 8 |

It took 1 seconds to make this move...


White to move
WEEEEEEEEEEEEEEOEEOOOOOXEEEOOOXOEEEOOXEEEEEEEEXEEEEEEEEEEEEEEEEEE
(7,7)
   | 1 | 2 | 3 | 4 | 5 | 6 | 7 | 8 |
---|---|---|---|---|---|---|---|---|---
 1 |   |   |   |   |   |   |   |   | 1 
---|---|---|---|---|---|---|---|---|---
 2 |   |   |   |   |   |   | 0 |   | 2 
---|---|---|---|---|---|---|---|---|---
 3 |   | 0 | 0 | 0 | 0 | 0 | X |   | 3 
---|---|---|---|---|---|---|---|---|---
 4 |   |   | 0 | 0 | 0 | X | 0 |   | 4 
---|---|---|---|---|---|---|---|---|---
 5 |   |   | 0 | 0 | 0 |   |   |   | 5 
---|---|---|---|---|---|---|---|---|---
 6 |   |   |   |   |   | 0 |   |   | 6 
---|---|---|---|---|---|---|---|---|---
 7 |   |   |   |   |   |   | 0 |   | 7 
---|---|---|---|---|---|---|---|---|---
 8 |   |   |   |   |   |   |   |   | 8 
---|---|---|---|---|---|---|---|---|---
   | 1 | 2 | 3 | 4 | 5 | 6 | 7 | 8 |

It took 0 seconds to make this move...


Black to move
BEEEEEEEEEEEEEEOEEOOOOOXEEEOOOXOEEEOOOEEEEEEEEOEEEEEEEEOEEEEEEEEE
(4,8) Depth reached: 5, Nodes searched: 1261
   | 1 | 2 | 3 | 4 | 5 | 6 | 7 | 8 |
---|---|---|---|---|---|---|---|---|---
 1 |   |   |   |   |   |   |   |   | 1 
---|---|---|---|---|---|---|---|---|---
 2 |   |   |   |   |   |   | 0 |   | 2 
---|---|---|---|---|---|---|---|---|---
 3 |   | 0 | 0 | 0 | 0 | 0 | X |   | 3 
---|---|---|---|---|---|---|---|---|---
 4 |   |   | 0 | 0 | 0 | X | X | X | 4 
---|---|---|---|---|---|---|---|---|---
 5 |   |   | 0 | 0 | 0 |   |   |   | 5 
---|---|---|---|---|---|---|---|---|---
 6 |   |   |   |   |   | 0 |   |   | 6 
---|---|---|---|---|---|---|---|---|---
 7 |   |   |   |   |   |   | 0 |   | 7 
---|---|---|---|---|---|---|---|---|---
 8 |   |   |   |   |   |   |   |   | 8 
---|---|---|---|---|---|---|---|---|---
   | 1 | 2 | 3 | 4 | 5 | 6 | 7 | 8 |

It took 1 seconds to make this move...


White to move
WEEEEEEEEEEEEEEOEEOOOOOXEEEOOOXXXEEOOOEEEEEEEEOEEEEEEEEOEEEEEEEEE
(5,7)
   | 1 | 2 | 3 | 4 | 5 | 6 | 7 | 8 |
---|---|---|---|---|---|---|---|---|---
 1 |   |   |   |   |   |   |   |   | 1 
---|---|---|---|---|---|---|---|---|---
 2 |   |   |   |   |   |   | 0 |   | 2 
---|---|---|---|---|---|---|---|---|---
 3 |   | 0 | 0 | 0 | 0 | 0 | 0 |   | 3 
---|---|---|---|---|---|---|---|---|---
 4 |   |   | 0 | 0 | 0 | 0 | 0 | X | 4 
---|---|---|---|---|---|---|---|---|---
 5 |   |   | 0 | 0 | 0 |   | 0 |   | 5 
---|---|---|---|---|---|---|---|---|---
 6 |   |   |   |   |   | 0 |   |   | 6 
---|---|---|---|---|---|---|---|---|---
 7 |   |   |   |   |   |   | 0 |   | 7 
---|---|---|---|---|---|---|---|---|---
 8 |   |   |   |   |   |   |   |   | 8 
---|---|---|---|---|---|---|---|---|---
   | 1 | 2 | 3 | 4 | 5 | 6 | 7 | 8 |

It took 0 seconds to make this move...


Black to move
BEEEEEEEEEEEEEEOEEOOOOOOEEEOOOOOXEEOOOEOEEEEEEOEEEEEEEEOEEEEEEEEE
(2,6) Depth reached: 6, Nodes searched: 650
   | 1 | 2 | 3 | 4 | 5 | 6 | 7 | 8 |
---|---|---|---|---|---|---|---|---|---
 1 |   |   |   |   |   |   |   |   | 1 
---|---|---|---|---|---|---|---|---|---
 2 |   |   |   |   |   | X | 0 |   | 2 
---|---|---|---|---|---|---|---|---|---
 3 |   | 0 | 0 | 0 | 0 | 0 | X |   | 3 
---|---|---|---|---|---|---|---|---|---
 4 |   |   | 0 | 0 | 0 | 0 | 0 | X | 4 
---|---|---|---|---|---|---|---|---|---
 5 |   |   | 0 | 0 | 0 |   | 0 |   | 5 
---|---|---|---|---|---|---|---|---|---
 6 |   |   |   |   |   | 0 |   |   | 6 
---|---|---|---|---|---|---|---|---|---
 7 |   |   |   |   |   |   | 0 |   | 7 
---|---|---|---|---|---|---|---|---|---
 8 |   |   |   |   |   |   |   |   | 8 
---|---|---|---|---|---|---|---|---|---
   | 1 | 2 | 3 | 4 | 5 | 6 | 7 | 8 |

It took 1 seconds to make this move...


White to move
WEEEEEEEEEEEEEXOEEOOOOOXEEEOOOOOXEEOOOEOEEEEEEOEEEEEEEEOEEEEEEEEE
(2,8)
   | 1 | 2 | 3 | 4 | 5 | 6 | 7 | 8 |
---|---|---|---|---|---|---|---|---|---
 1 |   |   |   |   |   |   |   |   | 1 
---|---|---|---|---|---|---|---|---|---
 2 |   |   |   |   |   | X | 0 | 0 | 2 
---|---|---|---|---|---|---|---|---|---
 3 |   | 0 | 0 | 0 | 0 | 0 | 0 |   | 3 
---|---|---|---|---|---|---|---|---|---
 4 |   |   | 0 | 0 | 0 | 0 | 0 | X | 4 
---|---|---|---|---|---|---|---|---|---
 5 |   |   | 0 | 0 | 0 |   | 0 |   | 5 
---|---|---|---|---|---|---|---|---|---
 6 |   |   |   |   |   | 0 |   |   | 6 
---|---|---|---|---|---|---|---|---|---
 7 |   |   |   |   |   |   | 0 |   | 7 
---|---|---|---|---|---|---|---|---|---
 8 |   |   |   |   |   |   |   |   | 8 
---|---|---|---|---|---|---|---|---|---
   | 1 | 2 | 3 | 4 | 5 | 6 | 7 | 8 |

It took 0 seconds to make this move...


Black to move
BEEEEEEEEEEEEEXOOEOOOOOOEEEOOOOOXEEOOOEOEEEEEEOEEEEEEEEOEEEEEEEEE
(5,6) Depth reached: 5, Nodes searched: 4185
   | 1 | 2 | 3 | 4 | 5 | 6 | 7 | 8 |
---|---|---|---|---|---|---|---|---|---
 1 |   |   |   |   |   |   |   |   | 1 
---|---|---|---|---|---|---|---|---|---
 2 |   |   |   |   |   | X | 0 | 0 | 2 
---|---|---|---|---|---|---|---|---|---
 3 |   | 0 | 0 | 0 | 0 | X | 0 |   | 3 
---|---|---|---|---|---|---|---|---|---
 4 |   |   | 0 | 0 | 0 | X | 0 | X | 4 
---|---|---|---|---|---|---|---|---|---
 5 |   |   | 0 | 0 | 0 | X | 0 |   | 5 
---|---|---|---|---|---|---|---|---|---
 6 |   |   |   |   |   | 0 |   |   | 6 
---|---|---|---|---|---|---|---|---|---
 7 |   |   |   |   |   |   | 0 |   | 7 
---|---|---|---|---|---|---|---|---|---
 8 |   |   |   |   |   |   |   |   | 8 
---|---|---|---|---|---|---|---|---|---
   | 1 | 2 | 3 | 4 | 5 | 6 | 7 | 8 |

It took 1 seconds to make this move...


White to move
WEEEEEEEEEEEEEXOOEOOOOXOEEEOOOXOXEEOOOXOEEEEEEOEEEEEEEEOEEEEEEEEE
(1,6)
   | 1 | 2 | 3 | 4 | 5 | 6 | 7 | 8 |
---|---|---|---|---|---|---|---|---|---
 1 |   |   |   |   |   | 0 |   |   | 1 
---|---|---|---|---|---|---|---|---|---
 2 |   |   |   |   |   | 0 | 0 | 0 | 2 
---|---|---|---|---|---|---|---|---|---
 3 |   | 0 | 0 | 0 | 0 | 0 | 0 |   | 3 
---|---|---|---|---|---|---|---|---|---
 4 |   |   | 0 | 0 | 0 | 0 | 0 | X | 4 
---|---|---|---|---|---|---|---|---|---
 5 |   |   | 0 | 0 | 0 | 0 | 0 |   | 5 
---|---|---|---|---|---|---|---|---|---
 6 |   |   |   |   |   | 0 |   |   | 6 
---|---|---|---|---|---|---|---|---|---
 7 |   |   |   |   |   |   | 0 |   | 7 
---|---|---|---|---|---|---|---|---|---
 8 |   |   |   |   |   |   |   |   | 8 
---|---|---|---|---|---|---|---|---|---
   | 1 | 2 | 3 | 4 | 5 | 6 | 7 | 8 |

It took 0 seconds to make this move...


Black to move
BEEEEEOEEEEEEEOOOEOOOOOOEEEOOOOOXEEOOOOOEEEEEEOEEEEEEEEOEEEEEEEEE
(1,5) Depth reached: 6, Nodes searched: 1565
   | 1 | 2 | 3 | 4 | 5 | 6 | 7 | 8 |
---|---|---|---|---|---|---|---|---|---
 1 |   |   |   |   | X | 0 |   |   | 1 
---|---|---|---|---|---|---|---|---|---
 2 |   |   |   |   |   | X | 0 | 0 | 2 
---|---|---|---|---|---|---|---|---|---
 3 |   | 0 | 0 | 0 | 0 | 0 | X |   | 3 
---|---|---|---|---|---|---|---|---|---
 4 |   |   | 0 | 0 | 0 | 0 | 0 | X | 4 
---|---|---|---|---|---|---|---|---|---
 5 |   |   | 0 | 0 | 0 | 0 | 0 |   | 5 
---|---|---|---|---|---|---|---|---|---
 6 |   |   |   |   |   | 0 |   |   | 6 
---|---|---|---|---|---|---|---|---|---
 7 |   |   |   |   |   |   | 0 |   | 7 
---|---|---|---|---|---|---|---|---|---
 8 |   |   |   |   |   |   |   |   | 8 
---|---|---|---|---|---|---|---|---|---
   | 1 | 2 | 3 | 4 | 5 | 6 | 7 | 8 |

It took 1 seconds to make this move...


White to move
WEEEEXOEEEEEEEXOOEOOOOOXEEEOOOOOXEEOOOOOEEEEEEOEEEEEEEEOEEEEEEEEE
(1,4)
   | 1 | 2 | 3 | 4 | 5 | 6 | 7 | 8 |
---|---|---|---|---|---|---|---|---|---
 1 |   |   |   | 0 | 0 | 0 |   |   | 1 
---|---|---|---|---|---|---|---|---|---
 2 |   |   |   |   |   | X | 0 | 0 | 2 
---|---|---|---|---|---|---|---|---|---
 3 |   | 0 | 0 | 0 | 0 | 0 | X |   | 3 
---|---|---|---|---|---|---|---|---|---
 4 |   |   | 0 | 0 | 0 | 0 | 0 | X | 4 
---|---|---|---|---|---|---|---|---|---
 5 |   |   | 0 | 0 | 0 | 0 | 0 |   | 5 
---|---|---|---|---|---|---|---|---|---
 6 |   |   |   |   |   | 0 |   |   | 6 
---|---|---|---|---|---|---|---|---|---
 7 |   |   |   |   |   |   | 0 |   | 7 
---|---|---|---|---|---|---|---|---|---
 8 |   |   |   |   |   |   |   |   | 8 
---|---|---|---|---|---|---|---|---|---
   | 1 | 2 | 3 | 4 | 5 | 6 | 7 | 8 |

It took 0 seconds to make this move...


Black to move
BEEEOOOEEEEEEEXOOEOOOOOXEEEOOOOOXEEOOOOOEEEEEEOEEEEEEEEOEEEEEEEEE
(6,4) Depth reached: 5, Nodes searched: 1864
   | 1 | 2 | 3 | 4 | 5 | 6 | 7 | 8 |
---|---|---|---|---|---|---|---|---|---
 1 |   |   |   | 0 | 0 | 0 |   |   | 1 
---|---|---|---|---|---|---|---|---|---
 2 |   |   |   |   |   | X | 0 | 0 | 2 
---|---|---|---|---|---|---|---|---|---
 3 |   | 0 | 0 | 0 | 0 | 0 | X |   | 3 
---|---|---|---|---|---|---|---|---|---
 4 |   |   | 0 | 0 | 0 | X | 0 | X | 4 
---|---|---|---|---|---|---|---|---|---
 5 |   |   | 0 | 0 | X | 0 | 0 |   | 5 
---|---|---|---|---|---|---|---|---|---
 6 |   |   |   | X |   | 0 |   |   | 6 
---|---|---|---|---|---|---|---|---|---
 7 |   |   |   |   |   |   | 0 |   | 7 
---|---|---|---|---|---|---|---|---|---
 8 |   |   |   |   |   |   |   |   | 8 
---|---|---|---|---|---|---|---|---|---
   | 1 | 2 | 3 | 4 | 5 | 6 | 7 | 8 |

It took 1 seconds to make this move...


White to move
WEEEOOOEEEEEEEXOOEOOOOOXEEEOOOXOXEEOOXOOEEEEXEOEEEEEEEEOEEEEEEEEE
(7,3)
   | 1 | 2 | 3 | 4 | 5 | 6 | 7 | 8 |
---|---|---|---|---|---|---|---|---|---
 1 |   |   |   | 0 | 0 | 0 |   |   | 1 
---|---|---|---|---|---|---|---|---|---
 2 |   |   |   |   |   | X | 0 | 0 | 2 
---|---|---|---|---|---|---|---|---|---
 3 |   | 0 | 0 | 0 | 0 | 0 | 0 |   | 3 
---|---|---|---|---|---|---|---|---|---
 4 |   |   | 0 | 0 | 0 | 0 | 0 | X | 4 
---|---|---|---|---|---|---|---|---|---
 5 |   |   | 0 | 0 | 0 | 0 | 0 |   | 5 
---|---|---|---|---|---|---|---|---|---
 6 |   |   |   | 0 |   | 0 |   |   | 6 
---|---|---|---|---|---|---|---|---|---
 7 |   |   | 0 |   |   |   | 0 |   | 7 
---|---|---|---|---|---|---|---|---|---
 8 |   |   |   |   |   |   |   |   | 8 
---|---|---|---|---|---|---|---|---|---
   | 1 | 2 | 3 | 4 | 5 | 6 | 7 | 8 |

It took 0 seconds to make this move...


Black to move
BEEEOOOEEEEEEEXOOEOOOOOOEEEOOOOOXEEOOOOOEEEEOEOEEEEOEEEOEEEEEEEEE
(6,2) Depth reached: 5, Nodes searched: 1731
   | 1 | 2 | 3 | 4 | 5 | 6 | 7 | 8 |
---|---|---|---|---|---|---|---|---|---
 1 |   |   |   | 0 | 0 | 0 |   |   | 1 
---|---|---|---|---|---|---|---|---|---
 2 |   |   |   |   |   | X | 0 | 0 | 2 
---|---|---|---|---|---|---|---|---|---
 3 |   | 0 | 0 | 0 | X | 0 | 0 |   | 3 
---|---|---|---|---|---|---|---|---|---
 4 |   |   | 0 | X | 0 | 0 | 0 | X | 4 
---|---|---|---|---|---|---|---|---|---
 5 |   |   | X | 0 | 0 | 0 | 0 |   | 5 
---|---|---|---|---|---|---|---|---|---
 6 |   | X |   | 0 |   | 0 |   |   | 6 
---|---|---|---|---|---|---|---|---|---
 7 |   |   | 0 |   |   |   | 0 |   | 7 
---|---|---|---|---|---|---|---|---|---
 8 |   |   |   |   |   |   |   |   | 8 
---|---|---|---|---|---|---|---|---|---
   | 1 | 2 | 3 | 4 | 5 | 6 | 7 | 8 |

It took 1 seconds to make this move...


White to move
WEEEOOOEEEEEEEXOOEOOOXOOEEEOXOOOXEEXOOOOEEXEOEOEEEEOEEEOEEEEEEEEE
(2,5)
   | 1 | 2 | 3 | 4 | 5 | 6 | 7 | 8 |
---|---|---|---|---|---|---|---|---|---
 1 |   |   |   | 0 | 0 | 0 |   |   | 1 
---|---|---|---|---|---|---|---|---|---
 2 |   |   |   |   | 0 | 0 | 0 | 0 | 2 
---|---|---|---|---|---|---|---|---|---
 3 |   | 0 | 0 | 0 | 0 | 0 | 0 |   | 3 
---|---|---|---|---|---|---|---|---|---
 4 |   |   | 0 | X | 0 | 0 | 0 | X | 4 
---|---|---|---|---|---|---|---|---|---
 5 |   |   | X | 0 | 0 | 0 | 0 |   | 5 
---|---|---|---|---|---|---|---|---|---
 6 |   | X |   | 0 |   | 0 |   |   | 6 
---|---|---|---|---|---|---|---|---|---
 7 |   |   | 0 |   |   |   | 0 |   | 7 
---|---|---|---|---|---|---|---|---|---
 8 |   |   |   |   |   |   |   |   | 8 
---|---|---|---|---|---|---|---|---|---
   | 1 | 2 | 3 | 4 | 5 | 6 | 7 | 8 |

It took 0 seconds to make this move...


Black to move
BEEEOOOEEEEEEOOOOEOOOOOOEEEOXOOOXEEXOOOOEEXEOEOEEEEOEEEOEEEEEEEEE
(8,4) Depth reached: 5, Nodes searched: 667
   | 1 | 2 | 3 | 4 | 5 | 6 | 7 | 8 |
---|---|---|---|---|---|---|---|---|---
 1 |   |   |   | 0 | 0 | 0 |   |   | 1 
---|---|---|---|---|---|---|---|---|---
 2 |   |   |   |   | 0 | 0 | 0 | 0 | 2 
---|---|---|---|---|---|---|---|---|---
 3 |   | 0 | 0 | 0 | 0 | 0 | 0 |   | 3 
---|---|---|---|---|---|---|---|---|---
 4 |   |   | 0 | X | 0 | 0 | 0 | X | 4 
---|---|---|---|---|---|---|---|---|---
 5 |   |   | X | 0 | 0 | 0 | 0 |   | 5 
---|---|---|---|---|---|---|---|---|---
 6 |   | X |   | 0 |   | 0 |   |   | 6 
---|---|---|---|---|---|---|---|---|---
 7 |   |   | X |   |   |   | 0 |   | 7 
---|---|---|---|---|---|---|---|---|---
 8 |   |   |   | X |   |   |   |   | 8 
---|---|---|---|---|---|---|---|---|---
   | 1 | 2 | 3 | 4 | 5 | 6 | 7 | 8 |

It took 1 seconds to make this move...


White to move
WEEEOOOEEEEEEOOOOEOOOOOOEEEOXOOOXEEXOOOOEEXEOEOEEEEXEEEOEEEEXEEEE
(4,2)
   | 1 | 2 | 3 | 4 | 5 | 6 | 7 | 8 |
---|---|---|---|---|---|---|---|---|---
 1 |   |   |   | 0 | 0 | 0 |   |   | 1 
---|---|---|---|---|---|---|---|---|---
 2 |   |   |   |   | 0 | 0 | 0 | 0 | 2 
---|---|---|---|---|---|---|---|---|---
 3 |   | 0 | 0 | 0 | 0 | 0 | 0 |   | 3 
---|---|---|---|---|---|---|---|---|---
 4 |   | 0 | 0 | X | 0 | 0 | 0 | X | 4 
---|---|---|---|---|---|---|---|---|---
 5 |   |   | 0 | 0 | 0 | 0 | 0 |   | 5 
---|---|---|---|---|---|---|---|---|---
 6 |   | X |   | 0 |   | 0 |   |   | 6 
---|---|---|---|---|---|---|---|---|---
 7 |   |   | X |   |   |   | 0 |   | 7 
---|---|---|---|---|---|---|---|---|---
 8 |   |   |   | X |   |   |   |   | 8 
---|---|---|---|---|---|---|---|---|---
   | 1 | 2 | 3 | 4 | 5 | 6 | 7 | 8 |

It took 0 seconds to make this move...


Black to move
BEEEOOOEEEEEEOOOOEOOOOOOEEOOXOOOXEEOOOOOEEXEOEOEEEEXEEEOEEEEXEEEE
(2,4) Depth reached: 5, Nodes searched: 3439
   | 1 | 2 | 3 | 4 | 5 | 6 | 7 | 8 |
---|---|---|---|---|---|---|---|---|---
 1 |   |   |   | 0 | 0 | 0 |   |   | 1 
---|---|---|---|---|---|---|---|---|---
 2 |   |   |   | X | 0 | 0 | 0 | 0 | 2 
---|---|---|---|---|---|---|---|---|---
 3 |   | 0 | 0 | X | 0 | 0 | 0 |   | 3 
---|---|---|---|---|---|---|---|---|---
 4 |   | 0 | 0 | X | 0 | 0 | 0 | X | 4 
---|---|---|---|---|---|---|---|---|---
 5 |   |   | 0 | 0 | 0 | 0 | 0 |   | 5 
---|---|---|---|---|---|---|---|---|---
 6 |   | X |   | 0 |   | 0 |   |   | 6 
---|---|---|---|---|---|---|---|---|---
 7 |   |   | X |   |   |   | 0 |   | 7 
---|---|---|---|---|---|---|---|---|---
 8 |   |   |   | X |   |   |   |   | 8 
---|---|---|---|---|---|---|---|---|---
   | 1 | 2 | 3 | 4 | 5 | 6 | 7 | 8 |

It took 1 seconds to make this move...


White to move
WEEEOOOEEEEEXOOOOEOOXOOOEEOOXOOOXEEOOOOOEEXEOEOEEEEXEEEOEEEEXEEEE
(2,3)
   | 1 | 2 | 3 | 4 | 5 | 6 | 7 | 8 |
---|---|---|---|---|---|---|---|---|---
 1 |   |   |   | 0 | 0 | 0 |   |   | 1 
---|---|---|---|---|---|---|---|---|---
 2 |   |   | 0 | 0 | 0 | 0 | 0 | 0 | 2 
---|---|---|---|---|---|---|---|---|---
 3 |   | 0 | 0 | 0 | 0 | 0 | 0 |   | 3 
---|---|---|---|---|---|---|---|---|---
 4 |   | 0 | 0 | X | 0 | 0 | 0 | X | 4 
---|---|---|---|---|---|---|---|---|---
 5 |   |   | 0 | 0 | 0 | 0 | 0 |   | 5 
---|---|---|---|---|---|---|---|---|---
 6 |   | X |   | 0 |   | 0 |   |   | 6 
---|---|---|---|---|---|---|---|---|---
 7 |   |   | X |   |   |   | 0 |   | 7 
---|---|---|---|---|---|---|---|---|---
 8 |   |   |   | X |   |   |   |   | 8 
---|---|---|---|---|---|---|---|---|---
   | 1 | 2 | 3 | 4 | 5 | 6 | 7 | 8 |

It took 0 seconds to make this move...


Black to move
BEEEOOOEEEEOOOOOOEOOOOOOEEOOXOOOXEEOOOOOEEXEOEOEEEEXEEEOEEEEXEEEE
(7,5) Depth reached: 6, Nodes searched: 184
   | 1 | 2 | 3 | 4 | 5 | 6 | 7 | 8 |
---|---|---|---|---|---|---|---|---|---
 1 |   |   |   | 0 | 0 | 0 |   |   | 1 
---|---|---|---|---|---|---|---|---|---
 2 |   |   | 0 | 0 | 0 | 0 | 0 | 0 | 2 
---|---|---|---|---|---|---|---|---|---
 3 |   | 0 | 0 | 0 | 0 | 0 | 0 |   | 3 
---|---|---|---|---|---|---|---|---|---
 4 |   | 0 | 0 | X | 0 | 0 | 0 | X | 4 
---|---|---|---|---|---|---|---|---|---
 5 |   |   | 0 | 0 | 0 | 0 | X |   | 5 
---|---|---|---|---|---|---|---|---|---
 6 |   | X |   | 0 |   | X |   |   | 6 
---|---|---|---|---|---|---|---|---|---
 7 |   |   | X |   | X |   | 0 |   | 7 
---|---|---|---|---|---|---|---|---|---
 8 |   |   |   | X |   |   |   |   | 8 
---|---|---|---|---|---|---|---|---|---
   | 1 | 2 | 3 | 4 | 5 | 6 | 7 | 8 |

It took 1 seconds to make this move...


White to move
WEEEOOOEEEEOOOOOOEOOOOOOEEOOXOOOXEEOOOOXEEXEOEXEEEEXEXEOEEEEXEEEE
(6,8)
   | 1 | 2 | 3 | 4 | 5 | 6 | 7 | 8 |
---|---|---|---|---|---|---|---|---|---
 1 |   |   |   | 0 | 0 | 0 |   |   | 1 
---|---|---|---|---|---|---|---|---|---
 2 |   |   | 0 | 0 | 0 | 0 | 0 | 0 | 2 
---|---|---|---|---|---|---|---|---|---
 3 |   | 0 | 0 | 0 | 0 | 0 | 0 |   | 3 
---|---|---|---|---|---|---|---|---|---
 4 |   | 0 | 0 | X | 0 | 0 | 0 | X | 4 
---|---|---|---|---|---|---|---|---|---
 5 |   |   | 0 | 0 | 0 | 0 | 0 |   | 5 
---|---|---|---|---|---|---|---|---|---
 6 |   | X |   | 0 |   | X |   | 0 | 6 
---|---|---|---|---|---|---|---|---|---
 7 |   |   | X |   | X |   | 0 |   | 7 
---|---|---|---|---|---|---|---|---|---
 8 |   |   |   | X |   |   |   |   | 8 
---|---|---|---|---|---|---|---|---|---
   | 1 | 2 | 3 | 4 | 5 | 6 | 7 | 8 |

It took 1 seconds to make this move...


Black to move
BEEEOOOEEEEOOOOOOEOOOOOOEEOOXOOOXEEOOOOOEEXEOEXEOEEXEXEOEEEEXEEEE
(8,8) Depth reached: 5, Nodes searched: 5436
   | 1 | 2 | 3 | 4 | 5 | 6 | 7 | 8 |
---|---|---|---|---|---|---|---|---|---
 1 |   |   |   | 0 | 0 | 0 |   |   | 1 
---|---|---|---|---|---|---|---|---|---
 2 |   |   | 0 | 0 | 0 | 0 | 0 | 0 | 2 
---|---|---|---|---|---|---|---|---|---
 3 |   | 0 | 0 | 0 | 0 | 0 | 0 |   | 3 
---|---|---|---|---|---|---|---|---|---
 4 |   | 0 | 0 | X | 0 | 0 | 0 | X | 4 
---|---|---|---|---|---|---|---|---|---
 5 |   |   | 0 | 0 | 0 | 0 | 0 |   | 5 
---|---|---|---|---|---|---|---|---|---
 6 |   | X |   | 0 |   | X |   | 0 | 6 
---|---|---|---|---|---|---|---|---|---
 7 |   |   | X |   | X |   | X |   | 7 
---|---|---|---|---|---|---|---|---|---
 8 |   |   |   | X |   |   |   | X | 8 
---|---|---|---|---|---|---|---|---|---
   | 1 | 2 | 3 | 4 | 5 | 6 | 7 | 8 |

It took 1 seconds to make this move...


White to move
WEEEOOOEEEEOOOOOOEOOOOOOEEOOXOOOXEEOOOOOEEXEOEXEOEEXEXEXEEEEXEEEX
(8,6)
   | 1 | 2 | 3 | 4 | 5 | 6 | 7 | 8 |
---|---|---|---|---|---|---|---|---|---
 1 |   |   |   | 0 | 0 | 0 |   |   | 1 
---|---|---|---|---|---|---|---|---|---
 2 |   |   | 0 | 0 | 0 | 0 | 0 | 0 | 2 
---|---|---|---|---|---|---|---|---|---
 3 |   | 0 | 0 | 0 | 0 | 0 | 0 |   | 3 
---|---|---|---|---|---|---|---|---|---
 4 |   | 0 | 0 | X | 0 | 0 | 0 | X | 4 
---|---|---|---|---|---|---|---|---|---
 5 |   |   | 0 | 0 | 0 | 0 | 0 |   | 5 
---|---|---|---|---|---|---|---|---|---
 6 |   | X |   | 0 |   | X |   | 0 | 6 
---|---|---|---|---|---|---|---|---|---
 7 |   |   | X |   | 0 |   | 0 |   | 7 
---|---|---|---|---|---|---|---|---|---
 8 |   |   |   | X |   | 0 |   | X | 8 
---|---|---|---|---|---|---|---|---|---
   | 1 | 2 | 3 | 4 | 5 | 6 | 7 | 8 |

It took 0 seconds to make this move...


Black to move
BEEEOOOEEEEOOOOOOEOOOOOOEEOOXOOOXEEOOOOOEEXEOEXEOEEXEOEOEEEEXEOEX
(7,4) Depth reached: 6, Nodes searched: 3455
   | 1 | 2 | 3 | 4 | 5 | 6 | 7 | 8 |
---|---|---|---|---|---|---|---|---|---
 1 |   |   |   | 0 | 0 | 0 |   |   | 1 
---|---|---|---|---|---|---|---|---|---
 2 |   |   | 0 | 0 | 0 | 0 | 0 | 0 | 2 
---|---|---|---|---|---|---|---|---|---
 3 |   | 0 | 0 | 0 | 0 | 0 | 0 |   | 3 
---|---|---|---|---|---|---|---|---|---
 4 |   | 0 | 0 | X | 0 | 0 | 0 | X | 4 
---|---|---|---|---|---|---|---|---|---
 5 |   |   | 0 | X | 0 | 0 | 0 |   | 5 
---|---|---|---|---|---|---|---|---|---
 6 |   | X |   | X |   | X |   | 0 | 6 
---|---|---|---|---|---|---|---|---|---
 7 |   |   | X | X | 0 |   | 0 |   | 7 
---|---|---|---|---|---|---|---|---|---
 8 |   |   |   | X |   | 0 |   | X | 8 
---|---|---|---|---|---|---|---|---|---
   | 1 | 2 | 3 | 4 | 5 | 6 | 7 | 8 |

It took 1 seconds to make this move...


White to move
WEEEOOOEEEEOOOOOOEOOOOOOEEOOXOOOXEEOXOOOEEXEXEXEOEEXXOEOEEEEXEOEX
(6,3)
   | 1 | 2 | 3 | 4 | 5 | 6 | 7 | 8 |
---|---|---|---|---|---|---|---|---|---
 1 |   |   |   | 0 | 0 | 0 |   |   | 1 
---|---|---|---|---|---|---|---|---|---
 2 |   |   | 0 | 0 | 0 | 0 | 0 | 0 | 2 
---|---|---|---|---|---|---|---|---|---
 3 |   | 0 | 0 | 0 | 0 | 0 | 0 |   | 3 
---|---|---|---|---|---|---|---|---|---
 4 |   | 0 | 0 | X | 0 | 0 | 0 | X | 4 
---|---|---|---|---|---|---|---|---|---
 5 |   |   | 0 | 0 | 0 | 0 | 0 |   | 5 
---|---|---|---|---|---|---|---|---|---
 6 |   | X | 0 | X |   | X |   | 0 | 6 
---|---|---|---|---|---|---|---|---|---
 7 |   |   | X | X | 0 |   | 0 |   | 7 
---|---|---|---|---|---|---|---|---|---
 8 |   |   |   | X |   | 0 |   | X | 8 
---|---|---|---|---|---|---|---|---|---
   | 1 | 2 | 3 | 4 | 5 | 6 | 7 | 8 |

It took 0 seconds to make this move...


Black to move
BEEEOOOEEEEOOOOOOEOOOOOOEEOOXOOOXEEOOOOOEEXOXEXEOEEXXOEOEEEEXEOEX
(7,6) Depth reached: 5, Nodes searched: 2526
   | 1 | 2 | 3 | 4 | 5 | 6 | 7 | 8 |
---|---|---|---|---|---|---|---|---|---
 1 |   |   |   | 0 | 0 | 0 |   |   | 1 
---|---|---|---|---|---|---|---|---|---
 2 |   |   | 0 | 0 | 0 | 0 | 0 | 0 | 2 
---|---|---|---|---|---|---|---|---|---
 3 |   | 0 | 0 | 0 | 0 | 0 | 0 |   | 3 
---|---|---|---|---|---|---|---|---|---
 4 |   | 0 | 0 | X | 0 | 0 | 0 | X | 4 
---|---|---|---|---|---|---|---|---|---
 5 |   |   | 0 | 0 | 0 | 0 | 0 |   | 5 
---|---|---|---|---|---|---|---|---|---
 6 |   | X | 0 | X |   | X |   | 0 | 6 
---|---|---|---|---|---|---|---|---|---
 7 |   |   | X | X | X | X | 0 |   | 7 
---|---|---|---|---|---|---|---|---|---
 8 |   |   |   | X |   | 0 |   | X | 8 
---|---|---|---|---|---|---|---|---|---
   | 1 | 2 | 3 | 4 | 5 | 6 | 7 | 8 |

It took 1 seconds to make this move...


White to move
WEEEOOOEEEEOOOOOOEOOOOOOEEOOXOOOXEEOOOOOEEXOXEXEOEEXXXXOEEEEXEOEX
(7,2)
   | 1 | 2 | 3 | 4 | 5 | 6 | 7 | 8 |
---|---|---|---|---|---|---|---|---|---
 1 |   |   |   | 0 | 0 | 0 |   |   | 1 
---|---|---|---|---|---|---|---|---|---
 2 |   |   | 0 | 0 | 0 | 0 | 0 | 0 | 2 
---|---|---|---|---|---|---|---|---|---
 3 |   | 0 | 0 | 0 | 0 | 0 | 0 |   | 3 
---|---|---|---|---|---|---|---|---|---
 4 |   | 0 | 0 | X | 0 | 0 | 0 | X | 4 
---|---|---|---|---|---|---|---|---|---
 5 |   |   | 0 | 0 | 0 | 0 | 0 |   | 5 
---|---|---|---|---|---|---|---|---|---
 6 |   | X | 0 | X |   | X |   | 0 | 6 
---|---|---|---|---|---|---|---|---|---
 7 |   | 0 | 0 | 0 | 0 | 0 | 0 |   | 7 
---|---|---|---|---|---|---|---|---|---
 8 |   |   |   | X |   | 0 |   | X | 8 
---|---|---|---|---|---|---|---|---|---
   | 1 | 2 | 3 | 4 | 5 | 6 | 7 | 8 |

It took 0 seconds to make this move...


Black to move
BEEEOOOEEEEOOOOOOEOOOOOOEEOOXOOOXEEOOOOOEEXOXEXEOEOOOOOOEEEEXEOEX
(3,1) Depth reached: 6, Nodes searched: 1281
   | 1 | 2 | 3 | 4 | 5 | 6 | 7 | 8 |
---|---|---|---|---|---|---|---|---|---
 1 |   |   |   | 0 | 0 | 0 |   |   | 1 
---|---|---|---|---|---|---|---|---|---
 2 |   |   | 0 | 0 | 0 | 0 | 0 | 0 | 2 
---|---|---|---|---|---|---|---|---|---
 3 | X | 0 | 0 | 0 | 0 | 0 | 0 |   | 3 
---|---|---|---|---|---|---|---|---|---
 4 |   | X | 0 | X | 0 | 0 | 0 | X | 4 
---|---|---|---|---|---|---|---|---|---
 5 |   |   | X | 0 | 0 | 0 | 0 |   | 5 
---|---|---|---|---|---|---|---|---|---
 6 |   | X | 0 | X |   | X |   | 0 | 6 
---|---|---|---|---|---|---|---|---|---
 7 |   | 0 | 0 | 0 | 0 | 0 | 0 |   | 7 
---|---|---|---|---|---|---|---|---|---
 8 |   |   |   | X |   | 0 |   | X | 8 
---|---|---|---|---|---|---|---|---|---
   | 1 | 2 | 3 | 4 | 5 | 6 | 7 | 8 |

It took 1 seconds to make this move...


White to move
WEEEOOOEEEEOOOOOOXOOOOOOEEXOXOOOXEEXOOOOEEXOXEXEOEOOOOOOEEEEXEOEX
(4,1)
   | 1 | 2 | 3 | 4 | 5 | 6 | 7 | 8 |
---|---|---|---|---|---|---|---|---|---
 1 |   |   |   | 0 | 0 | 0 |   |   | 1 
---|---|---|---|---|---|---|---|---|---
 2 |   |   | 0 | 0 | 0 | 0 | 0 | 0 | 2 
---|---|---|---|---|---|---|---|---|---
 3 | X | 0 | 0 | 0 | 0 | 0 | 0 |   | 3 
---|---|---|---|---|---|---|---|---|---
 4 | 0 | 0 | 0 | X | 0 | 0 | 0 | X | 4 
---|---|---|---|---|---|---|---|---|---
 5 |   |   | X | 0 | 0 | 0 | 0 |   | 5 
---|---|---|---|---|---|---|---|---|---
 6 |   | X | 0 | X |   | X |   | 0 | 6 
---|---|---|---|---|---|---|---|---|---
 7 |   | 0 | 0 | 0 | 0 | 0 | 0 |   | 7 
---|---|---|---|---|---|---|---|---|---
 8 |   |   |   | X |   | 0 |   | X | 8 
---|---|---|---|---|---|---|---|---|---
   | 1 | 2 | 3 | 4 | 5 | 6 | 7 | 8 |

It took 1 seconds to make this move...


Black to move
BEEEOOOEEEEOOOOOOXOOOOOOEOOOXOOOXEEXOOOOEEXOXEXEOEOOOOOOEEEEXEOEX
(5,1) Depth reached: 5, Nodes searched: 3607
   | 1 | 2 | 3 | 4 | 5 | 6 | 7 | 8 |
---|---|---|---|---|---|---|---|---|---
 1 |   |   |   | 0 | 0 | 0 |   |   | 1 
---|---|---|---|---|---|---|---|---|---
 2 |   |   | 0 | 0 | 0 | 0 | 0 | 0 | 2 
---|---|---|---|---|---|---|---|---|---
 3 | X | 0 | 0 | 0 | 0 | 0 | 0 |   | 3 
---|---|---|---|---|---|---|---|---|---
 4 | X | 0 | 0 | X | 0 | 0 | 0 | X | 4 
---|---|---|---|---|---|---|---|---|---
 5 | X |   | X | 0 | 0 | 0 | 0 |   | 5 
---|---|---|---|---|---|---|---|---|---
 6 |   | X | 0 | X |   | X |   | 0 | 6 
---|---|---|---|---|---|---|---|---|---
 7 |   | 0 | 0 | 0 | 0 | 0 | 0 |   | 7 
---|---|---|---|---|---|---|---|---|---
 8 |   |   |   | X |   | 0 |   | X | 8 
---|---|---|---|---|---|---|---|---|---
   | 1 | 2 | 3 | 4 | 5 | 6 | 7 | 8 |

It took 1 seconds to make this move...


White to move
WEEEOOOEEEEOOOOOOXOOOOOOEXOOXOOOXXEXOOOOEEXOXEXEOEOOOOOOEEEEXEOEX
(7,1)
   | 1 | 2 | 3 | 4 | 5 | 6 | 7 | 8 |
---|---|---|---|---|---|---|---|---|---
 1 |   |   |   | 0 | 0 | 0 |   |   | 1 
---|---|---|---|---|---|---|---|---|---
 2 |   |   | 0 | 0 | 0 | 0 | 0 | 0 | 2 
---|---|---|---|---|---|---|---|---|---
 3 | X | 0 | 0 | 0 | 0 | 0 | 0 |   | 3 
---|---|---|---|---|---|---|---|---|---
 4 | X | 0 | 0 | 0 | 0 | 0 | 0 | X | 4 
---|---|---|---|---|---|---|---|---|---
 5 | X |   | 0 | 0 | 0 | 0 | 0 |   | 5 
---|---|---|---|---|---|---|---|---|---
 6 |   | 0 | 0 | X |   | X |   | 0 | 6 
---|---|---|---|---|---|---|---|---|---
 7 | 0 | 0 | 0 | 0 | 0 | 0 | 0 |   | 7 
---|---|---|---|---|---|---|---|---|---
 8 |   |   |   | X |   | 0 |   | X | 8 
---|---|---|---|---|---|---|---|---|---
   | 1 | 2 | 3 | 4 | 5 | 6 | 7 | 8 |

It took 0 seconds to make this move...


Black to move
BEEEOOOEEEEOOOOOOXOOOOOOEXOOOOOOXXEOOOOOEEOOXEXEOOOOOOOOEEEEXEOEX
(3,8) Depth reached: 6, Nodes searched: 7137
   | 1 | 2 | 3 | 4 | 5 | 6 | 7 | 8 |
---|---|---|---|---|---|---|---|---|---
 1 |   |   |   | 0 | 0 | 0 |   |   | 1 
---|---|---|---|---|---|---|---|---|---
 2 |   |   | 0 | 0 | 0 | 0 | 0 | 0 | 2 
---|---|---|---|---|---|---|---|---|---
 3 | X | X | X | X | X | X | X | X | 3 
---|---|---|---|---|---|---|---|---|---
 4 | X | 0 | 0 | 0 | 0 | 0 | 0 | X | 4 
---|---|---|---|---|---|---|---|---|---
 5 | X |   | 0 | 0 | 0 | 0 | 0 |   | 5 
---|---|---|---|---|---|---|---|---|---
 6 |   | 0 | 0 | X |   | X |   | 0 | 6 
---|---|---|---|---|---|---|---|---|---
 7 | 0 | 0 | 0 | 0 | 0 | 0 | 0 |   | 7 
---|---|---|---|---|---|---|---|---|---
 8 |   |   |   | X |   | 0 |   | X | 8 
---|---|---|---|---|---|---|---|---|---
   | 1 | 2 | 3 | 4 | 5 | 6 | 7 | 8 |

It took 1 seconds to make this move...


White to move
WEEEOOOEEEEOOOOOOXXXXXXXXXOOOOOOXXEOOOOOEEOOXEXEOOOOOOOOEEEEXEOEX
(2,1)
   | 1 | 2 | 3 | 4 | 5 | 6 | 7 | 8 |
---|---|---|---|---|---|---|---|---|---
 1 |   |   |   | 0 | 0 | 0 |   |   | 1 
---|---|---|---|---|---|---|---|---|---
 2 | 0 |   | 0 | 0 | 0 | 0 | 0 | 0 | 2 
---|---|---|---|---|---|---|---|---|---
 3 | X | 0 | X | X | X | X | X | X | 3 
---|---|---|---|---|---|---|---|---|---
 4 | X | 0 | 0 | 0 | 0 | 0 | 0 | X | 4 
---|---|---|---|---|---|---|---|---|---
 5 | X |   | 0 | 0 | 0 | 0 | 0 |   | 5 
---|---|---|---|---|---|---|---|---|---
 6 |   | 0 | 0 | X |   | X |   | 0 | 6 
---|---|---|---|---|---|---|---|---|---
 7 | 0 | 0 | 0 | 0 | 0 | 0 | 0 |   | 7 
---|---|---|---|---|---|---|---|---|---
 8 |   |   |   | X |   | 0 |   | X | 8 
---|---|---|---|---|---|---|---|---|---
   | 1 | 2 | 3 | 4 | 5 | 6 | 7 | 8 |

It took 0 seconds to make this move...


Black to move
BEEEOOOEEOEOOOOOOXOXXXXXXXOOOOOOXXEOOOOOEEOOXEXEOOOOOOOOEEEEXEOEX
(8,1) Depth reached: 6, Nodes searched: 61
   | 1 | 2 | 3 | 4 | 5 | 6 | 7 | 8 |
---|---|---|---|---|---|---|---|---|---
 1 |   |   |   | 0 | 0 | 0 |   |   | 1 
---|---|---|---|---|---|---|---|---|---
 2 | 0 |   | 0 | 0 | 0 | 0 | 0 | 0 | 2 
---|---|---|---|---|---|---|---|---|---
 3 | X | 0 | X | X | X | X | X | X | 3 
---|---|---|---|---|---|---|---|---|---
 4 | X | 0 | 0 | 0 | X | 0 | 0 | X | 4 
---|---|---|---|---|---|---|---|---|---
 5 | X |   | 0 | X | 0 | 0 | 0 |   | 5 
---|---|---|---|---|---|---|---|---|---
 6 |   | 0 | X | X |   | X |   | 0 | 6 
---|---|---|---|---|---|---|---|---|---
 7 | 0 | X | 0 | 0 | 0 | 0 | 0 |   | 7 
---|---|---|---|---|---|---|---|---|---
 8 | X |   |   | X |   | 0 |   | X | 8 
---|---|---|---|---|---|---|---|---|---
   | 1 | 2 | 3 | 4 | 5 | 6 | 7 | 8 |

It took 1 seconds to make this move...


White to move
WEEEOOOEEOEOOOOOOXOXXXXXXXOOOXOOXXEOXOOOEEOXXEXEOOXOOOOOEXEEXEOEX
(5,2)
   | 1 | 2 | 3 | 4 | 5 | 6 | 7 | 8 |
---|---|---|---|---|---|---|---|---|---
 1 |   |   |   | 0 | 0 | 0 |   |   | 1 
---|---|---|---|---|---|---|---|---|---
 2 | 0 |   | 0 | 0 | 0 | 0 | 0 | 0 | 2 
---|---|---|---|---|---|---|---|---|---
 3 | X | 0 | X | X | X | X | X | X | 3 
---|---|---|---|---|---|---|---|---|---
 4 | X | 0 | 0 | 0 | X | 0 | 0 | X | 4 
---|---|---|---|---|---|---|---|---|---
 5 | X | 0 | 0 | X | 0 | 0 | 0 |   | 5 
---|---|---|---|---|---|---|---|---|---
 6 |   | 0 | 0 | X |   | X |   | 0 | 6 
---|---|---|---|---|---|---|---|---|---
 7 | 0 | X | 0 | 0 | 0 | 0 | 0 |   | 7 
---|---|---|---|---|---|---|---|---|---
 8 | X |   |   | X |   | 0 |   | X | 8 
---|---|---|---|---|---|---|---|---|---
   | 1 | 2 | 3 | 4 | 5 | 6 | 7 | 8 |

It took 1 seconds to make this move...


Black to move
BEEEOOOEEOEOOOOOOXOXXXXXXXOOOXOOXXOOXOOOEEOOXEXEOOXOOOOOEXEEXEOEX
(1,2) Depth reached: 5, Nodes searched: 3322
   | 1 | 2 | 3 | 4 | 5 | 6 | 7 | 8 |
---|---|---|---|---|---|---|---|---|---
 1 |   | X |   | 0 | 0 | 0 |   |   | 1 
---|---|---|---|---|---|---|---|---|---
 2 | 0 |   | X | 0 | 0 | 0 | 0 | 0 | 2 
---|---|---|---|---|---|---|---|---|---
 3 | X | 0 | X | X | X | X | X | X | 3 
---|---|---|---|---|---|---|---|---|---
 4 | X | 0 | 0 | 0 | X | 0 | 0 | X | 4 
---|---|---|---|---|---|---|---|---|---
 5 | X | 0 | 0 | X | 0 | 0 | 0 |   | 5 
---|---|---|---|---|---|---|---|---|---
 6 |   | 0 | 0 | X |   | X |   | 0 | 6 
---|---|---|---|---|---|---|---|---|---
 7 | 0 | X | 0 | 0 | 0 | 0 | 0 |   | 7 
---|---|---|---|---|---|---|---|---|---
 8 | X |   |   | X |   | 0 |   | X | 8 
---|---|---|---|---|---|---|---|---|---
   | 1 | 2 | 3 | 4 | 5 | 6 | 7 | 8 |

It took 1 seconds to make this move...


White to move
WEXEOOOEEOEXOOOOOXOXXXXXXXOOOXOOXXOOXOOOEEOOXEXEOOXOOOOOEXEEXEOEX
(6,1)
   | 1 | 2 | 3 | 4 | 5 | 6 | 7 | 8 |
---|---|---|---|---|---|---|---|---|---
 1 |   | X |   | 0 | 0 | 0 |   |   | 1 
---|---|---|---|---|---|---|---|---|---
 2 | 0 |   | X | 0 | 0 | 0 | 0 | 0 | 2 
---|---|---|---|---|---|---|---|---|---
 3 | 0 | 0 | X | X | X | X | X | X | 3 
---|---|---|---|---|---|---|---|---|---
 4 | 0 | 0 | 0 | 0 | X | 0 | 0 | X | 4 
---|---|---|---|---|---|---|---|---|---
 5 | 0 | 0 | 0 | X | 0 | 0 | 0 |   | 5 
---|---|---|---|---|---|---|---|---|---
 6 | 0 | 0 | 0 | X |   | X |   | 0 | 6 
---|---|---|---|---|---|---|---|---|---
 7 | 0 | X | 0 | 0 | 0 | 0 | 0 |   | 7 
---|---|---|---|---|---|---|---|---|---
 8 | X |   |   | X |   | 0 |   | X | 8 
---|---|---|---|---|---|---|---|---|---
   | 1 | 2 | 3 | 4 | 5 | 6 | 7 | 8 |

It took 0 seconds to make this move...


Black to move
BEXEOOOEEOEXOOOOOOOXXXXXXOOOOXOOXOOOXOOOEOOOXEXEOOXOOOOOEXEEXEOEX
(1,1) Depth reached: 6, Nodes searched: 6279
   | 1 | 2 | 3 | 4 | 5 | 6 | 7 | 8 |
---|---|---|---|---|---|---|---|---|---
 1 | X | X |   | 0 | 0 | 0 |   |   | 1 
---|---|---|---|---|---|---|---|---|---
 2 | X |   | X | 0 | 0 | 0 | 0 | 0 | 2 
---|---|---|---|---|---|---|---|---|---
 3 | X | 0 | X | X | X | X | X | X | 3 
---|---|---|---|---|---|---|---|---|---
 4 | X | 0 | 0 | 0 | X | 0 | 0 | X | 4 
---|---|---|---|---|---|---|---|---|---
 5 | X | 0 | 0 | X | 0 | 0 | 0 |   | 5 
---|---|---|---|---|---|---|---|---|---
 6 | X | 0 | 0 | X |   | X |   | 0 | 6 
---|---|---|---|---|---|---|---|---|---
 7 | X | X | 0 | 0 | 0 | 0 | 0 |   | 7 
---|---|---|---|---|---|---|---|---|---
 8 | X |   |   | X |   | 0 |   | X | 8 
---|---|---|---|---|---|---|---|---|---
   | 1 | 2 | 3 | 4 | 5 | 6 | 7 | 8 |

It took 1 seconds to make this move...


White to move
WXXEOOOEEXEXOOOOOXOXXXXXXXOOOXOOXXOOXOOOEXOOXEXEOXXOOOOOEXEEXEOEX
(2,2)
   | 1 | 2 | 3 | 4 | 5 | 6 | 7 | 8 |
---|---|---|---|---|---|---|---|---|---
 1 | X | X |   | 0 | 0 | 0 |   |   | 1 
---|---|---|---|---|---|---|---|---|---
 2 | X | 0 | 0 | 0 | 0 | 0 | 0 | 0 | 2 
---|---|---|---|---|---|---|---|---|---
 3 | X | 0 | 0 | X | X | X | X | X | 3 
---|---|---|---|---|---|---|---|---|---
 4 | X | 0 | 0 | 0 | X | 0 | 0 | X | 4 
---|---|---|---|---|---|---|---|---|---
 5 | X | 0 | 0 | X | 0 | 0 | 0 |   | 5 
---|---|---|---|---|---|---|---|---|---
 6 | X | 0 | 0 | X |   | X |   | 0 | 6 
---|---|---|---|---|---|---|---|---|---
 7 | X | X | 0 | 0 | 0 | 0 | 0 |   | 7 
---|---|---|---|---|---|---|---|---|---
 8 | X |   |   | X |   | 0 |   | X | 8 
---|---|---|---|---|---|---|---|---|---
   | 1 | 2 | 3 | 4 | 5 | 6 | 7 | 8 |

It took 0 seconds to make this move...


Black to move
BXXEOOOEEXOOOOOOOXOOXXXXXXOOOXOOXXOOXOOOEXOOXEXEOXXOOOOOEXEEXEOEX
(6,5) Depth reached: 7, Nodes searched: 2545
   | 1 | 2 | 3 | 4 | 5 | 6 | 7 | 8 |
---|---|---|---|---|---|---|---|---|---
 1 | X | X |   | 0 | 0 | 0 |   |   | 1 
---|---|---|---|---|---|---|---|---|---
 2 | X | 0 | 0 | 0 | 0 | 0 | 0 | 0 | 2 
---|---|---|---|---|---|---|---|---|---
 3 | X | 0 | 0 | X | X | X | X | X | 3 
---|---|---|---|---|---|---|---|---|---
 4 | X | 0 | 0 | 0 | X | 0 | X | X | 4 
---|---|---|---|---|---|---|---|---|---
 5 | X | 0 | 0 | X | X | X | 0 |   | 5 
---|---|---|---|---|---|---|---|---|---
 6 | X | 0 | 0 | X | X | X |   | 0 | 6 
---|---|---|---|---|---|---|---|---|---
 7 | X | X | 0 | 0 | 0 | 0 | 0 |   | 7 
---|---|---|---|---|---|---|---|---|---
 8 | X |   |   | X |   | 0 |   | X | 8 
---|---|---|---|---|---|---|---|---|---
   | 1 | 2 | 3 | 4 | 5 | 6 | 7 | 8 |

It took 1 seconds to make this move...


White to move
WXXEOOOEEXOOOOOOOXOOXXXXXXOOOXOXXXOOXXXOEXOOXXXEOXXOOOOOEXEEXEOEX
(5,8)
   | 1 | 2 | 3 | 4 | 5 | 6 | 7 | 8 |
---|---|---|---|---|---|---|---|---|---
 1 | X | X |   | 0 | 0 | 0 |   |   | 1 
---|---|---|---|---|---|---|---|---|---
 2 | X | 0 | 0 | 0 | 0 | 0 | 0 | 0 | 2 
---|---|---|---|---|---|---|---|---|---
 3 | X | 0 | 0 | X | X | 0 | X | 0 | 3 
---|---|---|---|---|---|---|---|---|---
 4 | X | 0 | 0 | 0 | X | 0 | 0 | 0 | 4 
---|---|---|---|---|---|---|---|---|---
 5 | X | 0 | 0 | X | X | X | 0 | 0 | 5 
---|---|---|---|---|---|---|---|---|---
 6 | X | 0 | 0 | X | X | X |   | 0 | 6 
---|---|---|---|---|---|---|---|---|---
 7 | X | X | 0 | 0 | 0 | 0 | 0 |   | 7 
---|---|---|---|---|---|---|---|---|---
 8 | X |   |   | X |   | 0 |   | X | 8 
---|---|---|---|---|---|---|---|---|---
   | 1 | 2 | 3 | 4 | 5 | 6 | 7 | 8 |

It took 0 seconds to make this move...


Black to move
BXXEOOOEEXOOOOOOOXOOXXOXOXOOOXOOOXOOXXXOOXOOXXXEOXXOOOOOEXEEXEOEX
(8,2) Depth reached: 9, Nodes searched: 1448
   | 1 | 2 | 3 | 4 | 5 | 6 | 7 | 8 |
---|---|---|---|---|---|---|---|---|---
 1 | X | X |   | 0 | 0 | 0 |   |   | 1 
---|---|---|---|---|---|---|---|---|---
 2 | X | 0 | 0 | 0 | 0 | 0 | 0 | 0 | 2 
---|---|---|---|---|---|---|---|---|---
 3 | X | 0 | 0 | X | X | 0 | X | 0 | 3 
---|---|---|---|---|---|---|---|---|---
 4 | X | 0 | 0 | 0 | X | 0 | 0 | 0 | 4 
---|---|---|---|---|---|---|---|---|---
 5 | X | 0 | 0 | X | X | X | 0 | 0 | 5 
---|---|---|---|---|---|---|---|---|---
 6 | X | 0 | 0 | X | X | X |   | 0 | 6 
---|---|---|---|---|---|---|---|---|---
 7 | X | X | X | 0 | 0 | 0 | 0 |   | 7 
---|---|---|---|---|---|---|---|---|---
 8 | X | X |   | X |   | 0 |   | X | 8 
---|---|---|---|---|---|---|---|---|---
   | 1 | 2 | 3 | 4 | 5 | 6 | 7 | 8 |

It took 0 seconds to make this move...


White to move
WXXEOOOEEXOOOOOOOXOOXXOXOXOOOXOOOXOOXXXOOXOOXXXEOXXXOOOOEXXEXEOEX
(6,7)
   | 1 | 2 | 3 | 4 | 5 | 6 | 7 | 8 |
---|---|---|---|---|---|---|---|---|---
 1 | X | X |   | 0 | 0 | 0 |   |   | 1 
---|---|---|---|---|---|---|---|---|---
 2 | X | 0 | 0 | 0 | 0 | 0 | 0 | 0 | 2 
---|---|---|---|---|---|---|---|---|---
 3 | X | 0 | 0 | 0 | X | 0 | X | 0 | 3 
---|---|---|---|---|---|---|---|---|---
 4 | X | 0 | 0 | 0 | 0 | 0 | 0 | 0 | 4 
---|---|---|---|---|---|---|---|---|---
 5 | X | 0 | 0 | X | X | 0 | 0 | 0 | 5 
---|---|---|---|---|---|---|---|---|---
 6 | X | 0 | 0 | 0 | 0 | 0 | 0 | 0 | 6 
---|---|---|---|---|---|---|---|---|---
 7 | X | X | X | 0 | 0 | 0 | 0 |   | 7 
---|---|---|---|---|---|---|---|---|---
 8 | X | X |   | X |   | 0 |   | X | 8 
---|---|---|---|---|---|---|---|---|---
   | 1 | 2 | 3 | 4 | 5 | 6 | 7 | 8 |

It took 0 seconds to make this move...


Black to move
BXXEOOOEEXOOOOOOOXOOOXOXOXOOOOOOOXOOXXOOOXOOOOOOOXXXOOOOEXXEXEOEX
(8,5) Depth reached: 24, Nodes searched: 1459
   | 1 | 2 | 3 | 4 | 5 | 6 | 7 | 8 |
---|---|---|---|---|---|---|---|---|---
 1 | X | X |   | 0 | 0 | 0 |   |   | 1 
---|---|---|---|---|---|---|---|---|---
 2 | X | 0 | 0 | 0 | 0 | 0 | 0 | 0 | 2 
---|---|---|---|---|---|---|---|---|---
 3 | X | 0 | 0 | 0 | X | 0 | X | 0 | 3 
---|---|---|---|---|---|---|---|---|---
 4 | X | 0 | 0 | 0 | 0 | 0 | 0 | 0 | 4 
---|---|---|---|---|---|---|---|---|---
 5 | X | X | 0 | X | X | 0 | 0 | 0 | 5 
---|---|---|---|---|---|---|---|---|---
 6 | X | 0 | X | 0 | X | 0 | 0 | 0 | 6 
---|---|---|---|---|---|---|---|---|---
 7 | X | X | X | X | X | 0 | 0 |   | 7 
---|---|---|---|---|---|---|---|---|---
 8 | X | X |   | X | X | 0 |   | X | 8 
---|---|---|---|---|---|---|---|---|---
   | 1 | 2 | 3 | 4 | 5 | 6 | 7 | 8 |

It took 1 seconds to make this move...


White to move
WXXEOOOEEXOOOOOOOXOOOXOXOXOOOOOOOXXOXXOOOXOXOXOOOXXXXXOOEXXEXXOEX
(8,3)
   | 1 | 2 | 3 | 4 | 5 | 6 | 7 | 8 |
---|---|---|---|---|---|---|---|---|---
 1 | X | X |   | 0 | 0 | 0 |   |   | 1 
---|---|---|---|---|---|---|---|---|---
 2 | X | 0 | 0 | 0 | 0 | 0 | 0 | 0 | 2 
---|---|---|---|---|---|---|---|---|---
 3 | X | 0 | 0 | 0 | X | 0 | X | 0 | 3 
---|---|---|---|---|---|---|---|---|---
 4 | X | 0 | 0 | 0 | 0 | 0 | 0 | 0 | 4 
---|---|---|---|---|---|---|---|---|---
 5 | X | X | 0 | X | X | 0 | 0 | 0 | 5 
---|---|---|---|---|---|---|---|---|---
 6 | X | 0 | 0 | 0 | 0 | 0 | 0 | 0 | 6 
---|---|---|---|---|---|---|---|---|---
 7 | X | X | 0 | 0 | X | 0 | 0 |   | 7 
---|---|---|---|---|---|---|---|---|---
 8 | X | X | 0 | 0 | 0 | 0 |   | X | 8 
---|---|---|---|---|---|---|---|---|---
   | 1 | 2 | 3 | 4 | 5 | 6 | 7 | 8 |

It took 0 seconds to make this move...


Black to move
BXXEOOOEEXOOOOOOOXOOOXOXOXOOOOOOOXXOXXOOOXOOOOOOOXXOOXOOEXXOOOOEX
(1,7) Depth reached: 53, Nodes searched: 516
   | 1 | 2 | 3 | 4 | 5 | 6 | 7 | 8 |
---|---|---|---|---|---|---|---|---|---
 1 | X | X |   | 0 | 0 | 0 | X |   | 1 
---|---|---|---|---|---|---|---|---|---
 2 | X | 0 | 0 | 0 | 0 | X | X | 0 | 2 
---|---|---|---|---|---|---|---|---|---
 3 | X | 0 | 0 | 0 | X | 0 | X | 0 | 3 
---|---|---|---|---|---|---|---|---|---
 4 | X | 0 | 0 | 0 | 0 | 0 | 0 | 0 | 4 
---|---|---|---|---|---|---|---|---|---
 5 | X | X | 0 | X | X | 0 | 0 | 0 | 5 
---|---|---|---|---|---|---|---|---|---
 6 | X | 0 | 0 | 0 | 0 | 0 | 0 | 0 | 6 
---|---|---|---|---|---|---|---|---|---
 7 | X | X | 0 | 0 | X | 0 | 0 |   | 7 
---|---|---|---|---|---|---|---|---|---
 8 | X | X | 0 | 0 | 0 | 0 |   | X | 8 
---|---|---|---|---|---|---|---|---|---
   | 1 | 2 | 3 | 4 | 5 | 6 | 7 | 8 |

It took 1 seconds to make this move...


White to move
WXXEOOOXEXOOOOXXOXOOOXOXOXOOOOOOOXXOXXOOOXOOOOOOOXXOOXOOEXXOOOOEX
(1,8)
   | 1 | 2 | 3 | 4 | 5 | 6 | 7 | 8 |
---|---|---|---|---|---|---|---|---|---
 1 | X | X |   | 0 | 0 | 0 | 0 | 0 | 1 
---|---|---|---|---|---|---|---|---|---
 2 | X | 0 | 0 | 0 | 0 | X | 0 | 0 | 2 
---|---|---|---|---|---|---|---|---|---
 3 | X | 0 | 0 | 0 | X | 0 | X | 0 | 3 
---|---|---|---|---|---|---|---|---|---
 4 | X | 0 | 0 | 0 | 0 | 0 | 0 | 0 | 4 
---|---|---|---|---|---|---|---|---|---
 5 | X | X | 0 | X | X | 0 | 0 | 0 | 5 
---|---|---|---|---|---|---|---|---|---
 6 | X | 0 | 0 | 0 | 0 | 0 | 0 | 0 | 6 
---|---|---|---|---|---|---|---|---|---
 7 | X | X | 0 | 0 | X | 0 | 0 |   | 7 
---|---|---|---|---|---|---|---|---|---
 8 | X | X | 0 | 0 | 0 | 0 |   | X | 8 
---|---|---|---|---|---|---|---|---|---
   | 1 | 2 | 3 | 4 | 5 | 6 | 7 | 8 |

It took 0 seconds to make this move...


Black to move
BXXEOOOOOXOOOOXOOXOOOXOXOXOOOOOOOXXOXXOOOXOOOOOOOXXOOXOOEXXOOOOEX
(1,3) Depth reached: 123, Nodes searched: 491
   | 1 | 2 | 3 | 4 | 5 | 6 | 7 | 8 |
---|---|---|---|---|---|---|---|---|---
 1 | X | X | X | 0 | 0 | 0 | 0 | 0 | 1 
---|---|---|---|---|---|---|---|---|---
 2 | X | X | 0 | X | 0 | X | 0 | 0 | 2 
---|---|---|---|---|---|---|---|---|---
 3 | X | 0 | 0 | 0 | X | 0 | X | 0 | 3 
---|---|---|---|---|---|---|---|---|---
 4 | X | 0 | 0 | 0 | 0 | 0 | 0 | 0 | 4 
---|---|---|---|---|---|---|---|---|---
 5 | X | X | 0 | X | X | 0 | 0 | 0 | 5 
---|---|---|---|---|---|---|---|---|---
 6 | X | 0 | 0 | 0 | 0 | 0 | 0 | 0 | 6 
---|---|---|---|---|---|---|---|---|---
 7 | X | X | 0 | 0 | X | 0 | 0 |   | 7 
---|---|---|---|---|---|---|---|---|---
 8 | X | X | 0 | 0 | 0 | 0 |   | X | 8 
---|---|---|---|---|---|---|---|---|---
   | 1 | 2 | 3 | 4 | 5 | 6 | 7 | 8 |

It took 1 seconds to make this move...


White to move
WXXXOOOOOXXOXOXOOXOOOXOXOXOOOOOOOXXOXXOOOXOOOOOOOXXOOXOOEXXOOOOEX
pass
   | 1 | 2 | 3 | 4 | 5 | 6 | 7 | 8 |
---|---|---|---|---|---|---|---|---|---
 1 | X | X | X | 0 | 0 | 0 | 0 | 0 | 1 
---|---|---|---|---|---|---|---|---|---
 2 | X | X | 0 | X | 0 | X | 0 | 0 | 2 
---|---|---|---|---|---|---|---|---|---
 3 | X | 0 | 0 | 0 | X | 0 | X | 0 | 3 
---|---|---|---|---|---|---|---|---|---
 4 | X | 0 | 0 | 0 | 0 | 0 | 0 | 0 | 4 
---|---|---|---|---|---|---|---|---|---
 5 | X | X | 0 | X | X | 0 | 0 | 0 | 5 
---|---|---|---|---|---|---|---|---|---
 6 | X | 0 | 0 | 0 | 0 | 0 | 0 | 0 | 6 
---|---|---|---|---|---|---|---|---|---
 7 | X | X | 0 | 0 | X | 0 | 0 |   | 7 
---|---|---|---|---|---|---|---|---|---
 8 | X | X | 0 | 0 | 0 | 0 |   | X | 8 
---|---|---|---|---|---|---|---|---|---
   | 1 | 2 | 3 | 4 | 5 | 6 | 7 | 8 |

It took 0 seconds to make this move...


Black to move
BXXXOOOOOXXOXOXOOXOOOXOXOXOOOOOOOXXOXXOOOXOOOOOOOXXOOXOOEXXOOOOEX
(7,8) Depth reached: 185, Nodes searched: 133
   | 1 | 2 | 3 | 4 | 5 | 6 | 7 | 8 |
---|---|---|---|---|---|---|---|---|---
 1 | X | X | X | 0 | 0 | 0 | 0 | 0 | 1 
---|---|---|---|---|---|---|---|---|---
 2 | X | X | X | X | 0 | X | 0 | 0 | 2 
---|---|---|---|---|---|---|---|---|---
 3 | X | 0 | 0 | X | X | 0 | X | 0 | 3 
---|---|---|---|---|---|---|---|---|---
 4 | X | 0 | 0 | 0 | X | 0 | 0 | 0 | 4 
---|---|---|---|---|---|---|---|---|---
 5 | X | X | 0 | X | X | X | 0 | 0 | 5 
---|---|---|---|---|---|---|---|---|---
 6 | X | 0 | 0 | 0 | 0 | 0 | X | 0 | 6 
---|---|---|---|---|---|---|---|---|---
 7 | X | X | 0 | 0 | X | X | X | X | 7 
---|---|---|---|---|---|---|---|---|---
 8 | X | X | 0 | 0 | 0 | 0 |   | X | 8 
---|---|---|---|---|---|---|---|---|---
   | 1 | 2 | 3 | 4 | 5 | 6 | 7 | 8 |

It took 1 seconds to make this move...


White to move
WXXXOOOOOXXXXOXOOXOOXXOXOXOOOXOOOXXOXXXOOXOOOOOXOXXOOXXXXXXOOOOEX
(8,7)
   | 1 | 2 | 3 | 4 | 5 | 6 | 7 | 8 |
---|---|---|---|---|---|---|---|---|---
 1 | X | X | X | 0 | 0 | 0 | 0 | 0 | 1 
---|---|---|---|---|---|---|---|---|---
 2 | X | X | X | X | 0 | X | 0 | 0 | 2 
---|---|---|---|---|---|---|---|---|---
 3 | X | 0 | 0 | X | X | 0 | X | 0 | 3 
---|---|---|---|---|---|---|---|---|---
 4 | X | 0 | 0 | 0 | X | 0 | 0 | 0 | 4 
---|---|---|---|---|---|---|---|---|---
 5 | X | X | 0 | X | X | X | 0 | 0 | 5 
---|---|---|---|---|---|---|---|---|---
 6 | X | 0 | 0 | 0 | 0 | 0 | 0 | 0 | 6 
---|---|---|---|---|---|---|---|---|---
 7 | X | X | 0 | 0 | X | 0 | 0 | X | 7 
---|---|---|---|---|---|---|---|---|---
 8 | X | X | 0 | 0 | 0 | 0 | 0 | X | 8 
---|---|---|---|---|---|---|---|---|---
   | 1 | 2 | 3 | 4 | 5 | 6 | 7 | 8 |

It took 0 seconds to make this move...


Black to move
BXXXOOOOOXXXXOXOOXOOXXOXOXOOOXOOOXXOXXXOOXOOOOOOOXXOOXOOXXXOOOOOX
pass
   | 1 | 2 | 3 | 4 | 5 | 6 | 7 | 8 |
---|---|---|---|---|---|---|---|---|---
 1 | X | X | X | 0 | 0 | 0 | 0 | 0 | 1 
---|---|---|---|---|---|---|---|---|---
 2 | X | X | X | X | 0 | X | 0 | 0 | 2 
---|---|---|---|---|---|---|---|---|---
 3 | X | 0 | 0 | X | X | 0 | X | 0 | 3 
---|---|---|---|---|---|---|---|---|---
 4 | X | 0 | 0 | 0 | X | 0 | 0 | 0 | 4 
---|---|---|---|---|---|---|---|---|---
 5 | X | X | 0 | X | X | X | 0 | 0 | 5 
---|---|---|---|---|---|---|---|---|---
 6 | X | 0 | 0 | 0 | 0 | 0 | 0 | 0 | 6 
---|---|---|---|---|---|---|---|---|---
 7 | X | X | 0 | 0 | X | 0 | 0 | X | 7 
---|---|---|---|---|---|---|---|---|---
 8 | X | X | 0 | 0 | 0 | 0 | 0 | X | 8 
---|---|---|---|---|---|---|---|---|---
   | 1 | 2 | 3 | 4 | 5 | 6 | 7 | 8 |

It took 1 seconds to make this move...


White to move
WXXXOOOOOXXXXOXOOXOOXXOXOXOOOXOOOXXOXXXOOXOOOOOOOXXOOXOOXXXOOOOOX
pass
   | 1 | 2 | 3 | 4 | 5 | 6 | 7 | 8 |
---|---|---|---|---|---|---|---|---|---
 1 | X | X | X | 0 | 0 | 0 | 0 | 0 | 1 
---|---|---|---|---|---|---|---|---|---
 2 | X | X | X | X | 0 | X | 0 | 0 | 2 
---|---|---|---|---|---|---|---|---|---
 3 | X | 0 | 0 | X | X | 0 | X | 0 | 3 
---|---|---|---|---|---|---|---|---|---
 4 | X | 0 | 0 | 0 | X | 0 | 0 | 0 | 4 
---|---|---|---|---|---|---|---|---|---
 5 | X | X | 0 | X | X | X | 0 | 0 | 5 
---|---|---|---|---|---|---|---|---|---
 6 | X | 0 | 0 | 0 | 0 | 0 | 0 | 0 | 6 
---|---|---|---|---|---|---|---|---|---
 7 | X | X | 0 | 0 | X | 0 | 0 | X | 7 
---|---|---|---|---|---|---|---|---|---
 8 | X | X | 0 | 0 | 0 | 0 | 0 | X | 8 
---|---|---|---|---|---|---|---|---|---
   | 1 | 2 | 3 | 4 | 5 | 6 | 7 | 8 |

It took 0 seconds to make this move...
***************************************
Results for ./othello_naive.sh vs. ../Python/othello.sh:
White won with 10 points
Average time for white: 0.1 s (max: 1 s)
Average time for black: 0.9 s (max: 1 s)
***************************************
