   | 1 | 2 | 3 | 4 | 5 | 6 | 7 | 8 |
---|---|---|---|---|---|---|---|---|---
 1 |   |   |   |   |   |   |   |   | 1 
---|---|---|---|---|---|---|---|---|---
 2 |   |   |   |   |   |   |   |   | 2 
---|---|---|---|---|---|---|---|---|---
 3 |   |   |   |   |   |   |   |   | 3 
---|---|---|---|---|---|---|---|---|---
 4 |   |   |   | 0 | X |   |   |   | 4 
---|---|---|---|---|---|---|---|---|---
 5 |   |   |   | X | 0 |   |   |   | 5 
---|---|---|---|---|---|---|---|---|---
 6 |   |   |   |   |   |   |   |   | 6 
---|---|---|---|---|---|---|---|---|---
 7 |   |   |   |   |   |   |   |   | 7 
---|---|---|---|---|---|---|---|---|---
 8 |   |   |   |   |   |   |   |   | 8 
---|---|---|---|---|---|---|---|---|---
   | 1 | 2 | 3 | 4 | 5 | 6 | 7 | 8 |



White to move
WEEEEEEEEEEEEEEEEEEEEEEEEEEEOXEEEEEEXOEEEEEEEEEEEEEEEEEEEEEEEEEEE
(3,5) Depth reached: 6, Nodes searched: 993
   | 1 | 2 | 3 | 4 | 5 | 6 | 7 | 8 |
---|---|---|---|---|---|---|---|---|---
 1 |   |   |   |   |   |   |   |   | 1 
---|---|---|---|---|---|---|---|---|---
 2 |   |   |   |   |   |   |   |   | 2 
---|---|---|---|---|---|---|---|---|---
 3 |   |   |   |   | 0 |   |   |   | 3 
---|---|---|---|---|---|---|---|---|---
 4 |   |   |   | 0 | 0 |   |   |   | 4 
---|---|---|---|---|---|---|---|---|---
 5 |   |   |   | X | 0 |   |   |   | 5 
---|---|---|---|---|---|---|---|---|---
 6 |   |   |   |   |   |   |   |   | 6 
---|---|---|---|---|---|---|---|---|---
 7 |   |   |   |   |   |   |   |   | 7 
---|---|---|---|---|---|---|---|---|---
 8 |   |   |   |   |   |   |   |   | 8 
---|---|---|---|---|---|---|---|---|---
   | 1 | 2 | 3 | 4 | 5 | 6 | 7 | 8 |

It took 1 seconds to make this move...


Black to move
BEEEEEEEEEEEEEEEEEEEEOEEEEEEOOEEEEEEXOEEEEEEEEEEEEEEEEEEEEEEEEEEE
(3,4)
   | 1 | 2 | 3 | 4 | 5 | 6 | 7 | 8 |
---|---|---|---|---|---|---|---|---|---
 1 |   |   |   |   |   |   |   |   | 1 
---|---|---|---|---|---|---|---|---|---
 2 |   |   |   |   |   |   |   |   | 2 
---|---|---|---|---|---|---|---|---|---
 3 |   |   |   | X | 0 |   |   |   | 3 
---|---|---|---|---|---|---|---|---|---
 4 |   |   |   | X | 0 |   |   |   | 4 
---|---|---|---|---|---|---|---|---|---
 5 |   |   |   | X | 0 |   |   |   | 5 
---|---|---|---|---|---|---|---|---|---
 6 |   |   |   |   |   |   |   |   | 6 
---|---|---|---|---|---|---|---|---|---
 7 |   |   |   |   |   |   |   |   | 7 
---|---|---|---|---|---|---|---|---|---
 8 |   |   |   |   |   |   |   |   | 8 
---|---|---|---|---|---|---|---|---|---
   | 1 | 2 | 3 | 4 | 5 | 6 | 7 | 8 |

It took 0 seconds to make this move...


White to move
WEEEEEEEEEEEEEEEEEEEXOEEEEEEXOEEEEEEXOEEEEEEEEEEEEEEEEEEEEEEEEEEE
(3,3) Depth reached: 6, Nodes searched: 1003
   | 1 | 2 | 3 | 4 | 5 | 6 | 7 | 8 |
---|---|---|---|---|---|---|---|---|---
 1 |   |   |   |   |   |   |   |   | 1 
---|---|---|---|---|---|---|---|---|---
 2 |   |   |   |   |   |   |   |   | 2 
---|---|---|---|---|---|---|---|---|---
 3 |   |   | 0 | 0 | 0 |   |   |   | 3 
---|---|---|---|---|---|---|---|---|---
 4 |   |   |   | 0 | 0 |   |   |   | 4 
---|---|---|---|---|---|---|---|---|---
 5 |   |   |   | X | 0 |   |   |   | 5 
---|---|---|---|---|---|---|---|---|---
 6 |   |   |   |   |   |   |   |   | 6 
---|---|---|---|---|---|---|---|---|---
 7 |   |   |   |   |   |   |   |   | 7 
---|---|---|---|---|---|---|---|---|---
 8 |   |   |   |   |   |   |   |   | 8 
---|---|---|---|---|---|---|---|---|---
   | 1 | 2 | 3 | 4 | 5 | 6 | 7 | 8 |

It took 1 seconds to make this move...


Black to move
BEEEEEEEEEEEEEEEEEEOOOEEEEEEOOEEEEEEXOEEEEEEEEEEEEEEEEEEEEEEEEEEE
(3,6)
   | 1 | 2 | 3 | 4 | 5 | 6 | 7 | 8 |
---|---|---|---|---|---|---|---|---|---
 1 |   |   |   |   |   |   |   |   | 1 
---|---|---|---|---|---|---|---|---|---
 2 |   |   |   |   |   |   |   |   | 2 
---|---|---|---|---|---|---|---|---|---
 3 |   |   | 0 | 0 | 0 | X |   |   | 3 
---|---|---|---|---|---|---|---|---|---
 4 |   |   |   | 0 | X |   |   |   | 4 
---|---|---|---|---|---|---|---|---|---
 5 |   |   |   | X | 0 |   |   |   | 5 
---|---|---|---|---|---|---|---|---|---
 6 |   |   |   |   |   |   |   |   | 6 
---|---|---|---|---|---|---|---|---|---
 7 |   |   |   |   |   |   |   |   | 7 
---|---|---|---|---|---|---|---|---|---
 8 |   |   |   |   |   |   |   |   | 8 
---|---|---|---|---|---|---|---|---|---
   | 1 | 2 | 3 | 4 | 5 | 6 | 7 | 8 |

It took 0 seconds to make this move...


White to move
WEEEEEEEEEEEEEEEEEEOOOXEEEEEOXEEEEEEXOEEEEEEEEEEEEEEEEEEEEEEEEEEE
(4,6) Depth reached: 5, Nodes searched: 3252
   | 1 | 2 | 3 | 4 | 5 | 6 | 7 | 8 |
---|---|---|---|---|---|---|---|---|---
 1 |   |   |   |   |   |   |   |   | 1 
---|---|---|---|---|---|---|---|---|---
 2 |   |   |   |   |   |   |   |   | 2 
---|---|---|---|---|---|---|---|---|---
 3 |   |   | 0 | 0 | 0 | X |   |   | 3 
---|---|---|---|---|---|---|---|---|---
 4 |   |   |   | 0 | 0 | 0 |   |   | 4 
---|---|---|---|---|---|---|---|---|---
 5 |   |   |   | X | 0 |   |   |   | 5 
---|---|---|---|---|---|---|---|---|---
 6 |   |   |   |   |   |   |   |   | 6 
---|---|---|---|---|---|---|---|---|---
 7 |   |   |   |   |   |   |   |   | 7 
---|---|---|---|---|---|---|---|---|---
 8 |   |   |   |   |   |   |   |   | 8 
---|---|---|---|---|---|---|---|---|---
   | 1 | 2 | 3 | 4 | 5 | 6 | 7 | 8 |

It took 1 seconds to make this move...


Black to move
BEEEEEEEEEEEEEEEEEEOOOXEEEEEOOOEEEEEXOEEEEEEEEEEEEEEEEEEEEEEEEEEE
(5,6)
   | 1 | 2 | 3 | 4 | 5 | 6 | 7 | 8 |
---|---|---|---|---|---|---|---|---|---
 1 |   |   |   |   |   |   |   |   | 1 
---|---|---|---|---|---|---|---|---|---
 2 |   |   |   |   |   |   |   |   | 2 
---|---|---|---|---|---|---|---|---|---
 3 |   |   | 0 | 0 | 0 | X |   |   | 3 
---|---|---|---|---|---|---|---|---|---
 4 |   |   |   | 0 | 0 | X |   |   | 4 
---|---|---|---|---|---|---|---|---|---
 5 |   |   |   | X | X | X |   |   | 5 
---|---|---|---|---|---|---|---|---|---
 6 |   |   |   |   |   |   |   |   | 6 
---|---|---|---|---|---|---|---|---|---
 7 |   |   |   |   |   |   |   |   | 7 
---|---|---|---|---|---|---|---|---|---
 8 |   |   |   |   |   |   |   |   | 8 
---|---|---|---|---|---|---|---|---|---
   | 1 | 2 | 3 | 4 | 5 | 6 | 7 | 8 |

It took 0 seconds to make this move...


White to move
WEEEEEEEEEEEEEEEEEEOOOXEEEEEOOXEEEEEXXXEEEEEEEEEEEEEEEEEEEEEEEEEE
(6,6) Depth reached: 4, Nodes searched: 2959
   | 1 | 2 | 3 | 4 | 5 | 6 | 7 | 8 |
---|---|---|---|---|---|---|---|---|---
 1 |   |   |   |   |   |   |   |   | 1 
---|---|---|---|---|---|---|---|---|---
 2 |   |   |   |   |   |   |   |   | 2 
---|---|---|---|---|---|---|---|---|---
 3 |   |   | 0 | 0 | 0 | X |   |   | 3 
---|---|---|---|---|---|---|---|---|---
 4 |   |   |   | 0 | 0 | X |   |   | 4 
---|---|---|---|---|---|---|---|---|---
 5 |   |   |   | X | 0 | X |   |   | 5 
---|---|---|---|---|---|---|---|---|---
 6 |   |   |   |   |   | 0 |   |   | 6 
---|---|---|---|---|---|---|---|---|---
 7 |   |   |   |   |   |   |   |   | 7 
---|---|---|---|---|---|---|---|---|---
 8 |   |   |   |   |   |   |   |   | 8 
---|---|---|---|---|---|---|---|---|---
   | 1 | 2 | 3 | 4 | 5 | 6 | 7 | 8 |

It took 1 seconds to make this move...


Black to move
BEEEEEEEEEEEEEEEEEEOOOXEEEEEOOXEEEEEXOXEEEEEEEOEEEEEEEEEEEEEEEEEE
(2,3)
   | 1 | 2 | 3 | 4 | 5 | 6 | 7 | 8 |
---|---|---|---|---|---|---|---|---|---
 1 |   |   |   |   |   |   |   |   | 1 
---|---|---|---|---|---|---|---|---|---
 2 |   |   | X |   |   |   |   |   | 2 
---|---|---|---|---|---|---|---|---|---
 3 |   |   | 0 | X | 0 | X |   |   | 3 
---|---|---|---|---|---|---|---|---|---
 4 |   |   |   | 0 | X | X |   |   | 4 
---|---|---|---|---|---|---|---|---|---
 5 |   |   |   | X | 0 | X |   |   | 5 
---|---|---|---|---|---|---|---|---|---
 6 |   |   |   |   |   | 0 |   |   | 6 
---|---|---|---|---|---|---|---|---|---
 7 |   |   |   |   |   |   |   |   | 7 
---|---|---|---|---|---|---|---|---|---
 8 |   |   |   |   |   |   |   |   | 8 
---|---|---|---|---|---|---|---|---|---
   | 1 | 2 | 3 | 4 | 5 | 6 | 7 | 8 |

It took 0 seconds to make this move...


White to move
WEEEEEEEEEEXEEEEEEEOXOXEEEEEOXXEEEEEXOXEEEEEEEOEEEEEEEEEEEEEEEEEE
(5,3) Depth reached: 5, Nodes searched: 1209
   | 1 | 2 | 3 | 4 | 5 | 6 | 7 | 8 |
---|---|---|---|---|---|---|---|---|---
 1 |   |   |   |   |   |   |   |   | 1 
---|---|---|---|---|---|---|---|---|---
 2 |   |   | X |   |   |   |   |   | 2 
---|---|---|---|---|---|---|---|---|---
 3 |   |   | 0 | X | 0 | X |   |   | 3 
---|---|---|---|---|---|---|---|---|---
 4 |   |   |   | 0 | X | X |   |   | 4 
---|---|---|---|---|---|---|---|---|---
 5 |   |   | 0 | 0 | 0 | X |   |   | 5 
---|---|---|---|---|---|---|---|---|---
 6 |   |   |   |   |   | 0 |   |   | 6 
---|---|---|---|---|---|---|---|---|---
 7 |   |   |   |   |   |   |   |   | 7 
---|---|---|---|---|---|---|---|---|---
 8 |   |   |   |   |   |   |   |   | 8 
---|---|---|---|---|---|---|---|---|---
   | 1 | 2 | 3 | 4 | 5 | 6 | 7 | 8 |

It took 1 seconds to make this move...


Black to move
BEEEEEEEEEEXEEEEEEEOXOXEEEEEOXXEEEEOOOXEEEEEEEOEEEEEEEEEEEEEEEEEE
(5,2)
   | 1 | 2 | 3 | 4 | 5 | 6 | 7 | 8 |
---|---|---|---|---|---|---|---|---|---
 1 |   |   |   |   |   |   |   |   | 1 
---|---|---|---|---|---|---|---|---|---
 2 |   |   | X |   |   |   |   |   | 2 
---|---|---|---|---|---|---|---|---|---
 3 |   |   | 0 | X | 0 | X |   |   | 3 
---|---|---|---|---|---|---|---|---|---
 4 |   |   |   | 0 | X | X |   |   | 4 
---|---|---|---|---|---|---|---|---|---
 5 |   | X | X | X | X | X |   |   | 5 
---|---|---|---|---|---|---|---|---|---
 6 |   |   |   |   |   | 0 |   |   | 6 
---|---|---|---|---|---|---|---|---|---
 7 |   |   |   |   |   |   |   |   | 7 
---|---|---|---|---|---|---|---|---|---
 8 |   |   |   |   |   |   |   |   | 8 
---|---|---|---|---|---|---|---|---|---
   | 1 | 2 | 3 | 4 | 5 | 6 | 7 | 8 |

It took 1 seconds to make this move...


White to move
WEEEEEEEEEEXEEEEEEEOXOXEEEEEOXXEEEXXXXXEEEEEEEOEEEEEEEEEEEEEEEEEE
(1,3) Depth reached: 4, Nodes searched: 3146
   | 1 | 2 | 3 | 4 | 5 | 6 | 7 | 8 |
---|---|---|---|---|---|---|---|---|---
 1 |   |   | 0 |   |   |   |   |   | 1 
---|---|---|---|---|---|---|---|---|---
 2 |   |   | 0 |   |   |   |   |   | 2 
---|---|---|---|---|---|---|---|---|---
 3 |   |   | 0 | X | 0 | X |   |   | 3 
---|---|---|---|---|---|---|---|---|---
 4 |   |   |   | 0 | X | X |   |   | 4 
---|---|---|---|---|---|---|---|---|---
 5 |   | X | X | X | X | X |   |   | 5 
---|---|---|---|---|---|---|---|---|---
 6 |   |   |   |   |   | 0 |   |   | 6 
---|---|---|---|---|---|---|---|---|---
 7 |   |   |   |   |   |   |   |   | 7 
---|---|---|---|---|---|---|---|---|---
 8 |   |   |   |   |   |   |   |   | 8 
---|---|---|---|---|---|---|---|---|---
   | 1 | 2 | 3 | 4 | 5 | 6 | 7 | 8 |

It took 1 seconds to make this move...


Black to move
BEEOEEEEEEEOEEEEEEEOXOXEEEEEOXXEEEXXXXXEEEEEEEOEEEEEEEEEEEEEEEEEE
(1,2)
   | 1 | 2 | 3 | 4 | 5 | 6 | 7 | 8 |
---|---|---|---|---|---|---|---|---|---
 1 |   | X | 0 |   |   |   |   |   | 1 
---|---|---|---|---|---|---|---|---|---
 2 |   |   | X |   |   |   |   |   | 2 
---|---|---|---|---|---|---|---|---|---
 3 |   |   | 0 | X | 0 | X |   |   | 3 
---|---|---|---|---|---|---|---|---|---
 4 |   |   |   | 0 | X | X |   |   | 4 
---|---|---|---|---|---|---|---|---|---
 5 |   | X | X | X | X | X |   |   | 5 
---|---|---|---|---|---|---|---|---|---
 6 |   |   |   |   |   | 0 |   |   | 6 
---|---|---|---|---|---|---|---|---|---
 7 |   |   |   |   |   |   |   |   | 7 
---|---|---|---|---|---|---|---|---|---
 8 |   |   |   |   |   |   |   |   | 8 
---|---|---|---|---|---|---|---|---|---
   | 1 | 2 | 3 | 4 | 5 | 6 | 7 | 8 |

It took 0 seconds to make this move...


White to move
WEXOEEEEEEEXEEEEEEEOXOXEEEEEOXXEEEXXXXXEEEEEEEOEEEEEEEEEEEEEEEEEE
(2,4) Depth reached: 5, Nodes searched: 600
   | 1 | 2 | 3 | 4 | 5 | 6 | 7 | 8 |
---|---|---|---|---|---|---|---|---|---
 1 |   | X | 0 |   |   |   |   |   | 1 
---|---|---|---|---|---|---|---|---|---
 2 |   |   | X | 0 |   |   |   |   | 2 
---|---|---|---|---|---|---|---|---|---
 3 |   |   | 0 | 0 | 0 | X |   |   | 3 
---|---|---|---|---|---|---|---|---|---
 4 |   |   |   | 0 | X | X |   |   | 4 
---|---|---|---|---|---|---|---|---|---
 5 |   | X | X | X | X | X |   |   | 5 
---|---|---|---|---|---|---|---|---|---
 6 |   |   |   |   |   | 0 |   |   | 6 
---|---|---|---|---|---|---|---|---|---
 7 |   |   |   |   |   |   |   |   | 7 
---|---|---|---|---|---|---|---|---|---
 8 |   |   |   |   |   |   |   |   | 8 
---|---|---|---|---|---|---|---|---|---
   | 1 | 2 | 3 | 4 | 5 | 6 | 7 | 8 |

It took 1 seconds to make this move...


Black to move
BEXOEEEEEEEXOEEEEEEOOOXEEEEEOXXEEEXXXXXEEEEEEEOEEEEEEEEEEEEEEEEEE
(1,4)
   | 1 | 2 | 3 | 4 | 5 | 6 | 7 | 8 |
---|---|---|---|---|---|---|---|---|---
 1 |   | X | X | X |   |   |   |   | 1 
---|---|---|---|---|---|---|---|---|---
 2 |   |   | X | X |   |   |   |   | 2 
---|---|---|---|---|---|---|---|---|---
 3 |   |   | 0 | X | 0 | X |   |   | 3 
---|---|---|---|---|---|---|---|---|---
 4 |   |   |   | X | X | X |   |   | 4 
---|---|---|---|---|---|---|---|---|---
 5 |   | X | X | X | X | X |   |   | 5 
---|---|---|---|---|---|---|---|---|---
 6 |   |   |   |   |   | 0 |   |   | 6 
---|---|---|---|---|---|---|---|---|---
 7 |   |   |   |   |   |   |   |   | 7 
---|---|---|---|---|---|---|---|---|---
 8 |   |   |   |   |   |   |   |   | 8 
---|---|---|---|---|---|---|---|---|---
   | 1 | 2 | 3 | 4 | 5 | 6 | 7 | 8 |

It took 0 seconds to make this move...


White to move
WEXXXEEEEEEXXEEEEEEOXOXEEEEEXXXEEEXXXXXEEEEEEEOEEEEEEEEEEEEEEEEEE
(3,7) Depth reached: 5, Nodes searched: 1652
   | 1 | 2 | 3 | 4 | 5 | 6 | 7 | 8 |
---|---|---|---|---|---|---|---|---|---
 1 |   | X | X | X |   |   |   |   | 1 
---|---|---|---|---|---|---|---|---|---
 2 |   |   | X | X |   |   |   |   | 2 
---|---|---|---|---|---|---|---|---|---
 3 |   |   | 0 | X | 0 | 0 | 0 |   | 3 
---|---|---|---|---|---|---|---|---|---
 4 |   |   |   | X | X | X |   |   | 4 
---|---|---|---|---|---|---|---|---|---
 5 |   | X | X | X | X | X |   |   | 5 
---|---|---|---|---|---|---|---|---|---
 6 |   |   |   |   |   | 0 |   |   | 6 
---|---|---|---|---|---|---|---|---|---
 7 |   |   |   |   |   |   |   |   | 7 
---|---|---|---|---|---|---|---|---|---
 8 |   |   |   |   |   |   |   |   | 8 
---|---|---|---|---|---|---|---|---|---
   | 1 | 2 | 3 | 4 | 5 | 6 | 7 | 8 |

It took 1 seconds to make this move...


Black to move
BEXXXEEEEEEXXEEEEEEOXOOOEEEEXXXEEEXXXXXEEEEEEEOEEEEEEEEEEEEEEEEEE
(3,8)
   | 1 | 2 | 3 | 4 | 5 | 6 | 7 | 8 |
---|---|---|---|---|---|---|---|---|---
 1 |   | X | X | X |   |   |   |   | 1 
---|---|---|---|---|---|---|---|---|---
 2 |   |   | X | X |   |   |   |   | 2 
---|---|---|---|---|---|---|---|---|---
 3 |   |   | 0 | X | X | X | X | X | 3 
---|---|---|---|---|---|---|---|---|---
 4 |   |   |   | X | X | X |   |   | 4 
---|---|---|---|---|---|---|---|---|---
 5 |   | X | X | X | X | X |   |   | 5 
---|---|---|---|---|---|---|---|---|---
 6 |   |   |   |   |   | 0 |   |   | 6 
---|---|---|---|---|---|---|---|---|---
 7 |   |   |   |   |   |   |   |   | 7 
---|---|---|---|---|---|---|---|---|---
 8 |   |   |   |   |   |   |   |   | 8 
---|---|---|---|---|---|---|---|---|---
   | 1 | 2 | 3 | 4 | 5 | 6 | 7 | 8 |

It took 0 seconds to make this move...


White to move
WEXXXEEEEEEXXEEEEEEOXXXXXEEEXXXEEEXXXXXEEEEEEEOEEEEEEEEEEEEEEEEEE
(1,5) Depth reached: 5, Nodes searched: 3582
   | 1 | 2 | 3 | 4 | 5 | 6 | 7 | 8 |
---|---|---|---|---|---|---|---|---|---
 1 |   | X | X | X | 0 |   |   |   | 1 
---|---|---|---|---|---|---|---|---|---
 2 |   |   | X | 0 |   |   |   |   | 2 
---|---|---|---|---|---|---|---|---|---
 3 |   |   | 0 | X | X | X | X | X | 3 
---|---|---|---|---|---|---|---|---|---
 4 |   |   |   | X | X | X |   |   | 4 
---|---|---|---|---|---|---|---|---|---
 5 |   | X | X | X | X | X |   |   | 5 
---|---|---|---|---|---|---|---|---|---
 6 |   |   |   |   |   | 0 |   |   | 6 
---|---|---|---|---|---|---|---|---|---
 7 |   |   |   |   |   |   |   |   | 7 
---|---|---|---|---|---|---|---|---|---
 8 |   |   |   |   |   |   |   |   | 8 
---|---|---|---|---|---|---|---|---|---
   | 1 | 2 | 3 | 4 | 5 | 6 | 7 | 8 |

It took 1 seconds to make this move...


Black to move
BEXXXOEEEEEXOEEEEEEOXXXXXEEEXXXEEEXXXXXEEEEEEEOEEEEEEEEEEEEEEEEEE
(1,6)
   | 1 | 2 | 3 | 4 | 5 | 6 | 7 | 8 |
---|---|---|---|---|---|---|---|---|---
 1 |   | X | X | X | X | X |   |   | 1 
---|---|---|---|---|---|---|---|---|---
 2 |   |   | X | 0 |   |   |   |   | 2 
---|---|---|---|---|---|---|---|---|---
 3 |   |   | 0 | X | X | X | X | X | 3 
---|---|---|---|---|---|---|---|---|---
 4 |   |   |   | X | X | X |   |   | 4 
---|---|---|---|---|---|---|---|---|---
 5 |   | X | X | X | X | X |   |   | 5 
---|---|---|---|---|---|---|---|---|---
 6 |   |   |   |   |   | 0 |   |   | 6 
---|---|---|---|---|---|---|---|---|---
 7 |   |   |   |   |   |   |   |   | 7 
---|---|---|---|---|---|---|---|---|---
 8 |   |   |   |   |   |   |   |   | 8 
---|---|---|---|---|---|---|---|---|---
   | 1 | 2 | 3 | 4 | 5 | 6 | 7 | 8 |

It took 0 seconds to make this move...


White to move
WEXXXXXEEEEXOEEEEEEOXXXXXEEEXXXEEEXXXXXEEEEEEEOEEEEEEEEEEEEEEEEEE
(2,2) Depth reached: 5, Nodes searched: 1734
   | 1 | 2 | 3 | 4 | 5 | 6 | 7 | 8 |
---|---|---|---|---|---|---|---|---|---
 1 |   | X | X | X | X | X |   |   | 1 
---|---|---|---|---|---|---|---|---|---
 2 |   | 0 | 0 | 0 |   |   |   |   | 2 
---|---|---|---|---|---|---|---|---|---
 3 |   |   | 0 | X | X | X | X | X | 3 
---|---|---|---|---|---|---|---|---|---
 4 |   |   |   | X | X | X |   |   | 4 
---|---|---|---|---|---|---|---|---|---
 5 |   | X | X | X | X | X |   |   | 5 
---|---|---|---|---|---|---|---|---|---
 6 |   |   |   |   |   | 0 |   |   | 6 
---|---|---|---|---|---|---|---|---|---
 7 |   |   |   |   |   |   |   |   | 7 
---|---|---|---|---|---|---|---|---|---
 8 |   |   |   |   |   |   |   |   | 8 
---|---|---|---|---|---|---|---|---|---
   | 1 | 2 | 3 | 4 | 5 | 6 | 7 | 8 |

It took 1 seconds to make this move...


Black to move
BEXXXXXEEEOOOEEEEEEOXXXXXEEEXXXEEEXXXXXEEEEEEEOEEEEEEEEEEEEEEEEEE
(1,1)
   | 1 | 2 | 3 | 4 | 5 | 6 | 7 | 8 |
---|---|---|---|---|---|---|---|---|---
 1 | X | X | X | X | X | X |   |   | 1 
---|---|---|---|---|---|---|---|---|---
 2 |   | X | 0 | 0 |   |   |   |   | 2 
---|---|---|---|---|---|---|---|---|---
 3 |   |   | X | X | X | X | X | X | 3 
---|---|---|---|---|---|---|---|---|---
 4 |   |   |   | X | X | X |   |   | 4 
---|---|---|---|---|---|---|---|---|---
 5 |   | X | X | X | X | X |   |   | 5 
---|---|---|---|---|---|---|---|---|---
 6 |   |   |   |   |   | 0 |   |   | 6 
---|---|---|---|---|---|---|---|---|---
 7 |   |   |   |   |   |   |   |   | 7 
---|---|---|---|---|---|---|---|---|---
 8 |   |   |   |   |   |   |   |   | 8 
---|---|---|---|---|---|---|---|---|---
   | 1 | 2 | 3 | 4 | 5 | 6 | 7 | 8 |

It took 1 seconds to make this move...


White to move
WXXXXXXEEEXOOEEEEEEXXXXXXEEEXXXEEEXXXXXEEEEEEEOEEEEEEEEEEEEEEEEEE
(4,3) Depth reached: 5, Nodes searched: 3003
   | 1 | 2 | 3 | 4 | 5 | 6 | 7 | 8 |
---|---|---|---|---|---|---|---|---|---
 1 | X | X | X | X | X | X |   |   | 1 
---|---|---|---|---|---|---|---|---|---
 2 |   | X | 0 | 0 |   |   |   |   | 2 
---|---|---|---|---|---|---|---|---|---
 3 |   |   | 0 | X | X | X | X | X | 3 
---|---|---|---|---|---|---|---|---|---
 4 |   |   | 0 | X | X | X |   |   | 4 
---|---|---|---|---|---|---|---|---|---
 5 |   | X | X | X | X | X |   |   | 5 
---|---|---|---|---|---|---|---|---|---
 6 |   |   |   |   |   | 0 |   |   | 6 
---|---|---|---|---|---|---|---|---|---
 7 |   |   |   |   |   |   |   |   | 7 
---|---|---|---|---|---|---|---|---|---
 8 |   |   |   |   |   |   |   |   | 8 
---|---|---|---|---|---|---|---|---|---
   | 1 | 2 | 3 | 4 | 5 | 6 | 7 | 8 |

It took 1 seconds to make this move...


Black to move
BXXXXXXEEEXOOEEEEEEOXXXXXEEOXXXEEEXXXXXEEEEEEEOEEEEEEEEEEEEEEEEEE
(3,2)
   | 1 | 2 | 3 | 4 | 5 | 6 | 7 | 8 |
---|---|---|---|---|---|---|---|---|---
 1 | X | X | X | X | X | X |   |   | 1 
---|---|---|---|---|---|---|---|---|---
 2 |   | X | X | 0 |   |   |   |   | 2 
---|---|---|---|---|---|---|---|---|---
 3 |   | X | X | X | X | X | X | X | 3 
---|---|---|---|---|---|---|---|---|---
 4 |   |   | X | X | X | X |   |   | 4 
---|---|---|---|---|---|---|---|---|---
 5 |   | X | X | X | X | X |   |   | 5 
---|---|---|---|---|---|---|---|---|---
 6 |   |   |   |   |   | 0 |   |   | 6 
---|---|---|---|---|---|---|---|---|---
 7 |   |   |   |   |   |   |   |   | 7 
---|---|---|---|---|---|---|---|---|---
 8 |   |   |   |   |   |   |   |   | 8 
---|---|---|---|---|---|---|---|---|---
   | 1 | 2 | 3 | 4 | 5 | 6 | 7 | 8 |

It took 0 seconds to make this move...


White to move
WXXXXXXEEEXXOEEEEEXXXXXXXEEXXXXEEEXXXXXEEEEEEEOEEEEEEEEEEEEEEEEEE
(2,1) Depth reached: 5, Nodes searched: 3083
   | 1 | 2 | 3 | 4 | 5 | 6 | 7 | 8 |
---|---|---|---|---|---|---|---|---|---
 1 | X | X | X | X | X | X |   |   | 1 
---|---|---|---|---|---|---|---|---|---
 2 | 0 | 0 | 0 | 0 |   |   |   |   | 2 
---|---|---|---|---|---|---|---|---|---
 3 |   | X | X | X | X | X | X | X | 3 
---|---|---|---|---|---|---|---|---|---
 4 |   |   | X | X | X | X |   |   | 4 
---|---|---|---|---|---|---|---|---|---
 5 |   | X | X | X | X | X |   |   | 5 
---|---|---|---|---|---|---|---|---|---
 6 |   |   |   |   |   | 0 |   |   | 6 
---|---|---|---|---|---|---|---|---|---
 7 |   |   |   |   |   |   |   |   | 7 
---|---|---|---|---|---|---|---|---|---
 8 |   |   |   |   |   |   |   |   | 8 
---|---|---|---|---|---|---|---|---|---
   | 1 | 2 | 3 | 4 | 5 | 6 | 7 | 8 |

It took 1 seconds to make this move...


Black to move
BXXXXXXEEOOOOEEEEEXXXXXXXEEXXXXEEEXXXXXEEEEEEEOEEEEEEEEEEEEEEEEEE
(3,1)
   | 1 | 2 | 3 | 4 | 5 | 6 | 7 | 8 |
---|---|---|---|---|---|---|---|---|---
 1 | X | X | X | X | X | X |   |   | 1 
---|---|---|---|---|---|---|---|---|---
 2 | X | X | 0 | 0 |   |   |   |   | 2 
---|---|---|---|---|---|---|---|---|---
 3 | X | X | X | X | X | X | X | X | 3 
---|---|---|---|---|---|---|---|---|---
 4 |   |   | X | X | X | X |   |   | 4 
---|---|---|---|---|---|---|---|---|---
 5 |   | X | X | X | X | X |   |   | 5 
---|---|---|---|---|---|---|---|---|---
 6 |   |   |   |   |   | 0 |   |   | 6 
---|---|---|---|---|---|---|---|---|---
 7 |   |   |   |   |   |   |   |   | 7 
---|---|---|---|---|---|---|---|---|---
 8 |   |   |   |   |   |   |   |   | 8 
---|---|---|---|---|---|---|---|---|---
   | 1 | 2 | 3 | 4 | 5 | 6 | 7 | 8 |

It took 0 seconds to make this move...


White to move
WXXXXXXEEXXOOEEEEXXXXXXXXEEXXXXEEEXXXXXEEEEEEEOEEEEEEEEEEEEEEEEEE
(4,2) Depth reached: 5, Nodes searched: 3769
   | 1 | 2 | 3 | 4 | 5 | 6 | 7 | 8 |
---|---|---|---|---|---|---|---|---|---
 1 | X | X | X | X | X | X |   |   | 1 
---|---|---|---|---|---|---|---|---|---
 2 | X | X | 0 | 0 |   |   |   |   | 2 
---|---|---|---|---|---|---|---|---|---
 3 | X | X | 0 | X | X | X | X | X | 3 
---|---|---|---|---|---|---|---|---|---
 4 |   | 0 | X | X | X | X |   |   | 4 
---|---|---|---|---|---|---|---|---|---
 5 |   | X | X | X | X | X |   |   | 5 
---|---|---|---|---|---|---|---|---|---
 6 |   |   |   |   |   | 0 |   |   | 6 
---|---|---|---|---|---|---|---|---|---
 7 |   |   |   |   |   |   |   |   | 7 
---|---|---|---|---|---|---|---|---|---
 8 |   |   |   |   |   |   |   |   | 8 
---|---|---|---|---|---|---|---|---|---
   | 1 | 2 | 3 | 4 | 5 | 6 | 7 | 8 |

It took 1 seconds to make this move...


Black to move
BXXXXXXEEXXOOEEEEXXOXXXXXEOXXXXEEEXXXXXEEEEEEEOEEEEEEEEEEEEEEEEEE
(4,1)
   | 1 | 2 | 3 | 4 | 5 | 6 | 7 | 8 |
---|---|---|---|---|---|---|---|---|---
 1 | X | X | X | X | X | X |   |   | 1 
---|---|---|---|---|---|---|---|---|---
 2 | X | X | 0 | 0 |   |   |   |   | 2 
---|---|---|---|---|---|---|---|---|---
 3 | X | X | 0 | X | X | X | X | X | 3 
---|---|---|---|---|---|---|---|---|---
 4 | X | X | X | X | X | X |   |   | 4 
---|---|---|---|---|---|---|---|---|---
 5 |   | X | X | X | X | X |   |   | 5 
---|---|---|---|---|---|---|---|---|---
 6 |   |   |   |   |   | 0 |   |   | 6 
---|---|---|---|---|---|---|---|---|---
 7 |   |   |   |   |   |   |   |   | 7 
---|---|---|---|---|---|---|---|---|---
 8 |   |   |   |   |   |   |   |   | 8 
---|---|---|---|---|---|---|---|---|---
   | 1 | 2 | 3 | 4 | 5 | 6 | 7 | 8 |

It took 0 seconds to make this move...


White to move
WXXXXXXEEXXOOEEEEXXOXXXXXXXXXXXEEEXXXXXEEEEEEEOEEEEEEEEEEEEEEEEEE
(5,1) Depth reached: 5, Nodes searched: 4072
   | 1 | 2 | 3 | 4 | 5 | 6 | 7 | 8 |
---|---|---|---|---|---|---|---|---|---
 1 | X | X | X | X | X | X |   |   | 1 
---|---|---|---|---|---|---|---|---|---
 2 | X | X | 0 | 0 |   |   |   |   | 2 
---|---|---|---|---|---|---|---|---|---
 3 | X | X | 0 | X | X | X | X | X | 3 
---|---|---|---|---|---|---|---|---|---
 4 | X | 0 | X | X | X | X |   |   | 4 
---|---|---|---|---|---|---|---|---|---
 5 | 0 | X | X | X | X | X |   |   | 5 
---|---|---|---|---|---|---|---|---|---
 6 |   |   |   |   |   | 0 |   |   | 6 
---|---|---|---|---|---|---|---|---|---
 7 |   |   |   |   |   |   |   |   | 7 
---|---|---|---|---|---|---|---|---|---
 8 |   |   |   |   |   |   |   |   | 8 
---|---|---|---|---|---|---|---|---|---
   | 1 | 2 | 3 | 4 | 5 | 6 | 7 | 8 |

It took 1 seconds to make this move...


Black to move
BXXXXXXEEXXOOEEEEXXOXXXXXXOXXXXEEOXXXXXEEEEEEEOEEEEEEEEEEEEEEEEEE
(2,5)
   | 1 | 2 | 3 | 4 | 5 | 6 | 7 | 8 |
---|---|---|---|---|---|---|---|---|---
 1 | X | X | X | X | X | X |   |   | 1 
---|---|---|---|---|---|---|---|---|---
 2 | X | X | X | X | X |   |   |   | 2 
---|---|---|---|---|---|---|---|---|---
 3 | X | X | 0 | X | X | X | X | X | 3 
---|---|---|---|---|---|---|---|---|---
 4 | X | 0 | X | X | X | X |   |   | 4 
---|---|---|---|---|---|---|---|---|---
 5 | 0 | X | X | X | X | X |   |   | 5 
---|---|---|---|---|---|---|---|---|---
 6 |   |   |   |   |   | 0 |   |   | 6 
---|---|---|---|---|---|---|---|---|---
 7 |   |   |   |   |   |   |   |   | 7 
---|---|---|---|---|---|---|---|---|---
 8 |   |   |   |   |   |   |   |   | 8 
---|---|---|---|---|---|---|---|---|---
   | 1 | 2 | 3 | 4 | 5 | 6 | 7 | 8 |

It took 0 seconds to make this move...


White to move
WXXXXXXEEXXXXXEEEXXOXXXXXXOXXXXEEOXXXXXEEEEEEEOEEEEEEEEEEEEEEEEEE
(6,3) Depth reached: 5, Nodes searched: 4869
   | 1 | 2 | 3 | 4 | 5 | 6 | 7 | 8 |
---|---|---|---|---|---|---|---|---|---
 1 | X | X | X | X | X | X |   |   | 1 
---|---|---|---|---|---|---|---|---|---
 2 | X | X | X | X | X |   |   |   | 2 
---|---|---|---|---|---|---|---|---|---
 3 | X | X | 0 | X | X | X | X | X | 3 
---|---|---|---|---|---|---|---|---|---
 4 | X | 0 | 0 | X | X | X |   |   | 4 
---|---|---|---|---|---|---|---|---|---
 5 | 0 | X | 0 | X | X | X |   |   | 5 
---|---|---|---|---|---|---|---|---|---
 6 |   |   | 0 |   |   | 0 |   |   | 6 
---|---|---|---|---|---|---|---|---|---
 7 |   |   |   |   |   |   |   |   | 7 
---|---|---|---|---|---|---|---|---|---
 8 |   |   |   |   |   |   |   |   | 8 
---|---|---|---|---|---|---|---|---|---
   | 1 | 2 | 3 | 4 | 5 | 6 | 7 | 8 |

It took 1 seconds to make this move...


Black to move
BXXXXXXEEXXXXXEEEXXOXXXXXXOOXXXEEOXOXXXEEEEOEEOEEEEEEEEEEEEEEEEEE
(7,3)
   | 1 | 2 | 3 | 4 | 5 | 6 | 7 | 8 |
---|---|---|---|---|---|---|---|---|---
 1 | X | X | X | X | X | X |   |   | 1 
---|---|---|---|---|---|---|---|---|---
 2 | X | X | X | X | X |   |   |   | 2 
---|---|---|---|---|---|---|---|---|---
 3 | X | X | X | X | X | X | X | X | 3 
---|---|---|---|---|---|---|---|---|---
 4 | X | 0 | X | X | X | X |   |   | 4 
---|---|---|---|---|---|---|---|---|---
 5 | 0 | X | X | X | X | X |   |   | 5 
---|---|---|---|---|---|---|---|---|---
 6 |   |   | X |   |   | 0 |   |   | 6 
---|---|---|---|---|---|---|---|---|---
 7 |   |   | X |   |   |   |   |   | 7 
---|---|---|---|---|---|---|---|---|---
 8 |   |   |   |   |   |   |   |   | 8 
---|---|---|---|---|---|---|---|---|---
   | 1 | 2 | 3 | 4 | 5 | 6 | 7 | 8 |

It took 0 seconds to make this move...


White to move
WXXXXXXEEXXXXXEEEXXXXXXXXXOXXXXEEOXXXXXEEEEXEEOEEEEXEEEEEEEEEEEEE
(6,4) Depth reached: 6, Nodes searched: 1841
   | 1 | 2 | 3 | 4 | 5 | 6 | 7 | 8 |
---|---|---|---|---|---|---|---|---|---
 1 | X | X | X | X | X | X |   |   | 1 
---|---|---|---|---|---|---|---|---|---
 2 | X | X | X | X | X |   |   |   | 2 
---|---|---|---|---|---|---|---|---|---
 3 | X | X | X | X | X | X | X | X | 3 
---|---|---|---|---|---|---|---|---|---
 4 | X | 0 | X | X | X | X |   |   | 4 
---|---|---|---|---|---|---|---|---|---
 5 | 0 | X | 0 | X | X | X |   |   | 5 
---|---|---|---|---|---|---|---|---|---
 6 |   |   | X | 0 |   | 0 |   |   | 6 
---|---|---|---|---|---|---|---|---|---
 7 |   |   | X |   |   |   |   |   | 7 
---|---|---|---|---|---|---|---|---|---
 8 |   |   |   |   |   |   |   |   | 8 
---|---|---|---|---|---|---|---|---|---
   | 1 | 2 | 3 | 4 | 5 | 6 | 7 | 8 |

It took 1 seconds to make this move...


Black to move
BXXXXXXEEXXXXXEEEXXXXXXXXXOXXXXEEOXOXXXEEEEXOEOEEEEXEEEEEEEEEEEEE
(7,5)
   | 1 | 2 | 3 | 4 | 5 | 6 | 7 | 8 |
---|---|---|---|---|---|---|---|---|---
 1 | X | X | X | X | X | X |   |   | 1 
---|---|---|---|---|---|---|---|---|---
 2 | X | X | X | X | X |   |   |   | 2 
---|---|---|---|---|---|---|---|---|---
 3 | X | X | X | X | X | X | X | X | 3 
---|---|---|---|---|---|---|---|---|---
 4 | X | X | X | X | X | X |   |   | 4 
---|---|---|---|---|---|---|---|---|---
 5 | 0 | X | X | X | X | X |   |   | 5 
---|---|---|---|---|---|---|---|---|---
 6 |   |   | X | X |   | 0 |   |   | 6 
---|---|---|---|---|---|---|---|---|---
 7 |   |   | X |   | X |   |   |   | 7 
---|---|---|---|---|---|---|---|---|---
 8 |   |   |   |   |   |   |   |   | 8 
---|---|---|---|---|---|---|---|---|---
   | 1 | 2 | 3 | 4 | 5 | 6 | 7 | 8 |

It took 0 seconds to make this move...


White to move
WXXXXXXEEXXXXXEEEXXXXXXXXXXXXXXEEOXXXXXEEEEXXEOEEEEXEXEEEEEEEEEEE
(8,4) Depth reached: 6, Nodes searched: 3562
   | 1 | 2 | 3 | 4 | 5 | 6 | 7 | 8 |
---|---|---|---|---|---|---|---|---|---
 1 | X | X | X | X | X | X |   |   | 1 
---|---|---|---|---|---|---|---|---|---
 2 | X | X | X | X | X |   |   |   | 2 
---|---|---|---|---|---|---|---|---|---
 3 | X | X | X | X | X | X | X | X | 3 
---|---|---|---|---|---|---|---|---|---
 4 | X | X | X | X | X | X |   |   | 4 
---|---|---|---|---|---|---|---|---|---
 5 | 0 | X | X | X | X | X |   |   | 5 
---|---|---|---|---|---|---|---|---|---
 6 |   |   | X | X |   | 0 |   |   | 6 
---|---|---|---|---|---|---|---|---|---
 7 |   |   | X |   | 0 |   |   |   | 7 
---|---|---|---|---|---|---|---|---|---
 8 |   |   |   | 0 |   |   |   |   | 8 
---|---|---|---|---|---|---|---|---|---
   | 1 | 2 | 3 | 4 | 5 | 6 | 7 | 8 |

It took 1 seconds to make this move...


Black to move
BXXXXXXEEXXXXXEEEXXXXXXXXXXXXXXEEOXXXXXEEEEXXEOEEEEXEOEEEEEEOEEEE
(6,1)
   | 1 | 2 | 3 | 4 | 5 | 6 | 7 | 8 |
---|---|---|---|---|---|---|---|---|---
 1 | X | X | X | X | X | X |   |   | 1 
---|---|---|---|---|---|---|---|---|---
 2 | X | X | X | X | X |   |   |   | 2 
---|---|---|---|---|---|---|---|---|---
 3 | X | X | X | X | X | X | X | X | 3 
---|---|---|---|---|---|---|---|---|---
 4 | X | X | X | X | X | X |   |   | 4 
---|---|---|---|---|---|---|---|---|---
 5 | X | X | X | X | X | X |   |   | 5 
---|---|---|---|---|---|---|---|---|---
 6 | X |   | X | X |   | 0 |   |   | 6 
---|---|---|---|---|---|---|---|---|---
 7 |   |   | X |   | 0 |   |   |   | 7 
---|---|---|---|---|---|---|---|---|---
 8 |   |   |   | 0 |   |   |   |   | 8 
---|---|---|---|---|---|---|---|---|---
   | 1 | 2 | 3 | 4 | 5 | 6 | 7 | 8 |

It took 0 seconds to make this move...


White to move
WXXXXXXEEXXXXXEEEXXXXXXXXXXXXXXEEXXXXXXEEXEXXEOEEEEXEOEEEEEEOEEEE
(2,6) Depth reached: 6, Nodes searched: 2467
   | 1 | 2 | 3 | 4 | 5 | 6 | 7 | 8 |
---|---|---|---|---|---|---|---|---|---
 1 | X | X | X | X | X | X |   |   | 1 
---|---|---|---|---|---|---|---|---|---
 2 | X | X | X | X | X | 0 |   |   | 2 
---|---|---|---|---|---|---|---|---|---
 3 | X | X | X | X | X | 0 | X | X | 3 
---|---|---|---|---|---|---|---|---|---
 4 | X | X | X | X | X | 0 |   |   | 4 
---|---|---|---|---|---|---|---|---|---
 5 | X | X | X | X | X | 0 |   |   | 5 
---|---|---|---|---|---|---|---|---|---
 6 | X |   | X | X |   | 0 |   |   | 6 
---|---|---|---|---|---|---|---|---|---
 7 |   |   | X |   | 0 |   |   |   | 7 
---|---|---|---|---|---|---|---|---|---
 8 |   |   |   | 0 |   |   |   |   | 8 
---|---|---|---|---|---|---|---|---|---
   | 1 | 2 | 3 | 4 | 5 | 6 | 7 | 8 |

It took 1 seconds to make this move...


Black to move
BXXXXXXEEXXXXXOEEXXXXXOXXXXXXXOEEXXXXXOEEXEXXEOEEEEXEOEEEEEEOEEEE
(7,6)
   | 1 | 2 | 3 | 4 | 5 | 6 | 7 | 8 |
---|---|---|---|---|---|---|---|---|---
 1 | X | X | X | X | X | X |   |   | 1 
---|---|---|---|---|---|---|---|---|---
 2 | X | X | X | X | X | X |   |   | 2 
---|---|---|---|---|---|---|---|---|---
 3 | X | X | X | X | X | X | X | X | 3 
---|---|---|---|---|---|---|---|---|---
 4 | X | X | X | X | X | X |   |   | 4 
---|---|---|---|---|---|---|---|---|---
 5 | X | X | X | X | X | X |   |   | 5 
---|---|---|---|---|---|---|---|---|---
 6 | X |   | X | X |   | X |   |   | 6 
---|---|---|---|---|---|---|---|---|---
 7 |   |   | X |   | 0 | X |   |   | 7 
---|---|---|---|---|---|---|---|---|---
 8 |   |   |   | 0 |   |   |   |   | 8 
---|---|---|---|---|---|---|---|---|---
   | 1 | 2 | 3 | 4 | 5 | 6 | 7 | 8 |

It took 0 seconds to make this move...


White to move
WXXXXXXEEXXXXXXEEXXXXXXXXXXXXXXEEXXXXXXEEXEXXEXEEEEXEOXEEEEEOEEEE
(7,7) Depth reached: 7, Nodes searched: 438
   | 1 | 2 | 3 | 4 | 5 | 6 | 7 | 8 |
---|---|---|---|---|---|---|---|---|---
 1 | X | X | X | X | X | X |   |   | 1 
---|---|---|---|---|---|---|---|---|---
 2 | X | X | X | X | X | X |   |   | 2 
---|---|---|---|---|---|---|---|---|---
 3 | X | X | X | X | X | X | X | X | 3 
---|---|---|---|---|---|---|---|---|---
 4 | X | X | X | X | X | X |   |   | 4 
---|---|---|---|---|---|---|---|---|---
 5 | X | X | X | X | X | X |   |   | 5 
---|---|---|---|---|---|---|---|---|---
 6 | X |   | X | X |   | X |   |   | 6 
---|---|---|---|---|---|---|---|---|---
 7 |   |   | X |   | 0 | 0 | 0 |   | 7 
---|---|---|---|---|---|---|---|---|---
 8 |   |   |   | 0 |   |   |   |   | 8 
---|---|---|---|---|---|---|---|---|---
   | 1 | 2 | 3 | 4 | 5 | 6 | 7 | 8 |

It took 1 seconds to make this move...


Black to move
BXXXXXXEEXXXXXXEEXXXXXXXXXXXXXXEEXXXXXXEEXEXXEXEEEEXEOOOEEEEOEEEE
(8,8)
   | 1 | 2 | 3 | 4 | 5 | 6 | 7 | 8 |
---|---|---|---|---|---|---|---|---|---
 1 | X | X | X | X | X | X |   |   | 1 
---|---|---|---|---|---|---|---|---|---
 2 | X | X | X | X | X | X |   |   | 2 
---|---|---|---|---|---|---|---|---|---
 3 | X | X | X | X | X | X | X | X | 3 
---|---|---|---|---|---|---|---|---|---
 4 | X | X | X | X | X | X |   |   | 4 
---|---|---|---|---|---|---|---|---|---
 5 | X | X | X | X | X | X |   |   | 5 
---|---|---|---|---|---|---|---|---|---
 6 | X |   | X | X |   | X |   |   | 6 
---|---|---|---|---|---|---|---|---|---
 7 |   |   | X |   | 0 | 0 | X |   | 7 
---|---|---|---|---|---|---|---|---|---
 8 |   |   |   | 0 |   |   |   | X | 8 
---|---|---|---|---|---|---|---|---|---
   | 1 | 2 | 3 | 4 | 5 | 6 | 7 | 8 |

It took 0 seconds to make this move...


White to move
WXXXXXXEEXXXXXXEEXXXXXXXXXXXXXXEEXXXXXXEEXEXXEXEEEEXEOOXEEEEOEEEX
(7,8) Depth reached: 7, Nodes searched: 3064
   | 1 | 2 | 3 | 4 | 5 | 6 | 7 | 8 |
---|---|---|---|---|---|---|---|---|---
 1 | X | X | X | X | X | X |   |   | 1 
---|---|---|---|---|---|---|---|---|---
 2 | X | X | X | X | X | X |   |   | 2 
---|---|---|---|---|---|---|---|---|---
 3 | X | X | X | X | X | X | X | X | 3 
---|---|---|---|---|---|---|---|---|---
 4 | X | X | X | X | X | X |   |   | 4 
---|---|---|---|---|---|---|---|---|---
 5 | X | X | X | X | X | X |   |   | 5 
---|---|---|---|---|---|---|---|---|---
 6 | X |   | X | X |   | X |   |   | 6 
---|---|---|---|---|---|---|---|---|---
 7 |   |   | X |   | 0 | 0 | 0 | 0 | 7 
---|---|---|---|---|---|---|---|---|---
 8 |   |   |   | 0 |   |   |   | X | 8 
---|---|---|---|---|---|---|---|---|---
   | 1 | 2 | 3 | 4 | 5 | 6 | 7 | 8 |

It took 1 seconds to make this move...


Black to move
BXXXXXXEEXXXXXXEEXXXXXXXXXXXXXXEEXXXXXXEEXEXXEXEEEEXEOOOOEEEOEEEX
(6,8)
   | 1 | 2 | 3 | 4 | 5 | 6 | 7 | 8 |
---|---|---|---|---|---|---|---|---|---
 1 | X | X | X | X | X | X |   |   | 1 
---|---|---|---|---|---|---|---|---|---
 2 | X | X | X | X | X | X |   |   | 2 
---|---|---|---|---|---|---|---|---|---
 3 | X | X | X | X | X | X | X | X | 3 
---|---|---|---|---|---|---|---|---|---
 4 | X | X | X | X | X | X |   |   | 4 
---|---|---|---|---|---|---|---|---|---
 5 | X | X | X | X | X | X |   |   | 5 
---|---|---|---|---|---|---|---|---|---
 6 | X |   | X | X |   | X |   | X | 6 
---|---|---|---|---|---|---|---|---|---
 7 |   |   | X |   | 0 | 0 | 0 | X | 7 
---|---|---|---|---|---|---|---|---|---
 8 |   |   |   | 0 |   |   |   | X | 8 
---|---|---|---|---|---|---|---|---|---
   | 1 | 2 | 3 | 4 | 5 | 6 | 7 | 8 |

It took 0 seconds to make this move...


White to move
WXXXXXXEEXXXXXXEEXXXXXXXXXXXXXXEEXXXXXXEEXEXXEXEXEEXEOOOXEEEOEEEX
(5,7) Depth reached: 7, Nodes searched: 5045
   | 1 | 2 | 3 | 4 | 5 | 6 | 7 | 8 |
---|---|---|---|---|---|---|---|---|---
 1 | X | X | X | X | X | X |   |   | 1 
---|---|---|---|---|---|---|---|---|---
 2 | X | X | X | X | X | X |   |   | 2 
---|---|---|---|---|---|---|---|---|---
 3 | X | X | X | X | X | X | X | X | 3 
---|---|---|---|---|---|---|---|---|---
 4 | X | X | X | X | X | X |   |   | 4 
---|---|---|---|---|---|---|---|---|---
 5 | X | X | X | X | X | X | 0 |   | 5 
---|---|---|---|---|---|---|---|---|---
 6 | X |   | X | X |   | 0 |   | X | 6 
---|---|---|---|---|---|---|---|---|---
 7 |   |   | X |   | 0 | 0 | 0 | X | 7 
---|---|---|---|---|---|---|---|---|---
 8 |   |   |   | 0 |   |   |   | X | 8 
---|---|---|---|---|---|---|---|---|---
   | 1 | 2 | 3 | 4 | 5 | 6 | 7 | 8 |

It took 1 seconds to make this move...


Black to move
BXXXXXXEEXXXXXXEEXXXXXXXXXXXXXXEEXXXXXXOEXEXXEOEXEEXEOOOXEEEOEEEX
(7,4)
   | 1 | 2 | 3 | 4 | 5 | 6 | 7 | 8 |
---|---|---|---|---|---|---|---|---|---
 1 | X | X | X | X | X | X |   |   | 1 
---|---|---|---|---|---|---|---|---|---
 2 | X | X | X | X | X | X |   |   | 2 
---|---|---|---|---|---|---|---|---|---
 3 | X | X | X | X | X | X | X | X | 3 
---|---|---|---|---|---|---|---|---|---
 4 | X | X | X | X | X | X |   |   | 4 
---|---|---|---|---|---|---|---|---|---
 5 | X | X | X | X | X | X | 0 |   | 5 
---|---|---|---|---|---|---|---|---|---
 6 | X |   | X | X |   | 0 |   | X | 6 
---|---|---|---|---|---|---|---|---|---
 7 |   |   | X | X | X | X | X | X | 7 
---|---|---|---|---|---|---|---|---|---
 8 |   |   |   | 0 |   |   |   | X | 8 
---|---|---|---|---|---|---|---|---|---
   | 1 | 2 | 3 | 4 | 5 | 6 | 7 | 8 |

It took 0 seconds to make this move...


White to move
WXXXXXXEEXXXXXXEEXXXXXXXXXXXXXXEEXXXXXXOEXEXXEOEXEEXXXXXXEEEOEEEX
(8,6) Depth reached: 8, Nodes searched: 3091
   | 1 | 2 | 3 | 4 | 5 | 6 | 7 | 8 |
---|---|---|---|---|---|---|---|---|---
 1 | X | X | X | X | X | X |   |   | 1 
---|---|---|---|---|---|---|---|---|---
 2 | X | X | X | X | X | X |   |   | 2 
---|---|---|---|---|---|---|---|---|---
 3 | X | X | X | X | X | X | X | X | 3 
---|---|---|---|---|---|---|---|---|---
 4 | X | X | X | X | X | X |   |   | 4 
---|---|---|---|---|---|---|---|---|---
 5 | X | X | X | X | X | X | 0 |   | 5 
---|---|---|---|---|---|---|---|---|---
 6 | X |   | X | X |   | 0 |   | X | 6 
---|---|---|---|---|---|---|---|---|---
 7 |   |   | X | X | X | 0 | X | X | 7 
---|---|---|---|---|---|---|---|---|---
 8 |   |   |   | 0 |   | 0 |   | X | 8 
---|---|---|---|---|---|---|---|---|---
   | 1 | 2 | 3 | 4 | 5 | 6 | 7 | 8 |

It took 1 seconds to make this move...


Black to move
BXXXXXXEEXXXXXXEEXXXXXXXXXXXXXXEEXXXXXXOEXEXXEOEXEEXXXOXXEEEOEOEX
(4,8)
   | 1 | 2 | 3 | 4 | 5 | 6 | 7 | 8 |
---|---|---|---|---|---|---|---|---|---
 1 | X | X | X | X | X | X |   |   | 1 
---|---|---|---|---|---|---|---|---|---
 2 | X | X | X | X | X | X |   |   | 2 
---|---|---|---|---|---|---|---|---|---
 3 | X | X | X | X | X | X | X | X | 3 
---|---|---|---|---|---|---|---|---|---
 4 | X | X | X | X | X | X |   | X | 4 
---|---|---|---|---|---|---|---|---|---
 5 | X | X | X | X | X | X | X |   | 5 
---|---|---|---|---|---|---|---|---|---
 6 | X |   | X | X |   | X |   | X | 6 
---|---|---|---|---|---|---|---|---|---
 7 |   |   | X | X | X | 0 | X | X | 7 
---|---|---|---|---|---|---|---|---|---
 8 |   |   |   | 0 |   | 0 |   | X | 8 
---|---|---|---|---|---|---|---|---|---
   | 1 | 2 | 3 | 4 | 5 | 6 | 7 | 8 |

It took 0 seconds to make this move...


White to move
WXXXXXXEEXXXXXXEEXXXXXXXXXXXXXXEXXXXXXXXEXEXXEXEXEEXXXOXXEEEOEOEX
(7,2) Depth reached: 8, Nodes searched: 3678
   | 1 | 2 | 3 | 4 | 5 | 6 | 7 | 8 |
---|---|---|---|---|---|---|---|---|---
 1 | X | X | X | X | X | X |   |   | 1 
---|---|---|---|---|---|---|---|---|---
 2 | X | X | X | X | X | X |   |   | 2 
---|---|---|---|---|---|---|---|---|---
 3 | X | X | X | X | X | X | X | X | 3 
---|---|---|---|---|---|---|---|---|---
 4 | X | X | X | X | X | X |   | X | 4 
---|---|---|---|---|---|---|---|---|---
 5 | X | X | X | X | X | X | X |   | 5 
---|---|---|---|---|---|---|---|---|---
 6 | X |   | X | X |   | X |   | X | 6 
---|---|---|---|---|---|---|---|---|---
 7 |   | 0 | 0 | 0 | 0 | 0 | X | X | 7 
---|---|---|---|---|---|---|---|---|---
 8 |   |   |   | 0 |   | 0 |   | X | 8 
---|---|---|---|---|---|---|---|---|---
   | 1 | 2 | 3 | 4 | 5 | 6 | 7 | 8 |

It took 1 seconds to make this move...


Black to move
BXXXXXXEEXXXXXXEEXXXXXXXXXXXXXXEXXXXXXXXEXEXXEXEXEOOOOOXXEEEOEOEX
(8,1)
   | 1 | 2 | 3 | 4 | 5 | 6 | 7 | 8 |
---|---|---|---|---|---|---|---|---|---
 1 | X | X | X | X | X | X |   |   | 1 
---|---|---|---|---|---|---|---|---|---
 2 | X | X | X | X | X | X |   |   | 2 
---|---|---|---|---|---|---|---|---|---
 3 | X | X | X | X | X | X | X | X | 3 
---|---|---|---|---|---|---|---|---|---
 4 | X | X | X | X | X | X |   | X | 4 
---|---|---|---|---|---|---|---|---|---
 5 | X | X | X | X | X | X | X |   | 5 
---|---|---|---|---|---|---|---|---|---
 6 | X |   | X | X |   | X |   | X | 6 
---|---|---|---|---|---|---|---|---|---
 7 |   | X | 0 | 0 | 0 | 0 | X | X | 7 
---|---|---|---|---|---|---|---|---|---
 8 | X |   |   | 0 |   | 0 |   | X | 8 
---|---|---|---|---|---|---|---|---|---
   | 1 | 2 | 3 | 4 | 5 | 6 | 7 | 8 |

It took 0 seconds to make this move...


White to move
WXXXXXXEEXXXXXXEEXXXXXXXXXXXXXXEXXXXXXXXEXEXXEXEXEXOOOOXXXEEOEOEX
(2,8) Depth reached: 8, Nodes searched: 4773
   | 1 | 2 | 3 | 4 | 5 | 6 | 7 | 8 |
---|---|---|---|---|---|---|---|---|---
 1 | X | X | X | X | X | X |   |   | 1 
---|---|---|---|---|---|---|---|---|---
 2 | X | X | X | X | X | X |   | 0 | 2 
---|---|---|---|---|---|---|---|---|---
 3 | X | X | X | X | X | X | 0 | X | 3 
---|---|---|---|---|---|---|---|---|---
 4 | X | X | X | X | X | 0 |   | X | 4 
---|---|---|---|---|---|---|---|---|---
 5 | X | X | X | X | 0 | X | X |   | 5 
---|---|---|---|---|---|---|---|---|---
 6 | X |   | X | 0 |   | X |   | X | 6 
---|---|---|---|---|---|---|---|---|---
 7 |   | X | 0 | 0 | 0 | 0 | X | X | 7 
---|---|---|---|---|---|---|---|---|---
 8 | X |   |   | 0 |   | 0 |   | X | 8 
---|---|---|---|---|---|---|---|---|---
   | 1 | 2 | 3 | 4 | 5 | 6 | 7 | 8 |

It took 1 seconds to make this move...


Black to move
BXXXXXXEEXXXXXXEOXXXXXXOXXXXXXOEXXXXXOXXEXEXOEXEXEXOOOOXXXEEOEOEX
(6,5)
   | 1 | 2 | 3 | 4 | 5 | 6 | 7 | 8 |
---|---|---|---|---|---|---|---|---|---
 1 | X | X | X | X | X | X |   |   | 1 
---|---|---|---|---|---|---|---|---|---
 2 | X | X | X | X | X | X |   | 0 | 2 
---|---|---|---|---|---|---|---|---|---
 3 | X | X | X | X | X | X | 0 | X | 3 
---|---|---|---|---|---|---|---|---|---
 4 | X | X | X | X | X | 0 |   | X | 4 
---|---|---|---|---|---|---|---|---|---
 5 | X | X | X | X | X | X | X |   | 5 
---|---|---|---|---|---|---|---|---|---
 6 | X |   | X | X | X | X |   | X | 6 
---|---|---|---|---|---|---|---|---|---
 7 |   | X | 0 | 0 | 0 | 0 | X | X | 7 
---|---|---|---|---|---|---|---|---|---
 8 | X |   |   | 0 |   | 0 |   | X | 8 
---|---|---|---|---|---|---|---|---|---
   | 1 | 2 | 3 | 4 | 5 | 6 | 7 | 8 |

It took 0 seconds to make this move...


White to move
WXXXXXXEEXXXXXXEOXXXXXXOXXXXXXOEXXXXXXXXEXEXXXXEXEXOOOOXXXEEOEOEX
(4,7) Depth reached: 8, Nodes searched: 730
   | 1 | 2 | 3 | 4 | 5 | 6 | 7 | 8 |
---|---|---|---|---|---|---|---|---|---
 1 | X | X | X | X | X | X |   |   | 1 
---|---|---|---|---|---|---|---|---|---
 2 | X | X | X | X | X | X |   | 0 | 2 
---|---|---|---|---|---|---|---|---|---
 3 | X | X | X | X | X | X | 0 | X | 3 
---|---|---|---|---|---|---|---|---|---
 4 | X | X | X | X | X | 0 | 0 | X | 4 
---|---|---|---|---|---|---|---|---|---
 5 | X | X | X | X | X | 0 | X |   | 5 
---|---|---|---|---|---|---|---|---|---
 6 | X |   | X | X | 0 | X |   | X | 6 
---|---|---|---|---|---|---|---|---|---
 7 |   | X | 0 | 0 | 0 | 0 | X | X | 7 
---|---|---|---|---|---|---|---|---|---
 8 | X |   |   | 0 |   | 0 |   | X | 8 
---|---|---|---|---|---|---|---|---|---
   | 1 | 2 | 3 | 4 | 5 | 6 | 7 | 8 |

It took 1 seconds to make this move...


Black to move
BXXXXXXEEXXXXXXEOXXXXXXOXXXXXXOOXXXXXXOXEXEXXOXEXEXOOOOXXXEEOEOEX
(8,3)
   | 1 | 2 | 3 | 4 | 5 | 6 | 7 | 8 |
---|---|---|---|---|---|---|---|---|---
 1 | X | X | X | X | X | X |   |   | 1 
---|---|---|---|---|---|---|---|---|---
 2 | X | X | X | X | X | X |   | 0 | 2 
---|---|---|---|---|---|---|---|---|---
 3 | X | X | X | X | X | X | 0 | X | 3 
---|---|---|---|---|---|---|---|---|---
 4 | X | X | X | X | X | 0 | X | X | 4 
---|---|---|---|---|---|---|---|---|---
 5 | X | X | X | X | X | X | X |   | 5 
---|---|---|---|---|---|---|---|---|---
 6 | X |   | X | X | X | X |   | X | 6 
---|---|---|---|---|---|---|---|---|---
 7 |   | X | X | X | 0 | 0 | X | X | 7 
---|---|---|---|---|---|---|---|---|---
 8 | X |   | X | 0 |   | 0 |   | X | 8 
---|---|---|---|---|---|---|---|---|---
   | 1 | 2 | 3 | 4 | 5 | 6 | 7 | 8 |

It took 1 seconds to make this move...


White to move
WXXXXXXEEXXXXXXEOXXXXXXOXXXXXXOXXXXXXXXXEXEXXXXEXEXXXOOXXXEXOEOEX
(5,8) Depth reached: 9, Nodes searched: 1408
   | 1 | 2 | 3 | 4 | 5 | 6 | 7 | 8 |
---|---|---|---|---|---|---|---|---|---
 1 | X | X | X | X | X | X |   |   | 1 
---|---|---|---|---|---|---|---|---|---
 2 | X | X | X | X | X | X |   | 0 | 2 
---|---|---|---|---|---|---|---|---|---
 3 | X | X | X | X | X | X | 0 | 0 | 3 
---|---|---|---|---|---|---|---|---|---
 4 | X | X | X | X | X | 0 | X | 0 | 4 
---|---|---|---|---|---|---|---|---|---
 5 | X | X | X | X | X | X | X | 0 | 5 
---|---|---|---|---|---|---|---|---|---
 6 | X |   | X | X | X | X |   | X | 6 
---|---|---|---|---|---|---|---|---|---
 7 |   | X | X | X | 0 | 0 | X | X | 7 
---|---|---|---|---|---|---|---|---|---
 8 | X |   | X | 0 |   | 0 |   | X | 8 
---|---|---|---|---|---|---|---|---|---
   | 1 | 2 | 3 | 4 | 5 | 6 | 7 | 8 |

It took 1 seconds to make this move...


Black to move
BXXXXXXEEXXXXXXEOXXXXXXOOXXXXXOXOXXXXXXXOXEXXXXEXEXXXOOXXXEXOEOEX
(1,8)
   | 1 | 2 | 3 | 4 | 5 | 6 | 7 | 8 |
---|---|---|---|---|---|---|---|---|---
 1 | X | X | X | X | X | X |   | X | 1 
---|---|---|---|---|---|---|---|---|---
 2 | X | X | X | X | X | X |   | X | 2 
---|---|---|---|---|---|---|---|---|---
 3 | X | X | X | X | X | X | 0 | X | 3 
---|---|---|---|---|---|---|---|---|---
 4 | X | X | X | X | X | 0 | X | X | 4 
---|---|---|---|---|---|---|---|---|---
 5 | X | X | X | X | X | X | X | X | 5 
---|---|---|---|---|---|---|---|---|---
 6 | X |   | X | X | X | X |   | X | 6 
---|---|---|---|---|---|---|---|---|---
 7 |   | X | X | X | 0 | 0 | X | X | 7 
---|---|---|---|---|---|---|---|---|---
 8 | X |   | X | 0 |   | 0 |   | X | 8 
---|---|---|---|---|---|---|---|---|---
   | 1 | 2 | 3 | 4 | 5 | 6 | 7 | 8 |

It took 0 seconds to make this move...


White to move
WXXXXXXEXXXXXXXEXXXXXXXOXXXXXXOXXXXXXXXXXXEXXXXEXEXXXOOXXXEXOEOEX
(8,2) Depth reached: 18, Nodes searched: 541
   | 1 | 2 | 3 | 4 | 5 | 6 | 7 | 8 |
---|---|---|---|---|---|---|---|---|---
 1 | X | X | X | X | X | X |   | X | 1 
---|---|---|---|---|---|---|---|---|---
 2 | X | X | X | X | X | X |   | X | 2 
---|---|---|---|---|---|---|---|---|---
 3 | X | X | X | X | X | X | 0 | X | 3 
---|---|---|---|---|---|---|---|---|---
 4 | X | X | X | X | X | 0 | X | X | 4 
---|---|---|---|---|---|---|---|---|---
 5 | X | X | X | X | 0 | X | X | X | 5 
---|---|---|---|---|---|---|---|---|---
 6 | X |   | X | 0 | X | X |   | X | 6 
---|---|---|---|---|---|---|---|---|---
 7 |   | X | 0 | X | 0 | 0 | X | X | 7 
---|---|---|---|---|---|---|---|---|---
 8 | X | 0 | 0 | 0 |   | 0 |   | X | 8 
---|---|---|---|---|---|---|---|---|---
   | 1 | 2 | 3 | 4 | 5 | 6 | 7 | 8 |

It took 1 seconds to make this move...


Black to move
BXXXXXXEXXXXXXXEXXXXXXXOXXXXXXOXXXXXXOXXXXEXOXXEXEXOXOOXXXOOOEOEX
(8,5)
   | 1 | 2 | 3 | 4 | 5 | 6 | 7 | 8 |
---|---|---|---|---|---|---|---|---|---
 1 | X | X | X | X | X | X |   | X | 1 
---|---|---|---|---|---|---|---|---|---
 2 | X | X | X | X | X | X |   | X | 2 
---|---|---|---|---|---|---|---|---|---
 3 | X | X | X | X | X | X | 0 | X | 3 
---|---|---|---|---|---|---|---|---|---
 4 | X | X | X | X | X | 0 | X | X | 4 
---|---|---|---|---|---|---|---|---|---
 5 | X | X | X | X | 0 | X | X | X | 5 
---|---|---|---|---|---|---|---|---|---
 6 | X |   | X | 0 | X | X |   | X | 6 
---|---|---|---|---|---|---|---|---|---
 7 |   | X | 0 | X | X | 0 | X | X | 7 
---|---|---|---|---|---|---|---|---|---
 8 | X | X | X | X | X | 0 |   | X | 8 
---|---|---|---|---|---|---|---|---|---
   | 1 | 2 | 3 | 4 | 5 | 6 | 7 | 8 |

It took 0 seconds to make this move...


White to move
WXXXXXXEXXXXXXXEXXXXXXXOXXXXXXOXXXXXXOXXXXEXOXXEXEXOXXOXXXXXXXOEX
(6,7) Depth reached: 39, Nodes searched: 1236
   | 1 | 2 | 3 | 4 | 5 | 6 | 7 | 8 |
---|---|---|---|---|---|---|---|---|---
 1 | X | X | X | X | X | X |   | X | 1 
---|---|---|---|---|---|---|---|---|---
 2 | X | X | X | X | X | X |   | X | 2 
---|---|---|---|---|---|---|---|---|---
 3 | X | X | X | X | X | X | 0 | X | 3 
---|---|---|---|---|---|---|---|---|---
 4 | X | X | X | X | X | 0 | 0 | X | 4 
---|---|---|---|---|---|---|---|---|---
 5 | X | X | X | X | 0 | X | 0 | X | 5 
---|---|---|---|---|---|---|---|---|---
 6 | X |   | X | 0 | 0 | 0 | 0 | X | 6 
---|---|---|---|---|---|---|---|---|---
 7 |   | X | 0 | X | X | 0 | X | X | 7 
---|---|---|---|---|---|---|---|---|---
 8 | X | X | X | X | X | 0 |   | X | 8 
---|---|---|---|---|---|---|---|---|---
   | 1 | 2 | 3 | 4 | 5 | 6 | 7 | 8 |

It took 1 seconds to make this move...


Black to move
BXXXXXXEXXXXXXXEXXXXXXXOXXXXXXOOXXXXXOXOXXEXOOOOXEXOXXOXXXXXXXOEX
(8,7)
   | 1 | 2 | 3 | 4 | 5 | 6 | 7 | 8 |
---|---|---|---|---|---|---|---|---|---
 1 | X | X | X | X | X | X |   | X | 1 
---|---|---|---|---|---|---|---|---|---
 2 | X | X | X | X | X | X |   | X | 2 
---|---|---|---|---|---|---|---|---|---
 3 | X | X | X | X | X | X | 0 | X | 3 
---|---|---|---|---|---|---|---|---|---
 4 | X | X | X | X | X | 0 | 0 | X | 4 
---|---|---|---|---|---|---|---|---|---
 5 | X | X | X | X | 0 | X | 0 | X | 5 
---|---|---|---|---|---|---|---|---|---
 6 | X |   | X | 0 | X | 0 | 0 | X | 6 
---|---|---|---|---|---|---|---|---|---
 7 |   | X | 0 | X | X | X | X | X | 7 
---|---|---|---|---|---|---|---|---|---
 8 | X | X | X | X | X | X | X | X | 8 
---|---|---|---|---|---|---|---|---|---
   | 1 | 2 | 3 | 4 | 5 | 6 | 7 | 8 |

It took 0 seconds to make this move...


White to move
WXXXXXXEXXXXXXXEXXXXXXXOXXXXXXOOXXXXXOXOXXEXOXOOXEXOXXXXXXXXXXXXX
(7,1) Depth reached: 132, Nodes searched: 134
   | 1 | 2 | 3 | 4 | 5 | 6 | 7 | 8 |
---|---|---|---|---|---|---|---|---|---
 1 | X | X | X | X | X | X |   | X | 1 
---|---|---|---|---|---|---|---|---|---
 2 | X | X | X | X | X | X |   | X | 2 
---|---|---|---|---|---|---|---|---|---
 3 | X | X | X | X | X | X | 0 | X | 3 
---|---|---|---|---|---|---|---|---|---
 4 | X | X | X | X | X | 0 | 0 | X | 4 
---|---|---|---|---|---|---|---|---|---
 5 | X | X | X | X | 0 | X | 0 | X | 5 
---|---|---|---|---|---|---|---|---|---
 6 | X |   | X | 0 | X | 0 | 0 | X | 6 
---|---|---|---|---|---|---|---|---|---
 7 | 0 | 0 | 0 | X | X | X | X | X | 7 
---|---|---|---|---|---|---|---|---|---
 8 | X | X | X | X | X | X | X | X | 8 
---|---|---|---|---|---|---|---|---|---
   | 1 | 2 | 3 | 4 | 5 | 6 | 7 | 8 |

It took 1 seconds to make this move...


Black to move
BXXXXXXEXXXXXXXEXXXXXXXOXXXXXXOOXXXXXOXOXXEXOXOOXOOOXXXXXXXXXXXXX
(2,7)
   | 1 | 2 | 3 | 4 | 5 | 6 | 7 | 8 |
---|---|---|---|---|---|---|---|---|---
 1 | X | X | X | X | X | X |   | X | 1 
---|---|---|---|---|---|---|---|---|---
 2 | X | X | X | X | X | X | X | X | 2 
---|---|---|---|---|---|---|---|---|---
 3 | X | X | X | X | X | X | X | X | 3 
---|---|---|---|---|---|---|---|---|---
 4 | X | X | X | X | X | 0 | X | X | 4 
---|---|---|---|---|---|---|---|---|---
 5 | X | X | X | X | 0 | X | X | X | 5 
---|---|---|---|---|---|---|---|---|---
 6 | X |   | X | 0 | X | 0 | X | X | 6 
---|---|---|---|---|---|---|---|---|---
 7 | 0 | 0 | 0 | X | X | X | X | X | 7 
---|---|---|---|---|---|---|---|---|---
 8 | X | X | X | X | X | X | X | X | 8 
---|---|---|---|---|---|---|---|---|---
   | 1 | 2 | 3 | 4 | 5 | 6 | 7 | 8 |

It took 0 seconds to make this move...


White to move
WXXXXXXEXXXXXXXXXXXXXXXXXXXXXXOXXXXXXOXXXXEXOXOXXOOOXXXXXXXXXXXXX
(6,2) Depth reached: 256, Nodes searched: 161
   | 1 | 2 | 3 | 4 | 5 | 6 | 7 | 8 |
---|---|---|---|---|---|---|---|---|---
 1 | X | X | X | X | X | X |   | X | 1 
---|---|---|---|---|---|---|---|---|---
 2 | X | X | X | X | X | X | X | X | 2 
---|---|---|---|---|---|---|---|---|---
 3 | X | X | X | X | X | X | X | X | 3 
---|---|---|---|---|---|---|---|---|---
 4 | X | X | X | X | X | 0 | X | X | 4 
---|---|---|---|---|---|---|---|---|---
 5 | X | X | X | X | 0 | X | X | X | 5 
---|---|---|---|---|---|---|---|---|---
 6 | X | 0 | 0 | 0 | X | 0 | X | X | 6 
---|---|---|---|---|---|---|---|---|---
 7 | 0 | 0 | 0 | X | X | X | X | X | 7 
---|---|---|---|---|---|---|---|---|---
 8 | X | X | X | X | X | X | X | X | 8 
---|---|---|---|---|---|---|---|---|---
   | 1 | 2 | 3 | 4 | 5 | 6 | 7 | 8 |

It took 1 seconds to make this move...


Black to move
BXXXXXXEXXXXXXXXXXXXXXXXXXXXXXOXXXXXXOXXXXOOOXOXXOOOXXXXXXXXXXXXX
pass
   | 1 | 2 | 3 | 4 | 5 | 6 | 7 | 8 |
---|---|---|---|---|---|---|---|---|---
 1 | X | X | X | X | X | X |   | X | 1 
---|---|---|---|---|---|---|---|---|---
 2 | X | X | X | X | X | X | X | X | 2 
---|---|---|---|---|---|---|---|---|---
 3 | X | X | X | X | X | X | X | X | 3 
---|---|---|---|---|---|---|---|---|---
 4 | X | X | X | X | X | 0 | X | X | 4 
---|---|---|---|---|---|---|---|---|---
 5 | X | X | X | X | 0 | X | X | X | 5 
---|---|---|---|---|---|---|---|---|---
 6 | X | 0 | 0 | 0 | X | 0 | X | X | 6 
---|---|---|---|---|---|---|---|---|---
 7 | 0 | 0 | 0 | X | X | X | X | X | 7 
---|---|---|---|---|---|---|---|---|---
 8 | X | X | X | X | X | X | X | X | 8 
---|---|---|---|---|---|---|---|---|---
   | 1 | 2 | 3 | 4 | 5 | 6 | 7 | 8 |

It took 0 seconds to make this move...


White to move
WXXXXXXEXXXXXXXXXXXXXXXXXXXXXXOXXXXXXOXXXXOOOXOXXOOOXXXXXXXXXXXXX
(1,7) Depth reached: 262, Nodes searched: 5
   | 1 | 2 | 3 | 4 | 5 | 6 | 7 | 8 |
---|---|---|---|---|---|---|---|---|---
 1 | X | X | X | X | X | X | 0 | X | 1 
---|---|---|---|---|---|---|---|---|---
 2 | X | X | X | X | X | 0 | X | X | 2 
---|---|---|---|---|---|---|---|---|---
 3 | X | X | X | X | 0 | X | X | X | 3 
---|---|---|---|---|---|---|---|---|---
 4 | X | X | X | 0 | X | 0 | X | X | 4 
---|---|---|---|---|---|---|---|---|---
 5 | X | X | 0 | X | 0 | X | X | X | 5 
---|---|---|---|---|---|---|---|---|---
 6 | X | 0 | 0 | 0 | X | 0 | X | X | 6 
---|---|---|---|---|---|---|---|---|---
 7 | 0 | 0 | 0 | X | X | X | X | X | 7 
---|---|---|---|---|---|---|---|---|---
 8 | X | X | X | X | X | X | X | X | 8 
---|---|---|---|---|---|---|---|---|---
   | 1 | 2 | 3 | 4 | 5 | 6 | 7 | 8 |

It took 1 seconds to make this move...


Black to move
BXXXXXXOXXXXXXOXXXXXXOXXXXXXOXOXXXXOXOXXXXOOOXOXXOOOXXXXXXXXXXXXX
pass
   | 1 | 2 | 3 | 4 | 5 | 6 | 7 | 8 |
---|---|---|---|---|---|---|---|---|---
 1 | X | X | X | X | X | X | 0 | X | 1 
---|---|---|---|---|---|---|---|---|---
 2 | X | X | X | X | X | 0 | X | X | 2 
---|---|---|---|---|---|---|---|---|---
 3 | X | X | X | X | 0 | X | X | X | 3 
---|---|---|---|---|---|---|---|---|---
 4 | X | X | X | 0 | X | 0 | X | X | 4 
---|---|---|---|---|---|---|---|---|---
 5 | X | X | 0 | X | 0 | X | X | X | 5 
---|---|---|---|---|---|---|---|---|---
 6 | X | 0 | 0 | 0 | X | 0 | X | X | 6 
---|---|---|---|---|---|---|---|---|---
 7 | 0 | 0 | 0 | X | X | X | X | X | 7 
---|---|---|---|---|---|---|---|---|---
 8 | X | X | X | X | X | X | X | X | 8 
---|---|---|---|---|---|---|---|---|---
   | 1 | 2 | 3 | 4 | 5 | 6 | 7 | 8 |

It took 0 seconds to make this move...


White to move
WXXXXXXOXXXXXXOXXXXXXOXXXXXXOXOXXXXOXOXXXXOOOXOXXOOOXXXXXXXXXXXXX
pass
   | 1 | 2 | 3 | 4 | 5 | 6 | 7 | 8 |
---|---|---|---|---|---|---|---|---|---
 1 | X | X | X | X | X | X | 0 | X | 1 
---|---|---|---|---|---|---|---|---|---
 2 | X | X | X | X | X | 0 | X | X | 2 
---|---|---|---|---|---|---|---|---|---
 3 | X | X | X | X | 0 | X | X | X | 3 
---|---|---|---|---|---|---|---|---|---
 4 | X | X | X | 0 | X | 0 | X | X | 4 
---|---|---|---|---|---|---|---|---|---
 5 | X | X | 0 | X | 0 | X | X | X | 5 
---|---|---|---|---|---|---|---|---|---
 6 | X | 0 | 0 | 0 | X | 0 | X | X | 6 
---|---|---|---|---|---|---|---|---|---
 7 | 0 | 0 | 0 | X | X | X | X | X | 7 
---|---|---|---|---|---|---|---|---|---
 8 | X | X | X | X | X | X | X | X | 8 
---|---|---|---|---|---|---|---|---|---
   | 1 | 2 | 3 | 4 | 5 | 6 | 7 | 8 |

It took 1 seconds to make this move...
***************************************
Results for ../Python/othello.sh vs. ./othello_naive.sh:
Black won with 36 points
Average time for white: 1.0 s (max: 1 s)
Average time for black: 0.1 s (max: 1 s)
***************************************
