   | 1 | 2 | 3 | 4 | 5 | 6 | 7 | 8 |
---|---|---|---|---|---|---|---|---|---
 1 |   |   |   |   |   |   |   |   | 1 
---|---|---|---|---|---|---|---|---|---
 2 |   |   |   |   |   |   |   |   | 2 
---|---|---|---|---|---|---|---|---|---
 3 |   |   |   |   |   |   |   |   | 3 
---|---|---|---|---|---|---|---|---|---
 4 |   |   |   | 0 | X |   |   |   | 4 
---|---|---|---|---|---|---|---|---|---
 5 |   |   |   | X | 0 |   |   |   | 5 
---|---|---|---|---|---|---|---|---|---
 6 |   |   |   |   |   |   |   |   | 6 
---|---|---|---|---|---|---|---|---|---
 7 |   |   |   |   |   |   |   |   | 7 
---|---|---|---|---|---|---|---|---|---
 8 |   |   |   |   |   |   |   |   | 8 
---|---|---|---|---|---|---|---|---|---
   | 1 | 2 | 3 | 4 | 5 | 6 | 7 | 8 |



White to move
WEEEEEEEEEEEEEEEEEEEEEEEEEEEOXEEEEEEXOEEEEEEEEEEEEEEEEEEEEEEEEEEE
(3,5)
   | 1 | 2 | 3 | 4 | 5 | 6 | 7 | 8 |
---|---|---|---|---|---|---|---|---|---
 1 |   |   |   |   |   |   |   |   | 1 
---|---|---|---|---|---|---|---|---|---
 2 |   |   |   |   |   |   |   |   | 2 
---|---|---|---|---|---|---|---|---|---
 3 |   |   |   |   | 0 |   |   |   | 3 
---|---|---|---|---|---|---|---|---|---
 4 |   |   |   | 0 | 0 |   |   |   | 4 
---|---|---|---|---|---|---|---|---|---
 5 |   |   |   | X | 0 |   |   |   | 5 
---|---|---|---|---|---|---|---|---|---
 6 |   |   |   |   |   |   |   |   | 6 
---|---|---|---|---|---|---|---|---|---
 7 |   |   |   |   |   |   |   |   | 7 
---|---|---|---|---|---|---|---|---|---
 8 |   |   |   |   |   |   |   |   | 8 
---|---|---|---|---|---|---|---|---|---
   | 1 | 2 | 3 | 4 | 5 | 6 | 7 | 8 |

It took 1 seconds to make this move...


Black to move
BEEEEEEEEEEEEEEEEEEEEOEEEEEEOOEEEEEEXOEEEEEEEEEEEEEEEEEEEEEEEEEEE
(3,4) Depth reached: 7, Nodes searched: 4346
   | 1 | 2 | 3 | 4 | 5 | 6 | 7 | 8 |
---|---|---|---|---|---|---|---|---|---
 1 |   |   |   |   |   |   |   |   | 1 
---|---|---|---|---|---|---|---|---|---
 2 |   |   |   |   |   |   |   |   | 2 
---|---|---|---|---|---|---|---|---|---
 3 |   |   |   | X | 0 |   |   |   | 3 
---|---|---|---|---|---|---|---|---|---
 4 |   |   |   | X | 0 |   |   |   | 4 
---|---|---|---|---|---|---|---|---|---
 5 |   |   |   | X | 0 |   |   |   | 5 
---|---|---|---|---|---|---|---|---|---
 6 |   |   |   |   |   |   |   |   | 6 
---|---|---|---|---|---|---|---|---|---
 7 |   |   |   |   |   |   |   |   | 7 
---|---|---|---|---|---|---|---|---|---
 8 |   |   |   |   |   |   |   |   | 8 
---|---|---|---|---|---|---|---|---|---
   | 1 | 2 | 3 | 4 | 5 | 6 | 7 | 8 |

It took 2 seconds to make this move...


White to move
WEEEEEEEEEEEEEEEEEEEXOEEEEEEXOEEEEEEXOEEEEEEEEEEEEEEEEEEEEEEEEEEE
(3,3)
   | 1 | 2 | 3 | 4 | 5 | 6 | 7 | 8 |
---|---|---|---|---|---|---|---|---|---
 1 |   |   |   |   |   |   |   |   | 1 
---|---|---|---|---|---|---|---|---|---
 2 |   |   |   |   |   |   |   |   | 2 
---|---|---|---|---|---|---|---|---|---
 3 |   |   | 0 | 0 | 0 |   |   |   | 3 
---|---|---|---|---|---|---|---|---|---
 4 |   |   |   | 0 | 0 |   |   |   | 4 
---|---|---|---|---|---|---|---|---|---
 5 |   |   |   | X | 0 |   |   |   | 5 
---|---|---|---|---|---|---|---|---|---
 6 |   |   |   |   |   |   |   |   | 6 
---|---|---|---|---|---|---|---|---|---
 7 |   |   |   |   |   |   |   |   | 7 
---|---|---|---|---|---|---|---|---|---
 8 |   |   |   |   |   |   |   |   | 8 
---|---|---|---|---|---|---|---|---|---
   | 1 | 2 | 3 | 4 | 5 | 6 | 7 | 8 |

It took 0 seconds to make this move...


Black to move
BEEEEEEEEEEEEEEEEEEOOOEEEEEEOOEEEEEEXOEEEEEEEEEEEEEEEEEEEEEEEEEEE
(3,6) Depth reached: 7, Nodes searched: 4525
   | 1 | 2 | 3 | 4 | 5 | 6 | 7 | 8 |
---|---|---|---|---|---|---|---|---|---
 1 |   |   |   |   |   |   |   |   | 1 
---|---|---|---|---|---|---|---|---|---
 2 |   |   |   |   |   |   |   |   | 2 
---|---|---|---|---|---|---|---|---|---
 3 |   |   | 0 | 0 | 0 | X |   |   | 3 
---|---|---|---|---|---|---|---|---|---
 4 |   |   |   | 0 | X |   |   |   | 4 
---|---|---|---|---|---|---|---|---|---
 5 |   |   |   | X | 0 |   |   |   | 5 
---|---|---|---|---|---|---|---|---|---
 6 |   |   |   |   |   |   |   |   | 6 
---|---|---|---|---|---|---|---|---|---
 7 |   |   |   |   |   |   |   |   | 7 
---|---|---|---|---|---|---|---|---|---
 8 |   |   |   |   |   |   |   |   | 8 
---|---|---|---|---|---|---|---|---|---
   | 1 | 2 | 3 | 4 | 5 | 6 | 7 | 8 |

It took 2 seconds to make this move...


White to move
WEEEEEEEEEEEEEEEEEEOOOXEEEEEOXEEEEEEXOEEEEEEEEEEEEEEEEEEEEEEEEEEE
(5,3)
   | 1 | 2 | 3 | 4 | 5 | 6 | 7 | 8 |
---|---|---|---|---|---|---|---|---|---
 1 |   |   |   |   |   |   |   |   | 1 
---|---|---|---|---|---|---|---|---|---
 2 |   |   |   |   |   |   |   |   | 2 
---|---|---|---|---|---|---|---|---|---
 3 |   |   | 0 | 0 | 0 | X |   |   | 3 
---|---|---|---|---|---|---|---|---|---
 4 |   |   |   | 0 | X |   |   |   | 4 
---|---|---|---|---|---|---|---|---|---
 5 |   |   | 0 | 0 | 0 |   |   |   | 5 
---|---|---|---|---|---|---|---|---|---
 6 |   |   |   |   |   |   |   |   | 6 
---|---|---|---|---|---|---|---|---|---
 7 |   |   |   |   |   |   |   |   | 7 
---|---|---|---|---|---|---|---|---|---
 8 |   |   |   |   |   |   |   |   | 8 
---|---|---|---|---|---|---|---|---|---
   | 1 | 2 | 3 | 4 | 5 | 6 | 7 | 8 |

It took 0 seconds to make this move...


Black to move
BEEEEEEEEEEEEEEEEEEOOOXEEEEEOXEEEEEOOOEEEEEEEEEEEEEEEEEEEEEEEEEEE
(4,3) Depth reached: 5, Nodes searched: 8601
   | 1 | 2 | 3 | 4 | 5 | 6 | 7 | 8 |
---|---|---|---|---|---|---|---|---|---
 1 |   |   |   |   |   |   |   |   | 1 
---|---|---|---|---|---|---|---|---|---
 2 |   |   |   |   |   |   |   |   | 2 
---|---|---|---|---|---|---|---|---|---
 3 |   |   | 0 | 0 | 0 | X |   |   | 3 
---|---|---|---|---|---|---|---|---|---
 4 |   |   | X | X | X |   |   |   | 4 
---|---|---|---|---|---|---|---|---|---
 5 |   |   | 0 | 0 | 0 |   |   |   | 5 
---|---|---|---|---|---|---|---|---|---
 6 |   |   |   |   |   |   |   |   | 6 
---|---|---|---|---|---|---|---|---|---
 7 |   |   |   |   |   |   |   |   | 7 
---|---|---|---|---|---|---|---|---|---
 8 |   |   |   |   |   |   |   |   | 8 
---|---|---|---|---|---|---|---|---|---
   | 1 | 2 | 3 | 4 | 5 | 6 | 7 | 8 |

It took 2 seconds to make this move...


White to move
WEEEEEEEEEEEEEEEEEEOOOXEEEEXXXEEEEEOOOEEEEEEEEEEEEEEEEEEEEEEEEEEE
(2,7)
   | 1 | 2 | 3 | 4 | 5 | 6 | 7 | 8 |
---|---|---|---|---|---|---|---|---|---
 1 |   |   |   |   |   |   |   |   | 1 
---|---|---|---|---|---|---|---|---|---
 2 |   |   |   |   |   |   | 0 |   | 2 
---|---|---|---|---|---|---|---|---|---
 3 |   |   | 0 | 0 | 0 | 0 |   |   | 3 
---|---|---|---|---|---|---|---|---|---
 4 |   |   | X | X | 0 |   |   |   | 4 
---|---|---|---|---|---|---|---|---|---
 5 |   |   | 0 | 0 | 0 |   |   |   | 5 
---|---|---|---|---|---|---|---|---|---
 6 |   |   |   |   |   |   |   |   | 6 
---|---|---|---|---|---|---|---|---|---
 7 |   |   |   |   |   |   |   |   | 7 
---|---|---|---|---|---|---|---|---|---
 8 |   |   |   |   |   |   |   |   | 8 
---|---|---|---|---|---|---|---|---|---
   | 1 | 2 | 3 | 4 | 5 | 6 | 7 | 8 |

It took 1 seconds to make this move...


Black to move
BEEEEEEEEEEEEEEOEEEOOOOEEEEXXOEEEEEOOOEEEEEEEEEEEEEEEEEEEEEEEEEEE
(6,5) Depth reached: 6, Nodes searched: 1035
   | 1 | 2 | 3 | 4 | 5 | 6 | 7 | 8 |
---|---|---|---|---|---|---|---|---|---
 1 |   |   |   |   |   |   |   |   | 1 
---|---|---|---|---|---|---|---|---|---
 2 |   |   |   |   |   |   | 0 |   | 2 
---|---|---|---|---|---|---|---|---|---
 3 |   |   | 0 | 0 | 0 | 0 |   |   | 3 
---|---|---|---|---|---|---|---|---|---
 4 |   |   | X | X | 0 |   |   |   | 4 
---|---|---|---|---|---|---|---|---|---
 5 |   |   | 0 | X | 0 |   |   |   | 5 
---|---|---|---|---|---|---|---|---|---
 6 |   |   |   |   | X |   |   |   | 6 
---|---|---|---|---|---|---|---|---|---
 7 |   |   |   |   |   |   |   |   | 7 
---|---|---|---|---|---|---|---|---|---
 8 |   |   |   |   |   |   |   |   | 8 
---|---|---|---|---|---|---|---|---|---
   | 1 | 2 | 3 | 4 | 5 | 6 | 7 | 8 |

It took 2 seconds to make this move...


White to move
WEEEEEEEEEEEEEEOEEEOOOOEEEEXXOEEEEEOXOEEEEEEEXEEEEEEEEEEEEEEEEEEE
(6,4)
   | 1 | 2 | 3 | 4 | 5 | 6 | 7 | 8 |
---|---|---|---|---|---|---|---|---|---
 1 |   |   |   |   |   |   |   |   | 1 
---|---|---|---|---|---|---|---|---|---
 2 |   |   |   |   |   |   | 0 |   | 2 
---|---|---|---|---|---|---|---|---|---
 3 |   |   | 0 | 0 | 0 | 0 |   |   | 3 
---|---|---|---|---|---|---|---|---|---
 4 |   |   | X | 0 | 0 |   |   |   | 4 
---|---|---|---|---|---|---|---|---|---
 5 |   |   | 0 | 0 | 0 |   |   |   | 5 
---|---|---|---|---|---|---|---|---|---
 6 |   |   |   | 0 | X |   |   |   | 6 
---|---|---|---|---|---|---|---|---|---
 7 |   |   |   |   |   |   |   |   | 7 
---|---|---|---|---|---|---|---|---|---
 8 |   |   |   |   |   |   |   |   | 8 
---|---|---|---|---|---|---|---|---|---
   | 1 | 2 | 3 | 4 | 5 | 6 | 7 | 8 |

It took 0 seconds to make this move...


Black to move
BEEEEEEEEEEEEEEOEEEOOOOEEEEXOOEEEEEOOOEEEEEEOXEEEEEEEEEEEEEEEEEEE
(2,5) Depth reached: 6, Nodes searched: 986
   | 1 | 2 | 3 | 4 | 5 | 6 | 7 | 8 |
---|---|---|---|---|---|---|---|---|---
 1 |   |   |   |   |   |   |   |   | 1 
---|---|---|---|---|---|---|---|---|---
 2 |   |   |   |   | X |   | 0 |   | 2 
---|---|---|---|---|---|---|---|---|---
 3 |   |   | 0 | X | X | 0 |   |   | 3 
---|---|---|---|---|---|---|---|---|---
 4 |   |   | X | 0 | X |   |   |   | 4 
---|---|---|---|---|---|---|---|---|---
 5 |   |   | 0 | 0 | X |   |   |   | 5 
---|---|---|---|---|---|---|---|---|---
 6 |   |   |   | 0 | X |   |   |   | 6 
---|---|---|---|---|---|---|---|---|---
 7 |   |   |   |   |   |   |   |   | 7 
---|---|---|---|---|---|---|---|---|---
 8 |   |   |   |   |   |   |   |   | 8 
---|---|---|---|---|---|---|---|---|---
   | 1 | 2 | 3 | 4 | 5 | 6 | 7 | 8 |

It took 2 seconds to make this move...


White to move
WEEEEEEEEEEEEXEOEEEOXXOEEEEXOXEEEEEOOXEEEEEEOXEEEEEEEEEEEEEEEEEEE
(1,4)
   | 1 | 2 | 3 | 4 | 5 | 6 | 7 | 8 |
---|---|---|---|---|---|---|---|---|---
 1 |   |   |   | 0 |   |   |   |   | 1 
---|---|---|---|---|---|---|---|---|---
 2 |   |   |   |   | 0 |   | 0 |   | 2 
---|---|---|---|---|---|---|---|---|---
 3 |   |   | 0 | X | X | 0 |   |   | 3 
---|---|---|---|---|---|---|---|---|---
 4 |   |   | X | 0 | X |   |   |   | 4 
---|---|---|---|---|---|---|---|---|---
 5 |   |   | 0 | 0 | X |   |   |   | 5 
---|---|---|---|---|---|---|---|---|---
 6 |   |   |   | 0 | X |   |   |   | 6 
---|---|---|---|---|---|---|---|---|---
 7 |   |   |   |   |   |   |   |   | 7 
---|---|---|---|---|---|---|---|---|---
 8 |   |   |   |   |   |   |   |   | 8 
---|---|---|---|---|---|---|---|---|---
   | 1 | 2 | 3 | 4 | 5 | 6 | 7 | 8 |

It took 0 seconds to make this move...


Black to move
BEEEOEEEEEEEEOEOEEEOXXOEEEEXOXEEEEEOOXEEEEEEOXEEEEEEEEEEEEEEEEEEE
(1,5) Depth reached: 5, Nodes searched: 3508
   | 1 | 2 | 3 | 4 | 5 | 6 | 7 | 8 |
---|---|---|---|---|---|---|---|---|---
 1 |   |   |   | 0 | X |   |   |   | 1 
---|---|---|---|---|---|---|---|---|---
 2 |   |   |   |   | X |   | 0 |   | 2 
---|---|---|---|---|---|---|---|---|---
 3 |   |   | 0 | X | X | 0 |   |   | 3 
---|---|---|---|---|---|---|---|---|---
 4 |   |   | X | 0 | X |   |   |   | 4 
---|---|---|---|---|---|---|---|---|---
 5 |   |   | 0 | 0 | X |   |   |   | 5 
---|---|---|---|---|---|---|---|---|---
 6 |   |   |   | 0 | X |   |   |   | 6 
---|---|---|---|---|---|---|---|---|---
 7 |   |   |   |   |   |   |   |   | 7 
---|---|---|---|---|---|---|---|---|---
 8 |   |   |   |   |   |   |   |   | 8 
---|---|---|---|---|---|---|---|---|---
   | 1 | 2 | 3 | 4 | 5 | 6 | 7 | 8 |

It took 2 seconds to make this move...


White to move
WEEEOXEEEEEEEXEOEEEOXXOEEEEXOXEEEEEOOXEEEEEEOXEEEEEEEEEEEEEEEEEEE
(1,6)
   | 1 | 2 | 3 | 4 | 5 | 6 | 7 | 8 |
---|---|---|---|---|---|---|---|---|---
 1 |   |   |   | 0 | 0 | 0 |   |   | 1 
---|---|---|---|---|---|---|---|---|---
 2 |   |   |   |   | X |   | 0 |   | 2 
---|---|---|---|---|---|---|---|---|---
 3 |   |   | 0 | X | X | 0 |   |   | 3 
---|---|---|---|---|---|---|---|---|---
 4 |   |   | X | 0 | X |   |   |   | 4 
---|---|---|---|---|---|---|---|---|---
 5 |   |   | 0 | 0 | X |   |   |   | 5 
---|---|---|---|---|---|---|---|---|---
 6 |   |   |   | 0 | X |   |   |   | 6 
---|---|---|---|---|---|---|---|---|---
 7 |   |   |   |   |   |   |   |   | 7 
---|---|---|---|---|---|---|---|---|---
 8 |   |   |   |   |   |   |   |   | 8 
---|---|---|---|---|---|---|---|---|---
   | 1 | 2 | 3 | 4 | 5 | 6 | 7 | 8 |

It took 0 seconds to make this move...


Black to move
BEEEOOOEEEEEEXEOEEEOXXOEEEEXOXEEEEEOOXEEEEEEOXEEEEEEEEEEEEEEEEEEE
(2,3) Depth reached: 5, Nodes searched: 4518
   | 1 | 2 | 3 | 4 | 5 | 6 | 7 | 8 |
---|---|---|---|---|---|---|---|---|---
 1 |   |   |   | 0 | 0 | 0 |   |   | 1 
---|---|---|---|---|---|---|---|---|---
 2 |   |   | X |   | X |   | 0 |   | 2 
---|---|---|---|---|---|---|---|---|---
 3 |   |   | X | X | X | 0 |   |   | 3 
---|---|---|---|---|---|---|---|---|---
 4 |   |   | X | 0 | X |   |   |   | 4 
---|---|---|---|---|---|---|---|---|---
 5 |   |   | 0 | 0 | X |   |   |   | 5 
---|---|---|---|---|---|---|---|---|---
 6 |   |   |   | 0 | X |   |   |   | 6 
---|---|---|---|---|---|---|---|---|---
 7 |   |   |   |   |   |   |   |   | 7 
---|---|---|---|---|---|---|---|---|---
 8 |   |   |   |   |   |   |   |   | 8 
---|---|---|---|---|---|---|---|---|---
   | 1 | 2 | 3 | 4 | 5 | 6 | 7 | 8 |

It took 1 seconds to make this move...


White to move
WEEEOOOEEEEXEXEOEEEXXXOEEEEXOXEEEEEOOXEEEEEEOXEEEEEEEEEEEEEEEEEEE
(1,3)
   | 1 | 2 | 3 | 4 | 5 | 6 | 7 | 8 |
---|---|---|---|---|---|---|---|---|---
 1 |   |   | 0 | 0 | 0 | 0 |   |   | 1 
---|---|---|---|---|---|---|---|---|---
 2 |   |   | 0 |   | X |   | 0 |   | 2 
---|---|---|---|---|---|---|---|---|---
 3 |   |   | 0 | X | X | 0 |   |   | 3 
---|---|---|---|---|---|---|---|---|---
 4 |   |   | 0 | 0 | X |   |   |   | 4 
---|---|---|---|---|---|---|---|---|---
 5 |   |   | 0 | 0 | X |   |   |   | 5 
---|---|---|---|---|---|---|---|---|---
 6 |   |   |   | 0 | X |   |   |   | 6 
---|---|---|---|---|---|---|---|---|---
 7 |   |   |   |   |   |   |   |   | 7 
---|---|---|---|---|---|---|---|---|---
 8 |   |   |   |   |   |   |   |   | 8 
---|---|---|---|---|---|---|---|---|---
   | 1 | 2 | 3 | 4 | 5 | 6 | 7 | 8 |

It took 0 seconds to make this move...


Black to move
BEEOOOOEEEEOEXEOEEEOXXOEEEEOOXEEEEEOOXEEEEEEOXEEEEEEEEEEEEEEEEEEE
(3,7) Depth reached: 5, Nodes searched: 5479
   | 1 | 2 | 3 | 4 | 5 | 6 | 7 | 8 |
---|---|---|---|---|---|---|---|---|---
 1 |   |   | 0 | 0 | 0 | 0 |   |   | 1 
---|---|---|---|---|---|---|---|---|---
 2 |   |   | 0 |   | X |   | 0 |   | 2 
---|---|---|---|---|---|---|---|---|---
 3 |   |   | 0 | X | X | X | X |   | 3 
---|---|---|---|---|---|---|---|---|---
 4 |   |   | 0 | 0 | X |   |   |   | 4 
---|---|---|---|---|---|---|---|---|---
 5 |   |   | 0 | 0 | X |   |   |   | 5 
---|---|---|---|---|---|---|---|---|---
 6 |   |   |   | 0 | X |   |   |   | 6 
---|---|---|---|---|---|---|---|---|---
 7 |   |   |   |   |   |   |   |   | 7 
---|---|---|---|---|---|---|---|---|---
 8 |   |   |   |   |   |   |   |   | 8 
---|---|---|---|---|---|---|---|---|---
   | 1 | 2 | 3 | 4 | 5 | 6 | 7 | 8 |

It took 2 seconds to make this move...


White to move
WEEOOOOEEEEOEXEOEEEOXXXXEEEOOXEEEEEOOXEEEEEEOXEEEEEEEEEEEEEEEEEEE
(3,8)
   | 1 | 2 | 3 | 4 | 5 | 6 | 7 | 8 |
---|---|---|---|---|---|---|---|---|---
 1 |   |   | 0 | 0 | 0 | 0 |   |   | 1 
---|---|---|---|---|---|---|---|---|---
 2 |   |   | 0 |   | X |   | 0 |   | 2 
---|---|---|---|---|---|---|---|---|---
 3 |   |   | 0 | 0 | 0 | 0 | 0 | 0 | 3 
---|---|---|---|---|---|---|---|---|---
 4 |   |   | 0 | 0 | X |   |   |   | 4 
---|---|---|---|---|---|---|---|---|---
 5 |   |   | 0 | 0 | X |   |   |   | 5 
---|---|---|---|---|---|---|---|---|---
 6 |   |   |   | 0 | X |   |   |   | 6 
---|---|---|---|---|---|---|---|---|---
 7 |   |   |   |   |   |   |   |   | 7 
---|---|---|---|---|---|---|---|---|---
 8 |   |   |   |   |   |   |   |   | 8 
---|---|---|---|---|---|---|---|---|---
   | 1 | 2 | 3 | 4 | 5 | 6 | 7 | 8 |

It took 0 seconds to make this move...


Black to move
BEEOOOOEEEEOEXEOEEEOOOOOOEEOOXEEEEEOOXEEEEEEOXEEEEEEEEEEEEEEEEEEE
(1,8) Depth reached: 6, Nodes searched: 676
   | 1 | 2 | 3 | 4 | 5 | 6 | 7 | 8 |
---|---|---|---|---|---|---|---|---|---
 1 |   |   | 0 | 0 | 0 | 0 |   | X | 1 
---|---|---|---|---|---|---|---|---|---
 2 |   |   | 0 |   | X |   | X |   | 2 
---|---|---|---|---|---|---|---|---|---
 3 |   |   | 0 | 0 | 0 | X | 0 | 0 | 3 
---|---|---|---|---|---|---|---|---|---
 4 |   |   | 0 | 0 | X |   |   |   | 4 
---|---|---|---|---|---|---|---|---|---
 5 |   |   | 0 | 0 | X |   |   |   | 5 
---|---|---|---|---|---|---|---|---|---
 6 |   |   |   | 0 | X |   |   |   | 6 
---|---|---|---|---|---|---|---|---|---
 7 |   |   |   |   |   |   |   |   | 7 
---|---|---|---|---|---|---|---|---|---
 8 |   |   |   |   |   |   |   |   | 8 
---|---|---|---|---|---|---|---|---|---
   | 1 | 2 | 3 | 4 | 5 | 6 | 7 | 8 |

It took 2 seconds to make this move...


White to move
WEEOOOOEXEEOEXEXEEEOOOXOOEEOOXEEEEEOOXEEEEEEOXEEEEEEEEEEEEEEEEEEE
(4,7)
   | 1 | 2 | 3 | 4 | 5 | 6 | 7 | 8 |
---|---|---|---|---|---|---|---|---|---
 1 |   |   | 0 | 0 | 0 | 0 |   | X | 1 
---|---|---|---|---|---|---|---|---|---
 2 |   |   | 0 |   | 0 |   | X |   | 2 
---|---|---|---|---|---|---|---|---|---
 3 |   |   | 0 | 0 | 0 | 0 | 0 | 0 | 3 
---|---|---|---|---|---|---|---|---|---
 4 |   |   | 0 | 0 | X |   | 0 |   | 4 
---|---|---|---|---|---|---|---|---|---
 5 |   |   | 0 | 0 | X |   |   |   | 5 
---|---|---|---|---|---|---|---|---|---
 6 |   |   |   | 0 | X |   |   |   | 6 
---|---|---|---|---|---|---|---|---|---
 7 |   |   |   |   |   |   |   |   | 7 
---|---|---|---|---|---|---|---|---|---
 8 |   |   |   |   |   |   |   |   | 8 
---|---|---|---|---|---|---|---|---|---
   | 1 | 2 | 3 | 4 | 5 | 6 | 7 | 8 |

It took 0 seconds to make this move...


Black to move
BEEOOOOEXEEOEOEXEEEOOOOOOEEOOXEOEEEOOXEEEEEEOXEEEEEEEEEEEEEEEEEEE
(6,3) Depth reached: 5, Nodes searched: 9214
   | 1 | 2 | 3 | 4 | 5 | 6 | 7 | 8 |
---|---|---|---|---|---|---|---|---|---
 1 |   |   | 0 | 0 | 0 | 0 |   | X | 1 
---|---|---|---|---|---|---|---|---|---
 2 |   |   | 0 |   | 0 |   | X |   | 2 
---|---|---|---|---|---|---|---|---|---
 3 |   |   | 0 | 0 | 0 | 0 | 0 | 0 | 3 
---|---|---|---|---|---|---|---|---|---
 4 |   |   | 0 | 0 | X |   | 0 |   | 4 
---|---|---|---|---|---|---|---|---|---
 5 |   |   | 0 | X | X |   |   |   | 5 
---|---|---|---|---|---|---|---|---|---
 6 |   |   | X | X | X |   |   |   | 6 
---|---|---|---|---|---|---|---|---|---
 7 |   |   |   |   |   |   |   |   | 7 
---|---|---|---|---|---|---|---|---|---
 8 |   |   |   |   |   |   |   |   | 8 
---|---|---|---|---|---|---|---|---|---
   | 1 | 2 | 3 | 4 | 5 | 6 | 7 | 8 |

It took 2 seconds to make this move...


White to move
WEEOOOOEXEEOEOEXEEEOOOOOOEEOOXEOEEEOXXEEEEEXXXEEEEEEEEEEEEEEEEEEE
(5,6)
   | 1 | 2 | 3 | 4 | 5 | 6 | 7 | 8 |
---|---|---|---|---|---|---|---|---|---
 1 |   |   | 0 | 0 | 0 | 0 |   | X | 1 
---|---|---|---|---|---|---|---|---|---
 2 |   |   | 0 |   | 0 |   | X |   | 2 
---|---|---|---|---|---|---|---|---|---
 3 |   |   | 0 | 0 | 0 | 0 | 0 | 0 | 3 
---|---|---|---|---|---|---|---|---|---
 4 |   |   | 0 | 0 | 0 |   | 0 |   | 4 
---|---|---|---|---|---|---|---|---|---
 5 |   |   | 0 | 0 | 0 | 0 |   |   | 5 
---|---|---|---|---|---|---|---|---|---
 6 |   |   | X | X | X |   |   |   | 6 
---|---|---|---|---|---|---|---|---|---
 7 |   |   |   |   |   |   |   |   | 7 
---|---|---|---|---|---|---|---|---|---
 8 |   |   |   |   |   |   |   |   | 8 
---|---|---|---|---|---|---|---|---|---
   | 1 | 2 | 3 | 4 | 5 | 6 | 7 | 8 |

It took 1 seconds to make this move...


Black to move
BEEOOOOEXEEOEOEXEEEOOOOOOEEOOOEOEEEOOOOEEEEXXXEEEEEEEEEEEEEEEEEEE
(4,6) Depth reached: 6, Nodes searched: 2910
   | 1 | 2 | 3 | 4 | 5 | 6 | 7 | 8 |
---|---|---|---|---|---|---|---|---|---
 1 |   |   | 0 | 0 | 0 | 0 |   | X | 1 
---|---|---|---|---|---|---|---|---|---
 2 |   |   | 0 |   | 0 |   | X |   | 2 
---|---|---|---|---|---|---|---|---|---
 3 |   |   | 0 | 0 | 0 | 0 | 0 | 0 | 3 
---|---|---|---|---|---|---|---|---|---
 4 |   |   | 0 | 0 | 0 | X | 0 |   | 4 
---|---|---|---|---|---|---|---|---|---
 5 |   |   | 0 | 0 | X | 0 |   |   | 5 
---|---|---|---|---|---|---|---|---|---
 6 |   |   | X | X | X |   |   |   | 6 
---|---|---|---|---|---|---|---|---|---
 7 |   |   |   |   |   |   |   |   | 7 
---|---|---|---|---|---|---|---|---|---
 8 |   |   |   |   |   |   |   |   | 8 
---|---|---|---|---|---|---|---|---|---
   | 1 | 2 | 3 | 4 | 5 | 6 | 7 | 8 |

It took 2 seconds to make this move...


White to move
WEEOOOOEXEEOEOEXEEEOOOOOOEEOOOXOEEEOOXOEEEEXXXEEEEEEEEEEEEEEEEEEE
(6,6)
   | 1 | 2 | 3 | 4 | 5 | 6 | 7 | 8 |
---|---|---|---|---|---|---|---|---|---
 1 |   |   | 0 | 0 | 0 | 0 |   | X | 1 
---|---|---|---|---|---|---|---|---|---
 2 |   |   | 0 |   | 0 |   | X |   | 2 
---|---|---|---|---|---|---|---|---|---
 3 |   |   | 0 | 0 | 0 | 0 | 0 | 0 | 3 
---|---|---|---|---|---|---|---|---|---
 4 |   |   | 0 | 0 | 0 | X | 0 |   | 4 
---|---|---|---|---|---|---|---|---|---
 5 |   |   | 0 | 0 | 0 | 0 |   |   | 5 
---|---|---|---|---|---|---|---|---|---
 6 |   |   | X | X | X | 0 |   |   | 6 
---|---|---|---|---|---|---|---|---|---
 7 |   |   |   |   |   |   |   |   | 7 
---|---|---|---|---|---|---|---|---|---
 8 |   |   |   |   |   |   |   |   | 8 
---|---|---|---|---|---|---|---|---|---
   | 1 | 2 | 3 | 4 | 5 | 6 | 7 | 8 |

It took 0 seconds to make this move...


Black to move
BEEOOOOEXEEOEOEXEEEOOOOOOEEOOOXOEEEOOOOEEEEXXXOEEEEEEEEEEEEEEEEEE
(2,6) Depth reached: 5, Nodes searched: 9683
   | 1 | 2 | 3 | 4 | 5 | 6 | 7 | 8 |
---|---|---|---|---|---|---|---|---|---
 1 |   |   | 0 | 0 | 0 | 0 |   | X | 1 
---|---|---|---|---|---|---|---|---|---
 2 |   |   | 0 |   | 0 | X | X |   | 2 
---|---|---|---|---|---|---|---|---|---
 3 |   |   | 0 | 0 | 0 | X | 0 | 0 | 3 
---|---|---|---|---|---|---|---|---|---
 4 |   |   | 0 | 0 | 0 | X | 0 |   | 4 
---|---|---|---|---|---|---|---|---|---
 5 |   |   | 0 | 0 | 0 | 0 |   |   | 5 
---|---|---|---|---|---|---|---|---|---
 6 |   |   | X | X | X | 0 |   |   | 6 
---|---|---|---|---|---|---|---|---|---
 7 |   |   |   |   |   |   |   |   | 7 
---|---|---|---|---|---|---|---|---|---
 8 |   |   |   |   |   |   |   |   | 8 
---|---|---|---|---|---|---|---|---|---
   | 1 | 2 | 3 | 4 | 5 | 6 | 7 | 8 |

It took 2 seconds to make this move...


White to move
WEEOOOOEXEEOEOXXEEEOOOXOOEEOOOXOEEEOOOOEEEEXXXOEEEEEEEEEEEEEEEEEE
(5,7)
   | 1 | 2 | 3 | 4 | 5 | 6 | 7 | 8 |
---|---|---|---|---|---|---|---|---|---
 1 |   |   | 0 | 0 | 0 | 0 |   | X | 1 
---|---|---|---|---|---|---|---|---|---
 2 |   |   | 0 |   | 0 | X | X |   | 2 
---|---|---|---|---|---|---|---|---|---
 3 |   |   | 0 | 0 | 0 | X | 0 | 0 | 3 
---|---|---|---|---|---|---|---|---|---
 4 |   |   | 0 | 0 | 0 | 0 | 0 |   | 4 
---|---|---|---|---|---|---|---|---|---
 5 |   |   | 0 | 0 | 0 | 0 | 0 |   | 5 
---|---|---|---|---|---|---|---|---|---
 6 |   |   | X | X | X | 0 |   |   | 6 
---|---|---|---|---|---|---|---|---|---
 7 |   |   |   |   |   |   |   |   | 7 
---|---|---|---|---|---|---|---|---|---
 8 |   |   |   |   |   |   |   |   | 8 
---|---|---|---|---|---|---|---|---|---
   | 1 | 2 | 3 | 4 | 5 | 6 | 7 | 8 |

It took 0 seconds to make this move...


Black to move
BEEOOOOEXEEOEOXXEEEOOOXOOEEOOOOOEEEOOOOOEEEXXXOEEEEEEEEEEEEEEEEEE
(4,8) Depth reached: 5, Nodes searched: 8725
   | 1 | 2 | 3 | 4 | 5 | 6 | 7 | 8 |
---|---|---|---|---|---|---|---|---|---
 1 |   |   | 0 | 0 | 0 | 0 |   | X | 1 
---|---|---|---|---|---|---|---|---|---
 2 |   |   | 0 |   | 0 | X | X |   | 2 
---|---|---|---|---|---|---|---|---|---
 3 |   |   | 0 | 0 | 0 | X | X | 0 | 3 
---|---|---|---|---|---|---|---|---|---
 4 |   |   | 0 | 0 | 0 | 0 | 0 | X | 4 
---|---|---|---|---|---|---|---|---|---
 5 |   |   | 0 | 0 | 0 | 0 | 0 |   | 5 
---|---|---|---|---|---|---|---|---|---
 6 |   |   | X | X | X | 0 |   |   | 6 
---|---|---|---|---|---|---|---|---|---
 7 |   |   |   |   |   |   |   |   | 7 
---|---|---|---|---|---|---|---|---|---
 8 |   |   |   |   |   |   |   |   | 8 
---|---|---|---|---|---|---|---|---|---
   | 1 | 2 | 3 | 4 | 5 | 6 | 7 | 8 |

It took 2 seconds to make this move...


White to move
WEEOOOOEXEEOEOXXEEEOOOXXOEEOOOOOXEEOOOOOEEEXXXOEEEEEEEEEEEEEEEEEE
(5,8)
   | 1 | 2 | 3 | 4 | 5 | 6 | 7 | 8 |
---|---|---|---|---|---|---|---|---|---
 1 |   |   | 0 | 0 | 0 | 0 |   | X | 1 
---|---|---|---|---|---|---|---|---|---
 2 |   |   | 0 |   | 0 | X | X |   | 2 
---|---|---|---|---|---|---|---|---|---
 3 |   |   | 0 | 0 | 0 | X | X | 0 | 3 
---|---|---|---|---|---|---|---|---|---
 4 |   |   | 0 | 0 | 0 | 0 | 0 | 0 | 4 
---|---|---|---|---|---|---|---|---|---
 5 |   |   | 0 | 0 | 0 | 0 | 0 | 0 | 5 
---|---|---|---|---|---|---|---|---|---
 6 |   |   | X | X | X | 0 |   |   | 6 
---|---|---|---|---|---|---|---|---|---
 7 |   |   |   |   |   |   |   |   | 7 
---|---|---|---|---|---|---|---|---|---
 8 |   |   |   |   |   |   |   |   | 8 
---|---|---|---|---|---|---|---|---|---
   | 1 | 2 | 3 | 4 | 5 | 6 | 7 | 8 |

It took 1 seconds to make this move...


Black to move
BEEOOOOEXEEOEOXXEEEOOOXXOEEOOOOOOEEOOOOOOEEXXXOEEEEEEEEEEEEEEEEEE
(3,2) Depth reached: 6, Nodes searched: 3507
   | 1 | 2 | 3 | 4 | 5 | 6 | 7 | 8 |
---|---|---|---|---|---|---|---|---|---
 1 |   |   | 0 | 0 | 0 | 0 |   | X | 1 
---|---|---|---|---|---|---|---|---|---
 2 |   |   | 0 |   | 0 | X | X |   | 2 
---|---|---|---|---|---|---|---|---|---
 3 |   | X | X | X | X | X | X | 0 | 3 
---|---|---|---|---|---|---|---|---|---
 4 |   |   | X | 0 | 0 | 0 | 0 | 0 | 4 
---|---|---|---|---|---|---|---|---|---
 5 |   |   | 0 | X | 0 | 0 | 0 | 0 | 5 
---|---|---|---|---|---|---|---|---|---
 6 |   |   | X | X | X | 0 |   |   | 6 
---|---|---|---|---|---|---|---|---|---
 7 |   |   |   |   |   |   |   |   | 7 
---|---|---|---|---|---|---|---|---|---
 8 |   |   |   |   |   |   |   |   | 8 
---|---|---|---|---|---|---|---|---|---
   | 1 | 2 | 3 | 4 | 5 | 6 | 7 | 8 |

It took 2 seconds to make this move...


White to move
WEEOOOOEXEEOEOXXEEXXXXXXOEEXOOOOOEEOXOOOOEEXXXOEEEEEEEEEEEEEEEEEE
(6,2)
   | 1 | 2 | 3 | 4 | 5 | 6 | 7 | 8 |
---|---|---|---|---|---|---|---|---|---
 1 |   |   | 0 | 0 | 0 | 0 |   | X | 1 
---|---|---|---|---|---|---|---|---|---
 2 |   |   | 0 |   | 0 | X | X |   | 2 
---|---|---|---|---|---|---|---|---|---
 3 |   | X | X | X | X | X | X | 0 | 3 
---|---|---|---|---|---|---|---|---|---
 4 |   |   | X | 0 | 0 | 0 | 0 | 0 | 4 
---|---|---|---|---|---|---|---|---|---
 5 |   |   | 0 | X | 0 | 0 | 0 | 0 | 5 
---|---|---|---|---|---|---|---|---|---
 6 |   | 0 | 0 | 0 | 0 | 0 |   |   | 6 
---|---|---|---|---|---|---|---|---|---
 7 |   |   |   |   |   |   |   |   | 7 
---|---|---|---|---|---|---|---|---|---
 8 |   |   |   |   |   |   |   |   | 8 
---|---|---|---|---|---|---|---|---|---
   | 1 | 2 | 3 | 4 | 5 | 6 | 7 | 8 |

It took 0 seconds to make this move...


Black to move
BEEOOOOEXEEOEOXXEEXXXXXXOEEXOOOOOEEOXOOOOEOOOOOEEEEEEEEEEEEEEEEEE
(2,4) Depth reached: 5, Nodes searched: 6437
   | 1 | 2 | 3 | 4 | 5 | 6 | 7 | 8 |
---|---|---|---|---|---|---|---|---|---
 1 |   |   | 0 | 0 | 0 | 0 |   | X | 1 
---|---|---|---|---|---|---|---|---|---
 2 |   |   | 0 | X | X | X | X |   | 2 
---|---|---|---|---|---|---|---|---|---
 3 |   | X | X | X | X | X | X | 0 | 3 
---|---|---|---|---|---|---|---|---|---
 4 |   |   | X | 0 | 0 | 0 | 0 | 0 | 4 
---|---|---|---|---|---|---|---|---|---
 5 |   |   | 0 | X | 0 | 0 | 0 | 0 | 5 
---|---|---|---|---|---|---|---|---|---
 6 |   | 0 | 0 | 0 | 0 | 0 |   |   | 6 
---|---|---|---|---|---|---|---|---|---
 7 |   |   |   |   |   |   |   |   | 7 
---|---|---|---|---|---|---|---|---|---
 8 |   |   |   |   |   |   |   |   | 8 
---|---|---|---|---|---|---|---|---|---
   | 1 | 2 | 3 | 4 | 5 | 6 | 7 | 8 |

It took 2 seconds to make this move...


White to move
WEEOOOOEXEEOXXXXEEXXXXXXOEEXOOOOOEEOXOOOOEOOOOOEEEEEEEEEEEEEEEEEE
(3,1)
   | 1 | 2 | 3 | 4 | 5 | 6 | 7 | 8 |
---|---|---|---|---|---|---|---|---|---
 1 |   |   | 0 | 0 | 0 | 0 |   | X | 1 
---|---|---|---|---|---|---|---|---|---
 2 |   |   | 0 | X | X | X | X |   | 2 
---|---|---|---|---|---|---|---|---|---
 3 | 0 | 0 | 0 | 0 | 0 | 0 | 0 | 0 | 3 
---|---|---|---|---|---|---|---|---|---
 4 |   |   | X | 0 | 0 | 0 | 0 | 0 | 4 
---|---|---|---|---|---|---|---|---|---
 5 |   |   | 0 | X | 0 | 0 | 0 | 0 | 5 
---|---|---|---|---|---|---|---|---|---
 6 |   | 0 | 0 | 0 | 0 | 0 |   |   | 6 
---|---|---|---|---|---|---|---|---|---
 7 |   |   |   |   |   |   |   |   | 7 
---|---|---|---|---|---|---|---|---|---
 8 |   |   |   |   |   |   |   |   | 8 
---|---|---|---|---|---|---|---|---|---
   | 1 | 2 | 3 | 4 | 5 | 6 | 7 | 8 |

It took 0 seconds to make this move...


Black to move
BEEOOOOEXEEOXXXXEOOOOOOOOEEXOOOOOEEOXOOOOEOOOOOEEEEEEEEEEEEEEEEEE
(6,8) Depth reached: 6, Nodes searched: 1910
   | 1 | 2 | 3 | 4 | 5 | 6 | 7 | 8 |
---|---|---|---|---|---|---|---|---|---
 1 |   |   | 0 | 0 | 0 | 0 |   | X | 1 
---|---|---|---|---|---|---|---|---|---
 2 |   |   | 0 | X | X | X | X |   | 2 
---|---|---|---|---|---|---|---|---|---
 3 | 0 | 0 | 0 | 0 | X | 0 | 0 | 0 | 3 
---|---|---|---|---|---|---|---|---|---
 4 |   |   | X | 0 | 0 | X | 0 | 0 | 4 
---|---|---|---|---|---|---|---|---|---
 5 |   |   | 0 | X | 0 | 0 | X | 0 | 5 
---|---|---|---|---|---|---|---|---|---
 6 |   | 0 | 0 | 0 | 0 | 0 |   | X | 6 
---|---|---|---|---|---|---|---|---|---
 7 |   |   |   |   |   |   |   |   | 7 
---|---|---|---|---|---|---|---|---|---
 8 |   |   |   |   |   |   |   |   | 8 
---|---|---|---|---|---|---|---|---|---
   | 1 | 2 | 3 | 4 | 5 | 6 | 7 | 8 |

It took 2 seconds to make this move...


White to move
WEEOOOOEXEEOXXXXEOOOOXOOOEEXOOXOOEEOXOOXOEOOOOOEXEEEEEEEEEEEEEEEE
(7,8)
   | 1 | 2 | 3 | 4 | 5 | 6 | 7 | 8 |
---|---|---|---|---|---|---|---|---|---
 1 |   |   | 0 | 0 | 0 | 0 |   | X | 1 
---|---|---|---|---|---|---|---|---|---
 2 |   |   | 0 | X | X | X | X |   | 2 
---|---|---|---|---|---|---|---|---|---
 3 | 0 | 0 | 0 | 0 | X | 0 | 0 | 0 | 3 
---|---|---|---|---|---|---|---|---|---
 4 |   |   | X | 0 | 0 | X | 0 | 0 | 4 
---|---|---|---|---|---|---|---|---|---
 5 |   |   | 0 | X | 0 | 0 | X | 0 | 5 
---|---|---|---|---|---|---|---|---|---
 6 |   | 0 | 0 | 0 | 0 | 0 |   | 0 | 6 
---|---|---|---|---|---|---|---|---|---
 7 |   |   |   |   |   |   |   | 0 | 7 
---|---|---|---|---|---|---|---|---|---
 8 |   |   |   |   |   |   |   |   | 8 
---|---|---|---|---|---|---|---|---|---
   | 1 | 2 | 3 | 4 | 5 | 6 | 7 | 8 |

It took 1 seconds to make this move...


Black to move
BEEOOOOEXEEOXXXXEOOOOXOOOEEXOOXOOEEOXOOXOEOOOOOEOEEEEEEEOEEEEEEEE
(2,8) Depth reached: 6, Nodes searched: 636
   | 1 | 2 | 3 | 4 | 5 | 6 | 7 | 8 |
---|---|---|---|---|---|---|---|---|---
 1 |   |   | 0 | 0 | 0 | 0 |   | X | 1 
---|---|---|---|---|---|---|---|---|---
 2 |   |   | 0 | X | X | X | X | X | 2 
---|---|---|---|---|---|---|---|---|---
 3 | 0 | 0 | 0 | 0 | X | 0 | X | 0 | 3 
---|---|---|---|---|---|---|---|---|---
 4 |   |   | X | 0 | 0 | X | 0 | 0 | 4 
---|---|---|---|---|---|---|---|---|---
 5 |   |   | 0 | X | 0 | 0 | X | 0 | 5 
---|---|---|---|---|---|---|---|---|---
 6 |   | 0 | 0 | 0 | 0 | 0 |   | 0 | 6 
---|---|---|---|---|---|---|---|---|---
 7 |   |   |   |   |   |   |   | 0 | 7 
---|---|---|---|---|---|---|---|---|---
 8 |   |   |   |   |   |   |   |   | 8 
---|---|---|---|---|---|---|---|---|---
   | 1 | 2 | 3 | 4 | 5 | 6 | 7 | 8 |

It took 2 seconds to make this move...


White to move
WEEOOOOEXEEOXXXXXOOOOXOXOEEXOOXOOEEOXOOXOEOOOOOEOEEEEEEEOEEEEEEEE
(1,7)
   | 1 | 2 | 3 | 4 | 5 | 6 | 7 | 8 |
---|---|---|---|---|---|---|---|---|---
 1 |   |   | 0 | 0 | 0 | 0 | 0 | X | 1 
---|---|---|---|---|---|---|---|---|---
 2 |   |   | 0 | X | X | 0 | 0 | X | 2 
---|---|---|---|---|---|---|---|---|---
 3 | 0 | 0 | 0 | 0 | 0 | 0 | 0 | 0 | 3 
---|---|---|---|---|---|---|---|---|---
 4 |   |   | X | 0 | 0 | X | 0 | 0 | 4 
---|---|---|---|---|---|---|---|---|---
 5 |   |   | 0 | X | 0 | 0 | X | 0 | 5 
---|---|---|---|---|---|---|---|---|---
 6 |   | 0 | 0 | 0 | 0 | 0 |   | 0 | 6 
---|---|---|---|---|---|---|---|---|---
 7 |   |   |   |   |   |   |   | 0 | 7 
---|---|---|---|---|---|---|---|---|---
 8 |   |   |   |   |   |   |   |   | 8 
---|---|---|---|---|---|---|---|---|---
   | 1 | 2 | 3 | 4 | 5 | 6 | 7 | 8 |

It took 0 seconds to make this move...


Black to move
BEEOOOOOXEEOXXOOXOOOOOOOOEEXOOXOOEEOXOOXOEOOOOOEOEEEEEEEOEEEEEEEE
(8,8) Depth reached: 6, Nodes searched: 10023
   | 1 | 2 | 3 | 4 | 5 | 6 | 7 | 8 |
---|---|---|---|---|---|---|---|---|---
 1 |   |   | 0 | 0 | 0 | 0 | 0 | X | 1 
---|---|---|---|---|---|---|---|---|---
 2 |   |   | 0 | X | X | 0 | 0 | X | 2 
---|---|---|---|---|---|---|---|---|---
 3 | 0 | 0 | 0 | 0 | 0 | 0 | 0 | X | 3 
---|---|---|---|---|---|---|---|---|---
 4 |   |   | X | 0 | 0 | X | 0 | X | 4 
---|---|---|---|---|---|---|---|---|---
 5 |   |   | 0 | X | 0 | 0 | X | X | 5 
---|---|---|---|---|---|---|---|---|---
 6 |   | 0 | 0 | 0 | 0 | 0 |   | X | 6 
---|---|---|---|---|---|---|---|---|---
 7 |   |   |   |   |   |   |   | X | 7 
---|---|---|---|---|---|---|---|---|---
 8 |   |   |   |   |   |   |   | X | 8 
---|---|---|---|---|---|---|---|---|---
   | 1 | 2 | 3 | 4 | 5 | 6 | 7 | 8 |

It took 2 seconds to make this move...


White to move
WEEOOOOOXEEOXXOOXOOOOOOOXEEXOOXOXEEOXOOXXEOOOOOEXEEEEEEEXEEEEEEEX
(4,2)
   | 1 | 2 | 3 | 4 | 5 | 6 | 7 | 8 |
---|---|---|---|---|---|---|---|---|---
 1 |   |   | 0 | 0 | 0 | 0 | 0 | X | 1 
---|---|---|---|---|---|---|---|---|---
 2 |   |   | 0 | X | X | 0 | 0 | X | 2 
---|---|---|---|---|---|---|---|---|---
 3 | 0 | 0 | 0 | 0 | 0 | 0 | 0 | X | 3 
---|---|---|---|---|---|---|---|---|---
 4 |   | 0 | 0 | 0 | 0 | X | 0 | X | 4 
---|---|---|---|---|---|---|---|---|---
 5 |   |   | 0 | X | 0 | 0 | X | X | 5 
---|---|---|---|---|---|---|---|---|---
 6 |   | 0 | 0 | 0 | 0 | 0 |   | X | 6 
---|---|---|---|---|---|---|---|---|---
 7 |   |   |   |   |   |   |   | X | 7 
---|---|---|---|---|---|---|---|---|---
 8 |   |   |   |   |   |   |   | X | 8 
---|---|---|---|---|---|---|---|---|---
   | 1 | 2 | 3 | 4 | 5 | 6 | 7 | 8 |

It took 0 seconds to make this move...


Black to move
BEEOOOOOXEEOXXOOXOOOOOOOXEOOOOXOXEEOXOOXXEOOOOOEXEEEEEEEXEEEEEEEX
(1,2) Depth reached: 6, Nodes searched: 11865
   | 1 | 2 | 3 | 4 | 5 | 6 | 7 | 8 |
---|---|---|---|---|---|---|---|---|---
 1 |   | X | X | X | X | X | X | X | 1 
---|---|---|---|---|---|---|---|---|---
 2 |   |   | 0 | X | X | 0 | 0 | X | 2 
---|---|---|---|---|---|---|---|---|---
 3 | 0 | 0 | 0 | 0 | 0 | 0 | 0 | X | 3 
---|---|---|---|---|---|---|---|---|---
 4 |   | 0 | 0 | 0 | 0 | X | 0 | X | 4 
---|---|---|---|---|---|---|---|---|---
 5 |   |   | 0 | X | 0 | 0 | X | X | 5 
---|---|---|---|---|---|---|---|---|---
 6 |   | 0 | 0 | 0 | 0 | 0 |   | X | 6 
---|---|---|---|---|---|---|---|---|---
 7 |   |   |   |   |   |   |   | X | 7 
---|---|---|---|---|---|---|---|---|---
 8 |   |   |   |   |   |   |   | X | 8 
---|---|---|---|---|---|---|---|---|---
   | 1 | 2 | 3 | 4 | 5 | 6 | 7 | 8 |

It took 2 seconds to make this move...


White to move
WEXXXXXXXEEOXXOOXOOOOOOOXEOOOOXOXEEOXOOXXEOOOOOEXEEEEEEEXEEEEEEEX
(6,7)
   | 1 | 2 | 3 | 4 | 5 | 6 | 7 | 8 |
---|---|---|---|---|---|---|---|---|---
 1 |   | X | X | X | X | X | X | X | 1 
---|---|---|---|---|---|---|---|---|---
 2 |   |   | 0 | X | X | 0 | 0 | X | 2 
---|---|---|---|---|---|---|---|---|---
 3 | 0 | 0 | 0 | 0 | 0 | 0 | 0 | X | 3 
---|---|---|---|---|---|---|---|---|---
 4 |   | 0 | 0 | 0 | 0 | X | 0 | X | 4 
---|---|---|---|---|---|---|---|---|---
 5 |   |   | 0 | X | 0 | 0 | 0 | X | 5 
---|---|---|---|---|---|---|---|---|---
 6 |   | 0 | 0 | 0 | 0 | 0 | 0 | X | 6 
---|---|---|---|---|---|---|---|---|---
 7 |   |   |   |   |   |   |   | X | 7 
---|---|---|---|---|---|---|---|---|---
 8 |   |   |   |   |   |   |   | X | 8 
---|---|---|---|---|---|---|---|---|---
   | 1 | 2 | 3 | 4 | 5 | 6 | 7 | 8 |

It took 0 seconds to make this move...


Black to move
BEXXXXXXXEEOXXOOXOOOOOOOXEOOOOXOXEEOXOOOXEOOOOOOXEEEEEEEXEEEEEEEX
(7,7) Depth reached: 6, Nodes searched: 14456
   | 1 | 2 | 3 | 4 | 5 | 6 | 7 | 8 |
---|---|---|---|---|---|---|---|---|---
 1 |   | X | X | X | X | X | X | X | 1 
---|---|---|---|---|---|---|---|---|---
 2 |   |   | 0 | X | X | 0 | X | X | 2 
---|---|---|---|---|---|---|---|---|---
 3 | 0 | 0 | 0 | 0 | 0 | 0 | X | X | 3 
---|---|---|---|---|---|---|---|---|---
 4 |   | 0 | 0 | 0 | 0 | X | X | X | 4 
---|---|---|---|---|---|---|---|---|---
 5 |   |   | 0 | X | 0 | 0 | X | X | 5 
---|---|---|---|---|---|---|---|---|---
 6 |   | 0 | 0 | 0 | 0 | 0 | X | X | 6 
---|---|---|---|---|---|---|---|---|---
 7 |   |   |   |   |   |   | X | X | 7 
---|---|---|---|---|---|---|---|---|---
 8 |   |   |   |   |   |   |   | X | 8 
---|---|---|---|---|---|---|---|---|---
   | 1 | 2 | 3 | 4 | 5 | 6 | 7 | 8 |

It took 2 seconds to make this move...


White to move
WEXXXXXXXEEOXXOXXOOOOOOXXEOOOOXXXEEOXOOXXEOOOOOXXEEEEEEXXEEEEEEEX
pass
   | 1 | 2 | 3 | 4 | 5 | 6 | 7 | 8 |
---|---|---|---|---|---|---|---|---|---
 1 |   | X | X | X | X | X | X | X | 1 
---|---|---|---|---|---|---|---|---|---
 2 |   |   | 0 | X | X | 0 | X | X | 2 
---|---|---|---|---|---|---|---|---|---
 3 | 0 | 0 | 0 | 0 | 0 | 0 | X | X | 3 
---|---|---|---|---|---|---|---|---|---
 4 |   | 0 | 0 | 0 | 0 | X | X | X | 4 
---|---|---|---|---|---|---|---|---|---
 5 |   |   | 0 | X | 0 | 0 | X | X | 5 
---|---|---|---|---|---|---|---|---|---
 6 |   | 0 | 0 | 0 | 0 | 0 | X | X | 6 
---|---|---|---|---|---|---|---|---|---
 7 |   |   |   |   |   |   | X | X | 7 
---|---|---|---|---|---|---|---|---|---
 8 |   |   |   |   |   |   |   | X | 8 
---|---|---|---|---|---|---|---|---|---
   | 1 | 2 | 3 | 4 | 5 | 6 | 7 | 8 |

It took 0 seconds to make this move...


Black to move
BEXXXXXXXEEOXXOXXOOOOOOXXEOOOOXXXEEOXOOXXEOOOOOXXEEEEEEXXEEEEEEEX
(7,1) Depth reached: 6, Nodes searched: 15125
   | 1 | 2 | 3 | 4 | 5 | 6 | 7 | 8 |
---|---|---|---|---|---|---|---|---|---
 1 |   | X | X | X | X | X | X | X | 1 
---|---|---|---|---|---|---|---|---|---
 2 |   |   | 0 | X | X | X | X | X | 2 
---|---|---|---|---|---|---|---|---|---
 3 | 0 | 0 | 0 | 0 | X | 0 | X | X | 3 
---|---|---|---|---|---|---|---|---|---
 4 |   | 0 | 0 | X | 0 | X | X | X | 4 
---|---|---|---|---|---|---|---|---|---
 5 |   |   | X | X | 0 | 0 | X | X | 5 
---|---|---|---|---|---|---|---|---|---
 6 |   | X | 0 | 0 | 0 | 0 | X | X | 6 
---|---|---|---|---|---|---|---|---|---
 7 | X |   |   |   |   |   | X | X | 7 
---|---|---|---|---|---|---|---|---|---
 8 |   |   |   |   |   |   |   | X | 8 
---|---|---|---|---|---|---|---|---|---
   | 1 | 2 | 3 | 4 | 5 | 6 | 7 | 8 |

It took 2 seconds to make this move...


White to move
WEXXXXXXXEEOXXXXXOOOOXOXXEOOXOXXXEEXXOOXXEXOOOOXXXEEEEEXXEEEEEEEX
(6,1)
   | 1 | 2 | 3 | 4 | 5 | 6 | 7 | 8 |
---|---|---|---|---|---|---|---|---|---
 1 |   | X | X | X | X | X | X | X | 1 
---|---|---|---|---|---|---|---|---|---
 2 |   |   | 0 | X | X | X | X | X | 2 
---|---|---|---|---|---|---|---|---|---
 3 | 0 | 0 | 0 | 0 | X | 0 | X | X | 3 
---|---|---|---|---|---|---|---|---|---
 4 |   | 0 | 0 | X | 0 | X | X | X | 4 
---|---|---|---|---|---|---|---|---|---
 5 |   |   | X | X | 0 | 0 | X | X | 5 
---|---|---|---|---|---|---|---|---|---
 6 | 0 | 0 | 0 | 0 | 0 | 0 | X | X | 6 
---|---|---|---|---|---|---|---|---|---
 7 | X |   |   |   |   |   | X | X | 7 
---|---|---|---|---|---|---|---|---|---
 8 |   |   |   |   |   |   |   | X | 8 
---|---|---|---|---|---|---|---|---|---
   | 1 | 2 | 3 | 4 | 5 | 6 | 7 | 8 |

It took 0 seconds to make this move...


Black to move
BEXXXXXXXEEOXXXXXOOOOXOXXEOOXOXXXEEXXOOXXOOOOOOXXXEEEEEXXEEEEEEEX
(5,1) Depth reached: 7, Nodes searched: 3696
   | 1 | 2 | 3 | 4 | 5 | 6 | 7 | 8 |
---|---|---|---|---|---|---|---|---|---
 1 |   | X | X | X | X | X | X | X | 1 
---|---|---|---|---|---|---|---|---|---
 2 |   |   | 0 | X | X | X | X | X | 2 
---|---|---|---|---|---|---|---|---|---
 3 | 0 | 0 | X | 0 | X | 0 | X | X | 3 
---|---|---|---|---|---|---|---|---|---
 4 |   | X | 0 | X | 0 | X | X | X | 4 
---|---|---|---|---|---|---|---|---|---
 5 | X |   | X | X | 0 | 0 | X | X | 5 
---|---|---|---|---|---|---|---|---|---
 6 | X | 0 | 0 | 0 | 0 | 0 | X | X | 6 
---|---|---|---|---|---|---|---|---|---
 7 | X |   |   |   |   |   | X | X | 7 
---|---|---|---|---|---|---|---|---|---
 8 |   |   |   |   |   |   |   | X | 8 
---|---|---|---|---|---|---|---|---|---
   | 1 | 2 | 3 | 4 | 5 | 6 | 7 | 8 |

It took 2 seconds to make this move...


White to move
WEXXXXXXXEEOXXXXXOOXOXOXXEXOXOXXXXEXXOOXXXOOOOOXXXEEEEEXXEEEEEEEX
(5,2)
   | 1 | 2 | 3 | 4 | 5 | 6 | 7 | 8 |
---|---|---|---|---|---|---|---|---|---
 1 |   | X | X | X | X | X | X | X | 1 
---|---|---|---|---|---|---|---|---|---
 2 |   |   | 0 | X | X | X | X | X | 2 
---|---|---|---|---|---|---|---|---|---
 3 | 0 | 0 | X | 0 | X | 0 | X | X | 3 
---|---|---|---|---|---|---|---|---|---
 4 |   | 0 | 0 | X | 0 | X | X | X | 4 
---|---|---|---|---|---|---|---|---|---
 5 | X | 0 | 0 | 0 | 0 | 0 | X | X | 5 
---|---|---|---|---|---|---|---|---|---
 6 | X | 0 | 0 | 0 | 0 | 0 | X | X | 6 
---|---|---|---|---|---|---|---|---|---
 7 | X |   |   |   |   |   | X | X | 7 
---|---|---|---|---|---|---|---|---|---
 8 |   |   |   |   |   |   |   | X | 8 
---|---|---|---|---|---|---|---|---|---
   | 1 | 2 | 3 | 4 | 5 | 6 | 7 | 8 |

It took 0 seconds to make this move...


Black to move
BEXXXXXXXEEOXXXXXOOXOXOXXEOOXOXXXXOOOOOXXXOOOOOXXXEEEEEXXEEEEEEEX
(2,2) Depth reached: 7, Nodes searched: 12901
   | 1 | 2 | 3 | 4 | 5 | 6 | 7 | 8 |
---|---|---|---|---|---|---|---|---|---
 1 |   | X | X | X | X | X | X | X | 1 
---|---|---|---|---|---|---|---|---|---
 2 |   | X | X | X | X | X | X | X | 2 
---|---|---|---|---|---|---|---|---|---
 3 | 0 | 0 | X | 0 | X | 0 | X | X | 3 
---|---|---|---|---|---|---|---|---|---
 4 |   | 0 | 0 | X | 0 | X | X | X | 4 
---|---|---|---|---|---|---|---|---|---
 5 | X | 0 | 0 | 0 | 0 | 0 | X | X | 5 
---|---|---|---|---|---|---|---|---|---
 6 | X | 0 | 0 | 0 | 0 | 0 | X | X | 6 
---|---|---|---|---|---|---|---|---|---
 7 | X |   |   |   |   |   | X | X | 7 
---|---|---|---|---|---|---|---|---|---
 8 |   |   |   |   |   |   |   | X | 8 
---|---|---|---|---|---|---|---|---|---
   | 1 | 2 | 3 | 4 | 5 | 6 | 7 | 8 |

It took 2 seconds to make this move...


White to move
WEXXXXXXXEXXXXXXXOOXOXOXXEOOXOXXXXOOOOOXXXOOOOOXXXEEEEEXXEEEEEEEX
(1,1)
   | 1 | 2 | 3 | 4 | 5 | 6 | 7 | 8 |
---|---|---|---|---|---|---|---|---|---
 1 | 0 | X | X | X | X | X | X | X | 1 
---|---|---|---|---|---|---|---|---|---
 2 |   | 0 | X | X | X | X | X | X | 2 
---|---|---|---|---|---|---|---|---|---
 3 | 0 | 0 | 0 | 0 | X | 0 | X | X | 3 
---|---|---|---|---|---|---|---|---|---
 4 |   | 0 | 0 | 0 | 0 | X | X | X | 4 
---|---|---|---|---|---|---|---|---|---
 5 | X | 0 | 0 | 0 | 0 | 0 | X | X | 5 
---|---|---|---|---|---|---|---|---|---
 6 | X | 0 | 0 | 0 | 0 | 0 | X | X | 6 
---|---|---|---|---|---|---|---|---|---
 7 | X |   |   |   |   |   | X | X | 7 
---|---|---|---|---|---|---|---|---|---
 8 |   |   |   |   |   |   |   | X | 8 
---|---|---|---|---|---|---|---|---|---
   | 1 | 2 | 3 | 4 | 5 | 6 | 7 | 8 |

It took 1 seconds to make this move...


Black to move
BOXXXXXXXEOXXXXXXOOOOXOXXEOOOOXXXXOOOOOXXXOOOOOXXXEEEEEXXEEEEEEEX
(7,3) Depth reached: 8, Nodes searched: 16893
   | 1 | 2 | 3 | 4 | 5 | 6 | 7 | 8 |
---|---|---|---|---|---|---|---|---|---
 1 | 0 | X | X | X | X | X | X | X | 1 
---|---|---|---|---|---|---|---|---|---
 2 |   | 0 | X | X | X | X | X | X | 2 
---|---|---|---|---|---|---|---|---|---
 3 | 0 | 0 | X | 0 | X | 0 | X | X | 3 
---|---|---|---|---|---|---|---|---|---
 4 |   | 0 | X | 0 | 0 | X | X | X | 4 
---|---|---|---|---|---|---|---|---|---
 5 | X | 0 | X | 0 | X | 0 | X | X | 5 
---|---|---|---|---|---|---|---|---|---
 6 | X | X | X | X | 0 | 0 | X | X | 6 
---|---|---|---|---|---|---|---|---|---
 7 | X |   | X |   |   |   | X | X | 7 
---|---|---|---|---|---|---|---|---|---
 8 |   |   |   |   |   |   |   | X | 8 
---|---|---|---|---|---|---|---|---|---
   | 1 | 2 | 3 | 4 | 5 | 6 | 7 | 8 |

It took 1 seconds to make this move...


White to move
WOXXXXXXXEOXXXXXXOOXOXOXXEOXOOXXXXOXOXOXXXXXXOOXXXEXEEEXXEEEEEEEX
(7,4)
   | 1 | 2 | 3 | 4 | 5 | 6 | 7 | 8 |
---|---|---|---|---|---|---|---|---|---
 1 | 0 | X | X | X | X | X | X | X | 1 
---|---|---|---|---|---|---|---|---|---
 2 |   | 0 | X | X | X | X | X | X | 2 
---|---|---|---|---|---|---|---|---|---
 3 | 0 | 0 | X | 0 | X | 0 | X | X | 3 
---|---|---|---|---|---|---|---|---|---
 4 |   | 0 | X | 0 | 0 | X | X | X | 4 
---|---|---|---|---|---|---|---|---|---
 5 | X | 0 | X | 0 | X | 0 | X | X | 5 
---|---|---|---|---|---|---|---|---|---
 6 | X | X | 0 | 0 | 0 | 0 | X | X | 6 
---|---|---|---|---|---|---|---|---|---
 7 | X |   | X | 0 |   |   | X | X | 7 
---|---|---|---|---|---|---|---|---|---
 8 |   |   |   |   |   |   |   | X | 8 
---|---|---|---|---|---|---|---|---|---
   | 1 | 2 | 3 | 4 | 5 | 6 | 7 | 8 |

It took 0 seconds to make this move...


Black to move
BOXXXXXXXEOXXXXXXOOXOXOXXEOXOOXXXXOXOXOXXXXOOOOXXXEXOEEXXEEEEEEEX
(2,1) Depth reached: 8, Nodes searched: 12062
   | 1 | 2 | 3 | 4 | 5 | 6 | 7 | 8 |
---|---|---|---|---|---|---|---|---|---
 1 | 0 | X | X | X | X | X | X | X | 1 
---|---|---|---|---|---|---|---|---|---
 2 | X | X | X | X | X | X | X | X | 2 
---|---|---|---|---|---|---|---|---|---
 3 | 0 | X | X | 0 | X | 0 | X | X | 3 
---|---|---|---|---|---|---|---|---|---
 4 |   | 0 | X | 0 | 0 | X | X | X | 4 
---|---|---|---|---|---|---|---|---|---
 5 | X | 0 | X | 0 | X | 0 | X | X | 5 
---|---|---|---|---|---|---|---|---|---
 6 | X | X | 0 | 0 | 0 | 0 | X | X | 6 
---|---|---|---|---|---|---|---|---|---
 7 | X |   | X | 0 |   |   | X | X | 7 
---|---|---|---|---|---|---|---|---|---
 8 |   |   |   |   |   |   |   | X | 8 
---|---|---|---|---|---|---|---|---|---
   | 1 | 2 | 3 | 4 | 5 | 6 | 7 | 8 |

It took 2 seconds to make this move...


White to move
WOXXXXXXXXXXXXXXXOXXOXOXXEOXOOXXXXOXOXOXXXXOOOOXXXEXOEEXXEEEEEEEX
(8,2)
   | 1 | 2 | 3 | 4 | 5 | 6 | 7 | 8 |
---|---|---|---|---|---|---|---|---|---
 1 | 0 | X | X | X | X | X | X | X | 1 
---|---|---|---|---|---|---|---|---|---
 2 | X | X | X | X | X | X | X | X | 2 
---|---|---|---|---|---|---|---|---|---
 3 | 0 | X | X | 0 | X | 0 | X | X | 3 
---|---|---|---|---|---|---|---|---|---
 4 |   | 0 | X | 0 | 0 | X | X | X | 4 
---|---|---|---|---|---|---|---|---|---
 5 | X | 0 | X | 0 | X | 0 | X | X | 5 
---|---|---|---|---|---|---|---|---|---
 6 | X | X | 0 | 0 | 0 | 0 | X | X | 6 
---|---|---|---|---|---|---|---|---|---
 7 | X |   | 0 | 0 |   |   | X | X | 7 
---|---|---|---|---|---|---|---|---|---
 8 |   | 0 |   |   |   |   |   | X | 8 
---|---|---|---|---|---|---|---|---|---
   | 1 | 2 | 3 | 4 | 5 | 6 | 7 | 8 |

It took 0 seconds to make this move...


Black to move
BOXXXXXXXXXXXXXXXOXXOXOXXEOXOOXXXXOXOXOXXXXOOOOXXXEOOEEXXEOEEEEEX
(7,5) Depth reached: 11, Nodes searched: 4629
   | 1 | 2 | 3 | 4 | 5 | 6 | 7 | 8 |
---|---|---|---|---|---|---|---|---|---
 1 | 0 | X | X | X | X | X | X | X | 1 
---|---|---|---|---|---|---|---|---|---
 2 | X | X | X | X | X | X | X | X | 2 
---|---|---|---|---|---|---|---|---|---
 3 | 0 | X | X | 0 | X | 0 | X | X | 3 
---|---|---|---|---|---|---|---|---|---
 4 |   | 0 | X | 0 | 0 | X | X | X | 4 
---|---|---|---|---|---|---|---|---|---
 5 | X | 0 | X | 0 | X | 0 | X | X | 5 
---|---|---|---|---|---|---|---|---|---
 6 | X | X | 0 | X | X | X | X | X | 6 
---|---|---|---|---|---|---|---|---|---
 7 | X |   | 0 | 0 | X |   | X | X | 7 
---|---|---|---|---|---|---|---|---|---
 8 |   | 0 |   |   |   |   |   | X | 8 
---|---|---|---|---|---|---|---|---|---
   | 1 | 2 | 3 | 4 | 5 | 6 | 7 | 8 |

It took 2 seconds to make this move...


White to move
WOXXXXXXXXXXXXXXXOXXOXOXXEOXOOXXXXOXOXOXXXXOXXXXXXEOOXEXXEOEEEEEX
(7,6)
   | 1 | 2 | 3 | 4 | 5 | 6 | 7 | 8 |
---|---|---|---|---|---|---|---|---|---
 1 | 0 | X | X | X | X | X | X | X | 1 
---|---|---|---|---|---|---|---|---|---
 2 | X | X | X | X | X | X | X | X | 2 
---|---|---|---|---|---|---|---|---|---
 3 | 0 | X | X | 0 | X | 0 | X | X | 3 
---|---|---|---|---|---|---|---|---|---
 4 |   | 0 | X | 0 | 0 | X | X | X | 4 
---|---|---|---|---|---|---|---|---|---
 5 | X | 0 | X | 0 | X | 0 | X | X | 5 
---|---|---|---|---|---|---|---|---|---
 6 | X | X | 0 | X | 0 | 0 | X | X | 6 
---|---|---|---|---|---|---|---|---|---
 7 | X |   | 0 | 0 | 0 | 0 | X | X | 7 
---|---|---|---|---|---|---|---|---|---
 8 |   | 0 |   |   |   |   |   | X | 8 
---|---|---|---|---|---|---|---|---|---
   | 1 | 2 | 3 | 4 | 5 | 6 | 7 | 8 |

It took 0 seconds to make this move...


Black to move
BOXXXXXXXXXXXXXXXOXXOXOXXEOXOOXXXXOXOXOXXXXOXOOXXXEOOOOXXEOEEEEEX
(8,3) Depth reached: 26, Nodes searched: 272
   | 1 | 2 | 3 | 4 | 5 | 6 | 7 | 8 |
---|---|---|---|---|---|---|---|---|---
 1 | 0 | X | X | X | X | X | X | X | 1 
---|---|---|---|---|---|---|---|---|---
 2 | X | X | X | X | X | X | X | X | 2 
---|---|---|---|---|---|---|---|---|---
 3 | 0 | X | X | 0 | X | 0 | X | X | 3 
---|---|---|---|---|---|---|---|---|---
 4 |   | 0 | X | 0 | 0 | X | X | X | 4 
---|---|---|---|---|---|---|---|---|---
 5 | X | 0 | X | 0 | X | X | X | X | 5 
---|---|---|---|---|---|---|---|---|---
 6 | X | X | X | X | X | 0 | X | X | 6 
---|---|---|---|---|---|---|---|---|---
 7 | X |   | X | X | 0 | 0 | X | X | 7 
---|---|---|---|---|---|---|---|---|---
 8 |   | 0 | X |   |   |   |   | X | 8 
---|---|---|---|---|---|---|---|---|---
   | 1 | 2 | 3 | 4 | 5 | 6 | 7 | 8 |

It took 2 seconds to make this move...


White to move
WOXXXXXXXXXXXXXXXOXXOXOXXEOXOOXXXXOXOXXXXXXXXXOXXXEXXOOXXEOXEEEEX
(7,2)
   | 1 | 2 | 3 | 4 | 5 | 6 | 7 | 8 |
---|---|---|---|---|---|---|---|---|---
 1 | 0 | X | X | X | X | X | X | X | 1 
---|---|---|---|---|---|---|---|---|---
 2 | X | X | X | X | X | X | X | X | 2 
---|---|---|---|---|---|---|---|---|---
 3 | 0 | X | X | 0 | X | 0 | X | X | 3 
---|---|---|---|---|---|---|---|---|---
 4 |   | 0 | X | 0 | 0 | X | X | X | 4 
---|---|---|---|---|---|---|---|---|---
 5 | X | 0 | X | 0 | X | X | X | X | 5 
---|---|---|---|---|---|---|---|---|---
 6 | X | 0 | 0 | X | X | 0 | X | X | 6 
---|---|---|---|---|---|---|---|---|---
 7 | X | 0 | 0 | 0 | 0 | 0 | X | X | 7 
---|---|---|---|---|---|---|---|---|---
 8 |   | 0 | X |   |   |   |   | X | 8 
---|---|---|---|---|---|---|---|---|---
   | 1 | 2 | 3 | 4 | 5 | 6 | 7 | 8 |

It took 0 seconds to make this move...


Black to move
BOXXXXXXXXXXXXXXXOXXOXOXXEOXOOXXXXOXOXXXXXOOXXOXXXOOOOOXXEOXEEEEX
(8,7) Depth reached: 47, Nodes searched: 220
   | 1 | 2 | 3 | 4 | 5 | 6 | 7 | 8 |
---|---|---|---|---|---|---|---|---|---
 1 | 0 | X | X | X | X | X | X | X | 1 
---|---|---|---|---|---|---|---|---|---
 2 | X | X | X | X | X | X | X | X | 2 
---|---|---|---|---|---|---|---|---|---
 3 | 0 | X | X | 0 | X | 0 | X | X | 3 
---|---|---|---|---|---|---|---|---|---
 4 |   | 0 | X | 0 | 0 | X | X | X | 4 
---|---|---|---|---|---|---|---|---|---
 5 | X | 0 | X | 0 | X | X | X | X | 5 
---|---|---|---|---|---|---|---|---|---
 6 | X | 0 | 0 | X | X | 0 | X | X | 6 
---|---|---|---|---|---|---|---|---|---
 7 | X | 0 | 0 | 0 | 0 | X | X | X | 7 
---|---|---|---|---|---|---|---|---|---
 8 |   | 0 | X |   |   |   | X | X | 8 
---|---|---|---|---|---|---|---|---|---
   | 1 | 2 | 3 | 4 | 5 | 6 | 7 | 8 |

It took 2 seconds to make this move...


White to move
WOXXXXXXXXXXXXXXXOXXOXOXXEOXOOXXXXOXOXXXXXOOXXOXXXOOOOXXXEOXEEEXX
(8,6)
   | 1 | 2 | 3 | 4 | 5 | 6 | 7 | 8 |
---|---|---|---|---|---|---|---|---|---
 1 | 0 | X | X | X | X | X | X | X | 1 
---|---|---|---|---|---|---|---|---|---
 2 | X | X | X | X | X | X | X | X | 2 
---|---|---|---|---|---|---|---|---|---
 3 | 0 | X | X | 0 | X | 0 | X | X | 3 
---|---|---|---|---|---|---|---|---|---
 4 |   | 0 | X | 0 | 0 | X | X | X | 4 
---|---|---|---|---|---|---|---|---|---
 5 | X | 0 | X | 0 | X | X | X | X | 5 
---|---|---|---|---|---|---|---|---|---
 6 | X | 0 | 0 | X | X | 0 | X | X | 6 
---|---|---|---|---|---|---|---|---|---
 7 | X | 0 | 0 | 0 | 0 | 0 | X | X | 7 
---|---|---|---|---|---|---|---|---|---
 8 |   | 0 | X |   |   | 0 | X | X | 8 
---|---|---|---|---|---|---|---|---|---
   | 1 | 2 | 3 | 4 | 5 | 6 | 7 | 8 |

It took 0 seconds to make this move...


Black to move
BOXXXXXXXXXXXXXXXOXXOXOXXEOXOOXXXXOXOXXXXXOOXXOXXXOOOOOXXEOXEEOXX
(8,1) Depth reached: 132, Nodes searched: 308
   | 1 | 2 | 3 | 4 | 5 | 6 | 7 | 8 |
---|---|---|---|---|---|---|---|---|---
 1 | 0 | X | X | X | X | X | X | X | 1 
---|---|---|---|---|---|---|---|---|---
 2 | X | X | X | X | X | X | X | X | 2 
---|---|---|---|---|---|---|---|---|---
 3 | 0 | X | X | 0 | X | X | X | X | 3 
---|---|---|---|---|---|---|---|---|---
 4 |   | 0 | X | 0 | X | X | X | X | 4 
---|---|---|---|---|---|---|---|---|---
 5 | X | 0 | X | X | X | X | X | X | 5 
---|---|---|---|---|---|---|---|---|---
 6 | X | 0 | X | X | X | 0 | X | X | 6 
---|---|---|---|---|---|---|---|---|---
 7 | X | X | 0 | 0 | 0 | 0 | X | X | 7 
---|---|---|---|---|---|---|---|---|---
 8 | X | X | X |   |   | 0 | X | X | 8 
---|---|---|---|---|---|---|---|---|---
   | 1 | 2 | 3 | 4 | 5 | 6 | 7 | 8 |

It took 2 seconds to make this move...


White to move
WOXXXXXXXXXXXXXXXOXXOXXXXEOXOXXXXXOXXXXXXXOXXXOXXXXOOOOXXXXXEEOXX
pass
   | 1 | 2 | 3 | 4 | 5 | 6 | 7 | 8 |
---|---|---|---|---|---|---|---|---|---
 1 | 0 | X | X | X | X | X | X | X | 1 
---|---|---|---|---|---|---|---|---|---
 2 | X | X | X | X | X | X | X | X | 2 
---|---|---|---|---|---|---|---|---|---
 3 | 0 | X | X | 0 | X | X | X | X | 3 
---|---|---|---|---|---|---|---|---|---
 4 |   | 0 | X | 0 | X | X | X | X | 4 
---|---|---|---|---|---|---|---|---|---
 5 | X | 0 | X | X | X | X | X | X | 5 
---|---|---|---|---|---|---|---|---|---
 6 | X | 0 | X | X | X | 0 | X | X | 6 
---|---|---|---|---|---|---|---|---|---
 7 | X | X | 0 | 0 | 0 | 0 | X | X | 7 
---|---|---|---|---|---|---|---|---|---
 8 | X | X | X |   |   | 0 | X | X | 8 
---|---|---|---|---|---|---|---|---|---
   | 1 | 2 | 3 | 4 | 5 | 6 | 7 | 8 |

It took 0 seconds to make this move...


Black to move
BOXXXXXXXXXXXXXXXOXXOXXXXEOXOXXXXXOXXXXXXXOXXXOXXXXOOOOXXXXXEEOXX
(4,1) Depth reached: 213, Nodes searched: 413
   | 1 | 2 | 3 | 4 | 5 | 6 | 7 | 8 |
---|---|---|---|---|---|---|---|---|---
 1 | 0 | X | X | X | X | X | X | X | 1 
---|---|---|---|---|---|---|---|---|---
 2 | X | X | X | X | X | X | X | X | 2 
---|---|---|---|---|---|---|---|---|---
 3 | X | X | X | 0 | X | X | X | X | 3 
---|---|---|---|---|---|---|---|---|---
 4 | X | X | X | 0 | X | X | X | X | 4 
---|---|---|---|---|---|---|---|---|---
 5 | X | X | X | X | X | X | X | X | 5 
---|---|---|---|---|---|---|---|---|---
 6 | X | 0 | X | X | X | 0 | X | X | 6 
---|---|---|---|---|---|---|---|---|---
 7 | X | X | 0 | 0 | 0 | 0 | X | X | 7 
---|---|---|---|---|---|---|---|---|---
 8 | X | X | X |   |   | 0 | X | X | 8 
---|---|---|---|---|---|---|---|---|---
   | 1 | 2 | 3 | 4 | 5 | 6 | 7 | 8 |

It took 2 seconds to make this move...


White to move
WOXXXXXXXXXXXXXXXXXXOXXXXXXXOXXXXXXXXXXXXXOXXXOXXXXOOOOXXXXXEEOXX
pass
   | 1 | 2 | 3 | 4 | 5 | 6 | 7 | 8 |
---|---|---|---|---|---|---|---|---|---
 1 | 0 | X | X | X | X | X | X | X | 1 
---|---|---|---|---|---|---|---|---|---
 2 | X | X | X | X | X | X | X | X | 2 
---|---|---|---|---|---|---|---|---|---
 3 | X | X | X | 0 | X | X | X | X | 3 
---|---|---|---|---|---|---|---|---|---
 4 | X | X | X | 0 | X | X | X | X | 4 
---|---|---|---|---|---|---|---|---|---
 5 | X | X | X | X | X | X | X | X | 5 
---|---|---|---|---|---|---|---|---|---
 6 | X | 0 | X | X | X | 0 | X | X | 6 
---|---|---|---|---|---|---|---|---|---
 7 | X | X | 0 | 0 | 0 | 0 | X | X | 7 
---|---|---|---|---|---|---|---|---|---
 8 | X | X | X |   |   | 0 | X | X | 8 
---|---|---|---|---|---|---|---|---|---
   | 1 | 2 | 3 | 4 | 5 | 6 | 7 | 8 |

It took 0 seconds to make this move...


Black to move
BOXXXXXXXXXXXXXXXXXXOXXXXXXXOXXXXXXXXXXXXXOXXXOXXXXOOOOXXXXXEEOXX
(8,5) Depth reached: 299, Nodes searched: 155
   | 1 | 2 | 3 | 4 | 5 | 6 | 7 | 8 |
---|---|---|---|---|---|---|---|---|---
 1 | 0 | X | X | X | X | X | X | X | 1 
---|---|---|---|---|---|---|---|---|---
 2 | X | X | X | X | X | X | X | X | 2 
---|---|---|---|---|---|---|---|---|---
 3 | X | X | X | 0 | X | X | X | X | 3 
---|---|---|---|---|---|---|---|---|---
 4 | X | X | X | 0 | X | X | X | X | 4 
---|---|---|---|---|---|---|---|---|---
 5 | X | X | X | X | X | X | X | X | 5 
---|---|---|---|---|---|---|---|---|---
 6 | X | 0 | X | X | X | 0 | X | X | 6 
---|---|---|---|---|---|---|---|---|---
 7 | X | X | 0 | X | X | X | X | X | 7 
---|---|---|---|---|---|---|---|---|---
 8 | X | X | X |   | X | X | X | X | 8 
---|---|---|---|---|---|---|---|---|---
   | 1 | 2 | 3 | 4 | 5 | 6 | 7 | 8 |

It took 2 seconds to make this move...


White to move
WOXXXXXXXXXXXXXXXXXXOXXXXXXXOXXXXXXXXXXXXXOXXXOXXXXOXXXXXXXXEXXXX
(8,4)
   | 1 | 2 | 3 | 4 | 5 | 6 | 7 | 8 |
---|---|---|---|---|---|---|---|---|---
 1 | 0 | X | X | X | X | X | X | X | 1 
---|---|---|---|---|---|---|---|---|---
 2 | X | X | X | X | X | X | X | X | 2 
---|---|---|---|---|---|---|---|---|---
 3 | X | X | X | 0 | X | X | X | X | 3 
---|---|---|---|---|---|---|---|---|---
 4 | X | X | X | 0 | X | X | X | X | 4 
---|---|---|---|---|---|---|---|---|---
 5 | X | X | X | 0 | X | X | X | X | 5 
---|---|---|---|---|---|---|---|---|---
 6 | X | 0 | X | 0 | X | 0 | X | X | 6 
---|---|---|---|---|---|---|---|---|---
 7 | X | X | 0 | 0 | 0 | X | X | X | 7 
---|---|---|---|---|---|---|---|---|---
 8 | X | X | X | 0 | X | X | X | X | 8 
---|---|---|---|---|---|---|---|---|---
   | 1 | 2 | 3 | 4 | 5 | 6 | 7 | 8 |

It took 0 seconds to make this move...


Black to move
BOXXXXXXXXXXXXXXXXXXOXXXXXXXOXXXXXXXOXXXXXOXOXOXXXXOOOXXXXXXOXXXX
pass
   | 1 | 2 | 3 | 4 | 5 | 6 | 7 | 8 |
---|---|---|---|---|---|---|---|---|---
 1 | 0 | X | X | X | X | X | X | X | 1 
---|---|---|---|---|---|---|---|---|---
 2 | X | X | X | X | X | X | X | X | 2 
---|---|---|---|---|---|---|---|---|---
 3 | X | X | X | 0 | X | X | X | X | 3 
---|---|---|---|---|---|---|---|---|---
 4 | X | X | X | 0 | X | X | X | X | 4 
---|---|---|---|---|---|---|---|---|---
 5 | X | X | X | 0 | X | X | X | X | 5 
---|---|---|---|---|---|---|---|---|---
 6 | X | 0 | X | 0 | X | 0 | X | X | 6 
---|---|---|---|---|---|---|---|---|---
 7 | X | X | 0 | 0 | 0 | X | X | X | 7 
---|---|---|---|---|---|---|---|---|---
 8 | X | X | X | 0 | X | X | X | X | 8 
---|---|---|---|---|---|---|---|---|---
   | 1 | 2 | 3 | 4 | 5 | 6 | 7 | 8 |

It took 2 seconds to make this move...


White to move
WOXXXXXXXXXXXXXXXXXXOXXXXXXXOXXXXXXXOXXXXXOXOXOXXXXOOOXXXXXXOXXXX
pass
   | 1 | 2 | 3 | 4 | 5 | 6 | 7 | 8 |
---|---|---|---|---|---|---|---|---|---
 1 | 0 | X | X | X | X | X | X | X | 1 
---|---|---|---|---|---|---|---|---|---
 2 | X | X | X | X | X | X | X | X | 2 
---|---|---|---|---|---|---|---|---|---
 3 | X | X | X | 0 | X | X | X | X | 3 
---|---|---|---|---|---|---|---|---|---
 4 | X | X | X | 0 | X | X | X | X | 4 
---|---|---|---|---|---|---|---|---|---
 5 | X | X | X | 0 | X | X | X | X | 5 
---|---|---|---|---|---|---|---|---|---
 6 | X | 0 | X | 0 | X | 0 | X | X | 6 
---|---|---|---|---|---|---|---|---|---
 7 | X | X | 0 | 0 | 0 | X | X | X | 7 
---|---|---|---|---|---|---|---|---|---
 8 | X | X | X | 0 | X | X | X | X | 8 
---|---|---|---|---|---|---|---|---|---
   | 1 | 2 | 3 | 4 | 5 | 6 | 7 | 8 |

It took 0 seconds to make this move...
***************************************
Results for ./othello_naive.sh vs. ../Python/othello.sh:
Black won with 42 points
Average time for white: 0.2 s (max: 1 s)
Average time for black: 1.9 s (max: 2 s)
***************************************
