   | 1 | 2 | 3 | 4 | 5 | 6 | 7 | 8 |
---|---|---|---|---|---|---|---|---|---
 1 |   |   |   |   |   |   |   |   | 1 
---|---|---|---|---|---|---|---|---|---
 2 |   |   |   |   |   |   |   |   | 2 
---|---|---|---|---|---|---|---|---|---
 3 |   |   |   |   |   |   |   |   | 3 
---|---|---|---|---|---|---|---|---|---
 4 |   |   |   | 0 | X |   |   |   | 4 
---|---|---|---|---|---|---|---|---|---
 5 |   |   |   | X | 0 |   |   |   | 5 
---|---|---|---|---|---|---|---|---|---
 6 |   |   |   |   |   |   |   |   | 6 
---|---|---|---|---|---|---|---|---|---
 7 |   |   |   |   |   |   |   |   | 7 
---|---|---|---|---|---|---|---|---|---
 8 |   |   |   |   |   |   |   |   | 8 
---|---|---|---|---|---|---|---|---|---
   | 1 | 2 | 3 | 4 | 5 | 6 | 7 | 8 |



White to move
WEEEEEEEEEEEEEEEEEEEEEEEEEEEOXEEEEEEXOEEEEEEEEEEEEEEEEEEEEEEEEEEE
(3,5) Depth reached: 7, Nodes searched: 4212
   | 1 | 2 | 3 | 4 | 5 | 6 | 7 | 8 |
---|---|---|---|---|---|---|---|---|---
 1 |   |   |   |   |   |   |   |   | 1 
---|---|---|---|---|---|---|---|---|---
 2 |   |   |   |   |   |   |   |   | 2 
---|---|---|---|---|---|---|---|---|---
 3 |   |   |   |   | 0 |   |   |   | 3 
---|---|---|---|---|---|---|---|---|---
 4 |   |   |   | 0 | 0 |   |   |   | 4 
---|---|---|---|---|---|---|---|---|---
 5 |   |   |   | X | 0 |   |   |   | 5 
---|---|---|---|---|---|---|---|---|---
 6 |   |   |   |   |   |   |   |   | 6 
---|---|---|---|---|---|---|---|---|---
 7 |   |   |   |   |   |   |   |   | 7 
---|---|---|---|---|---|---|---|---|---
 8 |   |   |   |   |   |   |   |   | 8 
---|---|---|---|---|---|---|---|---|---
   | 1 | 2 | 3 | 4 | 5 | 6 | 7 | 8 |

It took 2 seconds to make this move...


Black to move
BEEEEEEEEEEEEEEEEEEEEOEEEEEEOOEEEEEEXOEEEEEEEEEEEEEEEEEEEEEEEEEEE
(3,4)
   | 1 | 2 | 3 | 4 | 5 | 6 | 7 | 8 |
---|---|---|---|---|---|---|---|---|---
 1 |   |   |   |   |   |   |   |   | 1 
---|---|---|---|---|---|---|---|---|---
 2 |   |   |   |   |   |   |   |   | 2 
---|---|---|---|---|---|---|---|---|---
 3 |   |   |   | X | 0 |   |   |   | 3 
---|---|---|---|---|---|---|---|---|---
 4 |   |   |   | X | 0 |   |   |   | 4 
---|---|---|---|---|---|---|---|---|---
 5 |   |   |   | X | 0 |   |   |   | 5 
---|---|---|---|---|---|---|---|---|---
 6 |   |   |   |   |   |   |   |   | 6 
---|---|---|---|---|---|---|---|---|---
 7 |   |   |   |   |   |   |   |   | 7 
---|---|---|---|---|---|---|---|---|---
 8 |   |   |   |   |   |   |   |   | 8 
---|---|---|---|---|---|---|---|---|---
   | 1 | 2 | 3 | 4 | 5 | 6 | 7 | 8 |

It took 1 seconds to make this move...


White to move
WEEEEEEEEEEEEEEEEEEEXOEEEEEEXOEEEEEEXOEEEEEEEEEEEEEEEEEEEEEEEEEEE
(4,3) Depth reached: 7, Nodes searched: 1690
   | 1 | 2 | 3 | 4 | 5 | 6 | 7 | 8 |
---|---|---|---|---|---|---|---|---|---
 1 |   |   |   |   |   |   |   |   | 1 
---|---|---|---|---|---|---|---|---|---
 2 |   |   |   |   |   |   |   |   | 2 
---|---|---|---|---|---|---|---|---|---
 3 |   |   |   | X | 0 |   |   |   | 3 
---|---|---|---|---|---|---|---|---|---
 4 |   |   | 0 | 0 | 0 |   |   |   | 4 
---|---|---|---|---|---|---|---|---|---
 5 |   |   |   | X | 0 |   |   |   | 5 
---|---|---|---|---|---|---|---|---|---
 6 |   |   |   |   |   |   |   |   | 6 
---|---|---|---|---|---|---|---|---|---
 7 |   |   |   |   |   |   |   |   | 7 
---|---|---|---|---|---|---|---|---|---
 8 |   |   |   |   |   |   |   |   | 8 
---|---|---|---|---|---|---|---|---|---
   | 1 | 2 | 3 | 4 | 5 | 6 | 7 | 8 |

It took 2 seconds to make this move...


Black to move
BEEEEEEEEEEEEEEEEEEEXOEEEEEOOOEEEEEEXOEEEEEEEEEEEEEEEEEEEEEEEEEEE
(3,2)
   | 1 | 2 | 3 | 4 | 5 | 6 | 7 | 8 |
---|---|---|---|---|---|---|---|---|---
 1 |   |   |   |   |   |   |   |   | 1 
---|---|---|---|---|---|---|---|---|---
 2 |   |   |   |   |   |   |   |   | 2 
---|---|---|---|---|---|---|---|---|---
 3 |   | X |   | X | 0 |   |   |   | 3 
---|---|---|---|---|---|---|---|---|---
 4 |   |   | X | 0 | 0 |   |   |   | 4 
---|---|---|---|---|---|---|---|---|---
 5 |   |   |   | X | 0 |   |   |   | 5 
---|---|---|---|---|---|---|---|---|---
 6 |   |   |   |   |   |   |   |   | 6 
---|---|---|---|---|---|---|---|---|---
 7 |   |   |   |   |   |   |   |   | 7 
---|---|---|---|---|---|---|---|---|---
 8 |   |   |   |   |   |   |   |   | 8 
---|---|---|---|---|---|---|---|---|---
   | 1 | 2 | 3 | 4 | 5 | 6 | 7 | 8 |

It took 0 seconds to make this move...


White to move
WEEEEEEEEEEEEEEEEEXEXOEEEEEXOOEEEEEEXOEEEEEEEEEEEEEEEEEEEEEEEEEEE
(4,2) Depth reached: 5, Nodes searched: 7670
   | 1 | 2 | 3 | 4 | 5 | 6 | 7 | 8 |
---|---|---|---|---|---|---|---|---|---
 1 |   |   |   |   |   |   |   |   | 1 
---|---|---|---|---|---|---|---|---|---
 2 |   |   |   |   |   |   |   |   | 2 
---|---|---|---|---|---|---|---|---|---
 3 |   | X |   | X | 0 |   |   |   | 3 
---|---|---|---|---|---|---|---|---|---
 4 |   | 0 | 0 | 0 | 0 |   |   |   | 4 
---|---|---|---|---|---|---|---|---|---
 5 |   |   |   | X | 0 |   |   |   | 5 
---|---|---|---|---|---|---|---|---|---
 6 |   |   |   |   |   |   |   |   | 6 
---|---|---|---|---|---|---|---|---|---
 7 |   |   |   |   |   |   |   |   | 7 
---|---|---|---|---|---|---|---|---|---
 8 |   |   |   |   |   |   |   |   | 8 
---|---|---|---|---|---|---|---|---|---
   | 1 | 2 | 3 | 4 | 5 | 6 | 7 | 8 |

It took 2 seconds to make this move...


Black to move
BEEEEEEEEEEEEEEEEEXEXOEEEEOOOOEEEEEEXOEEEEEEEEEEEEEEEEEEEEEEEEEEE
(5,6)
   | 1 | 2 | 3 | 4 | 5 | 6 | 7 | 8 |
---|---|---|---|---|---|---|---|---|---
 1 |   |   |   |   |   |   |   |   | 1 
---|---|---|---|---|---|---|---|---|---
 2 |   |   |   |   |   |   |   |   | 2 
---|---|---|---|---|---|---|---|---|---
 3 |   | X |   | X | 0 |   |   |   | 3 
---|---|---|---|---|---|---|---|---|---
 4 |   | 0 | 0 | 0 | X |   |   |   | 4 
---|---|---|---|---|---|---|---|---|---
 5 |   |   |   | X | X | X |   |   | 5 
---|---|---|---|---|---|---|---|---|---
 6 |   |   |   |   |   |   |   |   | 6 
---|---|---|---|---|---|---|---|---|---
 7 |   |   |   |   |   |   |   |   | 7 
---|---|---|---|---|---|---|---|---|---
 8 |   |   |   |   |   |   |   |   | 8 
---|---|---|---|---|---|---|---|---|---
   | 1 | 2 | 3 | 4 | 5 | 6 | 7 | 8 |

It took 0 seconds to make this move...


White to move
WEEEEEEEEEEEEEEEEEXEXOEEEEOOOXEEEEEEXXXEEEEEEEEEEEEEEEEEEEEEEEEEE
(3,3) Depth reached: 5, Nodes searched: 6708
   | 1 | 2 | 3 | 4 | 5 | 6 | 7 | 8 |
---|---|---|---|---|---|---|---|---|---
 1 |   |   |   |   |   |   |   |   | 1 
---|---|---|---|---|---|---|---|---|---
 2 |   |   |   |   |   |   |   |   | 2 
---|---|---|---|---|---|---|---|---|---
 3 |   | X | 0 | 0 | 0 |   |   |   | 3 
---|---|---|---|---|---|---|---|---|---
 4 |   | 0 | 0 | 0 | X |   |   |   | 4 
---|---|---|---|---|---|---|---|---|---
 5 |   |   |   | X | X | X |   |   | 5 
---|---|---|---|---|---|---|---|---|---
 6 |   |   |   |   |   |   |   |   | 6 
---|---|---|---|---|---|---|---|---|---
 7 |   |   |   |   |   |   |   |   | 7 
---|---|---|---|---|---|---|---|---|---
 8 |   |   |   |   |   |   |   |   | 8 
---|---|---|---|---|---|---|---|---|---
   | 1 | 2 | 3 | 4 | 5 | 6 | 7 | 8 |

It took 2 seconds to make this move...


Black to move
BEEEEEEEEEEEEEEEEEXOOOEEEEOOOXEEEEEEXXXEEEEEEEEEEEEEEEEEEEEEEEEEE
(4,1)
   | 1 | 2 | 3 | 4 | 5 | 6 | 7 | 8 |
---|---|---|---|---|---|---|---|---|---
 1 |   |   |   |   |   |   |   |   | 1 
---|---|---|---|---|---|---|---|---|---
 2 |   |   |   |   |   |   |   |   | 2 
---|---|---|---|---|---|---|---|---|---
 3 |   | X | 0 | 0 | 0 |   |   |   | 3 
---|---|---|---|---|---|---|---|---|---
 4 | X | X | X | X | X |   |   |   | 4 
---|---|---|---|---|---|---|---|---|---
 5 |   |   |   | X | X | X |   |   | 5 
---|---|---|---|---|---|---|---|---|---
 6 |   |   |   |   |   |   |   |   | 6 
---|---|---|---|---|---|---|---|---|---
 7 |   |   |   |   |   |   |   |   | 7 
---|---|---|---|---|---|---|---|---|---
 8 |   |   |   |   |   |   |   |   | 8 
---|---|---|---|---|---|---|---|---|---
   | 1 | 2 | 3 | 4 | 5 | 6 | 7 | 8 |

It took 0 seconds to make this move...


White to move
WEEEEEEEEEEEEEEEEEXOOOEEEXXXXXEEEEEEXXXEEEEEEEEEEEEEEEEEEEEEEEEEE
(5,1) Depth reached: 6, Nodes searched: 1835
   | 1 | 2 | 3 | 4 | 5 | 6 | 7 | 8 |
---|---|---|---|---|---|---|---|---|---
 1 |   |   |   |   |   |   |   |   | 1 
---|---|---|---|---|---|---|---|---|---
 2 |   |   |   |   |   |   |   |   | 2 
---|---|---|---|---|---|---|---|---|---
 3 |   | X | 0 | 0 | 0 |   |   |   | 3 
---|---|---|---|---|---|---|---|---|---
 4 | X | 0 | X | X | X |   |   |   | 4 
---|---|---|---|---|---|---|---|---|---
 5 | 0 |   |   | X | X | X |   |   | 5 
---|---|---|---|---|---|---|---|---|---
 6 |   |   |   |   |   |   |   |   | 6 
---|---|---|---|---|---|---|---|---|---
 7 |   |   |   |   |   |   |   |   | 7 
---|---|---|---|---|---|---|---|---|---
 8 |   |   |   |   |   |   |   |   | 8 
---|---|---|---|---|---|---|---|---|---
   | 1 | 2 | 3 | 4 | 5 | 6 | 7 | 8 |

It took 2 seconds to make this move...


Black to move
BEEEEEEEEEEEEEEEEEXOOOEEEXOXXXEEEOEEXXXEEEEEEEEEEEEEEEEEEEEEEEEEE
(6,1)
   | 1 | 2 | 3 | 4 | 5 | 6 | 7 | 8 |
---|---|---|---|---|---|---|---|---|---
 1 |   |   |   |   |   |   |   |   | 1 
---|---|---|---|---|---|---|---|---|---
 2 |   |   |   |   |   |   |   |   | 2 
---|---|---|---|---|---|---|---|---|---
 3 |   | X | 0 | 0 | 0 |   |   |   | 3 
---|---|---|---|---|---|---|---|---|---
 4 | X | 0 | X | X | X |   |   |   | 4 
---|---|---|---|---|---|---|---|---|---
 5 | X |   |   | X | X | X |   |   | 5 
---|---|---|---|---|---|---|---|---|---
 6 | X |   |   |   |   |   |   |   | 6 
---|---|---|---|---|---|---|---|---|---
 7 |   |   |   |   |   |   |   |   | 7 
---|---|---|---|---|---|---|---|---|---
 8 |   |   |   |   |   |   |   |   | 8 
---|---|---|---|---|---|---|---|---|---
   | 1 | 2 | 3 | 4 | 5 | 6 | 7 | 8 |

It took 1 seconds to make this move...


White to move
WEEEEEEEEEEEEEEEEEXOOOEEEXOXXXEEEXEEXXXEEXEEEEEEEEEEEEEEEEEEEEEEE
(3,1) Depth reached: 5, Nodes searched: 6583
   | 1 | 2 | 3 | 4 | 5 | 6 | 7 | 8 |
---|---|---|---|---|---|---|---|---|---
 1 |   |   |   |   |   |   |   |   | 1 
---|---|---|---|---|---|---|---|---|---
 2 |   |   |   |   |   |   |   |   | 2 
---|---|---|---|---|---|---|---|---|---
 3 | 0 | 0 | 0 | 0 | 0 |   |   |   | 3 
---|---|---|---|---|---|---|---|---|---
 4 | X | 0 | X | X | X |   |   |   | 4 
---|---|---|---|---|---|---|---|---|---
 5 | X |   |   | X | X | X |   |   | 5 
---|---|---|---|---|---|---|---|---|---
 6 | X |   |   |   |   |   |   |   | 6 
---|---|---|---|---|---|---|---|---|---
 7 |   |   |   |   |   |   |   |   | 7 
---|---|---|---|---|---|---|---|---|---
 8 |   |   |   |   |   |   |   |   | 8 
---|---|---|---|---|---|---|---|---|---
   | 1 | 2 | 3 | 4 | 5 | 6 | 7 | 8 |

It took 1 seconds to make this move...


Black to move
BEEEEEEEEEEEEEEEEOOOOOEEEXOXXXEEEXEEXXXEEXEEEEEEEEEEEEEEEEEEEEEEE
(2,1)
   | 1 | 2 | 3 | 4 | 5 | 6 | 7 | 8 |
---|---|---|---|---|---|---|---|---|---
 1 |   |   |   |   |   |   |   |   | 1 
---|---|---|---|---|---|---|---|---|---
 2 | X |   |   |   |   |   |   |   | 2 
---|---|---|---|---|---|---|---|---|---
 3 | X | X | 0 | 0 | 0 |   |   |   | 3 
---|---|---|---|---|---|---|---|---|---
 4 | X | 0 | X | X | X |   |   |   | 4 
---|---|---|---|---|---|---|---|---|---
 5 | X |   |   | X | X | X |   |   | 5 
---|---|---|---|---|---|---|---|---|---
 6 | X |   |   |   |   |   |   |   | 6 
---|---|---|---|---|---|---|---|---|---
 7 |   |   |   |   |   |   |   |   | 7 
---|---|---|---|---|---|---|---|---|---
 8 |   |   |   |   |   |   |   |   | 8 
---|---|---|---|---|---|---|---|---|---
   | 1 | 2 | 3 | 4 | 5 | 6 | 7 | 8 |

It took 0 seconds to make this move...


White to move
WEEEEEEEEXEEEEEEEXXOOOEEEXOXXXEEEXEEXXXEEXEEEEEEEEEEEEEEEEEEEEEEE
(5,3) Depth reached: 6, Nodes searched: 1349
   | 1 | 2 | 3 | 4 | 5 | 6 | 7 | 8 |
---|---|---|---|---|---|---|---|---|---
 1 |   |   |   |   |   |   |   |   | 1 
---|---|---|---|---|---|---|---|---|---
 2 | X |   |   |   |   |   |   |   | 2 
---|---|---|---|---|---|---|---|---|---
 3 | X | X | 0 | 0 | 0 |   |   |   | 3 
---|---|---|---|---|---|---|---|---|---
 4 | X | 0 | 0 | 0 | X |   |   |   | 4 
---|---|---|---|---|---|---|---|---|---
 5 | X |   | 0 | X | X | X |   |   | 5 
---|---|---|---|---|---|---|---|---|---
 6 | X |   |   |   |   |   |   |   | 6 
---|---|---|---|---|---|---|---|---|---
 7 |   |   |   |   |   |   |   |   | 7 
---|---|---|---|---|---|---|---|---|---
 8 |   |   |   |   |   |   |   |   | 8 
---|---|---|---|---|---|---|---|---|---
   | 1 | 2 | 3 | 4 | 5 | 6 | 7 | 8 |

It took 2 seconds to make this move...


Black to move
BEEEEEEEEXEEEEEEEXXOOOEEEXOOOXEEEXEOXXXEEXEEEEEEEEEEEEEEEEEEEEEEE
(2,4)
   | 1 | 2 | 3 | 4 | 5 | 6 | 7 | 8 |
---|---|---|---|---|---|---|---|---|---
 1 |   |   |   |   |   |   |   |   | 1 
---|---|---|---|---|---|---|---|---|---
 2 | X |   |   | X |   |   |   |   | 2 
---|---|---|---|---|---|---|---|---|---
 3 | X | X | X | X | 0 |   |   |   | 3 
---|---|---|---|---|---|---|---|---|---
 4 | X | X | 0 | X | X |   |   |   | 4 
---|---|---|---|---|---|---|---|---|---
 5 | X |   | 0 | X | X | X |   |   | 5 
---|---|---|---|---|---|---|---|---|---
 6 | X |   |   |   |   |   |   |   | 6 
---|---|---|---|---|---|---|---|---|---
 7 |   |   |   |   |   |   |   |   | 7 
---|---|---|---|---|---|---|---|---|---
 8 |   |   |   |   |   |   |   |   | 8 
---|---|---|---|---|---|---|---|---|---
   | 1 | 2 | 3 | 4 | 5 | 6 | 7 | 8 |

It took 0 seconds to make this move...


White to move
WEEEEEEEEXEEXEEEEXXXXOEEEXXOXXEEEXEOXXXEEXEEEEEEEEEEEEEEEEEEEEEEE
(1,3) Depth reached: 6, Nodes searched: 3020
   | 1 | 2 | 3 | 4 | 5 | 6 | 7 | 8 |
---|---|---|---|---|---|---|---|---|---
 1 |   |   | 0 |   |   |   |   |   | 1 
---|---|---|---|---|---|---|---|---|---
 2 | X |   |   | 0 |   |   |   |   | 2 
---|---|---|---|---|---|---|---|---|---
 3 | X | X | X | X | 0 |   |   |   | 3 
---|---|---|---|---|---|---|---|---|---
 4 | X | X | 0 | X | X |   |   |   | 4 
---|---|---|---|---|---|---|---|---|---
 5 | X |   | 0 | X | X | X |   |   | 5 
---|---|---|---|---|---|---|---|---|---
 6 | X |   |   |   |   |   |   |   | 6 
---|---|---|---|---|---|---|---|---|---
 7 |   |   |   |   |   |   |   |   | 7 
---|---|---|---|---|---|---|---|---|---
 8 |   |   |   |   |   |   |   |   | 8 
---|---|---|---|---|---|---|---|---|---
   | 1 | 2 | 3 | 4 | 5 | 6 | 7 | 8 |

It took 2 seconds to make this move...


Black to move
BEEOEEEEEXEEOEEEEXXXXOEEEXXOXXEEEXEOXXXEEXEEEEEEEEEEEEEEEEEEEEEEE
(1,5)
   | 1 | 2 | 3 | 4 | 5 | 6 | 7 | 8 |
---|---|---|---|---|---|---|---|---|---
 1 |   |   | 0 |   | X |   |   |   | 1 
---|---|---|---|---|---|---|---|---|---
 2 | X |   |   | X |   |   |   |   | 2 
---|---|---|---|---|---|---|---|---|---
 3 | X | X | X | X | 0 |   |   |   | 3 
---|---|---|---|---|---|---|---|---|---
 4 | X | X | 0 | X | X |   |   |   | 4 
---|---|---|---|---|---|---|---|---|---
 5 | X |   | 0 | X | X | X |   |   | 5 
---|---|---|---|---|---|---|---|---|---
 6 | X |   |   |   |   |   |   |   | 6 
---|---|---|---|---|---|---|---|---|---
 7 |   |   |   |   |   |   |   |   | 7 
---|---|---|---|---|---|---|---|---|---
 8 |   |   |   |   |   |   |   |   | 8 
---|---|---|---|---|---|---|---|---|---
   | 1 | 2 | 3 | 4 | 5 | 6 | 7 | 8 |

It took 0 seconds to make this move...


White to move
WEEOEXEEEXEEXEEEEXXXXOEEEXXOXXEEEXEOXXXEEXEEEEEEEEEEEEEEEEEEEEEEE
(6,5) Depth reached: 6, Nodes searched: 409
   | 1 | 2 | 3 | 4 | 5 | 6 | 7 | 8 |
---|---|---|---|---|---|---|---|---|---
 1 |   |   | 0 |   | X |   |   |   | 1 
---|---|---|---|---|---|---|---|---|---
 2 | X |   |   | X |   |   |   |   | 2 
---|---|---|---|---|---|---|---|---|---
 3 | X | X | X | X | 0 |   |   |   | 3 
---|---|---|---|---|---|---|---|---|---
 4 | X | X | 0 | X | 0 |   |   |   | 4 
---|---|---|---|---|---|---|---|---|---
 5 | X |   | 0 | 0 | 0 | X |   |   | 5 
---|---|---|---|---|---|---|---|---|---
 6 | X |   |   |   | 0 |   |   |   | 6 
---|---|---|---|---|---|---|---|---|---
 7 |   |   |   |   |   |   |   |   | 7 
---|---|---|---|---|---|---|---|---|---
 8 |   |   |   |   |   |   |   |   | 8 
---|---|---|---|---|---|---|---|---|---
   | 1 | 2 | 3 | 4 | 5 | 6 | 7 | 8 |

It took 2 seconds to make this move...


Black to move
BEEOEXEEEXEEXEEEEXXXXOEEEXXOXOEEEXEOOOXEEXEEEOEEEEEEEEEEEEEEEEEEE
(5,2)
   | 1 | 2 | 3 | 4 | 5 | 6 | 7 | 8 |
---|---|---|---|---|---|---|---|---|---
 1 |   |   | 0 |   | X |   |   |   | 1 
---|---|---|---|---|---|---|---|---|---
 2 | X |   |   | X |   |   |   |   | 2 
---|---|---|---|---|---|---|---|---|---
 3 | X | X | X | X | 0 |   |   |   | 3 
---|---|---|---|---|---|---|---|---|---
 4 | X | X | X | X | 0 |   |   |   | 4 
---|---|---|---|---|---|---|---|---|---
 5 | X | X | X | X | X | X |   |   | 5 
---|---|---|---|---|---|---|---|---|---
 6 | X |   |   |   | 0 |   |   |   | 6 
---|---|---|---|---|---|---|---|---|---
 7 |   |   |   |   |   |   |   |   | 7 
---|---|---|---|---|---|---|---|---|---
 8 |   |   |   |   |   |   |   |   | 8 
---|---|---|---|---|---|---|---|---|---
   | 1 | 2 | 3 | 4 | 5 | 6 | 7 | 8 |

It took 1 seconds to make this move...


White to move
WEEOEXEEEXEEXEEEEXXXXOEEEXXXXOEEEXXXXXXEEXEEEOEEEEEEEEEEEEEEEEEEE
(2,3) Depth reached: 5, Nodes searched: 9800
   | 1 | 2 | 3 | 4 | 5 | 6 | 7 | 8 |
---|---|---|---|---|---|---|---|---|---
 1 |   |   | 0 |   | X |   |   |   | 1 
---|---|---|---|---|---|---|---|---|---
 2 | X |   | 0 | X |   |   |   |   | 2 
---|---|---|---|---|---|---|---|---|---
 3 | X | X | X | 0 | 0 |   |   |   | 3 
---|---|---|---|---|---|---|---|---|---
 4 | X | X | X | X | 0 |   |   |   | 4 
---|---|---|---|---|---|---|---|---|---
 5 | X | X | X | X | X | X |   |   | 5 
---|---|---|---|---|---|---|---|---|---
 6 | X |   |   |   | 0 |   |   |   | 6 
---|---|---|---|---|---|---|---|---|---
 7 |   |   |   |   |   |   |   |   | 7 
---|---|---|---|---|---|---|---|---|---
 8 |   |   |   |   |   |   |   |   | 8 
---|---|---|---|---|---|---|---|---|---
   | 1 | 2 | 3 | 4 | 5 | 6 | 7 | 8 |

It took 2 seconds to make this move...


Black to move
BEEOEXEEEXEOXEEEEXXXOOEEEXXXXOEEEXXXXXXEEXEEEOEEEEEEEEEEEEEEEEEEE
(4,6)
   | 1 | 2 | 3 | 4 | 5 | 6 | 7 | 8 |
---|---|---|---|---|---|---|---|---|---
 1 |   |   | 0 |   | X |   |   |   | 1 
---|---|---|---|---|---|---|---|---|---
 2 | X |   | 0 | X |   |   |   |   | 2 
---|---|---|---|---|---|---|---|---|---
 3 | X | X | X | 0 | X |   |   |   | 3 
---|---|---|---|---|---|---|---|---|---
 4 | X | X | X | X | X | X |   |   | 4 
---|---|---|---|---|---|---|---|---|---
 5 | X | X | X | X | X | X |   |   | 5 
---|---|---|---|---|---|---|---|---|---
 6 | X |   |   |   | 0 |   |   |   | 6 
---|---|---|---|---|---|---|---|---|---
 7 |   |   |   |   |   |   |   |   | 7 
---|---|---|---|---|---|---|---|---|---
 8 |   |   |   |   |   |   |   |   | 8 
---|---|---|---|---|---|---|---|---|---
   | 1 | 2 | 3 | 4 | 5 | 6 | 7 | 8 |

It took 0 seconds to make this move...


White to move
WEEOEXEEEXEOXEEEEXXXOXEEEXXXXXXEEXXXXXXEEXEEEOEEEEEEEEEEEEEEEEEEE
(1,4) Depth reached: 5, Nodes searched: 10044
   | 1 | 2 | 3 | 4 | 5 | 6 | 7 | 8 |
---|---|---|---|---|---|---|---|---|---
 1 |   |   | 0 | 0 | X |   |   |   | 1 
---|---|---|---|---|---|---|---|---|---
 2 | X |   | 0 | 0 |   |   |   |   | 2 
---|---|---|---|---|---|---|---|---|---
 3 | X | X | X | 0 | X |   |   |   | 3 
---|---|---|---|---|---|---|---|---|---
 4 | X | X | X | X | X | X |   |   | 4 
---|---|---|---|---|---|---|---|---|---
 5 | X | X | X | X | X | X |   |   | 5 
---|---|---|---|---|---|---|---|---|---
 6 | X |   |   |   | 0 |   |   |   | 6 
---|---|---|---|---|---|---|---|---|---
 7 |   |   |   |   |   |   |   |   | 7 
---|---|---|---|---|---|---|---|---|---
 8 |   |   |   |   |   |   |   |   | 8 
---|---|---|---|---|---|---|---|---|---
   | 1 | 2 | 3 | 4 | 5 | 6 | 7 | 8 |

It took 2 seconds to make this move...


Black to move
BEEOOXEEEXEOOEEEEXXXOXEEEXXXXXXEEXXXXXXEEXEEEOEEEEEEEEEEEEEEEEEEE
(1,2)
   | 1 | 2 | 3 | 4 | 5 | 6 | 7 | 8 |
---|---|---|---|---|---|---|---|---|---
 1 |   | X | X | X | X |   |   |   | 1 
---|---|---|---|---|---|---|---|---|---
 2 | X |   | X | 0 |   |   |   |   | 2 
---|---|---|---|---|---|---|---|---|---
 3 | X | X | X | X | X |   |   |   | 3 
---|---|---|---|---|---|---|---|---|---
 4 | X | X | X | X | X | X |   |   | 4 
---|---|---|---|---|---|---|---|---|---
 5 | X | X | X | X | X | X |   |   | 5 
---|---|---|---|---|---|---|---|---|---
 6 | X |   |   |   | 0 |   |   |   | 6 
---|---|---|---|---|---|---|---|---|---
 7 |   |   |   |   |   |   |   |   | 7 
---|---|---|---|---|---|---|---|---|---
 8 |   |   |   |   |   |   |   |   | 8 
---|---|---|---|---|---|---|---|---|---
   | 1 | 2 | 3 | 4 | 5 | 6 | 7 | 8 |

It took 0 seconds to make this move...


White to move
WEXXXXEEEXEXOEEEEXXXXXEEEXXXXXXEEXXXXXXEEXEEEOEEEEEEEEEEEEEEEEEEE
(4,7) Depth reached: 6, Nodes searched: 3594
   | 1 | 2 | 3 | 4 | 5 | 6 | 7 | 8 |
---|---|---|---|---|---|---|---|---|---
 1 |   | X | X | X | X |   |   |   | 1 
---|---|---|---|---|---|---|---|---|---
 2 | X |   | X | 0 |   |   |   |   | 2 
---|---|---|---|---|---|---|---|---|---
 3 | X | X | X | X | X |   |   |   | 3 
---|---|---|---|---|---|---|---|---|---
 4 | X | X | X | X | X | X | 0 |   | 4 
---|---|---|---|---|---|---|---|---|---
 5 | X | X | X | X | X | 0 |   |   | 5 
---|---|---|---|---|---|---|---|---|---
 6 | X |   |   |   | 0 |   |   |   | 6 
---|---|---|---|---|---|---|---|---|---
 7 |   |   |   |   |   |   |   |   | 7 
---|---|---|---|---|---|---|---|---|---
 8 |   |   |   |   |   |   |   |   | 8 
---|---|---|---|---|---|---|---|---|---
   | 1 | 2 | 3 | 4 | 5 | 6 | 7 | 8 |

It took 2 seconds to make this move...


Black to move
BEXXXXEEEXEXOEEEEXXXXXEEEXXXXXXOEXXXXXOEEXEEEOEEEEEEEEEEEEEEEEEEE
(2,5)
   | 1 | 2 | 3 | 4 | 5 | 6 | 7 | 8 |
---|---|---|---|---|---|---|---|---|---
 1 |   | X | X | X | X |   |   |   | 1 
---|---|---|---|---|---|---|---|---|---
 2 | X |   | X | X | X |   |   |   | 2 
---|---|---|---|---|---|---|---|---|---
 3 | X | X | X | X | X |   |   |   | 3 
---|---|---|---|---|---|---|---|---|---
 4 | X | X | X | X | X | X | 0 |   | 4 
---|---|---|---|---|---|---|---|---|---
 5 | X | X | X | X | X | 0 |   |   | 5 
---|---|---|---|---|---|---|---|---|---
 6 | X |   |   |   | 0 |   |   |   | 6 
---|---|---|---|---|---|---|---|---|---
 7 |   |   |   |   |   |   |   |   | 7 
---|---|---|---|---|---|---|---|---|---
 8 |   |   |   |   |   |   |   |   | 8 
---|---|---|---|---|---|---|---|---|---
   | 1 | 2 | 3 | 4 | 5 | 6 | 7 | 8 |

It took 0 seconds to make this move...


White to move
WEXXXXEEEXEXXXEEEXXXXXEEEXXXXXXOEXXXXXOEEXEEEOEEEEEEEEEEEEEEEEEEE
(3,6) Depth reached: 7, Nodes searched: 7687
   | 1 | 2 | 3 | 4 | 5 | 6 | 7 | 8 |
---|---|---|---|---|---|---|---|---|---
 1 |   | X | X | X | X |   |   |   | 1 
---|---|---|---|---|---|---|---|---|---
 2 | X |   | X | X | X |   |   |   | 2 
---|---|---|---|---|---|---|---|---|---
 3 | X | X | X | X | X | 0 |   |   | 3 
---|---|---|---|---|---|---|---|---|---
 4 | X | X | X | X | X | 0 | 0 |   | 4 
---|---|---|---|---|---|---|---|---|---
 5 | X | X | X | X | X | 0 |   |   | 5 
---|---|---|---|---|---|---|---|---|---
 6 | X |   |   |   | 0 |   |   |   | 6 
---|---|---|---|---|---|---|---|---|---
 7 |   |   |   |   |   |   |   |   | 7 
---|---|---|---|---|---|---|---|---|---
 8 |   |   |   |   |   |   |   |   | 8 
---|---|---|---|---|---|---|---|---|---
   | 1 | 2 | 3 | 4 | 5 | 6 | 7 | 8 |

It took 2 seconds to make this move...


Black to move
BEXXXXEEEXEXXXEEEXXXXXOEEXXXXXOOEXXXXXOEEXEEEOEEEEEEEEEEEEEEEEEEE
(5,8)
   | 1 | 2 | 3 | 4 | 5 | 6 | 7 | 8 |
---|---|---|---|---|---|---|---|---|---
 1 |   | X | X | X | X |   |   |   | 1 
---|---|---|---|---|---|---|---|---|---
 2 | X |   | X | X | X |   |   |   | 2 
---|---|---|---|---|---|---|---|---|---
 3 | X | X | X | X | X | X |   |   | 3 
---|---|---|---|---|---|---|---|---|---
 4 | X | X | X | X | X | 0 | X |   | 4 
---|---|---|---|---|---|---|---|---|---
 5 | X | X | X | X | X | 0 |   | X | 5 
---|---|---|---|---|---|---|---|---|---
 6 | X |   |   |   | 0 |   |   |   | 6 
---|---|---|---|---|---|---|---|---|---
 7 |   |   |   |   |   |   |   |   | 7 
---|---|---|---|---|---|---|---|---|---
 8 |   |   |   |   |   |   |   |   | 8 
---|---|---|---|---|---|---|---|---|---
   | 1 | 2 | 3 | 4 | 5 | 6 | 7 | 8 |

It took 0 seconds to make this move...


White to move
WEXXXXEEEXEXXXEEEXXXXXXEEXXXXXOXEXXXXXOEXXEEEOEEEEEEEEEEEEEEEEEEE
(6,4) Depth reached: 7, Nodes searched: 6118
   | 1 | 2 | 3 | 4 | 5 | 6 | 7 | 8 |
---|---|---|---|---|---|---|---|---|---
 1 |   | X | X | X | X |   |   |   | 1 
---|---|---|---|---|---|---|---|---|---
 2 | X |   | X | X | X |   |   |   | 2 
---|---|---|---|---|---|---|---|---|---
 3 | X | X | X | X | X | X |   |   | 3 
---|---|---|---|---|---|---|---|---|---
 4 | X | X | X | X | X | 0 | X |   | 4 
---|---|---|---|---|---|---|---|---|---
 5 | X | X | X | X | 0 | 0 |   | X | 5 
---|---|---|---|---|---|---|---|---|---
 6 | X |   |   | 0 | 0 |   |   |   | 6 
---|---|---|---|---|---|---|---|---|---
 7 |   |   |   |   |   |   |   |   | 7 
---|---|---|---|---|---|---|---|---|---
 8 |   |   |   |   |   |   |   |   | 8 
---|---|---|---|---|---|---|---|---|---
   | 1 | 2 | 3 | 4 | 5 | 6 | 7 | 8 |

It took 2 seconds to make this move...


Black to move
BEXXXXEEEXEXXXEEEXXXXXXEEXXXXXOXEXXXXOOEXXEEOOEEEEEEEEEEEEEEEEEEE
(5,7)
   | 1 | 2 | 3 | 4 | 5 | 6 | 7 | 8 |
---|---|---|---|---|---|---|---|---|---
 1 |   | X | X | X | X |   |   |   | 1 
---|---|---|---|---|---|---|---|---|---
 2 | X |   | X | X | X |   |   |   | 2 
---|---|---|---|---|---|---|---|---|---
 3 | X | X | X | X | X | X |   |   | 3 
---|---|---|---|---|---|---|---|---|---
 4 | X | X | X | X | X | X | X |   | 4 
---|---|---|---|---|---|---|---|---|---
 5 | X | X | X | X | X | X | X | X | 5 
---|---|---|---|---|---|---|---|---|---
 6 | X |   |   | 0 | 0 |   |   |   | 6 
---|---|---|---|---|---|---|---|---|---
 7 |   |   |   |   |   |   |   |   | 7 
---|---|---|---|---|---|---|---|---|---
 8 |   |   |   |   |   |   |   |   | 8 
---|---|---|---|---|---|---|---|---|---
   | 1 | 2 | 3 | 4 | 5 | 6 | 7 | 8 |

It took 0 seconds to make this move...


White to move
WEXXXXEEEXEXXXEEEXXXXXXEEXXXXXXXEXXXXXXXXXEEOOEEEEEEEEEEEEEEEEEEE
(3,7) Depth reached: 7, Nodes searched: 8313
   | 1 | 2 | 3 | 4 | 5 | 6 | 7 | 8 |
---|---|---|---|---|---|---|---|---|---
 1 |   | X | X | X | X |   |   |   | 1 
---|---|---|---|---|---|---|---|---|---
 2 | X |   | X | X | X |   |   |   | 2 
---|---|---|---|---|---|---|---|---|---
 3 | X | X | X | X | X | X | 0 |   | 3 
---|---|---|---|---|---|---|---|---|---
 4 | X | X | X | X | X | 0 | X |   | 4 
---|---|---|---|---|---|---|---|---|---
 5 | X | X | X | X | 0 | X | X | X | 5 
---|---|---|---|---|---|---|---|---|---
 6 | X |   |   | 0 | 0 |   |   |   | 6 
---|---|---|---|---|---|---|---|---|---
 7 |   |   |   |   |   |   |   |   | 7 
---|---|---|---|---|---|---|---|---|---
 8 |   |   |   |   |   |   |   |   | 8 
---|---|---|---|---|---|---|---|---|---
   | 1 | 2 | 3 | 4 | 5 | 6 | 7 | 8 |

It took 2 seconds to make this move...


Black to move
BEXXXXEEEXEXXXEEEXXXXXXOEXXXXXOXEXXXXOXXXXEEOOEEEEEEEEEEEEEEEEEEE
(7,5)
   | 1 | 2 | 3 | 4 | 5 | 6 | 7 | 8 |
---|---|---|---|---|---|---|---|---|---
 1 |   | X | X | X | X |   |   |   | 1 
---|---|---|---|---|---|---|---|---|---
 2 | X |   | X | X | X |   |   |   | 2 
---|---|---|---|---|---|---|---|---|---
 3 | X | X | X | X | X | X | 0 |   | 3 
---|---|---|---|---|---|---|---|---|---
 4 | X | X | X | X | X | 0 | X |   | 4 
---|---|---|---|---|---|---|---|---|---
 5 | X | X | X | X | X | X | X | X | 5 
---|---|---|---|---|---|---|---|---|---
 6 | X |   |   | X | X |   |   |   | 6 
---|---|---|---|---|---|---|---|---|---
 7 |   |   |   |   | X |   |   |   | 7 
---|---|---|---|---|---|---|---|---|---
 8 |   |   |   |   |   |   |   |   | 8 
---|---|---|---|---|---|---|---|---|---
   | 1 | 2 | 3 | 4 | 5 | 6 | 7 | 8 |

It took 1 seconds to make this move...


White to move
WEXXXXEEEXEXXXEEEXXXXXXOEXXXXXOXEXXXXXXXXXEEXXEEEEEEEXEEEEEEEEEEE
(4,8) Depth reached: 7, Nodes searched: 7153
   | 1 | 2 | 3 | 4 | 5 | 6 | 7 | 8 |
---|---|---|---|---|---|---|---|---|---
 1 |   | X | X | X | X |   |   |   | 1 
---|---|---|---|---|---|---|---|---|---
 2 | X |   | X | X | X |   |   |   | 2 
---|---|---|---|---|---|---|---|---|---
 3 | X | X | X | X | X | X | 0 |   | 3 
---|---|---|---|---|---|---|---|---|---
 4 | X | X | X | X | X | 0 | 0 | 0 | 4 
---|---|---|---|---|---|---|---|---|---
 5 | X | X | X | X | X | X | X | X | 5 
---|---|---|---|---|---|---|---|---|---
 6 | X |   |   | X | X |   |   |   | 6 
---|---|---|---|---|---|---|---|---|---
 7 |   |   |   |   | X |   |   |   | 7 
---|---|---|---|---|---|---|---|---|---
 8 |   |   |   |   |   |   |   |   | 8 
---|---|---|---|---|---|---|---|---|---
   | 1 | 2 | 3 | 4 | 5 | 6 | 7 | 8 |

It took 2 seconds to make this move...


Black to move
BEXXXXEEEXEXXXEEEXXXXXXOEXXXXXOOOXXXXXXXXXEEXXEEEEEEEXEEEEEEEEEEE
(3,8)
   | 1 | 2 | 3 | 4 | 5 | 6 | 7 | 8 |
---|---|---|---|---|---|---|---|---|---
 1 |   | X | X | X | X |   |   |   | 1 
---|---|---|---|---|---|---|---|---|---
 2 | X |   | X | X | X |   |   |   | 2 
---|---|---|---|---|---|---|---|---|---
 3 | X | X | X | X | X | X | X | X | 3 
---|---|---|---|---|---|---|---|---|---
 4 | X | X | X | X | X | 0 | X | X | 4 
---|---|---|---|---|---|---|---|---|---
 5 | X | X | X | X | X | X | X | X | 5 
---|---|---|---|---|---|---|---|---|---
 6 | X |   |   | X | X |   |   |   | 6 
---|---|---|---|---|---|---|---|---|---
 7 |   |   |   |   | X |   |   |   | 7 
---|---|---|---|---|---|---|---|---|---
 8 |   |   |   |   |   |   |   |   | 8 
---|---|---|---|---|---|---|---|---|---
   | 1 | 2 | 3 | 4 | 5 | 6 | 7 | 8 |

It took 0 seconds to make this move...


White to move
WEXXXXEEEXEXXXEEEXXXXXXXXXXXXXOXXXXXXXXXXXEEXXEEEEEEEXEEEEEEEEEEE
(2,6) Depth reached: 7, Nodes searched: 10602
   | 1 | 2 | 3 | 4 | 5 | 6 | 7 | 8 |
---|---|---|---|---|---|---|---|---|---
 1 |   | X | X | X | X |   |   |   | 1 
---|---|---|---|---|---|---|---|---|---
 2 | X |   | X | X | X | 0 |   |   | 2 
---|---|---|---|---|---|---|---|---|---
 3 | X | X | X | X | X | 0 | X | X | 3 
---|---|---|---|---|---|---|---|---|---
 4 | X | X | X | X | X | 0 | X | X | 4 
---|---|---|---|---|---|---|---|---|---
 5 | X | X | X | X | X | X | X | X | 5 
---|---|---|---|---|---|---|---|---|---
 6 | X |   |   | X | X |   |   |   | 6 
---|---|---|---|---|---|---|---|---|---
 7 |   |   |   |   | X |   |   |   | 7 
---|---|---|---|---|---|---|---|---|---
 8 |   |   |   |   |   |   |   |   | 8 
---|---|---|---|---|---|---|---|---|---
   | 1 | 2 | 3 | 4 | 5 | 6 | 7 | 8 |

It took 2 seconds to make this move...


Black to move
BEXXXXEEEXEXXXOEEXXXXXOXXXXXXXOXXXXXXXXXXXEEXXEEEEEEEXEEEEEEEEEEE
(1,6)
   | 1 | 2 | 3 | 4 | 5 | 6 | 7 | 8 |
---|---|---|---|---|---|---|---|---|---
 1 |   | X | X | X | X | X |   |   | 1 
---|---|---|---|---|---|---|---|---|---
 2 | X |   | X | X | X | X |   |   | 2 
---|---|---|---|---|---|---|---|---|---
 3 | X | X | X | X | X | X | X | X | 3 
---|---|---|---|---|---|---|---|---|---
 4 | X | X | X | X | X | X | X | X | 4 
---|---|---|---|---|---|---|---|---|---
 5 | X | X | X | X | X | X | X | X | 5 
---|---|---|---|---|---|---|---|---|---
 6 | X |   |   | X | X |   |   |   | 6 
---|---|---|---|---|---|---|---|---|---
 7 |   |   |   |   | X |   |   |   | 7 
---|---|---|---|---|---|---|---|---|---
 8 |   |   |   |   |   |   |   |   | 8 
---|---|---|---|---|---|---|---|---|---
   | 1 | 2 | 3 | 4 | 5 | 6 | 7 | 8 |

It took 0 seconds to make this move...


White to move
WEXXXXXEEXEXXXXEEXXXXXXXXXXXXXXXXXXXXXXXXXEEXXEEEEEEEXEEEEEEEEEEE
pass
   | 1 | 2 | 3 | 4 | 5 | 6 | 7 | 8 |
---|---|---|---|---|---|---|---|---|---
 1 |   | X | X | X | X | X |   |   | 1 
---|---|---|---|---|---|---|---|---|---
 2 | X |   | X | X | X | X |   |   | 2 
---|---|---|---|---|---|---|---|---|---
 3 | X | X | X | X | X | X | X | X | 3 
---|---|---|---|---|---|---|---|---|---
 4 | X | X | X | X | X | X | X | X | 4 
---|---|---|---|---|---|---|---|---|---
 5 | X | X | X | X | X | X | X | X | 5 
---|---|---|---|---|---|---|---|---|---
 6 | X |   |   | X | X |   |   |   | 6 
---|---|---|---|---|---|---|---|---|---
 7 |   |   |   |   | X |   |   |   | 7 
---|---|---|---|---|---|---|---|---|---
 8 |   |   |   |   |   |   |   |   | 8 
---|---|---|---|---|---|---|---|---|---
   | 1 | 2 | 3 | 4 | 5 | 6 | 7 | 8 |

It took 2 seconds to make this move...


Black to move
BEXXXXXEEXEXXXXEEXXXXXXXXXXXXXXXXXXXXXXXXXEEXXEEEEEEEXEEEEEEEEEEE
pass
   | 1 | 2 | 3 | 4 | 5 | 6 | 7 | 8 |
---|---|---|---|---|---|---|---|---|---
 1 |   | X | X | X | X | X |   |   | 1 
---|---|---|---|---|---|---|---|---|---
 2 | X |   | X | X | X | X |   |   | 2 
---|---|---|---|---|---|---|---|---|---
 3 | X | X | X | X | X | X | X | X | 3 
---|---|---|---|---|---|---|---|---|---
 4 | X | X | X | X | X | X | X | X | 4 
---|---|---|---|---|---|---|---|---|---
 5 | X | X | X | X | X | X | X | X | 5 
---|---|---|---|---|---|---|---|---|---
 6 | X |   |   | X | X |   |   |   | 6 
---|---|---|---|---|---|---|---|---|---
 7 |   |   |   |   | X |   |   |   | 7 
---|---|---|---|---|---|---|---|---|---
 8 |   |   |   |   |   |   |   |   | 8 
---|---|---|---|---|---|---|---|---|---
   | 1 | 2 | 3 | 4 | 5 | 6 | 7 | 8 |

It took 0 seconds to make this move...
***************************************
Results for ../Python/othello.sh vs. ./othello_naive.sh:
Black won with 38 points
Average time for white: 1.9 s (max: 2 s)
Average time for black: 0.2 s (max: 1 s)
***************************************
