   | 1 | 2 | 3 | 4 | 5 | 6 | 7 | 8 |
---|---|---|---|---|---|---|---|---|---
 1 |   |   |   |   |   |   |   |   | 1 
---|---|---|---|---|---|---|---|---|---
 2 |   |   |   |   |   |   |   |   | 2 
---|---|---|---|---|---|---|---|---|---
 3 |   |   |   |   |   |   |   |   | 3 
---|---|---|---|---|---|---|---|---|---
 4 |   |   |   | 0 | X |   |   |   | 4 
---|---|---|---|---|---|---|---|---|---
 5 |   |   |   | X | 0 |   |   |   | 5 
---|---|---|---|---|---|---|---|---|---
 6 |   |   |   |   |   |   |   |   | 6 
---|---|---|---|---|---|---|---|---|---
 7 |   |   |   |   |   |   |   |   | 7 
---|---|---|---|---|---|---|---|---|---
 8 |   |   |   |   |   |   |   |   | 8 
---|---|---|---|---|---|---|---|---|---
   | 1 | 2 | 3 | 4 | 5 | 6 | 7 | 8 |



White to move
WEEEEEEEEEEEEEEEEEEEEEEEEEEEOXEEEEEEXOEEEEEEEEEEEEEEEEEEEEEEEEEEE
(3,5)
   | 1 | 2 | 3 | 4 | 5 | 6 | 7 | 8 |
---|---|---|---|---|---|---|---|---|---
 1 |   |   |   |   |   |   |   |   | 1 
---|---|---|---|---|---|---|---|---|---
 2 |   |   |   |   |   |   |   |   | 2 
---|---|---|---|---|---|---|---|---|---
 3 |   |   |   |   | 0 |   |   |   | 3 
---|---|---|---|---|---|---|---|---|---
 4 |   |   |   | 0 | 0 |   |   |   | 4 
---|---|---|---|---|---|---|---|---|---
 5 |   |   |   | X | 0 |   |   |   | 5 
---|---|---|---|---|---|---|---|---|---
 6 |   |   |   |   |   |   |   |   | 6 
---|---|---|---|---|---|---|---|---|---
 7 |   |   |   |   |   |   |   |   | 7 
---|---|---|---|---|---|---|---|---|---
 8 |   |   |   |   |   |   |   |   | 8 
---|---|---|---|---|---|---|---|---|---
   | 1 | 2 | 3 | 4 | 5 | 6 | 7 | 8 |

It took 0 seconds to make this move...


Black to move
BEEEEEEEEEEEEEEEEEEEEOEEEEEEOOEEEEEEXOEEEEEEEEEEEEEEEEEEEEEEEEEEE
(3,4) Depth reached: 7, Nodes searched: 11039
   | 1 | 2 | 3 | 4 | 5 | 6 | 7 | 8 |
---|---|---|---|---|---|---|---|---|---
 1 |   |   |   |   |   |   |   |   | 1 
---|---|---|---|---|---|---|---|---|---
 2 |   |   |   |   |   |   |   |   | 2 
---|---|---|---|---|---|---|---|---|---
 3 |   |   |   | X | 0 |   |   |   | 3 
---|---|---|---|---|---|---|---|---|---
 4 |   |   |   | X | 0 |   |   |   | 4 
---|---|---|---|---|---|---|---|---|---
 5 |   |   |   | X | 0 |   |   |   | 5 
---|---|---|---|---|---|---|---|---|---
 6 |   |   |   |   |   |   |   |   | 6 
---|---|---|---|---|---|---|---|---|---
 7 |   |   |   |   |   |   |   |   | 7 
---|---|---|---|---|---|---|---|---|---
 8 |   |   |   |   |   |   |   |   | 8 
---|---|---|---|---|---|---|---|---|---
   | 1 | 2 | 3 | 4 | 5 | 6 | 7 | 8 |

It took 3 seconds to make this move...


White to move
WEEEEEEEEEEEEEEEEEEEXOEEEEEEXOEEEEEEXOEEEEEEEEEEEEEEEEEEEEEEEEEEE
(3,3)
   | 1 | 2 | 3 | 4 | 5 | 6 | 7 | 8 |
---|---|---|---|---|---|---|---|---|---
 1 |   |   |   |   |   |   |   |   | 1 
---|---|---|---|---|---|---|---|---|---
 2 |   |   |   |   |   |   |   |   | 2 
---|---|---|---|---|---|---|---|---|---
 3 |   |   | 0 | 0 | 0 |   |   |   | 3 
---|---|---|---|---|---|---|---|---|---
 4 |   |   |   | 0 | 0 |   |   |   | 4 
---|---|---|---|---|---|---|---|---|---
 5 |   |   |   | X | 0 |   |   |   | 5 
---|---|---|---|---|---|---|---|---|---
 6 |   |   |   |   |   |   |   |   | 6 
---|---|---|---|---|---|---|---|---|---
 7 |   |   |   |   |   |   |   |   | 7 
---|---|---|---|---|---|---|---|---|---
 8 |   |   |   |   |   |   |   |   | 8 
---|---|---|---|---|---|---|---|---|---
   | 1 | 2 | 3 | 4 | 5 | 6 | 7 | 8 |

It took 0 seconds to make this move...


Black to move
BEEEEEEEEEEEEEEEEEEOOOEEEEEEOOEEEEEEXOEEEEEEEEEEEEEEEEEEEEEEEEEEE
(3,6) Depth reached: 7, Nodes searched: 9049
   | 1 | 2 | 3 | 4 | 5 | 6 | 7 | 8 |
---|---|---|---|---|---|---|---|---|---
 1 |   |   |   |   |   |   |   |   | 1 
---|---|---|---|---|---|---|---|---|---
 2 |   |   |   |   |   |   |   |   | 2 
---|---|---|---|---|---|---|---|---|---
 3 |   |   | 0 | 0 | 0 | X |   |   | 3 
---|---|---|---|---|---|---|---|---|---
 4 |   |   |   | 0 | X |   |   |   | 4 
---|---|---|---|---|---|---|---|---|---
 5 |   |   |   | X | 0 |   |   |   | 5 
---|---|---|---|---|---|---|---|---|---
 6 |   |   |   |   |   |   |   |   | 6 
---|---|---|---|---|---|---|---|---|---
 7 |   |   |   |   |   |   |   |   | 7 
---|---|---|---|---|---|---|---|---|---
 8 |   |   |   |   |   |   |   |   | 8 
---|---|---|---|---|---|---|---|---|---
   | 1 | 2 | 3 | 4 | 5 | 6 | 7 | 8 |

It took 3 seconds to make this move...


White to move
WEEEEEEEEEEEEEEEEEEOOOXEEEEEOXEEEEEEXOEEEEEEEEEEEEEEEEEEEEEEEEEEE
(5,3)
   | 1 | 2 | 3 | 4 | 5 | 6 | 7 | 8 |
---|---|---|---|---|---|---|---|---|---
 1 |   |   |   |   |   |   |   |   | 1 
---|---|---|---|---|---|---|---|---|---
 2 |   |   |   |   |   |   |   |   | 2 
---|---|---|---|---|---|---|---|---|---
 3 |   |   | 0 | 0 | 0 | X |   |   | 3 
---|---|---|---|---|---|---|---|---|---
 4 |   |   |   | 0 | X |   |   |   | 4 
---|---|---|---|---|---|---|---|---|---
 5 |   |   | 0 | 0 | 0 |   |   |   | 5 
---|---|---|---|---|---|---|---|---|---
 6 |   |   |   |   |   |   |   |   | 6 
---|---|---|---|---|---|---|---|---|---
 7 |   |   |   |   |   |   |   |   | 7 
---|---|---|---|---|---|---|---|---|---
 8 |   |   |   |   |   |   |   |   | 8 
---|---|---|---|---|---|---|---|---|---
   | 1 | 2 | 3 | 4 | 5 | 6 | 7 | 8 |

It took 0 seconds to make this move...


Black to move
BEEEEEEEEEEEEEEEEEEOOOXEEEEEOXEEEEEOOOEEEEEEEEEEEEEEEEEEEEEEEEEEE
(4,3) Depth reached: 6, Nodes searched: 5399
   | 1 | 2 | 3 | 4 | 5 | 6 | 7 | 8 |
---|---|---|---|---|---|---|---|---|---
 1 |   |   |   |   |   |   |   |   | 1 
---|---|---|---|---|---|---|---|---|---
 2 |   |   |   |   |   |   |   |   | 2 
---|---|---|---|---|---|---|---|---|---
 3 |   |   | 0 | 0 | 0 | X |   |   | 3 
---|---|---|---|---|---|---|---|---|---
 4 |   |   | X | X | X |   |   |   | 4 
---|---|---|---|---|---|---|---|---|---
 5 |   |   | 0 | 0 | 0 |   |   |   | 5 
---|---|---|---|---|---|---|---|---|---
 6 |   |   |   |   |   |   |   |   | 6 
---|---|---|---|---|---|---|---|---|---
 7 |   |   |   |   |   |   |   |   | 7 
---|---|---|---|---|---|---|---|---|---
 8 |   |   |   |   |   |   |   |   | 8 
---|---|---|---|---|---|---|---|---|---
   | 1 | 2 | 3 | 4 | 5 | 6 | 7 | 8 |

It took 3 seconds to make this move...


White to move
WEEEEEEEEEEEEEEEEEEOOOXEEEEXXXEEEEEOOOEEEEEEEEEEEEEEEEEEEEEEEEEEE
(2,7)
   | 1 | 2 | 3 | 4 | 5 | 6 | 7 | 8 |
---|---|---|---|---|---|---|---|---|---
 1 |   |   |   |   |   |   |   |   | 1 
---|---|---|---|---|---|---|---|---|---
 2 |   |   |   |   |   |   | 0 |   | 2 
---|---|---|---|---|---|---|---|---|---
 3 |   |   | 0 | 0 | 0 | 0 |   |   | 3 
---|---|---|---|---|---|---|---|---|---
 4 |   |   | X | X | 0 |   |   |   | 4 
---|---|---|---|---|---|---|---|---|---
 5 |   |   | 0 | 0 | 0 |   |   |   | 5 
---|---|---|---|---|---|---|---|---|---
 6 |   |   |   |   |   |   |   |   | 6 
---|---|---|---|---|---|---|---|---|---
 7 |   |   |   |   |   |   |   |   | 7 
---|---|---|---|---|---|---|---|---|---
 8 |   |   |   |   |   |   |   |   | 8 
---|---|---|---|---|---|---|---|---|---
   | 1 | 2 | 3 | 4 | 5 | 6 | 7 | 8 |

It took 0 seconds to make this move...


Black to move
BEEEEEEEEEEEEEEOEEEOOOOEEEEXXOEEEEEOOOEEEEEEEEEEEEEEEEEEEEEEEEEEE
(6,5) Depth reached: 6, Nodes searched: 6147
   | 1 | 2 | 3 | 4 | 5 | 6 | 7 | 8 |
---|---|---|---|---|---|---|---|---|---
 1 |   |   |   |   |   |   |   |   | 1 
---|---|---|---|---|---|---|---|---|---
 2 |   |   |   |   |   |   | 0 |   | 2 
---|---|---|---|---|---|---|---|---|---
 3 |   |   | 0 | 0 | 0 | 0 |   |   | 3 
---|---|---|---|---|---|---|---|---|---
 4 |   |   | X | X | 0 |   |   |   | 4 
---|---|---|---|---|---|---|---|---|---
 5 |   |   | 0 | X | 0 |   |   |   | 5 
---|---|---|---|---|---|---|---|---|---
 6 |   |   |   |   | X |   |   |   | 6 
---|---|---|---|---|---|---|---|---|---
 7 |   |   |   |   |   |   |   |   | 7 
---|---|---|---|---|---|---|---|---|---
 8 |   |   |   |   |   |   |   |   | 8 
---|---|---|---|---|---|---|---|---|---
   | 1 | 2 | 3 | 4 | 5 | 6 | 7 | 8 |

It took 3 seconds to make this move...


White to move
WEEEEEEEEEEEEEEOEEEOOOOEEEEXXOEEEEEOXOEEEEEEEXEEEEEEEEEEEEEEEEEEE
(6,4)
   | 1 | 2 | 3 | 4 | 5 | 6 | 7 | 8 |
---|---|---|---|---|---|---|---|---|---
 1 |   |   |   |   |   |   |   |   | 1 
---|---|---|---|---|---|---|---|---|---
 2 |   |   |   |   |   |   | 0 |   | 2 
---|---|---|---|---|---|---|---|---|---
 3 |   |   | 0 | 0 | 0 | 0 |   |   | 3 
---|---|---|---|---|---|---|---|---|---
 4 |   |   | X | 0 | 0 |   |   |   | 4 
---|---|---|---|---|---|---|---|---|---
 5 |   |   | 0 | 0 | 0 |   |   |   | 5 
---|---|---|---|---|---|---|---|---|---
 6 |   |   |   | 0 | X |   |   |   | 6 
---|---|---|---|---|---|---|---|---|---
 7 |   |   |   |   |   |   |   |   | 7 
---|---|---|---|---|---|---|---|---|---
 8 |   |   |   |   |   |   |   |   | 8 
---|---|---|---|---|---|---|---|---|---
   | 1 | 2 | 3 | 4 | 5 | 6 | 7 | 8 |

It took 1 seconds to make this move...


Black to move
BEEEEEEEEEEEEEEOEEEOOOOEEEEXOOEEEEEOOOEEEEEEOXEEEEEEEEEEEEEEEEEEE
(2,5) Depth reached: 6, Nodes searched: 7049
   | 1 | 2 | 3 | 4 | 5 | 6 | 7 | 8 |
---|---|---|---|---|---|---|---|---|---
 1 |   |   |   |   |   |   |   |   | 1 
---|---|---|---|---|---|---|---|---|---
 2 |   |   |   |   | X |   | 0 |   | 2 
---|---|---|---|---|---|---|---|---|---
 3 |   |   | 0 | X | X | 0 |   |   | 3 
---|---|---|---|---|---|---|---|---|---
 4 |   |   | X | 0 | X |   |   |   | 4 
---|---|---|---|---|---|---|---|---|---
 5 |   |   | 0 | 0 | X |   |   |   | 5 
---|---|---|---|---|---|---|---|---|---
 6 |   |   |   | 0 | X |   |   |   | 6 
---|---|---|---|---|---|---|---|---|---
 7 |   |   |   |   |   |   |   |   | 7 
---|---|---|---|---|---|---|---|---|---
 8 |   |   |   |   |   |   |   |   | 8 
---|---|---|---|---|---|---|---|---|---
   | 1 | 2 | 3 | 4 | 5 | 6 | 7 | 8 |

It took 2 seconds to make this move...


White to move
WEEEEEEEEEEEEXEOEEEOXXOEEEEXOXEEEEEOOXEEEEEEOXEEEEEEEEEEEEEEEEEEE
(1,4)
   | 1 | 2 | 3 | 4 | 5 | 6 | 7 | 8 |
---|---|---|---|---|---|---|---|---|---
 1 |   |   |   | 0 |   |   |   |   | 1 
---|---|---|---|---|---|---|---|---|---
 2 |   |   |   |   | 0 |   | 0 |   | 2 
---|---|---|---|---|---|---|---|---|---
 3 |   |   | 0 | X | X | 0 |   |   | 3 
---|---|---|---|---|---|---|---|---|---
 4 |   |   | X | 0 | X |   |   |   | 4 
---|---|---|---|---|---|---|---|---|---
 5 |   |   | 0 | 0 | X |   |   |   | 5 
---|---|---|---|---|---|---|---|---|---
 6 |   |   |   | 0 | X |   |   |   | 6 
---|---|---|---|---|---|---|---|---|---
 7 |   |   |   |   |   |   |   |   | 7 
---|---|---|---|---|---|---|---|---|---
 8 |   |   |   |   |   |   |   |   | 8 
---|---|---|---|---|---|---|---|---|---
   | 1 | 2 | 3 | 4 | 5 | 6 | 7 | 8 |

It took 0 seconds to make this move...


Black to move
BEEEOEEEEEEEEOEOEEEOXXOEEEEXOXEEEEEOOXEEEEEEOXEEEEEEEEEEEEEEEEEEE
(1,5) Depth reached: 5, Nodes searched: 9407
   | 1 | 2 | 3 | 4 | 5 | 6 | 7 | 8 |
---|---|---|---|---|---|---|---|---|---
 1 |   |   |   | 0 | X |   |   |   | 1 
---|---|---|---|---|---|---|---|---|---
 2 |   |   |   |   | X |   | 0 |   | 2 
---|---|---|---|---|---|---|---|---|---
 3 |   |   | 0 | X | X | 0 |   |   | 3 
---|---|---|---|---|---|---|---|---|---
 4 |   |   | X | 0 | X |   |   |   | 4 
---|---|---|---|---|---|---|---|---|---
 5 |   |   | 0 | 0 | X |   |   |   | 5 
---|---|---|---|---|---|---|---|---|---
 6 |   |   |   | 0 | X |   |   |   | 6 
---|---|---|---|---|---|---|---|---|---
 7 |   |   |   |   |   |   |   |   | 7 
---|---|---|---|---|---|---|---|---|---
 8 |   |   |   |   |   |   |   |   | 8 
---|---|---|---|---|---|---|---|---|---
   | 1 | 2 | 3 | 4 | 5 | 6 | 7 | 8 |

It took 3 seconds to make this move...


White to move
WEEEOXEEEEEEEXEOEEEOXXOEEEEXOXEEEEEOOXEEEEEEOXEEEEEEEEEEEEEEEEEEE
(1,6)
   | 1 | 2 | 3 | 4 | 5 | 6 | 7 | 8 |
---|---|---|---|---|---|---|---|---|---
 1 |   |   |   | 0 | 0 | 0 |   |   | 1 
---|---|---|---|---|---|---|---|---|---
 2 |   |   |   |   | X |   | 0 |   | 2 
---|---|---|---|---|---|---|---|---|---
 3 |   |   | 0 | X | X | 0 |   |   | 3 
---|---|---|---|---|---|---|---|---|---
 4 |   |   | X | 0 | X |   |   |   | 4 
---|---|---|---|---|---|---|---|---|---
 5 |   |   | 0 | 0 | X |   |   |   | 5 
---|---|---|---|---|---|---|---|---|---
 6 |   |   |   | 0 | X |   |   |   | 6 
---|---|---|---|---|---|---|---|---|---
 7 |   |   |   |   |   |   |   |   | 7 
---|---|---|---|---|---|---|---|---|---
 8 |   |   |   |   |   |   |   |   | 8 
---|---|---|---|---|---|---|---|---|---
   | 1 | 2 | 3 | 4 | 5 | 6 | 7 | 8 |

It took 0 seconds to make this move...


Black to move
BEEEOOOEEEEEEXEOEEEOXXOEEEEXOXEEEEEOOXEEEEEEOXEEEEEEEEEEEEEEEEEEE
(2,3) Depth reached: 5, Nodes searched: 10589
   | 1 | 2 | 3 | 4 | 5 | 6 | 7 | 8 |
---|---|---|---|---|---|---|---|---|---
 1 |   |   |   | 0 | 0 | 0 |   |   | 1 
---|---|---|---|---|---|---|---|---|---
 2 |   |   | X |   | X |   | 0 |   | 2 
---|---|---|---|---|---|---|---|---|---
 3 |   |   | X | X | X | 0 |   |   | 3 
---|---|---|---|---|---|---|---|---|---
 4 |   |   | X | 0 | X |   |   |   | 4 
---|---|---|---|---|---|---|---|---|---
 5 |   |   | 0 | 0 | X |   |   |   | 5 
---|---|---|---|---|---|---|---|---|---
 6 |   |   |   | 0 | X |   |   |   | 6 
---|---|---|---|---|---|---|---|---|---
 7 |   |   |   |   |   |   |   |   | 7 
---|---|---|---|---|---|---|---|---|---
 8 |   |   |   |   |   |   |   |   | 8 
---|---|---|---|---|---|---|---|---|---
   | 1 | 2 | 3 | 4 | 5 | 6 | 7 | 8 |

It took 3 seconds to make this move...


White to move
WEEEOOOEEEEXEXEOEEEXXXOEEEEXOXEEEEEOOXEEEEEEOXEEEEEEEEEEEEEEEEEEE
(1,3)
   | 1 | 2 | 3 | 4 | 5 | 6 | 7 | 8 |
---|---|---|---|---|---|---|---|---|---
 1 |   |   | 0 | 0 | 0 | 0 |   |   | 1 
---|---|---|---|---|---|---|---|---|---
 2 |   |   | 0 |   | X |   | 0 |   | 2 
---|---|---|---|---|---|---|---|---|---
 3 |   |   | 0 | X | X | 0 |   |   | 3 
---|---|---|---|---|---|---|---|---|---
 4 |   |   | 0 | 0 | X |   |   |   | 4 
---|---|---|---|---|---|---|---|---|---
 5 |   |   | 0 | 0 | X |   |   |   | 5 
---|---|---|---|---|---|---|---|---|---
 6 |   |   |   | 0 | X |   |   |   | 6 
---|---|---|---|---|---|---|---|---|---
 7 |   |   |   |   |   |   |   |   | 7 
---|---|---|---|---|---|---|---|---|---
 8 |   |   |   |   |   |   |   |   | 8 
---|---|---|---|---|---|---|---|---|---
   | 1 | 2 | 3 | 4 | 5 | 6 | 7 | 8 |

It took 0 seconds to make this move...


Black to move
BEEOOOOEEEEOEXEOEEEOXXOEEEEOOXEEEEEOOXEEEEEEOXEEEEEEEEEEEEEEEEEEE
(3,7) Depth reached: 5, Nodes searched: 10706
   | 1 | 2 | 3 | 4 | 5 | 6 | 7 | 8 |
---|---|---|---|---|---|---|---|---|---
 1 |   |   | 0 | 0 | 0 | 0 |   |   | 1 
---|---|---|---|---|---|---|---|---|---
 2 |   |   | 0 |   | X |   | 0 |   | 2 
---|---|---|---|---|---|---|---|---|---
 3 |   |   | 0 | X | X | X | X |   | 3 
---|---|---|---|---|---|---|---|---|---
 4 |   |   | 0 | 0 | X |   |   |   | 4 
---|---|---|---|---|---|---|---|---|---
 5 |   |   | 0 | 0 | X |   |   |   | 5 
---|---|---|---|---|---|---|---|---|---
 6 |   |   |   | 0 | X |   |   |   | 6 
---|---|---|---|---|---|---|---|---|---
 7 |   |   |   |   |   |   |   |   | 7 
---|---|---|---|---|---|---|---|---|---
 8 |   |   |   |   |   |   |   |   | 8 
---|---|---|---|---|---|---|---|---|---
   | 1 | 2 | 3 | 4 | 5 | 6 | 7 | 8 |

It took 3 seconds to make this move...


White to move
WEEOOOOEEEEOEXEOEEEOXXXXEEEOOXEEEEEOOXEEEEEEOXEEEEEEEEEEEEEEEEEEE
(3,8)
   | 1 | 2 | 3 | 4 | 5 | 6 | 7 | 8 |
---|---|---|---|---|---|---|---|---|---
 1 |   |   | 0 | 0 | 0 | 0 |   |   | 1 
---|---|---|---|---|---|---|---|---|---
 2 |   |   | 0 |   | X |   | 0 |   | 2 
---|---|---|---|---|---|---|---|---|---
 3 |   |   | 0 | 0 | 0 | 0 | 0 | 0 | 3 
---|---|---|---|---|---|---|---|---|---
 4 |   |   | 0 | 0 | X |   |   |   | 4 
---|---|---|---|---|---|---|---|---|---
 5 |   |   | 0 | 0 | X |   |   |   | 5 
---|---|---|---|---|---|---|---|---|---
 6 |   |   |   | 0 | X |   |   |   | 6 
---|---|---|---|---|---|---|---|---|---
 7 |   |   |   |   |   |   |   |   | 7 
---|---|---|---|---|---|---|---|---|---
 8 |   |   |   |   |   |   |   |   | 8 
---|---|---|---|---|---|---|---|---|---
   | 1 | 2 | 3 | 4 | 5 | 6 | 7 | 8 |

It took 0 seconds to make this move...


Black to move
BEEOOOOEEEEOEXEOEEEOOOOOOEEOOXEEEEEOOXEEEEEEOXEEEEEEEEEEEEEEEEEEE
(1,8) Depth reached: 6, Nodes searched: 7574
   | 1 | 2 | 3 | 4 | 5 | 6 | 7 | 8 |
---|---|---|---|---|---|---|---|---|---
 1 |   |   | 0 | 0 | 0 | 0 |   | X | 1 
---|---|---|---|---|---|---|---|---|---
 2 |   |   | 0 |   | X |   | X |   | 2 
---|---|---|---|---|---|---|---|---|---
 3 |   |   | 0 | 0 | 0 | X | 0 | 0 | 3 
---|---|---|---|---|---|---|---|---|---
 4 |   |   | 0 | 0 | X |   |   |   | 4 
---|---|---|---|---|---|---|---|---|---
 5 |   |   | 0 | 0 | X |   |   |   | 5 
---|---|---|---|---|---|---|---|---|---
 6 |   |   |   | 0 | X |   |   |   | 6 
---|---|---|---|---|---|---|---|---|---
 7 |   |   |   |   |   |   |   |   | 7 
---|---|---|---|---|---|---|---|---|---
 8 |   |   |   |   |   |   |   |   | 8 
---|---|---|---|---|---|---|---|---|---
   | 1 | 2 | 3 | 4 | 5 | 6 | 7 | 8 |

It took 2 seconds to make this move...


White to move
WEEOOOOEXEEOEXEXEEEOOOXOOEEOOXEEEEEOOXEEEEEEOXEEEEEEEEEEEEEEEEEEE
(4,7)
   | 1 | 2 | 3 | 4 | 5 | 6 | 7 | 8 |
---|---|---|---|---|---|---|---|---|---
 1 |   |   | 0 | 0 | 0 | 0 |   | X | 1 
---|---|---|---|---|---|---|---|---|---
 2 |   |   | 0 |   | 0 |   | X |   | 2 
---|---|---|---|---|---|---|---|---|---
 3 |   |   | 0 | 0 | 0 | 0 | 0 | 0 | 3 
---|---|---|---|---|---|---|---|---|---
 4 |   |   | 0 | 0 | X |   | 0 |   | 4 
---|---|---|---|---|---|---|---|---|---
 5 |   |   | 0 | 0 | X |   |   |   | 5 
---|---|---|---|---|---|---|---|---|---
 6 |   |   |   | 0 | X |   |   |   | 6 
---|---|---|---|---|---|---|---|---|---
 7 |   |   |   |   |   |   |   |   | 7 
---|---|---|---|---|---|---|---|---|---
 8 |   |   |   |   |   |   |   |   | 8 
---|---|---|---|---|---|---|---|---|---
   | 1 | 2 | 3 | 4 | 5 | 6 | 7 | 8 |

It took 1 seconds to make this move...


Black to move
BEEOOOOEXEEOEOEXEEEOOOOOOEEOOXEOEEEOOXEEEEEEOXEEEEEEEEEEEEEEEEEEE
(4,2) Depth reached: 6, Nodes searched: 348
   | 1 | 2 | 3 | 4 | 5 | 6 | 7 | 8 |
---|---|---|---|---|---|---|---|---|---
 1 |   |   | 0 | 0 | 0 | 0 |   | X | 1 
---|---|---|---|---|---|---|---|---|---
 2 |   |   | 0 |   | 0 |   | X |   | 2 
---|---|---|---|---|---|---|---|---|---
 3 |   |   | 0 | 0 | 0 | 0 | 0 | 0 | 3 
---|---|---|---|---|---|---|---|---|---
 4 |   | X | X | X | X |   | 0 |   | 4 
---|---|---|---|---|---|---|---|---|---
 5 |   |   | 0 | 0 | X |   |   |   | 5 
---|---|---|---|---|---|---|---|---|---
 6 |   |   |   | 0 | X |   |   |   | 6 
---|---|---|---|---|---|---|---|---|---
 7 |   |   |   |   |   |   |   |   | 7 
---|---|---|---|---|---|---|---|---|---
 8 |   |   |   |   |   |   |   |   | 8 
---|---|---|---|---|---|---|---|---|---
   | 1 | 2 | 3 | 4 | 5 | 6 | 7 | 8 |

It took 2 seconds to make this move...


White to move
WEEOOOOEXEEOEOEXEEEOOOOOOEXXXXEOEEEOOXEEEEEEOXEEEEEEEEEEEEEEEEEEE
(6,6)
   | 1 | 2 | 3 | 4 | 5 | 6 | 7 | 8 |
---|---|---|---|---|---|---|---|---|---
 1 |   |   | 0 | 0 | 0 | 0 |   | X | 1 
---|---|---|---|---|---|---|---|---|---
 2 |   |   | 0 |   | 0 |   | X |   | 2 
---|---|---|---|---|---|---|---|---|---
 3 |   |   | 0 | 0 | 0 | 0 | 0 | 0 | 3 
---|---|---|---|---|---|---|---|---|---
 4 |   | X | X | 0 | X |   | 0 |   | 4 
---|---|---|---|---|---|---|---|---|---
 5 |   |   | 0 | 0 | 0 |   |   |   | 5 
---|---|---|---|---|---|---|---|---|---
 6 |   |   |   | 0 | 0 | 0 |   |   | 6 
---|---|---|---|---|---|---|---|---|---
 7 |   |   |   |   |   |   |   |   | 7 
---|---|---|---|---|---|---|---|---|---
 8 |   |   |   |   |   |   |   |   | 8 
---|---|---|---|---|---|---|---|---|---
   | 1 | 2 | 3 | 4 | 5 | 6 | 7 | 8 |

It took 0 seconds to make this move...


Black to move
BEEOOOOEXEEOEOEXEEEOOOOOOEXXOXEOEEEOOOEEEEEEOOOEEEEEEEEEEEEEEEEEE
(6,3) Depth reached: 6, Nodes searched: 3950
   | 1 | 2 | 3 | 4 | 5 | 6 | 7 | 8 |
---|---|---|---|---|---|---|---|---|---
 1 |   |   | 0 | 0 | 0 | 0 |   | X | 1 
---|---|---|---|---|---|---|---|---|---
 2 |   |   | 0 |   | 0 |   | X |   | 2 
---|---|---|---|---|---|---|---|---|---
 3 |   |   | 0 | 0 | 0 | 0 | 0 | 0 | 3 
---|---|---|---|---|---|---|---|---|---
 4 |   | X | X | 0 | X |   | 0 |   | 4 
---|---|---|---|---|---|---|---|---|---
 5 |   |   | X | X | 0 |   |   |   | 5 
---|---|---|---|---|---|---|---|---|---
 6 |   |   | X | 0 | 0 | 0 |   |   | 6 
---|---|---|---|---|---|---|---|---|---
 7 |   |   |   |   |   |   |   |   | 7 
---|---|---|---|---|---|---|---|---|---
 8 |   |   |   |   |   |   |   |   | 8 
---|---|---|---|---|---|---|---|---|---
   | 1 | 2 | 3 | 4 | 5 | 6 | 7 | 8 |

It took 3 seconds to make this move...


White to move
WEEOOOOEXEEOEOEXEEEOOOOOOEXXOXEOEEEXXOEEEEEXOOOEEEEEEEEEEEEEEEEEE
(4,1)
   | 1 | 2 | 3 | 4 | 5 | 6 | 7 | 8 |
---|---|---|---|---|---|---|---|---|---
 1 |   |   | 0 | 0 | 0 | 0 |   | X | 1 
---|---|---|---|---|---|---|---|---|---
 2 |   |   | 0 |   | 0 |   | X |   | 2 
---|---|---|---|---|---|---|---|---|---
 3 |   |   | 0 | 0 | 0 | 0 | 0 | 0 | 3 
---|---|---|---|---|---|---|---|---|---
 4 | 0 | 0 | 0 | 0 | X |   | 0 |   | 4 
---|---|---|---|---|---|---|---|---|---
 5 |   |   | X | X | 0 |   |   |   | 5 
---|---|---|---|---|---|---|---|---|---
 6 |   |   | X | 0 | 0 | 0 |   |   | 6 
---|---|---|---|---|---|---|---|---|---
 7 |   |   |   |   |   |   |   |   | 7 
---|---|---|---|---|---|---|---|---|---
 8 |   |   |   |   |   |   |   |   | 8 
---|---|---|---|---|---|---|---|---|---
   | 1 | 2 | 3 | 4 | 5 | 6 | 7 | 8 |

It took 0 seconds to make this move...


Black to move
BEEOOOOEXEEOEOEXEEEOOOOOOOOOOXEOEEEXXOEEEEEXOOOEEEEEEEEEEEEEEEEEE
(3,1) Depth reached: 6, Nodes searched: 2662
   | 1 | 2 | 3 | 4 | 5 | 6 | 7 | 8 |
---|---|---|---|---|---|---|---|---|---
 1 |   |   | 0 | 0 | 0 | 0 |   | X | 1 
---|---|---|---|---|---|---|---|---|---
 2 |   |   | 0 |   | 0 |   | X |   | 2 
---|---|---|---|---|---|---|---|---|---
 3 | X |   | 0 | 0 | 0 | 0 | 0 | 0 | 3 
---|---|---|---|---|---|---|---|---|---
 4 | 0 | X | 0 | 0 | X |   | 0 |   | 4 
---|---|---|---|---|---|---|---|---|---
 5 |   |   | X | X | 0 |   |   |   | 5 
---|---|---|---|---|---|---|---|---|---
 6 |   |   | X | 0 | 0 | 0 |   |   | 6 
---|---|---|---|---|---|---|---|---|---
 7 |   |   |   |   |   |   |   |   | 7 
---|---|---|---|---|---|---|---|---|---
 8 |   |   |   |   |   |   |   |   | 8 
---|---|---|---|---|---|---|---|---|---
   | 1 | 2 | 3 | 4 | 5 | 6 | 7 | 8 |

It took 3 seconds to make this move...


White to move
WEEOOOOEXEEOEOEXEXEOOOOOOOXOOXEOEEEXXOEEEEEXOOOEEEEEEEEEEEEEEEEEE
(2,1)
   | 1 | 2 | 3 | 4 | 5 | 6 | 7 | 8 |
---|---|---|---|---|---|---|---|---|---
 1 |   |   | 0 | 0 | 0 | 0 |   | X | 1 
---|---|---|---|---|---|---|---|---|---
 2 | 0 |   | 0 |   | 0 |   | X |   | 2 
---|---|---|---|---|---|---|---|---|---
 3 | 0 |   | 0 | 0 | 0 | 0 | 0 | 0 | 3 
---|---|---|---|---|---|---|---|---|---
 4 | 0 | X | 0 | 0 | X |   | 0 |   | 4 
---|---|---|---|---|---|---|---|---|---
 5 |   |   | X | X | 0 |   |   |   | 5 
---|---|---|---|---|---|---|---|---|---
 6 |   |   | X | 0 | 0 | 0 |   |   | 6 
---|---|---|---|---|---|---|---|---|---
 7 |   |   |   |   |   |   |   |   | 7 
---|---|---|---|---|---|---|---|---|---
 8 |   |   |   |   |   |   |   |   | 8 
---|---|---|---|---|---|---|---|---|---
   | 1 | 2 | 3 | 4 | 5 | 6 | 7 | 8 |

It took 0 seconds to make this move...


Black to move
BEEOOOOEXOEOEOEXEOEOOOOOOOXOOXEOEEEXXOEEEEEXOOOEEEEEEEEEEEEEEEEEE
(5,7) Depth reached: 6, Nodes searched: 1958
   | 1 | 2 | 3 | 4 | 5 | 6 | 7 | 8 |
---|---|---|---|---|---|---|---|---|---
 1 |   |   | 0 | 0 | 0 | 0 |   | X | 1 
---|---|---|---|---|---|---|---|---|---
 2 | 0 |   | 0 |   | 0 |   | X |   | 2 
---|---|---|---|---|---|---|---|---|---
 3 | 0 |   | 0 | 0 | 0 | 0 | X | 0 | 3 
---|---|---|---|---|---|---|---|---|---
 4 | 0 | X | 0 | 0 | X |   | X |   | 4 
---|---|---|---|---|---|---|---|---|---
 5 |   |   | X | X | 0 |   | X |   | 5 
---|---|---|---|---|---|---|---|---|---
 6 |   |   | X | 0 | 0 | 0 |   |   | 6 
---|---|---|---|---|---|---|---|---|---
 7 |   |   |   |   |   |   |   |   | 7 
---|---|---|---|---|---|---|---|---|---
 8 |   |   |   |   |   |   |   |   | 8 
---|---|---|---|---|---|---|---|---|---
   | 1 | 2 | 3 | 4 | 5 | 6 | 7 | 8 |

It took 3 seconds to make this move...


White to move
WEEOOOOEXOEOEOEXEOEOOOOXOOXOOXEXEEEXXOEXEEEXOOOEEEEEEEEEEEEEEEEEE
(4,8)
   | 1 | 2 | 3 | 4 | 5 | 6 | 7 | 8 |
---|---|---|---|---|---|---|---|---|---
 1 |   |   | 0 | 0 | 0 | 0 |   | X | 1 
---|---|---|---|---|---|---|---|---|---
 2 | 0 |   | 0 |   | 0 |   | X |   | 2 
---|---|---|---|---|---|---|---|---|---
 3 | 0 |   | 0 | 0 | 0 | 0 | X | 0 | 3 
---|---|---|---|---|---|---|---|---|---
 4 | 0 | X | 0 | 0 | X |   | X | 0 | 4 
---|---|---|---|---|---|---|---|---|---
 5 |   |   | X | X | 0 |   | 0 |   | 5 
---|---|---|---|---|---|---|---|---|---
 6 |   |   | X | 0 | 0 | 0 |   |   | 6 
---|---|---|---|---|---|---|---|---|---
 7 |   |   |   |   |   |   |   |   | 7 
---|---|---|---|---|---|---|---|---|---
 8 |   |   |   |   |   |   |   |   | 8 
---|---|---|---|---|---|---|---|---|---
   | 1 | 2 | 3 | 4 | 5 | 6 | 7 | 8 |

It took 1 seconds to make this move...


Black to move
BEEOOOOEXOEOEOEXEOEOOOOXOOXOOXEXOEEXXOEOEEEXOOOEEEEEEEEEEEEEEEEEE
(3,2) Depth reached: 6, Nodes searched: 2453
   | 1 | 2 | 3 | 4 | 5 | 6 | 7 | 8 |
---|---|---|---|---|---|---|---|---|---
 1 |   |   | 0 | 0 | 0 | 0 |   | X | 1 
---|---|---|---|---|---|---|---|---|---
 2 | 0 |   | 0 |   | 0 |   | X |   | 2 
---|---|---|---|---|---|---|---|---|---
 3 | 0 | X | X | X | X | X | X | 0 | 3 
---|---|---|---|---|---|---|---|---|---
 4 | 0 | X | X | 0 | X |   | X | 0 | 4 
---|---|---|---|---|---|---|---|---|---
 5 |   |   | X | X | 0 |   | 0 |   | 5 
---|---|---|---|---|---|---|---|---|---
 6 |   |   | X | 0 | 0 | 0 |   |   | 6 
---|---|---|---|---|---|---|---|---|---
 7 |   |   |   |   |   |   |   |   | 7 
---|---|---|---|---|---|---|---|---|---
 8 |   |   |   |   |   |   |   |   | 8 
---|---|---|---|---|---|---|---|---|---
   | 1 | 2 | 3 | 4 | 5 | 6 | 7 | 8 |

It took 2 seconds to make this move...


White to move
WEEOOOOEXOEOEOEXEOXXXXXXOOXXOXEXOEEXXOEOEEEXOOOEEEEEEEEEEEEEEEEEE
(2,4)
   | 1 | 2 | 3 | 4 | 5 | 6 | 7 | 8 |
---|---|---|---|---|---|---|---|---|---
 1 |   |   | 0 | 0 | 0 | 0 |   | X | 1 
---|---|---|---|---|---|---|---|---|---
 2 | 0 |   | 0 | 0 | 0 |   | X |   | 2 
---|---|---|---|---|---|---|---|---|---
 3 | 0 | X | X | 0 | X | X | X | 0 | 3 
---|---|---|---|---|---|---|---|---|---
 4 | 0 | X | X | 0 | X |   | X | 0 | 4 
---|---|---|---|---|---|---|---|---|---
 5 |   |   | X | X | 0 |   | 0 |   | 5 
---|---|---|---|---|---|---|---|---|---
 6 |   |   | X | 0 | 0 | 0 |   |   | 6 
---|---|---|---|---|---|---|---|---|---
 7 |   |   |   |   |   |   |   |   | 7 
---|---|---|---|---|---|---|---|---|---
 8 |   |   |   |   |   |   |   |   | 8 
---|---|---|---|---|---|---|---|---|---
   | 1 | 2 | 3 | 4 | 5 | 6 | 7 | 8 |

It took 0 seconds to make this move...


Black to move
BEEOOOOEXOEOOOEXEOXXOXXXOOXXOXEXOEEXXOEOEEEXOOOEEEEEEEEEEEEEEEEEE
(6,7) Depth reached: 6, Nodes searched: 3127
   | 1 | 2 | 3 | 4 | 5 | 6 | 7 | 8 |
---|---|---|---|---|---|---|---|---|---
 1 |   |   | 0 | 0 | 0 | 0 |   | X | 1 
---|---|---|---|---|---|---|---|---|---
 2 | 0 |   | 0 | 0 | 0 |   | X |   | 2 
---|---|---|---|---|---|---|---|---|---
 3 | 0 | X | X | 0 | X | X | X | 0 | 3 
---|---|---|---|---|---|---|---|---|---
 4 | 0 | X | X | 0 | X |   | X | 0 | 4 
---|---|---|---|---|---|---|---|---|---
 5 |   |   | X | X | 0 |   | X |   | 5 
---|---|---|---|---|---|---|---|---|---
 6 |   |   | X | X | X | X | X |   | 6 
---|---|---|---|---|---|---|---|---|---
 7 |   |   |   |   |   |   |   |   | 7 
---|---|---|---|---|---|---|---|---|---
 8 |   |   |   |   |   |   |   |   | 8 
---|---|---|---|---|---|---|---|---|---
   | 1 | 2 | 3 | 4 | 5 | 6 | 7 | 8 |

It took 3 seconds to make this move...


White to move
WEEOOOOEXOEOOOEXEOXXOXXXOOXXOXEXOEEXXOEXEEEXXXXXEEEEEEEEEEEEEEEEE
(4,6)
   | 1 | 2 | 3 | 4 | 5 | 6 | 7 | 8 |
---|---|---|---|---|---|---|---|---|---
 1 |   |   | 0 | 0 | 0 | 0 |   | X | 1 
---|---|---|---|---|---|---|---|---|---
 2 | 0 |   | 0 | 0 | 0 |   | X |   | 2 
---|---|---|---|---|---|---|---|---|---
 3 | 0 | X | X | 0 | 0 | X | X | 0 | 3 
---|---|---|---|---|---|---|---|---|---
 4 | 0 | X | X | 0 | 0 | 0 | 0 | 0 | 4 
---|---|---|---|---|---|---|---|---|---
 5 |   |   | X | X | 0 |   | X |   | 5 
---|---|---|---|---|---|---|---|---|---
 6 |   |   | X | X | X | X | X |   | 6 
---|---|---|---|---|---|---|---|---|---
 7 |   |   |   |   |   |   |   |   | 7 
---|---|---|---|---|---|---|---|---|---
 8 |   |   |   |   |   |   |   |   | 8 
---|---|---|---|---|---|---|---|---|---
   | 1 | 2 | 3 | 4 | 5 | 6 | 7 | 8 |

It took 0 seconds to make this move...


Black to move
BEEOOOOEXOEOOOEXEOXXOOXXOOXXOOOOOEEXXOEXEEEXXXXXEEEEEEEEEEEEEEEEE
(5,8) Depth reached: 6, Nodes searched: 8548
   | 1 | 2 | 3 | 4 | 5 | 6 | 7 | 8 |
---|---|---|---|---|---|---|---|---|---
 1 |   |   | 0 | 0 | 0 | 0 |   | X | 1 
---|---|---|---|---|---|---|---|---|---
 2 | 0 |   | 0 | 0 | 0 |   | X |   | 2 
---|---|---|---|---|---|---|---|---|---
 3 | 0 | X | X | 0 | 0 | X | X | 0 | 3 
---|---|---|---|---|---|---|---|---|---
 4 | 0 | X | X | 0 | 0 | 0 | X | 0 | 4 
---|---|---|---|---|---|---|---|---|---
 5 |   |   | X | X | 0 |   | X | X | 5 
---|---|---|---|---|---|---|---|---|---
 6 |   |   | X | X | X | X | X |   | 6 
---|---|---|---|---|---|---|---|---|---
 7 |   |   |   |   |   |   |   |   | 7 
---|---|---|---|---|---|---|---|---|---
 8 |   |   |   |   |   |   |   |   | 8 
---|---|---|---|---|---|---|---|---|---
   | 1 | 2 | 3 | 4 | 5 | 6 | 7 | 8 |

It took 3 seconds to make this move...


White to move
WEEOOOOEXOEOOOEXEOXXOOXXOOXXOOOXOEEXXOEXXEEXXXXXEEEEEEEEEEEEEEEEE
(6,8)
   | 1 | 2 | 3 | 4 | 5 | 6 | 7 | 8 |
---|---|---|---|---|---|---|---|---|---
 1 |   |   | 0 | 0 | 0 | 0 |   | X | 1 
---|---|---|---|---|---|---|---|---|---
 2 | 0 |   | 0 | 0 | 0 |   | X |   | 2 
---|---|---|---|---|---|---|---|---|---
 3 | 0 | X | X | 0 | 0 | X | X | 0 | 3 
---|---|---|---|---|---|---|---|---|---
 4 | 0 | X | X | 0 | 0 | 0 | X | 0 | 4 
---|---|---|---|---|---|---|---|---|---
 5 |   |   | X | X | 0 |   | 0 | 0 | 5 
---|---|---|---|---|---|---|---|---|---
 6 |   |   | X | X | X | X | X | 0 | 6 
---|---|---|---|---|---|---|---|---|---
 7 |   |   |   |   |   |   |   |   | 7 
---|---|---|---|---|---|---|---|---|---
 8 |   |   |   |   |   |   |   |   | 8 
---|---|---|---|---|---|---|---|---|---
   | 1 | 2 | 3 | 4 | 5 | 6 | 7 | 8 |

It took 0 seconds to make this move...


Black to move
BEEOOOOEXOEOOOEXEOXXOOXXOOXXOOOXOEEXXOEOOEEXXXXXOEEEEEEEEEEEEEEEE
(5,6) Depth reached: 7, Nodes searched: 8938
   | 1 | 2 | 3 | 4 | 5 | 6 | 7 | 8 |
---|---|---|---|---|---|---|---|---|---
 1 |   |   | 0 | 0 | 0 | 0 |   | X | 1 
---|---|---|---|---|---|---|---|---|---
 2 | 0 |   | 0 | 0 | 0 |   | X |   | 2 
---|---|---|---|---|---|---|---|---|---
 3 | 0 | X | X | 0 | 0 | X | X | 0 | 3 
---|---|---|---|---|---|---|---|---|---
 4 | 0 | X | X | 0 | 0 | X | X | 0 | 4 
---|---|---|---|---|---|---|---|---|---
 5 |   |   | X | X | X | X | 0 | 0 | 5 
---|---|---|---|---|---|---|---|---|---
 6 |   |   | X | X | X | X | X | 0 | 6 
---|---|---|---|---|---|---|---|---|---
 7 |   |   |   |   |   |   |   |   | 7 
---|---|---|---|---|---|---|---|---|---
 8 |   |   |   |   |   |   |   |   | 8 
---|---|---|---|---|---|---|---|---|---
   | 1 | 2 | 3 | 4 | 5 | 6 | 7 | 8 |

It took 3 seconds to make this move...


White to move
WEEOOOOEXOEOOOEXEOXXOOXXOOXXOOXXOEEXXXXOOEEXXXXXOEEEEEEEEEEEEEEEE
(5,1)
   | 1 | 2 | 3 | 4 | 5 | 6 | 7 | 8 |
---|---|---|---|---|---|---|---|---|---
 1 |   |   | 0 | 0 | 0 | 0 |   | X | 1 
---|---|---|---|---|---|---|---|---|---
 2 | 0 |   | 0 | 0 | 0 |   | X |   | 2 
---|---|---|---|---|---|---|---|---|---
 3 | 0 | X | 0 | 0 | 0 | X | X | 0 | 3 
---|---|---|---|---|---|---|---|---|---
 4 | 0 | 0 | X | 0 | 0 | X | X | 0 | 4 
---|---|---|---|---|---|---|---|---|---
 5 | 0 |   | X | X | X | X | 0 | 0 | 5 
---|---|---|---|---|---|---|---|---|---
 6 |   |   | X | X | X | X | X | 0 | 6 
---|---|---|---|---|---|---|---|---|---
 7 |   |   |   |   |   |   |   |   | 7 
---|---|---|---|---|---|---|---|---|---
 8 |   |   |   |   |   |   |   |   | 8 
---|---|---|---|---|---|---|---|---|---
   | 1 | 2 | 3 | 4 | 5 | 6 | 7 | 8 |

It took 0 seconds to make this move...


Black to move
BEEOOOOEXOEOOOEXEOXOOOXXOOOXOOXXOOEXXXXOOEEXXXXXOEEEEEEEEEEEEEEEE
(5,2) Depth reached: 7, Nodes searched: 6067
   | 1 | 2 | 3 | 4 | 5 | 6 | 7 | 8 |
---|---|---|---|---|---|---|---|---|---
 1 |   |   | 0 | 0 | 0 | 0 |   | X | 1 
---|---|---|---|---|---|---|---|---|---
 2 | 0 |   | 0 | 0 | 0 |   | X |   | 2 
---|---|---|---|---|---|---|---|---|---
 3 | 0 | X | 0 | 0 | 0 | X | X | 0 | 3 
---|---|---|---|---|---|---|---|---|---
 4 | 0 | X | X | 0 | 0 | X | X | 0 | 4 
---|---|---|---|---|---|---|---|---|---
 5 | 0 | X | X | X | X | X | 0 | 0 | 5 
---|---|---|---|---|---|---|---|---|---
 6 |   |   | X | X | X | X | X | 0 | 6 
---|---|---|---|---|---|---|---|---|---
 7 |   |   |   |   |   |   |   |   | 7 
---|---|---|---|---|---|---|---|---|---
 8 |   |   |   |   |   |   |   |   | 8 
---|---|---|---|---|---|---|---|---|---
   | 1 | 2 | 3 | 4 | 5 | 6 | 7 | 8 |

It took 3 seconds to make this move...


White to move
WEEOOOOEXOEOOOEXEOXOOOXXOOXXOOXXOOXXXXXOOEEXXXXXOEEEEEEEEEEEEEEEE
(7,5)
   | 1 | 2 | 3 | 4 | 5 | 6 | 7 | 8 |
---|---|---|---|---|---|---|---|---|---
 1 |   |   | 0 | 0 | 0 | 0 |   | X | 1 
---|---|---|---|---|---|---|---|---|---
 2 | 0 |   | 0 | 0 | 0 |   | X |   | 2 
---|---|---|---|---|---|---|---|---|---
 3 | 0 | X | 0 | 0 | 0 | X | X | 0 | 3 
---|---|---|---|---|---|---|---|---|---
 4 | 0 | 0 | X | 0 | 0 | X | X | 0 | 4 
---|---|---|---|---|---|---|---|---|---
 5 | 0 | X | 0 | X | 0 | X | 0 | 0 | 5 
---|---|---|---|---|---|---|---|---|---
 6 |   |   | X | 0 | 0 | 0 | X | 0 | 6 
---|---|---|---|---|---|---|---|---|---
 7 |   |   |   |   | 0 |   |   |   | 7 
---|---|---|---|---|---|---|---|---|---
 8 |   |   |   |   |   |   |   |   | 8 
---|---|---|---|---|---|---|---|---|---
   | 1 | 2 | 3 | 4 | 5 | 6 | 7 | 8 |

It took 0 seconds to make this move...


Black to move
BEEOOOOEXOEOOOEXEOXOOOXXOOOXOOXXOOXOXOXOOEEXOOOXOEEEEOEEEEEEEEEEE
(7,3) Depth reached: 6, Nodes searched: 16534
   | 1 | 2 | 3 | 4 | 5 | 6 | 7 | 8 |
---|---|---|---|---|---|---|---|---|---
 1 |   |   | 0 | 0 | 0 | 0 |   | X | 1 
---|---|---|---|---|---|---|---|---|---
 2 | 0 |   | 0 | 0 | 0 |   | X |   | 2 
---|---|---|---|---|---|---|---|---|---
 3 | 0 | X | 0 | 0 | 0 | X | X | 0 | 3 
---|---|---|---|---|---|---|---|---|---
 4 | 0 | 0 | X | 0 | 0 | X | X | 0 | 4 
---|---|---|---|---|---|---|---|---|---
 5 | 0 | X | 0 | X | X | X | 0 | 0 | 5 
---|---|---|---|---|---|---|---|---|---
 6 |   |   | X | X | 0 | 0 | X | 0 | 6 
---|---|---|---|---|---|---|---|---|---
 7 |   |   | X |   | 0 |   |   |   | 7 
---|---|---|---|---|---|---|---|---|---
 8 |   |   |   |   |   |   |   |   | 8 
---|---|---|---|---|---|---|---|---|---
   | 1 | 2 | 3 | 4 | 5 | 6 | 7 | 8 |

It took 3 seconds to make this move...


White to move
WEEOOOOEXOEOOOEXEOXOOOXXOOOXOOXXOOXOXXXOOEEXXOOXOEEXEOEEEEEEEEEEE
(7,8)
   | 1 | 2 | 3 | 4 | 5 | 6 | 7 | 8 |
---|---|---|---|---|---|---|---|---|---
 1 |   |   | 0 | 0 | 0 | 0 |   | X | 1 
---|---|---|---|---|---|---|---|---|---
 2 | 0 |   | 0 | 0 | 0 |   | X |   | 2 
---|---|---|---|---|---|---|---|---|---
 3 | 0 | X | 0 | 0 | 0 | X | X | 0 | 3 
---|---|---|---|---|---|---|---|---|---
 4 | 0 | 0 | X | 0 | 0 | X | X | 0 | 4 
---|---|---|---|---|---|---|---|---|---
 5 | 0 | X | 0 | X | X | 0 | 0 | 0 | 5 
---|---|---|---|---|---|---|---|---|---
 6 |   |   | X | X | 0 | 0 | 0 | 0 | 6 
---|---|---|---|---|---|---|---|---|---
 7 |   |   | X |   | 0 |   |   | 0 | 7 
---|---|---|---|---|---|---|---|---|---
 8 |   |   |   |   |   |   |   |   | 8 
---|---|---|---|---|---|---|---|---|---
   | 1 | 2 | 3 | 4 | 5 | 6 | 7 | 8 |

It took 0 seconds to make this move...


Black to move
BEEOOOOEXOEOOOEXEOXOOOXXOOOXOOXXOOXOXXOOOEEXXOOOOEEXEOEEOEEEEEEEE
(8,5) Depth reached: 6, Nodes searched: 20841
   | 1 | 2 | 3 | 4 | 5 | 6 | 7 | 8 |
---|---|---|---|---|---|---|---|---|---
 1 |   |   | 0 | 0 | 0 | 0 |   | X | 1 
---|---|---|---|---|---|---|---|---|---
 2 | 0 |   | 0 | 0 | 0 |   | X |   | 2 
---|---|---|---|---|---|---|---|---|---
 3 | 0 | X | 0 | 0 | 0 | X | X | 0 | 3 
---|---|---|---|---|---|---|---|---|---
 4 | 0 | 0 | X | 0 | 0 | X | X | 0 | 4 
---|---|---|---|---|---|---|---|---|---
 5 | 0 | X | 0 | X | X | 0 | 0 | 0 | 5 
---|---|---|---|---|---|---|---|---|---
 6 |   |   | X | X | X | 0 | 0 | 0 | 6 
---|---|---|---|---|---|---|---|---|---
 7 |   |   | X |   | X |   |   | 0 | 7 
---|---|---|---|---|---|---|---|---|---
 8 |   |   |   |   | X |   |   |   | 8 
---|---|---|---|---|---|---|---|---|---
   | 1 | 2 | 3 | 4 | 5 | 6 | 7 | 8 |

It took 3 seconds to make this move...


White to move
WEEOOOOEXOEOOOEXEOXOOOXXOOOXOOXXOOXOXXOOOEEXXXOOOEEXEXEEOEEEEXEEE
(6,1)
   | 1 | 2 | 3 | 4 | 5 | 6 | 7 | 8 |
---|---|---|---|---|---|---|---|---|---
 1 |   |   | 0 | 0 | 0 | 0 |   | X | 1 
---|---|---|---|---|---|---|---|---|---
 2 | 0 |   | 0 | 0 | 0 |   | X |   | 2 
---|---|---|---|---|---|---|---|---|---
 3 | 0 | X | 0 | 0 | 0 | X | X | 0 | 3 
---|---|---|---|---|---|---|---|---|---
 4 | 0 | 0 | 0 | 0 | 0 | X | X | 0 | 4 
---|---|---|---|---|---|---|---|---|---
 5 | 0 | 0 | 0 | X | X | 0 | 0 | 0 | 5 
---|---|---|---|---|---|---|---|---|---
 6 | 0 |   | X | X | X | 0 | 0 | 0 | 6 
---|---|---|---|---|---|---|---|---|---
 7 |   |   | X |   | X |   |   | 0 | 7 
---|---|---|---|---|---|---|---|---|---
 8 |   |   |   |   | X |   |   |   | 8 
---|---|---|---|---|---|---|---|---|---
   | 1 | 2 | 3 | 4 | 5 | 6 | 7 | 8 |

It took 1 seconds to make this move...


Black to move
BEEOOOOEXOEOOOEXEOXOOOXXOOOOOOXXOOOOXXOOOOEXXXOOOEEXEXEEOEEEEXEEE
(6,2) Depth reached: 7, Nodes searched: 14043
   | 1 | 2 | 3 | 4 | 5 | 6 | 7 | 8 |
---|---|---|---|---|---|---|---|---|---
 1 |   |   | 0 | 0 | 0 | 0 |   | X | 1 
---|---|---|---|---|---|---|---|---|---
 2 | 0 |   | 0 | 0 | 0 |   | X |   | 2 
---|---|---|---|---|---|---|---|---|---
 3 | 0 | X | 0 | 0 | 0 | X | X | 0 | 3 
---|---|---|---|---|---|---|---|---|---
 4 | 0 | X | 0 | 0 | 0 | X | X | 0 | 4 
---|---|---|---|---|---|---|---|---|---
 5 | 0 | X | 0 | X | X | 0 | 0 | 0 | 5 
---|---|---|---|---|---|---|---|---|---
 6 | 0 | X | X | X | X | 0 | 0 | 0 | 6 
---|---|---|---|---|---|---|---|---|---
 7 |   |   | X |   | X |   |   | 0 | 7 
---|---|---|---|---|---|---|---|---|---
 8 |   |   |   |   | X |   |   |   | 8 
---|---|---|---|---|---|---|---|---|---
   | 1 | 2 | 3 | 4 | 5 | 6 | 7 | 8 |

It took 2 seconds to make this move...


White to move
WEEOOOOEXOEOOOEXEOXOOOXXOOXOOOXXOOXOXXOOOOXXXXOOOEEXEXEEOEEEEXEEE
(7,1)
   | 1 | 2 | 3 | 4 | 5 | 6 | 7 | 8 |
---|---|---|---|---|---|---|---|---|---
 1 |   |   | 0 | 0 | 0 | 0 |   | X | 1 
---|---|---|---|---|---|---|---|---|---
 2 | 0 |   | 0 | 0 | 0 |   | X |   | 2 
---|---|---|---|---|---|---|---|---|---
 3 | 0 | X | 0 | 0 | 0 | X | X | 0 | 3 
---|---|---|---|---|---|---|---|---|---
 4 | 0 | X | 0 | 0 | 0 | X | X | 0 | 4 
---|---|---|---|---|---|---|---|---|---
 5 | 0 | X | 0 | X | X | 0 | 0 | 0 | 5 
---|---|---|---|---|---|---|---|---|---
 6 | 0 | 0 | X | X | X | 0 | 0 | 0 | 6 
---|---|---|---|---|---|---|---|---|---
 7 | 0 |   | X |   | X |   |   | 0 | 7 
---|---|---|---|---|---|---|---|---|---
 8 |   |   |   |   | X |   |   |   | 8 
---|---|---|---|---|---|---|---|---|---
   | 1 | 2 | 3 | 4 | 5 | 6 | 7 | 8 |

It took 0 seconds to make this move...


Black to move
BEEOOOOEXOEOOOEXEOXOOOXXOOXOOOXXOOXOXXOOOOOXXXOOOOEXEXEEOEEEEXEEE
(2,2) Depth reached: 7, Nodes searched: 10277
   | 1 | 2 | 3 | 4 | 5 | 6 | 7 | 8 |
---|---|---|---|---|---|---|---|---|---
 1 |   |   | 0 | 0 | 0 | 0 |   | X | 1 
---|---|---|---|---|---|---|---|---|---
 2 | 0 | X | 0 | 0 | 0 |   | X |   | 2 
---|---|---|---|---|---|---|---|---|---
 3 | 0 | X | X | 0 | 0 | X | X | 0 | 3 
---|---|---|---|---|---|---|---|---|---
 4 | 0 | X | 0 | X | 0 | X | X | 0 | 4 
---|---|---|---|---|---|---|---|---|---
 5 | 0 | X | 0 | X | X | 0 | 0 | 0 | 5 
---|---|---|---|---|---|---|---|---|---
 6 | 0 | 0 | X | X | X | 0 | 0 | 0 | 6 
---|---|---|---|---|---|---|---|---|---
 7 | 0 |   | X |   | X |   |   | 0 | 7 
---|---|---|---|---|---|---|---|---|---
 8 |   |   |   |   | X |   |   |   | 8 
---|---|---|---|---|---|---|---|---|---
   | 1 | 2 | 3 | 4 | 5 | 6 | 7 | 8 |

It took 3 seconds to make this move...


White to move
WEEOOOOEXOXOOOEXEOXXOOXXOOXOXOXXOOXOXXOOOOOXXXOOOOEXEXEEOEEEEXEEE
(1,1)
   | 1 | 2 | 3 | 4 | 5 | 6 | 7 | 8 |
---|---|---|---|---|---|---|---|---|---
 1 | 0 |   | 0 | 0 | 0 | 0 |   | X | 1 
---|---|---|---|---|---|---|---|---|---
 2 | 0 | 0 | 0 | 0 | 0 |   | X |   | 2 
---|---|---|---|---|---|---|---|---|---
 3 | 0 | X | 0 | 0 | 0 | X | X | 0 | 3 
---|---|---|---|---|---|---|---|---|---
 4 | 0 | X | 0 | 0 | 0 | X | X | 0 | 4 
---|---|---|---|---|---|---|---|---|---
 5 | 0 | X | 0 | X | 0 | 0 | 0 | 0 | 5 
---|---|---|---|---|---|---|---|---|---
 6 | 0 | 0 | X | X | X | 0 | 0 | 0 | 6 
---|---|---|---|---|---|---|---|---|---
 7 | 0 |   | X |   | X |   |   | 0 | 7 
---|---|---|---|---|---|---|---|---|---
 8 |   |   |   |   | X |   |   |   | 8 
---|---|---|---|---|---|---|---|---|---
   | 1 | 2 | 3 | 4 | 5 | 6 | 7 | 8 |

It took 0 seconds to make this move...


Black to move
BOEOOOOEXOOOOOEXEOXOOOXXOOXOOOXXOOXOXOOOOOOXXXOOOOEXEXEEOEEEEXEEE
(1,2) Depth reached: 7, Nodes searched: 14624
   | 1 | 2 | 3 | 4 | 5 | 6 | 7 | 8 |
---|---|---|---|---|---|---|---|---|---
 1 | 0 | X | 0 | 0 | 0 | 0 |   | X | 1 
---|---|---|---|---|---|---|---|---|---
 2 | 0 | X | 0 | 0 | 0 |   | X |   | 2 
---|---|---|---|---|---|---|---|---|---
 3 | 0 | X | 0 | 0 | 0 | X | X | 0 | 3 
---|---|---|---|---|---|---|---|---|---
 4 | 0 | X | 0 | 0 | 0 | X | X | 0 | 4 
---|---|---|---|---|---|---|---|---|---
 5 | 0 | X | 0 | X | 0 | 0 | 0 | 0 | 5 
---|---|---|---|---|---|---|---|---|---
 6 | 0 | 0 | X | X | X | 0 | 0 | 0 | 6 
---|---|---|---|---|---|---|---|---|---
 7 | 0 |   | X |   | X |   |   | 0 | 7 
---|---|---|---|---|---|---|---|---|---
 8 |   |   |   |   | X |   |   |   | 8 
---|---|---|---|---|---|---|---|---|---
   | 1 | 2 | 3 | 4 | 5 | 6 | 7 | 8 |

It took 3 seconds to make this move...


White to move
WOXOOOOEXOXOOOEXEOXOOOXXOOXOOOXXOOXOXOOOOOOXXXOOOOEXEXEEOEEEEXEEE
(1,7)
   | 1 | 2 | 3 | 4 | 5 | 6 | 7 | 8 |
---|---|---|---|---|---|---|---|---|---
 1 | 0 | X | 0 | 0 | 0 | 0 | 0 | X | 1 
---|---|---|---|---|---|---|---|---|---
 2 | 0 | X | 0 | 0 | 0 |   | 0 |   | 2 
---|---|---|---|---|---|---|---|---|---
 3 | 0 | X | 0 | 0 | 0 | X | 0 | 0 | 3 
---|---|---|---|---|---|---|---|---|---
 4 | 0 | X | 0 | 0 | 0 | X | 0 | 0 | 4 
---|---|---|---|---|---|---|---|---|---
 5 | 0 | X | 0 | X | 0 | 0 | 0 | 0 | 5 
---|---|---|---|---|---|---|---|---|---
 6 | 0 | 0 | X | X | X | 0 | 0 | 0 | 6 
---|---|---|---|---|---|---|---|---|---
 7 | 0 |   | X |   | X |   |   | 0 | 7 
---|---|---|---|---|---|---|---|---|---
 8 |   |   |   |   | X |   |   |   | 8 
---|---|---|---|---|---|---|---|---|---
   | 1 | 2 | 3 | 4 | 5 | 6 | 7 | 8 |

It took 0 seconds to make this move...


Black to move
BOXOOOOOXOXOOOEOEOXOOOXOOOXOOOXOOOXOXOOOOOOXXXOOOOEXEXEEOEEEEXEEE
(2,6) Depth reached: 8, Nodes searched: 27144
   | 1 | 2 | 3 | 4 | 5 | 6 | 7 | 8 |
---|---|---|---|---|---|---|---|---|---
 1 | 0 | X | 0 | 0 | 0 | 0 | 0 | X | 1 
---|---|---|---|---|---|---|---|---|---
 2 | 0 | X | X | X | X | X | 0 |   | 2 
---|---|---|---|---|---|---|---|---|---
 3 | 0 | X | 0 | 0 | 0 | X | 0 | 0 | 3 
---|---|---|---|---|---|---|---|---|---
 4 | 0 | X | 0 | 0 | 0 | X | 0 | 0 | 4 
---|---|---|---|---|---|---|---|---|---
 5 | 0 | X | 0 | X | 0 | 0 | 0 | 0 | 5 
---|---|---|---|---|---|---|---|---|---
 6 | 0 | 0 | X | X | X | 0 | 0 | 0 | 6 
---|---|---|---|---|---|---|---|---|---
 7 | 0 |   | X |   | X |   |   | 0 | 7 
---|---|---|---|---|---|---|---|---|---
 8 |   |   |   |   | X |   |   |   | 8 
---|---|---|---|---|---|---|---|---|---
   | 1 | 2 | 3 | 4 | 5 | 6 | 7 | 8 |

It took 3 seconds to make this move...


White to move
WOXOOOOOXOXXXXXOEOXOOOXOOOXOOOXOOOXOXOOOOOOXXXOOOOEXEXEEOEEEEXEEE
(7,2)
   | 1 | 2 | 3 | 4 | 5 | 6 | 7 | 8 |
---|---|---|---|---|---|---|---|---|---
 1 | 0 | X | 0 | 0 | 0 | 0 | 0 | X | 1 
---|---|---|---|---|---|---|---|---|---
 2 | 0 | X | X | X | X | X | 0 |   | 2 
---|---|---|---|---|---|---|---|---|---
 3 | 0 | X | 0 | 0 | 0 | X | 0 | 0 | 3 
---|---|---|---|---|---|---|---|---|---
 4 | 0 | X | 0 | 0 | 0 | X | 0 | 0 | 4 
---|---|---|---|---|---|---|---|---|---
 5 | 0 | X | 0 | 0 | 0 | 0 | 0 | 0 | 5 
---|---|---|---|---|---|---|---|---|---
 6 | 0 | 0 | 0 | X | X | 0 | 0 | 0 | 6 
---|---|---|---|---|---|---|---|---|---
 7 | 0 | 0 | X |   | X |   |   | 0 | 7 
---|---|---|---|---|---|---|---|---|---
 8 |   |   |   |   | X |   |   |   | 8 
---|---|---|---|---|---|---|---|---|---
   | 1 | 2 | 3 | 4 | 5 | 6 | 7 | 8 |

It took 0 seconds to make this move...


Black to move
BOXOOOOOXOXXXXXOEOXOOOXOOOXOOOXOOOXOOOOOOOOOXXOOOOOXEXEEOEEEEXEEE
(7,4) Depth reached: 9, Nodes searched: 20544
   | 1 | 2 | 3 | 4 | 5 | 6 | 7 | 8 |
---|---|---|---|---|---|---|---|---|---
 1 | 0 | X | 0 | 0 | 0 | 0 | 0 | X | 1 
---|---|---|---|---|---|---|---|---|---
 2 | 0 | X | X | X | X | X | 0 |   | 2 
---|---|---|---|---|---|---|---|---|---
 3 | 0 | X | 0 | 0 | 0 | X | 0 | 0 | 3 
---|---|---|---|---|---|---|---|---|---
 4 | 0 | X | 0 | 0 | 0 | X | 0 | 0 | 4 
---|---|---|---|---|---|---|---|---|---
 5 | 0 | X | 0 | 0 | 0 | 0 | 0 | 0 | 5 
---|---|---|---|---|---|---|---|---|---
 6 | 0 | 0 | X | X | X | 0 | 0 | 0 | 6 
---|---|---|---|---|---|---|---|---|---
 7 | 0 | 0 | X | X | X |   |   | 0 | 7 
---|---|---|---|---|---|---|---|---|---
 8 |   |   |   |   | X |   |   |   | 8 
---|---|---|---|---|---|---|---|---|---
   | 1 | 2 | 3 | 4 | 5 | 6 | 7 | 8 |

It took 3 seconds to make this move...


White to move
WOXOOOOOXOXXXXXOEOXOOOXOOOXOOOXOOOXOOOOOOOOXXXOOOOOXXXEEOEEEEXEEE
(8,2)
   | 1 | 2 | 3 | 4 | 5 | 6 | 7 | 8 |
---|---|---|---|---|---|---|---|---|---
 1 | 0 | X | 0 | 0 | 0 | 0 | 0 | X | 1 
---|---|---|---|---|---|---|---|---|---
 2 | 0 | X | X | X | X | X | 0 |   | 2 
---|---|---|---|---|---|---|---|---|---
 3 | 0 | X | 0 | 0 | 0 | X | 0 | 0 | 3 
---|---|---|---|---|---|---|---|---|---
 4 | 0 | X | 0 | 0 | 0 | X | 0 | 0 | 4 
---|---|---|---|---|---|---|---|---|---
 5 | 0 | X | 0 | 0 | 0 | 0 | 0 | 0 | 5 
---|---|---|---|---|---|---|---|---|---
 6 | 0 | 0 | X | 0 | X | 0 | 0 | 0 | 6 
---|---|---|---|---|---|---|---|---|---
 7 | 0 | 0 | 0 | X | X |   |   | 0 | 7 
---|---|---|---|---|---|---|---|---|---
 8 |   | 0 |   |   | X |   |   |   | 8 
---|---|---|---|---|---|---|---|---|---
   | 1 | 2 | 3 | 4 | 5 | 6 | 7 | 8 |

It took 0 seconds to make this move...


Black to move
BOXOOOOOXOXXXXXOEOXOOOXOOOXOOOXOOOXOOOOOOOOXOXOOOOOOXXEEOEOEEXEEE
(8,3) Depth reached: 18, Nodes searched: 9011
   | 1 | 2 | 3 | 4 | 5 | 6 | 7 | 8 |
---|---|---|---|---|---|---|---|---|---
 1 | 0 | X | 0 | 0 | 0 | 0 | 0 | X | 1 
---|---|---|---|---|---|---|---|---|---
 2 | 0 | X | X | X | X | X | 0 |   | 2 
---|---|---|---|---|---|---|---|---|---
 3 | 0 | X | 0 | 0 | 0 | X | 0 | 0 | 3 
---|---|---|---|---|---|---|---|---|---
 4 | 0 | X | 0 | 0 | 0 | X | 0 | 0 | 4 
---|---|---|---|---|---|---|---|---|---
 5 | 0 | X | 0 | 0 | 0 | 0 | 0 | 0 | 5 
---|---|---|---|---|---|---|---|---|---
 6 | 0 | 0 | X | 0 | X | 0 | 0 | 0 | 6 
---|---|---|---|---|---|---|---|---|---
 7 | 0 | 0 | X | X | X |   |   | 0 | 7 
---|---|---|---|---|---|---|---|---|---
 8 |   | 0 | X |   | X |   |   |   | 8 
---|---|---|---|---|---|---|---|---|---
   | 1 | 2 | 3 | 4 | 5 | 6 | 7 | 8 |

It took 3 seconds to make this move...


White to move
WOXOOOOOXOXXXXXOEOXOOOXOOOXOOOXOOOXOOOOOOOOXOXOOOOOXXXEEOEOXEXEEE
(8,4)
   | 1 | 2 | 3 | 4 | 5 | 6 | 7 | 8 |
---|---|---|---|---|---|---|---|---|---
 1 | 0 | X | 0 | 0 | 0 | 0 | 0 | X | 1 
---|---|---|---|---|---|---|---|---|---
 2 | 0 | X | X | X | X | X | 0 |   | 2 
---|---|---|---|---|---|---|---|---|---
 3 | 0 | X | 0 | 0 | 0 | X | 0 | 0 | 3 
---|---|---|---|---|---|---|---|---|---
 4 | 0 | X | 0 | 0 | 0 | X | 0 | 0 | 4 
---|---|---|---|---|---|---|---|---|---
 5 | 0 | X | 0 | 0 | 0 | 0 | 0 | 0 | 5 
---|---|---|---|---|---|---|---|---|---
 6 | 0 | 0 | X | 0 | X | 0 | 0 | 0 | 6 
---|---|---|---|---|---|---|---|---|---
 7 | 0 | 0 | 0 | 0 | 0 |   |   | 0 | 7 
---|---|---|---|---|---|---|---|---|---
 8 |   | 0 | 0 | 0 | X |   |   |   | 8 
---|---|---|---|---|---|---|---|---|---
   | 1 | 2 | 3 | 4 | 5 | 6 | 7 | 8 |

It took 0 seconds to make this move...


Black to move
BOXOOOOOXOXXXXXOEOXOOOXOOOXOOOXOOOXOOOOOOOOXOXOOOOOOOOEEOEOOOXEEE
(8,6) Depth reached: 45, Nodes searched: 4397
   | 1 | 2 | 3 | 4 | 5 | 6 | 7 | 8 |
---|---|---|---|---|---|---|---|---|---
 1 | 0 | X | 0 | 0 | 0 | 0 | 0 | X | 1 
---|---|---|---|---|---|---|---|---|---
 2 | 0 | X | X | X | X | X | 0 |   | 2 
---|---|---|---|---|---|---|---|---|---
 3 | 0 | X | 0 | 0 | 0 | X | 0 | 0 | 3 
---|---|---|---|---|---|---|---|---|---
 4 | 0 | X | 0 | 0 | 0 | X | 0 | 0 | 4 
---|---|---|---|---|---|---|---|---|---
 5 | 0 | X | X | 0 | 0 | 0 | 0 | 0 | 5 
---|---|---|---|---|---|---|---|---|---
 6 | 0 | 0 | X | X | X | 0 | 0 | 0 | 6 
---|---|---|---|---|---|---|---|---|---
 7 | 0 | 0 | 0 | 0 | X |   |   | 0 | 7 
---|---|---|---|---|---|---|---|---|---
 8 |   | 0 | 0 | 0 | X | X |   |   | 8 
---|---|---|---|---|---|---|---|---|---
   | 1 | 2 | 3 | 4 | 5 | 6 | 7 | 8 |

It took 3 seconds to make this move...


White to move
WOXOOOOOXOXXXXXOEOXOOOXOOOXOOOXOOOXXOOOOOOOXXXOOOOOOOXEEOEOOOXXEE
(7,6)
   | 1 | 2 | 3 | 4 | 5 | 6 | 7 | 8 |
---|---|---|---|---|---|---|---|---|---
 1 | 0 | X | 0 | 0 | 0 | 0 | 0 | X | 1 
---|---|---|---|---|---|---|---|---|---
 2 | 0 | X | X | X | X | X | 0 |   | 2 
---|---|---|---|---|---|---|---|---|---
 3 | 0 | X | 0 | 0 | 0 | X | 0 | 0 | 3 
---|---|---|---|---|---|---|---|---|---
 4 | 0 | X | 0 | 0 | 0 | X | 0 | 0 | 4 
---|---|---|---|---|---|---|---|---|---
 5 | 0 | X | X | 0 | 0 | 0 | 0 | 0 | 5 
---|---|---|---|---|---|---|---|---|---
 6 | 0 | 0 | X | X | 0 | 0 | 0 | 0 | 6 
---|---|---|---|---|---|---|---|---|---
 7 | 0 | 0 | 0 | 0 | 0 | 0 |   | 0 | 7 
---|---|---|---|---|---|---|---|---|---
 8 |   | 0 | 0 | 0 | X | X |   |   | 8 
---|---|---|---|---|---|---|---|---|---
   | 1 | 2 | 3 | 4 | 5 | 6 | 7 | 8 |

It took 0 seconds to make this move...


Black to move
BOXOOOOOXOXXXXXOEOXOOOXOOOXOOOXOOOXXOOOOOOOXXOOOOOOOOOOEOEOOOXXEE
(2,8) Depth reached: 102, Nodes searched: 1204
   | 1 | 2 | 3 | 4 | 5 | 6 | 7 | 8 |
---|---|---|---|---|---|---|---|---|---
 1 | 0 | X | 0 | 0 | 0 | 0 | 0 | X | 1 
---|---|---|---|---|---|---|---|---|---
 2 | 0 | X | X | X | X | X | X | X | 2 
---|---|---|---|---|---|---|---|---|---
 3 | 0 | X | 0 | 0 | 0 | X | X | 0 | 3 
---|---|---|---|---|---|---|---|---|---
 4 | 0 | X | 0 | 0 | 0 | X | 0 | 0 | 4 
---|---|---|---|---|---|---|---|---|---
 5 | 0 | X | X | 0 | 0 | 0 | 0 | 0 | 5 
---|---|---|---|---|---|---|---|---|---
 6 | 0 | 0 | X | X | 0 | 0 | 0 | 0 | 6 
---|---|---|---|---|---|---|---|---|---
 7 | 0 | 0 | 0 | 0 | 0 | 0 |   | 0 | 7 
---|---|---|---|---|---|---|---|---|---
 8 |   | 0 | 0 | 0 | X | X |   |   | 8 
---|---|---|---|---|---|---|---|---|---
   | 1 | 2 | 3 | 4 | 5 | 6 | 7 | 8 |

It took 3 seconds to make this move...


White to move
WOXOOOOOXOXXXXXXXOXOOOXXOOXOOOXOOOXXOOOOOOOXXOOOOOOOOOOEOEOOOXXEE
(8,7)
   | 1 | 2 | 3 | 4 | 5 | 6 | 7 | 8 |
---|---|---|---|---|---|---|---|---|---
 1 | 0 | X | 0 | 0 | 0 | 0 | 0 | X | 1 
---|---|---|---|---|---|---|---|---|---
 2 | 0 | X | X | X | X | X | X | X | 2 
---|---|---|---|---|---|---|---|---|---
 3 | 0 | X | 0 | 0 | 0 | X | X | 0 | 3 
---|---|---|---|---|---|---|---|---|---
 4 | 0 | X | 0 | 0 | 0 | X | 0 | 0 | 4 
---|---|---|---|---|---|---|---|---|---
 5 | 0 | X | X | 0 | 0 | 0 | 0 | 0 | 5 
---|---|---|---|---|---|---|---|---|---
 6 | 0 | 0 | X | X | 0 | 0 | 0 | 0 | 6 
---|---|---|---|---|---|---|---|---|---
 7 | 0 | 0 | 0 | 0 | 0 | 0 |   | 0 | 7 
---|---|---|---|---|---|---|---|---|---
 8 |   | 0 | 0 | 0 | 0 | 0 | 0 |   | 8 
---|---|---|---|---|---|---|---|---|---
   | 1 | 2 | 3 | 4 | 5 | 6 | 7 | 8 |

It took 0 seconds to make this move...


Black to move
BOXOOOOOXOXXXXXXXOXOOOXXOOXOOOXOOOXXOOOOOOOXXOOOOOOOOOOEOEOOOOOOE
(8,1) Depth reached: 224, Nodes searched: 1073
   | 1 | 2 | 3 | 4 | 5 | 6 | 7 | 8 |
---|---|---|---|---|---|---|---|---|---
 1 | 0 | X | 0 | 0 | 0 | 0 | 0 | X | 1 
---|---|---|---|---|---|---|---|---|---
 2 | 0 | X | X | X | X | X | X | X | 2 
---|---|---|---|---|---|---|---|---|---
 3 | 0 | X | 0 | 0 | 0 | X | X | 0 | 3 
---|---|---|---|---|---|---|---|---|---
 4 | 0 | X | 0 | 0 | 0 | X | 0 | 0 | 4 
---|---|---|---|---|---|---|---|---|---
 5 | 0 | X | X | 0 | 0 | 0 | 0 | 0 | 5 
---|---|---|---|---|---|---|---|---|---
 6 | 0 | 0 | X | X | 0 | 0 | 0 | 0 | 6 
---|---|---|---|---|---|---|---|---|---
 7 | 0 | X | 0 | 0 | 0 | 0 |   | 0 | 7 
---|---|---|---|---|---|---|---|---|---
 8 | X | 0 | 0 | 0 | 0 | 0 | 0 |   | 8 
---|---|---|---|---|---|---|---|---|---
   | 1 | 2 | 3 | 4 | 5 | 6 | 7 | 8 |

It took 3 seconds to make this move...


White to move
WOXOOOOOXOXXXXXXXOXOOOXXOOXOOOXOOOXXOOOOOOOXXOOOOOXOOOOEOXOOOOOOE
pass
   | 1 | 2 | 3 | 4 | 5 | 6 | 7 | 8 |
---|---|---|---|---|---|---|---|---|---
 1 | 0 | X | 0 | 0 | 0 | 0 | 0 | X | 1 
---|---|---|---|---|---|---|---|---|---
 2 | 0 | X | X | X | X | X | X | X | 2 
---|---|---|---|---|---|---|---|---|---
 3 | 0 | X | 0 | 0 | 0 | X | X | 0 | 3 
---|---|---|---|---|---|---|---|---|---
 4 | 0 | X | 0 | 0 | 0 | X | 0 | 0 | 4 
---|---|---|---|---|---|---|---|---|---
 5 | 0 | X | X | 0 | 0 | 0 | 0 | 0 | 5 
---|---|---|---|---|---|---|---|---|---
 6 | 0 | 0 | X | X | 0 | 0 | 0 | 0 | 6 
---|---|---|---|---|---|---|---|---|---
 7 | 0 | X | 0 | 0 | 0 | 0 |   | 0 | 7 
---|---|---|---|---|---|---|---|---|---
 8 | X | 0 | 0 | 0 | 0 | 0 | 0 |   | 8 
---|---|---|---|---|---|---|---|---|---
   | 1 | 2 | 3 | 4 | 5 | 6 | 7 | 8 |

It took 0 seconds to make this move...


Black to move
BOXOOOOOXOXXXXXXXOXOOOXXOOXOOOXOOOXXOOOOOOOXXOOOOOXOOOOEOXOOOOOOE
(7,7) Depth reached: 357, Nodes searched: 196
   | 1 | 2 | 3 | 4 | 5 | 6 | 7 | 8 |
---|---|---|---|---|---|---|---|---|---
 1 | 0 | X | 0 | 0 | 0 | 0 | 0 | X | 1 
---|---|---|---|---|---|---|---|---|---
 2 | 0 | X | X | X | X | X | X | X | 2 
---|---|---|---|---|---|---|---|---|---
 3 | 0 | X | X | 0 | 0 | X | X | 0 | 3 
---|---|---|---|---|---|---|---|---|---
 4 | 0 | X | 0 | X | 0 | X | X | 0 | 4 
---|---|---|---|---|---|---|---|---|---
 5 | 0 | X | X | 0 | X | 0 | X | 0 | 5 
---|---|---|---|---|---|---|---|---|---
 6 | 0 | 0 | X | X | 0 | X | X | 0 | 6 
---|---|---|---|---|---|---|---|---|---
 7 | 0 | X | X | X | X | X | X | 0 | 7 
---|---|---|---|---|---|---|---|---|---
 8 | X | 0 | 0 | 0 | 0 | 0 | 0 |   | 8 
---|---|---|---|---|---|---|---|---|---
   | 1 | 2 | 3 | 4 | 5 | 6 | 7 | 8 |

It took 3 seconds to make this move...


White to move
WOXOOOOOXOXXXXXXXOXXOOXXOOXOXOXXOOXXOXOXOOOXXOXXOOXXXXXXOXOOOOOOE
(8,8)
   | 1 | 2 | 3 | 4 | 5 | 6 | 7 | 8 |
---|---|---|---|---|---|---|---|---|---
 1 | 0 | X | 0 | 0 | 0 | 0 | 0 | X | 1 
---|---|---|---|---|---|---|---|---|---
 2 | 0 | 0 | X | X | X | X | X | X | 2 
---|---|---|---|---|---|---|---|---|---
 3 | 0 | X | 0 | 0 | 0 | X | X | 0 | 3 
---|---|---|---|---|---|---|---|---|---
 4 | 0 | X | 0 | 0 | 0 | X | X | 0 | 4 
---|---|---|---|---|---|---|---|---|---
 5 | 0 | X | X | 0 | 0 | 0 | X | 0 | 5 
---|---|---|---|---|---|---|---|---|---
 6 | 0 | 0 | X | X | 0 | 0 | X | 0 | 6 
---|---|---|---|---|---|---|---|---|---
 7 | 0 | X | X | X | X | X | 0 | 0 | 7 
---|---|---|---|---|---|---|---|---|---
 8 | X | 0 | 0 | 0 | 0 | 0 | 0 | 0 | 8 
---|---|---|---|---|---|---|---|---|---
   | 1 | 2 | 3 | 4 | 5 | 6 | 7 | 8 |

It took 0 seconds to make this move...


Black to move
BOXOOOOOXOOXXXXXXOXOOOXXOOXOOOXXOOXXOOOXOOOXXOOXOOXXXXXOOXOOOOOOO
pass
   | 1 | 2 | 3 | 4 | 5 | 6 | 7 | 8 |
---|---|---|---|---|---|---|---|---|---
 1 | 0 | X | 0 | 0 | 0 | 0 | 0 | X | 1 
---|---|---|---|---|---|---|---|---|---
 2 | 0 | 0 | X | X | X | X | X | X | 2 
---|---|---|---|---|---|---|---|---|---
 3 | 0 | X | 0 | 0 | 0 | X | X | 0 | 3 
---|---|---|---|---|---|---|---|---|---
 4 | 0 | X | 0 | 0 | 0 | X | X | 0 | 4 
---|---|---|---|---|---|---|---|---|---
 5 | 0 | X | X | 0 | 0 | 0 | X | 0 | 5 
---|---|---|---|---|---|---|---|---|---
 6 | 0 | 0 | X | X | 0 | 0 | X | 0 | 6 
---|---|---|---|---|---|---|---|---|---
 7 | 0 | X | X | X | X | X | 0 | 0 | 7 
---|---|---|---|---|---|---|---|---|---
 8 | X | 0 | 0 | 0 | 0 | 0 | 0 | 0 | 8 
---|---|---|---|---|---|---|---|---|---
   | 1 | 2 | 3 | 4 | 5 | 6 | 7 | 8 |

It took 3 seconds to make this move...


White to move
WOXOOOOOXOOXXXXXXOXOOOXXOOXOOOXXOOXXOOOXOOOXXOOXOOXXXXXOOXOOOOOOO
pass
   | 1 | 2 | 3 | 4 | 5 | 6 | 7 | 8 |
---|---|---|---|---|---|---|---|---|---
 1 | 0 | X | 0 | 0 | 0 | 0 | 0 | X | 1 
---|---|---|---|---|---|---|---|---|---
 2 | 0 | 0 | X | X | X | X | X | X | 2 
---|---|---|---|---|---|---|---|---|---
 3 | 0 | X | 0 | 0 | 0 | X | X | 0 | 3 
---|---|---|---|---|---|---|---|---|---
 4 | 0 | X | 0 | 0 | 0 | X | X | 0 | 4 
---|---|---|---|---|---|---|---|---|---
 5 | 0 | X | X | 0 | 0 | 0 | X | 0 | 5 
---|---|---|---|---|---|---|---|---|---
 6 | 0 | 0 | X | X | 0 | 0 | X | 0 | 6 
---|---|---|---|---|---|---|---|---|---
 7 | 0 | X | X | X | X | X | 0 | 0 | 7 
---|---|---|---|---|---|---|---|---|---
 8 | X | 0 | 0 | 0 | 0 | 0 | 0 | 0 | 8 
---|---|---|---|---|---|---|---|---|---
   | 1 | 2 | 3 | 4 | 5 | 6 | 7 | 8 |

It took 0 seconds to make this move...
***************************************
Results for ./othello_naive.sh vs. ../Python/othello.sh:
White won with 12 points
Average time for white: 0.1 s (max: 1 s)
Average time for black: 2.8 s (max: 3 s)
***************************************
