   | 1 | 2 | 3 | 4 | 5 | 6 | 7 | 8 |
---|---|---|---|---|---|---|---|---|---
 1 |   |   |   |   |   |   |   |   | 1 
---|---|---|---|---|---|---|---|---|---
 2 |   |   |   |   |   |   |   |   | 2 
---|---|---|---|---|---|---|---|---|---
 3 |   |   |   |   |   |   |   |   | 3 
---|---|---|---|---|---|---|---|---|---
 4 |   |   |   | 0 | X |   |   |   | 4 
---|---|---|---|---|---|---|---|---|---
 5 |   |   |   | X | 0 |   |   |   | 5 
---|---|---|---|---|---|---|---|---|---
 6 |   |   |   |   |   |   |   |   | 6 
---|---|---|---|---|---|---|---|---|---
 7 |   |   |   |   |   |   |   |   | 7 
---|---|---|---|---|---|---|---|---|---
 8 |   |   |   |   |   |   |   |   | 8 
---|---|---|---|---|---|---|---|---|---
   | 1 | 2 | 3 | 4 | 5 | 6 | 7 | 8 |



White to move
WEEEEEEEEEEEEEEEEEEEEEEEEEEEOXEEEEEEXOEEEEEEEEEEEEEEEEEEEEEEEEEEE
(3,5) Depth reached: 7, Nodes searched: 10281
   | 1 | 2 | 3 | 4 | 5 | 6 | 7 | 8 |
---|---|---|---|---|---|---|---|---|---
 1 |   |   |   |   |   |   |   |   | 1 
---|---|---|---|---|---|---|---|---|---
 2 |   |   |   |   |   |   |   |   | 2 
---|---|---|---|---|---|---|---|---|---
 3 |   |   |   |   | 0 |   |   |   | 3 
---|---|---|---|---|---|---|---|---|---
 4 |   |   |   | 0 | 0 |   |   |   | 4 
---|---|---|---|---|---|---|---|---|---
 5 |   |   |   | X | 0 |   |   |   | 5 
---|---|---|---|---|---|---|---|---|---
 6 |   |   |   |   |   |   |   |   | 6 
---|---|---|---|---|---|---|---|---|---
 7 |   |   |   |   |   |   |   |   | 7 
---|---|---|---|---|---|---|---|---|---
 8 |   |   |   |   |   |   |   |   | 8 
---|---|---|---|---|---|---|---|---|---
   | 1 | 2 | 3 | 4 | 5 | 6 | 7 | 8 |

It took 2 seconds to make this move...


Black to move
BEEEEEEEEEEEEEEEEEEEEOEEEEEEOOEEEEEEXOEEEEEEEEEEEEEEEEEEEEEEEEEEE
(3,4)
   | 1 | 2 | 3 | 4 | 5 | 6 | 7 | 8 |
---|---|---|---|---|---|---|---|---|---
 1 |   |   |   |   |   |   |   |   | 1 
---|---|---|---|---|---|---|---|---|---
 2 |   |   |   |   |   |   |   |   | 2 
---|---|---|---|---|---|---|---|---|---
 3 |   |   |   | X | 0 |   |   |   | 3 
---|---|---|---|---|---|---|---|---|---
 4 |   |   |   | X | 0 |   |   |   | 4 
---|---|---|---|---|---|---|---|---|---
 5 |   |   |   | X | 0 |   |   |   | 5 
---|---|---|---|---|---|---|---|---|---
 6 |   |   |   |   |   |   |   |   | 6 
---|---|---|---|---|---|---|---|---|---
 7 |   |   |   |   |   |   |   |   | 7 
---|---|---|---|---|---|---|---|---|---
 8 |   |   |   |   |   |   |   |   | 8 
---|---|---|---|---|---|---|---|---|---
   | 1 | 2 | 3 | 4 | 5 | 6 | 7 | 8 |

It took 1 seconds to make this move...


White to move
WEEEEEEEEEEEEEEEEEEEXOEEEEEEXOEEEEEEXOEEEEEEEEEEEEEEEEEEEEEEEEEEE
(4,3) Depth reached: 7, Nodes searched: 6857
   | 1 | 2 | 3 | 4 | 5 | 6 | 7 | 8 |
---|---|---|---|---|---|---|---|---|---
 1 |   |   |   |   |   |   |   |   | 1 
---|---|---|---|---|---|---|---|---|---
 2 |   |   |   |   |   |   |   |   | 2 
---|---|---|---|---|---|---|---|---|---
 3 |   |   |   | X | 0 |   |   |   | 3 
---|---|---|---|---|---|---|---|---|---
 4 |   |   | 0 | 0 | 0 |   |   |   | 4 
---|---|---|---|---|---|---|---|---|---
 5 |   |   |   | X | 0 |   |   |   | 5 
---|---|---|---|---|---|---|---|---|---
 6 |   |   |   |   |   |   |   |   | 6 
---|---|---|---|---|---|---|---|---|---
 7 |   |   |   |   |   |   |   |   | 7 
---|---|---|---|---|---|---|---|---|---
 8 |   |   |   |   |   |   |   |   | 8 
---|---|---|---|---|---|---|---|---|---
   | 1 | 2 | 3 | 4 | 5 | 6 | 7 | 8 |

It took 2 seconds to make this move...


Black to move
BEEEEEEEEEEEEEEEEEEEXOEEEEEOOOEEEEEEXOEEEEEEEEEEEEEEEEEEEEEEEEEEE
(3,2)
   | 1 | 2 | 3 | 4 | 5 | 6 | 7 | 8 |
---|---|---|---|---|---|---|---|---|---
 1 |   |   |   |   |   |   |   |   | 1 
---|---|---|---|---|---|---|---|---|---
 2 |   |   |   |   |   |   |   |   | 2 
---|---|---|---|---|---|---|---|---|---
 3 |   | X |   | X | 0 |   |   |   | 3 
---|---|---|---|---|---|---|---|---|---
 4 |   |   | X | 0 | 0 |   |   |   | 4 
---|---|---|---|---|---|---|---|---|---
 5 |   |   |   | X | 0 |   |   |   | 5 
---|---|---|---|---|---|---|---|---|---
 6 |   |   |   |   |   |   |   |   | 6 
---|---|---|---|---|---|---|---|---|---
 7 |   |   |   |   |   |   |   |   | 7 
---|---|---|---|---|---|---|---|---|---
 8 |   |   |   |   |   |   |   |   | 8 
---|---|---|---|---|---|---|---|---|---
   | 1 | 2 | 3 | 4 | 5 | 6 | 7 | 8 |

It took 0 seconds to make this move...


White to move
WEEEEEEEEEEEEEEEEEXEXOEEEEEXOOEEEEEEXOEEEEEEEEEEEEEEEEEEEEEEEEEEE
(5,3) Depth reached: 6, Nodes searched: 4042
   | 1 | 2 | 3 | 4 | 5 | 6 | 7 | 8 |
---|---|---|---|---|---|---|---|---|---
 1 |   |   |   |   |   |   |   |   | 1 
---|---|---|---|---|---|---|---|---|---
 2 |   |   |   |   |   |   |   |   | 2 
---|---|---|---|---|---|---|---|---|---
 3 |   | X |   | X | 0 |   |   |   | 3 
---|---|---|---|---|---|---|---|---|---
 4 |   |   | X | 0 | 0 |   |   |   | 4 
---|---|---|---|---|---|---|---|---|---
 5 |   |   | 0 | 0 | 0 |   |   |   | 5 
---|---|---|---|---|---|---|---|---|---
 6 |   |   |   |   |   |   |   |   | 6 
---|---|---|---|---|---|---|---|---|---
 7 |   |   |   |   |   |   |   |   | 7 
---|---|---|---|---|---|---|---|---|---
 8 |   |   |   |   |   |   |   |   | 8 
---|---|---|---|---|---|---|---|---|---
   | 1 | 2 | 3 | 4 | 5 | 6 | 7 | 8 |

It took 3 seconds to make this move...


Black to move
BEEEEEEEEEEEEEEEEEXEXOEEEEEXOOEEEEEOOOEEEEEEEEEEEEEEEEEEEEEEEEEEE
(6,5)
   | 1 | 2 | 3 | 4 | 5 | 6 | 7 | 8 |
---|---|---|---|---|---|---|---|---|---
 1 |   |   |   |   |   |   |   |   | 1 
---|---|---|---|---|---|---|---|---|---
 2 |   |   |   |   |   |   |   |   | 2 
---|---|---|---|---|---|---|---|---|---
 3 |   | X |   | X | 0 |   |   |   | 3 
---|---|---|---|---|---|---|---|---|---
 4 |   |   | X | 0 | 0 |   |   |   | 4 
---|---|---|---|---|---|---|---|---|---
 5 |   |   | 0 | X | 0 |   |   |   | 5 
---|---|---|---|---|---|---|---|---|---
 6 |   |   |   |   | X |   |   |   | 6 
---|---|---|---|---|---|---|---|---|---
 7 |   |   |   |   |   |   |   |   | 7 
---|---|---|---|---|---|---|---|---|---
 8 |   |   |   |   |   |   |   |   | 8 
---|---|---|---|---|---|---|---|---|---
   | 1 | 2 | 3 | 4 | 5 | 6 | 7 | 8 |

It took 0 seconds to make this move...


White to move
WEEEEEEEEEEEEEEEEEXEXOEEEEEXOOEEEEEOXOEEEEEEEXEEEEEEEEEEEEEEEEEEE
(6,3) Depth reached: 6, Nodes searched: 5824
   | 1 | 2 | 3 | 4 | 5 | 6 | 7 | 8 |
---|---|---|---|---|---|---|---|---|---
 1 |   |   |   |   |   |   |   |   | 1 
---|---|---|---|---|---|---|---|---|---
 2 |   |   |   |   |   |   |   |   | 2 
---|---|---|---|---|---|---|---|---|---
 3 |   | X |   | X | 0 |   |   |   | 3 
---|---|---|---|---|---|---|---|---|---
 4 |   |   | X | 0 | 0 |   |   |   | 4 
---|---|---|---|---|---|---|---|---|---
 5 |   |   | 0 | 0 | 0 |   |   |   | 5 
---|---|---|---|---|---|---|---|---|---
 6 |   |   | 0 |   | X |   |   |   | 6 
---|---|---|---|---|---|---|---|---|---
 7 |   |   |   |   |   |   |   |   | 7 
---|---|---|---|---|---|---|---|---|---
 8 |   |   |   |   |   |   |   |   | 8 
---|---|---|---|---|---|---|---|---|---
   | 1 | 2 | 3 | 4 | 5 | 6 | 7 | 8 |

It took 3 seconds to make this move...


Black to move
BEEEEEEEEEEEEEEEEEXEXOEEEEEXOOEEEEEOOOEEEEEOEXEEEEEEEEEEEEEEEEEEE
(2,5)
   | 1 | 2 | 3 | 4 | 5 | 6 | 7 | 8 |
---|---|---|---|---|---|---|---|---|---
 1 |   |   |   |   |   |   |   |   | 1 
---|---|---|---|---|---|---|---|---|---
 2 |   |   |   |   | X |   |   |   | 2 
---|---|---|---|---|---|---|---|---|---
 3 |   | X |   | X | X |   |   |   | 3 
---|---|---|---|---|---|---|---|---|---
 4 |   |   | X | 0 | X |   |   |   | 4 
---|---|---|---|---|---|---|---|---|---
 5 |   |   | 0 | 0 | X |   |   |   | 5 
---|---|---|---|---|---|---|---|---|---
 6 |   |   | 0 |   | X |   |   |   | 6 
---|---|---|---|---|---|---|---|---|---
 7 |   |   |   |   |   |   |   |   | 7 
---|---|---|---|---|---|---|---|---|---
 8 |   |   |   |   |   |   |   |   | 8 
---|---|---|---|---|---|---|---|---|---
   | 1 | 2 | 3 | 4 | 5 | 6 | 7 | 8 |

It took 0 seconds to make this move...


White to move
WEEEEEEEEEEEEXEEEEXEXXEEEEEXOXEEEEEOOXEEEEEOEXEEEEEEEEEEEEEEEEEEE
(3,3) Depth reached: 5, Nodes searched: 12818
   | 1 | 2 | 3 | 4 | 5 | 6 | 7 | 8 |
---|---|---|---|---|---|---|---|---|---
 1 |   |   |   |   |   |   |   |   | 1 
---|---|---|---|---|---|---|---|---|---
 2 |   |   |   |   | X |   |   |   | 2 
---|---|---|---|---|---|---|---|---|---
 3 |   | X | 0 | X | X |   |   |   | 3 
---|---|---|---|---|---|---|---|---|---
 4 |   |   | 0 | 0 | X |   |   |   | 4 
---|---|---|---|---|---|---|---|---|---
 5 |   |   | 0 | 0 | X |   |   |   | 5 
---|---|---|---|---|---|---|---|---|---
 6 |   |   | 0 |   | X |   |   |   | 6 
---|---|---|---|---|---|---|---|---|---
 7 |   |   |   |   |   |   |   |   | 7 
---|---|---|---|---|---|---|---|---|---
 8 |   |   |   |   |   |   |   |   | 8 
---|---|---|---|---|---|---|---|---|---
   | 1 | 2 | 3 | 4 | 5 | 6 | 7 | 8 |

It took 3 seconds to make this move...


Black to move
BEEEEEEEEEEEEXEEEEXOXXEEEEEOOXEEEEEOOXEEEEEOEXEEEEEEEEEEEEEEEEEEE
(2,2)
   | 1 | 2 | 3 | 4 | 5 | 6 | 7 | 8 |
---|---|---|---|---|---|---|---|---|---
 1 |   |   |   |   |   |   |   |   | 1 
---|---|---|---|---|---|---|---|---|---
 2 |   | X |   |   | X |   |   |   | 2 
---|---|---|---|---|---|---|---|---|---
 3 |   | X | X | X | X |   |   |   | 3 
---|---|---|---|---|---|---|---|---|---
 4 |   |   | 0 | X | X |   |   |   | 4 
---|---|---|---|---|---|---|---|---|---
 5 |   |   | 0 | 0 | X |   |   |   | 5 
---|---|---|---|---|---|---|---|---|---
 6 |   |   | 0 |   | X |   |   |   | 6 
---|---|---|---|---|---|---|---|---|---
 7 |   |   |   |   |   |   |   |   | 7 
---|---|---|---|---|---|---|---|---|---
 8 |   |   |   |   |   |   |   |   | 8 
---|---|---|---|---|---|---|---|---|---
   | 1 | 2 | 3 | 4 | 5 | 6 | 7 | 8 |

It took 0 seconds to make this move...


White to move
WEEEEEEEEEXEEXEEEEXXXXEEEEEOXXEEEEEOOXEEEEEOEXEEEEEEEEEEEEEEEEEEE
(1,6) Depth reached: 6, Nodes searched: 365
   | 1 | 2 | 3 | 4 | 5 | 6 | 7 | 8 |
---|---|---|---|---|---|---|---|---|---
 1 |   |   |   |   |   | 0 |   |   | 1 
---|---|---|---|---|---|---|---|---|---
 2 |   | X |   |   | 0 |   |   |   | 2 
---|---|---|---|---|---|---|---|---|---
 3 |   | X | X | 0 | X |   |   |   | 3 
---|---|---|---|---|---|---|---|---|---
 4 |   |   | 0 | X | X |   |   |   | 4 
---|---|---|---|---|---|---|---|---|---
 5 |   |   | 0 | 0 | X |   |   |   | 5 
---|---|---|---|---|---|---|---|---|---
 6 |   |   | 0 |   | X |   |   |   | 6 
---|---|---|---|---|---|---|---|---|---
 7 |   |   |   |   |   |   |   |   | 7 
---|---|---|---|---|---|---|---|---|---
 8 |   |   |   |   |   |   |   |   | 8 
---|---|---|---|---|---|---|---|---|---
   | 1 | 2 | 3 | 4 | 5 | 6 | 7 | 8 |

It took 3 seconds to make this move...


Black to move
BEEEEEOEEEXEEOEEEEXXOXEEEEEOXXEEEEEOOXEEEEEOEXEEEEEEEEEEEEEEEEEEE
(1,5)
   | 1 | 2 | 3 | 4 | 5 | 6 | 7 | 8 |
---|---|---|---|---|---|---|---|---|---
 1 |   |   |   |   | X | 0 |   |   | 1 
---|---|---|---|---|---|---|---|---|---
 2 |   | X |   |   | X |   |   |   | 2 
---|---|---|---|---|---|---|---|---|---
 3 |   | X | X | 0 | X |   |   |   | 3 
---|---|---|---|---|---|---|---|---|---
 4 |   |   | 0 | X | X |   |   |   | 4 
---|---|---|---|---|---|---|---|---|---
 5 |   |   | 0 | 0 | X |   |   |   | 5 
---|---|---|---|---|---|---|---|---|---
 6 |   |   | 0 |   | X |   |   |   | 6 
---|---|---|---|---|---|---|---|---|---
 7 |   |   |   |   |   |   |   |   | 7 
---|---|---|---|---|---|---|---|---|---
 8 |   |   |   |   |   |   |   |   | 8 
---|---|---|---|---|---|---|---|---|---
   | 1 | 2 | 3 | 4 | 5 | 6 | 7 | 8 |

It took 0 seconds to make this move...


White to move
WEEEEXOEEEXEEXEEEEXXOXEEEEEOXXEEEEEOOXEEEEEOEXEEEEEEEEEEEEEEEEEEE
(1,4) Depth reached: 6, Nodes searched: 473
   | 1 | 2 | 3 | 4 | 5 | 6 | 7 | 8 |
---|---|---|---|---|---|---|---|---|---
 1 |   |   |   | 0 | 0 | 0 |   |   | 1 
---|---|---|---|---|---|---|---|---|---
 2 |   | X |   |   | X |   |   |   | 2 
---|---|---|---|---|---|---|---|---|---
 3 |   | X | X | 0 | X |   |   |   | 3 
---|---|---|---|---|---|---|---|---|---
 4 |   |   | 0 | X | X |   |   |   | 4 
---|---|---|---|---|---|---|---|---|---
 5 |   |   | 0 | 0 | X |   |   |   | 5 
---|---|---|---|---|---|---|---|---|---
 6 |   |   | 0 |   | X |   |   |   | 6 
---|---|---|---|---|---|---|---|---|---
 7 |   |   |   |   |   |   |   |   | 7 
---|---|---|---|---|---|---|---|---|---
 8 |   |   |   |   |   |   |   |   | 8 
---|---|---|---|---|---|---|---|---|---
   | 1 | 2 | 3 | 4 | 5 | 6 | 7 | 8 |

It took 3 seconds to make this move...


Black to move
BEEEOOOEEEXEEXEEEEXXOXEEEEEOXXEEEEEOOXEEEEEOEXEEEEEEEEEEEEEEEEEEE
(7,2)
   | 1 | 2 | 3 | 4 | 5 | 6 | 7 | 8 |
---|---|---|---|---|---|---|---|---|---
 1 |   |   |   | 0 | 0 | 0 |   |   | 1 
---|---|---|---|---|---|---|---|---|---
 2 |   | X |   |   | X |   |   |   | 2 
---|---|---|---|---|---|---|---|---|---
 3 |   | X | X | 0 | X |   |   |   | 3 
---|---|---|---|---|---|---|---|---|---
 4 |   |   | 0 | X | X |   |   |   | 4 
---|---|---|---|---|---|---|---|---|---
 5 |   |   | 0 | X | X |   |   |   | 5 
---|---|---|---|---|---|---|---|---|---
 6 |   |   | X |   | X |   |   |   | 6 
---|---|---|---|---|---|---|---|---|---
 7 |   | X |   |   |   |   |   |   | 7 
---|---|---|---|---|---|---|---|---|---
 8 |   |   |   |   |   |   |   |   | 8 
---|---|---|---|---|---|---|---|---|---
   | 1 | 2 | 3 | 4 | 5 | 6 | 7 | 8 |

It took 1 seconds to make this move...


White to move
WEEEOOOEEEXEEXEEEEXXOXEEEEEOXXEEEEEOXXEEEEEXEXEEEEXEEEEEEEEEEEEEE
(3,1) Depth reached: 6, Nodes searched: 2244
   | 1 | 2 | 3 | 4 | 5 | 6 | 7 | 8 |
---|---|---|---|---|---|---|---|---|---
 1 |   |   |   | 0 | 0 | 0 |   |   | 1 
---|---|---|---|---|---|---|---|---|---
 2 |   | X |   |   | X |   |   |   | 2 
---|---|---|---|---|---|---|---|---|---
 3 | 0 | 0 | 0 | 0 | X |   |   |   | 3 
---|---|---|---|---|---|---|---|---|---
 4 |   |   | 0 | X | X |   |   |   | 4 
---|---|---|---|---|---|---|---|---|---
 5 |   |   | 0 | X | X |   |   |   | 5 
---|---|---|---|---|---|---|---|---|---
 6 |   |   | X |   | X |   |   |   | 6 
---|---|---|---|---|---|---|---|---|---
 7 |   | X |   |   |   |   |   |   | 7 
---|---|---|---|---|---|---|---|---|---
 8 |   |   |   |   |   |   |   |   | 8 
---|---|---|---|---|---|---|---|---|---
   | 1 | 2 | 3 | 4 | 5 | 6 | 7 | 8 |

It took 2 seconds to make this move...


Black to move
BEEEOOOEEEXEEXEEEOOOOXEEEEEOXXEEEEEOXXEEEEEXEXEEEEXEEEEEEEEEEEEEE
(2,3)
   | 1 | 2 | 3 | 4 | 5 | 6 | 7 | 8 |
---|---|---|---|---|---|---|---|---|---
 1 |   |   |   | 0 | 0 | 0 |   |   | 1 
---|---|---|---|---|---|---|---|---|---
 2 |   | X | X |   | X |   |   |   | 2 
---|---|---|---|---|---|---|---|---|---
 3 | 0 | 0 | X | X | X |   |   |   | 3 
---|---|---|---|---|---|---|---|---|---
 4 |   |   | X | X | X |   |   |   | 4 
---|---|---|---|---|---|---|---|---|---
 5 |   |   | X | X | X |   |   |   | 5 
---|---|---|---|---|---|---|---|---|---
 6 |   |   | X |   | X |   |   |   | 6 
---|---|---|---|---|---|---|---|---|---
 7 |   | X |   |   |   |   |   |   | 7 
---|---|---|---|---|---|---|---|---|---
 8 |   |   |   |   |   |   |   |   | 8 
---|---|---|---|---|---|---|---|---|---
   | 1 | 2 | 3 | 4 | 5 | 6 | 7 | 8 |

It took 1 seconds to make this move...


White to move
WEEEOOOEEEXXEXEEEOOXXXEEEEEXXXEEEEEXXXEEEEEXEXEEEEXEEEEEEEEEEEEEE
(7,5) Depth reached: 6, Nodes searched: 9538
   | 1 | 2 | 3 | 4 | 5 | 6 | 7 | 8 |
---|---|---|---|---|---|---|---|---|---
 1 |   |   |   | 0 | 0 | 0 |   |   | 1 
---|---|---|---|---|---|---|---|---|---
 2 |   | X | X |   | 0 |   |   |   | 2 
---|---|---|---|---|---|---|---|---|---
 3 | 0 | 0 | X | X | 0 |   |   |   | 3 
---|---|---|---|---|---|---|---|---|---
 4 |   |   | X | X | 0 |   |   |   | 4 
---|---|---|---|---|---|---|---|---|---
 5 |   |   | X | X | 0 |   |   |   | 5 
---|---|---|---|---|---|---|---|---|---
 6 |   |   | X |   | 0 |   |   |   | 6 
---|---|---|---|---|---|---|---|---|---
 7 |   | X |   |   | 0 |   |   |   | 7 
---|---|---|---|---|---|---|---|---|---
 8 |   |   |   |   |   |   |   |   | 8 
---|---|---|---|---|---|---|---|---|---
   | 1 | 2 | 3 | 4 | 5 | 6 | 7 | 8 |

It took 3 seconds to make this move...


Black to move
BEEEOOOEEEXXEOEEEOOXXOEEEEEXXOEEEEEXXOEEEEEXEOEEEEXEEOEEEEEEEEEEE
(2,6)
   | 1 | 2 | 3 | 4 | 5 | 6 | 7 | 8 |
---|---|---|---|---|---|---|---|---|---
 1 |   |   |   | 0 | 0 | 0 |   |   | 1 
---|---|---|---|---|---|---|---|---|---
 2 |   | X | X |   | 0 | X |   |   | 2 
---|---|---|---|---|---|---|---|---|---
 3 | 0 | 0 | X | X | X |   |   |   | 3 
---|---|---|---|---|---|---|---|---|---
 4 |   |   | X | X | 0 |   |   |   | 4 
---|---|---|---|---|---|---|---|---|---
 5 |   |   | X | X | 0 |   |   |   | 5 
---|---|---|---|---|---|---|---|---|---
 6 |   |   | X |   | 0 |   |   |   | 6 
---|---|---|---|---|---|---|---|---|---
 7 |   | X |   |   | 0 |   |   |   | 7 
---|---|---|---|---|---|---|---|---|---
 8 |   |   |   |   |   |   |   |   | 8 
---|---|---|---|---|---|---|---|---|---
   | 1 | 2 | 3 | 4 | 5 | 6 | 7 | 8 |

It took 0 seconds to make this move...


White to move
WEEEOOOEEEXXEOXEEOOXXXEEEEEXXOEEEEEXXOEEEEEXEOEEEEXEEOEEEEEEEEEEE
(8,1) Depth reached: 6, Nodes searched: 369
   | 1 | 2 | 3 | 4 | 5 | 6 | 7 | 8 |
---|---|---|---|---|---|---|---|---|---
 1 |   |   |   | 0 | 0 | 0 |   |   | 1 
---|---|---|---|---|---|---|---|---|---
 2 |   | X | X |   | 0 | X |   |   | 2 
---|---|---|---|---|---|---|---|---|---
 3 | 0 | 0 | X | X | X |   |   |   | 3 
---|---|---|---|---|---|---|---|---|---
 4 |   |   | X | X | 0 |   |   |   | 4 
---|---|---|---|---|---|---|---|---|---
 5 |   |   | X | 0 | 0 |   |   |   | 5 
---|---|---|---|---|---|---|---|---|---
 6 |   |   | 0 |   | 0 |   |   |   | 6 
---|---|---|---|---|---|---|---|---|---
 7 |   | 0 |   |   | 0 |   |   |   | 7 
---|---|---|---|---|---|---|---|---|---
 8 | 0 |   |   |   |   |   |   |   | 8 
---|---|---|---|---|---|---|---|---|---
   | 1 | 2 | 3 | 4 | 5 | 6 | 7 | 8 |

It took 3 seconds to make this move...


Black to move
BEEEOOOEEEXXEOXEEOOXXXEEEEEXXOEEEEEXOOEEEEEOEOEEEEOEEOEEEOEEEEEEE
(8,5)
   | 1 | 2 | 3 | 4 | 5 | 6 | 7 | 8 |
---|---|---|---|---|---|---|---|---|---
 1 |   |   |   | 0 | 0 | 0 |   |   | 1 
---|---|---|---|---|---|---|---|---|---
 2 |   | X | X |   | 0 | X |   |   | 2 
---|---|---|---|---|---|---|---|---|---
 3 | 0 | 0 | X | X | X |   |   |   | 3 
---|---|---|---|---|---|---|---|---|---
 4 |   |   | X | X | X |   |   |   | 4 
---|---|---|---|---|---|---|---|---|---
 5 |   |   | X | 0 | X |   |   |   | 5 
---|---|---|---|---|---|---|---|---|---
 6 |   |   | 0 |   | X |   |   |   | 6 
---|---|---|---|---|---|---|---|---|---
 7 |   | 0 |   |   | X |   |   |   | 7 
---|---|---|---|---|---|---|---|---|---
 8 | 0 |   |   |   | X |   |   |   | 8 
---|---|---|---|---|---|---|---|---|---
   | 1 | 2 | 3 | 4 | 5 | 6 | 7 | 8 |

It took 0 seconds to make this move...


White to move
WEEEOOOEEEXXEOXEEOOXXXEEEEEXXXEEEEEXOXEEEEEOEXEEEEOEEXEEEOEEEXEEE
(1,3) Depth reached: 6, Nodes searched: 5949
   | 1 | 2 | 3 | 4 | 5 | 6 | 7 | 8 |
---|---|---|---|---|---|---|---|---|---
 1 |   |   | 0 | 0 | 0 | 0 |   |   | 1 
---|---|---|---|---|---|---|---|---|---
 2 |   | 0 | 0 |   | 0 | X |   |   | 2 
---|---|---|---|---|---|---|---|---|---
 3 | 0 | 0 | 0 | X | X |   |   |   | 3 
---|---|---|---|---|---|---|---|---|---
 4 |   |   | 0 | X | X |   |   |   | 4 
---|---|---|---|---|---|---|---|---|---
 5 |   |   | 0 | 0 | X |   |   |   | 5 
---|---|---|---|---|---|---|---|---|---
 6 |   |   | 0 |   | X |   |   |   | 6 
---|---|---|---|---|---|---|---|---|---
 7 |   | 0 |   |   | X |   |   |   | 7 
---|---|---|---|---|---|---|---|---|---
 8 | 0 |   |   |   | X |   |   |   | 8 
---|---|---|---|---|---|---|---|---|---
   | 1 | 2 | 3 | 4 | 5 | 6 | 7 | 8 |

It took 3 seconds to make this move...


Black to move
BEEOOOOEEEOOEOXEEOOOXXEEEEEOXXEEEEEOOXEEEEEOEXEEEEOEEXEEEOEEEXEEE
(1,1)
   | 1 | 2 | 3 | 4 | 5 | 6 | 7 | 8 |
---|---|---|---|---|---|---|---|---|---
 1 | X |   | 0 | 0 | 0 | 0 |   |   | 1 
---|---|---|---|---|---|---|---|---|---
 2 |   | X | 0 |   | 0 | X |   |   | 2 
---|---|---|---|---|---|---|---|---|---
 3 | 0 | 0 | X | X | X |   |   |   | 3 
---|---|---|---|---|---|---|---|---|---
 4 |   |   | 0 | X | X |   |   |   | 4 
---|---|---|---|---|---|---|---|---|---
 5 |   |   | 0 | 0 | X |   |   |   | 5 
---|---|---|---|---|---|---|---|---|---
 6 |   |   | 0 |   | X |   |   |   | 6 
---|---|---|---|---|---|---|---|---|---
 7 |   | 0 |   |   | X |   |   |   | 7 
---|---|---|---|---|---|---|---|---|---
 8 | 0 |   |   |   | X |   |   |   | 8 
---|---|---|---|---|---|---|---|---|---
   | 1 | 2 | 3 | 4 | 5 | 6 | 7 | 8 |

It took 0 seconds to make this move...


White to move
WXEOOOOEEEXOEOXEEOOXXXEEEEEOXXEEEEEOOXEEEEEOEXEEEEOEEXEEEOEEEXEEE
(2,4) Depth reached: 5, Nodes searched: 15398
   | 1 | 2 | 3 | 4 | 5 | 6 | 7 | 8 |
---|---|---|---|---|---|---|---|---|---
 1 | X |   | 0 | 0 | 0 | 0 |   |   | 1 
---|---|---|---|---|---|---|---|---|---
 2 |   | X | 0 | 0 | 0 | X |   |   | 2 
---|---|---|---|---|---|---|---|---|---
 3 | 0 | 0 | X | 0 | X |   |   |   | 3 
---|---|---|---|---|---|---|---|---|---
 4 |   |   | 0 | 0 | X |   |   |   | 4 
---|---|---|---|---|---|---|---|---|---
 5 |   |   | 0 | 0 | X |   |   |   | 5 
---|---|---|---|---|---|---|---|---|---
 6 |   |   | 0 |   | X |   |   |   | 6 
---|---|---|---|---|---|---|---|---|---
 7 |   | 0 |   |   | X |   |   |   | 7 
---|---|---|---|---|---|---|---|---|---
 8 | 0 |   |   |   | X |   |   |   | 8 
---|---|---|---|---|---|---|---|---|---
   | 1 | 2 | 3 | 4 | 5 | 6 | 7 | 8 |

It took 3 seconds to make this move...


Black to move
BXEOOOOEEEXOOOXEEOOXOXEEEEEOOXEEEEEOOXEEEEEOEXEEEEOEEXEEEOEEEXEEE
(1,2)
   | 1 | 2 | 3 | 4 | 5 | 6 | 7 | 8 |
---|---|---|---|---|---|---|---|---|---
 1 | X | X | 0 | 0 | 0 | 0 |   |   | 1 
---|---|---|---|---|---|---|---|---|---
 2 |   | X | X | 0 | 0 | X |   |   | 2 
---|---|---|---|---|---|---|---|---|---
 3 | 0 | 0 | X | X | X |   |   |   | 3 
---|---|---|---|---|---|---|---|---|---
 4 |   |   | 0 | 0 | X |   |   |   | 4 
---|---|---|---|---|---|---|---|---|---
 5 |   |   | 0 | 0 | X |   |   |   | 5 
---|---|---|---|---|---|---|---|---|---
 6 |   |   | 0 |   | X |   |   |   | 6 
---|---|---|---|---|---|---|---|---|---
 7 |   | 0 |   |   | X |   |   |   | 7 
---|---|---|---|---|---|---|---|---|---
 8 | 0 |   |   |   | X |   |   |   | 8 
---|---|---|---|---|---|---|---|---|---
   | 1 | 2 | 3 | 4 | 5 | 6 | 7 | 8 |

It took 0 seconds to make this move...


White to move
WXXOOOOEEEXXOOXEEOOXXXEEEEEOOXEEEEEOOXEEEEEOEXEEEEOEEXEEEOEEEXEEE
(3,7) Depth reached: 5, Nodes searched: 15274
   | 1 | 2 | 3 | 4 | 5 | 6 | 7 | 8 |
---|---|---|---|---|---|---|---|---|---
 1 | X | X | 0 | 0 | 0 | 0 |   |   | 1 
---|---|---|---|---|---|---|---|---|---
 2 |   | X | X | 0 | 0 | 0 |   |   | 2 
---|---|---|---|---|---|---|---|---|---
 3 | 0 | 0 | X | X | X |   | 0 |   | 3 
---|---|---|---|---|---|---|---|---|---
 4 |   |   | 0 | 0 | X |   |   |   | 4 
---|---|---|---|---|---|---|---|---|---
 5 |   |   | 0 | 0 | X |   |   |   | 5 
---|---|---|---|---|---|---|---|---|---
 6 |   |   | 0 |   | X |   |   |   | 6 
---|---|---|---|---|---|---|---|---|---
 7 |   | 0 |   |   | X |   |   |   | 7 
---|---|---|---|---|---|---|---|---|---
 8 | 0 |   |   |   | X |   |   |   | 8 
---|---|---|---|---|---|---|---|---|---
   | 1 | 2 | 3 | 4 | 5 | 6 | 7 | 8 |

It took 3 seconds to make this move...


Black to move
BXXOOOOEEEXXOOOEEOOXXXEOEEEOOXEEEEEOOXEEEEEOEXEEEEOEEXEEEOEEEXEEE
(1,7)
   | 1 | 2 | 3 | 4 | 5 | 6 | 7 | 8 |
---|---|---|---|---|---|---|---|---|---
 1 | X | X | X | X | X | X | X |   | 1 
---|---|---|---|---|---|---|---|---|---
 2 |   | X | X | 0 | 0 | X |   |   | 2 
---|---|---|---|---|---|---|---|---|---
 3 | 0 | 0 | X | X | X |   | 0 |   | 3 
---|---|---|---|---|---|---|---|---|---
 4 |   |   | 0 | 0 | X |   |   |   | 4 
---|---|---|---|---|---|---|---|---|---
 5 |   |   | 0 | 0 | X |   |   |   | 5 
---|---|---|---|---|---|---|---|---|---
 6 |   |   | 0 |   | X |   |   |   | 6 
---|---|---|---|---|---|---|---|---|---
 7 |   | 0 |   |   | X |   |   |   | 7 
---|---|---|---|---|---|---|---|---|---
 8 | 0 |   |   |   | X |   |   |   | 8 
---|---|---|---|---|---|---|---|---|---
   | 1 | 2 | 3 | 4 | 5 | 6 | 7 | 8 |

It took 0 seconds to make this move...


White to move
WXXXXXXXEEXXOOXEEOOXXXEOEEEOOXEEEEEOOXEEEEEOEXEEEEOEEXEEEOEEEXEEE
(5,6) Depth reached: 5, Nodes searched: 16246
   | 1 | 2 | 3 | 4 | 5 | 6 | 7 | 8 |
---|---|---|---|---|---|---|---|---|---
 1 | X | X | X | X | X | X | X |   | 1 
---|---|---|---|---|---|---|---|---|---
 2 |   | X | X | 0 | 0 | X |   |   | 2 
---|---|---|---|---|---|---|---|---|---
 3 | 0 | 0 | X | X | X |   | 0 |   | 3 
---|---|---|---|---|---|---|---|---|---
 4 |   |   | 0 | 0 | X |   |   |   | 4 
---|---|---|---|---|---|---|---|---|---
 5 |   |   | 0 | 0 | 0 | 0 |   |   | 5 
---|---|---|---|---|---|---|---|---|---
 6 |   |   | 0 |   | X |   |   |   | 6 
---|---|---|---|---|---|---|---|---|---
 7 |   | 0 |   |   | X |   |   |   | 7 
---|---|---|---|---|---|---|---|---|---
 8 | 0 |   |   |   | X |   |   |   | 8 
---|---|---|---|---|---|---|---|---|---
   | 1 | 2 | 3 | 4 | 5 | 6 | 7 | 8 |

It took 3 seconds to make this move...


Black to move
BXXXXXXXEEXXOOXEEOOXXXEOEEEOOXEEEEEOOOOEEEEOEXEEEEOEEXEEEOEEEXEEE
(2,1)
   | 1 | 2 | 3 | 4 | 5 | 6 | 7 | 8 |
---|---|---|---|---|---|---|---|---|---
 1 | X | X | X | X | X | X | X |   | 1 
---|---|---|---|---|---|---|---|---|---
 2 | X | X | X | 0 | 0 | X |   |   | 2 
---|---|---|---|---|---|---|---|---|---
 3 | 0 | X | X | X | X |   | 0 |   | 3 
---|---|---|---|---|---|---|---|---|---
 4 |   |   | X | 0 | X |   |   |   | 4 
---|---|---|---|---|---|---|---|---|---
 5 |   |   | 0 | X | 0 | 0 |   |   | 5 
---|---|---|---|---|---|---|---|---|---
 6 |   |   | 0 |   | X |   |   |   | 6 
---|---|---|---|---|---|---|---|---|---
 7 |   | 0 |   |   | X |   |   |   | 7 
---|---|---|---|---|---|---|---|---|---
 8 | 0 |   |   |   | X |   |   |   | 8 
---|---|---|---|---|---|---|---|---|---
   | 1 | 2 | 3 | 4 | 5 | 6 | 7 | 8 |

It took 1 seconds to make this move...


White to move
WXXXXXXXEXXXOOXEEOXXXXEOEEEXOXEEEEEOXOOEEEEOEXEEEEOEEXEEEOEEEXEEE
(3,6) Depth reached: 6, Nodes searched: 13931
   | 1 | 2 | 3 | 4 | 5 | 6 | 7 | 8 |
---|---|---|---|---|---|---|---|---|---
 1 | X | X | X | X | X | X | X |   | 1 
---|---|---|---|---|---|---|---|---|---
 2 | X | X | X | 0 | 0 | X |   |   | 2 
---|---|---|---|---|---|---|---|---|---
 3 | 0 | 0 | 0 | 0 | 0 | 0 | 0 |   | 3 
---|---|---|---|---|---|---|---|---|---
 4 |   |   | X | 0 | 0 |   |   |   | 4 
---|---|---|---|---|---|---|---|---|---
 5 |   |   | 0 | 0 | 0 | 0 |   |   | 5 
---|---|---|---|---|---|---|---|---|---
 6 |   |   | 0 |   | X |   |   |   | 6 
---|---|---|---|---|---|---|---|---|---
 7 |   | 0 |   |   | X |   |   |   | 7 
---|---|---|---|---|---|---|---|---|---
 8 | 0 |   |   |   | X |   |   |   | 8 
---|---|---|---|---|---|---|---|---|---
   | 1 | 2 | 3 | 4 | 5 | 6 | 7 | 8 |

It took 3 seconds to make this move...


Black to move
BXXXXXXXEXXXOOXEEOOOOOOOEEEXOOEEEEEOOOOEEEEOEXEEEEOEEXEEEOEEEXEEE
(4,1)
   | 1 | 2 | 3 | 4 | 5 | 6 | 7 | 8 |
---|---|---|---|---|---|---|---|---|---
 1 | X | X | X | X | X | X | X |   | 1 
---|---|---|---|---|---|---|---|---|---
 2 | X | X | X | 0 | 0 | X |   |   | 2 
---|---|---|---|---|---|---|---|---|---
 3 | X | X | 0 | 0 | 0 | 0 | 0 |   | 3 
---|---|---|---|---|---|---|---|---|---
 4 | X |   | X | 0 | 0 |   |   |   | 4 
---|---|---|---|---|---|---|---|---|---
 5 |   |   | 0 | 0 | 0 | 0 |   |   | 5 
---|---|---|---|---|---|---|---|---|---
 6 |   |   | 0 |   | X |   |   |   | 6 
---|---|---|---|---|---|---|---|---|---
 7 |   | 0 |   |   | X |   |   |   | 7 
---|---|---|---|---|---|---|---|---|---
 8 | 0 |   |   |   | X |   |   |   | 8 
---|---|---|---|---|---|---|---|---|---
   | 1 | 2 | 3 | 4 | 5 | 6 | 7 | 8 |

It took 0 seconds to make this move...


White to move
WXXXXXXXEXXXOOXEEXXOOOOOEXEXOOEEEEEOOOOEEEEOEXEEEEOEEXEEEOEEEXEEE
(7,4) Depth reached: 6, Nodes searched: 11312
   | 1 | 2 | 3 | 4 | 5 | 6 | 7 | 8 |
---|---|---|---|---|---|---|---|---|---
 1 | X | X | X | X | X | X | X |   | 1 
---|---|---|---|---|---|---|---|---|---
 2 | X | X | X | 0 | 0 | X |   |   | 2 
---|---|---|---|---|---|---|---|---|---
 3 | X | X | 0 | 0 | 0 | 0 | 0 |   | 3 
---|---|---|---|---|---|---|---|---|---
 4 | X |   | X | 0 | 0 |   |   |   | 4 
---|---|---|---|---|---|---|---|---|---
 5 |   |   | 0 | 0 | 0 | 0 |   |   | 5 
---|---|---|---|---|---|---|---|---|---
 6 |   |   | 0 |   | 0 |   |   |   | 6 
---|---|---|---|---|---|---|---|---|---
 7 |   | 0 |   | 0 | X |   |   |   | 7 
---|---|---|---|---|---|---|---|---|---
 8 | 0 |   |   |   | X |   |   |   | 8 
---|---|---|---|---|---|---|---|---|---
   | 1 | 2 | 3 | 4 | 5 | 6 | 7 | 8 |

It took 3 seconds to make this move...


Black to move
BXXXXXXXEXXXOOXEEXXOOOOOEXEXOOEEEEEOOOOEEEEOEOEEEEOEOXEEEOEEEXEEE
(3,8)
   | 1 | 2 | 3 | 4 | 5 | 6 | 7 | 8 |
---|---|---|---|---|---|---|---|---|---
 1 | X | X | X | X | X | X | X |   | 1 
---|---|---|---|---|---|---|---|---|---
 2 | X | X | X | 0 | 0 | X |   |   | 2 
---|---|---|---|---|---|---|---|---|---
 3 | X | X | X | X | X | X | X | X | 3 
---|---|---|---|---|---|---|---|---|---
 4 | X |   | X | 0 | 0 |   |   |   | 4 
---|---|---|---|---|---|---|---|---|---
 5 |   |   | 0 | 0 | 0 | 0 |   |   | 5 
---|---|---|---|---|---|---|---|---|---
 6 |   |   | 0 |   | 0 |   |   |   | 6 
---|---|---|---|---|---|---|---|---|---
 7 |   | 0 |   | 0 | X |   |   |   | 7 
---|---|---|---|---|---|---|---|---|---
 8 | 0 |   |   |   | X |   |   |   | 8 
---|---|---|---|---|---|---|---|---|---
   | 1 | 2 | 3 | 4 | 5 | 6 | 7 | 8 |

It took 0 seconds to make this move...


White to move
WXXXXXXXEXXXOOXEEXXXXXXXXXEXOOEEEEEOOOOEEEEOEOEEEEOEOXEEEOEEEXEEE
(4,2) Depth reached: 6, Nodes searched: 6390
   | 1 | 2 | 3 | 4 | 5 | 6 | 7 | 8 |
---|---|---|---|---|---|---|---|---|---
 1 | X | X | X | X | X | X | X |   | 1 
---|---|---|---|---|---|---|---|---|---
 2 | X | X | X | 0 | 0 | X |   |   | 2 
---|---|---|---|---|---|---|---|---|---
 3 | X | X | 0 | X | X | X | X | X | 3 
---|---|---|---|---|---|---|---|---|---
 4 | X | 0 | 0 | 0 | 0 |   |   |   | 4 
---|---|---|---|---|---|---|---|---|---
 5 |   |   | 0 | 0 | 0 | 0 |   |   | 5 
---|---|---|---|---|---|---|---|---|---
 6 |   |   | 0 |   | 0 |   |   |   | 6 
---|---|---|---|---|---|---|---|---|---
 7 |   | 0 |   | 0 | X |   |   |   | 7 
---|---|---|---|---|---|---|---|---|---
 8 | 0 |   |   |   | X |   |   |   | 8 
---|---|---|---|---|---|---|---|---|---
   | 1 | 2 | 3 | 4 | 5 | 6 | 7 | 8 |

It took 3 seconds to make this move...


Black to move
BXXXXXXXEXXXOOXEEXXOXXXXXXOOOOEEEEEOOOOEEEEOEOEEEEOEOXEEEOEEEXEEE
(5,1)
   | 1 | 2 | 3 | 4 | 5 | 6 | 7 | 8 |
---|---|---|---|---|---|---|---|---|---
 1 | X | X | X | X | X | X | X |   | 1 
---|---|---|---|---|---|---|---|---|---
 2 | X | X | X | X | 0 | X |   |   | 2 
---|---|---|---|---|---|---|---|---|---
 3 | X | X | X | X | X | X | X | X | 3 
---|---|---|---|---|---|---|---|---|---
 4 | X | X | 0 | 0 | 0 |   |   |   | 4 
---|---|---|---|---|---|---|---|---|---
 5 | X |   | 0 | 0 | 0 | 0 |   |   | 5 
---|---|---|---|---|---|---|---|---|---
 6 |   |   | 0 |   | 0 |   |   |   | 6 
---|---|---|---|---|---|---|---|---|---
 7 |   | 0 |   | 0 | X |   |   |   | 7 
---|---|---|---|---|---|---|---|---|---
 8 | 0 |   |   |   | X |   |   |   | 8 
---|---|---|---|---|---|---|---|---|---
   | 1 | 2 | 3 | 4 | 5 | 6 | 7 | 8 |

It took 0 seconds to make this move...


White to move
WXXXXXXXEXXXXOXEEXXXXXXXXXXOOOEEEXEOOOOEEEEOEOEEEEOEOXEEEOEEEXEEE
(4,7) Depth reached: 7, Nodes searched: 10207
   | 1 | 2 | 3 | 4 | 5 | 6 | 7 | 8 |
---|---|---|---|---|---|---|---|---|---
 1 | X | X | X | X | X | X | X |   | 1 
---|---|---|---|---|---|---|---|---|---
 2 | X | X | X | X | 0 | X |   |   | 2 
---|---|---|---|---|---|---|---|---|---
 3 | X | X | X | X | X | 0 | X | X | 3 
---|---|---|---|---|---|---|---|---|---
 4 | X | X | 0 | 0 | 0 |   | 0 |   | 4 
---|---|---|---|---|---|---|---|---|---
 5 | X |   | 0 | 0 | 0 | 0 |   |   | 5 
---|---|---|---|---|---|---|---|---|---
 6 |   |   | 0 |   | 0 |   |   |   | 6 
---|---|---|---|---|---|---|---|---|---
 7 |   | 0 |   | 0 | X |   |   |   | 7 
---|---|---|---|---|---|---|---|---|---
 8 | 0 |   |   |   | X |   |   |   | 8 
---|---|---|---|---|---|---|---|---|---
   | 1 | 2 | 3 | 4 | 5 | 6 | 7 | 8 |

It took 3 seconds to make this move...


Black to move
BXXXXXXXEXXXXOXEEXXXXXOXXXXOOOEOEXEOOOOEEEEOEOEEEEOEOXEEEOEEEXEEE
(5,8)
   | 1 | 2 | 3 | 4 | 5 | 6 | 7 | 8 |
---|---|---|---|---|---|---|---|---|---
 1 | X | X | X | X | X | X | X |   | 1 
---|---|---|---|---|---|---|---|---|---
 2 | X | X | X | X | X | X |   |   | 2 
---|---|---|---|---|---|---|---|---|---
 3 | X | X | X | X | X | X | X | X | 3 
---|---|---|---|---|---|---|---|---|---
 4 | X | X | 0 | 0 | 0 |   | X |   | 4 
---|---|---|---|---|---|---|---|---|---
 5 | X |   | 0 | 0 | 0 | 0 |   | X | 5 
---|---|---|---|---|---|---|---|---|---
 6 |   |   | 0 |   | 0 |   |   |   | 6 
---|---|---|---|---|---|---|---|---|---
 7 |   | 0 |   | 0 | X |   |   |   | 7 
---|---|---|---|---|---|---|---|---|---
 8 | 0 |   |   |   | X |   |   |   | 8 
---|---|---|---|---|---|---|---|---|---
   | 1 | 2 | 3 | 4 | 5 | 6 | 7 | 8 |

It took 0 seconds to make this move...


White to move
WXXXXXXXEXXXXXXEEXXXXXXXXXXOOOEXEXEOOOOEXEEOEOEEEEOEOXEEEOEEEXEEE
(7,6) Depth reached: 8, Nodes searched: 5428
   | 1 | 2 | 3 | 4 | 5 | 6 | 7 | 8 |
---|---|---|---|---|---|---|---|---|---
 1 | X | X | X | X | X | X | X |   | 1 
---|---|---|---|---|---|---|---|---|---
 2 | X | X | X | X | X | X |   |   | 2 
---|---|---|---|---|---|---|---|---|---
 3 | X | X | X | X | X | X | X | X | 3 
---|---|---|---|---|---|---|---|---|---
 4 | X | X | 0 | 0 | 0 |   | X |   | 4 
---|---|---|---|---|---|---|---|---|---
 5 | X |   | 0 | 0 | 0 | 0 |   | X | 5 
---|---|---|---|---|---|---|---|---|---
 6 |   |   | 0 |   | 0 |   |   |   | 6 
---|---|---|---|---|---|---|---|---|---
 7 |   | 0 |   | 0 | 0 | 0 |   |   | 7 
---|---|---|---|---|---|---|---|---|---
 8 | 0 |   |   |   | X |   |   |   | 8 
---|---|---|---|---|---|---|---|---|---
   | 1 | 2 | 3 | 4 | 5 | 6 | 7 | 8 |

It took 3 seconds to make this move...


Black to move
BXXXXXXXEXXXXXXEEXXXXXXXXXXOOOEXEXEOOOOEXEEOEOEEEEOEOOOEEOEEEXEEE
(8,3)
   | 1 | 2 | 3 | 4 | 5 | 6 | 7 | 8 |
---|---|---|---|---|---|---|---|---|---
 1 | X | X | X | X | X | X | X |   | 1 
---|---|---|---|---|---|---|---|---|---
 2 | X | X | X | X | X | X |   |   | 2 
---|---|---|---|---|---|---|---|---|---
 3 | X | X | X | X | X | X | X | X | 3 
---|---|---|---|---|---|---|---|---|---
 4 | X | X | 0 | 0 | 0 |   | X |   | 4 
---|---|---|---|---|---|---|---|---|---
 5 | X |   | 0 | 0 | 0 | X |   | X | 5 
---|---|---|---|---|---|---|---|---|---
 6 |   |   | 0 |   | X |   |   |   | 6 
---|---|---|---|---|---|---|---|---|---
 7 |   | 0 |   | X | 0 | 0 |   |   | 7 
---|---|---|---|---|---|---|---|---|---
 8 | 0 |   | X |   | X |   |   |   | 8 
---|---|---|---|---|---|---|---|---|---
   | 1 | 2 | 3 | 4 | 5 | 6 | 7 | 8 |

It took 0 seconds to make this move...


White to move
WXXXXXXXEXXXXXXEEXXXXXXXXXXOOOEXEXEOOOXEXEEOEXEEEEOEXOOEEOEXEXEEE
(7,3) Depth reached: 7, Nodes searched: 15869
   | 1 | 2 | 3 | 4 | 5 | 6 | 7 | 8 |
---|---|---|---|---|---|---|---|---|---
 1 | X | X | X | X | X | X | X |   | 1 
---|---|---|---|---|---|---|---|---|---
 2 | X | X | X | X | X | X |   |   | 2 
---|---|---|---|---|---|---|---|---|---
 3 | X | X | X | X | X | X | X | X | 3 
---|---|---|---|---|---|---|---|---|---
 4 | X | X | 0 | 0 | 0 |   | X |   | 4 
---|---|---|---|---|---|---|---|---|---
 5 | X |   | 0 | 0 | 0 | X |   | X | 5 
---|---|---|---|---|---|---|---|---|---
 6 |   |   | 0 |   | X |   |   |   | 6 
---|---|---|---|---|---|---|---|---|---
 7 |   | 0 | 0 | 0 | 0 | 0 |   |   | 7 
---|---|---|---|---|---|---|---|---|---
 8 | 0 |   | X |   | X |   |   |   | 8 
---|---|---|---|---|---|---|---|---|---
   | 1 | 2 | 3 | 4 | 5 | 6 | 7 | 8 |

It took 3 seconds to make this move...


Black to move
BXXXXXXXEXXXXXXEEXXXXXXXXXXOOOEXEXEOOOXEXEEOEXEEEEOOOOOEEOEXEXEEE
(8,7)
   | 1 | 2 | 3 | 4 | 5 | 6 | 7 | 8 |
---|---|---|---|---|---|---|---|---|---
 1 | X | X | X | X | X | X | X |   | 1 
---|---|---|---|---|---|---|---|---|---
 2 | X | X | X | X | X | X |   |   | 2 
---|---|---|---|---|---|---|---|---|---
 3 | X | X | X | X | X | X | X | X | 3 
---|---|---|---|---|---|---|---|---|---
 4 | X | X | 0 | 0 | 0 |   | X |   | 4 
---|---|---|---|---|---|---|---|---|---
 5 | X |   | 0 | 0 | 0 | X |   | X | 5 
---|---|---|---|---|---|---|---|---|---
 6 |   |   | 0 |   | X |   |   |   | 6 
---|---|---|---|---|---|---|---|---|---
 7 |   | 0 | 0 | 0 | 0 | X |   |   | 7 
---|---|---|---|---|---|---|---|---|---
 8 | 0 |   | X |   | X |   | X |   | 8 
---|---|---|---|---|---|---|---|---|---
   | 1 | 2 | 3 | 4 | 5 | 6 | 7 | 8 |

It took 0 seconds to make this move...


White to move
WXXXXXXXEXXXXXXEEXXXXXXXXXXOOOEXEXEOOOXEXEEOEXEEEEOOOOXEEOEXEXEXE
(5,7) Depth reached: 8, Nodes searched: 3728
   | 1 | 2 | 3 | 4 | 5 | 6 | 7 | 8 |
---|---|---|---|---|---|---|---|---|---
 1 | X | X | X | X | X | X | X |   | 1 
---|---|---|---|---|---|---|---|---|---
 2 | X | X | X | X | X | X |   |   | 2 
---|---|---|---|---|---|---|---|---|---
 3 | X | X | X | X | X | X | X | X | 3 
---|---|---|---|---|---|---|---|---|---
 4 | X | X | 0 | 0 | 0 |   | X |   | 4 
---|---|---|---|---|---|---|---|---|---
 5 | X |   | 0 | 0 | 0 | 0 | 0 | X | 5 
---|---|---|---|---|---|---|---|---|---
 6 |   |   | 0 |   | X |   |   |   | 6 
---|---|---|---|---|---|---|---|---|---
 7 |   | 0 | 0 | 0 | 0 | X |   |   | 7 
---|---|---|---|---|---|---|---|---|---
 8 | 0 |   | X |   | X |   | X |   | 8 
---|---|---|---|---|---|---|---|---|---
   | 1 | 2 | 3 | 4 | 5 | 6 | 7 | 8 |

It took 3 seconds to make this move...


Black to move
BXXXXXXXEXXXXXXEEXXXXXXXXXXOOOEXEXEOOOOOXEEOEXEEEEOOOOXEEOEXEXEXE
(5,2)
   | 1 | 2 | 3 | 4 | 5 | 6 | 7 | 8 |
---|---|---|---|---|---|---|---|---|---
 1 | X | X | X | X | X | X | X |   | 1 
---|---|---|---|---|---|---|---|---|---
 2 | X | X | X | X | X | X |   |   | 2 
---|---|---|---|---|---|---|---|---|---
 3 | X | X | X | X | X | X | X | X | 3 
---|---|---|---|---|---|---|---|---|---
 4 | X | X | X | 0 | 0 |   | X |   | 4 
---|---|---|---|---|---|---|---|---|---
 5 | X | X | X | X | X | X | X | X | 5 
---|---|---|---|---|---|---|---|---|---
 6 |   |   | X |   | X |   |   |   | 6 
---|---|---|---|---|---|---|---|---|---
 7 |   | 0 | 0 | X | 0 | X |   |   | 7 
---|---|---|---|---|---|---|---|---|---
 8 | 0 |   | X |   | X |   | X |   | 8 
---|---|---|---|---|---|---|---|---|---
   | 1 | 2 | 3 | 4 | 5 | 6 | 7 | 8 |

It took 0 seconds to make this move...


White to move
WXXXXXXXEXXXXXXEEXXXXXXXXXXXOOEXEXXXXXXXXEEXEXEEEEOOXOXEEOEXEXEXE
(6,4) Depth reached: 8, Nodes searched: 19018
   | 1 | 2 | 3 | 4 | 5 | 6 | 7 | 8 |
---|---|---|---|---|---|---|---|---|---
 1 | X | X | X | X | X | X | X |   | 1 
---|---|---|---|---|---|---|---|---|---
 2 | X | X | X | X | X | X |   |   | 2 
---|---|---|---|---|---|---|---|---|---
 3 | X | X | X | X | X | X | X | X | 3 
---|---|---|---|---|---|---|---|---|---
 4 | X | X | X | 0 | 0 |   | X |   | 4 
---|---|---|---|---|---|---|---|---|---
 5 | X | X | X | 0 | X | X | X | X | 5 
---|---|---|---|---|---|---|---|---|---
 6 |   |   | X | 0 | X |   |   |   | 6 
---|---|---|---|---|---|---|---|---|---
 7 |   | 0 | 0 | X | 0 | X |   |   | 7 
---|---|---|---|---|---|---|---|---|---
 8 | 0 |   | X |   | X |   | X |   | 8 
---|---|---|---|---|---|---|---|---|---
   | 1 | 2 | 3 | 4 | 5 | 6 | 7 | 8 |

It took 3 seconds to make this move...


Black to move
BXXXXXXXEXXXXXXEEXXXXXXXXXXXOOEXEXXXOXXXXEEXOXEEEEOOXOXEEOEXEXEXE
(4,6)
   | 1 | 2 | 3 | 4 | 5 | 6 | 7 | 8 |
---|---|---|---|---|---|---|---|---|---
 1 | X | X | X | X | X | X | X |   | 1 
---|---|---|---|---|---|---|---|---|---
 2 | X | X | X | X | X | X |   |   | 2 
---|---|---|---|---|---|---|---|---|---
 3 | X | X | X | X | X | X | X | X | 3 
---|---|---|---|---|---|---|---|---|---
 4 | X | X | X | X | X | X | X |   | 4 
---|---|---|---|---|---|---|---|---|---
 5 | X | X | X | 0 | X | X | X | X | 5 
---|---|---|---|---|---|---|---|---|---
 6 |   |   | X | 0 | X |   |   |   | 6 
---|---|---|---|---|---|---|---|---|---
 7 |   | 0 | 0 | X | 0 | X |   |   | 7 
---|---|---|---|---|---|---|---|---|---
 8 | 0 |   | X |   | X |   | X |   | 8 
---|---|---|---|---|---|---|---|---|---
   | 1 | 2 | 3 | 4 | 5 | 6 | 7 | 8 |

It took 0 seconds to make this move...


White to move
WXXXXXXXEXXXXXXEEXXXXXXXXXXXXXXXEXXXOXXXXEEXOXEEEEOOXOXEEOEXEXEXE
(8,4) Depth reached: 8, Nodes searched: 26985
   | 1 | 2 | 3 | 4 | 5 | 6 | 7 | 8 |
---|---|---|---|---|---|---|---|---|---
 1 | X | X | X | X | X | X | X |   | 1 
---|---|---|---|---|---|---|---|---|---
 2 | X | X | X | X | X | X |   |   | 2 
---|---|---|---|---|---|---|---|---|---
 3 | X | X | X | X | X | X | X | X | 3 
---|---|---|---|---|---|---|---|---|---
 4 | X | X | X | X | X | X | X |   | 4 
---|---|---|---|---|---|---|---|---|---
 5 | X | X | X | 0 | X | X | X | X | 5 
---|---|---|---|---|---|---|---|---|---
 6 |   |   | X | 0 | X |   |   |   | 6 
---|---|---|---|---|---|---|---|---|---
 7 |   | 0 | 0 | 0 | 0 | X |   |   | 7 
---|---|---|---|---|---|---|---|---|---
 8 | 0 |   | X | 0 | X |   | X |   | 8 
---|---|---|---|---|---|---|---|---|---
   | 1 | 2 | 3 | 4 | 5 | 6 | 7 | 8 |

It took 3 seconds to make this move...


Black to move
BXXXXXXXEXXXXXXEEXXXXXXXXXXXXXXXEXXXOXXXXEEXOXEEEEOOOOXEEOEXOXEXE
(7,1)
   | 1 | 2 | 3 | 4 | 5 | 6 | 7 | 8 |
---|---|---|---|---|---|---|---|---|---
 1 | X | X | X | X | X | X | X |   | 1 
---|---|---|---|---|---|---|---|---|---
 2 | X | X | X | X | X | X |   |   | 2 
---|---|---|---|---|---|---|---|---|---
 3 | X | X | X | X | X | X | X | X | 3 
---|---|---|---|---|---|---|---|---|---
 4 | X | X | X | X | X | X | X |   | 4 
---|---|---|---|---|---|---|---|---|---
 5 | X | X | X | 0 | X | X | X | X | 5 
---|---|---|---|---|---|---|---|---|---
 6 |   |   | X | 0 | X |   |   |   | 6 
---|---|---|---|---|---|---|---|---|---
 7 | X | X | X | X | X | X |   |   | 7 
---|---|---|---|---|---|---|---|---|---
 8 | 0 |   | X | 0 | X |   | X |   | 8 
---|---|---|---|---|---|---|---|---|---
   | 1 | 2 | 3 | 4 | 5 | 6 | 7 | 8 |

It took 0 seconds to make this move...


White to move
WXXXXXXXEXXXXXXEEXXXXXXXXXXXXXXXEXXXOXXXXEEXOXEEEXXXXXXEEOEXOXEXE
(6,2) Depth reached: 9, Nodes searched: 13920
   | 1 | 2 | 3 | 4 | 5 | 6 | 7 | 8 |
---|---|---|---|---|---|---|---|---|---
 1 | X | X | X | X | X | X | X |   | 1 
---|---|---|---|---|---|---|---|---|---
 2 | X | X | X | X | X | X |   |   | 2 
---|---|---|---|---|---|---|---|---|---
 3 | X | X | X | X | X | X | X | X | 3 
---|---|---|---|---|---|---|---|---|---
 4 | X | X | X | X | X | X | X |   | 4 
---|---|---|---|---|---|---|---|---|---
 5 | X | X | X | 0 | X | X | X | X | 5 
---|---|---|---|---|---|---|---|---|---
 6 |   | 0 | 0 | 0 | X |   |   |   | 6 
---|---|---|---|---|---|---|---|---|---
 7 | X | X | 0 | X | X | X |   |   | 7 
---|---|---|---|---|---|---|---|---|---
 8 | 0 |   | X | 0 | X |   | X |   | 8 
---|---|---|---|---|---|---|---|---|---
   | 1 | 2 | 3 | 4 | 5 | 6 | 7 | 8 |

It took 3 seconds to make this move...


Black to move
BXXXXXXXEXXXXXXEEXXXXXXXXXXXXXXXEXXXOXXXXEOOOXEEEXXOXXXEEOEXOXEXE
(6,1)
   | 1 | 2 | 3 | 4 | 5 | 6 | 7 | 8 |
---|---|---|---|---|---|---|---|---|---
 1 | X | X | X | X | X | X | X |   | 1 
---|---|---|---|---|---|---|---|---|---
 2 | X | X | X | X | X | X |   |   | 2 
---|---|---|---|---|---|---|---|---|---
 3 | X | X | X | X | X | X | X | X | 3 
---|---|---|---|---|---|---|---|---|---
 4 | X | X | X | X | X | X | X |   | 4 
---|---|---|---|---|---|---|---|---|---
 5 | X | X | X | 0 | X | X | X | X | 5 
---|---|---|---|---|---|---|---|---|---
 6 | X | X | X | X | X |   |   |   | 6 
---|---|---|---|---|---|---|---|---|---
 7 | X | X | 0 | X | X | X |   |   | 7 
---|---|---|---|---|---|---|---|---|---
 8 | 0 |   | X | 0 | X |   | X |   | 8 
---|---|---|---|---|---|---|---|---|---
   | 1 | 2 | 3 | 4 | 5 | 6 | 7 | 8 |

It took 0 seconds to make this move...


White to move
WXXXXXXXEXXXXXXEEXXXXXXXXXXXXXXXEXXXOXXXXXXXXXEEEXXOXXXEEOEXOXEXE
(8,6) Depth reached: 11, Nodes searched: 9107
   | 1 | 2 | 3 | 4 | 5 | 6 | 7 | 8 |
---|---|---|---|---|---|---|---|---|---
 1 | X | X | X | X | X | X | X |   | 1 
---|---|---|---|---|---|---|---|---|---
 2 | X | X | X | X | X | X |   |   | 2 
---|---|---|---|---|---|---|---|---|---
 3 | X | X | X | X | X | X | X | X | 3 
---|---|---|---|---|---|---|---|---|---
 4 | X | X | X | X | X | X | X |   | 4 
---|---|---|---|---|---|---|---|---|---
 5 | X | X | X | 0 | X | X | X | X | 5 
---|---|---|---|---|---|---|---|---|---
 6 | X | X | X | X | X |   |   |   | 6 
---|---|---|---|---|---|---|---|---|---
 7 | X | X | 0 | X | X | X |   |   | 7 
---|---|---|---|---|---|---|---|---|---
 8 | 0 |   | X | 0 | 0 | 0 | X |   | 8 
---|---|---|---|---|---|---|---|---|---
   | 1 | 2 | 3 | 4 | 5 | 6 | 7 | 8 |

It took 3 seconds to make this move...


Black to move
BXXXXXXXEXXXXXXEEXXXXXXXXXXXXXXXEXXXOXXXXXXXXXEEEXXOXXXEEOEXOOOXE
(8,2)
   | 1 | 2 | 3 | 4 | 5 | 6 | 7 | 8 |
---|---|---|---|---|---|---|---|---|---
 1 | X | X | X | X | X | X | X |   | 1 
---|---|---|---|---|---|---|---|---|---
 2 | X | X | X | X | X | X |   |   | 2 
---|---|---|---|---|---|---|---|---|---
 3 | X | X | X | X | X | X | X | X | 3 
---|---|---|---|---|---|---|---|---|---
 4 | X | X | X | X | X | X | X |   | 4 
---|---|---|---|---|---|---|---|---|---
 5 | X | X | X | 0 | X | X | X | X | 5 
---|---|---|---|---|---|---|---|---|---
 6 | X | X | X | X | X |   |   |   | 6 
---|---|---|---|---|---|---|---|---|---
 7 | X | X | X | X | X | X |   |   | 7 
---|---|---|---|---|---|---|---|---|---
 8 | 0 | X | X | 0 | 0 | 0 | X |   | 8 
---|---|---|---|---|---|---|---|---|---
   | 1 | 2 | 3 | 4 | 5 | 6 | 7 | 8 |

It took 0 seconds to make this move...


White to move
WXXXXXXXEXXXXXXEEXXXXXXXXXXXXXXXEXXXOXXXXXXXXXEEEXXXXXXEEOXXOOOXE
(8,8) Depth reached: 24, Nodes searched: 8156
   | 1 | 2 | 3 | 4 | 5 | 6 | 7 | 8 |
---|---|---|---|---|---|---|---|---|---
 1 | X | X | X | X | X | X | X |   | 1 
---|---|---|---|---|---|---|---|---|---
 2 | X | X | X | X | X | X |   |   | 2 
---|---|---|---|---|---|---|---|---|---
 3 | X | X | X | X | X | X | X | X | 3 
---|---|---|---|---|---|---|---|---|---
 4 | X | X | X | X | X | X | X |   | 4 
---|---|---|---|---|---|---|---|---|---
 5 | X | X | X | 0 | X | X | X | X | 5 
---|---|---|---|---|---|---|---|---|---
 6 | X | X | X | X | X |   |   |   | 6 
---|---|---|---|---|---|---|---|---|---
 7 | X | X | X | X | X | X |   |   | 7 
---|---|---|---|---|---|---|---|---|---
 8 | 0 | X | X | 0 | 0 | 0 | 0 | 0 | 8 
---|---|---|---|---|---|---|---|---|---
   | 1 | 2 | 3 | 4 | 5 | 6 | 7 | 8 |

It took 2 seconds to make this move...


Black to move
BXXXXXXXEXXXXXXEEXXXXXXXXXXXXXXXEXXXOXXXXXXXXXEEEXXXXXXEEOXXOOOOO
pass
   | 1 | 2 | 3 | 4 | 5 | 6 | 7 | 8 |
---|---|---|---|---|---|---|---|---|---
 1 | X | X | X | X | X | X | X |   | 1 
---|---|---|---|---|---|---|---|---|---
 2 | X | X | X | X | X | X |   |   | 2 
---|---|---|---|---|---|---|---|---|---
 3 | X | X | X | X | X | X | X | X | 3 
---|---|---|---|---|---|---|---|---|---
 4 | X | X | X | X | X | X | X |   | 4 
---|---|---|---|---|---|---|---|---|---
 5 | X | X | X | 0 | X | X | X | X | 5 
---|---|---|---|---|---|---|---|---|---
 6 | X | X | X | X | X |   |   |   | 6 
---|---|---|---|---|---|---|---|---|---
 7 | X | X | X | X | X | X |   |   | 7 
---|---|---|---|---|---|---|---|---|---
 8 | 0 | X | X | 0 | 0 | 0 | 0 | 0 | 8 
---|---|---|---|---|---|---|---|---|---
   | 1 | 2 | 3 | 4 | 5 | 6 | 7 | 8 |

It took 1 seconds to make this move...


White to move
WXXXXXXXEXXXXXXEEXXXXXXXXXXXXXXXEXXXOXXXXXXXXXEEEXXXXXXEEOXXOOOOO
(6,6) Depth reached: 45, Nodes searched: 8
   | 1 | 2 | 3 | 4 | 5 | 6 | 7 | 8 |
---|---|---|---|---|---|---|---|---|---
 1 | X | X | X | X | X | X | X |   | 1 
---|---|---|---|---|---|---|---|---|---
 2 | X | X | X | X | X | X |   |   | 2 
---|---|---|---|---|---|---|---|---|---
 3 | X | X | X | X | X | X | X | X | 3 
---|---|---|---|---|---|---|---|---|---
 4 | X | X | X | X | X | X | X |   | 4 
---|---|---|---|---|---|---|---|---|---
 5 | X | X | X | 0 | X | X | X | X | 5 
---|---|---|---|---|---|---|---|---|---
 6 | X | X | X | X | X | 0 |   |   | 6 
---|---|---|---|---|---|---|---|---|---
 7 | X | X | X | X | 0 | 0 |   |   | 7 
---|---|---|---|---|---|---|---|---|---
 8 | 0 | X | X | 0 | 0 | 0 | 0 | 0 | 8 
---|---|---|---|---|---|---|---|---|---
   | 1 | 2 | 3 | 4 | 5 | 6 | 7 | 8 |

It took 3 seconds to make this move...


Black to move
BXXXXXXXEXXXXXXEEXXXXXXXXXXXXXXXEXXXOXXXXXXXXXOEEXXXXOOEEOXXOOOOO
(6,7)
   | 1 | 2 | 3 | 4 | 5 | 6 | 7 | 8 |
---|---|---|---|---|---|---|---|---|---
 1 | X | X | X | X | X | X | X |   | 1 
---|---|---|---|---|---|---|---|---|---
 2 | X | X | X | X | X | X |   |   | 2 
---|---|---|---|---|---|---|---|---|---
 3 | X | X | X | X | X | X | X | X | 3 
---|---|---|---|---|---|---|---|---|---
 4 | X | X | X | X | X | X | X |   | 4 
---|---|---|---|---|---|---|---|---|---
 5 | X | X | X | 0 | X | X | X | X | 5 
---|---|---|---|---|---|---|---|---|---
 6 | X | X | X | X | X | X | X |   | 6 
---|---|---|---|---|---|---|---|---|---
 7 | X | X | X | X | 0 | 0 |   |   | 7 
---|---|---|---|---|---|---|---|---|---
 8 | 0 | X | X | 0 | 0 | 0 | 0 | 0 | 8 
---|---|---|---|---|---|---|---|---|---
   | 1 | 2 | 3 | 4 | 5 | 6 | 7 | 8 |

It took 0 seconds to make this move...


White to move
WXXXXXXXEXXXXXXEEXXXXXXXXXXXXXXXEXXXOXXXXXXXXXXXEXXXXOOEEOXXOOOOO
(4,8) Depth reached: 113, Nodes searched: 87
   | 1 | 2 | 3 | 4 | 5 | 6 | 7 | 8 |
---|---|---|---|---|---|---|---|---|---
 1 | X | X | X | X | X | X | X |   | 1 
---|---|---|---|---|---|---|---|---|---
 2 | X | X | X | X | X | X |   |   | 2 
---|---|---|---|---|---|---|---|---|---
 3 | X | X | X | X | X | X | X | X | 3 
---|---|---|---|---|---|---|---|---|---
 4 | X | X | X | X | X | X | X | 0 | 4 
---|---|---|---|---|---|---|---|---|---
 5 | X | X | X | 0 | X | X | 0 | X | 5 
---|---|---|---|---|---|---|---|---|---
 6 | X | X | X | X | X | 0 | X |   | 6 
---|---|---|---|---|---|---|---|---|---
 7 | X | X | X | X | 0 | 0 |   |   | 7 
---|---|---|---|---|---|---|---|---|---
 8 | 0 | X | X | 0 | 0 | 0 | 0 | 0 | 8 
---|---|---|---|---|---|---|---|---|---
   | 1 | 2 | 3 | 4 | 5 | 6 | 7 | 8 |

It took 3 seconds to make this move...


Black to move
BXXXXXXXEXXXXXXEEXXXXXXXXXXXXXXXOXXXOXXOXXXXXXOXEXXXXOOEEOXXOOOOO
(7,7)
   | 1 | 2 | 3 | 4 | 5 | 6 | 7 | 8 |
---|---|---|---|---|---|---|---|---|---
 1 | X | X | X | X | X | X | X |   | 1 
---|---|---|---|---|---|---|---|---|---
 2 | X | X | X | X | X | X |   |   | 2 
---|---|---|---|---|---|---|---|---|---
 3 | X | X | X | X | X | X | X | X | 3 
---|---|---|---|---|---|---|---|---|---
 4 | X | X | X | X | X | X | X | 0 | 4 
---|---|---|---|---|---|---|---|---|---
 5 | X | X | X | 0 | X | X | 0 | X | 5 
---|---|---|---|---|---|---|---|---|---
 6 | X | X | X | X | X | X | X |   | 6 
---|---|---|---|---|---|---|---|---|---
 7 | X | X | X | X | X | X | X |   | 7 
---|---|---|---|---|---|---|---|---|---
 8 | 0 | X | X | 0 | 0 | 0 | 0 | 0 | 8 
---|---|---|---|---|---|---|---|---|---
   | 1 | 2 | 3 | 4 | 5 | 6 | 7 | 8 |

It took 0 seconds to make this move...


White to move
WXXXXXXXEXXXXXXEEXXXXXXXXXXXXXXXOXXXOXXOXXXXXXXXEXXXXXXXEOXXOOOOO
(2,8) Depth reached: 175, Nodes searched: 260
   | 1 | 2 | 3 | 4 | 5 | 6 | 7 | 8 |
---|---|---|---|---|---|---|---|---|---
 1 | X | X | X | X | X | X | X |   | 1 
---|---|---|---|---|---|---|---|---|---
 2 | X | X | X | X | X | X |   | 0 | 2 
---|---|---|---|---|---|---|---|---|---
 3 | X | X | X | X | X | X | X | 0 | 3 
---|---|---|---|---|---|---|---|---|---
 4 | X | X | X | X | X | X | X | 0 | 4 
---|---|---|---|---|---|---|---|---|---
 5 | X | X | X | 0 | X | X | 0 | X | 5 
---|---|---|---|---|---|---|---|---|---
 6 | X | X | X | X | X | X | X |   | 6 
---|---|---|---|---|---|---|---|---|---
 7 | X | X | X | X | X | X | X |   | 7 
---|---|---|---|---|---|---|---|---|---
 8 | 0 | X | X | 0 | 0 | 0 | 0 | 0 | 8 
---|---|---|---|---|---|---|---|---|---
   | 1 | 2 | 3 | 4 | 5 | 6 | 7 | 8 |

It took 3 seconds to make this move...


Black to move
BXXXXXXXEXXXXXXEOXXXXXXXOXXXXXXXOXXXOXXOXXXXXXXXEXXXXXXXEOXXOOOOO
(6,8)
   | 1 | 2 | 3 | 4 | 5 | 6 | 7 | 8 |
---|---|---|---|---|---|---|---|---|---
 1 | X | X | X | X | X | X | X |   | 1 
---|---|---|---|---|---|---|---|---|---
 2 | X | X | X | X | X | X |   | 0 | 2 
---|---|---|---|---|---|---|---|---|---
 3 | X | X | X | X | X | X | X | 0 | 3 
---|---|---|---|---|---|---|---|---|---
 4 | X | X | X | X | X | X | X | 0 | 4 
---|---|---|---|---|---|---|---|---|---
 5 | X | X | X | 0 | X | X | X | X | 5 
---|---|---|---|---|---|---|---|---|---
 6 | X | X | X | X | X | X | X | X | 6 
---|---|---|---|---|---|---|---|---|---
 7 | X | X | X | X | X | X | X |   | 7 
---|---|---|---|---|---|---|---|---|---
 8 | 0 | X | X | 0 | 0 | 0 | 0 | 0 | 8 
---|---|---|---|---|---|---|---|---|---
   | 1 | 2 | 3 | 4 | 5 | 6 | 7 | 8 |

It took 0 seconds to make this move...


White to move
WXXXXXXXEXXXXXXEOXXXXXXXOXXXXXXXOXXXOXXXXXXXXXXXXXXXXXXXEOXXOOOOO
(2,7) Depth reached: 313, Nodes searched: 462
   | 1 | 2 | 3 | 4 | 5 | 6 | 7 | 8 |
---|---|---|---|---|---|---|---|---|---
 1 | X | X | X | X | X | X | X |   | 1 
---|---|---|---|---|---|---|---|---|---
 2 | X | X | X | X | X | X | 0 | 0 | 2 
---|---|---|---|---|---|---|---|---|---
 3 | X | X | X | X | X | 0 | 0 | 0 | 3 
---|---|---|---|---|---|---|---|---|---
 4 | X | X | X | X | 0 | X | 0 | 0 | 4 
---|---|---|---|---|---|---|---|---|---
 5 | X | X | X | 0 | X | X | 0 | X | 5 
---|---|---|---|---|---|---|---|---|---
 6 | X | X | X | X | X | X | 0 | X | 6 
---|---|---|---|---|---|---|---|---|---
 7 | X | X | X | X | X | X | 0 |   | 7 
---|---|---|---|---|---|---|---|---|---
 8 | 0 | X | X | 0 | 0 | 0 | 0 | 0 | 8 
---|---|---|---|---|---|---|---|---|---
   | 1 | 2 | 3 | 4 | 5 | 6 | 7 | 8 |

It took 2 seconds to make this move...


Black to move
BXXXXXXXEXXXXXXOOXXXXXOOOXXXXOXOOXXXOXXOXXXXXXXOXXXXXXXOEOXXOOOOO
(1,8)
   | 1 | 2 | 3 | 4 | 5 | 6 | 7 | 8 |
---|---|---|---|---|---|---|---|---|---
 1 | X | X | X | X | X | X | X | X | 1 
---|---|---|---|---|---|---|---|---|---
 2 | X | X | X | X | X | X | X | X | 2 
---|---|---|---|---|---|---|---|---|---
 3 | X | X | X | X | X | X | 0 | X | 3 
---|---|---|---|---|---|---|---|---|---
 4 | X | X | X | X | X | X | 0 | X | 4 
---|---|---|---|---|---|---|---|---|---
 5 | X | X | X | X | X | X | 0 | X | 5 
---|---|---|---|---|---|---|---|---|---
 6 | X | X | X | X | X | X | 0 | X | 6 
---|---|---|---|---|---|---|---|---|---
 7 | X | X | X | X | X | X | 0 |   | 7 
---|---|---|---|---|---|---|---|---|---
 8 | 0 | X | X | 0 | 0 | 0 | 0 | 0 | 8 
---|---|---|---|---|---|---|---|---|---
   | 1 | 2 | 3 | 4 | 5 | 6 | 7 | 8 |

It took 0 seconds to make this move...


White to move
WXXXXXXXXXXXXXXXXXXXXXXOXXXXXXXOXXXXXXXOXXXXXXXOXXXXXXXOEOXXOOOOO
pass
   | 1 | 2 | 3 | 4 | 5 | 6 | 7 | 8 |
---|---|---|---|---|---|---|---|---|---
 1 | X | X | X | X | X | X | X | X | 1 
---|---|---|---|---|---|---|---|---|---
 2 | X | X | X | X | X | X | X | X | 2 
---|---|---|---|---|---|---|---|---|---
 3 | X | X | X | X | X | X | 0 | X | 3 
---|---|---|---|---|---|---|---|---|---
 4 | X | X | X | X | X | X | 0 | X | 4 
---|---|---|---|---|---|---|---|---|---
 5 | X | X | X | X | X | X | 0 | X | 5 
---|---|---|---|---|---|---|---|---|---
 6 | X | X | X | X | X | X | 0 | X | 6 
---|---|---|---|---|---|---|---|---|---
 7 | X | X | X | X | X | X | 0 |   | 7 
---|---|---|---|---|---|---|---|---|---
 8 | 0 | X | X | 0 | 0 | 0 | 0 | 0 | 8 
---|---|---|---|---|---|---|---|---|---
   | 1 | 2 | 3 | 4 | 5 | 6 | 7 | 8 |

It took 2 seconds to make this move...


Black to move
BXXXXXXXXXXXXXXXXXXXXXXOXXXXXXXOXXXXXXXOXXXXXXXOXXXXXXXOEOXXOOOOO
(7,8)
   | 1 | 2 | 3 | 4 | 5 | 6 | 7 | 8 |
---|---|---|---|---|---|---|---|---|---
 1 | X | X | X | X | X | X | X | X | 1 
---|---|---|---|---|---|---|---|---|---
 2 | X | X | X | X | X | X | X | X | 2 
---|---|---|---|---|---|---|---|---|---
 3 | X | X | X | X | X | X | 0 | X | 3 
---|---|---|---|---|---|---|---|---|---
 4 | X | X | X | X | X | X | 0 | X | 4 
---|---|---|---|---|---|---|---|---|---
 5 | X | X | X | X | X | X | 0 | X | 5 
---|---|---|---|---|---|---|---|---|---
 6 | X | X | X | X | X | X | X | X | 6 
---|---|---|---|---|---|---|---|---|---
 7 | X | X | X | X | X | X | X | X | 7 
---|---|---|---|---|---|---|---|---|---
 8 | 0 | X | X | 0 | 0 | 0 | 0 | 0 | 8 
---|---|---|---|---|---|---|---|---|---
   | 1 | 2 | 3 | 4 | 5 | 6 | 7 | 8 |

It took 0 seconds to make this move...


White to move
WXXXXXXXXXXXXXXXXXXXXXXOXXXXXXXOXXXXXXXOXXXXXXXXXXXXXXXXXOXXOOOOO
pass
   | 1 | 2 | 3 | 4 | 5 | 6 | 7 | 8 |
---|---|---|---|---|---|---|---|---|---
 1 | X | X | X | X | X | X | X | X | 1 
---|---|---|---|---|---|---|---|---|---
 2 | X | X | X | X | X | X | X | X | 2 
---|---|---|---|---|---|---|---|---|---
 3 | X | X | X | X | X | X | 0 | X | 3 
---|---|---|---|---|---|---|---|---|---
 4 | X | X | X | X | X | X | 0 | X | 4 
---|---|---|---|---|---|---|---|---|---
 5 | X | X | X | X | X | X | 0 | X | 5 
---|---|---|---|---|---|---|---|---|---
 6 | X | X | X | X | X | X | X | X | 6 
---|---|---|---|---|---|---|---|---|---
 7 | X | X | X | X | X | X | X | X | 7 
---|---|---|---|---|---|---|---|---|---
 8 | 0 | X | X | 0 | 0 | 0 | 0 | 0 | 8 
---|---|---|---|---|---|---|---|---|---
   | 1 | 2 | 3 | 4 | 5 | 6 | 7 | 8 |

It took 2 seconds to make this move...


Black to move
BXXXXXXXXXXXXXXXXXXXXXXOXXXXXXXOXXXXXXXOXXXXXXXXXXXXXXXXXOXXOOOOO
pass
   | 1 | 2 | 3 | 4 | 5 | 6 | 7 | 8 |
---|---|---|---|---|---|---|---|---|---
 1 | X | X | X | X | X | X | X | X | 1 
---|---|---|---|---|---|---|---|---|---
 2 | X | X | X | X | X | X | X | X | 2 
---|---|---|---|---|---|---|---|---|---
 3 | X | X | X | X | X | X | 0 | X | 3 
---|---|---|---|---|---|---|---|---|---
 4 | X | X | X | X | X | X | 0 | X | 4 
---|---|---|---|---|---|---|---|---|---
 5 | X | X | X | X | X | X | 0 | X | 5 
---|---|---|---|---|---|---|---|---|---
 6 | X | X | X | X | X | X | X | X | 6 
---|---|---|---|---|---|---|---|---|---
 7 | X | X | X | X | X | X | X | X | 7 
---|---|---|---|---|---|---|---|---|---
 8 | 0 | X | X | 0 | 0 | 0 | 0 | 0 | 8 
---|---|---|---|---|---|---|---|---|---
   | 1 | 2 | 3 | 4 | 5 | 6 | 7 | 8 |

It took 0 seconds to make this move...
***************************************
Results for ../Python/othello.sh vs. ./othello_naive.sh:
Black won with 46 points
Average time for white: 2.8 s (max: 3 s)
Average time for black: 0.2 s (max: 1 s)
***************************************
