   | 1 | 2 | 3 | 4 | 5 | 6 | 7 | 8 |
---|---|---|---|---|---|---|---|---|---
 1 |   |   |   |   |   |   |   |   | 1 
---|---|---|---|---|---|---|---|---|---
 2 |   |   |   |   |   |   |   |   | 2 
---|---|---|---|---|---|---|---|---|---
 3 |   |   |   |   |   |   |   |   | 3 
---|---|---|---|---|---|---|---|---|---
 4 |   |   |   | 0 | X |   |   |   | 4 
---|---|---|---|---|---|---|---|---|---
 5 |   |   |   | X | 0 |   |   |   | 5 
---|---|---|---|---|---|---|---|---|---
 6 |   |   |   |   |   |   |   |   | 6 
---|---|---|---|---|---|---|---|---|---
 7 |   |   |   |   |   |   |   |   | 7 
---|---|---|---|---|---|---|---|---|---
 8 |   |   |   |   |   |   |   |   | 8 
---|---|---|---|---|---|---|---|---|---
   | 1 | 2 | 3 | 4 | 5 | 6 | 7 | 8 |



White to move
WEEEEEEEEEEEEEEEEEEEEEEEEEEEOXEEEEEEXOEEEEEEEEEEEEEEEEEEEEEEEEEEE
(3,5) Depth reached: 8, Nodes searched: 2837
   | 1 | 2 | 3 | 4 | 5 | 6 | 7 | 8 |
---|---|---|---|---|---|---|---|---|---
 1 |   |   |   |   |   |   |   |   | 1 
---|---|---|---|---|---|---|---|---|---
 2 |   |   |   |   |   |   |   |   | 2 
---|---|---|---|---|---|---|---|---|---
 3 |   |   |   |   | 0 |   |   |   | 3 
---|---|---|---|---|---|---|---|---|---
 4 |   |   |   | 0 | 0 |   |   |   | 4 
---|---|---|---|---|---|---|---|---|---
 5 |   |   |   | X | 0 |   |   |   | 5 
---|---|---|---|---|---|---|---|---|---
 6 |   |   |   |   |   |   |   |   | 6 
---|---|---|---|---|---|---|---|---|---
 7 |   |   |   |   |   |   |   |   | 7 
---|---|---|---|---|---|---|---|---|---
 8 |   |   |   |   |   |   |   |   | 8 
---|---|---|---|---|---|---|---|---|---
   | 1 | 2 | 3 | 4 | 5 | 6 | 7 | 8 |

It took 4 seconds to make this move...


Black to move
BEEEEEEEEEEEEEEEEEEEEOEEEEEEOOEEEEEEXOEEEEEEEEEEEEEEEEEEEEEEEEEEE
(3,4)
   | 1 | 2 | 3 | 4 | 5 | 6 | 7 | 8 |
---|---|---|---|---|---|---|---|---|---
 1 |   |   |   |   |   |   |   |   | 1 
---|---|---|---|---|---|---|---|---|---
 2 |   |   |   |   |   |   |   |   | 2 
---|---|---|---|---|---|---|---|---|---
 3 |   |   |   | X | 0 |   |   |   | 3 
---|---|---|---|---|---|---|---|---|---
 4 |   |   |   | X | 0 |   |   |   | 4 
---|---|---|---|---|---|---|---|---|---
 5 |   |   |   | X | 0 |   |   |   | 5 
---|---|---|---|---|---|---|---|---|---
 6 |   |   |   |   |   |   |   |   | 6 
---|---|---|---|---|---|---|---|---|---
 7 |   |   |   |   |   |   |   |   | 7 
---|---|---|---|---|---|---|---|---|---
 8 |   |   |   |   |   |   |   |   | 8 
---|---|---|---|---|---|---|---|---|---
   | 1 | 2 | 3 | 4 | 5 | 6 | 7 | 8 |

It took 0 seconds to make this move...


White to move
WEEEEEEEEEEEEEEEEEEEXOEEEEEEXOEEEEEEXOEEEEEEEEEEEEEEEEEEEEEEEEEEE
(4,3) Depth reached: 7, Nodes searched: 12928
   | 1 | 2 | 3 | 4 | 5 | 6 | 7 | 8 |
---|---|---|---|---|---|---|---|---|---
 1 |   |   |   |   |   |   |   |   | 1 
---|---|---|---|---|---|---|---|---|---
 2 |   |   |   |   |   |   |   |   | 2 
---|---|---|---|---|---|---|---|---|---
 3 |   |   |   | X | 0 |   |   |   | 3 
---|---|---|---|---|---|---|---|---|---
 4 |   |   | 0 | 0 | 0 |   |   |   | 4 
---|---|---|---|---|---|---|---|---|---
 5 |   |   |   | X | 0 |   |   |   | 5 
---|---|---|---|---|---|---|---|---|---
 6 |   |   |   |   |   |   |   |   | 6 
---|---|---|---|---|---|---|---|---|---
 7 |   |   |   |   |   |   |   |   | 7 
---|---|---|---|---|---|---|---|---|---
 8 |   |   |   |   |   |   |   |   | 8 
---|---|---|---|---|---|---|---|---|---
   | 1 | 2 | 3 | 4 | 5 | 6 | 7 | 8 |

It took 3 seconds to make this move...


Black to move
BEEEEEEEEEEEEEEEEEEEXOEEEEEOOOEEEEEEXOEEEEEEEEEEEEEEEEEEEEEEEEEEE
(3,2)
   | 1 | 2 | 3 | 4 | 5 | 6 | 7 | 8 |
---|---|---|---|---|---|---|---|---|---
 1 |   |   |   |   |   |   |   |   | 1 
---|---|---|---|---|---|---|---|---|---
 2 |   |   |   |   |   |   |   |   | 2 
---|---|---|---|---|---|---|---|---|---
 3 |   | X |   | X | 0 |   |   |   | 3 
---|---|---|---|---|---|---|---|---|---
 4 |   |   | X | 0 | 0 |   |   |   | 4 
---|---|---|---|---|---|---|---|---|---
 5 |   |   |   | X | 0 |   |   |   | 5 
---|---|---|---|---|---|---|---|---|---
 6 |   |   |   |   |   |   |   |   | 6 
---|---|---|---|---|---|---|---|---|---
 7 |   |   |   |   |   |   |   |   | 7 
---|---|---|---|---|---|---|---|---|---
 8 |   |   |   |   |   |   |   |   | 8 
---|---|---|---|---|---|---|---|---|---
   | 1 | 2 | 3 | 4 | 5 | 6 | 7 | 8 |

It took 0 seconds to make this move...


White to move
WEEEEEEEEEEEEEEEEEXEXOEEEEEXOOEEEEEEXOEEEEEEEEEEEEEEEEEEEEEEEEEEE
(5,3) Depth reached: 6, Nodes searched: 9722
   | 1 | 2 | 3 | 4 | 5 | 6 | 7 | 8 |
---|---|---|---|---|---|---|---|---|---
 1 |   |   |   |   |   |   |   |   | 1 
---|---|---|---|---|---|---|---|---|---
 2 |   |   |   |   |   |   |   |   | 2 
---|---|---|---|---|---|---|---|---|---
 3 |   | X |   | X | 0 |   |   |   | 3 
---|---|---|---|---|---|---|---|---|---
 4 |   |   | X | 0 | 0 |   |   |   | 4 
---|---|---|---|---|---|---|---|---|---
 5 |   |   | 0 | 0 | 0 |   |   |   | 5 
---|---|---|---|---|---|---|---|---|---
 6 |   |   |   |   |   |   |   |   | 6 
---|---|---|---|---|---|---|---|---|---
 7 |   |   |   |   |   |   |   |   | 7 
---|---|---|---|---|---|---|---|---|---
 8 |   |   |   |   |   |   |   |   | 8 
---|---|---|---|---|---|---|---|---|---
   | 1 | 2 | 3 | 4 | 5 | 6 | 7 | 8 |

It took 3 seconds to make this move...


Black to move
BEEEEEEEEEEEEEEEEEXEXOEEEEEXOOEEEEEOOOEEEEEEEEEEEEEEEEEEEEEEEEEEE
(6,5)
   | 1 | 2 | 3 | 4 | 5 | 6 | 7 | 8 |
---|---|---|---|---|---|---|---|---|---
 1 |   |   |   |   |   |   |   |   | 1 
---|---|---|---|---|---|---|---|---|---
 2 |   |   |   |   |   |   |   |   | 2 
---|---|---|---|---|---|---|---|---|---
 3 |   | X |   | X | 0 |   |   |   | 3 
---|---|---|---|---|---|---|---|---|---
 4 |   |   | X | 0 | 0 |   |   |   | 4 
---|---|---|---|---|---|---|---|---|---
 5 |   |   | 0 | X | 0 |   |   |   | 5 
---|---|---|---|---|---|---|---|---|---
 6 |   |   |   |   | X |   |   |   | 6 
---|---|---|---|---|---|---|---|---|---
 7 |   |   |   |   |   |   |   |   | 7 
---|---|---|---|---|---|---|---|---|---
 8 |   |   |   |   |   |   |   |   | 8 
---|---|---|---|---|---|---|---|---|---
   | 1 | 2 | 3 | 4 | 5 | 6 | 7 | 8 |

It took 0 seconds to make this move...


White to move
WEEEEEEEEEEEEEEEEEXEXOEEEEEXOOEEEEEOXOEEEEEEEXEEEEEEEEEEEEEEEEEEE
(6,3) Depth reached: 6, Nodes searched: 6482
   | 1 | 2 | 3 | 4 | 5 | 6 | 7 | 8 |
---|---|---|---|---|---|---|---|---|---
 1 |   |   |   |   |   |   |   |   | 1 
---|---|---|---|---|---|---|---|---|---
 2 |   |   |   |   |   |   |   |   | 2 
---|---|---|---|---|---|---|---|---|---
 3 |   | X |   | X | 0 |   |   |   | 3 
---|---|---|---|---|---|---|---|---|---
 4 |   |   | X | 0 | 0 |   |   |   | 4 
---|---|---|---|---|---|---|---|---|---
 5 |   |   | 0 | 0 | 0 |   |   |   | 5 
---|---|---|---|---|---|---|---|---|---
 6 |   |   | 0 |   | X |   |   |   | 6 
---|---|---|---|---|---|---|---|---|---
 7 |   |   |   |   |   |   |   |   | 7 
---|---|---|---|---|---|---|---|---|---
 8 |   |   |   |   |   |   |   |   | 8 
---|---|---|---|---|---|---|---|---|---
   | 1 | 2 | 3 | 4 | 5 | 6 | 7 | 8 |

It took 4 seconds to make this move...


Black to move
BEEEEEEEEEEEEEEEEEXEXOEEEEEXOOEEEEEOOOEEEEEOEXEEEEEEEEEEEEEEEEEEE
(2,5)
   | 1 | 2 | 3 | 4 | 5 | 6 | 7 | 8 |
---|---|---|---|---|---|---|---|---|---
 1 |   |   |   |   |   |   |   |   | 1 
---|---|---|---|---|---|---|---|---|---
 2 |   |   |   |   | X |   |   |   | 2 
---|---|---|---|---|---|---|---|---|---
 3 |   | X |   | X | X |   |   |   | 3 
---|---|---|---|---|---|---|---|---|---
 4 |   |   | X | 0 | X |   |   |   | 4 
---|---|---|---|---|---|---|---|---|---
 5 |   |   | 0 | 0 | X |   |   |   | 5 
---|---|---|---|---|---|---|---|---|---
 6 |   |   | 0 |   | X |   |   |   | 6 
---|---|---|---|---|---|---|---|---|---
 7 |   |   |   |   |   |   |   |   | 7 
---|---|---|---|---|---|---|---|---|---
 8 |   |   |   |   |   |   |   |   | 8 
---|---|---|---|---|---|---|---|---|---
   | 1 | 2 | 3 | 4 | 5 | 6 | 7 | 8 |

It took 0 seconds to make this move...


White to move
WEEEEEEEEEEEEXEEEEXEXXEEEEEXOXEEEEEOOXEEEEEOEXEEEEEEEEEEEEEEEEEEE
(3,3) Depth reached: 5, Nodes searched: 18113
   | 1 | 2 | 3 | 4 | 5 | 6 | 7 | 8 |
---|---|---|---|---|---|---|---|---|---
 1 |   |   |   |   |   |   |   |   | 1 
---|---|---|---|---|---|---|---|---|---
 2 |   |   |   |   | X |   |   |   | 2 
---|---|---|---|---|---|---|---|---|---
 3 |   | X | 0 | X | X |   |   |   | 3 
---|---|---|---|---|---|---|---|---|---
 4 |   |   | 0 | 0 | X |   |   |   | 4 
---|---|---|---|---|---|---|---|---|---
 5 |   |   | 0 | 0 | X |   |   |   | 5 
---|---|---|---|---|---|---|---|---|---
 6 |   |   | 0 |   | X |   |   |   | 6 
---|---|---|---|---|---|---|---|---|---
 7 |   |   |   |   |   |   |   |   | 7 
---|---|---|---|---|---|---|---|---|---
 8 |   |   |   |   |   |   |   |   | 8 
---|---|---|---|---|---|---|---|---|---
   | 1 | 2 | 3 | 4 | 5 | 6 | 7 | 8 |

It took 4 seconds to make this move...


Black to move
BEEEEEEEEEEEEXEEEEXOXXEEEEEOOXEEEEEOOXEEEEEOEXEEEEEEEEEEEEEEEEEEE
(2,2)
   | 1 | 2 | 3 | 4 | 5 | 6 | 7 | 8 |
---|---|---|---|---|---|---|---|---|---
 1 |   |   |   |   |   |   |   |   | 1 
---|---|---|---|---|---|---|---|---|---
 2 |   | X |   |   | X |   |   |   | 2 
---|---|---|---|---|---|---|---|---|---
 3 |   | X | X | X | X |   |   |   | 3 
---|---|---|---|---|---|---|---|---|---
 4 |   |   | 0 | X | X |   |   |   | 4 
---|---|---|---|---|---|---|---|---|---
 5 |   |   | 0 | 0 | X |   |   |   | 5 
---|---|---|---|---|---|---|---|---|---
 6 |   |   | 0 |   | X |   |   |   | 6 
---|---|---|---|---|---|---|---|---|---
 7 |   |   |   |   |   |   |   |   | 7 
---|---|---|---|---|---|---|---|---|---
 8 |   |   |   |   |   |   |   |   | 8 
---|---|---|---|---|---|---|---|---|---
   | 1 | 2 | 3 | 4 | 5 | 6 | 7 | 8 |

It took 0 seconds to make this move...


White to move
WEEEEEEEEEXEEXEEEEXXXXEEEEEOXXEEEEEOOXEEEEEOEXEEEEEEEEEEEEEEEEEEE
(1,6) Depth reached: 6, Nodes searched: 5326
   | 1 | 2 | 3 | 4 | 5 | 6 | 7 | 8 |
---|---|---|---|---|---|---|---|---|---
 1 |   |   |   |   |   | 0 |   |   | 1 
---|---|---|---|---|---|---|---|---|---
 2 |   | X |   |   | 0 |   |   |   | 2 
---|---|---|---|---|---|---|---|---|---
 3 |   | X | X | 0 | X |   |   |   | 3 
---|---|---|---|---|---|---|---|---|---
 4 |   |   | 0 | X | X |   |   |   | 4 
---|---|---|---|---|---|---|---|---|---
 5 |   |   | 0 | 0 | X |   |   |   | 5 
---|---|---|---|---|---|---|---|---|---
 6 |   |   | 0 |   | X |   |   |   | 6 
---|---|---|---|---|---|---|---|---|---
 7 |   |   |   |   |   |   |   |   | 7 
---|---|---|---|---|---|---|---|---|---
 8 |   |   |   |   |   |   |   |   | 8 
---|---|---|---|---|---|---|---|---|---
   | 1 | 2 | 3 | 4 | 5 | 6 | 7 | 8 |

It took 4 seconds to make this move...


Black to move
BEEEEEOEEEXEEOEEEEXXOXEEEEEOXXEEEEEOOXEEEEEOEXEEEEEEEEEEEEEEEEEEE
(1,5)
   | 1 | 2 | 3 | 4 | 5 | 6 | 7 | 8 |
---|---|---|---|---|---|---|---|---|---
 1 |   |   |   |   | X | 0 |   |   | 1 
---|---|---|---|---|---|---|---|---|---
 2 |   | X |   |   | X |   |   |   | 2 
---|---|---|---|---|---|---|---|---|---
 3 |   | X | X | 0 | X |   |   |   | 3 
---|---|---|---|---|---|---|---|---|---
 4 |   |   | 0 | X | X |   |   |   | 4 
---|---|---|---|---|---|---|---|---|---
 5 |   |   | 0 | 0 | X |   |   |   | 5 
---|---|---|---|---|---|---|---|---|---
 6 |   |   | 0 |   | X |   |   |   | 6 
---|---|---|---|---|---|---|---|---|---
 7 |   |   |   |   |   |   |   |   | 7 
---|---|---|---|---|---|---|---|---|---
 8 |   |   |   |   |   |   |   |   | 8 
---|---|---|---|---|---|---|---|---|---
   | 1 | 2 | 3 | 4 | 5 | 6 | 7 | 8 |

It took 0 seconds to make this move...


White to move
WEEEEXOEEEXEEXEEEEXXOXEEEEEOXXEEEEEOOXEEEEEOEXEEEEEEEEEEEEEEEEEEE
(1,4) Depth reached: 6, Nodes searched: 6103
   | 1 | 2 | 3 | 4 | 5 | 6 | 7 | 8 |
---|---|---|---|---|---|---|---|---|---
 1 |   |   |   | 0 | 0 | 0 |   |   | 1 
---|---|---|---|---|---|---|---|---|---
 2 |   | X |   |   | X |   |   |   | 2 
---|---|---|---|---|---|---|---|---|---
 3 |   | X | X | 0 | X |   |   |   | 3 
---|---|---|---|---|---|---|---|---|---
 4 |   |   | 0 | X | X |   |   |   | 4 
---|---|---|---|---|---|---|---|---|---
 5 |   |   | 0 | 0 | X |   |   |   | 5 
---|---|---|---|---|---|---|---|---|---
 6 |   |   | 0 |   | X |   |   |   | 6 
---|---|---|---|---|---|---|---|---|---
 7 |   |   |   |   |   |   |   |   | 7 
---|---|---|---|---|---|---|---|---|---
 8 |   |   |   |   |   |   |   |   | 8 
---|---|---|---|---|---|---|---|---|---
   | 1 | 2 | 3 | 4 | 5 | 6 | 7 | 8 |

It took 4 seconds to make this move...


Black to move
BEEEOOOEEEXEEXEEEEXXOXEEEEEOXXEEEEEOOXEEEEEOEXEEEEEEEEEEEEEEEEEEE
(7,2)
   | 1 | 2 | 3 | 4 | 5 | 6 | 7 | 8 |
---|---|---|---|---|---|---|---|---|---
 1 |   |   |   | 0 | 0 | 0 |   |   | 1 
---|---|---|---|---|---|---|---|---|---
 2 |   | X |   |   | X |   |   |   | 2 
---|---|---|---|---|---|---|---|---|---
 3 |   | X | X | 0 | X |   |   |   | 3 
---|---|---|---|---|---|---|---|---|---
 4 |   |   | 0 | X | X |   |   |   | 4 
---|---|---|---|---|---|---|---|---|---
 5 |   |   | 0 | X | X |   |   |   | 5 
---|---|---|---|---|---|---|---|---|---
 6 |   |   | X |   | X |   |   |   | 6 
---|---|---|---|---|---|---|---|---|---
 7 |   | X |   |   |   |   |   |   | 7 
---|---|---|---|---|---|---|---|---|---
 8 |   |   |   |   |   |   |   |   | 8 
---|---|---|---|---|---|---|---|---|---
   | 1 | 2 | 3 | 4 | 5 | 6 | 7 | 8 |

It took 0 seconds to make this move...


White to move
WEEEOOOEEEXEEXEEEEXXOXEEEEEOXXEEEEEOXXEEEEEXEXEEEEXEEEEEEEEEEEEEE
(3,1) Depth reached: 6, Nodes searched: 8820
   | 1 | 2 | 3 | 4 | 5 | 6 | 7 | 8 |
---|---|---|---|---|---|---|---|---|---
 1 |   |   |   | 0 | 0 | 0 |   |   | 1 
---|---|---|---|---|---|---|---|---|---
 2 |   | X |   |   | X |   |   |   | 2 
---|---|---|---|---|---|---|---|---|---
 3 | 0 | 0 | 0 | 0 | X |   |   |   | 3 
---|---|---|---|---|---|---|---|---|---
 4 |   |   | 0 | X | X |   |   |   | 4 
---|---|---|---|---|---|---|---|---|---
 5 |   |   | 0 | X | X |   |   |   | 5 
---|---|---|---|---|---|---|---|---|---
 6 |   |   | X |   | X |   |   |   | 6 
---|---|---|---|---|---|---|---|---|---
 7 |   | X |   |   |   |   |   |   | 7 
---|---|---|---|---|---|---|---|---|---
 8 |   |   |   |   |   |   |   |   | 8 
---|---|---|---|---|---|---|---|---|---
   | 1 | 2 | 3 | 4 | 5 | 6 | 7 | 8 |

It took 4 seconds to make this move...


Black to move
BEEEOOOEEEXEEXEEEOOOOXEEEEEOXXEEEEEOXXEEEEEXEXEEEEXEEEEEEEEEEEEEE
(2,3)
   | 1 | 2 | 3 | 4 | 5 | 6 | 7 | 8 |
---|---|---|---|---|---|---|---|---|---
 1 |   |   |   | 0 | 0 | 0 |   |   | 1 
---|---|---|---|---|---|---|---|---|---
 2 |   | X | X |   | X |   |   |   | 2 
---|---|---|---|---|---|---|---|---|---
 3 | 0 | 0 | X | X | X |   |   |   | 3 
---|---|---|---|---|---|---|---|---|---
 4 |   |   | X | X | X |   |   |   | 4 
---|---|---|---|---|---|---|---|---|---
 5 |   |   | X | X | X |   |   |   | 5 
---|---|---|---|---|---|---|---|---|---
 6 |   |   | X |   | X |   |   |   | 6 
---|---|---|---|---|---|---|---|---|---
 7 |   | X |   |   |   |   |   |   | 7 
---|---|---|---|---|---|---|---|---|---
 8 |   |   |   |   |   |   |   |   | 8 
---|---|---|---|---|---|---|---|---|---
   | 1 | 2 | 3 | 4 | 5 | 6 | 7 | 8 |

It took 0 seconds to make this move...


White to move
WEEEOOOEEEXXEXEEEOOXXXEEEEEXXXEEEEEXXXEEEEEXEXEEEEXEEEEEEEEEEEEEE
(1,2) Depth reached: 7, Nodes searched: 5569
   | 1 | 2 | 3 | 4 | 5 | 6 | 7 | 8 |
---|---|---|---|---|---|---|---|---|---
 1 |   | 0 |   | 0 | 0 | 0 |   |   | 1 
---|---|---|---|---|---|---|---|---|---
 2 |   | 0 | X |   | X |   |   |   | 2 
---|---|---|---|---|---|---|---|---|---
 3 | 0 | 0 | X | X | X |   |   |   | 3 
---|---|---|---|---|---|---|---|---|---
 4 |   |   | X | X | X |   |   |   | 4 
---|---|---|---|---|---|---|---|---|---
 5 |   |   | X | X | X |   |   |   | 5 
---|---|---|---|---|---|---|---|---|---
 6 |   |   | X |   | X |   |   |   | 6 
---|---|---|---|---|---|---|---|---|---
 7 |   | X |   |   |   |   |   |   | 7 
---|---|---|---|---|---|---|---|---|---
 8 |   |   |   |   |   |   |   |   | 8 
---|---|---|---|---|---|---|---|---|---
   | 1 | 2 | 3 | 4 | 5 | 6 | 7 | 8 |

It took 4 seconds to make this move...


Black to move
BEOEOOOEEEOXEXEEEOOXXXEEEEEXXXEEEEEXXXEEEEEXEXEEEEXEEEEEEEEEEEEEE
(1,1)
   | 1 | 2 | 3 | 4 | 5 | 6 | 7 | 8 |
---|---|---|---|---|---|---|---|---|---
 1 | X | 0 |   | 0 | 0 | 0 |   |   | 1 
---|---|---|---|---|---|---|---|---|---
 2 |   | X | X |   | X |   |   |   | 2 
---|---|---|---|---|---|---|---|---|---
 3 | 0 | 0 | X | X | X |   |   |   | 3 
---|---|---|---|---|---|---|---|---|---
 4 |   |   | X | X | X |   |   |   | 4 
---|---|---|---|---|---|---|---|---|---
 5 |   |   | X | X | X |   |   |   | 5 
---|---|---|---|---|---|---|---|---|---
 6 |   |   | X |   | X |   |   |   | 6 
---|---|---|---|---|---|---|---|---|---
 7 |   | X |   |   |   |   |   |   | 7 
---|---|---|---|---|---|---|---|---|---
 8 |   |   |   |   |   |   |   |   | 8 
---|---|---|---|---|---|---|---|---|---
   | 1 | 2 | 3 | 4 | 5 | 6 | 7 | 8 |

It took 0 seconds to make this move...


White to move
WXOEOOOEEEXXEXEEEOOXXXEEEEEXXXEEEEEXXXEEEEEXEXEEEEXEEEEEEEEEEEEEE
(1,3) Depth reached: 7, Nodes searched: 11398
   | 1 | 2 | 3 | 4 | 5 | 6 | 7 | 8 |
---|---|---|---|---|---|---|---|---|---
 1 | X | 0 | 0 | 0 | 0 | 0 |   |   | 1 
---|---|---|---|---|---|---|---|---|---
 2 |   | 0 | X |   | X |   |   |   | 2 
---|---|---|---|---|---|---|---|---|---
 3 | 0 | 0 | X | X | X |   |   |   | 3 
---|---|---|---|---|---|---|---|---|---
 4 |   |   | X | X | X |   |   |   | 4 
---|---|---|---|---|---|---|---|---|---
 5 |   |   | X | X | X |   |   |   | 5 
---|---|---|---|---|---|---|---|---|---
 6 |   |   | X |   | X |   |   |   | 6 
---|---|---|---|---|---|---|---|---|---
 7 |   | X |   |   |   |   |   |   | 7 
---|---|---|---|---|---|---|---|---|---
 8 |   |   |   |   |   |   |   |   | 8 
---|---|---|---|---|---|---|---|---|---
   | 1 | 2 | 3 | 4 | 5 | 6 | 7 | 8 |

It took 4 seconds to make this move...


Black to move
BXOOOOOEEEOXEXEEEOOXXXEEEEEXXXEEEEEXXXEEEEEXEXEEEEXEEEEEEEEEEEEEE
(1,7)
   | 1 | 2 | 3 | 4 | 5 | 6 | 7 | 8 |
---|---|---|---|---|---|---|---|---|---
 1 | X | X | X | X | X | X | X |   | 1 
---|---|---|---|---|---|---|---|---|---
 2 |   | 0 | X |   | X |   |   |   | 2 
---|---|---|---|---|---|---|---|---|---
 3 | 0 | 0 | X | X | X |   |   |   | 3 
---|---|---|---|---|---|---|---|---|---
 4 |   |   | X | X | X |   |   |   | 4 
---|---|---|---|---|---|---|---|---|---
 5 |   |   | X | X | X |   |   |   | 5 
---|---|---|---|---|---|---|---|---|---
 6 |   |   | X |   | X |   |   |   | 6 
---|---|---|---|---|---|---|---|---|---
 7 |   | X |   |   |   |   |   |   | 7 
---|---|---|---|---|---|---|---|---|---
 8 |   |   |   |   |   |   |   |   | 8 
---|---|---|---|---|---|---|---|---|---
   | 1 | 2 | 3 | 4 | 5 | 6 | 7 | 8 |

It took 0 seconds to make this move...


White to move
WXXXXXXXEEOXEXEEEOOXXXEEEEEXXXEEEEEXXXEEEEEXEXEEEEXEEEEEEEEEEEEEE
(2,4) Depth reached: 7, Nodes searched: 4406
   | 1 | 2 | 3 | 4 | 5 | 6 | 7 | 8 |
---|---|---|---|---|---|---|---|---|---
 1 | X | X | X | X | X | X | X |   | 1 
---|---|---|---|---|---|---|---|---|---
 2 |   | 0 | 0 | 0 | X |   |   |   | 2 
---|---|---|---|---|---|---|---|---|---
 3 | 0 | 0 | X | X | X |   |   |   | 3 
---|---|---|---|---|---|---|---|---|---
 4 |   |   | X | X | X |   |   |   | 4 
---|---|---|---|---|---|---|---|---|---
 5 |   |   | X | X | X |   |   |   | 5 
---|---|---|---|---|---|---|---|---|---
 6 |   |   | X |   | X |   |   |   | 6 
---|---|---|---|---|---|---|---|---|---
 7 |   | X |   |   |   |   |   |   | 7 
---|---|---|---|---|---|---|---|---|---
 8 |   |   |   |   |   |   |   |   | 8 
---|---|---|---|---|---|---|---|---|---
   | 1 | 2 | 3 | 4 | 5 | 6 | 7 | 8 |

It took 4 seconds to make this move...


Black to move
BXXXXXXXEEOOOXEEEOOXXXEEEEEXXXEEEEEXXXEEEEEXEXEEEEXEEEEEEEEEEEEEE
(2,1)
   | 1 | 2 | 3 | 4 | 5 | 6 | 7 | 8 |
---|---|---|---|---|---|---|---|---|---
 1 | X | X | X | X | X | X | X |   | 1 
---|---|---|---|---|---|---|---|---|---
 2 | X | X | X | X | X |   |   |   | 2 
---|---|---|---|---|---|---|---|---|---
 3 | 0 | X | X | X | X |   |   |   | 3 
---|---|---|---|---|---|---|---|---|---
 4 |   |   | X | X | X |   |   |   | 4 
---|---|---|---|---|---|---|---|---|---
 5 |   |   | X | X | X |   |   |   | 5 
---|---|---|---|---|---|---|---|---|---
 6 |   |   | X |   | X |   |   |   | 6 
---|---|---|---|---|---|---|---|---|---
 7 |   | X |   |   |   |   |   |   | 7 
---|---|---|---|---|---|---|---|---|---
 8 |   |   |   |   |   |   |   |   | 8 
---|---|---|---|---|---|---|---|---|---
   | 1 | 2 | 3 | 4 | 5 | 6 | 7 | 8 |

It took 0 seconds to make this move...


White to move
WXXXXXXXEXXXXXEEEOXXXXEEEEEXXXEEEEEXXXEEEEEXEXEEEEXEEEEEEEEEEEEEE
(3,6) Depth reached: 8, Nodes searched: 8619
   | 1 | 2 | 3 | 4 | 5 | 6 | 7 | 8 |
---|---|---|---|---|---|---|---|---|---
 1 | X | X | X | X | X | X | X |   | 1 
---|---|---|---|---|---|---|---|---|---
 2 | X | X | X | X | X |   |   |   | 2 
---|---|---|---|---|---|---|---|---|---
 3 | 0 | 0 | 0 | 0 | 0 | 0 |   |   | 3 
---|---|---|---|---|---|---|---|---|---
 4 |   |   | X | X | X |   |   |   | 4 
---|---|---|---|---|---|---|---|---|---
 5 |   |   | X | X | X |   |   |   | 5 
---|---|---|---|---|---|---|---|---|---
 6 |   |   | X |   | X |   |   |   | 6 
---|---|---|---|---|---|---|---|---|---
 7 |   | X |   |   |   |   |   |   | 7 
---|---|---|---|---|---|---|---|---|---
 8 |   |   |   |   |   |   |   |   | 8 
---|---|---|---|---|---|---|---|---|---
   | 1 | 2 | 3 | 4 | 5 | 6 | 7 | 8 |

It took 4 seconds to make this move...


Black to move
BXXXXXXXEXXXXXEEEOOOOOOEEEEXXXEEEEEXXXEEEEEXEXEEEEXEEEEEEEEEEEEEE
(4,1)
   | 1 | 2 | 3 | 4 | 5 | 6 | 7 | 8 |
---|---|---|---|---|---|---|---|---|---
 1 | X | X | X | X | X | X | X |   | 1 
---|---|---|---|---|---|---|---|---|---
 2 | X | X | X | X | X |   |   |   | 2 
---|---|---|---|---|---|---|---|---|---
 3 | X | X | 0 | 0 | 0 | 0 |   |   | 3 
---|---|---|---|---|---|---|---|---|---
 4 | X |   | X | X | X |   |   |   | 4 
---|---|---|---|---|---|---|---|---|---
 5 |   |   | X | X | X |   |   |   | 5 
---|---|---|---|---|---|---|---|---|---
 6 |   |   | X |   | X |   |   |   | 6 
---|---|---|---|---|---|---|---|---|---
 7 |   | X |   |   |   |   |   |   | 7 
---|---|---|---|---|---|---|---|---|---
 8 |   |   |   |   |   |   |   |   | 8 
---|---|---|---|---|---|---|---|---|---
   | 1 | 2 | 3 | 4 | 5 | 6 | 7 | 8 |

It took 0 seconds to make this move...


White to move
WXXXXXXXEXXXXXEEEXXOOOOEEXEXXXEEEEEXXXEEEEEXEXEEEEXEEEEEEEEEEEEEE
(8,1) Depth reached: 6, Nodes searched: 19649
   | 1 | 2 | 3 | 4 | 5 | 6 | 7 | 8 |
---|---|---|---|---|---|---|---|---|---
 1 | X | X | X | X | X | X | X |   | 1 
---|---|---|---|---|---|---|---|---|---
 2 | X | X | X | X | X |   |   |   | 2 
---|---|---|---|---|---|---|---|---|---
 3 | X | X | 0 | 0 | 0 | 0 |   |   | 3 
---|---|---|---|---|---|---|---|---|---
 4 | X |   | X | X | 0 |   |   |   | 4 
---|---|---|---|---|---|---|---|---|---
 5 |   |   | X | 0 | X |   |   |   | 5 
---|---|---|---|---|---|---|---|---|---
 6 |   |   | 0 |   | X |   |   |   | 6 
---|---|---|---|---|---|---|---|---|---
 7 |   | 0 |   |   |   |   |   |   | 7 
---|---|---|---|---|---|---|---|---|---
 8 | 0 |   |   |   |   |   |   |   | 8 
---|---|---|---|---|---|---|---|---|---
   | 1 | 2 | 3 | 4 | 5 | 6 | 7 | 8 |

It took 4 seconds to make this move...


Black to move
BXXXXXXXEXXXXXEEEXXOOOOEEXEXXOEEEEEXOXEEEEEOEXEEEEOEEEEEEOEEEEEEE
(3,7)
   | 1 | 2 | 3 | 4 | 5 | 6 | 7 | 8 |
---|---|---|---|---|---|---|---|---|---
 1 | X | X | X | X | X | X | X |   | 1 
---|---|---|---|---|---|---|---|---|---
 2 | X | X | X | X | X |   |   |   | 2 
---|---|---|---|---|---|---|---|---|---
 3 | X | X | X | X | X | X | X |   | 3 
---|---|---|---|---|---|---|---|---|---
 4 | X |   | X | X | 0 |   |   |   | 4 
---|---|---|---|---|---|---|---|---|---
 5 |   |   | X | 0 | X |   |   |   | 5 
---|---|---|---|---|---|---|---|---|---
 6 |   |   | 0 |   | X |   |   |   | 6 
---|---|---|---|---|---|---|---|---|---
 7 |   | 0 |   |   |   |   |   |   | 7 
---|---|---|---|---|---|---|---|---|---
 8 | 0 |   |   |   |   |   |   |   | 8 
---|---|---|---|---|---|---|---|---|---
   | 1 | 2 | 3 | 4 | 5 | 6 | 7 | 8 |

It took 0 seconds to make this move...


White to move
WXXXXXXXEXXXXXEEEXXXXXXXEXEXXOEEEEEXOXEEEEEOEXEEEEOEEEEEEOEEEEEEE
(5,6) Depth reached: 7, Nodes searched: 15748
   | 1 | 2 | 3 | 4 | 5 | 6 | 7 | 8 |
---|---|---|---|---|---|---|---|---|---
 1 | X | X | X | X | X | X | X |   | 1 
---|---|---|---|---|---|---|---|---|---
 2 | X | X | X | X | X |   |   |   | 2 
---|---|---|---|---|---|---|---|---|---
 3 | X | X | X | X | X | X | X |   | 3 
---|---|---|---|---|---|---|---|---|---
 4 | X |   | X | X | 0 |   |   |   | 4 
---|---|---|---|---|---|---|---|---|---
 5 |   |   | X | 0 | 0 | 0 |   |   | 5 
---|---|---|---|---|---|---|---|---|---
 6 |   |   | 0 |   | X |   |   |   | 6 
---|---|---|---|---|---|---|---|---|---
 7 |   | 0 |   |   |   |   |   |   | 7 
---|---|---|---|---|---|---|---|---|---
 8 | 0 |   |   |   |   |   |   |   | 8 
---|---|---|---|---|---|---|---|---|---
   | 1 | 2 | 3 | 4 | 5 | 6 | 7 | 8 |

It took 4 seconds to make this move...


Black to move
BXXXXXXXEXXXXXEEEXXXXXXXEXEXXOEEEEEXOOOEEEEOEXEEEEOEEEEEEOEEEEEEE
(5,7)
   | 1 | 2 | 3 | 4 | 5 | 6 | 7 | 8 |
---|---|---|---|---|---|---|---|---|---
 1 | X | X | X | X | X | X | X |   | 1 
---|---|---|---|---|---|---|---|---|---
 2 | X | X | X | X | X |   |   |   | 2 
---|---|---|---|---|---|---|---|---|---
 3 | X | X | X | X | X | X | X |   | 3 
---|---|---|---|---|---|---|---|---|---
 4 | X |   | X | X | 0 |   |   |   | 4 
---|---|---|---|---|---|---|---|---|---
 5 |   |   | X | X | X | X | X |   | 5 
---|---|---|---|---|---|---|---|---|---
 6 |   |   | 0 |   | X |   |   |   | 6 
---|---|---|---|---|---|---|---|---|---
 7 |   | 0 |   |   |   |   |   |   | 7 
---|---|---|---|---|---|---|---|---|---
 8 | 0 |   |   |   |   |   |   |   | 8 
---|---|---|---|---|---|---|---|---|---
   | 1 | 2 | 3 | 4 | 5 | 6 | 7 | 8 |

It took 0 seconds to make this move...


White to move
WXXXXXXXEXXXXXEEEXXXXXXXEXEXXOEEEEEXXXXXEEEOEXEEEEOEEEEEEOEEEEEEE
(7,5) Depth reached: 8, Nodes searched: 3509
   | 1 | 2 | 3 | 4 | 5 | 6 | 7 | 8 |
---|---|---|---|---|---|---|---|---|---
 1 | X | X | X | X | X | X | X |   | 1 
---|---|---|---|---|---|---|---|---|---
 2 | X | X | X | X | X |   |   |   | 2 
---|---|---|---|---|---|---|---|---|---
 3 | X | X | X | X | X | X | X |   | 3 
---|---|---|---|---|---|---|---|---|---
 4 | X |   | X | X | 0 |   |   |   | 4 
---|---|---|---|---|---|---|---|---|---
 5 |   |   | X | X | 0 | X | X |   | 5 
---|---|---|---|---|---|---|---|---|---
 6 |   |   | 0 |   | 0 |   |   |   | 6 
---|---|---|---|---|---|---|---|---|---
 7 |   | 0 |   |   | 0 |   |   |   | 7 
---|---|---|---|---|---|---|---|---|---
 8 | 0 |   |   |   |   |   |   |   | 8 
---|---|---|---|---|---|---|---|---|---
   | 1 | 2 | 3 | 4 | 5 | 6 | 7 | 8 |

It took 4 seconds to make this move...


Black to move
BXXXXXXXEXXXXXEEEXXXXXXXEXEXXOEEEEEXXOXXEEEOEOEEEEOEEOEEEOEEEEEEE
(8,5)
   | 1 | 2 | 3 | 4 | 5 | 6 | 7 | 8 |
---|---|---|---|---|---|---|---|---|---
 1 | X | X | X | X | X | X | X |   | 1 
---|---|---|---|---|---|---|---|---|---
 2 | X | X | X | X | X |   |   |   | 2 
---|---|---|---|---|---|---|---|---|---
 3 | X | X | X | X | X | X | X |   | 3 
---|---|---|---|---|---|---|---|---|---
 4 | X |   | X | X | X |   |   |   | 4 
---|---|---|---|---|---|---|---|---|---
 5 |   |   | X | X | X | X | X |   | 5 
---|---|---|---|---|---|---|---|---|---
 6 |   |   | 0 |   | X |   |   |   | 6 
---|---|---|---|---|---|---|---|---|---
 7 |   | 0 |   |   | X |   |   |   | 7 
---|---|---|---|---|---|---|---|---|---
 8 | 0 |   |   |   | X |   |   |   | 8 
---|---|---|---|---|---|---|---|---|---
   | 1 | 2 | 3 | 4 | 5 | 6 | 7 | 8 |

It took 0 seconds to make this move...


White to move
WXXXXXXXEXXXXXEEEXXXXXXXEXEXXXEEEEEXXXXXEEEOEXEEEEOEEXEEEOEEEXEEE
(2,7) Depth reached: 8, Nodes searched: 22984
   | 1 | 2 | 3 | 4 | 5 | 6 | 7 | 8 |
---|---|---|---|---|---|---|---|---|---
 1 | X | X | X | X | X | X | X |   | 1 
---|---|---|---|---|---|---|---|---|---
 2 | X | X | X | X | X |   | 0 |   | 2 
---|---|---|---|---|---|---|---|---|---
 3 | X | X | X | X | X | 0 | X |   | 3 
---|---|---|---|---|---|---|---|---|---
 4 | X |   | X | X | 0 |   |   |   | 4 
---|---|---|---|---|---|---|---|---|---
 5 |   |   | X | 0 | X | X | X |   | 5 
---|---|---|---|---|---|---|---|---|---
 6 |   |   | 0 |   | X |   |   |   | 6 
---|---|---|---|---|---|---|---|---|---
 7 |   | 0 |   |   | X |   |   |   | 7 
---|---|---|---|---|---|---|---|---|---
 8 | 0 |   |   |   | X |   |   |   | 8 
---|---|---|---|---|---|---|---|---|---
   | 1 | 2 | 3 | 4 | 5 | 6 | 7 | 8 |

It took 4 seconds to make this move...


Black to move
BXXXXXXXEXXXXXEOEXXXXXOXEXEXXOEEEEEXOXXXEEEOEXEEEEOEEXEEEOEEEXEEE
(6,4)
   | 1 | 2 | 3 | 4 | 5 | 6 | 7 | 8 |
---|---|---|---|---|---|---|---|---|---
 1 | X | X | X | X | X | X | X |   | 1 
---|---|---|---|---|---|---|---|---|---
 2 | X | X | X | X | X |   | 0 |   | 2 
---|---|---|---|---|---|---|---|---|---
 3 | X | X | X | X | X | 0 | X |   | 3 
---|---|---|---|---|---|---|---|---|---
 4 | X |   | X | X | 0 |   |   |   | 4 
---|---|---|---|---|---|---|---|---|---
 5 |   |   | X | X | X | X | X |   | 5 
---|---|---|---|---|---|---|---|---|---
 6 |   |   | 0 | X | X |   |   |   | 6 
---|---|---|---|---|---|---|---|---|---
 7 |   | 0 |   |   | X |   |   |   | 7 
---|---|---|---|---|---|---|---|---|---
 8 | 0 |   |   |   | X |   |   |   | 8 
---|---|---|---|---|---|---|---|---|---
   | 1 | 2 | 3 | 4 | 5 | 6 | 7 | 8 |

It took 0 seconds to make this move...


White to move
WXXXXXXXEXXXXXEOEXXXXXOXEXEXXOEEEEEXXXXXEEEOXXEEEEOEEXEEEOEEEXEEE
(3,8) Depth reached: 8, Nodes searched: 5204
   | 1 | 2 | 3 | 4 | 5 | 6 | 7 | 8 |
---|---|---|---|---|---|---|---|---|---
 1 | X | X | X | X | X | X | X |   | 1 
---|---|---|---|---|---|---|---|---|---
 2 | X | X | X | X | X |   | 0 |   | 2 
---|---|---|---|---|---|---|---|---|---
 3 | X | X | X | X | X | 0 | 0 | 0 | 3 
---|---|---|---|---|---|---|---|---|---
 4 | X |   | X | X | 0 |   |   |   | 4 
---|---|---|---|---|---|---|---|---|---
 5 |   |   | X | X | X | X | X |   | 5 
---|---|---|---|---|---|---|---|---|---
 6 |   |   | 0 | X | X |   |   |   | 6 
---|---|---|---|---|---|---|---|---|---
 7 |   | 0 |   |   | X |   |   |   | 7 
---|---|---|---|---|---|---|---|---|---
 8 | 0 |   |   |   | X |   |   |   | 8 
---|---|---|---|---|---|---|---|---|---
   | 1 | 2 | 3 | 4 | 5 | 6 | 7 | 8 |

It took 4 seconds to make this move...


Black to move
BXXXXXXXEXXXXXEOEXXXXXOOOXEXXOEEEEEXXXXXEEEOXXEEEEOEEXEEEOEEEXEEE
(1,8)
   | 1 | 2 | 3 | 4 | 5 | 6 | 7 | 8 |
---|---|---|---|---|---|---|---|---|---
 1 | X | X | X | X | X | X | X | X | 1 
---|---|---|---|---|---|---|---|---|---
 2 | X | X | X | X | X |   | X |   | 2 
---|---|---|---|---|---|---|---|---|---
 3 | X | X | X | X | X | X | 0 | 0 | 3 
---|---|---|---|---|---|---|---|---|---
 4 | X |   | X | X | X |   |   |   | 4 
---|---|---|---|---|---|---|---|---|---
 5 |   |   | X | X | X | X | X |   | 5 
---|---|---|---|---|---|---|---|---|---
 6 |   |   | 0 | X | X |   |   |   | 6 
---|---|---|---|---|---|---|---|---|---
 7 |   | 0 |   |   | X |   |   |   | 7 
---|---|---|---|---|---|---|---|---|---
 8 | 0 |   |   |   | X |   |   |   | 8 
---|---|---|---|---|---|---|---|---|---
   | 1 | 2 | 3 | 4 | 5 | 6 | 7 | 8 |

It took 0 seconds to make this move...


White to move
WXXXXXXXXXXXXXEXEXXXXXXOOXEXXXEEEEEXXXXXEEEOXXEEEEOEEXEEEOEEEXEEE
(6,6) Depth reached: 9, Nodes searched: 10131
   | 1 | 2 | 3 | 4 | 5 | 6 | 7 | 8 |
---|---|---|---|---|---|---|---|---|---
 1 | X | X | X | X | X | X | X | X | 1 
---|---|---|---|---|---|---|---|---|---
 2 | X | X | X | X | X |   | X |   | 2 
---|---|---|---|---|---|---|---|---|---
 3 | X | X | X | X | X | X | 0 | 0 | 3 
---|---|---|---|---|---|---|---|---|---
 4 | X |   | X | X | X |   |   |   | 4 
---|---|---|---|---|---|---|---|---|---
 5 |   |   | X | X | X | X | X |   | 5 
---|---|---|---|---|---|---|---|---|---
 6 |   |   | 0 | 0 | 0 | 0 |   |   | 6 
---|---|---|---|---|---|---|---|---|---
 7 |   | 0 |   |   | X |   |   |   | 7 
---|---|---|---|---|---|---|---|---|---
 8 | 0 |   |   |   | X |   |   |   | 8 
---|---|---|---|---|---|---|---|---|---
   | 1 | 2 | 3 | 4 | 5 | 6 | 7 | 8 |

It took 4 seconds to make this move...


Black to move
BXXXXXXXXXXXXXEXEXXXXXXOOXEXXXEEEEEXXXXXEEEOOOOEEEOEEXEEEOEEEXEEE
(4,7)
   | 1 | 2 | 3 | 4 | 5 | 6 | 7 | 8 |
---|---|---|---|---|---|---|---|---|---
 1 | X | X | X | X | X | X | X | X | 1 
---|---|---|---|---|---|---|---|---|---
 2 | X | X | X | X | X |   | X |   | 2 
---|---|---|---|---|---|---|---|---|---
 3 | X | X | X | X | X | X | X | 0 | 3 
---|---|---|---|---|---|---|---|---|---
 4 | X |   | X | X | X |   | X |   | 4 
---|---|---|---|---|---|---|---|---|---
 5 |   |   | X | X | X | X | X |   | 5 
---|---|---|---|---|---|---|---|---|---
 6 |   |   | 0 | 0 | 0 | 0 |   |   | 6 
---|---|---|---|---|---|---|---|---|---
 7 |   | 0 |   |   | X |   |   |   | 7 
---|---|---|---|---|---|---|---|---|---
 8 | 0 |   |   |   | X |   |   |   | 8 
---|---|---|---|---|---|---|---|---|---
   | 1 | 2 | 3 | 4 | 5 | 6 | 7 | 8 |

It took 0 seconds to make this move...


White to move
WXXXXXXXXXXXXXEXEXXXXXXXOXEXXXEXEEEXXXXXEEEOOOOEEEOEEXEEEOEEEXEEE
(4,8) Depth reached: 8, Nodes searched: 10750
   | 1 | 2 | 3 | 4 | 5 | 6 | 7 | 8 |
---|---|---|---|---|---|---|---|---|---
 1 | X | X | X | X | X | X | X | X | 1 
---|---|---|---|---|---|---|---|---|---
 2 | X | X | X | X | X |   | X |   | 2 
---|---|---|---|---|---|---|---|---|---
 3 | X | X | X | X | X | X | X | 0 | 3 
---|---|---|---|---|---|---|---|---|---
 4 | X |   | X | X | X |   | X | 0 | 4 
---|---|---|---|---|---|---|---|---|---
 5 |   |   | X | X | X | X | 0 |   | 5 
---|---|---|---|---|---|---|---|---|---
 6 |   |   | 0 | 0 | 0 | 0 |   |   | 6 
---|---|---|---|---|---|---|---|---|---
 7 |   | 0 |   |   | X |   |   |   | 7 
---|---|---|---|---|---|---|---|---|---
 8 | 0 |   |   |   | X |   |   |   | 8 
---|---|---|---|---|---|---|---|---|---
   | 1 | 2 | 3 | 4 | 5 | 6 | 7 | 8 |

It took 4 seconds to make this move...


Black to move
BXXXXXXXXXXXXXEXEXXXXXXXOXEXXXEXOEEXXXXOEEEOOOOEEEOEEXEEEOEEEXEEE
(6,7)
   | 1 | 2 | 3 | 4 | 5 | 6 | 7 | 8 |
---|---|---|---|---|---|---|---|---|---
 1 | X | X | X | X | X | X | X | X | 1 
---|---|---|---|---|---|---|---|---|---
 2 | X | X | X | X | X |   | X |   | 2 
---|---|---|---|---|---|---|---|---|---
 3 | X | X | X | X | X | X | X | 0 | 3 
---|---|---|---|---|---|---|---|---|---
 4 | X |   | X | X | X |   | X | 0 | 4 
---|---|---|---|---|---|---|---|---|---
 5 |   |   | X | X | X | X | X |   | 5 
---|---|---|---|---|---|---|---|---|---
 6 |   |   | 0 | 0 | 0 | 0 | X |   | 6 
---|---|---|---|---|---|---|---|---|---
 7 |   | 0 |   |   | X |   |   |   | 7 
---|---|---|---|---|---|---|---|---|---
 8 | 0 |   |   |   | X |   |   |   | 8 
---|---|---|---|---|---|---|---|---|---
   | 1 | 2 | 3 | 4 | 5 | 6 | 7 | 8 |

It took 0 seconds to make this move...


White to move
WXXXXXXXXXXXXXEXEXXXXXXXOXEXXXEXOEEXXXXXEEEOOOOXEEOEEXEEEOEEEXEEE
(6,8) Depth reached: 7, Nodes searched: 25824
   | 1 | 2 | 3 | 4 | 5 | 6 | 7 | 8 |
---|---|---|---|---|---|---|---|---|---
 1 | X | X | X | X | X | X | X | X | 1 
---|---|---|---|---|---|---|---|---|---
 2 | X | X | X | X | X |   | X |   | 2 
---|---|---|---|---|---|---|---|---|---
 3 | X | X | X | X | X | X | X | 0 | 3 
---|---|---|---|---|---|---|---|---|---
 4 | X |   | X | X | X |   | X | 0 | 4 
---|---|---|---|---|---|---|---|---|---
 5 |   |   | X | X | X | X | X |   | 5 
---|---|---|---|---|---|---|---|---|---
 6 |   |   | 0 | 0 | 0 | 0 | 0 | 0 | 6 
---|---|---|---|---|---|---|---|---|---
 7 |   | 0 |   |   | X |   |   |   | 7 
---|---|---|---|---|---|---|---|---|---
 8 | 0 |   |   |   | X |   |   |   | 8 
---|---|---|---|---|---|---|---|---|---
   | 1 | 2 | 3 | 4 | 5 | 6 | 7 | 8 |

It took 3 seconds to make this move...


Black to move
BXXXXXXXXXXXXXEXEXXXXXXXOXEXXXEXOEEXXXXXEEEOOOOOOEOEEXEEEOEEEXEEE
(7,3)
   | 1 | 2 | 3 | 4 | 5 | 6 | 7 | 8 |
---|---|---|---|---|---|---|---|---|---
 1 | X | X | X | X | X | X | X | X | 1 
---|---|---|---|---|---|---|---|---|---
 2 | X | X | X | X | X |   | X |   | 2 
---|---|---|---|---|---|---|---|---|---
 3 | X | X | X | X | X | X | X | 0 | 3 
---|---|---|---|---|---|---|---|---|---
 4 | X |   | X | X | X |   | X | 0 | 4 
---|---|---|---|---|---|---|---|---|---
 5 |   |   | X | X | X | X | X |   | 5 
---|---|---|---|---|---|---|---|---|---
 6 |   |   | X | X | 0 | 0 | 0 | 0 | 6 
---|---|---|---|---|---|---|---|---|---
 7 |   | 0 | X |   | X |   |   |   | 7 
---|---|---|---|---|---|---|---|---|---
 8 | 0 |   |   |   | X |   |   |   | 8 
---|---|---|---|---|---|---|---|---|---
   | 1 | 2 | 3 | 4 | 5 | 6 | 7 | 8 |

It took 0 seconds to make this move...


White to move
WXXXXXXXXXXXXXEXEXXXXXXXOXEXXXEXOEEXXXXXEEEXXOOOOEOXEXEEEOEEEXEEE
(8,4) Depth reached: 8, Nodes searched: 16875
   | 1 | 2 | 3 | 4 | 5 | 6 | 7 | 8 |
---|---|---|---|---|---|---|---|---|---
 1 | X | X | X | X | X | X | X | X | 1 
---|---|---|---|---|---|---|---|---|---
 2 | X | X | X | X | X |   | X |   | 2 
---|---|---|---|---|---|---|---|---|---
 3 | X | X | X | X | X | X | X | 0 | 3 
---|---|---|---|---|---|---|---|---|---
 4 | X |   | X | X | X |   | X | 0 | 4 
---|---|---|---|---|---|---|---|---|---
 5 |   |   | X | X | X | X | X |   | 5 
---|---|---|---|---|---|---|---|---|---
 6 |   |   | X | X | 0 | 0 | 0 | 0 | 6 
---|---|---|---|---|---|---|---|---|---
 7 |   | 0 | X |   | 0 |   |   |   | 7 
---|---|---|---|---|---|---|---|---|---
 8 | 0 |   |   | 0 | X |   |   |   | 8 
---|---|---|---|---|---|---|---|---|---
   | 1 | 2 | 3 | 4 | 5 | 6 | 7 | 8 |

It took 3 seconds to make this move...


Black to move
BXXXXXXXXXXXXXEXEXXXXXXXOXEXXXEXOEEXXXXXEEEXXOOOOEOXEOEEEOEEOXEEE
(7,7)
   | 1 | 2 | 3 | 4 | 5 | 6 | 7 | 8 |
---|---|---|---|---|---|---|---|---|---
 1 | X | X | X | X | X | X | X | X | 1 
---|---|---|---|---|---|---|---|---|---
 2 | X | X | X | X | X |   | X |   | 2 
---|---|---|---|---|---|---|---|---|---
 3 | X | X | X | X | X | X | X | 0 | 3 
---|---|---|---|---|---|---|---|---|---
 4 | X |   | X | X | X |   | X | 0 | 4 
---|---|---|---|---|---|---|---|---|---
 5 |   |   | X | X | X | X | X |   | 5 
---|---|---|---|---|---|---|---|---|---
 6 |   |   | X | X | 0 | X | X | 0 | 6 
---|---|---|---|---|---|---|---|---|---
 7 |   | 0 | X |   | 0 |   | X |   | 7 
---|---|---|---|---|---|---|---|---|---
 8 | 0 |   |   | 0 | X |   |   |   | 8 
---|---|---|---|---|---|---|---|---|---
   | 1 | 2 | 3 | 4 | 5 | 6 | 7 | 8 |

It took 1 seconds to make this move...


White to move
WXXXXXXXXXXXXXEXEXXXXXXXOXEXXXEXOEEXXXXXEEEXXOXXOEOXEOEXEOEEOXEEE
(8,6) Depth reached: 8, Nodes searched: 21465
   | 1 | 2 | 3 | 4 | 5 | 6 | 7 | 8 |
---|---|---|---|---|---|---|---|---|---
 1 | X | X | X | X | X | X | X | X | 1 
---|---|---|---|---|---|---|---|---|---
 2 | X | X | X | X | X |   | X |   | 2 
---|---|---|---|---|---|---|---|---|---
 3 | X | X | X | X | X | X | X | 0 | 3 
---|---|---|---|---|---|---|---|---|---
 4 | X |   | X | X | X |   | X | 0 | 4 
---|---|---|---|---|---|---|---|---|---
 5 |   |   | X | X | X | X | X |   | 5 
---|---|---|---|---|---|---|---|---|---
 6 |   |   | X | X | 0 | X | X | 0 | 6 
---|---|---|---|---|---|---|---|---|---
 7 |   | 0 | X |   | 0 |   | 0 |   | 7 
---|---|---|---|---|---|---|---|---|---
 8 | 0 |   |   | 0 | 0 | 0 |   |   | 8 
---|---|---|---|---|---|---|---|---|---
   | 1 | 2 | 3 | 4 | 5 | 6 | 7 | 8 |

It took 3 seconds to make this move...


Black to move
BXXXXXXXXXXXXXEXEXXXXXXXOXEXXXEXOEEXXXXXEEEXXOXXOEOXEOEOEOEEOOOEE
(7,4)
   | 1 | 2 | 3 | 4 | 5 | 6 | 7 | 8 |
---|---|---|---|---|---|---|---|---|---
 1 | X | X | X | X | X | X | X | X | 1 
---|---|---|---|---|---|---|---|---|---
 2 | X | X | X | X | X |   | X |   | 2 
---|---|---|---|---|---|---|---|---|---
 3 | X | X | X | X | X | X | X | 0 | 3 
---|---|---|---|---|---|---|---|---|---
 4 | X |   | X | X | X |   | X | 0 | 4 
---|---|---|---|---|---|---|---|---|---
 5 |   |   | X | X | X | X | X |   | 5 
---|---|---|---|---|---|---|---|---|---
 6 |   |   | X | X | X | X | X | 0 | 6 
---|---|---|---|---|---|---|---|---|---
 7 |   | 0 | X | X | 0 |   | 0 |   | 7 
---|---|---|---|---|---|---|---|---|---
 8 | 0 |   |   | 0 | 0 | 0 |   |   | 8 
---|---|---|---|---|---|---|---|---|---
   | 1 | 2 | 3 | 4 | 5 | 6 | 7 | 8 |

It took 1 seconds to make this move...


White to move
WXXXXXXXXXXXXXEXEXXXXXXXOXEXXXEXOEEXXXXXEEEXXXXXOEOXXOEOEOEEOOOEE
(4,6) Depth reached: 8, Nodes searched: 27576
   | 1 | 2 | 3 | 4 | 5 | 6 | 7 | 8 |
---|---|---|---|---|---|---|---|---|---
 1 | X | X | X | X | X | X | X | X | 1 
---|---|---|---|---|---|---|---|---|---
 2 | X | X | X | X | X |   | X |   | 2 
---|---|---|---|---|---|---|---|---|---
 3 | X | X | X | X | X | X | X | 0 | 3 
---|---|---|---|---|---|---|---|---|---
 4 | X |   | X | X | X | 0 | 0 | 0 | 4 
---|---|---|---|---|---|---|---|---|---
 5 |   |   | X | X | X | X | 0 |   | 5 
---|---|---|---|---|---|---|---|---|---
 6 |   |   | X | X | X | X | X | 0 | 6 
---|---|---|---|---|---|---|---|---|---
 7 |   | 0 | X | X | 0 |   | 0 |   | 7 
---|---|---|---|---|---|---|---|---|---
 8 | 0 |   |   | 0 | 0 | 0 |   |   | 8 
---|---|---|---|---|---|---|---|---|---
   | 1 | 2 | 3 | 4 | 5 | 6 | 7 | 8 |

It took 3 seconds to make this move...


Black to move
BXXXXXXXXXXXXXEXEXXXXXXXOXEXXXOOOEEXXXXOEEEXXXXXOEOXXOEOEOEEOOOEE
(5,8)
   | 1 | 2 | 3 | 4 | 5 | 6 | 7 | 8 |
---|---|---|---|---|---|---|---|---|---
 1 | X | X | X | X | X | X | X | X | 1 
---|---|---|---|---|---|---|---|---|---
 2 | X | X | X | X | X |   | X |   | 2 
---|---|---|---|---|---|---|---|---|---
 3 | X | X | X | X | X | X | X | 0 | 3 
---|---|---|---|---|---|---|---|---|---
 4 | X |   | X | X | X | 0 | X | 0 | 4 
---|---|---|---|---|---|---|---|---|---
 5 |   |   | X | X | X | X | X | X | 5 
---|---|---|---|---|---|---|---|---|---
 6 |   |   | X | X | X | X | X | 0 | 6 
---|---|---|---|---|---|---|---|---|---
 7 |   | 0 | X | X | 0 |   | 0 |   | 7 
---|---|---|---|---|---|---|---|---|---
 8 | 0 |   |   | 0 | 0 | 0 |   |   | 8 
---|---|---|---|---|---|---|---|---|---
   | 1 | 2 | 3 | 4 | 5 | 6 | 7 | 8 |

It took 1 seconds to make this move...


White to move
WXXXXXXXXXXXXXEXEXXXXXXXOXEXXXOXOEEXXXXXXEEXXXXXOEOXXOEOEOEEOOOEE
(2,8) Depth reached: 8, Nodes searched: 16788
   | 1 | 2 | 3 | 4 | 5 | 6 | 7 | 8 |
---|---|---|---|---|---|---|---|---|---
 1 | X | X | X | X | X | X | X | X | 1 
---|---|---|---|---|---|---|---|---|---
 2 | X | X | X | X | X |   | X | 0 | 2 
---|---|---|---|---|---|---|---|---|---
 3 | X | X | X | X | X | X | 0 | 0 | 3 
---|---|---|---|---|---|---|---|---|---
 4 | X |   | X | X | X | 0 | X | 0 | 4 
---|---|---|---|---|---|---|---|---|---
 5 |   |   | X | X | X | X | X | X | 5 
---|---|---|---|---|---|---|---|---|---
 6 |   |   | X | X | X | X | X | 0 | 6 
---|---|---|---|---|---|---|---|---|---
 7 |   | 0 | X | X | 0 |   | 0 |   | 7 
---|---|---|---|---|---|---|---|---|---
 8 | 0 |   |   | 0 | 0 | 0 |   |   | 8 
---|---|---|---|---|---|---|---|---|---
   | 1 | 2 | 3 | 4 | 5 | 6 | 7 | 8 |

It took 3 seconds to make this move...


Black to move
BXXXXXXXXXXXXXEXOXXXXXXOOXEXXXOXOEEXXXXXXEEXXXXXOEOXXOEOEOEEOOOEE
(7,1)
   | 1 | 2 | 3 | 4 | 5 | 6 | 7 | 8 |
---|---|---|---|---|---|---|---|---|---
 1 | X | X | X | X | X | X | X | X | 1 
---|---|---|---|---|---|---|---|---|---
 2 | X | X | X | X | X |   | X | 0 | 2 
---|---|---|---|---|---|---|---|---|---
 3 | X | X | X | X | X | X | 0 | 0 | 3 
---|---|---|---|---|---|---|---|---|---
 4 | X |   | X | X | X | 0 | X | 0 | 4 
---|---|---|---|---|---|---|---|---|---
 5 |   |   | X | X | X | X | X | X | 5 
---|---|---|---|---|---|---|---|---|---
 6 |   |   | X | X | X | X | X | 0 | 6 
---|---|---|---|---|---|---|---|---|---
 7 | X | X | X | X | 0 |   | 0 |   | 7 
---|---|---|---|---|---|---|---|---|---
 8 | 0 |   |   | 0 | 0 | 0 |   |   | 8 
---|---|---|---|---|---|---|---|---|---
   | 1 | 2 | 3 | 4 | 5 | 6 | 7 | 8 |

It took 0 seconds to make this move...


White to move
WXXXXXXXXXXXXXEXOXXXXXXOOXEXXXOXOEEXXXXXXEEXXXXXOXXXXOEOEOEEOOOEE
(7,6) Depth reached: 9, Nodes searched: 16084
   | 1 | 2 | 3 | 4 | 5 | 6 | 7 | 8 |
---|---|---|---|---|---|---|---|---|---
 1 | X | X | X | X | X | X | X | X | 1 
---|---|---|---|---|---|---|---|---|---
 2 | X | X | X | X | X |   | X | 0 | 2 
---|---|---|---|---|---|---|---|---|---
 3 | X | X | X | X | X | X | 0 | 0 | 3 
---|---|---|---|---|---|---|---|---|---
 4 | X |   | X | X | X | 0 | X | 0 | 4 
---|---|---|---|---|---|---|---|---|---
 5 |   |   | X | X | X | 0 | X | X | 5 
---|---|---|---|---|---|---|---|---|---
 6 |   |   | X | X | X | 0 | X | 0 | 6 
---|---|---|---|---|---|---|---|---|---
 7 | X | X | X | X | 0 | 0 | 0 |   | 7 
---|---|---|---|---|---|---|---|---|---
 8 | 0 |   |   | 0 | 0 | 0 |   |   | 8 
---|---|---|---|---|---|---|---|---|---
   | 1 | 2 | 3 | 4 | 5 | 6 | 7 | 8 |

It took 3 seconds to make this move...


Black to move
BXXXXXXXXXXXXXEXOXXXXXXOOXEXXXOXOEEXXXOXXEEXXXOXOXXXXOOOEOEEOOOEE
(8,8)
   | 1 | 2 | 3 | 4 | 5 | 6 | 7 | 8 |
---|---|---|---|---|---|---|---|---|---
 1 | X | X | X | X | X | X | X | X | 1 
---|---|---|---|---|---|---|---|---|---
 2 | X | X | X | X | X |   | X | 0 | 2 
---|---|---|---|---|---|---|---|---|---
 3 | X | X | X | X | X | X | 0 | 0 | 3 
---|---|---|---|---|---|---|---|---|---
 4 | X |   | X | X | X | 0 | X | 0 | 4 
---|---|---|---|---|---|---|---|---|---
 5 |   |   | X | X | X | 0 | X | X | 5 
---|---|---|---|---|---|---|---|---|---
 6 |   |   | X | X | X | X | X | 0 | 6 
---|---|---|---|---|---|---|---|---|---
 7 | X | X | X | X | 0 | 0 | X |   | 7 
---|---|---|---|---|---|---|---|---|---
 8 | 0 |   |   | 0 | 0 | 0 |   | X | 8 
---|---|---|---|---|---|---|---|---|---
   | 1 | 2 | 3 | 4 | 5 | 6 | 7 | 8 |

It took 0 seconds to make this move...


White to move
WXXXXXXXXXXXXXEXOXXXXXXOOXEXXXOXOEEXXXOXXEEXXXXXOXXXXOOXEOEEOOOEX
(8,3) Depth reached: 12, Nodes searched: 2027
   | 1 | 2 | 3 | 4 | 5 | 6 | 7 | 8 |
---|---|---|---|---|---|---|---|---|---
 1 | X | X | X | X | X | X | X | X | 1 
---|---|---|---|---|---|---|---|---|---
 2 | X | X | X | X | X |   | X | 0 | 2 
---|---|---|---|---|---|---|---|---|---
 3 | X | X | X | X | X | X | 0 | 0 | 3 
---|---|---|---|---|---|---|---|---|---
 4 | X |   | X | X | X | 0 | X | 0 | 4 
---|---|---|---|---|---|---|---|---|---
 5 |   |   | X | X | X | 0 | X | X | 5 
---|---|---|---|---|---|---|---|---|---
 6 |   |   | X | X | 0 | X | X | 0 | 6 
---|---|---|---|---|---|---|---|---|---
 7 | X | X | X | 0 | 0 | 0 | X |   | 7 
---|---|---|---|---|---|---|---|---|---
 8 | 0 |   | 0 | 0 | 0 | 0 |   | X | 8 
---|---|---|---|---|---|---|---|---|---
   | 1 | 2 | 3 | 4 | 5 | 6 | 7 | 8 |

It took 3 seconds to make this move...


Black to move
BXXXXXXXXXXXXXEXOXXXXXXOOXEXXXOXOEEXXXOXXEEXXOXXOXXXOOOXEOEOOOOEX
(7,8)
   | 1 | 2 | 3 | 4 | 5 | 6 | 7 | 8 |
---|---|---|---|---|---|---|---|---|---
 1 | X | X | X | X | X | X | X | X | 1 
---|---|---|---|---|---|---|---|---|---
 2 | X | X | X | X | X |   | X | 0 | 2 
---|---|---|---|---|---|---|---|---|---
 3 | X | X | X | X | X | X | 0 | 0 | 3 
---|---|---|---|---|---|---|---|---|---
 4 | X |   | X | X | X | 0 | X | 0 | 4 
---|---|---|---|---|---|---|---|---|---
 5 |   |   | X | X | X | 0 | X | X | 5 
---|---|---|---|---|---|---|---|---|---
 6 |   |   | X | X | 0 | X | X | X | 6 
---|---|---|---|---|---|---|---|---|---
 7 | X | X | X | 0 | 0 | 0 | X | X | 7 
---|---|---|---|---|---|---|---|---|---
 8 | 0 |   | 0 | 0 | 0 | 0 |   | X | 8 
---|---|---|---|---|---|---|---|---|---
   | 1 | 2 | 3 | 4 | 5 | 6 | 7 | 8 |

It took 0 seconds to make this move...


White to move
WXXXXXXXXXXXXXEXOXXXXXXOOXEXXXOXOEEXXXOXXEEXXOXXXXXXOOOXXOEOOOOEX
(6,1) Depth reached: 32, Nodes searched: 9327
   | 1 | 2 | 3 | 4 | 5 | 6 | 7 | 8 |
---|---|---|---|---|---|---|---|---|---
 1 | X | X | X | X | X | X | X | X | 1 
---|---|---|---|---|---|---|---|---|---
 2 | X | X | X | X | X |   | X | 0 | 2 
---|---|---|---|---|---|---|---|---|---
 3 | X | X | X | X | X | X | 0 | 0 | 3 
---|---|---|---|---|---|---|---|---|---
 4 | X |   | X | X | X | 0 | X | 0 | 4 
---|---|---|---|---|---|---|---|---|---
 5 |   |   | X | X | X | 0 | X | X | 5 
---|---|---|---|---|---|---|---|---|---
 6 | 0 |   | X | X | 0 | X | X | X | 6 
---|---|---|---|---|---|---|---|---|---
 7 | 0 | 0 | X | 0 | 0 | 0 | X | X | 7 
---|---|---|---|---|---|---|---|---|---
 8 | 0 |   | 0 | 0 | 0 | 0 |   | X | 8 
---|---|---|---|---|---|---|---|---|---
   | 1 | 2 | 3 | 4 | 5 | 6 | 7 | 8 |

It took 4 seconds to make this move...


Black to move
BXXXXXXXXXXXXXEXOXXXXXXOOXEXXXOXOEEXXXOXXOEXXOXXXOOXOOOXXOEOOOOEX
(8,7)
   | 1 | 2 | 3 | 4 | 5 | 6 | 7 | 8 |
---|---|---|---|---|---|---|---|---|---
 1 | X | X | X | X | X | X | X | X | 1 
---|---|---|---|---|---|---|---|---|---
 2 | X | X | X | X | X |   | X | 0 | 2 
---|---|---|---|---|---|---|---|---|---
 3 | X | X | X | X | X | X | 0 | 0 | 3 
---|---|---|---|---|---|---|---|---|---
 4 | X |   | X | X | X | 0 | X | 0 | 4 
---|---|---|---|---|---|---|---|---|---
 5 |   |   | X | X | X | 0 | X | X | 5 
---|---|---|---|---|---|---|---|---|---
 6 | 0 |   | X | X | X | X | X | X | 6 
---|---|---|---|---|---|---|---|---|---
 7 | 0 | 0 | X | 0 | 0 | X | X | X | 7 
---|---|---|---|---|---|---|---|---|---
 8 | 0 |   | 0 | 0 | 0 | 0 | X | X | 8 
---|---|---|---|---|---|---|---|---|---
   | 1 | 2 | 3 | 4 | 5 | 6 | 7 | 8 |

It took 0 seconds to make this move...


White to move
WXXXXXXXXXXXXXEXOXXXXXXOOXEXXXOXOEEXXXOXXOEXXXXXXOOXOOXXXOEOOOOXX
(2,6) Depth reached: 71, Nodes searched: 1598
   | 1 | 2 | 3 | 4 | 5 | 6 | 7 | 8 |
---|---|---|---|---|---|---|---|---|---
 1 | X | X | X | X | X | X | X | X | 1 
---|---|---|---|---|---|---|---|---|---
 2 | X | X | X | X | X | 0 | 0 | 0 | 2 
---|---|---|---|---|---|---|---|---|---
 3 | X | X | X | X | X | 0 | 0 | 0 | 3 
---|---|---|---|---|---|---|---|---|---
 4 | X |   | X | X | X | 0 | X | 0 | 4 
---|---|---|---|---|---|---|---|---|---
 5 |   |   | X | X | X | 0 | X | X | 5 
---|---|---|---|---|---|---|---|---|---
 6 | 0 |   | X | X | X | X | X | X | 6 
---|---|---|---|---|---|---|---|---|---
 7 | 0 | 0 | X | 0 | 0 | X | X | X | 7 
---|---|---|---|---|---|---|---|---|---
 8 | 0 |   | 0 | 0 | 0 | 0 | X | X | 8 
---|---|---|---|---|---|---|---|---|---
   | 1 | 2 | 3 | 4 | 5 | 6 | 7 | 8 |

It took 4 seconds to make this move...


Black to move
BXXXXXXXXXXXXXOOOXXXXXOOOXEXXXOXOEEXXXOXXOEXXXXXXOOXOOXXXOEOOOOXX
(8,2)
   | 1 | 2 | 3 | 4 | 5 | 6 | 7 | 8 |
---|---|---|---|---|---|---|---|---|---
 1 | X | X | X | X | X | X | X | X | 1 
---|---|---|---|---|---|---|---|---|---
 2 | X | X | X | X | X | 0 | 0 | 0 | 2 
---|---|---|---|---|---|---|---|---|---
 3 | X | X | X | X | X | 0 | 0 | 0 | 3 
---|---|---|---|---|---|---|---|---|---
 4 | X |   | X | X | X | 0 | X | 0 | 4 
---|---|---|---|---|---|---|---|---|---
 5 |   |   | X | X | X | 0 | X | X | 5 
---|---|---|---|---|---|---|---|---|---
 6 | 0 |   | X | X | X | X | X | X | 6 
---|---|---|---|---|---|---|---|---|---
 7 | 0 | 0 | X | 0 | 0 | X | X | X | 7 
---|---|---|---|---|---|---|---|---|---
 8 | 0 | X | X | X | X | X | X | X | 8 
---|---|---|---|---|---|---|---|---|---
   | 1 | 2 | 3 | 4 | 5 | 6 | 7 | 8 |

It took 0 seconds to make this move...


White to move
WXXXXXXXXXXXXXOOOXXXXXOOOXEXXXOXOEEXXXOXXOEXXXXXXOOXOOXXXOXXXXXXX
(5,2) Depth reached: 185, Nodes searched: 1579
   | 1 | 2 | 3 | 4 | 5 | 6 | 7 | 8 |
---|---|---|---|---|---|---|---|---|---
 1 | X | X | X | X | X | X | X | X | 1 
---|---|---|---|---|---|---|---|---|---
 2 | X | X | X | X | X | 0 | 0 | 0 | 2 
---|---|---|---|---|---|---|---|---|---
 3 | X | X | X | X | X | 0 | 0 | 0 | 3 
---|---|---|---|---|---|---|---|---|---
 4 | X |   | X | X | X | 0 | X | 0 | 4 
---|---|---|---|---|---|---|---|---|---
 5 |   | 0 | 0 | 0 | 0 | 0 | X | X | 5 
---|---|---|---|---|---|---|---|---|---
 6 | 0 |   | 0 | X | X | X | X | X | 6 
---|---|---|---|---|---|---|---|---|---
 7 | 0 | 0 | X | 0 | 0 | X | X | X | 7 
---|---|---|---|---|---|---|---|---|---
 8 | 0 | X | X | X | X | X | X | X | 8 
---|---|---|---|---|---|---|---|---|---
   | 1 | 2 | 3 | 4 | 5 | 6 | 7 | 8 |

It took 4 seconds to make this move...


Black to move
BXXXXXXXXXXXXXOOOXXXXXOOOXEXXXOXOEOOOOOXXOEOXXXXXOOXOOXXXOXXXXXXX
(4,2)
   | 1 | 2 | 3 | 4 | 5 | 6 | 7 | 8 |
---|---|---|---|---|---|---|---|---|---
 1 | X | X | X | X | X | X | X | X | 1 
---|---|---|---|---|---|---|---|---|---
 2 | X | X | X | X | X | 0 | 0 | 0 | 2 
---|---|---|---|---|---|---|---|---|---
 3 | X | X | X | X | X | 0 | 0 | 0 | 3 
---|---|---|---|---|---|---|---|---|---
 4 | X | X | X | X | X | 0 | X | 0 | 4 
---|---|---|---|---|---|---|---|---|---
 5 |   | 0 | X | 0 | 0 | 0 | X | X | 5 
---|---|---|---|---|---|---|---|---|---
 6 | 0 |   | 0 | X | X | X | X | X | 6 
---|---|---|---|---|---|---|---|---|---
 7 | 0 | 0 | X | 0 | 0 | X | X | X | 7 
---|---|---|---|---|---|---|---|---|---
 8 | 0 | X | X | X | X | X | X | X | 8 
---|---|---|---|---|---|---|---|---|---
   | 1 | 2 | 3 | 4 | 5 | 6 | 7 | 8 |

It took 0 seconds to make this move...


White to move
WXXXXXXXXXXXXXOOOXXXXXOOOXXXXXOXOEOXOOOXXOEOXXXXXOOXOOXXXOXXXXXXX
(6,2) Depth reached: 575, Nodes searched: 37
   | 1 | 2 | 3 | 4 | 5 | 6 | 7 | 8 |
---|---|---|---|---|---|---|---|---|---
 1 | X | X | X | X | X | X | X | X | 1 
---|---|---|---|---|---|---|---|---|---
 2 | X | X | X | X | X | 0 | 0 | 0 | 2 
---|---|---|---|---|---|---|---|---|---
 3 | X | X | X | X | 0 | 0 | 0 | 0 | 3 
---|---|---|---|---|---|---|---|---|---
 4 | X | X | X | 0 | X | 0 | X | 0 | 4 
---|---|---|---|---|---|---|---|---|---
 5 |   | 0 | 0 | 0 | 0 | 0 | X | X | 5 
---|---|---|---|---|---|---|---|---|---
 6 | 0 | 0 | 0 | X | X | X | X | X | 6 
---|---|---|---|---|---|---|---|---|---
 7 | 0 | 0 | X | 0 | 0 | X | X | X | 7 
---|---|---|---|---|---|---|---|---|---
 8 | 0 | X | X | X | X | X | X | X | 8 
---|---|---|---|---|---|---|---|---|---
   | 1 | 2 | 3 | 4 | 5 | 6 | 7 | 8 |

It took 4 seconds to make this move...


Black to move
BXXXXXXXXXXXXXOOOXXXXOOOOXXXOXOXOEOOOOOXXOOOXXXXXOOXOOXXXOXXXXXXX
(5,1)
   | 1 | 2 | 3 | 4 | 5 | 6 | 7 | 8 |
---|---|---|---|---|---|---|---|---|---
 1 | X | X | X | X | X | X | X | X | 1 
---|---|---|---|---|---|---|---|---|---
 2 | X | X | X | X | X | 0 | 0 | 0 | 2 
---|---|---|---|---|---|---|---|---|---
 3 | X | X | X | X | 0 | 0 | 0 | 0 | 3 
---|---|---|---|---|---|---|---|---|---
 4 | X | X | X | 0 | X | 0 | X | 0 | 4 
---|---|---|---|---|---|---|---|---|---
 5 | X | X | X | X | X | X | X | X | 5 
---|---|---|---|---|---|---|---|---|---
 6 | 0 | X | 0 | X | X | X | X | X | 6 
---|---|---|---|---|---|---|---|---|---
 7 | 0 | 0 | X | 0 | 0 | X | X | X | 7 
---|---|---|---|---|---|---|---|---|---
 8 | 0 | X | X | X | X | X | X | X | 8 
---|---|---|---|---|---|---|---|---|---
   | 1 | 2 | 3 | 4 | 5 | 6 | 7 | 8 |

It took 0 seconds to make this move...


White to move
WXXXXXXXXXXXXXOOOXXXXOOOOXXXOXOXOXXXXXXXXOXOXXXXXOOXOOXXXOXXXXXXX
pass
   | 1 | 2 | 3 | 4 | 5 | 6 | 7 | 8 |
---|---|---|---|---|---|---|---|---|---
 1 | X | X | X | X | X | X | X | X | 1 
---|---|---|---|---|---|---|---|---|---
 2 | X | X | X | X | X | 0 | 0 | 0 | 2 
---|---|---|---|---|---|---|---|---|---
 3 | X | X | X | X | 0 | 0 | 0 | 0 | 3 
---|---|---|---|---|---|---|---|---|---
 4 | X | X | X | 0 | X | 0 | X | 0 | 4 
---|---|---|---|---|---|---|---|---|---
 5 | X | X | X | X | X | X | X | X | 5 
---|---|---|---|---|---|---|---|---|---
 6 | 0 | X | 0 | X | X | X | X | X | 6 
---|---|---|---|---|---|---|---|---|---
 7 | 0 | 0 | X | 0 | 0 | X | X | X | 7 
---|---|---|---|---|---|---|---|---|---
 8 | 0 | X | X | X | X | X | X | X | 8 
---|---|---|---|---|---|---|---|---|---
   | 1 | 2 | 3 | 4 | 5 | 6 | 7 | 8 |

It took 4 seconds to make this move...


Black to move
BXXXXXXXXXXXXXOOOXXXXOOOOXXXOXOXOXXXXXXXXOXOXXXXXOOXOOXXXOXXXXXXX
pass
   | 1 | 2 | 3 | 4 | 5 | 6 | 7 | 8 |
---|---|---|---|---|---|---|---|---|---
 1 | X | X | X | X | X | X | X | X | 1 
---|---|---|---|---|---|---|---|---|---
 2 | X | X | X | X | X | 0 | 0 | 0 | 2 
---|---|---|---|---|---|---|---|---|---
 3 | X | X | X | X | 0 | 0 | 0 | 0 | 3 
---|---|---|---|---|---|---|---|---|---
 4 | X | X | X | 0 | X | 0 | X | 0 | 4 
---|---|---|---|---|---|---|---|---|---
 5 | X | X | X | X | X | X | X | X | 5 
---|---|---|---|---|---|---|---|---|---
 6 | 0 | X | 0 | X | X | X | X | X | 6 
---|---|---|---|---|---|---|---|---|---
 7 | 0 | 0 | X | 0 | 0 | X | X | X | 7 
---|---|---|---|---|---|---|---|---|---
 8 | 0 | X | X | X | X | X | X | X | 8 
---|---|---|---|---|---|---|---|---|---
   | 1 | 2 | 3 | 4 | 5 | 6 | 7 | 8 |

It took 0 seconds to make this move...
***************************************
Results for ../Python/othello.sh vs. ./othello_naive.sh:
Black won with 30 points
Average time for white: 3.7 s (max: 4 s)
Average time for black: 0.1 s (max: 1 s)
***************************************
