   | 1 | 2 | 3 | 4 | 5 | 6 | 7 | 8 |
---|---|---|---|---|---|---|---|---|---
 1 |   |   |   |   |   |   |   |   | 1 
---|---|---|---|---|---|---|---|---|---
 2 |   |   |   |   |   |   |   |   | 2 
---|---|---|---|---|---|---|---|---|---
 3 |   |   |   |   |   |   |   |   | 3 
---|---|---|---|---|---|---|---|---|---
 4 |   |   |   | 0 | X |   |   |   | 4 
---|---|---|---|---|---|---|---|---|---
 5 |   |   |   | X | 0 |   |   |   | 5 
---|---|---|---|---|---|---|---|---|---
 6 |   |   |   |   |   |   |   |   | 6 
---|---|---|---|---|---|---|---|---|---
 7 |   |   |   |   |   |   |   |   | 7 
---|---|---|---|---|---|---|---|---|---
 8 |   |   |   |   |   |   |   |   | 8 
---|---|---|---|---|---|---|---|---|---
   | 1 | 2 | 3 | 4 | 5 | 6 | 7 | 8 |



White to move
WEEEEEEEEEEEEEEEEEEEEEEEEEEEOXEEEEEEXOEEEEEEEEEEEEEEEEEEEEEEEEEEE
(3,5)
   | 1 | 2 | 3 | 4 | 5 | 6 | 7 | 8 |
---|---|---|---|---|---|---|---|---|---
 1 |   |   |   |   |   |   |   |   | 1 
---|---|---|---|---|---|---|---|---|---
 2 |   |   |   |   |   |   |   |   | 2 
---|---|---|---|---|---|---|---|---|---
 3 |   |   |   |   | 0 |   |   |   | 3 
---|---|---|---|---|---|---|---|---|---
 4 |   |   |   | 0 | 0 |   |   |   | 4 
---|---|---|---|---|---|---|---|---|---
 5 |   |   |   | X | 0 |   |   |   | 5 
---|---|---|---|---|---|---|---|---|---
 6 |   |   |   |   |   |   |   |   | 6 
---|---|---|---|---|---|---|---|---|---
 7 |   |   |   |   |   |   |   |   | 7 
---|---|---|---|---|---|---|---|---|---
 8 |   |   |   |   |   |   |   |   | 8 
---|---|---|---|---|---|---|---|---|---
   | 1 | 2 | 3 | 4 | 5 | 6 | 7 | 8 |

It took 0 seconds to make this move...


Black to move
BEEEEEEEEEEEEEEEEEEEEOEEEEEEOOEEEEEEXOEEEEEEEEEEEEEEEEEEEEEEEEEEE
(3,4) Depth reached: 8, Nodes searched: 6539
   | 1 | 2 | 3 | 4 | 5 | 6 | 7 | 8 |
---|---|---|---|---|---|---|---|---|---
 1 |   |   |   |   |   |   |   |   | 1 
---|---|---|---|---|---|---|---|---|---
 2 |   |   |   |   |   |   |   |   | 2 
---|---|---|---|---|---|---|---|---|---
 3 |   |   |   | X | 0 |   |   |   | 3 
---|---|---|---|---|---|---|---|---|---
 4 |   |   |   | X | 0 |   |   |   | 4 
---|---|---|---|---|---|---|---|---|---
 5 |   |   |   | X | 0 |   |   |   | 5 
---|---|---|---|---|---|---|---|---|---
 6 |   |   |   |   |   |   |   |   | 6 
---|---|---|---|---|---|---|---|---|---
 7 |   |   |   |   |   |   |   |   | 7 
---|---|---|---|---|---|---|---|---|---
 8 |   |   |   |   |   |   |   |   | 8 
---|---|---|---|---|---|---|---|---|---
   | 1 | 2 | 3 | 4 | 5 | 6 | 7 | 8 |

It took 5 seconds to make this move...


White to move
WEEEEEEEEEEEEEEEEEEEXOEEEEEEXOEEEEEEXOEEEEEEEEEEEEEEEEEEEEEEEEEEE
(3,3)
   | 1 | 2 | 3 | 4 | 5 | 6 | 7 | 8 |
---|---|---|---|---|---|---|---|---|---
 1 |   |   |   |   |   |   |   |   | 1 
---|---|---|---|---|---|---|---|---|---
 2 |   |   |   |   |   |   |   |   | 2 
---|---|---|---|---|---|---|---|---|---
 3 |   |   | 0 | 0 | 0 |   |   |   | 3 
---|---|---|---|---|---|---|---|---|---
 4 |   |   |   | 0 | 0 |   |   |   | 4 
---|---|---|---|---|---|---|---|---|---
 5 |   |   |   | X | 0 |   |   |   | 5 
---|---|---|---|---|---|---|---|---|---
 6 |   |   |   |   |   |   |   |   | 6 
---|---|---|---|---|---|---|---|---|---
 7 |   |   |   |   |   |   |   |   | 7 
---|---|---|---|---|---|---|---|---|---
 8 |   |   |   |   |   |   |   |   | 8 
---|---|---|---|---|---|---|---|---|---
   | 1 | 2 | 3 | 4 | 5 | 6 | 7 | 8 |

It took 0 seconds to make this move...


Black to move
BEEEEEEEEEEEEEEEEEEOOOEEEEEEOOEEEEEEXOEEEEEEEEEEEEEEEEEEEEEEEEEEE
(3,6) Depth reached: 7, Nodes searched: 20185
   | 1 | 2 | 3 | 4 | 5 | 6 | 7 | 8 |
---|---|---|---|---|---|---|---|---|---
 1 |   |   |   |   |   |   |   |   | 1 
---|---|---|---|---|---|---|---|---|---
 2 |   |   |   |   |   |   |   |   | 2 
---|---|---|---|---|---|---|---|---|---
 3 |   |   | 0 | 0 | 0 | X |   |   | 3 
---|---|---|---|---|---|---|---|---|---
 4 |   |   |   | 0 | X |   |   |   | 4 
---|---|---|---|---|---|---|---|---|---
 5 |   |   |   | X | 0 |   |   |   | 5 
---|---|---|---|---|---|---|---|---|---
 6 |   |   |   |   |   |   |   |   | 6 
---|---|---|---|---|---|---|---|---|---
 7 |   |   |   |   |   |   |   |   | 7 
---|---|---|---|---|---|---|---|---|---
 8 |   |   |   |   |   |   |   |   | 8 
---|---|---|---|---|---|---|---|---|---
   | 1 | 2 | 3 | 4 | 5 | 6 | 7 | 8 |

It took 4 seconds to make this move...


White to move
WEEEEEEEEEEEEEEEEEEOOOXEEEEEOXEEEEEEXOEEEEEEEEEEEEEEEEEEEEEEEEEEE
(5,3)
   | 1 | 2 | 3 | 4 | 5 | 6 | 7 | 8 |
---|---|---|---|---|---|---|---|---|---
 1 |   |   |   |   |   |   |   |   | 1 
---|---|---|---|---|---|---|---|---|---
 2 |   |   |   |   |   |   |   |   | 2 
---|---|---|---|---|---|---|---|---|---
 3 |   |   | 0 | 0 | 0 | X |   |   | 3 
---|---|---|---|---|---|---|---|---|---
 4 |   |   |   | 0 | X |   |   |   | 4 
---|---|---|---|---|---|---|---|---|---
 5 |   |   | 0 | 0 | 0 |   |   |   | 5 
---|---|---|---|---|---|---|---|---|---
 6 |   |   |   |   |   |   |   |   | 6 
---|---|---|---|---|---|---|---|---|---
 7 |   |   |   |   |   |   |   |   | 7 
---|---|---|---|---|---|---|---|---|---
 8 |   |   |   |   |   |   |   |   | 8 
---|---|---|---|---|---|---|---|---|---
   | 1 | 2 | 3 | 4 | 5 | 6 | 7 | 8 |

It took 0 seconds to make this move...


Black to move
BEEEEEEEEEEEEEEEEEEOOOXEEEEEOXEEEEEOOOEEEEEEEEEEEEEEEEEEEEEEEEEEE
(4,3) Depth reached: 7, Nodes searched: 6681
   | 1 | 2 | 3 | 4 | 5 | 6 | 7 | 8 |
---|---|---|---|---|---|---|---|---|---
 1 |   |   |   |   |   |   |   |   | 1 
---|---|---|---|---|---|---|---|---|---
 2 |   |   |   |   |   |   |   |   | 2 
---|---|---|---|---|---|---|---|---|---
 3 |   |   | 0 | 0 | 0 | X |   |   | 3 
---|---|---|---|---|---|---|---|---|---
 4 |   |   | X | X | X |   |   |   | 4 
---|---|---|---|---|---|---|---|---|---
 5 |   |   | 0 | 0 | 0 |   |   |   | 5 
---|---|---|---|---|---|---|---|---|---
 6 |   |   |   |   |   |   |   |   | 6 
---|---|---|---|---|---|---|---|---|---
 7 |   |   |   |   |   |   |   |   | 7 
---|---|---|---|---|---|---|---|---|---
 8 |   |   |   |   |   |   |   |   | 8 
---|---|---|---|---|---|---|---|---|---
   | 1 | 2 | 3 | 4 | 5 | 6 | 7 | 8 |

It took 4 seconds to make this move...


White to move
WEEEEEEEEEEEEEEEEEEOOOXEEEEXXXEEEEEOOOEEEEEEEEEEEEEEEEEEEEEEEEEEE
(2,7)
   | 1 | 2 | 3 | 4 | 5 | 6 | 7 | 8 |
---|---|---|---|---|---|---|---|---|---
 1 |   |   |   |   |   |   |   |   | 1 
---|---|---|---|---|---|---|---|---|---
 2 |   |   |   |   |   |   | 0 |   | 2 
---|---|---|---|---|---|---|---|---|---
 3 |   |   | 0 | 0 | 0 | 0 |   |   | 3 
---|---|---|---|---|---|---|---|---|---
 4 |   |   | X | X | 0 |   |   |   | 4 
---|---|---|---|---|---|---|---|---|---
 5 |   |   | 0 | 0 | 0 |   |   |   | 5 
---|---|---|---|---|---|---|---|---|---
 6 |   |   |   |   |   |   |   |   | 6 
---|---|---|---|---|---|---|---|---|---
 7 |   |   |   |   |   |   |   |   | 7 
---|---|---|---|---|---|---|---|---|---
 8 |   |   |   |   |   |   |   |   | 8 
---|---|---|---|---|---|---|---|---|---
   | 1 | 2 | 3 | 4 | 5 | 6 | 7 | 8 |

It took 1 seconds to make this move...


Black to move
BEEEEEEEEEEEEEEOEEEOOOOEEEEXXOEEEEEOOOEEEEEEEEEEEEEEEEEEEEEEEEEEE
(6,5) Depth reached: 6, Nodes searched: 17547
   | 1 | 2 | 3 | 4 | 5 | 6 | 7 | 8 |
---|---|---|---|---|---|---|---|---|---
 1 |   |   |   |   |   |   |   |   | 1 
---|---|---|---|---|---|---|---|---|---
 2 |   |   |   |   |   |   | 0 |   | 2 
---|---|---|---|---|---|---|---|---|---
 3 |   |   | 0 | 0 | 0 | 0 |   |   | 3 
---|---|---|---|---|---|---|---|---|---
 4 |   |   | X | X | 0 |   |   |   | 4 
---|---|---|---|---|---|---|---|---|---
 5 |   |   | 0 | X | 0 |   |   |   | 5 
---|---|---|---|---|---|---|---|---|---
 6 |   |   |   |   | X |   |   |   | 6 
---|---|---|---|---|---|---|---|---|---
 7 |   |   |   |   |   |   |   |   | 7 
---|---|---|---|---|---|---|---|---|---
 8 |   |   |   |   |   |   |   |   | 8 
---|---|---|---|---|---|---|---|---|---
   | 1 | 2 | 3 | 4 | 5 | 6 | 7 | 8 |

It took 4 seconds to make this move...


White to move
WEEEEEEEEEEEEEEOEEEOOOOEEEEXXOEEEEEOXOEEEEEEEXEEEEEEEEEEEEEEEEEEE
(6,4)
   | 1 | 2 | 3 | 4 | 5 | 6 | 7 | 8 |
---|---|---|---|---|---|---|---|---|---
 1 |   |   |   |   |   |   |   |   | 1 
---|---|---|---|---|---|---|---|---|---
 2 |   |   |   |   |   |   | 0 |   | 2 
---|---|---|---|---|---|---|---|---|---
 3 |   |   | 0 | 0 | 0 | 0 |   |   | 3 
---|---|---|---|---|---|---|---|---|---
 4 |   |   | X | 0 | 0 |   |   |   | 4 
---|---|---|---|---|---|---|---|---|---
 5 |   |   | 0 | 0 | 0 |   |   |   | 5 
---|---|---|---|---|---|---|---|---|---
 6 |   |   |   | 0 | X |   |   |   | 6 
---|---|---|---|---|---|---|---|---|---
 7 |   |   |   |   |   |   |   |   | 7 
---|---|---|---|---|---|---|---|---|---
 8 |   |   |   |   |   |   |   |   | 8 
---|---|---|---|---|---|---|---|---|---
   | 1 | 2 | 3 | 4 | 5 | 6 | 7 | 8 |

It took 1 seconds to make this move...


Black to move
BEEEEEEEEEEEEEEOEEEOOOOEEEEXOOEEEEEOOOEEEEEEOXEEEEEEEEEEEEEEEEEEE
(2,5) Depth reached: 6, Nodes searched: 18584
   | 1 | 2 | 3 | 4 | 5 | 6 | 7 | 8 |
---|---|---|---|---|---|---|---|---|---
 1 |   |   |   |   |   |   |   |   | 1 
---|---|---|---|---|---|---|---|---|---
 2 |   |   |   |   | X |   | 0 |   | 2 
---|---|---|---|---|---|---|---|---|---
 3 |   |   | 0 | X | X | 0 |   |   | 3 
---|---|---|---|---|---|---|---|---|---
 4 |   |   | X | 0 | X |   |   |   | 4 
---|---|---|---|---|---|---|---|---|---
 5 |   |   | 0 | 0 | X |   |   |   | 5 
---|---|---|---|---|---|---|---|---|---
 6 |   |   |   | 0 | X |   |   |   | 6 
---|---|---|---|---|---|---|---|---|---
 7 |   |   |   |   |   |   |   |   | 7 
---|---|---|---|---|---|---|---|---|---
 8 |   |   |   |   |   |   |   |   | 8 
---|---|---|---|---|---|---|---|---|---
   | 1 | 2 | 3 | 4 | 5 | 6 | 7 | 8 |

It took 4 seconds to make this move...


White to move
WEEEEEEEEEEEEXEOEEEOXXOEEEEXOXEEEEEOOXEEEEEEOXEEEEEEEEEEEEEEEEEEE
(1,4)
   | 1 | 2 | 3 | 4 | 5 | 6 | 7 | 8 |
---|---|---|---|---|---|---|---|---|---
 1 |   |   |   | 0 |   |   |   |   | 1 
---|---|---|---|---|---|---|---|---|---
 2 |   |   |   |   | 0 |   | 0 |   | 2 
---|---|---|---|---|---|---|---|---|---
 3 |   |   | 0 | X | X | 0 |   |   | 3 
---|---|---|---|---|---|---|---|---|---
 4 |   |   | X | 0 | X |   |   |   | 4 
---|---|---|---|---|---|---|---|---|---
 5 |   |   | 0 | 0 | X |   |   |   | 5 
---|---|---|---|---|---|---|---|---|---
 6 |   |   |   | 0 | X |   |   |   | 6 
---|---|---|---|---|---|---|---|---|---
 7 |   |   |   |   |   |   |   |   | 7 
---|---|---|---|---|---|---|---|---|---
 8 |   |   |   |   |   |   |   |   | 8 
---|---|---|---|---|---|---|---|---|---
   | 1 | 2 | 3 | 4 | 5 | 6 | 7 | 8 |

It took 1 seconds to make this move...


Black to move
BEEEOEEEEEEEEOEOEEEOXXOEEEEXOXEEEEEOOXEEEEEEOXEEEEEEEEEEEEEEEEEEE
(1,8) Depth reached: 6, Nodes searched: 8039
   | 1 | 2 | 3 | 4 | 5 | 6 | 7 | 8 |
---|---|---|---|---|---|---|---|---|---
 1 |   |   |   | 0 |   |   |   | X | 1 
---|---|---|---|---|---|---|---|---|---
 2 |   |   |   |   | 0 |   | X |   | 2 
---|---|---|---|---|---|---|---|---|---
 3 |   |   | 0 | X | X | X |   |   | 3 
---|---|---|---|---|---|---|---|---|---
 4 |   |   | X | 0 | X |   |   |   | 4 
---|---|---|---|---|---|---|---|---|---
 5 |   |   | 0 | 0 | X |   |   |   | 5 
---|---|---|---|---|---|---|---|---|---
 6 |   |   |   | 0 | X |   |   |   | 6 
---|---|---|---|---|---|---|---|---|---
 7 |   |   |   |   |   |   |   |   | 7 
---|---|---|---|---|---|---|---|---|---
 8 |   |   |   |   |   |   |   |   | 8 
---|---|---|---|---|---|---|---|---|---
   | 1 | 2 | 3 | 4 | 5 | 6 | 7 | 8 |

It took 4 seconds to make this move...


White to move
WEEEOEEEXEEEEOEXEEEOXXXEEEEXOXEEEEEOOXEEEEEEOXEEEEEEEEEEEEEEEEEEE
(6,6)
   | 1 | 2 | 3 | 4 | 5 | 6 | 7 | 8 |
---|---|---|---|---|---|---|---|---|---
 1 |   |   |   | 0 |   |   |   | X | 1 
---|---|---|---|---|---|---|---|---|---
 2 |   |   |   |   | 0 |   | X |   | 2 
---|---|---|---|---|---|---|---|---|---
 3 |   |   | 0 | X | X | X |   |   | 3 
---|---|---|---|---|---|---|---|---|---
 4 |   |   | X | 0 | X |   |   |   | 4 
---|---|---|---|---|---|---|---|---|---
 5 |   |   | 0 | 0 | 0 |   |   |   | 5 
---|---|---|---|---|---|---|---|---|---
 6 |   |   |   | 0 | 0 | 0 |   |   | 6 
---|---|---|---|---|---|---|---|---|---
 7 |   |   |   |   |   |   |   |   | 7 
---|---|---|---|---|---|---|---|---|---
 8 |   |   |   |   |   |   |   |   | 8 
---|---|---|---|---|---|---|---|---|---
   | 1 | 2 | 3 | 4 | 5 | 6 | 7 | 8 |

It took 1 seconds to make this move...


Black to move
BEEEOEEEXEEEEOEXEEEOXXXEEEEXOXEEEEEOOOEEEEEEOOOEEEEEEEEEEEEEEEEEE
(6,2) Depth reached: 6, Nodes searched: 3981
   | 1 | 2 | 3 | 4 | 5 | 6 | 7 | 8 |
---|---|---|---|---|---|---|---|---|---
 1 |   |   |   | 0 |   |   |   | X | 1 
---|---|---|---|---|---|---|---|---|---
 2 |   |   |   |   | 0 |   | X |   | 2 
---|---|---|---|---|---|---|---|---|---
 3 |   |   | 0 | X | X | X |   |   | 3 
---|---|---|---|---|---|---|---|---|---
 4 |   |   | X | X | X |   |   |   | 4 
---|---|---|---|---|---|---|---|---|---
 5 |   |   | X | 0 | 0 |   |   |   | 5 
---|---|---|---|---|---|---|---|---|---
 6 |   | X |   | 0 | 0 | 0 |   |   | 6 
---|---|---|---|---|---|---|---|---|---
 7 |   |   |   |   |   |   |   |   | 7 
---|---|---|---|---|---|---|---|---|---
 8 |   |   |   |   |   |   |   |   | 8 
---|---|---|---|---|---|---|---|---|---
   | 1 | 2 | 3 | 4 | 5 | 6 | 7 | 8 |

It took 4 seconds to make this move...


White to move
WEEEOEEEXEEEEOEXEEEOXXXEEEEXXXEEEEEXOOEEEEXEOOOEEEEEEEEEEEEEEEEEE
(5,2)
   | 1 | 2 | 3 | 4 | 5 | 6 | 7 | 8 |
---|---|---|---|---|---|---|---|---|---
 1 |   |   |   | 0 |   |   |   | X | 1 
---|---|---|---|---|---|---|---|---|---
 2 |   |   |   |   | 0 |   | X |   | 2 
---|---|---|---|---|---|---|---|---|---
 3 |   |   | 0 | 0 | X | X |   |   | 3 
---|---|---|---|---|---|---|---|---|---
 4 |   |   | 0 | X | X |   |   |   | 4 
---|---|---|---|---|---|---|---|---|---
 5 |   | 0 | 0 | 0 | 0 |   |   |   | 5 
---|---|---|---|---|---|---|---|---|---
 6 |   | X |   | 0 | 0 | 0 |   |   | 6 
---|---|---|---|---|---|---|---|---|---
 7 |   |   |   |   |   |   |   |   | 7 
---|---|---|---|---|---|---|---|---|---
 8 |   |   |   |   |   |   |   |   | 8 
---|---|---|---|---|---|---|---|---|---
   | 1 | 2 | 3 | 4 | 5 | 6 | 7 | 8 |

It took 0 seconds to make this move...


Black to move
BEEEOEEEXEEEEOEXEEEOOXXEEEEOXXEEEEOOOOEEEEXEOOOEEEEEEEEEEEEEEEEEE
(1,5) Depth reached: 6, Nodes searched: 14189
   | 1 | 2 | 3 | 4 | 5 | 6 | 7 | 8 |
---|---|---|---|---|---|---|---|---|---
 1 |   |   |   | 0 | X |   |   | X | 1 
---|---|---|---|---|---|---|---|---|---
 2 |   |   |   |   | X |   | X |   | 2 
---|---|---|---|---|---|---|---|---|---
 3 |   |   | 0 | 0 | X | X |   |   | 3 
---|---|---|---|---|---|---|---|---|---
 4 |   |   | 0 | X | X |   |   |   | 4 
---|---|---|---|---|---|---|---|---|---
 5 |   | 0 | 0 | 0 | 0 |   |   |   | 5 
---|---|---|---|---|---|---|---|---|---
 6 |   | X |   | 0 | 0 | 0 |   |   | 6 
---|---|---|---|---|---|---|---|---|---
 7 |   |   |   |   |   |   |   |   | 7 
---|---|---|---|---|---|---|---|---|---
 8 |   |   |   |   |   |   |   |   | 8 
---|---|---|---|---|---|---|---|---|---
   | 1 | 2 | 3 | 4 | 5 | 6 | 7 | 8 |

It took 4 seconds to make this move...


White to move
WEEEOXEEXEEEEXEXEEEOOXXEEEEOXXEEEEOOOOEEEEXEOOOEEEEEEEEEEEEEEEEEE
(1,6)
   | 1 | 2 | 3 | 4 | 5 | 6 | 7 | 8 |
---|---|---|---|---|---|---|---|---|---
 1 |   |   |   | 0 | 0 | 0 |   | X | 1 
---|---|---|---|---|---|---|---|---|---
 2 |   |   |   |   | 0 |   | X |   | 2 
---|---|---|---|---|---|---|---|---|---
 3 |   |   | 0 | 0 | X | X |   |   | 3 
---|---|---|---|---|---|---|---|---|---
 4 |   |   | 0 | X | X |   |   |   | 4 
---|---|---|---|---|---|---|---|---|---
 5 |   | 0 | 0 | 0 | 0 |   |   |   | 5 
---|---|---|---|---|---|---|---|---|---
 6 |   | X |   | 0 | 0 | 0 |   |   | 6 
---|---|---|---|---|---|---|---|---|---
 7 |   |   |   |   |   |   |   |   | 7 
---|---|---|---|---|---|---|---|---|---
 8 |   |   |   |   |   |   |   |   | 8 
---|---|---|---|---|---|---|---|---|---
   | 1 | 2 | 3 | 4 | 5 | 6 | 7 | 8 |

It took 0 seconds to make this move...


Black to move
BEEEOOOEXEEEEOEXEEEOOXXEEEEOXXEEEEOOOOEEEEXEOOOEEEEEEEEEEEEEEEEEE
(3,2) Depth reached: 6, Nodes searched: 8544
   | 1 | 2 | 3 | 4 | 5 | 6 | 7 | 8 |
---|---|---|---|---|---|---|---|---|---
 1 |   |   |   | 0 | 0 | 0 |   | X | 1 
---|---|---|---|---|---|---|---|---|---
 2 |   |   |   |   | 0 |   | X |   | 2 
---|---|---|---|---|---|---|---|---|---
 3 |   | X | X | X | X | X |   |   | 3 
---|---|---|---|---|---|---|---|---|---
 4 |   |   | 0 | X | X |   |   |   | 4 
---|---|---|---|---|---|---|---|---|---
 5 |   | 0 | 0 | 0 | 0 |   |   |   | 5 
---|---|---|---|---|---|---|---|---|---
 6 |   | X |   | 0 | 0 | 0 |   |   | 6 
---|---|---|---|---|---|---|---|---|---
 7 |   |   |   |   |   |   |   |   | 7 
---|---|---|---|---|---|---|---|---|---
 8 |   |   |   |   |   |   |   |   | 8 
---|---|---|---|---|---|---|---|---|---
   | 1 | 2 | 3 | 4 | 5 | 6 | 7 | 8 |

It took 4 seconds to make this move...


White to move
WEEEOOOEXEEEEOEXEEXXXXXEEEEOXXEEEEOOOOEEEEXEOOOEEEEEEEEEEEEEEEEEE
(2,1)
   | 1 | 2 | 3 | 4 | 5 | 6 | 7 | 8 |
---|---|---|---|---|---|---|---|---|---
 1 |   |   |   | 0 | 0 | 0 |   | X | 1 
---|---|---|---|---|---|---|---|---|---
 2 | 0 |   |   |   | 0 |   | X |   | 2 
---|---|---|---|---|---|---|---|---|---
 3 |   | 0 | X | X | X | X |   |   | 3 
---|---|---|---|---|---|---|---|---|---
 4 |   |   | 0 | X | X |   |   |   | 4 
---|---|---|---|---|---|---|---|---|---
 5 |   | 0 | 0 | 0 | 0 |   |   |   | 5 
---|---|---|---|---|---|---|---|---|---
 6 |   | X |   | 0 | 0 | 0 |   |   | 6 
---|---|---|---|---|---|---|---|---|---
 7 |   |   |   |   |   |   |   |   | 7 
---|---|---|---|---|---|---|---|---|---
 8 |   |   |   |   |   |   |   |   | 8 
---|---|---|---|---|---|---|---|---|---
   | 1 | 2 | 3 | 4 | 5 | 6 | 7 | 8 |

It took 0 seconds to make this move...


Black to move
BEEEOOOEXOEEEOEXEEOXXXXEEEEOXXEEEEOOOOEEEEXEOOOEEEEEEEEEEEEEEEEEE
(6,1) Depth reached: 6, Nodes searched: 7535
   | 1 | 2 | 3 | 4 | 5 | 6 | 7 | 8 |
---|---|---|---|---|---|---|---|---|---
 1 |   |   |   | 0 | 0 | 0 |   | X | 1 
---|---|---|---|---|---|---|---|---|---
 2 | 0 |   |   |   | 0 |   | X |   | 2 
---|---|---|---|---|---|---|---|---|---
 3 |   | 0 | X | X | X | X |   |   | 3 
---|---|---|---|---|---|---|---|---|---
 4 |   |   | X | X | X |   |   |   | 4 
---|---|---|---|---|---|---|---|---|---
 5 |   | X | 0 | 0 | 0 |   |   |   | 5 
---|---|---|---|---|---|---|---|---|---
 6 | X | X |   | 0 | 0 | 0 |   |   | 6 
---|---|---|---|---|---|---|---|---|---
 7 |   |   |   |   |   |   |   |   | 7 
---|---|---|---|---|---|---|---|---|---
 8 |   |   |   |   |   |   |   |   | 8 
---|---|---|---|---|---|---|---|---|---
   | 1 | 2 | 3 | 4 | 5 | 6 | 7 | 8 |

It took 5 seconds to make this move...


White to move
WEEEOOOEXOEEEOEXEEOXXXXEEEEXXXEEEEXOOOEEEXXEOOOEEEEEEEEEEEEEEEEEE
(3,7)
   | 1 | 2 | 3 | 4 | 5 | 6 | 7 | 8 |
---|---|---|---|---|---|---|---|---|---
 1 |   |   |   | 0 | 0 | 0 |   | X | 1 
---|---|---|---|---|---|---|---|---|---
 2 | 0 |   |   |   | 0 |   | X |   | 2 
---|---|---|---|---|---|---|---|---|---
 3 |   | 0 | 0 | 0 | 0 | 0 | 0 |   | 3 
---|---|---|---|---|---|---|---|---|---
 4 |   |   | X | X | X |   |   |   | 4 
---|---|---|---|---|---|---|---|---|---
 5 |   | X | 0 | 0 | 0 |   |   |   | 5 
---|---|---|---|---|---|---|---|---|---
 6 | X | X |   | 0 | 0 | 0 |   |   | 6 
---|---|---|---|---|---|---|---|---|---
 7 |   |   |   |   |   |   |   |   | 7 
---|---|---|---|---|---|---|---|---|---
 8 |   |   |   |   |   |   |   |   | 8 
---|---|---|---|---|---|---|---|---|---
   | 1 | 2 | 3 | 4 | 5 | 6 | 7 | 8 |

It took 0 seconds to make this move...


Black to move
BEEEOOOEXOEEEOEXEEOOOOOOEEEXXXEEEEXOOOEEEXXEOOOEEEEEEEEEEEEEEEEEE
(2,3) Depth reached: 6, Nodes searched: 17324
   | 1 | 2 | 3 | 4 | 5 | 6 | 7 | 8 |
---|---|---|---|---|---|---|---|---|---
 1 |   |   |   | 0 | 0 | 0 |   | X | 1 
---|---|---|---|---|---|---|---|---|---
 2 | 0 |   | X |   | 0 |   | X |   | 2 
---|---|---|---|---|---|---|---|---|---
 3 |   | 0 | X | X | 0 | 0 | 0 |   | 3 
---|---|---|---|---|---|---|---|---|---
 4 |   |   | X | X | X |   |   |   | 4 
---|---|---|---|---|---|---|---|---|---
 5 |   | X | 0 | 0 | 0 |   |   |   | 5 
---|---|---|---|---|---|---|---|---|---
 6 | X | X |   | 0 | 0 | 0 |   |   | 6 
---|---|---|---|---|---|---|---|---|---
 7 |   |   |   |   |   |   |   |   | 7 
---|---|---|---|---|---|---|---|---|---
 8 |   |   |   |   |   |   |   |   | 8 
---|---|---|---|---|---|---|---|---|---
   | 1 | 2 | 3 | 4 | 5 | 6 | 7 | 8 |

It took 5 seconds to make this move...


White to move
WEEEOOOEXOEXEOEXEEOXXOOOEEEXXXEEEEXOOOEEEXXEOOOEEEEEEEEEEEEEEEEEE
(1,3)
   | 1 | 2 | 3 | 4 | 5 | 6 | 7 | 8 |
---|---|---|---|---|---|---|---|---|---
 1 |   |   | 0 | 0 | 0 | 0 |   | X | 1 
---|---|---|---|---|---|---|---|---|---
 2 | 0 |   | 0 |   | 0 |   | X |   | 2 
---|---|---|---|---|---|---|---|---|---
 3 |   | 0 | 0 | X | 0 | 0 | 0 |   | 3 
---|---|---|---|---|---|---|---|---|---
 4 |   |   | 0 | X | X |   |   |   | 4 
---|---|---|---|---|---|---|---|---|---
 5 |   | X | 0 | 0 | 0 |   |   |   | 5 
---|---|---|---|---|---|---|---|---|---
 6 | X | X |   | 0 | 0 | 0 |   |   | 6 
---|---|---|---|---|---|---|---|---|---
 7 |   |   |   |   |   |   |   |   | 7 
---|---|---|---|---|---|---|---|---|---
 8 |   |   |   |   |   |   |   |   | 8 
---|---|---|---|---|---|---|---|---|---
   | 1 | 2 | 3 | 4 | 5 | 6 | 7 | 8 |

It took 0 seconds to make this move...


Black to move
BEEOOOOEXOEOEOEXEEOOXOOOEEEOXXEEEEXOOOEEEXXEOOOEEEEEEEEEEEEEEEEEE
(3,1) Depth reached: 6, Nodes searched: 27016
   | 1 | 2 | 3 | 4 | 5 | 6 | 7 | 8 |
---|---|---|---|---|---|---|---|---|---
 1 |   |   | 0 | 0 | 0 | 0 |   | X | 1 
---|---|---|---|---|---|---|---|---|---
 2 | 0 |   | 0 |   | 0 |   | X |   | 2 
---|---|---|---|---|---|---|---|---|---
 3 | X | X | X | X | 0 | 0 | 0 |   | 3 
---|---|---|---|---|---|---|---|---|---
 4 |   |   | 0 | X | X |   |   |   | 4 
---|---|---|---|---|---|---|---|---|---
 5 |   | X | 0 | 0 | 0 |   |   |   | 5 
---|---|---|---|---|---|---|---|---|---
 6 | X | X |   | 0 | 0 | 0 |   |   | 6 
---|---|---|---|---|---|---|---|---|---
 7 |   |   |   |   |   |   |   |   | 7 
---|---|---|---|---|---|---|---|---|---
 8 |   |   |   |   |   |   |   |   | 8 
---|---|---|---|---|---|---|---|---|---
   | 1 | 2 | 3 | 4 | 5 | 6 | 7 | 8 |

It took 5 seconds to make this move...


White to move
WEEOOOOEXOEOEOEXEXXXXOOOEEEOXXEEEEXOOOEEEXXEOOOEEEEEEEEEEEEEEEEEE
(4,1)
   | 1 | 2 | 3 | 4 | 5 | 6 | 7 | 8 |
---|---|---|---|---|---|---|---|---|---
 1 |   |   | 0 | 0 | 0 | 0 |   | X | 1 
---|---|---|---|---|---|---|---|---|---
 2 | 0 |   | 0 |   | 0 |   | X |   | 2 
---|---|---|---|---|---|---|---|---|---
 3 | 0 | 0 | X | X | 0 | 0 | 0 |   | 3 
---|---|---|---|---|---|---|---|---|---
 4 | 0 |   | 0 | X | X |   |   |   | 4 
---|---|---|---|---|---|---|---|---|---
 5 |   | X | 0 | 0 | 0 |   |   |   | 5 
---|---|---|---|---|---|---|---|---|---
 6 | X | X |   | 0 | 0 | 0 |   |   | 6 
---|---|---|---|---|---|---|---|---|---
 7 |   |   |   |   |   |   |   |   | 7 
---|---|---|---|---|---|---|---|---|---
 8 |   |   |   |   |   |   |   |   | 8 
---|---|---|---|---|---|---|---|---|---
   | 1 | 2 | 3 | 4 | 5 | 6 | 7 | 8 |

It took 0 seconds to make this move...


Black to move
BEEOOOOEXOEOEOEXEOOXXOOOEOEOXXEEEEXOOOEEEXXEOOOEEEEEEEEEEEEEEEEEE
(3,8) Depth reached: 6, Nodes searched: 28439
   | 1 | 2 | 3 | 4 | 5 | 6 | 7 | 8 |
---|---|---|---|---|---|---|---|---|---
 1 |   |   | 0 | 0 | 0 | 0 |   | X | 1 
---|---|---|---|---|---|---|---|---|---
 2 | 0 |   | 0 |   | 0 |   | X |   | 2 
---|---|---|---|---|---|---|---|---|---
 3 | 0 | 0 | X | X | X | X | X | X | 3 
---|---|---|---|---|---|---|---|---|---
 4 | 0 |   | 0 | X | X |   |   |   | 4 
---|---|---|---|---|---|---|---|---|---
 5 |   | X | 0 | 0 | 0 |   |   |   | 5 
---|---|---|---|---|---|---|---|---|---
 6 | X | X |   | 0 | 0 | 0 |   |   | 6 
---|---|---|---|---|---|---|---|---|---
 7 |   |   |   |   |   |   |   |   | 7 
---|---|---|---|---|---|---|---|---|---
 8 |   |   |   |   |   |   |   |   | 8 
---|---|---|---|---|---|---|---|---|---
   | 1 | 2 | 3 | 4 | 5 | 6 | 7 | 8 |

It took 5 seconds to make this move...


White to move
WEEOOOOEXOEOEOEXEOOXXXXXXOEOXXEEEEXOOOEEEXXEOOOEEEEEEEEEEEEEEEEEE
(2,2)
   | 1 | 2 | 3 | 4 | 5 | 6 | 7 | 8 |
---|---|---|---|---|---|---|---|---|---
 1 |   |   | 0 | 0 | 0 | 0 |   | X | 1 
---|---|---|---|---|---|---|---|---|---
 2 | 0 | 0 | 0 |   | 0 |   | X |   | 2 
---|---|---|---|---|---|---|---|---|---
 3 | 0 | 0 | 0 | X | X | X | X | X | 3 
---|---|---|---|---|---|---|---|---|---
 4 | 0 |   | 0 | 0 | X |   |   |   | 4 
---|---|---|---|---|---|---|---|---|---
 5 |   | X | 0 | 0 | 0 |   |   |   | 5 
---|---|---|---|---|---|---|---|---|---
 6 | X | X |   | 0 | 0 | 0 |   |   | 6 
---|---|---|---|---|---|---|---|---|---
 7 |   |   |   |   |   |   |   |   | 7 
---|---|---|---|---|---|---|---|---|---
 8 |   |   |   |   |   |   |   |   | 8 
---|---|---|---|---|---|---|---|---|---
   | 1 | 2 | 3 | 4 | 5 | 6 | 7 | 8 |

It took 0 seconds to make this move...


Black to move
BEEOOOOEXOOOEOEXEOOOXXXXXOEOOXEEEEXOOOEEEXXEOOOEEEEEEEEEEEEEEEEEE
(6,3) Depth reached: 7, Nodes searched: 3545
   | 1 | 2 | 3 | 4 | 5 | 6 | 7 | 8 |
---|---|---|---|---|---|---|---|---|---
 1 |   |   | 0 | 0 | 0 | 0 |   | X | 1 
---|---|---|---|---|---|---|---|---|---
 2 | 0 | 0 | 0 |   | 0 |   | X |   | 2 
---|---|---|---|---|---|---|---|---|---
 3 | 0 | 0 | 0 | X | X | X | X | X | 3 
---|---|---|---|---|---|---|---|---|---
 4 | 0 |   | 0 | 0 | X |   |   |   | 4 
---|---|---|---|---|---|---|---|---|---
 5 |   | X | 0 | X | 0 |   |   |   | 5 
---|---|---|---|---|---|---|---|---|---
 6 | X | X | X | 0 | 0 | 0 |   |   | 6 
---|---|---|---|---|---|---|---|---|---
 7 |   |   |   |   |   |   |   |   | 7 
---|---|---|---|---|---|---|---|---|---
 8 |   |   |   |   |   |   |   |   | 8 
---|---|---|---|---|---|---|---|---|---
   | 1 | 2 | 3 | 4 | 5 | 6 | 7 | 8 |

It took 5 seconds to make this move...


White to move
WEEOOOOEXOOOEOEXEOOOXXXXXOEOOXEEEEXOXOEEEXXXOOOEEEEEEEEEEEEEEEEEE
(7,1)
   | 1 | 2 | 3 | 4 | 5 | 6 | 7 | 8 |
---|---|---|---|---|---|---|---|---|---
 1 |   |   | 0 | 0 | 0 | 0 |   | X | 1 
---|---|---|---|---|---|---|---|---|---
 2 | 0 | 0 | 0 |   | 0 |   | X |   | 2 
---|---|---|---|---|---|---|---|---|---
 3 | 0 | 0 | 0 | X | X | X | X | X | 3 
---|---|---|---|---|---|---|---|---|---
 4 | 0 |   | 0 | 0 | X |   |   |   | 4 
---|---|---|---|---|---|---|---|---|---
 5 |   | X | 0 | X | 0 |   |   |   | 5 
---|---|---|---|---|---|---|---|---|---
 6 | X | 0 | X | 0 | 0 | 0 |   |   | 6 
---|---|---|---|---|---|---|---|---|---
 7 | 0 |   |   |   |   |   |   |   | 7 
---|---|---|---|---|---|---|---|---|---
 8 |   |   |   |   |   |   |   |   | 8 
---|---|---|---|---|---|---|---|---|---
   | 1 | 2 | 3 | 4 | 5 | 6 | 7 | 8 |

It took 0 seconds to make this move...


Black to move
BEEOOOOEXOOOEOEXEOOOXXXXXOEOOXEEEEXOXOEEEXOXOOOEEOEEEEEEEEEEEEEEE
(8,1) Depth reached: 6, Nodes searched: 30822
   | 1 | 2 | 3 | 4 | 5 | 6 | 7 | 8 |
---|---|---|---|---|---|---|---|---|---
 1 |   |   | 0 | 0 | 0 | 0 |   | X | 1 
---|---|---|---|---|---|---|---|---|---
 2 | 0 | 0 | 0 |   | 0 |   | X |   | 2 
---|---|---|---|---|---|---|---|---|---
 3 | 0 | 0 | 0 | X | X | X | X | X | 3 
---|---|---|---|---|---|---|---|---|---
 4 | 0 |   | 0 | 0 | X |   |   |   | 4 
---|---|---|---|---|---|---|---|---|---
 5 |   | X | 0 | X | 0 |   |   |   | 5 
---|---|---|---|---|---|---|---|---|---
 6 | X | 0 | X | 0 | 0 | 0 |   |   | 6 
---|---|---|---|---|---|---|---|---|---
 7 | X |   |   |   |   |   |   |   | 7 
---|---|---|---|---|---|---|---|---|---
 8 | X |   |   |   |   |   |   |   | 8 
---|---|---|---|---|---|---|---|---|---
   | 1 | 2 | 3 | 4 | 5 | 6 | 7 | 8 |

It took 5 seconds to make this move...


White to move
WEEOOOOEXOOOEOEXEOOOXXXXXOEOOXEEEEXOXOEEEXOXOOOEEXEEEEEEEXEEEEEEE
(2,4)
   | 1 | 2 | 3 | 4 | 5 | 6 | 7 | 8 |
---|---|---|---|---|---|---|---|---|---
 1 |   |   | 0 | 0 | 0 | 0 |   | X | 1 
---|---|---|---|---|---|---|---|---|---
 2 | 0 | 0 | 0 | 0 | 0 |   | X |   | 2 
---|---|---|---|---|---|---|---|---|---
 3 | 0 | 0 | 0 | 0 | X | X | X | X | 3 
---|---|---|---|---|---|---|---|---|---
 4 | 0 |   | 0 | 0 | X |   |   |   | 4 
---|---|---|---|---|---|---|---|---|---
 5 |   | X | 0 | X | 0 |   |   |   | 5 
---|---|---|---|---|---|---|---|---|---
 6 | X | 0 | X | 0 | 0 | 0 |   |   | 6 
---|---|---|---|---|---|---|---|---|---
 7 | X |   |   |   |   |   |   |   | 7 
---|---|---|---|---|---|---|---|---|---
 8 | X |   |   |   |   |   |   |   | 8 
---|---|---|---|---|---|---|---|---|---
   | 1 | 2 | 3 | 4 | 5 | 6 | 7 | 8 |

It took 0 seconds to make this move...


Black to move
BEEOOOOEXOOOOOEXEOOOOXXXXOEOOXEEEEXOXOEEEXOXOOOEEXEEEEEEEXEEEEEEE
(7,2) Depth reached: 6, Nodes searched: 29913
   | 1 | 2 | 3 | 4 | 5 | 6 | 7 | 8 |
---|---|---|---|---|---|---|---|---|---
 1 |   |   | 0 | 0 | 0 | 0 |   | X | 1 
---|---|---|---|---|---|---|---|---|---
 2 | 0 | 0 | 0 | 0 | 0 |   | X |   | 2 
---|---|---|---|---|---|---|---|---|---
 3 | 0 | 0 | 0 | 0 | X | X | X | X | 3 
---|---|---|---|---|---|---|---|---|---
 4 | 0 |   | 0 | 0 | X |   |   |   | 4 
---|---|---|---|---|---|---|---|---|---
 5 |   | X | 0 | X | 0 |   |   |   | 5 
---|---|---|---|---|---|---|---|---|---
 6 | X | X | X | 0 | 0 | 0 |   |   | 6 
---|---|---|---|---|---|---|---|---|---
 7 | X | X |   |   |   |   |   |   | 7 
---|---|---|---|---|---|---|---|---|---
 8 | X |   |   |   |   |   |   |   | 8 
---|---|---|---|---|---|---|---|---|---
   | 1 | 2 | 3 | 4 | 5 | 6 | 7 | 8 |

It took 4 seconds to make this move...


White to move
WEEOOOOEXOOOOOEXEOOOOXXXXOEOOXEEEEXOXOEEEXXXOOOEEXXEEEEEEXEEEEEEE
(4,6)
   | 1 | 2 | 3 | 4 | 5 | 6 | 7 | 8 |
---|---|---|---|---|---|---|---|---|---
 1 |   |   | 0 | 0 | 0 | 0 |   | X | 1 
---|---|---|---|---|---|---|---|---|---
 2 | 0 | 0 | 0 | 0 | 0 |   | X |   | 2 
---|---|---|---|---|---|---|---|---|---
 3 | 0 | 0 | 0 | 0 | 0 | X | X | X | 3 
---|---|---|---|---|---|---|---|---|---
 4 | 0 |   | 0 | 0 | 0 | 0 |   |   | 4 
---|---|---|---|---|---|---|---|---|---
 5 |   | X | 0 | X | 0 |   |   |   | 5 
---|---|---|---|---|---|---|---|---|---
 6 | X | X | X | 0 | 0 | 0 |   |   | 6 
---|---|---|---|---|---|---|---|---|---
 7 | X | X |   |   |   |   |   |   | 7 
---|---|---|---|---|---|---|---|---|---
 8 | X |   |   |   |   |   |   |   | 8 
---|---|---|---|---|---|---|---|---|---
   | 1 | 2 | 3 | 4 | 5 | 6 | 7 | 8 |

It took 0 seconds to make this move...


Black to move
BEEOOOOEXOOOOOEXEOOOOOXXXOEOOOOEEEXOXOEEEXXXOOOEEXXEEEEEEXEEEEEEE
(5,6) Depth reached: 7, Nodes searched: 10980
   | 1 | 2 | 3 | 4 | 5 | 6 | 7 | 8 |
---|---|---|---|---|---|---|---|---|---
 1 |   |   | 0 | 0 | 0 | 0 |   | X | 1 
---|---|---|---|---|---|---|---|---|---
 2 | 0 | 0 | 0 | 0 | 0 |   | X |   | 2 
---|---|---|---|---|---|---|---|---|---
 3 | 0 | 0 | 0 | 0 | 0 | X | X | X | 3 
---|---|---|---|---|---|---|---|---|---
 4 | 0 |   | 0 | 0 | 0 | X |   |   | 4 
---|---|---|---|---|---|---|---|---|---
 5 |   | X | 0 | X | X | X |   |   | 5 
---|---|---|---|---|---|---|---|---|---
 6 | X | X | X | 0 | 0 | 0 |   |   | 6 
---|---|---|---|---|---|---|---|---|---
 7 | X | X |   |   |   |   |   |   | 7 
---|---|---|---|---|---|---|---|---|---
 8 | X |   |   |   |   |   |   |   | 8 
---|---|---|---|---|---|---|---|---|---
   | 1 | 2 | 3 | 4 | 5 | 6 | 7 | 8 |

It took 4 seconds to make this move...


White to move
WEEOOOOEXOOOOOEXEOOOOOXXXOEOOOXEEEXOXXXEEXXXOOOEEXXEEEEEEXEEEEEEE
(2,8)
   | 1 | 2 | 3 | 4 | 5 | 6 | 7 | 8 |
---|---|---|---|---|---|---|---|---|---
 1 |   |   | 0 | 0 | 0 | 0 |   | X | 1 
---|---|---|---|---|---|---|---|---|---
 2 | 0 | 0 | 0 | 0 | 0 |   | X | 0 | 2 
---|---|---|---|---|---|---|---|---|---
 3 | 0 | 0 | 0 | 0 | 0 | X | 0 | X | 3 
---|---|---|---|---|---|---|---|---|---
 4 | 0 |   | 0 | 0 | 0 | 0 |   |   | 4 
---|---|---|---|---|---|---|---|---|---
 5 |   | X | 0 | X | 0 | X |   |   | 5 
---|---|---|---|---|---|---|---|---|---
 6 | X | X | X | 0 | 0 | 0 |   |   | 6 
---|---|---|---|---|---|---|---|---|---
 7 | X | X |   |   |   |   |   |   | 7 
---|---|---|---|---|---|---|---|---|---
 8 | X |   |   |   |   |   |   |   | 8 
---|---|---|---|---|---|---|---|---|---
   | 1 | 2 | 3 | 4 | 5 | 6 | 7 | 8 |

It took 0 seconds to make this move...


Black to move
BEEOOOOEXOOOOOEXOOOOOOXOXOEOOOOEEEXOXOXEEXXXOOOEEXXEEEEEEXEEEEEEE
(2,6) Depth reached: 7, Nodes searched: 18640
   | 1 | 2 | 3 | 4 | 5 | 6 | 7 | 8 |
---|---|---|---|---|---|---|---|---|---
 1 |   |   | 0 | 0 | 0 | 0 |   | X | 1 
---|---|---|---|---|---|---|---|---|---
 2 | 0 | 0 | 0 | 0 | 0 | X | X | 0 | 2 
---|---|---|---|---|---|---|---|---|---
 3 | 0 | 0 | 0 | 0 | X | X | 0 | X | 3 
---|---|---|---|---|---|---|---|---|---
 4 | 0 |   | 0 | X | 0 | 0 |   |   | 4 
---|---|---|---|---|---|---|---|---|---
 5 |   | X | X | X | 0 | X |   |   | 5 
---|---|---|---|---|---|---|---|---|---
 6 | X | X | X | 0 | 0 | 0 |   |   | 6 
---|---|---|---|---|---|---|---|---|---
 7 | X | X |   |   |   |   |   |   | 7 
---|---|---|---|---|---|---|---|---|---
 8 | X |   |   |   |   |   |   |   | 8 
---|---|---|---|---|---|---|---|---|---
   | 1 | 2 | 3 | 4 | 5 | 6 | 7 | 8 |

It took 4 seconds to make this move...


White to move
WEEOOOOEXOOOOOXXOOOOOXXOXOEOXOOEEEXXXOXEEXXXOOOEEXXEEEEEEXEEEEEEE
(4,2)
   | 1 | 2 | 3 | 4 | 5 | 6 | 7 | 8 |
---|---|---|---|---|---|---|---|---|---
 1 |   |   | 0 | 0 | 0 | 0 |   | X | 1 
---|---|---|---|---|---|---|---|---|---
 2 | 0 | 0 | 0 | 0 | 0 | X | X | 0 | 2 
---|---|---|---|---|---|---|---|---|---
 3 | 0 | 0 | 0 | 0 | X | X | 0 | X | 3 
---|---|---|---|---|---|---|---|---|---
 4 | 0 | 0 | 0 | X | 0 | 0 |   |   | 4 
---|---|---|---|---|---|---|---|---|---
 5 |   | X | 0 | X | 0 | X |   |   | 5 
---|---|---|---|---|---|---|---|---|---
 6 | X | X | X | 0 | 0 | 0 |   |   | 6 
---|---|---|---|---|---|---|---|---|---
 7 | X | X |   |   |   |   |   |   | 7 
---|---|---|---|---|---|---|---|---|---
 8 | X |   |   |   |   |   |   |   | 8 
---|---|---|---|---|---|---|---|---|---
   | 1 | 2 | 3 | 4 | 5 | 6 | 7 | 8 |

It took 0 seconds to make this move...


Black to move
BEEOOOOEXOOOOOXXOOOOOXXOXOOOXOOEEEXOXOXEEXXXOOOEEXXEEEEEEXEEEEEEE
(1,1) Depth reached: 6, Nodes searched: 27305
   | 1 | 2 | 3 | 4 | 5 | 6 | 7 | 8 |
---|---|---|---|---|---|---|---|---|---
 1 | X |   | 0 | 0 | 0 | 0 |   | X | 1 
---|---|---|---|---|---|---|---|---|---
 2 | 0 | X | 0 | 0 | 0 | X | X | 0 | 2 
---|---|---|---|---|---|---|---|---|---
 3 | 0 | 0 | X | 0 | X | X | 0 | X | 3 
---|---|---|---|---|---|---|---|---|---
 4 | 0 | 0 | 0 | X | 0 | 0 |   |   | 4 
---|---|---|---|---|---|---|---|---|---
 5 |   | X | 0 | X | 0 | X |   |   | 5 
---|---|---|---|---|---|---|---|---|---
 6 | X | X | X | 0 | 0 | 0 |   |   | 6 
---|---|---|---|---|---|---|---|---|---
 7 | X | X |   |   |   |   |   |   | 7 
---|---|---|---|---|---|---|---|---|---
 8 | X |   |   |   |   |   |   |   | 8 
---|---|---|---|---|---|---|---|---|---
   | 1 | 2 | 3 | 4 | 5 | 6 | 7 | 8 |

It took 5 seconds to make this move...


White to move
WXEOOOOEXOXOOOXXOOOXOXXOXOOOXOOEEEXOXOXEEXXXOOOEEXXEEEEEEXEEEEEEE
(5,1)
   | 1 | 2 | 3 | 4 | 5 | 6 | 7 | 8 |
---|---|---|---|---|---|---|---|---|---
 1 | X |   | 0 | 0 | 0 | 0 |   | X | 1 
---|---|---|---|---|---|---|---|---|---
 2 | 0 | X | 0 | 0 | 0 | X | X | 0 | 2 
---|---|---|---|---|---|---|---|---|---
 3 | 0 | 0 | X | 0 | X | X | 0 | X | 3 
---|---|---|---|---|---|---|---|---|---
 4 | 0 | 0 | 0 | X | 0 | 0 |   |   | 4 
---|---|---|---|---|---|---|---|---|---
 5 | 0 | 0 | 0 | X | 0 | X |   |   | 5 
---|---|---|---|---|---|---|---|---|---
 6 | X | X | X | 0 | 0 | 0 |   |   | 6 
---|---|---|---|---|---|---|---|---|---
 7 | X | X |   |   |   |   |   |   | 7 
---|---|---|---|---|---|---|---|---|---
 8 | X |   |   |   |   |   |   |   | 8 
---|---|---|---|---|---|---|---|---|---
   | 1 | 2 | 3 | 4 | 5 | 6 | 7 | 8 |

It took 0 seconds to make this move...


Black to move
BXEOOOOEXOXOOOXXOOOXOXXOXOOOXOOEEOOOXOXEEXXXOOOEEXXEEEEEEXEEEEEEE
(4,8) Depth reached: 6, Nodes searched: 36059
   | 1 | 2 | 3 | 4 | 5 | 6 | 7 | 8 |
---|---|---|---|---|---|---|---|---|---
 1 | X |   | 0 | 0 | 0 | 0 |   | X | 1 
---|---|---|---|---|---|---|---|---|---
 2 | 0 | X | 0 | 0 | 0 | X | X | 0 | 2 
---|---|---|---|---|---|---|---|---|---
 3 | 0 | 0 | X | 0 | X | X | X | X | 3 
---|---|---|---|---|---|---|---|---|---
 4 | 0 | 0 | 0 | X | 0 | 0 |   | X | 4 
---|---|---|---|---|---|---|---|---|---
 5 | 0 | 0 | 0 | X | 0 | X |   |   | 5 
---|---|---|---|---|---|---|---|---|---
 6 | X | X | X | 0 | 0 | 0 |   |   | 6 
---|---|---|---|---|---|---|---|---|---
 7 | X | X |   |   |   |   |   |   | 7 
---|---|---|---|---|---|---|---|---|---
 8 | X |   |   |   |   |   |   |   | 8 
---|---|---|---|---|---|---|---|---|---
   | 1 | 2 | 3 | 4 | 5 | 6 | 7 | 8 |

It took 5 seconds to make this move...


White to move
WXEOOOOEXOXOOOXXOOOXOXXXXOOOXOOEXOOOXOXEEXXXOOOEEXXEEEEEEXEEEEEEE
(4,7)
   | 1 | 2 | 3 | 4 | 5 | 6 | 7 | 8 |
---|---|---|---|---|---|---|---|---|---
 1 | X |   | 0 | 0 | 0 | 0 |   | X | 1 
---|---|---|---|---|---|---|---|---|---
 2 | 0 | X | 0 | 0 | 0 | X | X | 0 | 2 
---|---|---|---|---|---|---|---|---|---
 3 | 0 | 0 | X | 0 | X | 0 | X | X | 3 
---|---|---|---|---|---|---|---|---|---
 4 | 0 | 0 | 0 | X | 0 | 0 | 0 | X | 4 
---|---|---|---|---|---|---|---|---|---
 5 | 0 | 0 | 0 | X | 0 | 0 |   |   | 5 
---|---|---|---|---|---|---|---|---|---
 6 | X | X | X | 0 | 0 | 0 |   |   | 6 
---|---|---|---|---|---|---|---|---|---
 7 | X | X |   |   |   |   |   |   | 7 
---|---|---|---|---|---|---|---|---|---
 8 | X |   |   |   |   |   |   |   | 8 
---|---|---|---|---|---|---|---|---|---
   | 1 | 2 | 3 | 4 | 5 | 6 | 7 | 8 |

It took 0 seconds to make this move...


Black to move
BXEOOOOEXOXOOOXXOOOXOXOXXOOOXOOOXOOOXOOEEXXXOOOEEXXEEEEEEXEEEEEEE
(7,5) Depth reached: 7, Nodes searched: 12800
   | 1 | 2 | 3 | 4 | 5 | 6 | 7 | 8 |
---|---|---|---|---|---|---|---|---|---
 1 | X |   | 0 | 0 | 0 | 0 |   | X | 1 
---|---|---|---|---|---|---|---|---|---
 2 | 0 | X | 0 | 0 | 0 | X | X | 0 | 2 
---|---|---|---|---|---|---|---|---|---
 3 | 0 | 0 | X | 0 | X | 0 | X | X | 3 
---|---|---|---|---|---|---|---|---|---
 4 | 0 | 0 | 0 | X | X | 0 | 0 | X | 4 
---|---|---|---|---|---|---|---|---|---
 5 | 0 | 0 | 0 | X | X | 0 |   |   | 5 
---|---|---|---|---|---|---|---|---|---
 6 | X | X | X | 0 | X | 0 |   |   | 6 
---|---|---|---|---|---|---|---|---|---
 7 | X | X |   |   | X |   |   |   | 7 
---|---|---|---|---|---|---|---|---|---
 8 | X |   |   |   |   |   |   |   | 8 
---|---|---|---|---|---|---|---|---|---
   | 1 | 2 | 3 | 4 | 5 | 6 | 7 | 8 |

It took 5 seconds to make this move...


White to move
WXEOOOOEXOXOOOXXOOOXOXOXXOOOXXOOXOOOXXOEEXXXOXOEEXXEEXEEEXEEEEEEE
(8,5)
   | 1 | 2 | 3 | 4 | 5 | 6 | 7 | 8 |
---|---|---|---|---|---|---|---|---|---
 1 | X |   | 0 | 0 | 0 | 0 |   | X | 1 
---|---|---|---|---|---|---|---|---|---
 2 | 0 | X | 0 | 0 | 0 | X | X | 0 | 2 
---|---|---|---|---|---|---|---|---|---
 3 | 0 | 0 | X | 0 | 0 | 0 | X | X | 3 
---|---|---|---|---|---|---|---|---|---
 4 | 0 | 0 | 0 | X | 0 | 0 | 0 | X | 4 
---|---|---|---|---|---|---|---|---|---
 5 | 0 | 0 | 0 | X | 0 | 0 |   |   | 5 
---|---|---|---|---|---|---|---|---|---
 6 | X | X | X | 0 | 0 | 0 |   |   | 6 
---|---|---|---|---|---|---|---|---|---
 7 | X | X |   |   | 0 |   |   |   | 7 
---|---|---|---|---|---|---|---|---|---
 8 | X |   |   |   | 0 |   |   |   | 8 
---|---|---|---|---|---|---|---|---|---
   | 1 | 2 | 3 | 4 | 5 | 6 | 7 | 8 |

It took 0 seconds to make this move...


Black to move
BXEOOOOEXOXOOOXXOOOXOOOXXOOOXOOOXOOOXOOEEXXXOOOEEXXEEOEEEXEEEOEEE
(5,7) Depth reached: 7, Nodes searched: 39906
   | 1 | 2 | 3 | 4 | 5 | 6 | 7 | 8 |
---|---|---|---|---|---|---|---|---|---
 1 | X |   | 0 | 0 | 0 | 0 |   | X | 1 
---|---|---|---|---|---|---|---|---|---
 2 | 0 | X | 0 | 0 | 0 | X | X | 0 | 2 
---|---|---|---|---|---|---|---|---|---
 3 | 0 | 0 | X | 0 | 0 | 0 | X | X | 3 
---|---|---|---|---|---|---|---|---|---
 4 | 0 | 0 | 0 | X | 0 | 0 | X | X | 4 
---|---|---|---|---|---|---|---|---|---
 5 | 0 | 0 | 0 | X | X | X | X |   | 5 
---|---|---|---|---|---|---|---|---|---
 6 | X | X | X | 0 | 0 | 0 |   |   | 6 
---|---|---|---|---|---|---|---|---|---
 7 | X | X |   |   | 0 |   |   |   | 7 
---|---|---|---|---|---|---|---|---|---
 8 | X |   |   |   | 0 |   |   |   | 8 
---|---|---|---|---|---|---|---|---|---
   | 1 | 2 | 3 | 4 | 5 | 6 | 7 | 8 |

It took 5 seconds to make this move...


White to move
WXEOOOOEXOXOOOXXOOOXOOOXXOOOXOOXXOOOXXXXEXXXOOOEEXXEEOEEEXEEEOEEE
(6,7)
   | 1 | 2 | 3 | 4 | 5 | 6 | 7 | 8 |
---|---|---|---|---|---|---|---|---|---
 1 | X |   | 0 | 0 | 0 | 0 |   | X | 1 
---|---|---|---|---|---|---|---|---|---
 2 | 0 | X | 0 | 0 | 0 | X | X | 0 | 2 
---|---|---|---|---|---|---|---|---|---
 3 | 0 | 0 | X | 0 | 0 | 0 | X | X | 3 
---|---|---|---|---|---|---|---|---|---
 4 | 0 | 0 | 0 | X | 0 | 0 | X | X | 4 
---|---|---|---|---|---|---|---|---|---
 5 | 0 | 0 | 0 | X | X | 0 | X |   | 5 
---|---|---|---|---|---|---|---|---|---
 6 | X | X | X | 0 | 0 | 0 | 0 |   | 6 
---|---|---|---|---|---|---|---|---|---
 7 | X | X |   |   | 0 |   |   |   | 7 
---|---|---|---|---|---|---|---|---|---
 8 | X |   |   |   | 0 |   |   |   | 8 
---|---|---|---|---|---|---|---|---|---
   | 1 | 2 | 3 | 4 | 5 | 6 | 7 | 8 |

It took 0 seconds to make this move...


Black to move
BXEOOOOEXOXOOOXXOOOXOOOXXOOOXOOXXOOOXXOXEXXXOOOOEXXEEOEEEXEEEOEEE
(7,3) Depth reached: 7, Nodes searched: 51588
   | 1 | 2 | 3 | 4 | 5 | 6 | 7 | 8 |
---|---|---|---|---|---|---|---|---|---
 1 | X |   | 0 | 0 | 0 | 0 |   | X | 1 
---|---|---|---|---|---|---|---|---|---
 2 | 0 | X | 0 | 0 | 0 | X | X | 0 | 2 
---|---|---|---|---|---|---|---|---|---
 3 | 0 | 0 | X | 0 | 0 | 0 | X | X | 3 
---|---|---|---|---|---|---|---|---|---
 4 | 0 | 0 | 0 | X | 0 | 0 | X | X | 4 
---|---|---|---|---|---|---|---|---|---
 5 | 0 | 0 | 0 | X | X | 0 | X |   | 5 
---|---|---|---|---|---|---|---|---|---
 6 | X | X | X | X | 0 | 0 | 0 |   | 6 
---|---|---|---|---|---|---|---|---|---
 7 | X | X | X |   | 0 |   |   |   | 7 
---|---|---|---|---|---|---|---|---|---
 8 | X |   |   |   | 0 |   |   |   | 8 
---|---|---|---|---|---|---|---|---|---
   | 1 | 2 | 3 | 4 | 5 | 6 | 7 | 8 |

It took 5 seconds to make this move...


White to move
WXEOOOOEXOXOOOXXOOOXOOOXXOOOXOOXXOOOXXOXEXXXXOOOEXXXEOEEEXEEEOEEE
(7,4)
   | 1 | 2 | 3 | 4 | 5 | 6 | 7 | 8 |
---|---|---|---|---|---|---|---|---|---
 1 | X |   | 0 | 0 | 0 | 0 |   | X | 1 
---|---|---|---|---|---|---|---|---|---
 2 | 0 | X | 0 | 0 | 0 | X | X | 0 | 2 
---|---|---|---|---|---|---|---|---|---
 3 | 0 | 0 | X | 0 | 0 | 0 | X | X | 3 
---|---|---|---|---|---|---|---|---|---
 4 | 0 | 0 | 0 | 0 | 0 | 0 | X | X | 4 
---|---|---|---|---|---|---|---|---|---
 5 | 0 | 0 | 0 | 0 | X | 0 | X |   | 5 
---|---|---|---|---|---|---|---|---|---
 6 | X | X | 0 | 0 | 0 | 0 | 0 |   | 6 
---|---|---|---|---|---|---|---|---|---
 7 | X | X | X | 0 | 0 |   |   |   | 7 
---|---|---|---|---|---|---|---|---|---
 8 | X |   |   |   | 0 |   |   |   | 8 
---|---|---|---|---|---|---|---|---|---
   | 1 | 2 | 3 | 4 | 5 | 6 | 7 | 8 |

It took 0 seconds to make this move...


Black to move
BXEOOOOEXOXOOOXXOOOXOOOXXOOOOOOXXOOOOXOXEXXOOOOOEXXXOOEEEXEEEOEEE
(8,3) Depth reached: 9, Nodes searched: 4948
   | 1 | 2 | 3 | 4 | 5 | 6 | 7 | 8 |
---|---|---|---|---|---|---|---|---|---
 1 | X |   | 0 | 0 | 0 | 0 |   | X | 1 
---|---|---|---|---|---|---|---|---|---
 2 | 0 | X | 0 | 0 | 0 | X | X | 0 | 2 
---|---|---|---|---|---|---|---|---|---
 3 | 0 | 0 | X | 0 | 0 | 0 | X | X | 3 
---|---|---|---|---|---|---|---|---|---
 4 | 0 | 0 | 0 | 0 | 0 | 0 | X | X | 4 
---|---|---|---|---|---|---|---|---|---
 5 | 0 | 0 | 0 | 0 | X | X | X |   | 5 
---|---|---|---|---|---|---|---|---|---
 6 | X | X | 0 | 0 | X | 0 | 0 |   | 6 
---|---|---|---|---|---|---|---|---|---
 7 | X | X | X | X | 0 |   |   |   | 7 
---|---|---|---|---|---|---|---|---|---
 8 | X |   | X |   | 0 |   |   |   | 8 
---|---|---|---|---|---|---|---|---|---
   | 1 | 2 | 3 | 4 | 5 | 6 | 7 | 8 |

It took 4 seconds to make this move...


White to move
WXEOOOOEXOXOOOXXOOOXOOOXXOOOOOOXXOOOOXXXEXXOOXOOEXXXXOEEEXEXEOEEE
(8,2)
   | 1 | 2 | 3 | 4 | 5 | 6 | 7 | 8 |
---|---|---|---|---|---|---|---|---|---
 1 | X |   | 0 | 0 | 0 | 0 |   | X | 1 
---|---|---|---|---|---|---|---|---|---
 2 | 0 | X | 0 | 0 | 0 | X | X | 0 | 2 
---|---|---|---|---|---|---|---|---|---
 3 | 0 | 0 | X | 0 | 0 | 0 | X | X | 3 
---|---|---|---|---|---|---|---|---|---
 4 | 0 | 0 | 0 | 0 | 0 | 0 | X | X | 4 
---|---|---|---|---|---|---|---|---|---
 5 | 0 | 0 | 0 | 0 | X | X | X |   | 5 
---|---|---|---|---|---|---|---|---|---
 6 | X | 0 | 0 | 0 | X | 0 | 0 |   | 6 
---|---|---|---|---|---|---|---|---|---
 7 | X | 0 | 0 | X | 0 |   |   |   | 7 
---|---|---|---|---|---|---|---|---|---
 8 | X | 0 | X |   | 0 |   |   |   | 8 
---|---|---|---|---|---|---|---|---|---
   | 1 | 2 | 3 | 4 | 5 | 6 | 7 | 8 |

It took 1 seconds to make this move...


Black to move
BXEOOOOEXOXOOOXXOOOXOOOXXOOOOOOXXOOOOXXXEXOOOXOOEXOOXOEEEXOXEOEEE
(8,4) Depth reached: 10, Nodes searched: 31150
   | 1 | 2 | 3 | 4 | 5 | 6 | 7 | 8 |
---|---|---|---|---|---|---|---|---|---
 1 | X |   | 0 | 0 | 0 | 0 |   | X | 1 
---|---|---|---|---|---|---|---|---|---
 2 | 0 | X | 0 | 0 | 0 | X | X | 0 | 2 
---|---|---|---|---|---|---|---|---|---
 3 | 0 | 0 | X | 0 | 0 | 0 | X | X | 3 
---|---|---|---|---|---|---|---|---|---
 4 | 0 | 0 | 0 | 0 | 0 | 0 | X | X | 4 
---|---|---|---|---|---|---|---|---|---
 5 | 0 | 0 | 0 | 0 | X | X | X |   | 5 
---|---|---|---|---|---|---|---|---|---
 6 | X | 0 | 0 | 0 | X | X | 0 |   | 6 
---|---|---|---|---|---|---|---|---|---
 7 | X | 0 | 0 | X | X |   |   |   | 7 
---|---|---|---|---|---|---|---|---|---
 8 | X | 0 | X | X | 0 |   |   |   | 8 
---|---|---|---|---|---|---|---|---|---
   | 1 | 2 | 3 | 4 | 5 | 6 | 7 | 8 |

It took 4 seconds to make this move...


White to move
WXEOOOOEXOXOOOXXOOOXOOOXXOOOOOOXXOOOOXXXEXOOOXXOEXOOXXEEEXOXXOEEE
(7,7)
   | 1 | 2 | 3 | 4 | 5 | 6 | 7 | 8 |
---|---|---|---|---|---|---|---|---|---
 1 | X |   | 0 | 0 | 0 | 0 |   | X | 1 
---|---|---|---|---|---|---|---|---|---
 2 | 0 | X | 0 | 0 | 0 | X | X | 0 | 2 
---|---|---|---|---|---|---|---|---|---
 3 | 0 | 0 | X | 0 | 0 | 0 | X | X | 3 
---|---|---|---|---|---|---|---|---|---
 4 | 0 | 0 | 0 | 0 | 0 | 0 | X | X | 4 
---|---|---|---|---|---|---|---|---|---
 5 | 0 | 0 | 0 | 0 | 0 | X | X |   | 5 
---|---|---|---|---|---|---|---|---|---
 6 | X | 0 | 0 | 0 | X | 0 | 0 |   | 6 
---|---|---|---|---|---|---|---|---|---
 7 | X | 0 | 0 | X | X |   | 0 |   | 7 
---|---|---|---|---|---|---|---|---|---
 8 | X | 0 | X | X | 0 |   |   |   | 8 
---|---|---|---|---|---|---|---|---|---
   | 1 | 2 | 3 | 4 | 5 | 6 | 7 | 8 |

It took 0 seconds to make this move...


Black to move
BXEOOOOEXOXOOOXXOOOXOOOXXOOOOOOXXOOOOOXXEXOOOXOOEXOOXXEOEXOXXOEEE
(1,2) Depth reached: 15, Nodes searched: 3062
   | 1 | 2 | 3 | 4 | 5 | 6 | 7 | 8 |
---|---|---|---|---|---|---|---|---|---
 1 | X | X | 0 | 0 | 0 | 0 |   | X | 1 
---|---|---|---|---|---|---|---|---|---
 2 | 0 | X | X | 0 | 0 | X | X | 0 | 2 
---|---|---|---|---|---|---|---|---|---
 3 | 0 | 0 | X | X | 0 | 0 | X | X | 3 
---|---|---|---|---|---|---|---|---|---
 4 | 0 | 0 | 0 | 0 | X | 0 | X | X | 4 
---|---|---|---|---|---|---|---|---|---
 5 | 0 | 0 | 0 | 0 | 0 | X | X |   | 5 
---|---|---|---|---|---|---|---|---|---
 6 | X | 0 | 0 | 0 | X | 0 | 0 |   | 6 
---|---|---|---|---|---|---|---|---|---
 7 | X | 0 | 0 | X | X |   | 0 |   | 7 
---|---|---|---|---|---|---|---|---|---
 8 | X | 0 | X | X | 0 |   |   |   | 8 
---|---|---|---|---|---|---|---|---|---
   | 1 | 2 | 3 | 4 | 5 | 6 | 7 | 8 |

It took 5 seconds to make this move...


White to move
WXXOOOOEXOXXOOXXOOOXXOOXXOOOOXOXXOOOOOXXEXOOOXOOEXOOXXEOEXOXXOEEE
(1,7)
   | 1 | 2 | 3 | 4 | 5 | 6 | 7 | 8 |
---|---|---|---|---|---|---|---|---|---
 1 | X | X | 0 | 0 | 0 | 0 | 0 | X | 1 
---|---|---|---|---|---|---|---|---|---
 2 | 0 | X | X | 0 | 0 | 0 | 0 | 0 | 2 
---|---|---|---|---|---|---|---|---|---
 3 | 0 | 0 | X | X | 0 | 0 | 0 | X | 3 
---|---|---|---|---|---|---|---|---|---
 4 | 0 | 0 | 0 | 0 | X | 0 | 0 | X | 4 
---|---|---|---|---|---|---|---|---|---
 5 | 0 | 0 | 0 | 0 | 0 | X | 0 |   | 5 
---|---|---|---|---|---|---|---|---|---
 6 | X | 0 | 0 | 0 | X | 0 | 0 |   | 6 
---|---|---|---|---|---|---|---|---|---
 7 | X | 0 | 0 | X | X |   | 0 |   | 7 
---|---|---|---|---|---|---|---|---|---
 8 | X | 0 | X | X | 0 |   |   |   | 8 
---|---|---|---|---|---|---|---|---|---
   | 1 | 2 | 3 | 4 | 5 | 6 | 7 | 8 |

It took 0 seconds to make this move...


Black to move
BXXOOOOOXOXXOOOOOOOXXOOOXOOOOXOOXOOOOOXOEXOOOXOOEXOOXXEOEXOXXOEEE
(6,8) Depth reached: 45, Nodes searched: 4659
   | 1 | 2 | 3 | 4 | 5 | 6 | 7 | 8 |
---|---|---|---|---|---|---|---|---|---
 1 | X | X | 0 | 0 | 0 | 0 | 0 | X | 1 
---|---|---|---|---|---|---|---|---|---
 2 | 0 | X | X | 0 | 0 | 0 | 0 | 0 | 2 
---|---|---|---|---|---|---|---|---|---
 3 | 0 | 0 | X | X | 0 | 0 | 0 | X | 3 
---|---|---|---|---|---|---|---|---|---
 4 | 0 | 0 | 0 | 0 | X | 0 | 0 | X | 4 
---|---|---|---|---|---|---|---|---|---
 5 | 0 | 0 | 0 | 0 | 0 | X | 0 |   | 5 
---|---|---|---|---|---|---|---|---|---
 6 | X | 0 | 0 | 0 | X | X | X | X | 6 
---|---|---|---|---|---|---|---|---|---
 7 | X | 0 | 0 | X | X |   | 0 |   | 7 
---|---|---|---|---|---|---|---|---|---
 8 | X | 0 | X | X | 0 |   |   |   | 8 
---|---|---|---|---|---|---|---|---|---
   | 1 | 2 | 3 | 4 | 5 | 6 | 7 | 8 |

It took 5 seconds to make this move...


White to move
WXXOOOOOXOXXOOOOOOOXXOOOXOOOOXOOXOOOOOXOEXOOOXXXXXOOXXEOEXOXXOEEE
(5,8)
   | 1 | 2 | 3 | 4 | 5 | 6 | 7 | 8 |
---|---|---|---|---|---|---|---|---|---
 1 | X | X | 0 | 0 | 0 | 0 | 0 | X | 1 
---|---|---|---|---|---|---|---|---|---
 2 | 0 | X | X | 0 | 0 | 0 | 0 | 0 | 2 
---|---|---|---|---|---|---|---|---|---
 3 | 0 | 0 | X | X | 0 | 0 | 0 | 0 | 3 
---|---|---|---|---|---|---|---|---|---
 4 | 0 | 0 | 0 | 0 | X | 0 | 0 | 0 | 4 
---|---|---|---|---|---|---|---|---|---
 5 | 0 | 0 | 0 | 0 | 0 | X | 0 | 0 | 5 
---|---|---|---|---|---|---|---|---|---
 6 | X | 0 | 0 | 0 | X | X | X | X | 6 
---|---|---|---|---|---|---|---|---|---
 7 | X | 0 | 0 | X | X |   | 0 |   | 7 
---|---|---|---|---|---|---|---|---|---
 8 | X | 0 | X | X | 0 |   |   |   | 8 
---|---|---|---|---|---|---|---|---|---
   | 1 | 2 | 3 | 4 | 5 | 6 | 7 | 8 |

It took 0 seconds to make this move...


Black to move
BXXOOOOOXOXXOOOOOOOXXOOOOOOOOXOOOOOOOOXOOXOOOXXXXXOOXXEOEXOXXOEEE
(8,8) Depth reached: 145, Nodes searched: 2096
   | 1 | 2 | 3 | 4 | 5 | 6 | 7 | 8 |
---|---|---|---|---|---|---|---|---|---
 1 | X | X | 0 | 0 | 0 | 0 | 0 | X | 1 
---|---|---|---|---|---|---|---|---|---
 2 | 0 | X | X | 0 | 0 | 0 | 0 | 0 | 2 
---|---|---|---|---|---|---|---|---|---
 3 | 0 | 0 | X | X | 0 | 0 | 0 | 0 | 3 
---|---|---|---|---|---|---|---|---|---
 4 | 0 | 0 | 0 | 0 | X | 0 | 0 | 0 | 4 
---|---|---|---|---|---|---|---|---|---
 5 | 0 | 0 | 0 | 0 | 0 | X | 0 | 0 | 5 
---|---|---|---|---|---|---|---|---|---
 6 | X | 0 | 0 | 0 | X | X | X | X | 6 
---|---|---|---|---|---|---|---|---|---
 7 | X | 0 | 0 | X | X |   | X |   | 7 
---|---|---|---|---|---|---|---|---|---
 8 | X | 0 | X | X | 0 |   |   | X | 8 
---|---|---|---|---|---|---|---|---|---
   | 1 | 2 | 3 | 4 | 5 | 6 | 7 | 8 |

It took 5 seconds to make this move...


White to move
WXXOOOOOXOXXOOOOOOOXXOOOOOOOOXOOOOOOOOXOOXOOOXXXXXOOXXEXEXOXXOEEX
(7,8)
   | 1 | 2 | 3 | 4 | 5 | 6 | 7 | 8 |
---|---|---|---|---|---|---|---|---|---
 1 | X | X | 0 | 0 | 0 | 0 | 0 | X | 1 
---|---|---|---|---|---|---|---|---|---
 2 | 0 | X | X | 0 | 0 | 0 | 0 | 0 | 2 
---|---|---|---|---|---|---|---|---|---
 3 | 0 | 0 | X | X | 0 | 0 | 0 | 0 | 3 
---|---|---|---|---|---|---|---|---|---
 4 | 0 | 0 | 0 | 0 | X | 0 | 0 | 0 | 4 
---|---|---|---|---|---|---|---|---|---
 5 | 0 | 0 | 0 | 0 | 0 | X | 0 | 0 | 5 
---|---|---|---|---|---|---|---|---|---
 6 | X | 0 | 0 | 0 | X | X | X | 0 | 6 
---|---|---|---|---|---|---|---|---|---
 7 | X | 0 | 0 | X | X |   | X | 0 | 7 
---|---|---|---|---|---|---|---|---|---
 8 | X | 0 | X | X | 0 |   |   | X | 8 
---|---|---|---|---|---|---|---|---|---
   | 1 | 2 | 3 | 4 | 5 | 6 | 7 | 8 |

It took 0 seconds to make this move...


Black to move
BXXOOOOOXOXXOOOOOOOXXOOOOOOOOXOOOOOOOOXOOXOOOXXXOXOOXXEXOXOXXOEEX
(8,6) Depth reached: 464, Nodes searched: 22
   | 1 | 2 | 3 | 4 | 5 | 6 | 7 | 8 |
---|---|---|---|---|---|---|---|---|---
 1 | X | X | 0 | 0 | 0 | 0 | 0 | X | 1 
---|---|---|---|---|---|---|---|---|---
 2 | 0 | X | X | 0 | 0 | 0 | 0 | 0 | 2 
---|---|---|---|---|---|---|---|---|---
 3 | 0 | 0 | X | X | 0 | 0 | 0 | 0 | 3 
---|---|---|---|---|---|---|---|---|---
 4 | 0 | 0 | 0 | 0 | X | 0 | 0 | 0 | 4 
---|---|---|---|---|---|---|---|---|---
 5 | 0 | 0 | 0 | 0 | 0 | X | 0 | 0 | 5 
---|---|---|---|---|---|---|---|---|---
 6 | X | 0 | 0 | 0 | X | X | X | 0 | 6 
---|---|---|---|---|---|---|---|---|---
 7 | X | 0 | 0 | X | X |   | X | 0 | 7 
---|---|---|---|---|---|---|---|---|---
 8 | X | 0 | X | X | X | X |   | X | 8 
---|---|---|---|---|---|---|---|---|---
   | 1 | 2 | 3 | 4 | 5 | 6 | 7 | 8 |

It took 4 seconds to make this move...


White to move
WXXOOOOOXOXXOOOOOOOXXOOOOOOOOXOOOOOOOOXOOXOOOXXXOXOOXXEXOXOXXXXEX
(7,6)
   | 1 | 2 | 3 | 4 | 5 | 6 | 7 | 8 |
---|---|---|---|---|---|---|---|---|---
 1 | X | X | 0 | 0 | 0 | 0 | 0 | X | 1 
---|---|---|---|---|---|---|---|---|---
 2 | 0 | X | X | 0 | 0 | 0 | 0 | 0 | 2 
---|---|---|---|---|---|---|---|---|---
 3 | 0 | 0 | X | X | 0 | 0 | 0 | 0 | 3 
---|---|---|---|---|---|---|---|---|---
 4 | 0 | 0 | 0 | 0 | X | 0 | 0 | 0 | 4 
---|---|---|---|---|---|---|---|---|---
 5 | 0 | 0 | 0 | 0 | 0 | 0 | 0 | 0 | 5 
---|---|---|---|---|---|---|---|---|---
 6 | X | 0 | 0 | 0 | 0 | 0 | 0 | 0 | 6 
---|---|---|---|---|---|---|---|---|---
 7 | X | 0 | 0 | 0 | 0 | 0 | 0 | 0 | 7 
---|---|---|---|---|---|---|---|---|---
 8 | X | 0 | X | X | X | X |   | X | 8 
---|---|---|---|---|---|---|---|---|---
   | 1 | 2 | 3 | 4 | 5 | 6 | 7 | 8 |

It took 0 seconds to make this move...


Black to move
BXXOOOOOXOXXOOOOOOOXXOOOOOOOOXOOOOOOOOOOOXOOOOOOOXOOOOOOOXOXXXXEX
pass
   | 1 | 2 | 3 | 4 | 5 | 6 | 7 | 8 |
---|---|---|---|---|---|---|---|---|---
 1 | X | X | 0 | 0 | 0 | 0 | 0 | X | 1 
---|---|---|---|---|---|---|---|---|---
 2 | 0 | X | X | 0 | 0 | 0 | 0 | 0 | 2 
---|---|---|---|---|---|---|---|---|---
 3 | 0 | 0 | X | X | 0 | 0 | 0 | 0 | 3 
---|---|---|---|---|---|---|---|---|---
 4 | 0 | 0 | 0 | 0 | X | 0 | 0 | 0 | 4 
---|---|---|---|---|---|---|---|---|---
 5 | 0 | 0 | 0 | 0 | 0 | 0 | 0 | 0 | 5 
---|---|---|---|---|---|---|---|---|---
 6 | X | 0 | 0 | 0 | 0 | 0 | 0 | 0 | 6 
---|---|---|---|---|---|---|---|---|---
 7 | X | 0 | 0 | 0 | 0 | 0 | 0 | 0 | 7 
---|---|---|---|---|---|---|---|---|---
 8 | X | 0 | X | X | X | X |   | X | 8 
---|---|---|---|---|---|---|---|---|---
   | 1 | 2 | 3 | 4 | 5 | 6 | 7 | 8 |

It took 4 seconds to make this move...


White to move
WXXOOOOOXOXXOOOOOOOXXOOOOOOOOXOOOOOOOOOOOXOOOOOOOXOOOOOOOXOXXXXEX
(8,7)
   | 1 | 2 | 3 | 4 | 5 | 6 | 7 | 8 |
---|---|---|---|---|---|---|---|---|---
 1 | X | X | 0 | 0 | 0 | 0 | 0 | X | 1 
---|---|---|---|---|---|---|---|---|---
 2 | 0 | X | X | 0 | 0 | 0 | 0 | 0 | 2 
---|---|---|---|---|---|---|---|---|---
 3 | 0 | 0 | X | X | 0 | 0 | 0 | 0 | 3 
---|---|---|---|---|---|---|---|---|---
 4 | 0 | 0 | 0 | 0 | X | 0 | 0 | 0 | 4 
---|---|---|---|---|---|---|---|---|---
 5 | 0 | 0 | 0 | 0 | 0 | 0 | 0 | 0 | 5 
---|---|---|---|---|---|---|---|---|---
 6 | X | 0 | 0 | 0 | 0 | 0 | 0 | 0 | 6 
---|---|---|---|---|---|---|---|---|---
 7 | X | 0 | 0 | 0 | 0 | 0 | 0 | 0 | 7 
---|---|---|---|---|---|---|---|---|---
 8 | X | 0 | 0 | 0 | 0 | 0 | 0 | X | 8 
---|---|---|---|---|---|---|---|---|---
   | 1 | 2 | 3 | 4 | 5 | 6 | 7 | 8 |

It took 0 seconds to make this move...


Black to move
BXXOOOOOXOXXOOOOOOOXXOOOOOOOOXOOOOOOOOOOOXOOOOOOOXOOOOOOOXOOOOOOX
pass
   | 1 | 2 | 3 | 4 | 5 | 6 | 7 | 8 |
---|---|---|---|---|---|---|---|---|---
 1 | X | X | 0 | 0 | 0 | 0 | 0 | X | 1 
---|---|---|---|---|---|---|---|---|---
 2 | 0 | X | X | 0 | 0 | 0 | 0 | 0 | 2 
---|---|---|---|---|---|---|---|---|---
 3 | 0 | 0 | X | X | 0 | 0 | 0 | 0 | 3 
---|---|---|---|---|---|---|---|---|---
 4 | 0 | 0 | 0 | 0 | X | 0 | 0 | 0 | 4 
---|---|---|---|---|---|---|---|---|---
 5 | 0 | 0 | 0 | 0 | 0 | 0 | 0 | 0 | 5 
---|---|---|---|---|---|---|---|---|---
 6 | X | 0 | 0 | 0 | 0 | 0 | 0 | 0 | 6 
---|---|---|---|---|---|---|---|---|---
 7 | X | 0 | 0 | 0 | 0 | 0 | 0 | 0 | 7 
---|---|---|---|---|---|---|---|---|---
 8 | X | 0 | 0 | 0 | 0 | 0 | 0 | X | 8 
---|---|---|---|---|---|---|---|---|---
   | 1 | 2 | 3 | 4 | 5 | 6 | 7 | 8 |

It took 5 seconds to make this move...


White to move
WXXOOOOOXOXXOOOOOOOXXOOOOOOOOXOOOOOOOOOOOXOOOOOOOXOOOOOOOXOOOOOOX
pass
   | 1 | 2 | 3 | 4 | 5 | 6 | 7 | 8 |
---|---|---|---|---|---|---|---|---|---
 1 | X | X | 0 | 0 | 0 | 0 | 0 | X | 1 
---|---|---|---|---|---|---|---|---|---
 2 | 0 | X | X | 0 | 0 | 0 | 0 | 0 | 2 
---|---|---|---|---|---|---|---|---|---
 3 | 0 | 0 | X | X | 0 | 0 | 0 | 0 | 3 
---|---|---|---|---|---|---|---|---|---
 4 | 0 | 0 | 0 | 0 | X | 0 | 0 | 0 | 4 
---|---|---|---|---|---|---|---|---|---
 5 | 0 | 0 | 0 | 0 | 0 | 0 | 0 | 0 | 5 
---|---|---|---|---|---|---|---|---|---
 6 | X | 0 | 0 | 0 | 0 | 0 | 0 | 0 | 6 
---|---|---|---|---|---|---|---|---|---
 7 | X | 0 | 0 | 0 | 0 | 0 | 0 | 0 | 7 
---|---|---|---|---|---|---|---|---|---
 8 | X | 0 | 0 | 0 | 0 | 0 | 0 | X | 8 
---|---|---|---|---|---|---|---|---|---
   | 1 | 2 | 3 | 4 | 5 | 6 | 7 | 8 |

It took 0 seconds to make this move...
***************************************
Results for ./othello_naive.sh vs. ../Python/othello.sh:
White won with 40 points
Average time for white: 0.2 s (max: 1 s)
Average time for black: 4.4 s (max: 5 s)
***************************************
