   | 1 | 2 | 3 | 4 | 5 | 6 | 7 | 8 |
---|---|---|---|---|---|---|---|---|---
 1 |   |   |   |   |   |   |   |   | 1 
---|---|---|---|---|---|---|---|---|---
 2 |   |   |   |   |   |   |   |   | 2 
---|---|---|---|---|---|---|---|---|---
 3 |   |   |   |   |   |   |   |   | 3 
---|---|---|---|---|---|---|---|---|---
 4 |   |   |   | 0 | X |   |   |   | 4 
---|---|---|---|---|---|---|---|---|---
 5 |   |   |   | X | 0 |   |   |   | 5 
---|---|---|---|---|---|---|---|---|---
 6 |   |   |   |   |   |   |   |   | 6 
---|---|---|---|---|---|---|---|---|---
 7 |   |   |   |   |   |   |   |   | 7 
---|---|---|---|---|---|---|---|---|---
 8 |   |   |   |   |   |   |   |   | 8 
---|---|---|---|---|---|---|---|---|---
   | 1 | 2 | 3 | 4 | 5 | 6 | 7 | 8 |



White to move
WEEEEEEEEEEEEEEEEEEEEEEEEEEEOXEEEEEEXOEEEEEEEEEEEEEEEEEEEEEEEEEEE
(3,5) Depth reached: 8, Nodes searched: 8245
   | 1 | 2 | 3 | 4 | 5 | 6 | 7 | 8 |
---|---|---|---|---|---|---|---|---|---
 1 |   |   |   |   |   |   |   |   | 1 
---|---|---|---|---|---|---|---|---|---
 2 |   |   |   |   |   |   |   |   | 2 
---|---|---|---|---|---|---|---|---|---
 3 |   |   |   |   | 0 |   |   |   | 3 
---|---|---|---|---|---|---|---|---|---
 4 |   |   |   | 0 | 0 |   |   |   | 4 
---|---|---|---|---|---|---|---|---|---
 5 |   |   |   | X | 0 |   |   |   | 5 
---|---|---|---|---|---|---|---|---|---
 6 |   |   |   |   |   |   |   |   | 6 
---|---|---|---|---|---|---|---|---|---
 7 |   |   |   |   |   |   |   |   | 7 
---|---|---|---|---|---|---|---|---|---
 8 |   |   |   |   |   |   |   |   | 8 
---|---|---|---|---|---|---|---|---|---
   | 1 | 2 | 3 | 4 | 5 | 6 | 7 | 8 |

It took 4 seconds to make this move...


Black to move
BEEEEEEEEEEEEEEEEEEEEOEEEEEEOOEEEEEEXOEEEEEEEEEEEEEEEEEEEEEEEEEEE
(3,4)
   | 1 | 2 | 3 | 4 | 5 | 6 | 7 | 8 |
---|---|---|---|---|---|---|---|---|---
 1 |   |   |   |   |   |   |   |   | 1 
---|---|---|---|---|---|---|---|---|---
 2 |   |   |   |   |   |   |   |   | 2 
---|---|---|---|---|---|---|---|---|---
 3 |   |   |   | X | 0 |   |   |   | 3 
---|---|---|---|---|---|---|---|---|---
 4 |   |   |   | X | 0 |   |   |   | 4 
---|---|---|---|---|---|---|---|---|---
 5 |   |   |   | X | 0 |   |   |   | 5 
---|---|---|---|---|---|---|---|---|---
 6 |   |   |   |   |   |   |   |   | 6 
---|---|---|---|---|---|---|---|---|---
 7 |   |   |   |   |   |   |   |   | 7 
---|---|---|---|---|---|---|---|---|---
 8 |   |   |   |   |   |   |   |   | 8 
---|---|---|---|---|---|---|---|---|---
   | 1 | 2 | 3 | 4 | 5 | 6 | 7 | 8 |

It took 0 seconds to make this move...


White to move
WEEEEEEEEEEEEEEEEEEEXOEEEEEEXOEEEEEEXOEEEEEEEEEEEEEEEEEEEEEEEEEEE
(4,3) Depth reached: 7, Nodes searched: 18766
   | 1 | 2 | 3 | 4 | 5 | 6 | 7 | 8 |
---|---|---|---|---|---|---|---|---|---
 1 |   |   |   |   |   |   |   |   | 1 
---|---|---|---|---|---|---|---|---|---
 2 |   |   |   |   |   |   |   |   | 2 
---|---|---|---|---|---|---|---|---|---
 3 |   |   |   | X | 0 |   |   |   | 3 
---|---|---|---|---|---|---|---|---|---
 4 |   |   | 0 | 0 | 0 |   |   |   | 4 
---|---|---|---|---|---|---|---|---|---
 5 |   |   |   | X | 0 |   |   |   | 5 
---|---|---|---|---|---|---|---|---|---
 6 |   |   |   |   |   |   |   |   | 6 
---|---|---|---|---|---|---|---|---|---
 7 |   |   |   |   |   |   |   |   | 7 
---|---|---|---|---|---|---|---|---|---
 8 |   |   |   |   |   |   |   |   | 8 
---|---|---|---|---|---|---|---|---|---
   | 1 | 2 | 3 | 4 | 5 | 6 | 7 | 8 |

It took 5 seconds to make this move...


Black to move
BEEEEEEEEEEEEEEEEEEEXOEEEEEOOOEEEEEEXOEEEEEEEEEEEEEEEEEEEEEEEEEEE
(3,2)
   | 1 | 2 | 3 | 4 | 5 | 6 | 7 | 8 |
---|---|---|---|---|---|---|---|---|---
 1 |   |   |   |   |   |   |   |   | 1 
---|---|---|---|---|---|---|---|---|---
 2 |   |   |   |   |   |   |   |   | 2 
---|---|---|---|---|---|---|---|---|---
 3 |   | X |   | X | 0 |   |   |   | 3 
---|---|---|---|---|---|---|---|---|---
 4 |   |   | X | 0 | 0 |   |   |   | 4 
---|---|---|---|---|---|---|---|---|---
 5 |   |   |   | X | 0 |   |   |   | 5 
---|---|---|---|---|---|---|---|---|---
 6 |   |   |   |   |   |   |   |   | 6 
---|---|---|---|---|---|---|---|---|---
 7 |   |   |   |   |   |   |   |   | 7 
---|---|---|---|---|---|---|---|---|---
 8 |   |   |   |   |   |   |   |   | 8 
---|---|---|---|---|---|---|---|---|---
   | 1 | 2 | 3 | 4 | 5 | 6 | 7 | 8 |

It took 0 seconds to make this move...


White to move
WEEEEEEEEEEEEEEEEEXEXOEEEEEXOOEEEEEEXOEEEEEEEEEEEEEEEEEEEEEEEEEEE
(5,3) Depth reached: 6, Nodes searched: 15541
   | 1 | 2 | 3 | 4 | 5 | 6 | 7 | 8 |
---|---|---|---|---|---|---|---|---|---
 1 |   |   |   |   |   |   |   |   | 1 
---|---|---|---|---|---|---|---|---|---
 2 |   |   |   |   |   |   |   |   | 2 
---|---|---|---|---|---|---|---|---|---
 3 |   | X |   | X | 0 |   |   |   | 3 
---|---|---|---|---|---|---|---|---|---
 4 |   |   | X | 0 | 0 |   |   |   | 4 
---|---|---|---|---|---|---|---|---|---
 5 |   |   | 0 | 0 | 0 |   |   |   | 5 
---|---|---|---|---|---|---|---|---|---
 6 |   |   |   |   |   |   |   |   | 6 
---|---|---|---|---|---|---|---|---|---
 7 |   |   |   |   |   |   |   |   | 7 
---|---|---|---|---|---|---|---|---|---
 8 |   |   |   |   |   |   |   |   | 8 
---|---|---|---|---|---|---|---|---|---
   | 1 | 2 | 3 | 4 | 5 | 6 | 7 | 8 |

It took 5 seconds to make this move...


Black to move
BEEEEEEEEEEEEEEEEEXEXOEEEEEXOOEEEEEOOOEEEEEEEEEEEEEEEEEEEEEEEEEEE
(6,5)
   | 1 | 2 | 3 | 4 | 5 | 6 | 7 | 8 |
---|---|---|---|---|---|---|---|---|---
 1 |   |   |   |   |   |   |   |   | 1 
---|---|---|---|---|---|---|---|---|---
 2 |   |   |   |   |   |   |   |   | 2 
---|---|---|---|---|---|---|---|---|---
 3 |   | X |   | X | 0 |   |   |   | 3 
---|---|---|---|---|---|---|---|---|---
 4 |   |   | X | 0 | 0 |   |   |   | 4 
---|---|---|---|---|---|---|---|---|---
 5 |   |   | 0 | X | 0 |   |   |   | 5 
---|---|---|---|---|---|---|---|---|---
 6 |   |   |   |   | X |   |   |   | 6 
---|---|---|---|---|---|---|---|---|---
 7 |   |   |   |   |   |   |   |   | 7 
---|---|---|---|---|---|---|---|---|---
 8 |   |   |   |   |   |   |   |   | 8 
---|---|---|---|---|---|---|---|---|---
   | 1 | 2 | 3 | 4 | 5 | 6 | 7 | 8 |

It took 0 seconds to make this move...


White to move
WEEEEEEEEEEEEEEEEEXEXOEEEEEXOOEEEEEOXOEEEEEEEXEEEEEEEEEEEEEEEEEEE
(6,3) Depth reached: 6, Nodes searched: 16490
   | 1 | 2 | 3 | 4 | 5 | 6 | 7 | 8 |
---|---|---|---|---|---|---|---|---|---
 1 |   |   |   |   |   |   |   |   | 1 
---|---|---|---|---|---|---|---|---|---
 2 |   |   |   |   |   |   |   |   | 2 
---|---|---|---|---|---|---|---|---|---
 3 |   | X |   | X | 0 |   |   |   | 3 
---|---|---|---|---|---|---|---|---|---
 4 |   |   | X | 0 | 0 |   |   |   | 4 
---|---|---|---|---|---|---|---|---|---
 5 |   |   | 0 | 0 | 0 |   |   |   | 5 
---|---|---|---|---|---|---|---|---|---
 6 |   |   | 0 |   | X |   |   |   | 6 
---|---|---|---|---|---|---|---|---|---
 7 |   |   |   |   |   |   |   |   | 7 
---|---|---|---|---|---|---|---|---|---
 8 |   |   |   |   |   |   |   |   | 8 
---|---|---|---|---|---|---|---|---|---
   | 1 | 2 | 3 | 4 | 5 | 6 | 7 | 8 |

It took 5 seconds to make this move...


Black to move
BEEEEEEEEEEEEEEEEEXEXOEEEEEXOOEEEEEOOOEEEEEOEXEEEEEEEEEEEEEEEEEEE
(2,5)
   | 1 | 2 | 3 | 4 | 5 | 6 | 7 | 8 |
---|---|---|---|---|---|---|---|---|---
 1 |   |   |   |   |   |   |   |   | 1 
---|---|---|---|---|---|---|---|---|---
 2 |   |   |   |   | X |   |   |   | 2 
---|---|---|---|---|---|---|---|---|---
 3 |   | X |   | X | X |   |   |   | 3 
---|---|---|---|---|---|---|---|---|---
 4 |   |   | X | 0 | X |   |   |   | 4 
---|---|---|---|---|---|---|---|---|---
 5 |   |   | 0 | 0 | X |   |   |   | 5 
---|---|---|---|---|---|---|---|---|---
 6 |   |   | 0 |   | X |   |   |   | 6 
---|---|---|---|---|---|---|---|---|---
 7 |   |   |   |   |   |   |   |   | 7 
---|---|---|---|---|---|---|---|---|---
 8 |   |   |   |   |   |   |   |   | 8 
---|---|---|---|---|---|---|---|---|---
   | 1 | 2 | 3 | 4 | 5 | 6 | 7 | 8 |

It took 0 seconds to make this move...


White to move
WEEEEEEEEEEEEXEEEEXEXXEEEEEXOXEEEEEOOXEEEEEOEXEEEEEEEEEEEEEEEEEEE
(3,6) Depth reached: 6, Nodes searched: 3027
   | 1 | 2 | 3 | 4 | 5 | 6 | 7 | 8 |
---|---|---|---|---|---|---|---|---|---
 1 |   |   |   |   |   |   |   |   | 1 
---|---|---|---|---|---|---|---|---|---
 2 |   |   |   |   | X |   |   |   | 2 
---|---|---|---|---|---|---|---|---|---
 3 |   | X |   | X | X | 0 |   |   | 3 
---|---|---|---|---|---|---|---|---|---
 4 |   |   | X | 0 | 0 |   |   |   | 4 
---|---|---|---|---|---|---|---|---|---
 5 |   |   | 0 | 0 | X |   |   |   | 5 
---|---|---|---|---|---|---|---|---|---
 6 |   |   | 0 |   | X |   |   |   | 6 
---|---|---|---|---|---|---|---|---|---
 7 |   |   |   |   |   |   |   |   | 7 
---|---|---|---|---|---|---|---|---|---
 8 |   |   |   |   |   |   |   |   | 8 
---|---|---|---|---|---|---|---|---|---
   | 1 | 2 | 3 | 4 | 5 | 6 | 7 | 8 |

It took 5 seconds to make this move...


Black to move
BEEEEEEEEEEEEXEEEEXEXXOEEEEXOOEEEEEOOXEEEEEOEXEEEEEEEEEEEEEEEEEEE
(6,4)
   | 1 | 2 | 3 | 4 | 5 | 6 | 7 | 8 |
---|---|---|---|---|---|---|---|---|---
 1 |   |   |   |   |   |   |   |   | 1 
---|---|---|---|---|---|---|---|---|---
 2 |   |   |   |   | X |   |   |   | 2 
---|---|---|---|---|---|---|---|---|---
 3 |   | X |   | X | X | 0 |   |   | 3 
---|---|---|---|---|---|---|---|---|---
 4 |   |   | X | X | 0 |   |   |   | 4 
---|---|---|---|---|---|---|---|---|---
 5 |   |   | 0 | X | X |   |   |   | 5 
---|---|---|---|---|---|---|---|---|---
 6 |   |   | 0 | X | X |   |   |   | 6 
---|---|---|---|---|---|---|---|---|---
 7 |   |   |   |   |   |   |   |   | 7 
---|---|---|---|---|---|---|---|---|---
 8 |   |   |   |   |   |   |   |   | 8 
---|---|---|---|---|---|---|---|---|---
   | 1 | 2 | 3 | 4 | 5 | 6 | 7 | 8 |

It took 0 seconds to make this move...


White to move
WEEEEEEEEEEEEXEEEEXEXXOEEEEXXOEEEEEOXXEEEEEOXXEEEEEEEEEEEEEEEEEEE
(1,4) Depth reached: 6, Nodes searched: 3002
   | 1 | 2 | 3 | 4 | 5 | 6 | 7 | 8 |
---|---|---|---|---|---|---|---|---|---
 1 |   |   |   | 0 |   |   |   |   | 1 
---|---|---|---|---|---|---|---|---|---
 2 |   |   |   |   | 0 |   |   |   | 2 
---|---|---|---|---|---|---|---|---|---
 3 |   | X |   | X | X | 0 |   |   | 3 
---|---|---|---|---|---|---|---|---|---
 4 |   |   | X | X | 0 |   |   |   | 4 
---|---|---|---|---|---|---|---|---|---
 5 |   |   | 0 | X | X |   |   |   | 5 
---|---|---|---|---|---|---|---|---|---
 6 |   |   | 0 | X | X |   |   |   | 6 
---|---|---|---|---|---|---|---|---|---
 7 |   |   |   |   |   |   |   |   | 7 
---|---|---|---|---|---|---|---|---|---
 8 |   |   |   |   |   |   |   |   | 8 
---|---|---|---|---|---|---|---|---|---
   | 1 | 2 | 3 | 4 | 5 | 6 | 7 | 8 |

It took 5 seconds to make this move...


Black to move
BEEEOEEEEEEEEOEEEEXEXXOEEEEXXOEEEEEOXXEEEEEOXXEEEEEEEEEEEEEEEEEEE
(1,6)
   | 1 | 2 | 3 | 4 | 5 | 6 | 7 | 8 |
---|---|---|---|---|---|---|---|---|---
 1 |   |   |   | 0 |   | X |   |   | 1 
---|---|---|---|---|---|---|---|---|---
 2 |   |   |   |   | X |   |   |   | 2 
---|---|---|---|---|---|---|---|---|---
 3 |   | X |   | X | X | 0 |   |   | 3 
---|---|---|---|---|---|---|---|---|---
 4 |   |   | X | X | 0 |   |   |   | 4 
---|---|---|---|---|---|---|---|---|---
 5 |   |   | 0 | X | X |   |   |   | 5 
---|---|---|---|---|---|---|---|---|---
 6 |   |   | 0 | X | X |   |   |   | 6 
---|---|---|---|---|---|---|---|---|---
 7 |   |   |   |   |   |   |   |   | 7 
---|---|---|---|---|---|---|---|---|---
 8 |   |   |   |   |   |   |   |   | 8 
---|---|---|---|---|---|---|---|---|---
   | 1 | 2 | 3 | 4 | 5 | 6 | 7 | 8 |

It took 0 seconds to make this move...


White to move
WEEEOEXEEEEEEXEEEEXEXXOEEEEXXOEEEEEOXXEEEEEOXXEEEEEEEEEEEEEEEEEEE
(1,5) Depth reached: 6, Nodes searched: 7265
   | 1 | 2 | 3 | 4 | 5 | 6 | 7 | 8 |
---|---|---|---|---|---|---|---|---|---
 1 |   |   |   | 0 | 0 | X |   |   | 1 
---|---|---|---|---|---|---|---|---|---
 2 |   |   |   |   | 0 |   |   |   | 2 
---|---|---|---|---|---|---|---|---|---
 3 |   | X |   | X | 0 | 0 |   |   | 3 
---|---|---|---|---|---|---|---|---|---
 4 |   |   | X | X | 0 |   |   |   | 4 
---|---|---|---|---|---|---|---|---|---
 5 |   |   | 0 | X | X |   |   |   | 5 
---|---|---|---|---|---|---|---|---|---
 6 |   |   | 0 | X | X |   |   |   | 6 
---|---|---|---|---|---|---|---|---|---
 7 |   |   |   |   |   |   |   |   | 7 
---|---|---|---|---|---|---|---|---|---
 8 |   |   |   |   |   |   |   |   | 8 
---|---|---|---|---|---|---|---|---|---
   | 1 | 2 | 3 | 4 | 5 | 6 | 7 | 8 |

It took 5 seconds to make this move...


Black to move
BEEEOOXEEEEEEOEEEEXEXOOEEEEXXOEEEEEOXXEEEEEOXXEEEEEEEEEEEEEEEEEEE
(1,3)
   | 1 | 2 | 3 | 4 | 5 | 6 | 7 | 8 |
---|---|---|---|---|---|---|---|---|---
 1 |   |   | X | X | X | X |   |   | 1 
---|---|---|---|---|---|---|---|---|---
 2 |   |   |   |   | 0 |   |   |   | 2 
---|---|---|---|---|---|---|---|---|---
 3 |   | X |   | X | 0 | 0 |   |   | 3 
---|---|---|---|---|---|---|---|---|---
 4 |   |   | X | X | 0 |   |   |   | 4 
---|---|---|---|---|---|---|---|---|---
 5 |   |   | 0 | X | X |   |   |   | 5 
---|---|---|---|---|---|---|---|---|---
 6 |   |   | 0 | X | X |   |   |   | 6 
---|---|---|---|---|---|---|---|---|---
 7 |   |   |   |   |   |   |   |   | 7 
---|---|---|---|---|---|---|---|---|---
 8 |   |   |   |   |   |   |   |   | 8 
---|---|---|---|---|---|---|---|---|---
   | 1 | 2 | 3 | 4 | 5 | 6 | 7 | 8 |

It took 0 seconds to make this move...


White to move
WEEXXXXEEEEEEOEEEEXEXOOEEEEXXOEEEEEOXXEEEEEOXXEEEEEEEEEEEEEEEEEEE
(6,6) Depth reached: 6, Nodes searched: 1666
   | 1 | 2 | 3 | 4 | 5 | 6 | 7 | 8 |
---|---|---|---|---|---|---|---|---|---
 1 |   |   | X | X | X | X |   |   | 1 
---|---|---|---|---|---|---|---|---|---
 2 |   |   |   |   | 0 |   |   |   | 2 
---|---|---|---|---|---|---|---|---|---
 3 |   | X |   | X | 0 | 0 |   |   | 3 
---|---|---|---|---|---|---|---|---|---
 4 |   |   | X | X | 0 |   |   |   | 4 
---|---|---|---|---|---|---|---|---|---
 5 |   |   | 0 | X | X |   |   |   | 5 
---|---|---|---|---|---|---|---|---|---
 6 |   |   | 0 | 0 | 0 | 0 |   |   | 6 
---|---|---|---|---|---|---|---|---|---
 7 |   |   |   |   |   |   |   |   | 7 
---|---|---|---|---|---|---|---|---|---
 8 |   |   |   |   |   |   |   |   | 8 
---|---|---|---|---|---|---|---|---|---
   | 1 | 2 | 3 | 4 | 5 | 6 | 7 | 8 |

It took 5 seconds to make this move...


Black to move
BEEXXXXEEEEEEOEEEEXEXOOEEEEXXOEEEEEOXXEEEEEOOOOEEEEEEEEEEEEEEEEEE
(3,7)
   | 1 | 2 | 3 | 4 | 5 | 6 | 7 | 8 |
---|---|---|---|---|---|---|---|---|---
 1 |   |   | X | X | X | X |   |   | 1 
---|---|---|---|---|---|---|---|---|---
 2 |   |   |   |   | 0 |   |   |   | 2 
---|---|---|---|---|---|---|---|---|---
 3 |   | X |   | X | X | X | X |   | 3 
---|---|---|---|---|---|---|---|---|---
 4 |   |   | X | X | 0 |   |   |   | 4 
---|---|---|---|---|---|---|---|---|---
 5 |   |   | 0 | X | X |   |   |   | 5 
---|---|---|---|---|---|---|---|---|---
 6 |   |   | 0 | 0 | 0 | 0 |   |   | 6 
---|---|---|---|---|---|---|---|---|---
 7 |   |   |   |   |   |   |   |   | 7 
---|---|---|---|---|---|---|---|---|---
 8 |   |   |   |   |   |   |   |   | 8 
---|---|---|---|---|---|---|---|---|---
   | 1 | 2 | 3 | 4 | 5 | 6 | 7 | 8 |

It took 0 seconds to make this move...


White to move
WEEXXXXEEEEEEOEEEEXEXXXXEEEXXOEEEEEOXXEEEEEOOOOEEEEEEEEEEEEEEEEEE
(3,3) Depth reached: 6, Nodes searched: 71
   | 1 | 2 | 3 | 4 | 5 | 6 | 7 | 8 |
---|---|---|---|---|---|---|---|---|---
 1 |   |   | X | X | X | X |   |   | 1 
---|---|---|---|---|---|---|---|---|---
 2 |   |   |   |   | 0 |   |   |   | 2 
---|---|---|---|---|---|---|---|---|---
 3 |   | X | 0 | X | X | X | X |   | 3 
---|---|---|---|---|---|---|---|---|---
 4 |   |   | 0 | 0 | 0 |   |   |   | 4 
---|---|---|---|---|---|---|---|---|---
 5 |   |   | 0 | X | 0 |   |   |   | 5 
---|---|---|---|---|---|---|---|---|---
 6 |   |   | 0 | 0 | 0 | 0 |   |   | 6 
---|---|---|---|---|---|---|---|---|---
 7 |   |   |   |   |   |   |   |   | 7 
---|---|---|---|---|---|---|---|---|---
 8 |   |   |   |   |   |   |   |   | 8 
---|---|---|---|---|---|---|---|---|---
   | 1 | 2 | 3 | 4 | 5 | 6 | 7 | 8 |

It took 5 seconds to make this move...


Black to move
BEEXXXXEEEEEEOEEEEXOXXXXEEEOOOEEEEEOXOEEEEEOOOOEEEEEEEEEEEEEEEEEE
(5,6)
   | 1 | 2 | 3 | 4 | 5 | 6 | 7 | 8 |
---|---|---|---|---|---|---|---|---|---
 1 |   |   | X | X | X | X |   |   | 1 
---|---|---|---|---|---|---|---|---|---
 2 |   |   |   |   | 0 |   |   |   | 2 
---|---|---|---|---|---|---|---|---|---
 3 |   | X | 0 | X | X | X | X |   | 3 
---|---|---|---|---|---|---|---|---|---
 4 |   |   | 0 | 0 | X |   |   |   | 4 
---|---|---|---|---|---|---|---|---|---
 5 |   |   | 0 | X | X | X |   |   | 5 
---|---|---|---|---|---|---|---|---|---
 6 |   |   | 0 | 0 | 0 | 0 |   |   | 6 
---|---|---|---|---|---|---|---|---|---
 7 |   |   |   |   |   |   |   |   | 7 
---|---|---|---|---|---|---|---|---|---
 8 |   |   |   |   |   |   |   |   | 8 
---|---|---|---|---|---|---|---|---|---
   | 1 | 2 | 3 | 4 | 5 | 6 | 7 | 8 |

It took 0 seconds to make this move...


White to move
WEEXXXXEEEEEEOEEEEXOXXXXEEEOOXEEEEEOXXXEEEEOOOOEEEEEEEEEEEEEEEEEE
(3,1) Depth reached: 6, Nodes searched: 11747
   | 1 | 2 | 3 | 4 | 5 | 6 | 7 | 8 |
---|---|---|---|---|---|---|---|---|---
 1 |   |   | X | X | X | X |   |   | 1 
---|---|---|---|---|---|---|---|---|---
 2 |   |   |   |   | 0 |   |   |   | 2 
---|---|---|---|---|---|---|---|---|---
 3 | 0 | 0 | 0 | X | X | X | X |   | 3 
---|---|---|---|---|---|---|---|---|---
 4 |   |   | 0 | 0 | X |   |   |   | 4 
---|---|---|---|---|---|---|---|---|---
 5 |   |   | 0 | X | X | X |   |   | 5 
---|---|---|---|---|---|---|---|---|---
 6 |   |   | 0 | 0 | 0 | 0 |   |   | 6 
---|---|---|---|---|---|---|---|---|---
 7 |   |   |   |   |   |   |   |   | 7 
---|---|---|---|---|---|---|---|---|---
 8 |   |   |   |   |   |   |   |   | 8 
---|---|---|---|---|---|---|---|---|---
   | 1 | 2 | 3 | 4 | 5 | 6 | 7 | 8 |

It took 5 seconds to make this move...


Black to move
BEEXXXXEEEEEEOEEEOOOXXXXEEEOOXEEEEEOXXXEEEEOOOOEEEEEEEEEEEEEEEEEE
(7,6)
   | 1 | 2 | 3 | 4 | 5 | 6 | 7 | 8 |
---|---|---|---|---|---|---|---|---|---
 1 |   |   | X | X | X | X |   |   | 1 
---|---|---|---|---|---|---|---|---|---
 2 |   |   |   |   | 0 |   |   |   | 2 
---|---|---|---|---|---|---|---|---|---
 3 | 0 | 0 | 0 | X | X | X | X |   | 3 
---|---|---|---|---|---|---|---|---|---
 4 |   |   | 0 | 0 | X |   |   |   | 4 
---|---|---|---|---|---|---|---|---|---
 5 |   |   | 0 | X | X | X |   |   | 5 
---|---|---|---|---|---|---|---|---|---
 6 |   |   | 0 | 0 | X | X |   |   | 6 
---|---|---|---|---|---|---|---|---|---
 7 |   |   |   |   |   | X |   |   | 7 
---|---|---|---|---|---|---|---|---|---
 8 |   |   |   |   |   |   |   |   | 8 
---|---|---|---|---|---|---|---|---|---
   | 1 | 2 | 3 | 4 | 5 | 6 | 7 | 8 |

It took 1 seconds to make this move...


White to move
WEEXXXXEEEEEEOEEEOOOXXXXEEEOOXEEEEEOXXXEEEEOOXXEEEEEEEXEEEEEEEEEE
(3,8) Depth reached: 6, Nodes searched: 10013
   | 1 | 2 | 3 | 4 | 5 | 6 | 7 | 8 |
---|---|---|---|---|---|---|---|---|---
 1 |   |   | X | X | X | X |   |   | 1 
---|---|---|---|---|---|---|---|---|---
 2 |   |   |   |   | 0 |   |   |   | 2 
---|---|---|---|---|---|---|---|---|---
 3 | 0 | 0 | 0 | 0 | 0 | 0 | 0 | 0 | 3 
---|---|---|---|---|---|---|---|---|---
 4 |   |   | 0 | 0 | X |   |   |   | 4 
---|---|---|---|---|---|---|---|---|---
 5 |   |   | 0 | X | X | X |   |   | 5 
---|---|---|---|---|---|---|---|---|---
 6 |   |   | 0 | 0 | X | X |   |   | 6 
---|---|---|---|---|---|---|---|---|---
 7 |   |   |   |   |   | X |   |   | 7 
---|---|---|---|---|---|---|---|---|---
 8 |   |   |   |   |   |   |   |   | 8 
---|---|---|---|---|---|---|---|---|---
   | 1 | 2 | 3 | 4 | 5 | 6 | 7 | 8 |

It took 4 seconds to make this move...


Black to move
BEEXXXXEEEEEEOEEEOOOOOOOOEEOOXEEEEEOXXXEEEEOOXXEEEEEEEXEEEEEEEEEE
(5,2)
   | 1 | 2 | 3 | 4 | 5 | 6 | 7 | 8 |
---|---|---|---|---|---|---|---|---|---
 1 |   |   | X | X | X | X |   |   | 1 
---|---|---|---|---|---|---|---|---|---
 2 |   |   |   |   | X |   |   |   | 2 
---|---|---|---|---|---|---|---|---|---
 3 | 0 | 0 | 0 | X | 0 | 0 | 0 | 0 | 3 
---|---|---|---|---|---|---|---|---|---
 4 |   |   | X | 0 | X |   |   |   | 4 
---|---|---|---|---|---|---|---|---|---
 5 |   | X | X | X | X | X |   |   | 5 
---|---|---|---|---|---|---|---|---|---
 6 |   |   | 0 | 0 | X | X |   |   | 6 
---|---|---|---|---|---|---|---|---|---
 7 |   |   |   |   |   | X |   |   | 7 
---|---|---|---|---|---|---|---|---|---
 8 |   |   |   |   |   |   |   |   | 8 
---|---|---|---|---|---|---|---|---|---
   | 1 | 2 | 3 | 4 | 5 | 6 | 7 | 8 |

It took 1 seconds to make this move...


White to move
WEEXXXXEEEEEEXEEEOOOXOOOOEEXOXEEEEXXXXXEEEEOOXXEEEEEEEXEEEEEEEEEE
(4,1) Depth reached: 6, Nodes searched: 14908
   | 1 | 2 | 3 | 4 | 5 | 6 | 7 | 8 |
---|---|---|---|---|---|---|---|---|---
 1 |   |   | X | X | X | X |   |   | 1 
---|---|---|---|---|---|---|---|---|---
 2 |   |   |   |   | X |   |   |   | 2 
---|---|---|---|---|---|---|---|---|---
 3 | 0 | 0 | 0 | X | 0 | 0 | 0 | 0 | 3 
---|---|---|---|---|---|---|---|---|---
 4 | 0 |   | X | 0 | X |   |   |   | 4 
---|---|---|---|---|---|---|---|---|---
 5 |   | 0 | X | X | X | X |   |   | 5 
---|---|---|---|---|---|---|---|---|---
 6 |   |   | 0 | 0 | X | X |   |   | 6 
---|---|---|---|---|---|---|---|---|---
 7 |   |   |   |   |   | X |   |   | 7 
---|---|---|---|---|---|---|---|---|---
 8 |   |   |   |   |   |   |   |   | 8 
---|---|---|---|---|---|---|---|---|---
   | 1 | 2 | 3 | 4 | 5 | 6 | 7 | 8 |

It took 4 seconds to make this move...


Black to move
BEEXXXXEEEEEEXEEEOOOXOOOOOEXOXEEEEOXXXXEEEEOOXXEEEEEEEXEEEEEEEEEE
(2,2)
   | 1 | 2 | 3 | 4 | 5 | 6 | 7 | 8 |
---|---|---|---|---|---|---|---|---|---
 1 |   |   | X | X | X | X |   |   | 1 
---|---|---|---|---|---|---|---|---|---
 2 |   | X |   |   | X |   |   |   | 2 
---|---|---|---|---|---|---|---|---|---
 3 | 0 | 0 | X | X | 0 | 0 | 0 | 0 | 3 
---|---|---|---|---|---|---|---|---|---
 4 | 0 |   | X | X | X |   |   |   | 4 
---|---|---|---|---|---|---|---|---|---
 5 |   | 0 | X | X | X | X |   |   | 5 
---|---|---|---|---|---|---|---|---|---
 6 |   |   | 0 | 0 | X | X |   |   | 6 
---|---|---|---|---|---|---|---|---|---
 7 |   |   |   |   |   | X |   |   | 7 
---|---|---|---|---|---|---|---|---|---
 8 |   |   |   |   |   |   |   |   | 8 
---|---|---|---|---|---|---|---|---|---
   | 1 | 2 | 3 | 4 | 5 | 6 | 7 | 8 |

It took 0 seconds to make this move...


White to move
WEEXXXXEEEXEEXEEEOOXXOOOOOEXXXEEEEOXXXXEEEEOOXXEEEEEEEXEEEEEEEEEE
(5,7) Depth reached: 6, Nodes searched: 5328
   | 1 | 2 | 3 | 4 | 5 | 6 | 7 | 8 |
---|---|---|---|---|---|---|---|---|---
 1 |   |   | X | X | X | X |   |   | 1 
---|---|---|---|---|---|---|---|---|---
 2 |   | X |   |   | X |   |   |   | 2 
---|---|---|---|---|---|---|---|---|---
 3 | 0 | 0 | X | X | 0 | 0 | 0 | 0 | 3 
---|---|---|---|---|---|---|---|---|---
 4 | 0 |   | X | X | X |   |   |   | 4 
---|---|---|---|---|---|---|---|---|---
 5 |   | 0 | 0 | 0 | 0 | 0 | 0 |   | 5 
---|---|---|---|---|---|---|---|---|---
 6 |   |   | 0 | 0 | X | X |   |   | 6 
---|---|---|---|---|---|---|---|---|---
 7 |   |   |   |   |   | X |   |   | 7 
---|---|---|---|---|---|---|---|---|---
 8 |   |   |   |   |   |   |   |   | 8 
---|---|---|---|---|---|---|---|---|---
   | 1 | 2 | 3 | 4 | 5 | 6 | 7 | 8 |

It took 5 seconds to make this move...


Black to move
BEEXXXXEEEXEEXEEEOOXXOOOOOEXXXEEEEOOOOOOEEEOOXXEEEEEEEXEEEEEEEEEE
(4,7)
   | 1 | 2 | 3 | 4 | 5 | 6 | 7 | 8 |
---|---|---|---|---|---|---|---|---|---
 1 |   |   | X | X | X | X |   |   | 1 
---|---|---|---|---|---|---|---|---|---
 2 |   | X |   |   | X |   |   |   | 2 
---|---|---|---|---|---|---|---|---|---
 3 | 0 | 0 | X | X | 0 | X | 0 | 0 | 3 
---|---|---|---|---|---|---|---|---|---
 4 | 0 |   | X | X | X |   | X |   | 4 
---|---|---|---|---|---|---|---|---|---
 5 |   | 0 | 0 | 0 | 0 | X | 0 |   | 5 
---|---|---|---|---|---|---|---|---|---
 6 |   |   | 0 | 0 | X | X |   |   | 6 
---|---|---|---|---|---|---|---|---|---
 7 |   |   |   |   |   | X |   |   | 7 
---|---|---|---|---|---|---|---|---|---
 8 |   |   |   |   |   |   |   |   | 8 
---|---|---|---|---|---|---|---|---|---
   | 1 | 2 | 3 | 4 | 5 | 6 | 7 | 8 |

It took 0 seconds to make this move...


White to move
WEEXXXXEEEXEEXEEEOOXXOXOOOEXXXEXEEOOOOXOEEEOOXXEEEEEEEXEEEEEEEEEE
(1,1) Depth reached: 6, Nodes searched: 16710
   | 1 | 2 | 3 | 4 | 5 | 6 | 7 | 8 |
---|---|---|---|---|---|---|---|---|---
 1 | 0 |   | X | X | X | X |   |   | 1 
---|---|---|---|---|---|---|---|---|---
 2 |   | 0 |   |   | X |   |   |   | 2 
---|---|---|---|---|---|---|---|---|---
 3 | 0 | 0 | 0 | X | 0 | X | 0 | 0 | 3 
---|---|---|---|---|---|---|---|---|---
 4 | 0 |   | X | 0 | X |   | X |   | 4 
---|---|---|---|---|---|---|---|---|---
 5 |   | 0 | 0 | 0 | 0 | X | 0 |   | 5 
---|---|---|---|---|---|---|---|---|---
 6 |   |   | 0 | 0 | X | X |   |   | 6 
---|---|---|---|---|---|---|---|---|---
 7 |   |   |   |   |   | X |   |   | 7 
---|---|---|---|---|---|---|---|---|---
 8 |   |   |   |   |   |   |   |   | 8 
---|---|---|---|---|---|---|---|---|---
   | 1 | 2 | 3 | 4 | 5 | 6 | 7 | 8 |

It took 5 seconds to make this move...


Black to move
BOEXXXXEEEOEEXEEEOOOXOXOOOEXOXEXEEOOOOXOEEEOOXXEEEEEEEXEEEEEEEEEE
(2,1)
   | 1 | 2 | 3 | 4 | 5 | 6 | 7 | 8 |
---|---|---|---|---|---|---|---|---|---
 1 | 0 |   | X | X | X | X |   |   | 1 
---|---|---|---|---|---|---|---|---|---
 2 | X | 0 |   |   | X |   |   |   | 2 
---|---|---|---|---|---|---|---|---|---
 3 | 0 | X | 0 | X | 0 | X | 0 | 0 | 3 
---|---|---|---|---|---|---|---|---|---
 4 | 0 |   | X | 0 | X |   | X |   | 4 
---|---|---|---|---|---|---|---|---|---
 5 |   | 0 | 0 | 0 | 0 | X | 0 |   | 5 
---|---|---|---|---|---|---|---|---|---
 6 |   |   | 0 | 0 | X | X |   |   | 6 
---|---|---|---|---|---|---|---|---|---
 7 |   |   |   |   |   | X |   |   | 7 
---|---|---|---|---|---|---|---|---|---
 8 |   |   |   |   |   |   |   |   | 8 
---|---|---|---|---|---|---|---|---|---
   | 1 | 2 | 3 | 4 | 5 | 6 | 7 | 8 |

It took 0 seconds to make this move...


White to move
WOEXXXXEEXOEEXEEEOXOXOXOOOEXOXEXEEOOOOXOEEEOOXXEEEEEEEXEEEEEEEEEE
(4,6) Depth reached: 6, Nodes searched: 19073
   | 1 | 2 | 3 | 4 | 5 | 6 | 7 | 8 |
---|---|---|---|---|---|---|---|---|---
 1 | 0 |   | X | X | X | X |   |   | 1 
---|---|---|---|---|---|---|---|---|---
 2 | X | 0 |   |   | X |   |   |   | 2 
---|---|---|---|---|---|---|---|---|---
 3 | 0 | X | 0 | X | 0 | X | 0 | 0 | 3 
---|---|---|---|---|---|---|---|---|---
 4 | 0 |   | X | 0 | 0 | 0 | X |   | 4 
---|---|---|---|---|---|---|---|---|---
 5 |   | 0 | 0 | 0 | 0 | X | 0 |   | 5 
---|---|---|---|---|---|---|---|---|---
 6 |   |   | 0 | 0 | X | X |   |   | 6 
---|---|---|---|---|---|---|---|---|---
 7 |   |   |   |   |   | X |   |   | 7 
---|---|---|---|---|---|---|---|---|---
 8 |   |   |   |   |   |   |   |   | 8 
---|---|---|---|---|---|---|---|---|---
   | 1 | 2 | 3 | 4 | 5 | 6 | 7 | 8 |

It took 5 seconds to make this move...


Black to move
BOEXXXXEEXOEEXEEEOXOXOXOOOEXOOOXEEOOOOXOEEEOOXXEEEEEEEXEEEEEEEEEE
(5,8)
   | 1 | 2 | 3 | 4 | 5 | 6 | 7 | 8 |
---|---|---|---|---|---|---|---|---|---
 1 | 0 |   | X | X | X | X |   |   | 1 
---|---|---|---|---|---|---|---|---|---
 2 | X | 0 |   |   | X |   |   |   | 2 
---|---|---|---|---|---|---|---|---|---
 3 | 0 | X | 0 | X | 0 | X | 0 | 0 | 3 
---|---|---|---|---|---|---|---|---|---
 4 | 0 |   | X | 0 | 0 | 0 | X |   | 4 
---|---|---|---|---|---|---|---|---|---
 5 |   | 0 | 0 | 0 | 0 | X | X | X | 5 
---|---|---|---|---|---|---|---|---|---
 6 |   |   | 0 | 0 | X | X |   |   | 6 
---|---|---|---|---|---|---|---|---|---
 7 |   |   |   |   |   | X |   |   | 7 
---|---|---|---|---|---|---|---|---|---
 8 |   |   |   |   |   |   |   |   | 8 
---|---|---|---|---|---|---|---|---|---
   | 1 | 2 | 3 | 4 | 5 | 6 | 7 | 8 |

It took 0 seconds to make this move...


White to move
WOEXXXXEEXOEEXEEEOXOXOXOOOEXOOOXEEOOOOXXXEEOOXXEEEEEEEXEEEEEEEEEE
(2,3) Depth reached: 6, Nodes searched: 9343
   | 1 | 2 | 3 | 4 | 5 | 6 | 7 | 8 |
---|---|---|---|---|---|---|---|---|---
 1 | 0 |   | X | X | X | X |   |   | 1 
---|---|---|---|---|---|---|---|---|---
 2 | X | 0 | 0 |   | X |   |   |   | 2 
---|---|---|---|---|---|---|---|---|---
 3 | 0 | 0 | 0 | 0 | 0 | X | 0 | 0 | 3 
---|---|---|---|---|---|---|---|---|---
 4 | 0 |   | X | 0 | 0 | 0 | X |   | 4 
---|---|---|---|---|---|---|---|---|---
 5 |   | 0 | 0 | 0 | 0 | X | X | X | 5 
---|---|---|---|---|---|---|---|---|---
 6 |   |   | 0 | 0 | X | X |   |   | 6 
---|---|---|---|---|---|---|---|---|---
 7 |   |   |   |   |   | X |   |   | 7 
---|---|---|---|---|---|---|---|---|---
 8 |   |   |   |   |   |   |   |   | 8 
---|---|---|---|---|---|---|---|---|---
   | 1 | 2 | 3 | 4 | 5 | 6 | 7 | 8 |

It took 5 seconds to make this move...


Black to move
BOEXXXXEEXOOEXEEEOOOOOXOOOEXOOOXEEOOOOXXXEEOOXXEEEEEEEXEEEEEEEEEE
(7,3)
   | 1 | 2 | 3 | 4 | 5 | 6 | 7 | 8 |
---|---|---|---|---|---|---|---|---|---
 1 | 0 |   | X | X | X | X |   |   | 1 
---|---|---|---|---|---|---|---|---|---
 2 | X | 0 | 0 |   | X |   |   |   | 2 
---|---|---|---|---|---|---|---|---|---
 3 | 0 | 0 | 0 | 0 | 0 | X | 0 | 0 | 3 
---|---|---|---|---|---|---|---|---|---
 4 | 0 |   | X | 0 | 0 | 0 | X |   | 4 
---|---|---|---|---|---|---|---|---|---
 5 |   | 0 | X | 0 | 0 | X | X | X | 5 
---|---|---|---|---|---|---|---|---|---
 6 |   |   | X | 0 | X | X |   |   | 6 
---|---|---|---|---|---|---|---|---|---
 7 |   |   | X |   |   | X |   |   | 7 
---|---|---|---|---|---|---|---|---|---
 8 |   |   |   |   |   |   |   |   | 8 
---|---|---|---|---|---|---|---|---|---
   | 1 | 2 | 3 | 4 | 5 | 6 | 7 | 8 |

It took 0 seconds to make this move...


White to move
WOEXXXXEEXOOEXEEEOOOOOXOOOEXOOOXEEOXOOXXXEEXOXXEEEEXEEXEEEEEEEEEE
(4,2) Depth reached: 5, Nodes searched: 29120
   | 1 | 2 | 3 | 4 | 5 | 6 | 7 | 8 |
---|---|---|---|---|---|---|---|---|---
 1 | 0 |   | X | X | X | X |   |   | 1 
---|---|---|---|---|---|---|---|---|---
 2 | X | 0 | 0 |   | X |   |   |   | 2 
---|---|---|---|---|---|---|---|---|---
 3 | 0 | 0 | 0 | 0 | 0 | X | 0 | 0 | 3 
---|---|---|---|---|---|---|---|---|---
 4 | 0 | 0 | 0 | 0 | 0 | 0 | X |   | 4 
---|---|---|---|---|---|---|---|---|---
 5 |   | 0 | 0 | 0 | 0 | X | X | X | 5 
---|---|---|---|---|---|---|---|---|---
 6 |   |   | X | 0 | X | X |   |   | 6 
---|---|---|---|---|---|---|---|---|---
 7 |   |   | X |   |   | X |   |   | 7 
---|---|---|---|---|---|---|---|---|---
 8 |   |   |   |   |   |   |   |   | 8 
---|---|---|---|---|---|---|---|---|---
   | 1 | 2 | 3 | 4 | 5 | 6 | 7 | 8 |

It took 5 seconds to make this move...


Black to move
BOEXXXXEEXOOEXEEEOOOOOXOOOOOOOOXEEOOOOXXXEEXOXXEEEEXEEXEEEEEEEEEE
(2,8)
   | 1 | 2 | 3 | 4 | 5 | 6 | 7 | 8 |
---|---|---|---|---|---|---|---|---|---
 1 | 0 |   | X | X | X | X |   |   | 1 
---|---|---|---|---|---|---|---|---|---
 2 | X | 0 | 0 |   | X |   |   | X | 2 
---|---|---|---|---|---|---|---|---|---
 3 | 0 | 0 | 0 | 0 | 0 | X | X | 0 | 3 
---|---|---|---|---|---|---|---|---|---
 4 | 0 | 0 | 0 | 0 | 0 | X | X |   | 4 
---|---|---|---|---|---|---|---|---|---
 5 |   | 0 | 0 | 0 | X | X | X | X | 5 
---|---|---|---|---|---|---|---|---|---
 6 |   |   | X | X | X | X |   |   | 6 
---|---|---|---|---|---|---|---|---|---
 7 |   |   | X |   |   | X |   |   | 7 
---|---|---|---|---|---|---|---|---|---
 8 |   |   |   |   |   |   |   |   | 8 
---|---|---|---|---|---|---|---|---|---
   | 1 | 2 | 3 | 4 | 5 | 6 | 7 | 8 |

It took 0 seconds to make this move...


White to move
WOEXXXXEEXOOEXEEXOOOOOXXOOOOOOXXEEOOOXXXXEEXXXXEEEEXEEXEEEEEEEEEE
(1,8) Depth reached: 6, Nodes searched: 25258
   | 1 | 2 | 3 | 4 | 5 | 6 | 7 | 8 |
---|---|---|---|---|---|---|---|---|---
 1 | 0 |   | X | X | X | X |   | 0 | 1 
---|---|---|---|---|---|---|---|---|---
 2 | X | 0 | 0 |   | X |   |   | 0 | 2 
---|---|---|---|---|---|---|---|---|---
 3 | 0 | 0 | 0 | 0 | 0 | X | X | 0 | 3 
---|---|---|---|---|---|---|---|---|---
 4 | 0 | 0 | 0 | 0 | 0 | X | X |   | 4 
---|---|---|---|---|---|---|---|---|---
 5 |   | 0 | 0 | 0 | X | X | X | X | 5 
---|---|---|---|---|---|---|---|---|---
 6 |   |   | X | X | X | X |   |   | 6 
---|---|---|---|---|---|---|---|---|---
 7 |   |   | X |   |   | X |   |   | 7 
---|---|---|---|---|---|---|---|---|---
 8 |   |   |   |   |   |   |   |   | 8 
---|---|---|---|---|---|---|---|---|---
   | 1 | 2 | 3 | 4 | 5 | 6 | 7 | 8 |

It took 5 seconds to make this move...


Black to move
BOEXXXXEOXOOEXEEOOOOOOXXOOOOOOXXEEOOOXXXXEEXXXXEEEEXEEXEEEEEEEEEE
(2,4)
   | 1 | 2 | 3 | 4 | 5 | 6 | 7 | 8 |
---|---|---|---|---|---|---|---|---|---
 1 | 0 |   | X | X | X | X |   | 0 | 1 
---|---|---|---|---|---|---|---|---|---
 2 | X | X | X | X | X |   |   | 0 | 2 
---|---|---|---|---|---|---|---|---|---
 3 | 0 | 0 | 0 | X | X | X | X | 0 | 3 
---|---|---|---|---|---|---|---|---|---
 4 | 0 | 0 | 0 | X | 0 | X | X |   | 4 
---|---|---|---|---|---|---|---|---|---
 5 |   | 0 | 0 | X | X | X | X | X | 5 
---|---|---|---|---|---|---|---|---|---
 6 |   |   | X | X | X | X |   |   | 6 
---|---|---|---|---|---|---|---|---|---
 7 |   |   | X |   |   | X |   |   | 7 
---|---|---|---|---|---|---|---|---|---
 8 |   |   |   |   |   |   |   |   | 8 
---|---|---|---|---|---|---|---|---|---
   | 1 | 2 | 3 | 4 | 5 | 6 | 7 | 8 |

It took 0 seconds to make this move...


White to move
WOEXXXXEOXXXXXEEOOOOXXXXOOOOXOXXEEOOXXXXXEEXXXXEEEEXEEXEEEEEEEEEE
(4,8) Depth reached: 7, Nodes searched: 4935
   | 1 | 2 | 3 | 4 | 5 | 6 | 7 | 8 |
---|---|---|---|---|---|---|---|---|---
 1 | 0 |   | X | X | X | X |   | 0 | 1 
---|---|---|---|---|---|---|---|---|---
 2 | X | X | X | X | X |   |   | 0 | 2 
---|---|---|---|---|---|---|---|---|---
 3 | 0 | 0 | 0 | X | X | X | X | 0 | 3 
---|---|---|---|---|---|---|---|---|---
 4 | 0 | 0 | 0 | X | 0 | 0 | 0 | 0 | 4 
---|---|---|---|---|---|---|---|---|---
 5 |   | 0 | 0 | X | X | X | X | X | 5 
---|---|---|---|---|---|---|---|---|---
 6 |   |   | X | X | X | X |   |   | 6 
---|---|---|---|---|---|---|---|---|---
 7 |   |   | X |   |   | X |   |   | 7 
---|---|---|---|---|---|---|---|---|---
 8 |   |   |   |   |   |   |   |   | 8 
---|---|---|---|---|---|---|---|---|---
   | 1 | 2 | 3 | 4 | 5 | 6 | 7 | 8 |

It took 5 seconds to make this move...


Black to move
BOEXXXXEOXXXXXEEOOOOXXXXOOOOXOOOOEOOXXXXXEEXXXXEEEEXEEXEEEEEEEEEE
(5,1)
   | 1 | 2 | 3 | 4 | 5 | 6 | 7 | 8 |
---|---|---|---|---|---|---|---|---|---
 1 | 0 |   | X | X | X | X |   | 0 | 1 
---|---|---|---|---|---|---|---|---|---
 2 | X | X | X | X | X |   |   | 0 | 2 
---|---|---|---|---|---|---|---|---|---
 3 | X | 0 | X | X | X | X | X | 0 | 3 
---|---|---|---|---|---|---|---|---|---
 4 | X | X | 0 | X | 0 | 0 | 0 | 0 | 4 
---|---|---|---|---|---|---|---|---|---
 5 | X | X | X | X | X | X | X | X | 5 
---|---|---|---|---|---|---|---|---|---
 6 |   |   | X | X | X | X |   |   | 6 
---|---|---|---|---|---|---|---|---|---
 7 |   |   | X |   |   | X |   |   | 7 
---|---|---|---|---|---|---|---|---|---
 8 |   |   |   |   |   |   |   |   | 8 
---|---|---|---|---|---|---|---|---|---
   | 1 | 2 | 3 | 4 | 5 | 6 | 7 | 8 |

It took 0 seconds to make this move...


White to move
WOEXXXXEOXXXXXEEOXOXXXXXOXXOXOOOOXXXXXXXXEEXXXXEEEEXEEXEEEEEEEEEE
(6,1) Depth reached: 6, Nodes searched: 41922
   | 1 | 2 | 3 | 4 | 5 | 6 | 7 | 8 |
---|---|---|---|---|---|---|---|---|---
 1 | 0 |   | X | X | X | X |   | 0 | 1 
---|---|---|---|---|---|---|---|---|---
 2 | 0 | X | X | X | X |   |   | 0 | 2 
---|---|---|---|---|---|---|---|---|---
 3 | 0 | 0 | X | X | X | X | X | 0 | 3 
---|---|---|---|---|---|---|---|---|---
 4 | 0 | X | 0 | X | 0 | 0 | 0 | 0 | 4 
---|---|---|---|---|---|---|---|---|---
 5 | 0 | 0 | X | X | X | X | X | X | 5 
---|---|---|---|---|---|---|---|---|---
 6 | 0 |   | X | X | X | X |   |   | 6 
---|---|---|---|---|---|---|---|---|---
 7 |   |   | X |   |   | X |   |   | 7 
---|---|---|---|---|---|---|---|---|---
 8 |   |   |   |   |   |   |   |   | 8 
---|---|---|---|---|---|---|---|---|---
   | 1 | 2 | 3 | 4 | 5 | 6 | 7 | 8 |

It took 4 seconds to make this move...


Black to move
BOEXXXXEOOXXXXEEOOOXXXXXOOXOXOOOOOOXXXXXXOEXXXXEEEEXEEXEEEEEEEEEE
(6,2)
   | 1 | 2 | 3 | 4 | 5 | 6 | 7 | 8 |
---|---|---|---|---|---|---|---|---|---
 1 | 0 |   | X | X | X | X |   | 0 | 1 
---|---|---|---|---|---|---|---|---|---
 2 | 0 | X | X | X | X |   |   | 0 | 2 
---|---|---|---|---|---|---|---|---|---
 3 | 0 | 0 | X | X | X | X | X | 0 | 3 
---|---|---|---|---|---|---|---|---|---
 4 | 0 | X | 0 | X | 0 | 0 | 0 | 0 | 4 
---|---|---|---|---|---|---|---|---|---
 5 | 0 | X | X | X | X | X | X | X | 5 
---|---|---|---|---|---|---|---|---|---
 6 | 0 | X | X | X | X | X |   |   | 6 
---|---|---|---|---|---|---|---|---|---
 7 |   |   | X |   |   | X |   |   | 7 
---|---|---|---|---|---|---|---|---|---
 8 |   |   |   |   |   |   |   |   | 8 
---|---|---|---|---|---|---|---|---|---
   | 1 | 2 | 3 | 4 | 5 | 6 | 7 | 8 |

It took 0 seconds to make this move...


White to move
WOEXXXXEOOXXXXEEOOOXXXXXOOXOXOOOOOXXXXXXXOXXXXXEEEEXEEXEEEEEEEEEE
(6,8) Depth reached: 7, Nodes searched: 11993
   | 1 | 2 | 3 | 4 | 5 | 6 | 7 | 8 |
---|---|---|---|---|---|---|---|---|---
 1 | 0 |   | X | X | X | X |   | 0 | 1 
---|---|---|---|---|---|---|---|---|---
 2 | 0 | X | X | X | X |   |   | 0 | 2 
---|---|---|---|---|---|---|---|---|---
 3 | 0 | 0 | X | X | X | X | X | 0 | 3 
---|---|---|---|---|---|---|---|---|---
 4 | 0 | X | 0 | X | 0 | 0 | 0 | 0 | 4 
---|---|---|---|---|---|---|---|---|---
 5 | 0 | X | X | X | X | X | 0 | 0 | 5 
---|---|---|---|---|---|---|---|---|---
 6 | 0 | X | X | X | X | X |   | 0 | 6 
---|---|---|---|---|---|---|---|---|---
 7 |   |   | X |   |   | X |   |   | 7 
---|---|---|---|---|---|---|---|---|---
 8 |   |   |   |   |   |   |   |   | 8 
---|---|---|---|---|---|---|---|---|---
   | 1 | 2 | 3 | 4 | 5 | 6 | 7 | 8 |

It took 4 seconds to make this move...


Black to move
BOEXXXXEOOXXXXEEOOOXXXXXOOXOXOOOOOXXXXXOOOXXXXXEOEEXEEXEEEEEEEEEE
(6,7)
   | 1 | 2 | 3 | 4 | 5 | 6 | 7 | 8 |
---|---|---|---|---|---|---|---|---|---
 1 | 0 |   | X | X | X | X |   | 0 | 1 
---|---|---|---|---|---|---|---|---|---
 2 | 0 | X | X | X | X |   |   | 0 | 2 
---|---|---|---|---|---|---|---|---|---
 3 | 0 | 0 | X | X | X | X | X | 0 | 3 
---|---|---|---|---|---|---|---|---|---
 4 | 0 | X | 0 | X | 0 | 0 | X | 0 | 4 
---|---|---|---|---|---|---|---|---|---
 5 | 0 | X | X | X | X | X | X | 0 | 5 
---|---|---|---|---|---|---|---|---|---
 6 | 0 | X | X | X | X | X | X | 0 | 6 
---|---|---|---|---|---|---|---|---|---
 7 |   |   | X |   |   | X |   |   | 7 
---|---|---|---|---|---|---|---|---|---
 8 |   |   |   |   |   |   |   |   | 8 
---|---|---|---|---|---|---|---|---|---
   | 1 | 2 | 3 | 4 | 5 | 6 | 7 | 8 |

It took 0 seconds to make this move...


White to move
WOEXXXXEOOXXXXEEOOOXXXXXOOXOXOOXOOXXXXXXOOXXXXXXOEEXEEXEEEEEEEEEE
(8,3) Depth reached: 7, Nodes searched: 21643
   | 1 | 2 | 3 | 4 | 5 | 6 | 7 | 8 |
---|---|---|---|---|---|---|---|---|---
 1 | 0 |   | X | X | X | X |   | 0 | 1 
---|---|---|---|---|---|---|---|---|---
 2 | 0 | X | X | X | X |   |   | 0 | 2 
---|---|---|---|---|---|---|---|---|---
 3 | 0 | 0 | X | X | X | X | X | 0 | 3 
---|---|---|---|---|---|---|---|---|---
 4 | 0 | X | 0 | X | 0 | 0 | X | 0 | 4 
---|---|---|---|---|---|---|---|---|---
 5 | 0 | X | 0 | X | X | X | X | 0 | 5 
---|---|---|---|---|---|---|---|---|---
 6 | 0 | X | 0 | X | X | X | X | 0 | 6 
---|---|---|---|---|---|---|---|---|---
 7 |   |   | 0 |   |   | X |   |   | 7 
---|---|---|---|---|---|---|---|---|---
 8 |   |   | 0 |   |   |   |   |   | 8 
---|---|---|---|---|---|---|---|---|---
   | 1 | 2 | 3 | 4 | 5 | 6 | 7 | 8 |

It took 5 seconds to make this move...


Black to move
BOEXXXXEOOXXXXEEOOOXXXXXOOXOXOOXOOXOXXXXOOXOXXXXOEEOEEXEEEEOEEEEE
(8,2)
   | 1 | 2 | 3 | 4 | 5 | 6 | 7 | 8 |
---|---|---|---|---|---|---|---|---|---
 1 | 0 |   | X | X | X | X |   | 0 | 1 
---|---|---|---|---|---|---|---|---|---
 2 | 0 | X | X | X | X |   |   | 0 | 2 
---|---|---|---|---|---|---|---|---|---
 3 | 0 | 0 | X | X | X | X | X | 0 | 3 
---|---|---|---|---|---|---|---|---|---
 4 | 0 | X | 0 | X | 0 | 0 | X | 0 | 4 
---|---|---|---|---|---|---|---|---|---
 5 | 0 | X | 0 | X | X | X | X | 0 | 5 
---|---|---|---|---|---|---|---|---|---
 6 | 0 | X | 0 | X | X | X | X | 0 | 6 
---|---|---|---|---|---|---|---|---|---
 7 |   |   | X |   |   | X |   |   | 7 
---|---|---|---|---|---|---|---|---|---
 8 |   | X | 0 |   |   |   |   |   | 8 
---|---|---|---|---|---|---|---|---|---
   | 1 | 2 | 3 | 4 | 5 | 6 | 7 | 8 |

It took 0 seconds to make this move...


White to move
WOEXXXXEOOXXXXEEOOOXXXXXOOXOXOOXOOXOXXXXOOXOXXXXOEEXEEXEEEXOEEEEE
(1,2) Depth reached: 8, Nodes searched: 21125
   | 1 | 2 | 3 | 4 | 5 | 6 | 7 | 8 |
---|---|---|---|---|---|---|---|---|---
 1 | 0 | 0 | X | X | X | X |   | 0 | 1 
---|---|---|---|---|---|---|---|---|---
 2 | 0 | 0 | 0 | X | X |   |   | 0 | 2 
---|---|---|---|---|---|---|---|---|---
 3 | 0 | 0 | X | 0 | X | X | X | 0 | 3 
---|---|---|---|---|---|---|---|---|---
 4 | 0 | X | 0 | X | 0 | 0 | X | 0 | 4 
---|---|---|---|---|---|---|---|---|---
 5 | 0 | X | 0 | X | X | X | X | 0 | 5 
---|---|---|---|---|---|---|---|---|---
 6 | 0 | X | 0 | X | X | X | X | 0 | 6 
---|---|---|---|---|---|---|---|---|---
 7 |   |   | X |   |   | X |   |   | 7 
---|---|---|---|---|---|---|---|---|---
 8 |   | X | 0 |   |   |   |   |   | 8 
---|---|---|---|---|---|---|---|---|---
   | 1 | 2 | 3 | 4 | 5 | 6 | 7 | 8 |

It took 5 seconds to make this move...


Black to move
BOOXXXXEOOOOXXEEOOOXOXXXOOXOXOOXOOXOXXXXOOXOXXXXOEEXEEXEEEXOEEEEE
(7,2)
   | 1 | 2 | 3 | 4 | 5 | 6 | 7 | 8 |
---|---|---|---|---|---|---|---|---|---
 1 | 0 | 0 | X | X | X | X |   | 0 | 1 
---|---|---|---|---|---|---|---|---|---
 2 | 0 | 0 | 0 | X | X |   |   | 0 | 2 
---|---|---|---|---|---|---|---|---|---
 3 | 0 | 0 | X | 0 | X | X | X | 0 | 3 
---|---|---|---|---|---|---|---|---|---
 4 | 0 | X | 0 | X | 0 | 0 | X | 0 | 4 
---|---|---|---|---|---|---|---|---|---
 5 | 0 | X | 0 | X | X | X | X | 0 | 5 
---|---|---|---|---|---|---|---|---|---
 6 | 0 | X | X | X | X | X | X | 0 | 6 
---|---|---|---|---|---|---|---|---|---
 7 |   | X | X |   |   | X |   |   | 7 
---|---|---|---|---|---|---|---|---|---
 8 |   | X | 0 |   |   |   |   |   | 8 
---|---|---|---|---|---|---|---|---|---
   | 1 | 2 | 3 | 4 | 5 | 6 | 7 | 8 |

It took 0 seconds to make this move...


White to move
WOOXXXXEOOOOXXEEOOOXOXXXOOXOXOOXOOXOXXXXOOXXXXXXOEXXEEXEEEXOEEEEE
(1,7) Depth reached: 8, Nodes searched: 27212
   | 1 | 2 | 3 | 4 | 5 | 6 | 7 | 8 |
---|---|---|---|---|---|---|---|---|---
 1 | 0 | 0 | 0 | 0 | 0 | 0 | 0 | 0 | 1 
---|---|---|---|---|---|---|---|---|---
 2 | 0 | 0 | 0 | X | X |   |   | 0 | 2 
---|---|---|---|---|---|---|---|---|---
 3 | 0 | 0 | X | 0 | X | X | X | 0 | 3 
---|---|---|---|---|---|---|---|---|---
 4 | 0 | X | 0 | X | 0 | 0 | X | 0 | 4 
---|---|---|---|---|---|---|---|---|---
 5 | 0 | X | 0 | X | X | X | X | 0 | 5 
---|---|---|---|---|---|---|---|---|---
 6 | 0 | X | X | X | X | X | X | 0 | 6 
---|---|---|---|---|---|---|---|---|---
 7 |   | X | X |   |   | X |   |   | 7 
---|---|---|---|---|---|---|---|---|---
 8 |   | X | 0 |   |   |   |   |   | 8 
---|---|---|---|---|---|---|---|---|---
   | 1 | 2 | 3 | 4 | 5 | 6 | 7 | 8 |

It took 5 seconds to make this move...


Black to move
BOOOOOOOOOOOXXEEOOOXOXXXOOXOXOOXOOXOXXXXOOXXXXXXOEXXEEXEEEXOEEEEE
(8,4)
   | 1 | 2 | 3 | 4 | 5 | 6 | 7 | 8 |
---|---|---|---|---|---|---|---|---|---
 1 | 0 | 0 | 0 | 0 | 0 | 0 | 0 | 0 | 1 
---|---|---|---|---|---|---|---|---|---
 2 | 0 | 0 | 0 | X | X |   |   | 0 | 2 
---|---|---|---|---|---|---|---|---|---
 3 | 0 | 0 | X | 0 | X | X | X | 0 | 3 
---|---|---|---|---|---|---|---|---|---
 4 | 0 | X | 0 | X | 0 | 0 | X | 0 | 4 
---|---|---|---|---|---|---|---|---|---
 5 | 0 | X | 0 | X | X | X | X | 0 | 5 
---|---|---|---|---|---|---|---|---|---
 6 | 0 | X | X | X | X | X | X | 0 | 6 
---|---|---|---|---|---|---|---|---|---
 7 |   | X | X |   |   | X |   |   | 7 
---|---|---|---|---|---|---|---|---|---
 8 |   | X | X | X |   |   |   |   | 8 
---|---|---|---|---|---|---|---|---|---
   | 1 | 2 | 3 | 4 | 5 | 6 | 7 | 8 |

It took 0 seconds to make this move...


White to move
WOOOOOOOOOOOXXEEOOOXOXXXOOXOXOOXOOXOXXXXOOXXXXXXOEXXEEXEEEXXXEEEE
(8,6) Depth reached: 9, Nodes searched: 18443
   | 1 | 2 | 3 | 4 | 5 | 6 | 7 | 8 |
---|---|---|---|---|---|---|---|---|---
 1 | 0 | 0 | 0 | 0 | 0 | 0 | 0 | 0 | 1 
---|---|---|---|---|---|---|---|---|---
 2 | 0 | 0 | 0 | X | X |   |   | 0 | 2 
---|---|---|---|---|---|---|---|---|---
 3 | 0 | 0 | X | 0 | X | X | X | 0 | 3 
---|---|---|---|---|---|---|---|---|---
 4 | 0 | X | 0 | X | 0 | 0 | X | 0 | 4 
---|---|---|---|---|---|---|---|---|---
 5 | 0 | X | 0 | X | X | 0 | X | 0 | 5 
---|---|---|---|---|---|---|---|---|---
 6 | 0 | X | X | X | X | 0 | X | 0 | 6 
---|---|---|---|---|---|---|---|---|---
 7 |   | X | X |   |   | 0 |   |   | 7 
---|---|---|---|---|---|---|---|---|---
 8 |   | X | X | X |   | 0 |   |   | 8 
---|---|---|---|---|---|---|---|---|---
   | 1 | 2 | 3 | 4 | 5 | 6 | 7 | 8 |

It took 4 seconds to make this move...


Black to move
BOOOOOOOOOOOXXEEOOOXOXXXOOXOXOOXOOXOXXOXOOXXXXOXOEXXEEOEEEXXXEOEE
(8,5)
   | 1 | 2 | 3 | 4 | 5 | 6 | 7 | 8 |
---|---|---|---|---|---|---|---|---|---
 1 | 0 | 0 | 0 | 0 | 0 | 0 | 0 | 0 | 1 
---|---|---|---|---|---|---|---|---|---
 2 | 0 | 0 | 0 | X | X |   |   | 0 | 2 
---|---|---|---|---|---|---|---|---|---
 3 | 0 | 0 | X | 0 | X | X | X | 0 | 3 
---|---|---|---|---|---|---|---|---|---
 4 | 0 | X | 0 | X | 0 | 0 | X | 0 | 4 
---|---|---|---|---|---|---|---|---|---
 5 | 0 | X | 0 | X | X | 0 | X | 0 | 5 
---|---|---|---|---|---|---|---|---|---
 6 | 0 | X | X | X | X | 0 | X | 0 | 6 
---|---|---|---|---|---|---|---|---|---
 7 |   | X | X |   |   | X |   |   | 7 
---|---|---|---|---|---|---|---|---|---
 8 |   | X | X | X | X | 0 |   |   | 8 
---|---|---|---|---|---|---|---|---|---
   | 1 | 2 | 3 | 4 | 5 | 6 | 7 | 8 |

It took 0 seconds to make this move...


White to move
WOOOOOOOOOOOXXEEOOOXOXXXOOXOXOOXOOXOXXOXOOXXXXOXOEXXEEXEEEXXXXOEE
(7,1) Depth reached: 12, Nodes searched: 40201
   | 1 | 2 | 3 | 4 | 5 | 6 | 7 | 8 |
---|---|---|---|---|---|---|---|---|---
 1 | 0 | 0 | 0 | 0 | 0 | 0 | 0 | 0 | 1 
---|---|---|---|---|---|---|---|---|---
 2 | 0 | 0 | 0 | X | X |   |   | 0 | 2 
---|---|---|---|---|---|---|---|---|---
 3 | 0 | 0 | X | 0 | X | X | X | 0 | 3 
---|---|---|---|---|---|---|---|---|---
 4 | 0 | X | 0 | X | 0 | 0 | X | 0 | 4 
---|---|---|---|---|---|---|---|---|---
 5 | 0 | X | 0 | X | X | 0 | X | 0 | 5 
---|---|---|---|---|---|---|---|---|---
 6 | 0 | 0 | X | X | X | 0 | X | 0 | 6 
---|---|---|---|---|---|---|---|---|---
 7 | 0 | X | X |   |   | X |   |   | 7 
---|---|---|---|---|---|---|---|---|---
 8 |   | X | X | X | X | 0 |   |   | 8 
---|---|---|---|---|---|---|---|---|---
   | 1 | 2 | 3 | 4 | 5 | 6 | 7 | 8 |

It took 4 seconds to make this move...


Black to move
BOOOOOOOOOOOXXEEOOOXOXXXOOXOXOOXOOXOXXOXOOOXXXOXOOXXEEXEEEXXXXOEE
(8,7)
   | 1 | 2 | 3 | 4 | 5 | 6 | 7 | 8 |
---|---|---|---|---|---|---|---|---|---
 1 | 0 | 0 | 0 | 0 | 0 | 0 | 0 | 0 | 1 
---|---|---|---|---|---|---|---|---|---
 2 | 0 | 0 | 0 | X | X |   |   | 0 | 2 
---|---|---|---|---|---|---|---|---|---
 3 | 0 | 0 | X | 0 | X | X | X | 0 | 3 
---|---|---|---|---|---|---|---|---|---
 4 | 0 | X | 0 | X | 0 | 0 | X | 0 | 4 
---|---|---|---|---|---|---|---|---|---
 5 | 0 | X | 0 | X | X | 0 | X | 0 | 5 
---|---|---|---|---|---|---|---|---|---
 6 | 0 | 0 | X | X | X | 0 | X | 0 | 6 
---|---|---|---|---|---|---|---|---|---
 7 | 0 | X | X |   |   | X |   |   | 7 
---|---|---|---|---|---|---|---|---|---
 8 |   | X | X | X | X | X | X |   | 8 
---|---|---|---|---|---|---|---|---|---
   | 1 | 2 | 3 | 4 | 5 | 6 | 7 | 8 |

It took 0 seconds to make this move...


White to move
WOOOOOOOOOOOXXEEOOOXOXXXOOXOXOOXOOXOXXOXOOOXXXOXOOXXEEXEEEXXXXXXE
(7,5) Depth reached: 41, Nodes searched: 3061
   | 1 | 2 | 3 | 4 | 5 | 6 | 7 | 8 |
---|---|---|---|---|---|---|---|---|---
 1 | 0 | 0 | 0 | 0 | 0 | 0 | 0 | 0 | 1 
---|---|---|---|---|---|---|---|---|---
 2 | 0 | 0 | 0 | X | X |   |   | 0 | 2 
---|---|---|---|---|---|---|---|---|---
 3 | 0 | 0 | X | 0 | X | X | X | 0 | 3 
---|---|---|---|---|---|---|---|---|---
 4 | 0 | X | 0 | X | 0 | 0 | X | 0 | 4 
---|---|---|---|---|---|---|---|---|---
 5 | 0 | X | 0 | X | 0 | 0 | X | 0 | 5 
---|---|---|---|---|---|---|---|---|---
 6 | 0 | 0 | X | 0 | 0 | 0 | X | 0 | 6 
---|---|---|---|---|---|---|---|---|---
 7 | 0 | X | X |   | 0 | X |   |   | 7 
---|---|---|---|---|---|---|---|---|---
 8 |   | X | X | X | X | X | X |   | 8 
---|---|---|---|---|---|---|---|---|---
   | 1 | 2 | 3 | 4 | 5 | 6 | 7 | 8 |

It took 5 seconds to make this move...


Black to move
BOOOOOOOOOOOXXEEOOOXOXXXOOXOXOOXOOXOXOOXOOOXOOOXOOXXEOXEEEXXXXXXE
(7,4)
   | 1 | 2 | 3 | 4 | 5 | 6 | 7 | 8 |
---|---|---|---|---|---|---|---|---|---
 1 | 0 | 0 | 0 | 0 | 0 | 0 | 0 | 0 | 1 
---|---|---|---|---|---|---|---|---|---
 2 | 0 | 0 | 0 | X | X |   |   | 0 | 2 
---|---|---|---|---|---|---|---|---|---
 3 | 0 | 0 | X | 0 | X | X | X | 0 | 3 
---|---|---|---|---|---|---|---|---|---
 4 | 0 | X | 0 | X | 0 | 0 | X | 0 | 4 
---|---|---|---|---|---|---|---|---|---
 5 | 0 | X | 0 | X | 0 | X | X | 0 | 5 
---|---|---|---|---|---|---|---|---|---
 6 | 0 | 0 | X | X | X | 0 | X | 0 | 6 
---|---|---|---|---|---|---|---|---|---
 7 | 0 | X | X | X | X | X |   |   | 7 
---|---|---|---|---|---|---|---|---|---
 8 |   | X | X | X | X | X | X |   | 8 
---|---|---|---|---|---|---|---|---|---
   | 1 | 2 | 3 | 4 | 5 | 6 | 7 | 8 |

It took 0 seconds to make this move...


White to move
WOOOOOOOOOOOXXEEOOOXOXXXOOXOXOOXOOXOXOXXOOOXXXOXOOXXXXXEEEXXXXXXE
(7,8) Depth reached: 106, Nodes searched: 1874
   | 1 | 2 | 3 | 4 | 5 | 6 | 7 | 8 |
---|---|---|---|---|---|---|---|---|---
 1 | 0 | 0 | 0 | 0 | 0 | 0 | 0 | 0 | 1 
---|---|---|---|---|---|---|---|---|---
 2 | 0 | 0 | 0 | X | X |   |   | 0 | 2 
---|---|---|---|---|---|---|---|---|---
 3 | 0 | 0 | X | 0 | X | X | X | 0 | 3 
---|---|---|---|---|---|---|---|---|---
 4 | 0 | X | 0 | X | 0 | 0 | X | 0 | 4 
---|---|---|---|---|---|---|---|---|---
 5 | 0 | X | 0 | X | 0 | 0 | X | 0 | 5 
---|---|---|---|---|---|---|---|---|---
 6 | 0 | 0 | X | X | X | 0 | 0 | 0 | 6 
---|---|---|---|---|---|---|---|---|---
 7 | 0 | X | X | X | X | X |   | 0 | 7 
---|---|---|---|---|---|---|---|---|---
 8 |   | X | X | X | X | X | X |   | 8 
---|---|---|---|---|---|---|---|---|---
   | 1 | 2 | 3 | 4 | 5 | 6 | 7 | 8 |

It took 5 seconds to make this move...


Black to move
BOOOOOOOOOOOXXEEOOOXOXXXOOXOXOOXOOXOXOOXOOOXXXOOOOXXXXXEOEXXXXXXE
(7,7)
   | 1 | 2 | 3 | 4 | 5 | 6 | 7 | 8 |
---|---|---|---|---|---|---|---|---|---
 1 | 0 | 0 | 0 | 0 | 0 | 0 | 0 | 0 | 1 
---|---|---|---|---|---|---|---|---|---
 2 | 0 | 0 | 0 | X | X |   |   | 0 | 2 
---|---|---|---|---|---|---|---|---|---
 3 | 0 | 0 | X | 0 | X | X | X | 0 | 3 
---|---|---|---|---|---|---|---|---|---
 4 | 0 | X | 0 | X | 0 | 0 | X | 0 | 4 
---|---|---|---|---|---|---|---|---|---
 5 | 0 | X | 0 | X | X | 0 | X | 0 | 5 
---|---|---|---|---|---|---|---|---|---
 6 | 0 | 0 | X | X | X | X | X | 0 | 6 
---|---|---|---|---|---|---|---|---|---
 7 | 0 | X | X | X | X | X | X | 0 | 7 
---|---|---|---|---|---|---|---|---|---
 8 |   | X | X | X | X | X | X |   | 8 
---|---|---|---|---|---|---|---|---|---
   | 1 | 2 | 3 | 4 | 5 | 6 | 7 | 8 |

It took 0 seconds to make this move...


White to move
WOOOOOOOOOOOXXEEOOOXOXXXOOXOXOOXOOXOXXOXOOOXXXXXOOXXXXXXOEXXXXXXE
(8,1) Depth reached: 193, Nodes searched: 1195
   | 1 | 2 | 3 | 4 | 5 | 6 | 7 | 8 |
---|---|---|---|---|---|---|---|---|---
 1 | 0 | 0 | 0 | 0 | 0 | 0 | 0 | 0 | 1 
---|---|---|---|---|---|---|---|---|---
 2 | 0 | 0 | 0 | X | X |   |   | 0 | 2 
---|---|---|---|---|---|---|---|---|---
 3 | 0 | 0 | X | 0 | X | X | X | 0 | 3 
---|---|---|---|---|---|---|---|---|---
 4 | 0 | X | 0 | X | 0 | 0 | X | 0 | 4 
---|---|---|---|---|---|---|---|---|---
 5 | 0 | X | 0 | 0 | X | 0 | X | 0 | 5 
---|---|---|---|---|---|---|---|---|---
 6 | 0 | 0 | 0 | X | X | X | X | 0 | 6 
---|---|---|---|---|---|---|---|---|---
 7 | 0 | 0 | X | X | X | X | X | 0 | 7 
---|---|---|---|---|---|---|---|---|---
 8 | 0 | X | X | X | X | X | X |   | 8 
---|---|---|---|---|---|---|---|---|---
   | 1 | 2 | 3 | 4 | 5 | 6 | 7 | 8 |

It took 5 seconds to make this move...


Black to move
BOOOOOOOOOOOXXEEOOOXOXXXOOXOXOOXOOXOOXOXOOOOXXXXOOOXXXXXOOXXXXXXE
pass
   | 1 | 2 | 3 | 4 | 5 | 6 | 7 | 8 |
---|---|---|---|---|---|---|---|---|---
 1 | 0 | 0 | 0 | 0 | 0 | 0 | 0 | 0 | 1 
---|---|---|---|---|---|---|---|---|---
 2 | 0 | 0 | 0 | X | X |   |   | 0 | 2 
---|---|---|---|---|---|---|---|---|---
 3 | 0 | 0 | X | 0 | X | X | X | 0 | 3 
---|---|---|---|---|---|---|---|---|---
 4 | 0 | X | 0 | X | 0 | 0 | X | 0 | 4 
---|---|---|---|---|---|---|---|---|---
 5 | 0 | X | 0 | 0 | X | 0 | X | 0 | 5 
---|---|---|---|---|---|---|---|---|---
 6 | 0 | 0 | 0 | X | X | X | X | 0 | 6 
---|---|---|---|---|---|---|---|---|---
 7 | 0 | 0 | X | X | X | X | X | 0 | 7 
---|---|---|---|---|---|---|---|---|---
 8 | 0 | X | X | X | X | X | X |   | 8 
---|---|---|---|---|---|---|---|---|---
   | 1 | 2 | 3 | 4 | 5 | 6 | 7 | 8 |

It took 0 seconds to make this move...


White to move
WOOOOOOOOOOOXXEEOOOXOXXXOOXOXOOXOOXOOXOXOOOOXXXXOOOXXXXXOOXXXXXXE
(8,8) Depth reached: 332, Nodes searched: 847
   | 1 | 2 | 3 | 4 | 5 | 6 | 7 | 8 |
---|---|---|---|---|---|---|---|---|---
 1 | 0 | 0 | 0 | 0 | 0 | 0 | 0 | 0 | 1 
---|---|---|---|---|---|---|---|---|---
 2 | 0 | 0 | 0 | X | X |   |   | 0 | 2 
---|---|---|---|---|---|---|---|---|---
 3 | 0 | 0 | 0 | 0 | X | X | X | 0 | 3 
---|---|---|---|---|---|---|---|---|---
 4 | 0 | X | 0 | 0 | 0 | 0 | X | 0 | 4 
---|---|---|---|---|---|---|---|---|---
 5 | 0 | X | 0 | 0 | 0 | 0 | X | 0 | 5 
---|---|---|---|---|---|---|---|---|---
 6 | 0 | 0 | 0 | X | X | 0 | X | 0 | 6 
---|---|---|---|---|---|---|---|---|---
 7 | 0 | 0 | X | X | X | X | 0 | 0 | 7 
---|---|---|---|---|---|---|---|---|---
 8 | 0 | 0 | 0 | 0 | 0 | 0 | 0 | 0 | 8 
---|---|---|---|---|---|---|---|---|---
   | 1 | 2 | 3 | 4 | 5 | 6 | 7 | 8 |

It took 4 seconds to make this move...


Black to move
BOOOOOOOOOOOXXEEOOOOOXXXOOXOOOOXOOXOOOOXOOOOXXOXOOOXXXXOOOOOOOOOO
pass
   | 1 | 2 | 3 | 4 | 5 | 6 | 7 | 8 |
---|---|---|---|---|---|---|---|---|---
 1 | 0 | 0 | 0 | 0 | 0 | 0 | 0 | 0 | 1 
---|---|---|---|---|---|---|---|---|---
 2 | 0 | 0 | 0 | X | X |   |   | 0 | 2 
---|---|---|---|---|---|---|---|---|---
 3 | 0 | 0 | 0 | 0 | X | X | X | 0 | 3 
---|---|---|---|---|---|---|---|---|---
 4 | 0 | X | 0 | 0 | 0 | 0 | X | 0 | 4 
---|---|---|---|---|---|---|---|---|---
 5 | 0 | X | 0 | 0 | 0 | 0 | X | 0 | 5 
---|---|---|---|---|---|---|---|---|---
 6 | 0 | 0 | 0 | X | X | 0 | X | 0 | 6 
---|---|---|---|---|---|---|---|---|---
 7 | 0 | 0 | X | X | X | X | 0 | 0 | 7 
---|---|---|---|---|---|---|---|---|---
 8 | 0 | 0 | 0 | 0 | 0 | 0 | 0 | 0 | 8 
---|---|---|---|---|---|---|---|---|---
   | 1 | 2 | 3 | 4 | 5 | 6 | 7 | 8 |

It took 0 seconds to make this move...


White to move
WOOOOOOOOOOOXXEEOOOOOXXXOOXOOOOXOOXOOOOXOOOOXXOXOOOXXXXOOOOOOOOOO
(2,6) Depth reached: 462, Nodes searched: 876
   | 1 | 2 | 3 | 4 | 5 | 6 | 7 | 8 |
---|---|---|---|---|---|---|---|---|---
 1 | 0 | 0 | 0 | 0 | 0 | 0 | 0 | 0 | 1 
---|---|---|---|---|---|---|---|---|---
 2 | 0 | 0 | 0 | 0 | 0 | 0 |   | 0 | 2 
---|---|---|---|---|---|---|---|---|---
 3 | 0 | 0 | 0 | 0 | 0 | 0 | 0 | 0 | 3 
---|---|---|---|---|---|---|---|---|---
 4 | 0 | X | 0 | 0 | 0 | 0 | X | 0 | 4 
---|---|---|---|---|---|---|---|---|---
 5 | 0 | X | 0 | 0 | 0 | 0 | X | 0 | 5 
---|---|---|---|---|---|---|---|---|---
 6 | 0 | 0 | 0 | X | X | 0 | X | 0 | 6 
---|---|---|---|---|---|---|---|---|---
 7 | 0 | 0 | X | X | X | X | 0 | 0 | 7 
---|---|---|---|---|---|---|---|---|---
 8 | 0 | 0 | 0 | 0 | 0 | 0 | 0 | 0 | 8 
---|---|---|---|---|---|---|---|---|---
   | 1 | 2 | 3 | 4 | 5 | 6 | 7 | 8 |

It took 4 seconds to make this move...


Black to move
BOOOOOOOOOOOOOOEOOOOOOOOOOXOOOOXOOXOOOOXOOOOXXOXOOOXXXXOOOOOOOOOO
(2,7)
   | 1 | 2 | 3 | 4 | 5 | 6 | 7 | 8 |
---|---|---|---|---|---|---|---|---|---
 1 | 0 | 0 | 0 | 0 | 0 | 0 | 0 | 0 | 1 
---|---|---|---|---|---|---|---|---|---
 2 | 0 | 0 | 0 | 0 | 0 | 0 | X | 0 | 2 
---|---|---|---|---|---|---|---|---|---
 3 | 0 | 0 | 0 | 0 | 0 | 0 | X | 0 | 3 
---|---|---|---|---|---|---|---|---|---
 4 | 0 | X | 0 | 0 | 0 | 0 | X | 0 | 4 
---|---|---|---|---|---|---|---|---|---
 5 | 0 | X | 0 | 0 | 0 | 0 | X | 0 | 5 
---|---|---|---|---|---|---|---|---|---
 6 | 0 | 0 | 0 | X | X | 0 | X | 0 | 6 
---|---|---|---|---|---|---|---|---|---
 7 | 0 | 0 | X | X | X | X | 0 | 0 | 7 
---|---|---|---|---|---|---|---|---|---
 8 | 0 | 0 | 0 | 0 | 0 | 0 | 0 | 0 | 8 
---|---|---|---|---|---|---|---|---|---
   | 1 | 2 | 3 | 4 | 5 | 6 | 7 | 8 |

It took 0 seconds to make this move...


White to move
WOOOOOOOOOOOOOOXOOOOOOOXOOXOOOOXOOXOOOOXOOOOXXOXOOOXXXXOOOOOOOOOO
pass
   | 1 | 2 | 3 | 4 | 5 | 6 | 7 | 8 |
---|---|---|---|---|---|---|---|---|---
 1 | 0 | 0 | 0 | 0 | 0 | 0 | 0 | 0 | 1 
---|---|---|---|---|---|---|---|---|---
 2 | 0 | 0 | 0 | 0 | 0 | 0 | X | 0 | 2 
---|---|---|---|---|---|---|---|---|---
 3 | 0 | 0 | 0 | 0 | 0 | 0 | X | 0 | 3 
---|---|---|---|---|---|---|---|---|---
 4 | 0 | X | 0 | 0 | 0 | 0 | X | 0 | 4 
---|---|---|---|---|---|---|---|---|---
 5 | 0 | X | 0 | 0 | 0 | 0 | X | 0 | 5 
---|---|---|---|---|---|---|---|---|---
 6 | 0 | 0 | 0 | X | X | 0 | X | 0 | 6 
---|---|---|---|---|---|---|---|---|---
 7 | 0 | 0 | X | X | X | X | 0 | 0 | 7 
---|---|---|---|---|---|---|---|---|---
 8 | 0 | 0 | 0 | 0 | 0 | 0 | 0 | 0 | 8 
---|---|---|---|---|---|---|---|---|---
   | 1 | 2 | 3 | 4 | 5 | 6 | 7 | 8 |

It took 5 seconds to make this move...


Black to move
BOOOOOOOOOOOOOOXOOOOOOOXOOXOOOOXOOXOOOOXOOOOXXOXOOOXXXXOOOOOOOOOO
pass
   | 1 | 2 | 3 | 4 | 5 | 6 | 7 | 8 |
---|---|---|---|---|---|---|---|---|---
 1 | 0 | 0 | 0 | 0 | 0 | 0 | 0 | 0 | 1 
---|---|---|---|---|---|---|---|---|---
 2 | 0 | 0 | 0 | 0 | 0 | 0 | X | 0 | 2 
---|---|---|---|---|---|---|---|---|---
 3 | 0 | 0 | 0 | 0 | 0 | 0 | X | 0 | 3 
---|---|---|---|---|---|---|---|---|---
 4 | 0 | X | 0 | 0 | 0 | 0 | X | 0 | 4 
---|---|---|---|---|---|---|---|---|---
 5 | 0 | X | 0 | 0 | 0 | 0 | X | 0 | 5 
---|---|---|---|---|---|---|---|---|---
 6 | 0 | 0 | 0 | X | X | 0 | X | 0 | 6 
---|---|---|---|---|---|---|---|---|---
 7 | 0 | 0 | X | X | X | X | 0 | 0 | 7 
---|---|---|---|---|---|---|---|---|---
 8 | 0 | 0 | 0 | 0 | 0 | 0 | 0 | 0 | 8 
---|---|---|---|---|---|---|---|---|---
   | 1 | 2 | 3 | 4 | 5 | 6 | 7 | 8 |

It took 0 seconds to make this move...
***************************************
Results for ../Python/othello.sh vs. ./othello_naive.sh:
White won with 38 points
Average time for white: 4.7 s (max: 5 s)
Average time for black: 0.1 s (max: 1 s)
***************************************
