   | 1 | 2 | 3 | 4 | 5 | 6 | 7 | 8 |
---|---|---|---|---|---|---|---|---|---
 1 |   |   |   |   |   |   |   |   | 1 
---|---|---|---|---|---|---|---|---|---
 2 |   |   |   |   |   |   |   |   | 2 
---|---|---|---|---|---|---|---|---|---
 3 |   |   |   |   |   |   |   |   | 3 
---|---|---|---|---|---|---|---|---|---
 4 |   |   |   | 0 | X |   |   |   | 4 
---|---|---|---|---|---|---|---|---|---
 5 |   |   |   | X | 0 |   |   |   | 5 
---|---|---|---|---|---|---|---|---|---
 6 |   |   |   |   |   |   |   |   | 6 
---|---|---|---|---|---|---|---|---|---
 7 |   |   |   |   |   |   |   |   | 7 
---|---|---|---|---|---|---|---|---|---
 8 |   |   |   |   |   |   |   |   | 8 
---|---|---|---|---|---|---|---|---|---
   | 1 | 2 | 3 | 4 | 5 | 6 | 7 | 8 |



White to move
WEEEEEEEEEEEEEEEEEEEEEEEEEEEOXEEEEEEXOEEEEEEEEEEEEEEEEEEEEEEEEEEE
(3,5)
   | 1 | 2 | 3 | 4 | 5 | 6 | 7 | 8 |
---|---|---|---|---|---|---|---|---|---
 1 |   |   |   |   |   |   |   |   | 1 
---|---|---|---|---|---|---|---|---|---
 2 |   |   |   |   |   |   |   |   | 2 
---|---|---|---|---|---|---|---|---|---
 3 |   |   |   |   | 0 |   |   |   | 3 
---|---|---|---|---|---|---|---|---|---
 4 |   |   |   | 0 | 0 |   |   |   | 4 
---|---|---|---|---|---|---|---|---|---
 5 |   |   |   | X | 0 |   |   |   | 5 
---|---|---|---|---|---|---|---|---|---
 6 |   |   |   |   |   |   |   |   | 6 
---|---|---|---|---|---|---|---|---|---
 7 |   |   |   |   |   |   |   |   | 7 
---|---|---|---|---|---|---|---|---|---
 8 |   |   |   |   |   |   |   |   | 8 
---|---|---|---|---|---|---|---|---|---
   | 1 | 2 | 3 | 4 | 5 | 6 | 7 | 8 |

It took 0 seconds to make this move...


Black to move
BEEEEEEEEEEEEEEEEEEEEOEEEEEEOOEEEEEEXOEEEEEEEEEEEEEEEEEEEEEEEEEEE
(3,4) Depth reached: 8, Nodes searched: 13363
   | 1 | 2 | 3 | 4 | 5 | 6 | 7 | 8 |
---|---|---|---|---|---|---|---|---|---
 1 |   |   |   |   |   |   |   |   | 1 
---|---|---|---|---|---|---|---|---|---
 2 |   |   |   |   |   |   |   |   | 2 
---|---|---|---|---|---|---|---|---|---
 3 |   |   |   | X | 0 |   |   |   | 3 
---|---|---|---|---|---|---|---|---|---
 4 |   |   |   | X | 0 |   |   |   | 4 
---|---|---|---|---|---|---|---|---|---
 5 |   |   |   | X | 0 |   |   |   | 5 
---|---|---|---|---|---|---|---|---|---
 6 |   |   |   |   |   |   |   |   | 6 
---|---|---|---|---|---|---|---|---|---
 7 |   |   |   |   |   |   |   |   | 7 
---|---|---|---|---|---|---|---|---|---
 8 |   |   |   |   |   |   |   |   | 8 
---|---|---|---|---|---|---|---|---|---
   | 1 | 2 | 3 | 4 | 5 | 6 | 7 | 8 |

It took 5 seconds to make this move...


White to move
WEEEEEEEEEEEEEEEEEEEXOEEEEEEXOEEEEEEXOEEEEEEEEEEEEEEEEEEEEEEEEEEE
(3,3)
   | 1 | 2 | 3 | 4 | 5 | 6 | 7 | 8 |
---|---|---|---|---|---|---|---|---|---
 1 |   |   |   |   |   |   |   |   | 1 
---|---|---|---|---|---|---|---|---|---
 2 |   |   |   |   |   |   |   |   | 2 
---|---|---|---|---|---|---|---|---|---
 3 |   |   | 0 | 0 | 0 |   |   |   | 3 
---|---|---|---|---|---|---|---|---|---
 4 |   |   |   | 0 | 0 |   |   |   | 4 
---|---|---|---|---|---|---|---|---|---
 5 |   |   |   | X | 0 |   |   |   | 5 
---|---|---|---|---|---|---|---|---|---
 6 |   |   |   |   |   |   |   |   | 6 
---|---|---|---|---|---|---|---|---|---
 7 |   |   |   |   |   |   |   |   | 7 
---|---|---|---|---|---|---|---|---|---
 8 |   |   |   |   |   |   |   |   | 8 
---|---|---|---|---|---|---|---|---|---
   | 1 | 2 | 3 | 4 | 5 | 6 | 7 | 8 |

It took 0 seconds to make this move...


Black to move
BEEEEEEEEEEEEEEEEEEOOOEEEEEEOOEEEEEEXOEEEEEEEEEEEEEEEEEEEEEEEEEEE
(3,6) Depth reached: 7, Nodes searched: 25874
   | 1 | 2 | 3 | 4 | 5 | 6 | 7 | 8 |
---|---|---|---|---|---|---|---|---|---
 1 |   |   |   |   |   |   |   |   | 1 
---|---|---|---|---|---|---|---|---|---
 2 |   |   |   |   |   |   |   |   | 2 
---|---|---|---|---|---|---|---|---|---
 3 |   |   | 0 | 0 | 0 | X |   |   | 3 
---|---|---|---|---|---|---|---|---|---
 4 |   |   |   | 0 | X |   |   |   | 4 
---|---|---|---|---|---|---|---|---|---
 5 |   |   |   | X | 0 |   |   |   | 5 
---|---|---|---|---|---|---|---|---|---
 6 |   |   |   |   |   |   |   |   | 6 
---|---|---|---|---|---|---|---|---|---
 7 |   |   |   |   |   |   |   |   | 7 
---|---|---|---|---|---|---|---|---|---
 8 |   |   |   |   |   |   |   |   | 8 
---|---|---|---|---|---|---|---|---|---
   | 1 | 2 | 3 | 4 | 5 | 6 | 7 | 8 |

It took 5 seconds to make this move...


White to move
WEEEEEEEEEEEEEEEEEEOOOXEEEEEOXEEEEEEXOEEEEEEEEEEEEEEEEEEEEEEEEEEE
(5,3)
   | 1 | 2 | 3 | 4 | 5 | 6 | 7 | 8 |
---|---|---|---|---|---|---|---|---|---
 1 |   |   |   |   |   |   |   |   | 1 
---|---|---|---|---|---|---|---|---|---
 2 |   |   |   |   |   |   |   |   | 2 
---|---|---|---|---|---|---|---|---|---
 3 |   |   | 0 | 0 | 0 | X |   |   | 3 
---|---|---|---|---|---|---|---|---|---
 4 |   |   |   | 0 | X |   |   |   | 4 
---|---|---|---|---|---|---|---|---|---
 5 |   |   | 0 | 0 | 0 |   |   |   | 5 
---|---|---|---|---|---|---|---|---|---
 6 |   |   |   |   |   |   |   |   | 6 
---|---|---|---|---|---|---|---|---|---
 7 |   |   |   |   |   |   |   |   | 7 
---|---|---|---|---|---|---|---|---|---
 8 |   |   |   |   |   |   |   |   | 8 
---|---|---|---|---|---|---|---|---|---
   | 1 | 2 | 3 | 4 | 5 | 6 | 7 | 8 |

It took 1 seconds to make this move...


Black to move
BEEEEEEEEEEEEEEEEEEOOOXEEEEEOXEEEEEOOOEEEEEEEEEEEEEEEEEEEEEEEEEEE
(4,3) Depth reached: 7, Nodes searched: 12048
   | 1 | 2 | 3 | 4 | 5 | 6 | 7 | 8 |
---|---|---|---|---|---|---|---|---|---
 1 |   |   |   |   |   |   |   |   | 1 
---|---|---|---|---|---|---|---|---|---
 2 |   |   |   |   |   |   |   |   | 2 
---|---|---|---|---|---|---|---|---|---
 3 |   |   | 0 | 0 | 0 | X |   |   | 3 
---|---|---|---|---|---|---|---|---|---
 4 |   |   | X | X | X |   |   |   | 4 
---|---|---|---|---|---|---|---|---|---
 5 |   |   | 0 | 0 | 0 |   |   |   | 5 
---|---|---|---|---|---|---|---|---|---
 6 |   |   |   |   |   |   |   |   | 6 
---|---|---|---|---|---|---|---|---|---
 7 |   |   |   |   |   |   |   |   | 7 
---|---|---|---|---|---|---|---|---|---
 8 |   |   |   |   |   |   |   |   | 8 
---|---|---|---|---|---|---|---|---|---
   | 1 | 2 | 3 | 4 | 5 | 6 | 7 | 8 |

It took 5 seconds to make this move...


White to move
WEEEEEEEEEEEEEEEEEEOOOXEEEEXXXEEEEEOOOEEEEEEEEEEEEEEEEEEEEEEEEEEE
(2,7)
   | 1 | 2 | 3 | 4 | 5 | 6 | 7 | 8 |
---|---|---|---|---|---|---|---|---|---
 1 |   |   |   |   |   |   |   |   | 1 
---|---|---|---|---|---|---|---|---|---
 2 |   |   |   |   |   |   | 0 |   | 2 
---|---|---|---|---|---|---|---|---|---
 3 |   |   | 0 | 0 | 0 | 0 |   |   | 3 
---|---|---|---|---|---|---|---|---|---
 4 |   |   | X | X | 0 |   |   |   | 4 
---|---|---|---|---|---|---|---|---|---
 5 |   |   | 0 | 0 | 0 |   |   |   | 5 
---|---|---|---|---|---|---|---|---|---
 6 |   |   |   |   |   |   |   |   | 6 
---|---|---|---|---|---|---|---|---|---
 7 |   |   |   |   |   |   |   |   | 7 
---|---|---|---|---|---|---|---|---|---
 8 |   |   |   |   |   |   |   |   | 8 
---|---|---|---|---|---|---|---|---|---
   | 1 | 2 | 3 | 4 | 5 | 6 | 7 | 8 |

It took 0 seconds to make this move...


Black to move
BEEEEEEEEEEEEEEOEEEOOOOEEEEXXOEEEEEOOOEEEEEEEEEEEEEEEEEEEEEEEEEEE
(6,5) Depth reached: 6, Nodes searched: 24604
   | 1 | 2 | 3 | 4 | 5 | 6 | 7 | 8 |
---|---|---|---|---|---|---|---|---|---
 1 |   |   |   |   |   |   |   |   | 1 
---|---|---|---|---|---|---|---|---|---
 2 |   |   |   |   |   |   | 0 |   | 2 
---|---|---|---|---|---|---|---|---|---
 3 |   |   | 0 | 0 | 0 | 0 |   |   | 3 
---|---|---|---|---|---|---|---|---|---
 4 |   |   | X | X | 0 |   |   |   | 4 
---|---|---|---|---|---|---|---|---|---
 5 |   |   | 0 | X | 0 |   |   |   | 5 
---|---|---|---|---|---|---|---|---|---
 6 |   |   |   |   | X |   |   |   | 6 
---|---|---|---|---|---|---|---|---|---
 7 |   |   |   |   |   |   |   |   | 7 
---|---|---|---|---|---|---|---|---|---
 8 |   |   |   |   |   |   |   |   | 8 
---|---|---|---|---|---|---|---|---|---
   | 1 | 2 | 3 | 4 | 5 | 6 | 7 | 8 |

It took 6 seconds to make this move...


White to move
WEEEEEEEEEEEEEEOEEEOOOOEEEEXXOEEEEEOXOEEEEEEEXEEEEEEEEEEEEEEEEEEE
(6,4)
   | 1 | 2 | 3 | 4 | 5 | 6 | 7 | 8 |
---|---|---|---|---|---|---|---|---|---
 1 |   |   |   |   |   |   |   |   | 1 
---|---|---|---|---|---|---|---|---|---
 2 |   |   |   |   |   |   | 0 |   | 2 
---|---|---|---|---|---|---|---|---|---
 3 |   |   | 0 | 0 | 0 | 0 |   |   | 3 
---|---|---|---|---|---|---|---|---|---
 4 |   |   | X | 0 | 0 |   |   |   | 4 
---|---|---|---|---|---|---|---|---|---
 5 |   |   | 0 | 0 | 0 |   |   |   | 5 
---|---|---|---|---|---|---|---|---|---
 6 |   |   |   | 0 | X |   |   |   | 6 
---|---|---|---|---|---|---|---|---|---
 7 |   |   |   |   |   |   |   |   | 7 
---|---|---|---|---|---|---|---|---|---
 8 |   |   |   |   |   |   |   |   | 8 
---|---|---|---|---|---|---|---|---|---
   | 1 | 2 | 3 | 4 | 5 | 6 | 7 | 8 |

It took 0 seconds to make this move...


Black to move
BEEEEEEEEEEEEEEOEEEOOOOEEEEXOOEEEEEOOOEEEEEEOXEEEEEEEEEEEEEEEEEEE
(4,6) Depth reached: 7, Nodes searched: 498
   | 1 | 2 | 3 | 4 | 5 | 6 | 7 | 8 |
---|---|---|---|---|---|---|---|---|---
 1 |   |   |   |   |   |   |   |   | 1 
---|---|---|---|---|---|---|---|---|---
 2 |   |   |   |   |   |   | 0 |   | 2 
---|---|---|---|---|---|---|---|---|---
 3 |   |   | 0 | 0 | 0 | 0 |   |   | 3 
---|---|---|---|---|---|---|---|---|---
 4 |   |   | X | X | X | X |   |   | 4 
---|---|---|---|---|---|---|---|---|---
 5 |   |   | 0 | 0 | 0 |   |   |   | 5 
---|---|---|---|---|---|---|---|---|---
 6 |   |   |   | 0 | X |   |   |   | 6 
---|---|---|---|---|---|---|---|---|---
 7 |   |   |   |   |   |   |   |   | 7 
---|---|---|---|---|---|---|---|---|---
 8 |   |   |   |   |   |   |   |   | 8 
---|---|---|---|---|---|---|---|---|---
   | 1 | 2 | 3 | 4 | 5 | 6 | 7 | 8 |

It took 6 seconds to make this move...


White to move
WEEEEEEEEEEEEEEOEEEOOOOEEEEXXXXEEEEOOOEEEEEEOXEEEEEEEEEEEEEEEEEEE
(3,7)
   | 1 | 2 | 3 | 4 | 5 | 6 | 7 | 8 |
---|---|---|---|---|---|---|---|---|---
 1 |   |   |   |   |   |   |   |   | 1 
---|---|---|---|---|---|---|---|---|---
 2 |   |   |   |   |   |   | 0 |   | 2 
---|---|---|---|---|---|---|---|---|---
 3 |   |   | 0 | 0 | 0 | 0 | 0 |   | 3 
---|---|---|---|---|---|---|---|---|---
 4 |   |   | X | X | X | 0 |   |   | 4 
---|---|---|---|---|---|---|---|---|---
 5 |   |   | 0 | 0 | 0 |   |   |   | 5 
---|---|---|---|---|---|---|---|---|---
 6 |   |   |   | 0 | X |   |   |   | 6 
---|---|---|---|---|---|---|---|---|---
 7 |   |   |   |   |   |   |   |   | 7 
---|---|---|---|---|---|---|---|---|---
 8 |   |   |   |   |   |   |   |   | 8 
---|---|---|---|---|---|---|---|---|---
   | 1 | 2 | 3 | 4 | 5 | 6 | 7 | 8 |

It took 0 seconds to make this move...


Black to move
BEEEEEEEEEEEEEEOEEEOOOOOEEEXXXOEEEEOOOEEEEEEOXEEEEEEEEEEEEEEEEEEE
(1,8) Depth reached: 6, Nodes searched: 17852
   | 1 | 2 | 3 | 4 | 5 | 6 | 7 | 8 |
---|---|---|---|---|---|---|---|---|---
 1 |   |   |   |   |   |   |   | X | 1 
---|---|---|---|---|---|---|---|---|---
 2 |   |   |   |   |   |   | X |   | 2 
---|---|---|---|---|---|---|---|---|---
 3 |   |   | 0 | 0 | 0 | X | 0 |   | 3 
---|---|---|---|---|---|---|---|---|---
 4 |   |   | X | X | X | 0 |   |   | 4 
---|---|---|---|---|---|---|---|---|---
 5 |   |   | 0 | 0 | 0 |   |   |   | 5 
---|---|---|---|---|---|---|---|---|---
 6 |   |   |   | 0 | X |   |   |   | 6 
---|---|---|---|---|---|---|---|---|---
 7 |   |   |   |   |   |   |   |   | 7 
---|---|---|---|---|---|---|---|---|---
 8 |   |   |   |   |   |   |   |   | 8 
---|---|---|---|---|---|---|---|---|---
   | 1 | 2 | 3 | 4 | 5 | 6 | 7 | 8 |

It took 6 seconds to make this move...


White to move
WEEEEEEEXEEEEEEXEEEOOOXOEEEXXXOEEEEOOOEEEEEEOXEEEEEEEEEEEEEEEEEEE
(1,7)
   | 1 | 2 | 3 | 4 | 5 | 6 | 7 | 8 |
---|---|---|---|---|---|---|---|---|---
 1 |   |   |   |   |   |   | 0 | X | 1 
---|---|---|---|---|---|---|---|---|---
 2 |   |   |   |   |   |   | 0 |   | 2 
---|---|---|---|---|---|---|---|---|---
 3 |   |   | 0 | 0 | 0 | X | 0 |   | 3 
---|---|---|---|---|---|---|---|---|---
 4 |   |   | X | X | X | 0 |   |   | 4 
---|---|---|---|---|---|---|---|---|---
 5 |   |   | 0 | 0 | 0 |   |   |   | 5 
---|---|---|---|---|---|---|---|---|---
 6 |   |   |   | 0 | X |   |   |   | 6 
---|---|---|---|---|---|---|---|---|---
 7 |   |   |   |   |   |   |   |   | 7 
---|---|---|---|---|---|---|---|---|---
 8 |   |   |   |   |   |   |   |   | 8 
---|---|---|---|---|---|---|---|---|---
   | 1 | 2 | 3 | 4 | 5 | 6 | 7 | 8 |

It took 0 seconds to make this move...


Black to move
BEEEEEEOXEEEEEEOEEEOOOXOEEEXXXOEEEEOOOEEEEEEOXEEEEEEEEEEEEEEEEEEE
(1,6) Depth reached: 6, Nodes searched: 14490
   | 1 | 2 | 3 | 4 | 5 | 6 | 7 | 8 |
---|---|---|---|---|---|---|---|---|---
 1 |   |   |   |   |   | X | X | X | 1 
---|---|---|---|---|---|---|---|---|---
 2 |   |   |   |   |   |   | 0 |   | 2 
---|---|---|---|---|---|---|---|---|---
 3 |   |   | 0 | 0 | 0 | X | 0 |   | 3 
---|---|---|---|---|---|---|---|---|---
 4 |   |   | X | X | X | 0 |   |   | 4 
---|---|---|---|---|---|---|---|---|---
 5 |   |   | 0 | 0 | 0 |   |   |   | 5 
---|---|---|---|---|---|---|---|---|---
 6 |   |   |   | 0 | X |   |   |   | 6 
---|---|---|---|---|---|---|---|---|---
 7 |   |   |   |   |   |   |   |   | 7 
---|---|---|---|---|---|---|---|---|---
 8 |   |   |   |   |   |   |   |   | 8 
---|---|---|---|---|---|---|---|---|---
   | 1 | 2 | 3 | 4 | 5 | 6 | 7 | 8 |

It took 5 seconds to make this move...


White to move
WEEEEEXXXEEEEEEOEEEOOOXOEEEXXXOEEEEOOOEEEEEEOXEEEEEEEEEEEEEEEEEEE
(4,2)
   | 1 | 2 | 3 | 4 | 5 | 6 | 7 | 8 |
---|---|---|---|---|---|---|---|---|---
 1 |   |   |   |   |   | X | X | X | 1 
---|---|---|---|---|---|---|---|---|---
 2 |   |   |   |   |   |   | 0 |   | 2 
---|---|---|---|---|---|---|---|---|---
 3 |   |   | 0 | 0 | 0 | X | 0 |   | 3 
---|---|---|---|---|---|---|---|---|---
 4 |   | 0 | 0 | 0 | 0 | 0 |   |   | 4 
---|---|---|---|---|---|---|---|---|---
 5 |   |   | 0 | 0 | 0 |   |   |   | 5 
---|---|---|---|---|---|---|---|---|---
 6 |   |   |   | 0 | X |   |   |   | 6 
---|---|---|---|---|---|---|---|---|---
 7 |   |   |   |   |   |   |   |   | 7 
---|---|---|---|---|---|---|---|---|---
 8 |   |   |   |   |   |   |   |   | 8 
---|---|---|---|---|---|---|---|---|---
   | 1 | 2 | 3 | 4 | 5 | 6 | 7 | 8 |

It took 1 seconds to make this move...


Black to move
BEEEEEXXXEEEEEEOEEEOOOXOEEOOOOOEEEEOOOEEEEEEOXEEEEEEEEEEEEEEEEEEE
(3,8) Depth reached: 7, Nodes searched: 8224
   | 1 | 2 | 3 | 4 | 5 | 6 | 7 | 8 |
---|---|---|---|---|---|---|---|---|---
 1 |   |   |   |   |   | X | X | X | 1 
---|---|---|---|---|---|---|---|---|---
 2 |   |   |   |   |   |   | X |   | 2 
---|---|---|---|---|---|---|---|---|---
 3 |   |   | 0 | 0 | 0 | X | X | X | 3 
---|---|---|---|---|---|---|---|---|---
 4 |   | 0 | 0 | 0 | 0 | 0 |   |   | 4 
---|---|---|---|---|---|---|---|---|---
 5 |   |   | 0 | 0 | 0 |   |   |   | 5 
---|---|---|---|---|---|---|---|---|---
 6 |   |   |   | 0 | X |   |   |   | 6 
---|---|---|---|---|---|---|---|---|---
 7 |   |   |   |   |   |   |   |   | 7 
---|---|---|---|---|---|---|---|---|---
 8 |   |   |   |   |   |   |   |   | 8 
---|---|---|---|---|---|---|---|---|---
   | 1 | 2 | 3 | 4 | 5 | 6 | 7 | 8 |

It took 5 seconds to make this move...


White to move
WEEEEEXXXEEEEEEXEEEOOOXXXEOOOOOEEEEOOOEEEEEEOXEEEEEEEEEEEEEEEEEEE
(2,8)
   | 1 | 2 | 3 | 4 | 5 | 6 | 7 | 8 |
---|---|---|---|---|---|---|---|---|---
 1 |   |   |   |   |   | X | X | X | 1 
---|---|---|---|---|---|---|---|---|---
 2 |   |   |   |   |   |   | X | 0 | 2 
---|---|---|---|---|---|---|---|---|---
 3 |   |   | 0 | 0 | 0 | X | 0 | X | 3 
---|---|---|---|---|---|---|---|---|---
 4 |   | 0 | 0 | 0 | 0 | 0 |   |   | 4 
---|---|---|---|---|---|---|---|---|---
 5 |   |   | 0 | 0 | 0 |   |   |   | 5 
---|---|---|---|---|---|---|---|---|---
 6 |   |   |   | 0 | X |   |   |   | 6 
---|---|---|---|---|---|---|---|---|---
 7 |   |   |   |   |   |   |   |   | 7 
---|---|---|---|---|---|---|---|---|---
 8 |   |   |   |   |   |   |   |   | 8 
---|---|---|---|---|---|---|---|---|---
   | 1 | 2 | 3 | 4 | 5 | 6 | 7 | 8 |

It took 0 seconds to make this move...


Black to move
BEEEEEXXXEEEEEEXOEEOOOXOXEOOOOOEEEEOOOEEEEEEOXEEEEEEEEEEEEEEEEEEE
(6,3) Depth reached: 6, Nodes searched: 29192
   | 1 | 2 | 3 | 4 | 5 | 6 | 7 | 8 |
---|---|---|---|---|---|---|---|---|---
 1 |   |   |   |   |   | X | X | X | 1 
---|---|---|---|---|---|---|---|---|---
 2 |   |   |   |   |   |   | X | 0 | 2 
---|---|---|---|---|---|---|---|---|---
 3 |   |   | 0 | 0 | 0 | X | 0 | X | 3 
---|---|---|---|---|---|---|---|---|---
 4 |   | 0 | 0 | 0 | X | 0 |   |   | 4 
---|---|---|---|---|---|---|---|---|---
 5 |   |   | 0 | X | 0 |   |   |   | 5 
---|---|---|---|---|---|---|---|---|---
 6 |   |   | X | X | X |   |   |   | 6 
---|---|---|---|---|---|---|---|---|---
 7 |   |   |   |   |   |   |   |   | 7 
---|---|---|---|---|---|---|---|---|---
 8 |   |   |   |   |   |   |   |   | 8 
---|---|---|---|---|---|---|---|---|---
   | 1 | 2 | 3 | 4 | 5 | 6 | 7 | 8 |

It took 5 seconds to make this move...


White to move
WEEEEEXXXEEEEEEXOEEOOOXOXEOOOXOEEEEOXOEEEEEXXXEEEEEEEEEEEEEEEEEEE
(7,3)
   | 1 | 2 | 3 | 4 | 5 | 6 | 7 | 8 |
---|---|---|---|---|---|---|---|---|---
 1 |   |   |   |   |   | X | X | X | 1 
---|---|---|---|---|---|---|---|---|---
 2 |   |   |   |   |   |   | X | 0 | 2 
---|---|---|---|---|---|---|---|---|---
 3 |   |   | 0 | 0 | 0 | X | 0 | X | 3 
---|---|---|---|---|---|---|---|---|---
 4 |   | 0 | 0 | 0 | X | 0 |   |   | 4 
---|---|---|---|---|---|---|---|---|---
 5 |   |   | 0 | X | 0 |   |   |   | 5 
---|---|---|---|---|---|---|---|---|---
 6 |   |   | 0 | 0 | X |   |   |   | 6 
---|---|---|---|---|---|---|---|---|---
 7 |   |   | 0 |   |   |   |   |   | 7 
---|---|---|---|---|---|---|---|---|---
 8 |   |   |   |   |   |   |   |   | 8 
---|---|---|---|---|---|---|---|---|---
   | 1 | 2 | 3 | 4 | 5 | 6 | 7 | 8 |

It took 0 seconds to make this move...


Black to move
BEEEEEXXXEEEEEEXOEEOOOXOXEOOOXOEEEEOXOEEEEEOOXEEEEEOEEEEEEEEEEEEE
(4,1) Depth reached: 6, Nodes searched: 25134
   | 1 | 2 | 3 | 4 | 5 | 6 | 7 | 8 |
---|---|---|---|---|---|---|---|---|---
 1 |   |   |   |   |   | X | X | X | 1 
---|---|---|---|---|---|---|---|---|---
 2 |   |   |   |   |   |   | X | 0 | 2 
---|---|---|---|---|---|---|---|---|---
 3 |   |   | 0 | 0 | 0 | X | 0 | X | 3 
---|---|---|---|---|---|---|---|---|---
 4 | X | X | X | X | X | 0 |   |   | 4 
---|---|---|---|---|---|---|---|---|---
 5 |   |   | 0 | X | 0 |   |   |   | 5 
---|---|---|---|---|---|---|---|---|---
 6 |   |   | 0 | 0 | X |   |   |   | 6 
---|---|---|---|---|---|---|---|---|---
 7 |   |   | 0 |   |   |   |   |   | 7 
---|---|---|---|---|---|---|---|---|---
 8 |   |   |   |   |   |   |   |   | 8 
---|---|---|---|---|---|---|---|---|---
   | 1 | 2 | 3 | 4 | 5 | 6 | 7 | 8 |

It took 5 seconds to make this move...


White to move
WEEEEEXXXEEEEEEXOEEOOOXOXXXXXXOEEEEOXOEEEEEOOXEEEEEOEEEEEEEEEEEEE
(2,6)
   | 1 | 2 | 3 | 4 | 5 | 6 | 7 | 8 |
---|---|---|---|---|---|---|---|---|---
 1 |   |   |   |   |   | X | X | X | 1 
---|---|---|---|---|---|---|---|---|---
 2 |   |   |   |   |   | 0 | 0 | 0 | 2 
---|---|---|---|---|---|---|---|---|---
 3 |   |   | 0 | 0 | 0 | 0 | 0 | X | 3 
---|---|---|---|---|---|---|---|---|---
 4 | X | X | X | X | X | 0 |   |   | 4 
---|---|---|---|---|---|---|---|---|---
 5 |   |   | 0 | X | 0 |   |   |   | 5 
---|---|---|---|---|---|---|---|---|---
 6 |   |   | 0 | 0 | X |   |   |   | 6 
---|---|---|---|---|---|---|---|---|---
 7 |   |   | 0 |   |   |   |   |   | 7 
---|---|---|---|---|---|---|---|---|---
 8 |   |   |   |   |   |   |   |   | 8 
---|---|---|---|---|---|---|---|---|---
   | 1 | 2 | 3 | 4 | 5 | 6 | 7 | 8 |

It took 1 seconds to make this move...


Black to move
BEEEEEXXXEEEEEOOOEEOOOOOXXXXXXOEEEEOXOEEEEEOOXEEEEEOEEEEEEEEEEEEE
(8,3) Depth reached: 6, Nodes searched: 15670
   | 1 | 2 | 3 | 4 | 5 | 6 | 7 | 8 |
---|---|---|---|---|---|---|---|---|---
 1 |   |   |   |   |   | X | X | X | 1 
---|---|---|---|---|---|---|---|---|---
 2 |   |   |   |   |   | 0 | 0 | 0 | 2 
---|---|---|---|---|---|---|---|---|---
 3 |   |   | 0 | 0 | 0 | 0 | 0 | X | 3 
---|---|---|---|---|---|---|---|---|---
 4 | X | X | X | X | X | 0 |   |   | 4 
---|---|---|---|---|---|---|---|---|---
 5 |   |   | X | X | 0 |   |   |   | 5 
---|---|---|---|---|---|---|---|---|---
 6 |   |   | X | 0 | X |   |   |   | 6 
---|---|---|---|---|---|---|---|---|---
 7 |   |   | X |   |   |   |   |   | 7 
---|---|---|---|---|---|---|---|---|---
 8 |   |   | X |   |   |   |   |   | 8 
---|---|---|---|---|---|---|---|---|---
   | 1 | 2 | 3 | 4 | 5 | 6 | 7 | 8 |

It took 5 seconds to make this move...


White to move
WEEEEEXXXEEEEEOOOEEOOOOOXXXXXXOEEEEXXOEEEEEXOXEEEEEXEEEEEEEXEEEEE
(3,1)
   | 1 | 2 | 3 | 4 | 5 | 6 | 7 | 8 |
---|---|---|---|---|---|---|---|---|---
 1 |   |   |   |   |   | X | X | X | 1 
---|---|---|---|---|---|---|---|---|---
 2 |   |   |   |   |   | 0 | 0 | 0 | 2 
---|---|---|---|---|---|---|---|---|---
 3 | 0 |   | 0 | 0 | 0 | 0 | 0 | X | 3 
---|---|---|---|---|---|---|---|---|---
 4 | X | 0 | X | X | X | 0 |   |   | 4 
---|---|---|---|---|---|---|---|---|---
 5 |   |   | 0 | X | 0 |   |   |   | 5 
---|---|---|---|---|---|---|---|---|---
 6 |   |   | X | 0 | X |   |   |   | 6 
---|---|---|---|---|---|---|---|---|---
 7 |   |   | X |   |   |   |   |   | 7 
---|---|---|---|---|---|---|---|---|---
 8 |   |   | X |   |   |   |   |   | 8 
---|---|---|---|---|---|---|---|---|---
   | 1 | 2 | 3 | 4 | 5 | 6 | 7 | 8 |

It took 0 seconds to make this move...


Black to move
BEEEEEXXXEEEEEOOOOEOOOOOXXOXXXOEEEEOXOEEEEEXOXEEEEEXEEEEEEEXEEEEE
(2,1) Depth reached: 6, Nodes searched: 21424
   | 1 | 2 | 3 | 4 | 5 | 6 | 7 | 8 |
---|---|---|---|---|---|---|---|---|---
 1 |   |   |   |   |   | X | X | X | 1 
---|---|---|---|---|---|---|---|---|---
 2 | X |   |   |   |   | 0 | 0 | 0 | 2 
---|---|---|---|---|---|---|---|---|---
 3 | X |   | 0 | 0 | 0 | 0 | 0 | X | 3 
---|---|---|---|---|---|---|---|---|---
 4 | X | 0 | X | X | X | 0 |   |   | 4 
---|---|---|---|---|---|---|---|---|---
 5 |   |   | 0 | X | 0 |   |   |   | 5 
---|---|---|---|---|---|---|---|---|---
 6 |   |   | X | 0 | X |   |   |   | 6 
---|---|---|---|---|---|---|---|---|---
 7 |   |   | X |   |   |   |   |   | 7 
---|---|---|---|---|---|---|---|---|---
 8 |   |   | X |   |   |   |   |   | 8 
---|---|---|---|---|---|---|---|---|---
   | 1 | 2 | 3 | 4 | 5 | 6 | 7 | 8 |

It took 5 seconds to make this move...


White to move
WEEEEEXXXXEEEEOOOXEOOOOOXXOXXXOEEEEOXOEEEEEXOXEEEEEXEEEEEEEXEEEEE
(8,2)
   | 1 | 2 | 3 | 4 | 5 | 6 | 7 | 8 |
---|---|---|---|---|---|---|---|---|---
 1 |   |   |   |   |   | X | X | X | 1 
---|---|---|---|---|---|---|---|---|---
 2 | X |   |   |   |   | 0 | 0 | 0 | 2 
---|---|---|---|---|---|---|---|---|---
 3 | X |   | 0 | 0 | 0 | 0 | 0 | X | 3 
---|---|---|---|---|---|---|---|---|---
 4 | X | 0 | X | X | X | 0 |   |   | 4 
---|---|---|---|---|---|---|---|---|---
 5 |   |   | 0 | X | 0 |   |   |   | 5 
---|---|---|---|---|---|---|---|---|---
 6 |   |   | X | 0 | X |   |   |   | 6 
---|---|---|---|---|---|---|---|---|---
 7 |   |   | 0 |   |   |   |   |   | 7 
---|---|---|---|---|---|---|---|---|---
 8 |   | 0 | X |   |   |   |   |   | 8 
---|---|---|---|---|---|---|---|---|---
   | 1 | 2 | 3 | 4 | 5 | 6 | 7 | 8 |

It took 0 seconds to make this move...


Black to move
BEEEEEXXXXEEEEOOOXEOOOOOXXOXXXOEEEEOXOEEEEEXOXEEEEEOEEEEEEOXEEEEE
(8,1) Depth reached: 6, Nodes searched: 25982
   | 1 | 2 | 3 | 4 | 5 | 6 | 7 | 8 |
---|---|---|---|---|---|---|---|---|---
 1 |   |   |   |   |   | X | X | X | 1 
---|---|---|---|---|---|---|---|---|---
 2 | X |   |   |   |   | 0 | 0 | 0 | 2 
---|---|---|---|---|---|---|---|---|---
 3 | X |   | 0 | 0 | 0 | 0 | 0 | X | 3 
---|---|---|---|---|---|---|---|---|---
 4 | X | 0 | X | X | X | 0 |   |   | 4 
---|---|---|---|---|---|---|---|---|---
 5 |   |   | 0 | X | 0 |   |   |   | 5 
---|---|---|---|---|---|---|---|---|---
 6 |   |   | X | 0 | X |   |   |   | 6 
---|---|---|---|---|---|---|---|---|---
 7 |   |   | 0 |   |   |   |   |   | 7 
---|---|---|---|---|---|---|---|---|---
 8 | X | X | X |   |   |   |   |   | 8 
---|---|---|---|---|---|---|---|---|---
   | 1 | 2 | 3 | 4 | 5 | 6 | 7 | 8 |

It took 5 seconds to make this move...


White to move
WEEEEEXXXXEEEEOOOXEOOOOOXXOXXXOEEEEOXOEEEEEXOXEEEEEOEEEEEXXXEEEEE
(5,2)
   | 1 | 2 | 3 | 4 | 5 | 6 | 7 | 8 |
---|---|---|---|---|---|---|---|---|---
 1 |   |   |   |   |   | X | X | X | 1 
---|---|---|---|---|---|---|---|---|---
 2 | X |   |   |   |   | 0 | 0 | 0 | 2 
---|---|---|---|---|---|---|---|---|---
 3 | X |   | 0 | 0 | 0 | 0 | 0 | X | 3 
---|---|---|---|---|---|---|---|---|---
 4 | X | 0 | 0 | X | X | 0 |   |   | 4 
---|---|---|---|---|---|---|---|---|---
 5 |   | 0 | 0 | X | 0 |   |   |   | 5 
---|---|---|---|---|---|---|---|---|---
 6 |   |   | X | 0 | X |   |   |   | 6 
---|---|---|---|---|---|---|---|---|---
 7 |   |   | 0 |   |   |   |   |   | 7 
---|---|---|---|---|---|---|---|---|---
 8 | X | X | X |   |   |   |   |   | 8 
---|---|---|---|---|---|---|---|---|---
   | 1 | 2 | 3 | 4 | 5 | 6 | 7 | 8 |

It took 0 seconds to make this move...


Black to move
BEEEEEXXXXEEEEOOOXEOOOOOXXOOXXOEEEOOXOEEEEEXOXEEEEEOEEEEEXXXEEEEE
(3,2) Depth reached: 6, Nodes searched: 19958
   | 1 | 2 | 3 | 4 | 5 | 6 | 7 | 8 |
---|---|---|---|---|---|---|---|---|---
 1 |   |   |   |   |   | X | X | X | 1 
---|---|---|---|---|---|---|---|---|---
 2 | X |   |   |   |   | 0 | 0 | 0 | 2 
---|---|---|---|---|---|---|---|---|---
 3 | X | X | X | X | X | X | X | X | 3 
---|---|---|---|---|---|---|---|---|---
 4 | X | 0 | X | X | X | 0 |   |   | 4 
---|---|---|---|---|---|---|---|---|---
 5 |   | 0 | 0 | X | 0 |   |   |   | 5 
---|---|---|---|---|---|---|---|---|---
 6 |   |   | X | 0 | X |   |   |   | 6 
---|---|---|---|---|---|---|---|---|---
 7 |   |   | 0 |   |   |   |   |   | 7 
---|---|---|---|---|---|---|---|---|---
 8 | X | X | X |   |   |   |   |   | 8 
---|---|---|---|---|---|---|---|---|---
   | 1 | 2 | 3 | 4 | 5 | 6 | 7 | 8 |

It took 6 seconds to make this move...


White to move
WEEEEEXXXXEEEEOOOXXXXXXXXXOXXXOEEEOOXOEEEEEXOXEEEEEOEEEEEXXXEEEEE
(2,2)
   | 1 | 2 | 3 | 4 | 5 | 6 | 7 | 8 |
---|---|---|---|---|---|---|---|---|---
 1 |   |   |   |   |   | X | X | X | 1 
---|---|---|---|---|---|---|---|---|---
 2 | X | 0 |   |   |   | 0 | 0 | 0 | 2 
---|---|---|---|---|---|---|---|---|---
 3 | X | 0 | 0 | X | X | X | X | X | 3 
---|---|---|---|---|---|---|---|---|---
 4 | X | 0 | X | 0 | X | 0 |   |   | 4 
---|---|---|---|---|---|---|---|---|---
 5 |   | 0 | 0 | X | 0 |   |   |   | 5 
---|---|---|---|---|---|---|---|---|---
 6 |   |   | X | 0 | X |   |   |   | 6 
---|---|---|---|---|---|---|---|---|---
 7 |   |   | 0 |   |   |   |   |   | 7 
---|---|---|---|---|---|---|---|---|---
 8 | X | X | X |   |   |   |   |   | 8 
---|---|---|---|---|---|---|---|---|---
   | 1 | 2 | 3 | 4 | 5 | 6 | 7 | 8 |

It took 0 seconds to make this move...


Black to move
BEEEEEXXXXOEEEOOOXOOXXXXXXOXOXOEEEOOXOEEEEEXOXEEEEEOEEEEEXXXEEEEE
(5,1) Depth reached: 6, Nodes searched: 26288
   | 1 | 2 | 3 | 4 | 5 | 6 | 7 | 8 |
---|---|---|---|---|---|---|---|---|---
 1 |   |   |   |   |   | X | X | X | 1 
---|---|---|---|---|---|---|---|---|---
 2 | X | 0 |   |   |   | 0 | 0 | 0 | 2 
---|---|---|---|---|---|---|---|---|---
 3 | X | 0 | 0 | X | X | X | X | X | 3 
---|---|---|---|---|---|---|---|---|---
 4 | X | 0 | X | 0 | X | 0 |   |   | 4 
---|---|---|---|---|---|---|---|---|---
 5 | X | X | X | X | 0 |   |   |   | 5 
---|---|---|---|---|---|---|---|---|---
 6 |   |   | X | 0 | X |   |   |   | 6 
---|---|---|---|---|---|---|---|---|---
 7 |   |   | 0 |   |   |   |   |   | 7 
---|---|---|---|---|---|---|---|---|---
 8 | X | X | X |   |   |   |   |   | 8 
---|---|---|---|---|---|---|---|---|---
   | 1 | 2 | 3 | 4 | 5 | 6 | 7 | 8 |

It took 6 seconds to make this move...


White to move
WEEEEEXXXXOEEEOOOXOOXXXXXXOXOXOEEXXXXOEEEEEXOXEEEEEOEEEEEXXXEEEEE
(2,4)
   | 1 | 2 | 3 | 4 | 5 | 6 | 7 | 8 |
---|---|---|---|---|---|---|---|---|---
 1 |   |   |   |   |   | X | X | X | 1 
---|---|---|---|---|---|---|---|---|---
 2 | X | 0 |   | 0 |   | 0 | 0 | 0 | 2 
---|---|---|---|---|---|---|---|---|---
 3 | X | 0 | 0 | 0 | 0 | X | X | X | 3 
---|---|---|---|---|---|---|---|---|---
 4 | X | 0 | X | 0 | X | 0 |   |   | 4 
---|---|---|---|---|---|---|---|---|---
 5 | X | X | X | X | 0 |   |   |   | 5 
---|---|---|---|---|---|---|---|---|---
 6 |   |   | X | 0 | X |   |   |   | 6 
---|---|---|---|---|---|---|---|---|---
 7 |   |   | 0 |   |   |   |   |   | 7 
---|---|---|---|---|---|---|---|---|---
 8 | X | X | X |   |   |   |   |   | 8 
---|---|---|---|---|---|---|---|---|---
   | 1 | 2 | 3 | 4 | 5 | 6 | 7 | 8 |

It took 0 seconds to make this move...


Black to move
BEEEEEXXXXOEOEOOOXOOOOXXXXOXOXOEEXXXXOEEEEEXOXEEEEEOEEEEEXXXEEEEE
(1,4) Depth reached: 6, Nodes searched: 28997
   | 1 | 2 | 3 | 4 | 5 | 6 | 7 | 8 |
---|---|---|---|---|---|---|---|---|---
 1 |   |   |   | X |   | X | X | X | 1 
---|---|---|---|---|---|---|---|---|---
 2 | X | 0 |   | X |   | 0 | 0 | 0 | 2 
---|---|---|---|---|---|---|---|---|---
 3 | X | 0 | 0 | X | 0 | X | X | X | 3 
---|---|---|---|---|---|---|---|---|---
 4 | X | 0 | X | X | X | 0 |   |   | 4 
---|---|---|---|---|---|---|---|---|---
 5 | X | X | X | X | 0 |   |   |   | 5 
---|---|---|---|---|---|---|---|---|---
 6 |   |   | X | 0 | X |   |   |   | 6 
---|---|---|---|---|---|---|---|---|---
 7 |   |   | 0 |   |   |   |   |   | 7 
---|---|---|---|---|---|---|---|---|---
 8 | X | X | X |   |   |   |   |   | 8 
---|---|---|---|---|---|---|---|---|---
   | 1 | 2 | 3 | 4 | 5 | 6 | 7 | 8 |

It took 6 seconds to make this move...


White to move
WEEEXEXXXXOEXEOOOXOOXOXXXXOXXXOEEXXXXOEEEEEXOXEEEEEOEEEEEXXXEEEEE
(1,5)
   | 1 | 2 | 3 | 4 | 5 | 6 | 7 | 8 |
---|---|---|---|---|---|---|---|---|---
 1 |   |   |   | X | 0 | X | X | X | 1 
---|---|---|---|---|---|---|---|---|---
 2 | X | 0 |   | 0 |   | 0 | 0 | 0 | 2 
---|---|---|---|---|---|---|---|---|---
 3 | X | 0 | 0 | X | 0 | X | X | X | 3 
---|---|---|---|---|---|---|---|---|---
 4 | X | 0 | X | X | X | 0 |   |   | 4 
---|---|---|---|---|---|---|---|---|---
 5 | X | X | X | X | 0 |   |   |   | 5 
---|---|---|---|---|---|---|---|---|---
 6 |   |   | X | 0 | X |   |   |   | 6 
---|---|---|---|---|---|---|---|---|---
 7 |   |   | 0 |   |   |   |   |   | 7 
---|---|---|---|---|---|---|---|---|---
 8 | X | X | X |   |   |   |   |   | 8 
---|---|---|---|---|---|---|---|---|---
   | 1 | 2 | 3 | 4 | 5 | 6 | 7 | 8 |

It took 0 seconds to make this move...


Black to move
BEEEXOXXXXOEOEOOOXOOXOXXXXOXXXOEEXXXXOEEEEEXOXEEEEEOEEEEEXXXEEEEE
(1,1) Depth reached: 6, Nodes searched: 39067
   | 1 | 2 | 3 | 4 | 5 | 6 | 7 | 8 |
---|---|---|---|---|---|---|---|---|---
 1 | X |   |   | X | 0 | X | X | X | 1 
---|---|---|---|---|---|---|---|---|---
 2 | X | X |   | 0 |   | 0 | 0 | 0 | 2 
---|---|---|---|---|---|---|---|---|---
 3 | X | 0 | X | X | 0 | X | X | X | 3 
---|---|---|---|---|---|---|---|---|---
 4 | X | 0 | X | X | X | 0 |   |   | 4 
---|---|---|---|---|---|---|---|---|---
 5 | X | X | X | X | 0 |   |   |   | 5 
---|---|---|---|---|---|---|---|---|---
 6 |   |   | X | 0 | X |   |   |   | 6 
---|---|---|---|---|---|---|---|---|---
 7 |   |   | 0 |   |   |   |   |   | 7 
---|---|---|---|---|---|---|---|---|---
 8 | X | X | X |   |   |   |   |   | 8 
---|---|---|---|---|---|---|---|---|---
   | 1 | 2 | 3 | 4 | 5 | 6 | 7 | 8 |

It took 5 seconds to make this move...


White to move
WXEEXOXXXXXEOEOOOXOXXOXXXXOXXXOEEXXXXOEEEEEXOXEEEEEOEEEEEXXXEEEEE
(2,3)
   | 1 | 2 | 3 | 4 | 5 | 6 | 7 | 8 |
---|---|---|---|---|---|---|---|---|---
 1 | X |   |   | X | 0 | X | X | X | 1 
---|---|---|---|---|---|---|---|---|---
 2 | X | X | 0 | 0 |   | 0 | 0 | 0 | 2 
---|---|---|---|---|---|---|---|---|---
 3 | X | 0 | 0 | X | 0 | X | X | X | 3 
---|---|---|---|---|---|---|---|---|---
 4 | X | 0 | 0 | X | X | 0 |   |   | 4 
---|---|---|---|---|---|---|---|---|---
 5 | X | X | 0 | X | 0 |   |   |   | 5 
---|---|---|---|---|---|---|---|---|---
 6 |   |   | 0 | 0 | X |   |   |   | 6 
---|---|---|---|---|---|---|---|---|---
 7 |   |   | 0 |   |   |   |   |   | 7 
---|---|---|---|---|---|---|---|---|---
 8 | X | X | X |   |   |   |   |   | 8 
---|---|---|---|---|---|---|---|---|---
   | 1 | 2 | 3 | 4 | 5 | 6 | 7 | 8 |

It took 1 seconds to make this move...


Black to move
BXEEXOXXXXXOOEOOOXOOXOXXXXOOXXOEEXXOXOEEEEEOOXEEEEEOEEEEEXXXEEEEE
(2,5) Depth reached: 6, Nodes searched: 41029
   | 1 | 2 | 3 | 4 | 5 | 6 | 7 | 8 |
---|---|---|---|---|---|---|---|---|---
 1 | X |   |   | X | 0 | X | X | X | 1 
---|---|---|---|---|---|---|---|---|---
 2 | X | X | X | X | X | 0 | 0 | 0 | 2 
---|---|---|---|---|---|---|---|---|---
 3 | X | 0 | 0 | X | X | X | X | X | 3 
---|---|---|---|---|---|---|---|---|---
 4 | X | 0 | 0 | X | X | 0 |   |   | 4 
---|---|---|---|---|---|---|---|---|---
 5 | X | X | 0 | X | 0 |   |   |   | 5 
---|---|---|---|---|---|---|---|---|---
 6 |   |   | 0 | 0 | X |   |   |   | 6 
---|---|---|---|---|---|---|---|---|---
 7 |   |   | 0 |   |   |   |   |   | 7 
---|---|---|---|---|---|---|---|---|---
 8 | X | X | X |   |   |   |   |   | 8 
---|---|---|---|---|---|---|---|---|---
   | 1 | 2 | 3 | 4 | 5 | 6 | 7 | 8 |

It took 5 seconds to make this move...


White to move
WXEEXOXXXXXXXXOOOXOOXXXXXXOOXXOEEXXOXOEEEEEOOXEEEEEOEEEEEXXXEEEEE
(6,6)
   | 1 | 2 | 3 | 4 | 5 | 6 | 7 | 8 |
---|---|---|---|---|---|---|---|---|---
 1 | X |   |   | X | 0 | X | X | X | 1 
---|---|---|---|---|---|---|---|---|---
 2 | X | X | X | X | X | 0 | 0 | 0 | 2 
---|---|---|---|---|---|---|---|---|---
 3 | X | 0 | 0 | X | X | X | X | X | 3 
---|---|---|---|---|---|---|---|---|---
 4 | X | 0 | 0 | X | X | 0 |   |   | 4 
---|---|---|---|---|---|---|---|---|---
 5 | X | X | 0 | X | 0 |   |   |   | 5 
---|---|---|---|---|---|---|---|---|---
 6 |   |   | 0 | 0 | 0 | 0 |   |   | 6 
---|---|---|---|---|---|---|---|---|---
 7 |   |   | 0 |   |   |   |   |   | 7 
---|---|---|---|---|---|---|---|---|---
 8 | X | X | X |   |   |   |   |   | 8 
---|---|---|---|---|---|---|---|---|---
   | 1 | 2 | 3 | 4 | 5 | 6 | 7 | 8 |

It took 0 seconds to make this move...


Black to move
BXEEXOXXXXXXXXOOOXOOXXXXXXOOXXOEEXXOXOEEEEEOOOOEEEEOEEEEEXXXEEEEE
(4,7) Depth reached: 7, Nodes searched: 6185
   | 1 | 2 | 3 | 4 | 5 | 6 | 7 | 8 |
---|---|---|---|---|---|---|---|---|---
 1 | X |   |   | X | 0 | X | X | X | 1 
---|---|---|---|---|---|---|---|---|---
 2 | X | X | X | X | X | 0 | 0 | 0 | 2 
---|---|---|---|---|---|---|---|---|---
 3 | X | 0 | 0 | X | X | X | X | X | 3 
---|---|---|---|---|---|---|---|---|---
 4 | X | 0 | 0 | X | X | X | X |   | 4 
---|---|---|---|---|---|---|---|---|---
 5 | X | X | 0 | X | 0 |   |   |   | 5 
---|---|---|---|---|---|---|---|---|---
 6 |   |   | 0 | 0 | 0 | 0 |   |   | 6 
---|---|---|---|---|---|---|---|---|---
 7 |   |   | 0 |   |   |   |   |   | 7 
---|---|---|---|---|---|---|---|---|---
 8 | X | X | X |   |   |   |   |   | 8 
---|---|---|---|---|---|---|---|---|---
   | 1 | 2 | 3 | 4 | 5 | 6 | 7 | 8 |

It took 6 seconds to make this move...


White to move
WXEEXOXXXXXXXXOOOXOOXXXXXXOOXXXXEXXOXOEEEEEOOOOEEEEOEEEEEXXXEEEEE
(5,6)
   | 1 | 2 | 3 | 4 | 5 | 6 | 7 | 8 |
---|---|---|---|---|---|---|---|---|---
 1 | X |   |   | X | 0 | X | X | X | 1 
---|---|---|---|---|---|---|---|---|---
 2 | X | X | X | X | X | 0 | 0 | 0 | 2 
---|---|---|---|---|---|---|---|---|---
 3 | X | 0 | 0 | X | X | 0 | X | X | 3 
---|---|---|---|---|---|---|---|---|---
 4 | X | 0 | 0 | X | X | 0 | X |   | 4 
---|---|---|---|---|---|---|---|---|---
 5 | X | X | 0 | X | 0 | 0 |   |   | 5 
---|---|---|---|---|---|---|---|---|---
 6 |   |   | 0 | 0 | 0 | 0 |   |   | 6 
---|---|---|---|---|---|---|---|---|---
 7 |   |   | 0 |   |   |   |   |   | 7 
---|---|---|---|---|---|---|---|---|---
 8 | X | X | X |   |   |   |   |   | 8 
---|---|---|---|---|---|---|---|---|---
   | 1 | 2 | 3 | 4 | 5 | 6 | 7 | 8 |

It took 0 seconds to make this move...


Black to move
BXEEXOXXXXXXXXOOOXOOXXOXXXOOXXOXEXXOXOOEEEEOOOOEEEEOEEEEEXXXEEEEE
(6,2) Depth reached: 7, Nodes searched: 29795
   | 1 | 2 | 3 | 4 | 5 | 6 | 7 | 8 |
---|---|---|---|---|---|---|---|---|---
 1 | X |   |   | X | 0 | X | X | X | 1 
---|---|---|---|---|---|---|---|---|---
 2 | X | X | X | X | X | 0 | 0 | 0 | 2 
---|---|---|---|---|---|---|---|---|---
 3 | X | 0 | 0 | X | X | 0 | X | X | 3 
---|---|---|---|---|---|---|---|---|---
 4 | X | 0 | 0 | X | X | 0 | X |   | 4 
---|---|---|---|---|---|---|---|---|---
 5 | X | X | X | X | 0 | 0 |   |   | 5 
---|---|---|---|---|---|---|---|---|---
 6 |   | X | 0 | 0 | 0 | 0 |   |   | 6 
---|---|---|---|---|---|---|---|---|---
 7 |   |   | 0 |   |   |   |   |   | 7 
---|---|---|---|---|---|---|---|---|---
 8 | X | X | X |   |   |   |   |   | 8 
---|---|---|---|---|---|---|---|---|---
   | 1 | 2 | 3 | 4 | 5 | 6 | 7 | 8 |

It took 6 seconds to make this move...


White to move
WXEEXOXXXXXXXXOOOXOOXXOXXXOOXXOXEXXXXOOEEEXOOOOEEEEOEEEEEXXXEEEEE
(1,2)
   | 1 | 2 | 3 | 4 | 5 | 6 | 7 | 8 |
---|---|---|---|---|---|---|---|---|---
 1 | X | 0 |   | X | 0 | X | X | X | 1 
---|---|---|---|---|---|---|---|---|---
 2 | X | 0 | 0 | X | X | 0 | 0 | 0 | 2 
---|---|---|---|---|---|---|---|---|---
 3 | X | 0 | 0 | 0 | X | 0 | X | X | 3 
---|---|---|---|---|---|---|---|---|---
 4 | X | 0 | 0 | X | 0 | 0 | X |   | 4 
---|---|---|---|---|---|---|---|---|---
 5 | X | X | X | X | 0 | 0 |   |   | 5 
---|---|---|---|---|---|---|---|---|---
 6 |   | X | 0 | 0 | 0 | 0 |   |   | 6 
---|---|---|---|---|---|---|---|---|---
 7 |   |   | 0 |   |   |   |   |   | 7 
---|---|---|---|---|---|---|---|---|---
 8 | X | X | X |   |   |   |   |   | 8 
---|---|---|---|---|---|---|---|---|---
   | 1 | 2 | 3 | 4 | 5 | 6 | 7 | 8 |

It took 0 seconds to make this move...


Black to move
BXOEXOXXXXOOXXOOOXOOOXOXXXOOXOOXEXXXXOOEEEXOOOOEEEEOEEEEEXXXEEEEE
(1,3) Depth reached: 8, Nodes searched: 37566
   | 1 | 2 | 3 | 4 | 5 | 6 | 7 | 8 |
---|---|---|---|---|---|---|---|---|---
 1 | X | X | X | X | 0 | X | X | X | 1 
---|---|---|---|---|---|---|---|---|---
 2 | X | X | X | X | X | 0 | 0 | 0 | 2 
---|---|---|---|---|---|---|---|---|---
 3 | X | 0 | X | 0 | X | 0 | X | X | 3 
---|---|---|---|---|---|---|---|---|---
 4 | X | 0 | X | X | 0 | 0 | X |   | 4 
---|---|---|---|---|---|---|---|---|---
 5 | X | X | X | X | 0 | 0 |   |   | 5 
---|---|---|---|---|---|---|---|---|---
 6 |   | X | 0 | 0 | 0 | 0 |   |   | 6 
---|---|---|---|---|---|---|---|---|---
 7 |   |   | 0 |   |   |   |   |   | 7 
---|---|---|---|---|---|---|---|---|---
 8 | X | X | X |   |   |   |   |   | 8 
---|---|---|---|---|---|---|---|---|---
   | 1 | 2 | 3 | 4 | 5 | 6 | 7 | 8 |

It took 5 seconds to make this move...


White to move
WXXXXOXXXXXXXXOOOXOXOXOXXXOXXOOXEXXXXOOEEEXOOOOEEEEOEEEEEXXXEEEEE
(5,8)
   | 1 | 2 | 3 | 4 | 5 | 6 | 7 | 8 |
---|---|---|---|---|---|---|---|---|---
 1 | X | X | X | X | 0 | X | X | X | 1 
---|---|---|---|---|---|---|---|---|---
 2 | X | X | X | X | X | 0 | 0 | 0 | 2 
---|---|---|---|---|---|---|---|---|---
 3 | X | 0 | X | 0 | X | 0 | X | X | 3 
---|---|---|---|---|---|---|---|---|---
 4 | X | 0 | X | X | 0 | 0 | 0 |   | 4 
---|---|---|---|---|---|---|---|---|---
 5 | X | X | X | X | 0 | 0 |   | 0 | 5 
---|---|---|---|---|---|---|---|---|---
 6 |   | X | 0 | 0 | 0 | 0 |   |   | 6 
---|---|---|---|---|---|---|---|---|---
 7 |   |   | 0 |   |   |   |   |   | 7 
---|---|---|---|---|---|---|---|---|---
 8 | X | X | X |   |   |   |   |   | 8 
---|---|---|---|---|---|---|---|---|---
   | 1 | 2 | 3 | 4 | 5 | 6 | 7 | 8 |

It took 0 seconds to make this move...


Black to move
BXXXXOXXXXXXXXOOOXOXOXOXXXOXXOOOEXXXXOOEOEXOOOOEEEEOEEEEEXXXEEEEE
(4,8) Depth reached: 9, Nodes searched: 9547
   | 1 | 2 | 3 | 4 | 5 | 6 | 7 | 8 |
---|---|---|---|---|---|---|---|---|---
 1 | X | X | X | X | 0 | X | X | X | 1 
---|---|---|---|---|---|---|---|---|---
 2 | X | X | X | X | X | 0 | 0 | 0 | 2 
---|---|---|---|---|---|---|---|---|---
 3 | X | 0 | X | 0 | X | 0 | X | X | 3 
---|---|---|---|---|---|---|---|---|---
 4 | X | 0 | X | X | X | X | X | X | 4 
---|---|---|---|---|---|---|---|---|---
 5 | X | X | X | X | 0 | 0 |   | 0 | 5 
---|---|---|---|---|---|---|---|---|---
 6 |   | X | 0 | 0 | 0 | 0 |   |   | 6 
---|---|---|---|---|---|---|---|---|---
 7 |   |   | 0 |   |   |   |   |   | 7 
---|---|---|---|---|---|---|---|---|---
 8 | X | X | X |   |   |   |   |   | 8 
---|---|---|---|---|---|---|---|---|---
   | 1 | 2 | 3 | 4 | 5 | 6 | 7 | 8 |

It took 5 seconds to make this move...


White to move
WXXXXOXXXXXXXXOOOXOXOXOXXXOXXXXXXXXXXOOEOEXOOOOEEEEOEEEEEXXXEEEEE
(5,7)
   | 1 | 2 | 3 | 4 | 5 | 6 | 7 | 8 |
---|---|---|---|---|---|---|---|---|---
 1 | X | X | X | X | 0 | X | X | X | 1 
---|---|---|---|---|---|---|---|---|---
 2 | X | X | X | X | X | 0 | 0 | 0 | 2 
---|---|---|---|---|---|---|---|---|---
 3 | X | 0 | X | 0 | X | 0 | 0 | X | 3 
---|---|---|---|---|---|---|---|---|---
 4 | X | 0 | X | X | X | X | 0 | X | 4 
---|---|---|---|---|---|---|---|---|---
 5 | X | X | X | X | 0 | 0 | 0 | 0 | 5 
---|---|---|---|---|---|---|---|---|---
 6 |   | X | 0 | 0 | 0 | 0 |   |   | 6 
---|---|---|---|---|---|---|---|---|---
 7 |   |   | 0 |   |   |   |   |   | 7 
---|---|---|---|---|---|---|---|---|---
 8 | X | X | X |   |   |   |   |   | 8 
---|---|---|---|---|---|---|---|---|---
   | 1 | 2 | 3 | 4 | 5 | 6 | 7 | 8 |

It took 0 seconds to make this move...


Black to move
BXXXXOXXXXXXXXOOOXOXOXOOXXOXXXXOXXXXXOOOOEXOOOOEEEEOEEEEEXXXEEEEE
(6,8) Depth reached: 9, Nodes searched: 35433
   | 1 | 2 | 3 | 4 | 5 | 6 | 7 | 8 |
---|---|---|---|---|---|---|---|---|---
 1 | X | X | X | X | 0 | X | X | X | 1 
---|---|---|---|---|---|---|---|---|---
 2 | X | X | X | X | X | 0 | 0 | 0 | 2 
---|---|---|---|---|---|---|---|---|---
 3 | X | 0 | X | 0 | X | 0 | 0 | X | 3 
---|---|---|---|---|---|---|---|---|---
 4 | X | 0 | X | X | X | X | 0 | X | 4 
---|---|---|---|---|---|---|---|---|---
 5 | X | X | X | X | 0 | 0 | X | X | 5 
---|---|---|---|---|---|---|---|---|---
 6 |   | X | 0 | 0 | 0 | 0 |   | X | 6 
---|---|---|---|---|---|---|---|---|---
 7 |   |   | 0 |   |   |   |   |   | 7 
---|---|---|---|---|---|---|---|---|---
 8 | X | X | X |   |   |   |   |   | 8 
---|---|---|---|---|---|---|---|---|---
   | 1 | 2 | 3 | 4 | 5 | 6 | 7 | 8 |

It took 6 seconds to make this move...


White to move
WXXXXOXXXXXXXXOOOXOXOXOOXXOXXXXOXXXXXOOXXEXOOOOEXEEOEEEEEXXXEEEEE
(6,1)
   | 1 | 2 | 3 | 4 | 5 | 6 | 7 | 8 |
---|---|---|---|---|---|---|---|---|---
 1 | X | X | X | X | 0 | X | X | X | 1 
---|---|---|---|---|---|---|---|---|---
 2 | X | X | X | X | X | 0 | 0 | 0 | 2 
---|---|---|---|---|---|---|---|---|---
 3 | X | 0 | X | 0 | X | 0 | 0 | X | 3 
---|---|---|---|---|---|---|---|---|---
 4 | X | 0 | 0 | X | X | X | 0 | X | 4 
---|---|---|---|---|---|---|---|---|---
 5 | X | 0 | X | X | 0 | 0 | X | X | 5 
---|---|---|---|---|---|---|---|---|---
 6 | 0 | 0 | 0 | 0 | 0 | 0 |   | X | 6 
---|---|---|---|---|---|---|---|---|---
 7 |   |   | 0 |   |   |   |   |   | 7 
---|---|---|---|---|---|---|---|---|---
 8 | X | X | X |   |   |   |   |   | 8 
---|---|---|---|---|---|---|---|---|---
   | 1 | 2 | 3 | 4 | 5 | 6 | 7 | 8 |

It took 0 seconds to make this move...


Black to move
BXXXXOXXXXXXXXOOOXOXOXOOXXOOXXXOXXOXXOOXXOOOOOOEXEEOEEEEEXXXEEEEE
(7,1) Depth reached: 10, Nodes searched: 6904
   | 1 | 2 | 3 | 4 | 5 | 6 | 7 | 8 |
---|---|---|---|---|---|---|---|---|---
 1 | X | X | X | X | 0 | X | X | X | 1 
---|---|---|---|---|---|---|---|---|---
 2 | X | X | X | X | X | 0 | 0 | 0 | 2 
---|---|---|---|---|---|---|---|---|---
 3 | X | 0 | X | 0 | X | 0 | 0 | X | 3 
---|---|---|---|---|---|---|---|---|---
 4 | X | 0 | 0 | X | X | X | 0 | X | 4 
---|---|---|---|---|---|---|---|---|---
 5 | X | 0 | X | X | 0 | 0 | X | X | 5 
---|---|---|---|---|---|---|---|---|---
 6 | X | X | 0 | 0 | 0 | 0 |   | X | 6 
---|---|---|---|---|---|---|---|---|---
 7 | X |   | 0 |   |   |   |   |   | 7 
---|---|---|---|---|---|---|---|---|---
 8 | X | X | X |   |   |   |   |   | 8 
---|---|---|---|---|---|---|---|---|---
   | 1 | 2 | 3 | 4 | 5 | 6 | 7 | 8 |

It took 6 seconds to make this move...


White to move
WXXXXOXXXXXXXXOOOXOXOXOOXXOOXXXOXXOXXOOXXXXOOOOEXXEOEEEEEXXXEEEEE
(6,7)
   | 1 | 2 | 3 | 4 | 5 | 6 | 7 | 8 |
---|---|---|---|---|---|---|---|---|---
 1 | X | X | X | X | 0 | X | X | X | 1 
---|---|---|---|---|---|---|---|---|---
 2 | X | X | X | X | X | 0 | 0 | 0 | 2 
---|---|---|---|---|---|---|---|---|---
 3 | X | 0 | X | 0 | X | 0 | 0 | X | 3 
---|---|---|---|---|---|---|---|---|---
 4 | X | 0 | 0 | X | X | X | 0 | X | 4 
---|---|---|---|---|---|---|---|---|---
 5 | X | 0 | X | X | 0 | 0 | 0 | X | 5 
---|---|---|---|---|---|---|---|---|---
 6 | X | X | 0 | 0 | 0 | 0 | 0 | X | 6 
---|---|---|---|---|---|---|---|---|---
 7 | X |   | 0 |   |   |   |   |   | 7 
---|---|---|---|---|---|---|---|---|---
 8 | X | X | X |   |   |   |   |   | 8 
---|---|---|---|---|---|---|---|---|---
   | 1 | 2 | 3 | 4 | 5 | 6 | 7 | 8 |

It took 0 seconds to make this move...


Black to move
BXXXXOXXXXXXXXOOOXOXOXOOXXOOXXXOXXOXXOOOXXXOOOOOXXEOEEEEEXXXEEEEE
(7,8) Depth reached: 11, Nodes searched: 18239
   | 1 | 2 | 3 | 4 | 5 | 6 | 7 | 8 |
---|---|---|---|---|---|---|---|---|---
 1 | X | X | X | X | 0 | X | X | X | 1 
---|---|---|---|---|---|---|---|---|---
 2 | X | X | X | X | X | 0 | 0 | 0 | 2 
---|---|---|---|---|---|---|---|---|---
 3 | X | 0 | X | 0 | X | 0 | 0 | X | 3 
---|---|---|---|---|---|---|---|---|---
 4 | X | 0 | 0 | X | X | X | 0 | X | 4 
---|---|---|---|---|---|---|---|---|---
 5 | X | 0 | X | X | 0 | X | 0 | X | 5 
---|---|---|---|---|---|---|---|---|---
 6 | X | X | 0 | 0 | 0 | 0 | X | X | 6 
---|---|---|---|---|---|---|---|---|---
 7 | X |   | 0 |   |   |   |   | X | 7 
---|---|---|---|---|---|---|---|---|---
 8 | X | X | X |   |   |   |   |   | 8 
---|---|---|---|---|---|---|---|---|---
   | 1 | 2 | 3 | 4 | 5 | 6 | 7 | 8 |

It took 5 seconds to make this move...


White to move
WXXXXOXXXXXXXXOOOXOXOXOOXXOOXXXOXXOXXOXOXXXOOOOXXXEOEEEEXXXXEEEEE
(7,2)
   | 1 | 2 | 3 | 4 | 5 | 6 | 7 | 8 |
---|---|---|---|---|---|---|---|---|---
 1 | X | X | X | X | 0 | X | X | X | 1 
---|---|---|---|---|---|---|---|---|---
 2 | X | X | X | X | X | 0 | 0 | 0 | 2 
---|---|---|---|---|---|---|---|---|---
 3 | X | 0 | X | 0 | X | 0 | 0 | X | 3 
---|---|---|---|---|---|---|---|---|---
 4 | X | 0 | 0 | X | X | X | 0 | X | 4 
---|---|---|---|---|---|---|---|---|---
 5 | X | 0 | X | X | 0 | X | 0 | X | 5 
---|---|---|---|---|---|---|---|---|---
 6 | X | 0 | 0 | 0 | 0 | 0 | X | X | 6 
---|---|---|---|---|---|---|---|---|---
 7 | X | 0 | 0 |   |   |   |   | X | 7 
---|---|---|---|---|---|---|---|---|---
 8 | X | X | X |   |   |   |   |   | 8 
---|---|---|---|---|---|---|---|---|---
   | 1 | 2 | 3 | 4 | 5 | 6 | 7 | 8 |

It took 0 seconds to make this move...


Black to move
BXXXXOXXXXXXXXOOOXOXOXOOXXOOXXXOXXOXXOXOXXOOOOOXXXOOEEEEXXXXEEEEE
(7,6) Depth reached: 21, Nodes searched: 5956
   | 1 | 2 | 3 | 4 | 5 | 6 | 7 | 8 |
---|---|---|---|---|---|---|---|---|---
 1 | X | X | X | X | 0 | X | X | X | 1 
---|---|---|---|---|---|---|---|---|---
 2 | X | X | X | X | X | 0 | 0 | 0 | 2 
---|---|---|---|---|---|---|---|---|---
 3 | X | 0 | X | 0 | X | 0 | 0 | X | 3 
---|---|---|---|---|---|---|---|---|---
 4 | X | 0 | 0 | X | X | X | 0 | X | 4 
---|---|---|---|---|---|---|---|---|---
 5 | X | 0 | X | X | 0 | X | 0 | X | 5 
---|---|---|---|---|---|---|---|---|---
 6 | X | 0 | 0 | 0 | X | X | X | X | 6 
---|---|---|---|---|---|---|---|---|---
 7 | X | 0 | 0 |   |   | X |   | X | 7 
---|---|---|---|---|---|---|---|---|---
 8 | X | X | X |   |   |   |   |   | 8 
---|---|---|---|---|---|---|---|---|---
   | 1 | 2 | 3 | 4 | 5 | 6 | 7 | 8 |

It took 5 seconds to make this move...


White to move
WXXXXOXXXXXXXXOOOXOXOXOOXXOOXXXOXXOXXOXOXXOOOXXXXXOOEEXEXXXXEEEEE
(8,8)
   | 1 | 2 | 3 | 4 | 5 | 6 | 7 | 8 |
---|---|---|---|---|---|---|---|---|---
 1 | X | X | X | X | 0 | X | X | X | 1 
---|---|---|---|---|---|---|---|---|---
 2 | X | X | X | X | X | 0 | 0 | 0 | 2 
---|---|---|---|---|---|---|---|---|---
 3 | X | 0 | X | 0 | X | 0 | 0 | 0 | 3 
---|---|---|---|---|---|---|---|---|---
 4 | X | 0 | 0 | X | X | X | 0 | 0 | 4 
---|---|---|---|---|---|---|---|---|---
 5 | X | 0 | X | X | 0 | X | 0 | 0 | 5 
---|---|---|---|---|---|---|---|---|---
 6 | X | 0 | 0 | 0 | X | X | X | 0 | 6 
---|---|---|---|---|---|---|---|---|---
 7 | X | 0 | 0 |   |   | X |   | 0 | 7 
---|---|---|---|---|---|---|---|---|---
 8 | X | X | X |   |   |   |   | 0 | 8 
---|---|---|---|---|---|---|---|---|---
   | 1 | 2 | 3 | 4 | 5 | 6 | 7 | 8 |

It took 0 seconds to make this move...


Black to move
BXXXXOXXXXXXXXOOOXOXOXOOOXOOXXXOOXOXXOXOOXOOOXXXOXOOEEXEOXXXEEEEO
(7,5) Depth reached: 45, Nodes searched: 10477
   | 1 | 2 | 3 | 4 | 5 | 6 | 7 | 8 |
---|---|---|---|---|---|---|---|---|---
 1 | X | X | X | X | 0 | X | X | X | 1 
---|---|---|---|---|---|---|---|---|---
 2 | X | X | X | X | X | 0 | 0 | 0 | 2 
---|---|---|---|---|---|---|---|---|---
 3 | X | 0 | X | 0 | X | 0 | 0 | 0 | 3 
---|---|---|---|---|---|---|---|---|---
 4 | X | 0 | 0 | X | X | X | 0 | 0 | 4 
---|---|---|---|---|---|---|---|---|---
 5 | X | 0 | X | X | 0 | X | 0 | 0 | 5 
---|---|---|---|---|---|---|---|---|---
 6 | X | 0 | 0 | X | X | X | X | 0 | 6 
---|---|---|---|---|---|---|---|---|---
 7 | X | 0 | 0 |   | X | X |   | 0 | 7 
---|---|---|---|---|---|---|---|---|---
 8 | X | X | X |   |   |   |   | 0 | 8 
---|---|---|---|---|---|---|---|---|---
   | 1 | 2 | 3 | 4 | 5 | 6 | 7 | 8 |

It took 6 seconds to make this move...


White to move
WXXXXOXXXXXXXXOOOXOXOXOOOXOOXXXOOXOXXOXOOXOOXXXXOXOOEXXEOXXXEEEEO
(8,6)
   | 1 | 2 | 3 | 4 | 5 | 6 | 7 | 8 |
---|---|---|---|---|---|---|---|---|---
 1 | X | X | X | X | 0 | X | X | X | 1 
---|---|---|---|---|---|---|---|---|---
 2 | X | X | X | X | X | 0 | 0 | 0 | 2 
---|---|---|---|---|---|---|---|---|---
 3 | X | 0 | X | 0 | X | 0 | 0 | 0 | 3 
---|---|---|---|---|---|---|---|---|---
 4 | X | 0 | 0 | X | X | 0 | 0 | 0 | 4 
---|---|---|---|---|---|---|---|---|---
 5 | X | 0 | 0 | X | 0 | 0 | 0 | 0 | 5 
---|---|---|---|---|---|---|---|---|---
 6 | X | 0 | 0 | 0 | X | 0 | X | 0 | 6 
---|---|---|---|---|---|---|---|---|---
 7 | X | 0 | 0 |   | 0 | 0 |   | 0 | 7 
---|---|---|---|---|---|---|---|---|---
 8 | X | X | X |   |   | 0 |   | 0 | 8 
---|---|---|---|---|---|---|---|---|---
   | 1 | 2 | 3 | 4 | 5 | 6 | 7 | 8 |

It took 0 seconds to make this move...


Black to move
BXXXXOXXXXXXXXOOOXOXOXOOOXOOXXOOOXOOXOOOOXOOOXOXOXOOEOOEOXXXEEOEO
(8,4) Depth reached: 124, Nodes searched: 3932
   | 1 | 2 | 3 | 4 | 5 | 6 | 7 | 8 |
---|---|---|---|---|---|---|---|---|---
 1 | X | X | X | X | 0 | X | X | X | 1 
---|---|---|---|---|---|---|---|---|---
 2 | X | X | X | X | X | 0 | 0 | 0 | 2 
---|---|---|---|---|---|---|---|---|---
 3 | X | 0 | X | 0 | X | 0 | 0 | 0 | 3 
---|---|---|---|---|---|---|---|---|---
 4 | X | 0 | 0 | X | X | 0 | 0 | 0 | 4 
---|---|---|---|---|---|---|---|---|---
 5 | X | 0 | 0 | X | 0 | 0 | 0 | 0 | 5 
---|---|---|---|---|---|---|---|---|---
 6 | X | X | 0 | 0 | X | 0 | X | 0 | 6 
---|---|---|---|---|---|---|---|---|---
 7 | X | 0 | X |   | 0 | 0 |   | 0 | 7 
---|---|---|---|---|---|---|---|---|---
 8 | X | X | X | X |   | 0 |   | 0 | 8 
---|---|---|---|---|---|---|---|---|---
   | 1 | 2 | 3 | 4 | 5 | 6 | 7 | 8 |

It took 6 seconds to make this move...


White to move
WXXXXOXXXXXXXXOOOXOXOXOOOXOOXXOOOXOOXOOOOXXOOXOXOXOXEOOEOXXXXEOEO
(7,4)
   | 1 | 2 | 3 | 4 | 5 | 6 | 7 | 8 |
---|---|---|---|---|---|---|---|---|---
 1 | X | X | X | X | 0 | X | X | X | 1 
---|---|---|---|---|---|---|---|---|---
 2 | X | X | X | X | X | 0 | 0 | 0 | 2 
---|---|---|---|---|---|---|---|---|---
 3 | X | 0 | X | 0 | X | 0 | 0 | 0 | 3 
---|---|---|---|---|---|---|---|---|---
 4 | X | 0 | 0 | X | X | 0 | 0 | 0 | 4 
---|---|---|---|---|---|---|---|---|---
 5 | X | 0 | 0 | X | 0 | 0 | 0 | 0 | 5 
---|---|---|---|---|---|---|---|---|---
 6 | X | X | 0 | 0 | 0 | 0 | X | 0 | 6 
---|---|---|---|---|---|---|---|---|---
 7 | X | 0 | 0 | 0 | 0 | 0 |   | 0 | 7 
---|---|---|---|---|---|---|---|---|---
 8 | X | X | X | X |   | 0 |   | 0 | 8 
---|---|---|---|---|---|---|---|---|---
   | 1 | 2 | 3 | 4 | 5 | 6 | 7 | 8 |

It took 0 seconds to make this move...


Black to move
BXXXXOXXXXXXXXOOOXOXOXOOOXOOXXOOOXOOXOOOOXXOOOOXOXOOOOOEOXXXXEOEO
(8,5) Depth reached: 310, Nodes searched: 933
   | 1 | 2 | 3 | 4 | 5 | 6 | 7 | 8 |
---|---|---|---|---|---|---|---|---|---
 1 | X | X | X | X | 0 | X | X | X | 1 
---|---|---|---|---|---|---|---|---|---
 2 | X | X | X | X | X | 0 | 0 | 0 | 2 
---|---|---|---|---|---|---|---|---|---
 3 | X | 0 | X | 0 | X | 0 | 0 | 0 | 3 
---|---|---|---|---|---|---|---|---|---
 4 | X | 0 | 0 | X | X | 0 | 0 | 0 | 4 
---|---|---|---|---|---|---|---|---|---
 5 | X | X | 0 | X | X | 0 | 0 | 0 | 5 
---|---|---|---|---|---|---|---|---|---
 6 | X | X | X | 0 | X | 0 | X | 0 | 6 
---|---|---|---|---|---|---|---|---|---
 7 | X | 0 | 0 | X | X | X |   | 0 | 7 
---|---|---|---|---|---|---|---|---|---
 8 | X | X | X | X | X | 0 |   | 0 | 8 
---|---|---|---|---|---|---|---|---|---
   | 1 | 2 | 3 | 4 | 5 | 6 | 7 | 8 |

It took 5 seconds to make this move...


White to move
WXXXXOXXXXXXXXOOOXOXOXOOOXOOXXOOOXXOXXOOOXXXOXOXOXOOXXXEOXXXXXOEO
(8,7)
   | 1 | 2 | 3 | 4 | 5 | 6 | 7 | 8 |
---|---|---|---|---|---|---|---|---|---
 1 | X | X | X | X | 0 | X | X | X | 1 
---|---|---|---|---|---|---|---|---|---
 2 | X | X | X | X | X | 0 | 0 | 0 | 2 
---|---|---|---|---|---|---|---|---|---
 3 | X | 0 | X | 0 | X | 0 | 0 | 0 | 3 
---|---|---|---|---|---|---|---|---|---
 4 | X | 0 | 0 | X | X | 0 | 0 | 0 | 4 
---|---|---|---|---|---|---|---|---|---
 5 | X | X | 0 | 0 | X | 0 | 0 | 0 | 5 
---|---|---|---|---|---|---|---|---|---
 6 | X | X | X | 0 | 0 | 0 | X | 0 | 6 
---|---|---|---|---|---|---|---|---|---
 7 | X | 0 | 0 | X | X | 0 |   | 0 | 7 
---|---|---|---|---|---|---|---|---|---
 8 | X | X | X | X | X | 0 | 0 | 0 | 8 
---|---|---|---|---|---|---|---|---|---
   | 1 | 2 | 3 | 4 | 5 | 6 | 7 | 8 |

It took 0 seconds to make this move...


Black to move
BXXXXOXXXXXXXXOOOXOXOXOOOXOOXXOOOXXOOXOOOXXXOOOXOXOOXXOEOXXXXXOOO
(7,7) Depth reached: 704, Nodes searched: 617
   | 1 | 2 | 3 | 4 | 5 | 6 | 7 | 8 |
---|---|---|---|---|---|---|---|---|---
 1 | X | X | X | X | 0 | X | X | X | 1 
---|---|---|---|---|---|---|---|---|---
 2 | X | X | X | X | X | 0 | 0 | 0 | 2 
---|---|---|---|---|---|---|---|---|---
 3 | X | 0 | X | 0 | X | 0 | 0 | 0 | 3 
---|---|---|---|---|---|---|---|---|---
 4 | X | 0 | 0 | X | X | 0 | 0 | 0 | 4 
---|---|---|---|---|---|---|---|---|---
 5 | X | X | 0 | 0 | X | 0 | 0 | 0 | 5 
---|---|---|---|---|---|---|---|---|---
 6 | X | X | X | 0 | 0 | X | X | 0 | 6 
---|---|---|---|---|---|---|---|---|---
 7 | X | 0 | 0 | X | X | X | X | 0 | 7 
---|---|---|---|---|---|---|---|---|---
 8 | X | X | X | X | X | 0 | 0 | 0 | 8 
---|---|---|---|---|---|---|---|---|---
   | 1 | 2 | 3 | 4 | 5 | 6 | 7 | 8 |

It took 5 seconds to make this move...


White to move
WXXXXOXXXXXXXXOOOXOXOXOOOXOOXXOOOXXOOXOOOXXXOOXXOXOOXXXXOXXXXXOOO
pass
   | 1 | 2 | 3 | 4 | 5 | 6 | 7 | 8 |
---|---|---|---|---|---|---|---|---|---
 1 | X | X | X | X | 0 | X | X | X | 1 
---|---|---|---|---|---|---|---|---|---
 2 | X | X | X | X | X | 0 | 0 | 0 | 2 
---|---|---|---|---|---|---|---|---|---
 3 | X | 0 | X | 0 | X | 0 | 0 | 0 | 3 
---|---|---|---|---|---|---|---|---|---
 4 | X | 0 | 0 | X | X | 0 | 0 | 0 | 4 
---|---|---|---|---|---|---|---|---|---
 5 | X | X | 0 | 0 | X | 0 | 0 | 0 | 5 
---|---|---|---|---|---|---|---|---|---
 6 | X | X | X | 0 | 0 | X | X | 0 | 6 
---|---|---|---|---|---|---|---|---|---
 7 | X | 0 | 0 | X | X | X | X | 0 | 7 
---|---|---|---|---|---|---|---|---|---
 8 | X | X | X | X | X | 0 | 0 | 0 | 8 
---|---|---|---|---|---|---|---|---|---
   | 1 | 2 | 3 | 4 | 5 | 6 | 7 | 8 |

It took 0 seconds to make this move...


Black to move
BXXXXOXXXXXXXXOOOXOXOXOOOXOOXXOOOXXOOXOOOXXXOOXXOXOOXXXXOXXXXXOOO
pass
   | 1 | 2 | 3 | 4 | 5 | 6 | 7 | 8 |
---|---|---|---|---|---|---|---|---|---
 1 | X | X | X | X | 0 | X | X | X | 1 
---|---|---|---|---|---|---|---|---|---
 2 | X | X | X | X | X | 0 | 0 | 0 | 2 
---|---|---|---|---|---|---|---|---|---
 3 | X | 0 | X | 0 | X | 0 | 0 | 0 | 3 
---|---|---|---|---|---|---|---|---|---
 4 | X | 0 | 0 | X | X | 0 | 0 | 0 | 4 
---|---|---|---|---|---|---|---|---|---
 5 | X | X | 0 | 0 | X | 0 | 0 | 0 | 5 
---|---|---|---|---|---|---|---|---|---
 6 | X | X | X | 0 | 0 | X | X | 0 | 6 
---|---|---|---|---|---|---|---|---|---
 7 | X | 0 | 0 | X | X | X | X | 0 | 7 
---|---|---|---|---|---|---|---|---|---
 8 | X | X | X | X | X | 0 | 0 | 0 | 8 
---|---|---|---|---|---|---|---|---|---
   | 1 | 2 | 3 | 4 | 5 | 6 | 7 | 8 |

It took 6 seconds to make this move...
***************************************
Results for ./othello_naive.sh vs. ../Python/othello.sh:
Black won with 8 points
Average time for white: 0.1 s (max: 1 s)
Average time for black: 5.4 s (max: 6 s)
***************************************
