   | 1 | 2 | 3 | 4 | 5 | 6 | 7 | 8 |
---|---|---|---|---|---|---|---|---|---
 1 |   |   |   |   |   |   |   |   | 1 
---|---|---|---|---|---|---|---|---|---
 2 |   |   |   |   |   |   |   |   | 2 
---|---|---|---|---|---|---|---|---|---
 3 |   |   |   |   |   |   |   |   | 3 
---|---|---|---|---|---|---|---|---|---
 4 |   |   |   | 0 | X |   |   |   | 4 
---|---|---|---|---|---|---|---|---|---
 5 |   |   |   | X | 0 |   |   |   | 5 
---|---|---|---|---|---|---|---|---|---
 6 |   |   |   |   |   |   |   |   | 6 
---|---|---|---|---|---|---|---|---|---
 7 |   |   |   |   |   |   |   |   | 7 
---|---|---|---|---|---|---|---|---|---
 8 |   |   |   |   |   |   |   |   | 8 
---|---|---|---|---|---|---|---|---|---
   | 1 | 2 | 3 | 4 | 5 | 6 | 7 | 8 |



White to move
WEEEEEEEEEEEEEEEEEEEEEEEEEEEOXEEEEEEXOEEEEEEEEEEEEEEEEEEEEEEEEEEE
(3,5) Depth reached: 8, Nodes searched: 13881
   | 1 | 2 | 3 | 4 | 5 | 6 | 7 | 8 |
---|---|---|---|---|---|---|---|---|---
 1 |   |   |   |   |   |   |   |   | 1 
---|---|---|---|---|---|---|---|---|---
 2 |   |   |   |   |   |   |   |   | 2 
---|---|---|---|---|---|---|---|---|---
 3 |   |   |   |   | 0 |   |   |   | 3 
---|---|---|---|---|---|---|---|---|---
 4 |   |   |   | 0 | 0 |   |   |   | 4 
---|---|---|---|---|---|---|---|---|---
 5 |   |   |   | X | 0 |   |   |   | 5 
---|---|---|---|---|---|---|---|---|---
 6 |   |   |   |   |   |   |   |   | 6 
---|---|---|---|---|---|---|---|---|---
 7 |   |   |   |   |   |   |   |   | 7 
---|---|---|---|---|---|---|---|---|---
 8 |   |   |   |   |   |   |   |   | 8 
---|---|---|---|---|---|---|---|---|---
   | 1 | 2 | 3 | 4 | 5 | 6 | 7 | 8 |

It took 5 seconds to make this move...


Black to move
BEEEEEEEEEEEEEEEEEEEEOEEEEEEOOEEEEEEXOEEEEEEEEEEEEEEEEEEEEEEEEEEE
(3,4)
   | 1 | 2 | 3 | 4 | 5 | 6 | 7 | 8 |
---|---|---|---|---|---|---|---|---|---
 1 |   |   |   |   |   |   |   |   | 1 
---|---|---|---|---|---|---|---|---|---
 2 |   |   |   |   |   |   |   |   | 2 
---|---|---|---|---|---|---|---|---|---
 3 |   |   |   | X | 0 |   |   |   | 3 
---|---|---|---|---|---|---|---|---|---
 4 |   |   |   | X | 0 |   |   |   | 4 
---|---|---|---|---|---|---|---|---|---
 5 |   |   |   | X | 0 |   |   |   | 5 
---|---|---|---|---|---|---|---|---|---
 6 |   |   |   |   |   |   |   |   | 6 
---|---|---|---|---|---|---|---|---|---
 7 |   |   |   |   |   |   |   |   | 7 
---|---|---|---|---|---|---|---|---|---
 8 |   |   |   |   |   |   |   |   | 8 
---|---|---|---|---|---|---|---|---|---
   | 1 | 2 | 3 | 4 | 5 | 6 | 7 | 8 |

It took 0 seconds to make this move...


White to move
WEEEEEEEEEEEEEEEEEEEXOEEEEEEXOEEEEEEXOEEEEEEEEEEEEEEEEEEEEEEEEEEE
(4,3) Depth reached: 7, Nodes searched: 24953
   | 1 | 2 | 3 | 4 | 5 | 6 | 7 | 8 |
---|---|---|---|---|---|---|---|---|---
 1 |   |   |   |   |   |   |   |   | 1 
---|---|---|---|---|---|---|---|---|---
 2 |   |   |   |   |   |   |   |   | 2 
---|---|---|---|---|---|---|---|---|---
 3 |   |   |   | X | 0 |   |   |   | 3 
---|---|---|---|---|---|---|---|---|---
 4 |   |   | 0 | 0 | 0 |   |   |   | 4 
---|---|---|---|---|---|---|---|---|---
 5 |   |   |   | X | 0 |   |   |   | 5 
---|---|---|---|---|---|---|---|---|---
 6 |   |   |   |   |   |   |   |   | 6 
---|---|---|---|---|---|---|---|---|---
 7 |   |   |   |   |   |   |   |   | 7 
---|---|---|---|---|---|---|---|---|---
 8 |   |   |   |   |   |   |   |   | 8 
---|---|---|---|---|---|---|---|---|---
   | 1 | 2 | 3 | 4 | 5 | 6 | 7 | 8 |

It took 6 seconds to make this move...


Black to move
BEEEEEEEEEEEEEEEEEEEXOEEEEEOOOEEEEEEXOEEEEEEEEEEEEEEEEEEEEEEEEEEE
(3,2)
   | 1 | 2 | 3 | 4 | 5 | 6 | 7 | 8 |
---|---|---|---|---|---|---|---|---|---
 1 |   |   |   |   |   |   |   |   | 1 
---|---|---|---|---|---|---|---|---|---
 2 |   |   |   |   |   |   |   |   | 2 
---|---|---|---|---|---|---|---|---|---
 3 |   | X |   | X | 0 |   |   |   | 3 
---|---|---|---|---|---|---|---|---|---
 4 |   |   | X | 0 | 0 |   |   |   | 4 
---|---|---|---|---|---|---|---|---|---
 5 |   |   |   | X | 0 |   |   |   | 5 
---|---|---|---|---|---|---|---|---|---
 6 |   |   |   |   |   |   |   |   | 6 
---|---|---|---|---|---|---|---|---|---
 7 |   |   |   |   |   |   |   |   | 7 
---|---|---|---|---|---|---|---|---|---
 8 |   |   |   |   |   |   |   |   | 8 
---|---|---|---|---|---|---|---|---|---
   | 1 | 2 | 3 | 4 | 5 | 6 | 7 | 8 |

It took 0 seconds to make this move...


White to move
WEEEEEEEEEEEEEEEEEXEXOEEEEEXOOEEEEEEXOEEEEEEEEEEEEEEEEEEEEEEEEEEE
(4,2) Depth reached: 7, Nodes searched: 2700
   | 1 | 2 | 3 | 4 | 5 | 6 | 7 | 8 |
---|---|---|---|---|---|---|---|---|---
 1 |   |   |   |   |   |   |   |   | 1 
---|---|---|---|---|---|---|---|---|---
 2 |   |   |   |   |   |   |   |   | 2 
---|---|---|---|---|---|---|---|---|---
 3 |   | X |   | X | 0 |   |   |   | 3 
---|---|---|---|---|---|---|---|---|---
 4 |   | 0 | 0 | 0 | 0 |   |   |   | 4 
---|---|---|---|---|---|---|---|---|---
 5 |   |   |   | X | 0 |   |   |   | 5 
---|---|---|---|---|---|---|---|---|---
 6 |   |   |   |   |   |   |   |   | 6 
---|---|---|---|---|---|---|---|---|---
 7 |   |   |   |   |   |   |   |   | 7 
---|---|---|---|---|---|---|---|---|---
 8 |   |   |   |   |   |   |   |   | 8 
---|---|---|---|---|---|---|---|---|---
   | 1 | 2 | 3 | 4 | 5 | 6 | 7 | 8 |

It took 6 seconds to make this move...


Black to move
BEEEEEEEEEEEEEEEEEXEXOEEEEOOOOEEEEEEXOEEEEEEEEEEEEEEEEEEEEEEEEEEE
(5,6)
   | 1 | 2 | 3 | 4 | 5 | 6 | 7 | 8 |
---|---|---|---|---|---|---|---|---|---
 1 |   |   |   |   |   |   |   |   | 1 
---|---|---|---|---|---|---|---|---|---
 2 |   |   |   |   |   |   |   |   | 2 
---|---|---|---|---|---|---|---|---|---
 3 |   | X |   | X | 0 |   |   |   | 3 
---|---|---|---|---|---|---|---|---|---
 4 |   | 0 | 0 | 0 | X |   |   |   | 4 
---|---|---|---|---|---|---|---|---|---
 5 |   |   |   | X | X | X |   |   | 5 
---|---|---|---|---|---|---|---|---|---
 6 |   |   |   |   |   |   |   |   | 6 
---|---|---|---|---|---|---|---|---|---
 7 |   |   |   |   |   |   |   |   | 7 
---|---|---|---|---|---|---|---|---|---
 8 |   |   |   |   |   |   |   |   | 8 
---|---|---|---|---|---|---|---|---|---
   | 1 | 2 | 3 | 4 | 5 | 6 | 7 | 8 |

It took 0 seconds to make this move...


White to move
WEEEEEEEEEEEEEEEEEXEXOEEEEOOOXEEEEEEXXXEEEEEEEEEEEEEEEEEEEEEEEEEE
(6,5) Depth reached: 6, Nodes searched: 18747
   | 1 | 2 | 3 | 4 | 5 | 6 | 7 | 8 |
---|---|---|---|---|---|---|---|---|---
 1 |   |   |   |   |   |   |   |   | 1 
---|---|---|---|---|---|---|---|---|---
 2 |   |   |   |   |   |   |   |   | 2 
---|---|---|---|---|---|---|---|---|---
 3 |   | X |   | X | 0 |   |   |   | 3 
---|---|---|---|---|---|---|---|---|---
 4 |   | 0 | 0 | 0 | 0 |   |   |   | 4 
---|---|---|---|---|---|---|---|---|---
 5 |   |   |   | 0 | 0 | X |   |   | 5 
---|---|---|---|---|---|---|---|---|---
 6 |   |   |   |   | 0 |   |   |   | 6 
---|---|---|---|---|---|---|---|---|---
 7 |   |   |   |   |   |   |   |   | 7 
---|---|---|---|---|---|---|---|---|---
 8 |   |   |   |   |   |   |   |   | 8 
---|---|---|---|---|---|---|---|---|---
   | 1 | 2 | 3 | 4 | 5 | 6 | 7 | 8 |

It took 5 seconds to make this move...


Black to move
BEEEEEEEEEEEEEEEEEXEXOEEEEOOOOEEEEEEOOXEEEEEEOEEEEEEEEEEEEEEEEEEE
(3,6)
   | 1 | 2 | 3 | 4 | 5 | 6 | 7 | 8 |
---|---|---|---|---|---|---|---|---|---
 1 |   |   |   |   |   |   |   |   | 1 
---|---|---|---|---|---|---|---|---|---
 2 |   |   |   |   |   |   |   |   | 2 
---|---|---|---|---|---|---|---|---|---
 3 |   | X |   | X | X | X |   |   | 3 
---|---|---|---|---|---|---|---|---|---
 4 |   | 0 | 0 | 0 | 0 |   |   |   | 4 
---|---|---|---|---|---|---|---|---|---
 5 |   |   |   | 0 | 0 | X |   |   | 5 
---|---|---|---|---|---|---|---|---|---
 6 |   |   |   |   | 0 |   |   |   | 6 
---|---|---|---|---|---|---|---|---|---
 7 |   |   |   |   |   |   |   |   | 7 
---|---|---|---|---|---|---|---|---|---
 8 |   |   |   |   |   |   |   |   | 8 
---|---|---|---|---|---|---|---|---|---
   | 1 | 2 | 3 | 4 | 5 | 6 | 7 | 8 |

It took 1 seconds to make this move...


White to move
WEEEEEEEEEEEEEEEEEXEXXXEEEOOOOEEEEEEOOXEEEEEEOEEEEEEEEEEEEEEEEEEE
(2,3) Depth reached: 6, Nodes searched: 9611
   | 1 | 2 | 3 | 4 | 5 | 6 | 7 | 8 |
---|---|---|---|---|---|---|---|---|---
 1 |   |   |   |   |   |   |   |   | 1 
---|---|---|---|---|---|---|---|---|---
 2 |   |   | 0 |   |   |   |   |   | 2 
---|---|---|---|---|---|---|---|---|---
 3 |   | X |   | 0 | X | X |   |   | 3 
---|---|---|---|---|---|---|---|---|---
 4 |   | 0 | 0 | 0 | 0 |   |   |   | 4 
---|---|---|---|---|---|---|---|---|---
 5 |   |   |   | 0 | 0 | X |   |   | 5 
---|---|---|---|---|---|---|---|---|---
 6 |   |   |   |   | 0 |   |   |   | 6 
---|---|---|---|---|---|---|---|---|---
 7 |   |   |   |   |   |   |   |   | 7 
---|---|---|---|---|---|---|---|---|---
 8 |   |   |   |   |   |   |   |   | 8 
---|---|---|---|---|---|---|---|---|---
   | 1 | 2 | 3 | 4 | 5 | 6 | 7 | 8 |

It took 5 seconds to make this move...


Black to move
BEEEEEEEEEEOEEEEEEXEOXXEEEOOOOEEEEEEOOXEEEEEEOEEEEEEEEEEEEEEEEEEE
(1,2)
   | 1 | 2 | 3 | 4 | 5 | 6 | 7 | 8 |
---|---|---|---|---|---|---|---|---|---
 1 |   | X |   |   |   |   |   |   | 1 
---|---|---|---|---|---|---|---|---|---
 2 |   |   | X |   |   |   |   |   | 2 
---|---|---|---|---|---|---|---|---|---
 3 |   | X |   | X | X | X |   |   | 3 
---|---|---|---|---|---|---|---|---|---
 4 |   | 0 | 0 | 0 | X |   |   |   | 4 
---|---|---|---|---|---|---|---|---|---
 5 |   |   |   | 0 | 0 | X |   |   | 5 
---|---|---|---|---|---|---|---|---|---
 6 |   |   |   |   | 0 |   |   |   | 6 
---|---|---|---|---|---|---|---|---|---
 7 |   |   |   |   |   |   |   |   | 7 
---|---|---|---|---|---|---|---|---|---
 8 |   |   |   |   |   |   |   |   | 8 
---|---|---|---|---|---|---|---|---|---
   | 1 | 2 | 3 | 4 | 5 | 6 | 7 | 8 |

It took 0 seconds to make this move...


White to move
WEXEEEEEEEEXEEEEEEXEXXXEEEOOOXEEEEEEOOXEEEEEEOEEEEEEEEEEEEEEEEEEE
(2,5) Depth reached: 6, Nodes searched: 17132
   | 1 | 2 | 3 | 4 | 5 | 6 | 7 | 8 |
---|---|---|---|---|---|---|---|---|---
 1 |   | X |   |   |   |   |   |   | 1 
---|---|---|---|---|---|---|---|---|---
 2 |   |   | X |   | 0 |   |   |   | 2 
---|---|---|---|---|---|---|---|---|---
 3 |   | X |   | 0 | 0 | X |   |   | 3 
---|---|---|---|---|---|---|---|---|---
 4 |   | 0 | 0 | 0 | 0 |   |   |   | 4 
---|---|---|---|---|---|---|---|---|---
 5 |   |   |   | 0 | 0 | X |   |   | 5 
---|---|---|---|---|---|---|---|---|---
 6 |   |   |   |   | 0 |   |   |   | 6 
---|---|---|---|---|---|---|---|---|---
 7 |   |   |   |   |   |   |   |   | 7 
---|---|---|---|---|---|---|---|---|---
 8 |   |   |   |   |   |   |   |   | 8 
---|---|---|---|---|---|---|---|---|---
   | 1 | 2 | 3 | 4 | 5 | 6 | 7 | 8 |

It took 6 seconds to make this move...


Black to move
BEXEEEEEEEEXEOEEEEXEOOXEEEOOOOEEEEEEOOXEEEEEEOEEEEEEEEEEEEEEEEEEE
(7,6)
   | 1 | 2 | 3 | 4 | 5 | 6 | 7 | 8 |
---|---|---|---|---|---|---|---|---|---
 1 |   | X |   |   |   |   |   |   | 1 
---|---|---|---|---|---|---|---|---|---
 2 |   |   | X |   | 0 |   |   |   | 2 
---|---|---|---|---|---|---|---|---|---
 3 |   | X |   | 0 | 0 | X |   |   | 3 
---|---|---|---|---|---|---|---|---|---
 4 |   | 0 | X | 0 | 0 |   |   |   | 4 
---|---|---|---|---|---|---|---|---|---
 5 |   |   |   | X | 0 | X |   |   | 5 
---|---|---|---|---|---|---|---|---|---
 6 |   |   |   |   | X |   |   |   | 6 
---|---|---|---|---|---|---|---|---|---
 7 |   |   |   |   |   | X |   |   | 7 
---|---|---|---|---|---|---|---|---|---
 8 |   |   |   |   |   |   |   |   | 8 
---|---|---|---|---|---|---|---|---|---
   | 1 | 2 | 3 | 4 | 5 | 6 | 7 | 8 |

It took 0 seconds to make this move...


White to move
WEXEEEEEEEEXEOEEEEXEOOXEEEOXOOEEEEEEXOXEEEEEEXEEEEEEEEXEEEEEEEEEE
(6,3) Depth reached: 6, Nodes searched: 11233
   | 1 | 2 | 3 | 4 | 5 | 6 | 7 | 8 |
---|---|---|---|---|---|---|---|---|---
 1 |   | X |   |   |   |   |   |   | 1 
---|---|---|---|---|---|---|---|---|---
 2 |   |   | X |   | 0 |   |   |   | 2 
---|---|---|---|---|---|---|---|---|---
 3 |   | X |   | 0 | 0 | X |   |   | 3 
---|---|---|---|---|---|---|---|---|---
 4 |   | 0 | X | 0 | 0 |   |   |   | 4 
---|---|---|---|---|---|---|---|---|---
 5 |   |   |   | 0 | 0 | X |   |   | 5 
---|---|---|---|---|---|---|---|---|---
 6 |   |   | 0 |   | X |   |   |   | 6 
---|---|---|---|---|---|---|---|---|---
 7 |   |   |   |   |   | X |   |   | 7 
---|---|---|---|---|---|---|---|---|---
 8 |   |   |   |   |   |   |   |   | 8 
---|---|---|---|---|---|---|---|---|---
   | 1 | 2 | 3 | 4 | 5 | 6 | 7 | 8 |

It took 6 seconds to make this move...


Black to move
BEXEEEEEEEEXEOEEEEXEOOXEEEOXOOEEEEEEOOXEEEEOEXEEEEEEEEXEEEEEEEEEE
(1,5)
   | 1 | 2 | 3 | 4 | 5 | 6 | 7 | 8 |
---|---|---|---|---|---|---|---|---|---
 1 |   | X |   |   | X |   |   |   | 1 
---|---|---|---|---|---|---|---|---|---
 2 |   |   | X |   | X |   |   |   | 2 
---|---|---|---|---|---|---|---|---|---
 3 |   | X |   | 0 | X | X |   |   | 3 
---|---|---|---|---|---|---|---|---|---
 4 |   | 0 | X | 0 | X |   |   |   | 4 
---|---|---|---|---|---|---|---|---|---
 5 |   |   |   | 0 | X | X |   |   | 5 
---|---|---|---|---|---|---|---|---|---
 6 |   |   | 0 |   | X |   |   |   | 6 
---|---|---|---|---|---|---|---|---|---
 7 |   |   |   |   |   | X |   |   | 7 
---|---|---|---|---|---|---|---|---|---
 8 |   |   |   |   |   |   |   |   | 8 
---|---|---|---|---|---|---|---|---|---
   | 1 | 2 | 3 | 4 | 5 | 6 | 7 | 8 |

It took 0 seconds to make this move...


White to move
WEXEEXEEEEEXEXEEEEXEOXXEEEOXOXEEEEEEOXXEEEEOEXEEEEEEEEXEEEEEEEEEE
(1,6) Depth reached: 6, Nodes searched: 18213
   | 1 | 2 | 3 | 4 | 5 | 6 | 7 | 8 |
---|---|---|---|---|---|---|---|---|---
 1 |   | X |   |   | X | 0 |   |   | 1 
---|---|---|---|---|---|---|---|---|---
 2 |   |   | X |   | 0 |   |   |   | 2 
---|---|---|---|---|---|---|---|---|---
 3 |   | X |   | 0 | X | X |   |   | 3 
---|---|---|---|---|---|---|---|---|---
 4 |   | 0 | X | 0 | X |   |   |   | 4 
---|---|---|---|---|---|---|---|---|---
 5 |   |   |   | 0 | X | X |   |   | 5 
---|---|---|---|---|---|---|---|---|---
 6 |   |   | 0 |   | X |   |   |   | 6 
---|---|---|---|---|---|---|---|---|---
 7 |   |   |   |   |   | X |   |   | 7 
---|---|---|---|---|---|---|---|---|---
 8 |   |   |   |   |   |   |   |   | 8 
---|---|---|---|---|---|---|---|---|---
   | 1 | 2 | 3 | 4 | 5 | 6 | 7 | 8 |

It took 6 seconds to make this move...


Black to move
BEXEEXOEEEEXEOEEEEXEOXXEEEOXOXEEEEEEOXXEEEEOEXEEEEEEEEXEEEEEEEEEE
(1,4)
   | 1 | 2 | 3 | 4 | 5 | 6 | 7 | 8 |
---|---|---|---|---|---|---|---|---|---
 1 |   | X |   | X | X | 0 |   |   | 1 
---|---|---|---|---|---|---|---|---|---
 2 |   |   | X |   | X |   |   |   | 2 
---|---|---|---|---|---|---|---|---|---
 3 |   | X |   | 0 | X | X |   |   | 3 
---|---|---|---|---|---|---|---|---|---
 4 |   | 0 | X | 0 | X |   |   |   | 4 
---|---|---|---|---|---|---|---|---|---
 5 |   |   |   | 0 | X | X |   |   | 5 
---|---|---|---|---|---|---|---|---|---
 6 |   |   | 0 |   | X |   |   |   | 6 
---|---|---|---|---|---|---|---|---|---
 7 |   |   |   |   |   | X |   |   | 7 
---|---|---|---|---|---|---|---|---|---
 8 |   |   |   |   |   |   |   |   | 8 
---|---|---|---|---|---|---|---|---|---
   | 1 | 2 | 3 | 4 | 5 | 6 | 7 | 8 |

It took 0 seconds to make this move...


White to move
WEXEXXOEEEEXEXEEEEXEOXXEEEOXOXEEEEEEOXXEEEEOEXEEEEEEEEXEEEEEEEEEE
(3,7) Depth reached: 6, Nodes searched: 3137
   | 1 | 2 | 3 | 4 | 5 | 6 | 7 | 8 |
---|---|---|---|---|---|---|---|---|---
 1 |   | X |   | X | X | 0 |   |   | 1 
---|---|---|---|---|---|---|---|---|---
 2 |   |   | X |   | X |   |   |   | 2 
---|---|---|---|---|---|---|---|---|---
 3 |   | X |   | 0 | 0 | 0 | 0 |   | 3 
---|---|---|---|---|---|---|---|---|---
 4 |   | 0 | X | 0 | X |   |   |   | 4 
---|---|---|---|---|---|---|---|---|---
 5 |   |   |   | 0 | X | X |   |   | 5 
---|---|---|---|---|---|---|---|---|---
 6 |   |   | 0 |   | X |   |   |   | 6 
---|---|---|---|---|---|---|---|---|---
 7 |   |   |   |   |   | X |   |   | 7 
---|---|---|---|---|---|---|---|---|---
 8 |   |   |   |   |   |   |   |   | 8 
---|---|---|---|---|---|---|---|---|---
   | 1 | 2 | 3 | 4 | 5 | 6 | 7 | 8 |

It took 5 seconds to make this move...


Black to move
BEXEXXOEEEEXEXEEEEXEOOOOEEOXOXEEEEEEOXXEEEEOEXEEEEEEEEXEEEEEEEEEE
(3,3)
   | 1 | 2 | 3 | 4 | 5 | 6 | 7 | 8 |
---|---|---|---|---|---|---|---|---|---
 1 |   | X |   | X | X | 0 |   |   | 1 
---|---|---|---|---|---|---|---|---|---
 2 |   |   | X |   | X |   |   |   | 2 
---|---|---|---|---|---|---|---|---|---
 3 |   | X | X | 0 | 0 | 0 | 0 |   | 3 
---|---|---|---|---|---|---|---|---|---
 4 |   | 0 | X | X | X |   |   |   | 4 
---|---|---|---|---|---|---|---|---|---
 5 |   |   |   | 0 | X | X |   |   | 5 
---|---|---|---|---|---|---|---|---|---
 6 |   |   | 0 |   | X |   |   |   | 6 
---|---|---|---|---|---|---|---|---|---
 7 |   |   |   |   |   | X |   |   | 7 
---|---|---|---|---|---|---|---|---|---
 8 |   |   |   |   |   |   |   |   | 8 
---|---|---|---|---|---|---|---|---|---
   | 1 | 2 | 3 | 4 | 5 | 6 | 7 | 8 |

It took 1 seconds to make this move...


White to move
WEXEXXOEEEEXEXEEEEXXOOOOEEOXXXEEEEEEOXXEEEEOEXEEEEEEEEXEEEEEEEEEE
(5,7) Depth reached: 6, Nodes searched: 14457
   | 1 | 2 | 3 | 4 | 5 | 6 | 7 | 8 |
---|---|---|---|---|---|---|---|---|---
 1 |   | X |   | X | X | 0 |   |   | 1 
---|---|---|---|---|---|---|---|---|---
 2 |   |   | X |   | X |   |   |   | 2 
---|---|---|---|---|---|---|---|---|---
 3 |   | X | X | 0 | 0 | 0 | 0 |   | 3 
---|---|---|---|---|---|---|---|---|---
 4 |   | 0 | X | X | X |   |   |   | 4 
---|---|---|---|---|---|---|---|---|---
 5 |   |   |   | 0 | 0 | 0 | 0 |   | 5 
---|---|---|---|---|---|---|---|---|---
 6 |   |   | 0 |   | X |   |   |   | 6 
---|---|---|---|---|---|---|---|---|---
 7 |   |   |   |   |   | X |   |   | 7 
---|---|---|---|---|---|---|---|---|---
 8 |   |   |   |   |   |   |   |   | 8 
---|---|---|---|---|---|---|---|---|---
   | 1 | 2 | 3 | 4 | 5 | 6 | 7 | 8 |

It took 5 seconds to make this move...


Black to move
BEXEXXOEEEEXEXEEEEXXOOOOEEOXXXEEEEEEOOOOEEEOEXEEEEEEEEXEEEEEEEEEE
(3,8)
   | 1 | 2 | 3 | 4 | 5 | 6 | 7 | 8 |
---|---|---|---|---|---|---|---|---|---
 1 |   | X |   | X | X | 0 |   |   | 1 
---|---|---|---|---|---|---|---|---|---
 2 |   |   | X |   | X |   |   |   | 2 
---|---|---|---|---|---|---|---|---|---
 3 |   | X | X | X | X | X | X | X | 3 
---|---|---|---|---|---|---|---|---|---
 4 |   | 0 | X | X | X |   |   |   | 4 
---|---|---|---|---|---|---|---|---|---
 5 |   |   |   | 0 | 0 | 0 | 0 |   | 5 
---|---|---|---|---|---|---|---|---|---
 6 |   |   | 0 |   | X |   |   |   | 6 
---|---|---|---|---|---|---|---|---|---
 7 |   |   |   |   |   | X |   |   | 7 
---|---|---|---|---|---|---|---|---|---
 8 |   |   |   |   |   |   |   |   | 8 
---|---|---|---|---|---|---|---|---|---
   | 1 | 2 | 3 | 4 | 5 | 6 | 7 | 8 |

It took 1 seconds to make this move...


White to move
WEXEXXOEEEEXEXEEEEXXXXXXXEOXXXEEEEEEOOOOEEEOEXEEEEEEEEXEEEEEEEEEE
(5,2) Depth reached: 6, Nodes searched: 12371
   | 1 | 2 | 3 | 4 | 5 | 6 | 7 | 8 |
---|---|---|---|---|---|---|---|---|---
 1 |   | X |   | X | X | 0 |   |   | 1 
---|---|---|---|---|---|---|---|---|---
 2 |   |   | X |   | 0 |   |   |   | 2 
---|---|---|---|---|---|---|---|---|---
 3 |   | X | X | 0 | X | X | X | X | 3 
---|---|---|---|---|---|---|---|---|---
 4 |   | 0 | 0 | X | X |   |   |   | 4 
---|---|---|---|---|---|---|---|---|---
 5 |   | 0 |   | 0 | 0 | 0 | 0 |   | 5 
---|---|---|---|---|---|---|---|---|---
 6 |   |   | 0 |   | X |   |   |   | 6 
---|---|---|---|---|---|---|---|---|---
 7 |   |   |   |   |   | X |   |   | 7 
---|---|---|---|---|---|---|---|---|---
 8 |   |   |   |   |   |   |   |   | 8 
---|---|---|---|---|---|---|---|---|---
   | 1 | 2 | 3 | 4 | 5 | 6 | 7 | 8 |

It took 5 seconds to make this move...


Black to move
BEXEXXOEEEEXEOEEEEXXOXXXXEOOXXEEEEOEOOOOEEEOEXEEEEEEEEXEEEEEEEEEE
(4,1)
   | 1 | 2 | 3 | 4 | 5 | 6 | 7 | 8 |
---|---|---|---|---|---|---|---|---|---
 1 |   | X |   | X | X | 0 |   |   | 1 
---|---|---|---|---|---|---|---|---|---
 2 |   |   | X |   | 0 |   |   |   | 2 
---|---|---|---|---|---|---|---|---|---
 3 |   | X | X | 0 | X | X | X | X | 3 
---|---|---|---|---|---|---|---|---|---
 4 | X | X | X | X | X |   |   |   | 4 
---|---|---|---|---|---|---|---|---|---
 5 |   | 0 |   | 0 | 0 | 0 | 0 |   | 5 
---|---|---|---|---|---|---|---|---|---
 6 |   |   | 0 |   | X |   |   |   | 6 
---|---|---|---|---|---|---|---|---|---
 7 |   |   |   |   |   | X |   |   | 7 
---|---|---|---|---|---|---|---|---|---
 8 |   |   |   |   |   |   |   |   | 8 
---|---|---|---|---|---|---|---|---|---
   | 1 | 2 | 3 | 4 | 5 | 6 | 7 | 8 |

It took 1 seconds to make this move...


White to move
WEXEXXOEEEEXEOEEEEXXOXXXXXXXXXEEEEOEOOOOEEEOEXEEEEEEEEXEEEEEEEEEE
(3,1) Depth reached: 6, Nodes searched: 21768
   | 1 | 2 | 3 | 4 | 5 | 6 | 7 | 8 |
---|---|---|---|---|---|---|---|---|---
 1 |   | X |   | X | X | 0 |   |   | 1 
---|---|---|---|---|---|---|---|---|---
 2 |   |   | X |   | 0 |   |   |   | 2 
---|---|---|---|---|---|---|---|---|---
 3 | 0 | 0 | 0 | 0 | X | X | X | X | 3 
---|---|---|---|---|---|---|---|---|---
 4 | X | X | X | X | X |   |   |   | 4 
---|---|---|---|---|---|---|---|---|---
 5 |   | 0 |   | 0 | 0 | 0 | 0 |   | 5 
---|---|---|---|---|---|---|---|---|---
 6 |   |   | 0 |   | X |   |   |   | 6 
---|---|---|---|---|---|---|---|---|---
 7 |   |   |   |   |   | X |   |   | 7 
---|---|---|---|---|---|---|---|---|---
 8 |   |   |   |   |   |   |   |   | 8 
---|---|---|---|---|---|---|---|---|---
   | 1 | 2 | 3 | 4 | 5 | 6 | 7 | 8 |

It took 5 seconds to make this move...


Black to move
BEXEXXOEEEEXEOEEEOOOOXXXXXXXXXEEEEOEOOOOEEEOEXEEEEEEEEXEEEEEEEEEE
(2,1)
   | 1 | 2 | 3 | 4 | 5 | 6 | 7 | 8 |
---|---|---|---|---|---|---|---|---|---
 1 |   | X |   | X | X | 0 |   |   | 1 
---|---|---|---|---|---|---|---|---|---
 2 | X |   | X |   | 0 |   |   |   | 2 
---|---|---|---|---|---|---|---|---|---
 3 | X | X | 0 | 0 | X | X | X | X | 3 
---|---|---|---|---|---|---|---|---|---
 4 | X | X | X | X | X |   |   |   | 4 
---|---|---|---|---|---|---|---|---|---
 5 |   | 0 |   | 0 | 0 | 0 | 0 |   | 5 
---|---|---|---|---|---|---|---|---|---
 6 |   |   | 0 |   | X |   |   |   | 6 
---|---|---|---|---|---|---|---|---|---
 7 |   |   |   |   |   | X |   |   | 7 
---|---|---|---|---|---|---|---|---|---
 8 |   |   |   |   |   |   |   |   | 8 
---|---|---|---|---|---|---|---|---|---
   | 1 | 2 | 3 | 4 | 5 | 6 | 7 | 8 |

It took 0 seconds to make this move...


White to move
WEXEXXOEEXEXEOEEEXXOOXXXXXXXXXEEEEOEOOOOEEEOEXEEEEEEEEXEEEEEEEEEE
(8,7) Depth reached: 6, Nodes searched: 27733
   | 1 | 2 | 3 | 4 | 5 | 6 | 7 | 8 |
---|---|---|---|---|---|---|---|---|---
 1 |   | X |   | X | X | 0 |   |   | 1 
---|---|---|---|---|---|---|---|---|---
 2 | X |   | X |   | 0 |   |   |   | 2 
---|---|---|---|---|---|---|---|---|---
 3 | X | X | 0 | 0 | X | X | X | X | 3 
---|---|---|---|---|---|---|---|---|---
 4 | X | X | X | X | X |   |   |   | 4 
---|---|---|---|---|---|---|---|---|---
 5 |   | 0 |   | 0 | 0 | 0 | 0 |   | 5 
---|---|---|---|---|---|---|---|---|---
 6 |   |   | 0 |   | 0 |   |   |   | 6 
---|---|---|---|---|---|---|---|---|---
 7 |   |   |   |   |   | 0 |   |   | 7 
---|---|---|---|---|---|---|---|---|---
 8 |   |   |   |   |   |   | 0 |   | 8 
---|---|---|---|---|---|---|---|---|---
   | 1 | 2 | 3 | 4 | 5 | 6 | 7 | 8 |

It took 5 seconds to make this move...


Black to move
BEXEXXOEEXEXEOEEEXXOOXXXXXXXXXEEEEOEOOOOEEEOEOEEEEEEEEOEEEEEEEEOE
(7,2)
   | 1 | 2 | 3 | 4 | 5 | 6 | 7 | 8 |
---|---|---|---|---|---|---|---|---|---
 1 |   | X |   | X | X | 0 |   |   | 1 
---|---|---|---|---|---|---|---|---|---
 2 | X |   | X |   | 0 |   |   |   | 2 
---|---|---|---|---|---|---|---|---|---
 3 | X | X | 0 | 0 | X | X | X | X | 3 
---|---|---|---|---|---|---|---|---|---
 4 | X | X | X | X | X |   |   |   | 4 
---|---|---|---|---|---|---|---|---|---
 5 |   | 0 |   | X | 0 | 0 | 0 |   | 5 
---|---|---|---|---|---|---|---|---|---
 6 |   |   | X |   | 0 |   |   |   | 6 
---|---|---|---|---|---|---|---|---|---
 7 |   | X |   |   |   | 0 |   |   | 7 
---|---|---|---|---|---|---|---|---|---
 8 |   |   |   |   |   |   | 0 |   | 8 
---|---|---|---|---|---|---|---|---|---
   | 1 | 2 | 3 | 4 | 5 | 6 | 7 | 8 |

It took 0 seconds to make this move...


White to move
WEXEXXOEEXEXEOEEEXXOOXXXXXXXXXEEEEOEXOOOEEEXEOEEEEXEEEOEEEEEEEEOE
(1,3) Depth reached: 6, Nodes searched: 31370
   | 1 | 2 | 3 | 4 | 5 | 6 | 7 | 8 |
---|---|---|---|---|---|---|---|---|---
 1 |   | X | 0 | 0 | 0 | 0 |   |   | 1 
---|---|---|---|---|---|---|---|---|---
 2 | X |   | 0 |   | 0 |   |   |   | 2 
---|---|---|---|---|---|---|---|---|---
 3 | X | X | 0 | 0 | X | X | X | X | 3 
---|---|---|---|---|---|---|---|---|---
 4 | X | X | X | X | X |   |   |   | 4 
---|---|---|---|---|---|---|---|---|---
 5 |   | 0 |   | X | 0 | 0 | 0 |   | 5 
---|---|---|---|---|---|---|---|---|---
 6 |   |   | X |   | 0 |   |   |   | 6 
---|---|---|---|---|---|---|---|---|---
 7 |   | X |   |   |   | 0 |   |   | 7 
---|---|---|---|---|---|---|---|---|---
 8 |   |   |   |   |   |   | 0 |   | 8 
---|---|---|---|---|---|---|---|---|---
   | 1 | 2 | 3 | 4 | 5 | 6 | 7 | 8 |

It took 6 seconds to make this move...


Black to move
BEXOOOOEEXEOEOEEEXXOOXXXXXXXXXEEEEOEXOOOEEEXEOEEEEXEEEOEEEEEEEEOE
(1,7)
   | 1 | 2 | 3 | 4 | 5 | 6 | 7 | 8 |
---|---|---|---|---|---|---|---|---|---
 1 |   | X | X | X | X | X | X |   | 1 
---|---|---|---|---|---|---|---|---|---
 2 | X |   | 0 |   | 0 |   |   |   | 2 
---|---|---|---|---|---|---|---|---|---
 3 | X | X | 0 | 0 | X | X | X | X | 3 
---|---|---|---|---|---|---|---|---|---
 4 | X | X | X | X | X |   |   |   | 4 
---|---|---|---|---|---|---|---|---|---
 5 |   | 0 |   | X | 0 | 0 | 0 |   | 5 
---|---|---|---|---|---|---|---|---|---
 6 |   |   | X |   | 0 |   |   |   | 6 
---|---|---|---|---|---|---|---|---|---
 7 |   | X |   |   |   | 0 |   |   | 7 
---|---|---|---|---|---|---|---|---|---
 8 |   |   |   |   |   |   | 0 |   | 8 
---|---|---|---|---|---|---|---|---|---
   | 1 | 2 | 3 | 4 | 5 | 6 | 7 | 8 |

It took 0 seconds to make this move...


White to move
WEXXXXXXEXEOEOEEEXXOOXXXXXXXXXEEEEOEXOOOEEEXEOEEEEXEEEOEEEEEEEEOE
(6,4) Depth reached: 6, Nodes searched: 38855
   | 1 | 2 | 3 | 4 | 5 | 6 | 7 | 8 |
---|---|---|---|---|---|---|---|---|---
 1 |   | X | X | X | X | X | X |   | 1 
---|---|---|---|---|---|---|---|---|---
 2 | X |   | 0 |   | 0 |   |   |   | 2 
---|---|---|---|---|---|---|---|---|---
 3 | X | X | 0 | 0 | X | X | X | X | 3 
---|---|---|---|---|---|---|---|---|---
 4 | X | X | X | 0 | X |   |   |   | 4 
---|---|---|---|---|---|---|---|---|---
 5 |   | 0 |   | 0 | 0 | 0 | 0 |   | 5 
---|---|---|---|---|---|---|---|---|---
 6 |   |   | X | 0 | 0 |   |   |   | 6 
---|---|---|---|---|---|---|---|---|---
 7 |   | X |   |   |   | 0 |   |   | 7 
---|---|---|---|---|---|---|---|---|---
 8 |   |   |   |   |   |   | 0 |   | 8 
---|---|---|---|---|---|---|---|---|---
   | 1 | 2 | 3 | 4 | 5 | 6 | 7 | 8 |

It took 6 seconds to make this move...


Black to move
BEXXXXXXEXEOEOEEEXXOOXXXXXXXOXEEEEOEOOOOEEEXOOEEEEXEEEOEEEEEEEEOE
(2,4)
   | 1 | 2 | 3 | 4 | 5 | 6 | 7 | 8 |
---|---|---|---|---|---|---|---|---|---
 1 |   | X | X | X | X | X | X |   | 1 
---|---|---|---|---|---|---|---|---|---
 2 | X |   | 0 | X | 0 |   |   |   | 2 
---|---|---|---|---|---|---|---|---|---
 3 | X | X | X | 0 | X | X | X | X | 3 
---|---|---|---|---|---|---|---|---|---
 4 | X | X | X | 0 | X |   |   |   | 4 
---|---|---|---|---|---|---|---|---|---
 5 |   | 0 |   | 0 | 0 | 0 | 0 |   | 5 
---|---|---|---|---|---|---|---|---|---
 6 |   |   | X | 0 | 0 |   |   |   | 6 
---|---|---|---|---|---|---|---|---|---
 7 |   | X |   |   |   | 0 |   |   | 7 
---|---|---|---|---|---|---|---|---|---
 8 |   |   |   |   |   |   | 0 |   | 8 
---|---|---|---|---|---|---|---|---|---
   | 1 | 2 | 3 | 4 | 5 | 6 | 7 | 8 |

It took 0 seconds to make this move...


White to move
WEXXXXXXEXEOXOEEEXXXOXXXXXXXOXEEEEOEOOOOEEEXOOEEEEXEEEOEEEEEEEEOE
(8,1) Depth reached: 6, Nodes searched: 36081
   | 1 | 2 | 3 | 4 | 5 | 6 | 7 | 8 |
---|---|---|---|---|---|---|---|---|---
 1 |   | X | X | X | X | X | X |   | 1 
---|---|---|---|---|---|---|---|---|---
 2 | X |   | 0 | X | 0 |   |   |   | 2 
---|---|---|---|---|---|---|---|---|---
 3 | X | X | X | 0 | X | X | X | X | 3 
---|---|---|---|---|---|---|---|---|---
 4 | X | X | X | 0 | X |   |   |   | 4 
---|---|---|---|---|---|---|---|---|---
 5 |   | 0 |   | 0 | 0 | 0 | 0 |   | 5 
---|---|---|---|---|---|---|---|---|---
 6 |   |   | 0 | 0 | 0 |   |   |   | 6 
---|---|---|---|---|---|---|---|---|---
 7 |   | 0 |   |   |   | 0 |   |   | 7 
---|---|---|---|---|---|---|---|---|---
 8 | 0 |   |   |   |   |   | 0 |   | 8 
---|---|---|---|---|---|---|---|---|---
   | 1 | 2 | 3 | 4 | 5 | 6 | 7 | 8 |

It took 5 seconds to make this move...


Black to move
BEXXXXXXEXEOXOEEEXXXOXXXXXXXOXEEEEOEOOOOEEEOOOEEEEOEEEOEEOEEEEEOE
(6,1)
   | 1 | 2 | 3 | 4 | 5 | 6 | 7 | 8 |
---|---|---|---|---|---|---|---|---|---
 1 |   | X | X | X | X | X | X |   | 1 
---|---|---|---|---|---|---|---|---|---
 2 | X |   | 0 | X | 0 |   |   |   | 2 
---|---|---|---|---|---|---|---|---|---
 3 | X | X | X | 0 | X | X | X | X | 3 
---|---|---|---|---|---|---|---|---|---
 4 | X | X | X | 0 | X |   |   |   | 4 
---|---|---|---|---|---|---|---|---|---
 5 |   | X |   | 0 | 0 | 0 | 0 |   | 5 
---|---|---|---|---|---|---|---|---|---
 6 | X |   | 0 | 0 | 0 |   |   |   | 6 
---|---|---|---|---|---|---|---|---|---
 7 |   | 0 |   |   |   | 0 |   |   | 7 
---|---|---|---|---|---|---|---|---|---
 8 | 0 |   |   |   |   |   | 0 |   | 8 
---|---|---|---|---|---|---|---|---|---
   | 1 | 2 | 3 | 4 | 5 | 6 | 7 | 8 |

It took 1 seconds to make this move...


White to move
WEXXXXXXEXEOXOEEEXXXOXXXXXXXOXEEEEXEOOOOEXEOOOEEEEOEEEOEEOEEEEEOE
(2,6) Depth reached: 7, Nodes searched: 16693
   | 1 | 2 | 3 | 4 | 5 | 6 | 7 | 8 |
---|---|---|---|---|---|---|---|---|---
 1 |   | X | X | X | X | X | X |   | 1 
---|---|---|---|---|---|---|---|---|---
 2 | X |   | 0 | X | 0 | 0 |   |   | 2 
---|---|---|---|---|---|---|---|---|---
 3 | X | X | X | 0 | 0 | X | X | X | 3 
---|---|---|---|---|---|---|---|---|---
 4 | X | X | X | 0 | X |   |   |   | 4 
---|---|---|---|---|---|---|---|---|---
 5 |   | X |   | 0 | 0 | 0 | 0 |   | 5 
---|---|---|---|---|---|---|---|---|---
 6 | X |   | 0 | 0 | 0 |   |   |   | 6 
---|---|---|---|---|---|---|---|---|---
 7 |   | 0 |   |   |   | 0 |   |   | 7 
---|---|---|---|---|---|---|---|---|---
 8 | 0 |   |   |   |   |   | 0 |   | 8 
---|---|---|---|---|---|---|---|---|---
   | 1 | 2 | 3 | 4 | 5 | 6 | 7 | 8 |

It took 5 seconds to make this move...


Black to move
BEXXXXXXEXEOXOOEEXXXOOXXXXXXOXEEEEXEOOOOEXEOOOEEEEOEEEOEEOEEEEEOE
(7,4)
   | 1 | 2 | 3 | 4 | 5 | 6 | 7 | 8 |
---|---|---|---|---|---|---|---|---|---
 1 |   | X | X | X | X | X | X |   | 1 
---|---|---|---|---|---|---|---|---|---
 2 | X |   | 0 | X | 0 | 0 |   |   | 2 
---|---|---|---|---|---|---|---|---|---
 3 | X | X | X | X | 0 | X | X | X | 3 
---|---|---|---|---|---|---|---|---|---
 4 | X | X | X | X | X |   |   |   | 4 
---|---|---|---|---|---|---|---|---|---
 5 |   | X |   | X | 0 | 0 | 0 |   | 5 
---|---|---|---|---|---|---|---|---|---
 6 | X |   | X | X | 0 |   |   |   | 6 
---|---|---|---|---|---|---|---|---|---
 7 |   | 0 |   | X |   | 0 |   |   | 7 
---|---|---|---|---|---|---|---|---|---
 8 | 0 |   |   |   |   |   | 0 |   | 8 
---|---|---|---|---|---|---|---|---|---
   | 1 | 2 | 3 | 4 | 5 | 6 | 7 | 8 |

It took 0 seconds to make this move...


White to move
WEXXXXXXEXEOXOOEEXXXXOXXXXXXXXEEEEXEXOOOEXEXXOEEEEOEXEOEEOEEEEEOE
(4,8) Depth reached: 7, Nodes searched: 966
   | 1 | 2 | 3 | 4 | 5 | 6 | 7 | 8 |
---|---|---|---|---|---|---|---|---|---
 1 |   | X | X | X | X | X | X |   | 1 
---|---|---|---|---|---|---|---|---|---
 2 | X |   | 0 | X | 0 | 0 |   |   | 2 
---|---|---|---|---|---|---|---|---|---
 3 | X | X | X | X | 0 | X | 0 | X | 3 
---|---|---|---|---|---|---|---|---|---
 4 | X | X | X | X | X |   |   | 0 | 4 
---|---|---|---|---|---|---|---|---|---
 5 |   | X |   | X | 0 | 0 | 0 |   | 5 
---|---|---|---|---|---|---|---|---|---
 6 | X |   | X | X | 0 |   |   |   | 6 
---|---|---|---|---|---|---|---|---|---
 7 |   | 0 |   | X |   | 0 |   |   | 7 
---|---|---|---|---|---|---|---|---|---
 8 | 0 |   |   |   |   |   | 0 |   | 8 
---|---|---|---|---|---|---|---|---|---
   | 1 | 2 | 3 | 4 | 5 | 6 | 7 | 8 |

It took 6 seconds to make this move...


Black to move
BEXXXXXXEXEOXOOEEXXXXOXOXXXXXXEEOEXEXOOOEXEXXOEEEEOEXEOEEOEEEEEOE
(5,8)
   | 1 | 2 | 3 | 4 | 5 | 6 | 7 | 8 |
---|---|---|---|---|---|---|---|---|---
 1 |   | X | X | X | X | X | X |   | 1 
---|---|---|---|---|---|---|---|---|---
 2 | X |   | 0 | X | 0 | 0 |   |   | 2 
---|---|---|---|---|---|---|---|---|---
 3 | X | X | X | X | 0 | X | 0 | X | 3 
---|---|---|---|---|---|---|---|---|---
 4 | X | X | X | X | X |   |   | X | 4 
---|---|---|---|---|---|---|---|---|---
 5 |   | X |   | X | X | X | X | X | 5 
---|---|---|---|---|---|---|---|---|---
 6 | X |   | X | X | 0 |   |   |   | 6 
---|---|---|---|---|---|---|---|---|---
 7 |   | 0 |   | X |   | 0 |   |   | 7 
---|---|---|---|---|---|---|---|---|---
 8 | 0 |   |   |   |   |   | 0 |   | 8 
---|---|---|---|---|---|---|---|---|---
   | 1 | 2 | 3 | 4 | 5 | 6 | 7 | 8 |

It took 0 seconds to make this move...


White to move
WEXXXXXXEXEOXOOEEXXXXOXOXXXXXXEEXEXEXXXXXXEXXOEEEEOEXEOEEOEEEEEOE
(5,3) Depth reached: 8, Nodes searched: 3640
   | 1 | 2 | 3 | 4 | 5 | 6 | 7 | 8 |
---|---|---|---|---|---|---|---|---|---
 1 |   | X | X | X | X | X | X |   | 1 
---|---|---|---|---|---|---|---|---|---
 2 | X |   | 0 | X | 0 | 0 |   |   | 2 
---|---|---|---|---|---|---|---|---|---
 3 | X | X | 0 | X | 0 | X | 0 | X | 3 
---|---|---|---|---|---|---|---|---|---
 4 | X | X | 0 | 0 | X |   |   | X | 4 
---|---|---|---|---|---|---|---|---|---
 5 |   | X | 0 | X | X | X | X | X | 5 
---|---|---|---|---|---|---|---|---|---
 6 | X |   | X | X | 0 |   |   |   | 6 
---|---|---|---|---|---|---|---|---|---
 7 |   | 0 |   | X |   | 0 |   |   | 7 
---|---|---|---|---|---|---|---|---|---
 8 | 0 |   |   |   |   |   | 0 |   | 8 
---|---|---|---|---|---|---|---|---|---
   | 1 | 2 | 3 | 4 | 5 | 6 | 7 | 8 |

It took 6 seconds to make this move...


Black to move
BEXXXXXXEXEOXOOEEXXOXOXOXXXOOXEEXEXOXXXXXXEXXOEEEEOEXEOEEOEEEEEOE
(6,6)
   | 1 | 2 | 3 | 4 | 5 | 6 | 7 | 8 |
---|---|---|---|---|---|---|---|---|---
 1 |   | X | X | X | X | X | X |   | 1 
---|---|---|---|---|---|---|---|---|---
 2 | X |   | 0 | X | 0 | 0 |   |   | 2 
---|---|---|---|---|---|---|---|---|---
 3 | X | X | 0 | X | 0 | X | 0 | X | 3 
---|---|---|---|---|---|---|---|---|---
 4 | X | X | 0 | 0 | X |   |   | X | 4 
---|---|---|---|---|---|---|---|---|---
 5 |   | X | 0 | X | X | X | X | X | 5 
---|---|---|---|---|---|---|---|---|---
 6 | X |   | X | X | X | X |   |   | 6 
---|---|---|---|---|---|---|---|---|---
 7 |   | 0 |   | X |   | 0 |   |   | 7 
---|---|---|---|---|---|---|---|---|---
 8 | 0 |   |   |   |   |   | 0 |   | 8 
---|---|---|---|---|---|---|---|---|---
   | 1 | 2 | 3 | 4 | 5 | 6 | 7 | 8 |

It took 0 seconds to make this move...


White to move
WEXXXXXXEXEOXOOEEXXOXOXOXXXOOXEEXEXOXXXXXXEXXXXEEEOEXEOEEOEEEEEOE
(5,1) Depth reached: 8, Nodes searched: 13611
   | 1 | 2 | 3 | 4 | 5 | 6 | 7 | 8 |
---|---|---|---|---|---|---|---|---|---
 1 |   | X | X | X | X | X | X |   | 1 
---|---|---|---|---|---|---|---|---|---
 2 | X |   | 0 | X | 0 | 0 |   |   | 2 
---|---|---|---|---|---|---|---|---|---
 3 | X | X | 0 | X | 0 | X | 0 | X | 3 
---|---|---|---|---|---|---|---|---|---
 4 | X | 0 | 0 | 0 | X |   |   | X | 4 
---|---|---|---|---|---|---|---|---|---
 5 | 0 | 0 | 0 | X | X | X | X | X | 5 
---|---|---|---|---|---|---|---|---|---
 6 | X |   | X | X | X | X |   |   | 6 
---|---|---|---|---|---|---|---|---|---
 7 |   | 0 |   | X |   | 0 |   |   | 7 
---|---|---|---|---|---|---|---|---|---
 8 | 0 |   |   |   |   |   | 0 |   | 8 
---|---|---|---|---|---|---|---|---|---
   | 1 | 2 | 3 | 4 | 5 | 6 | 7 | 8 |

It took 5 seconds to make this move...


Black to move
BEXXXXXXEXEOXOOEEXXOXOXOXXOOOXEEXOOOXXXXXXEXXXXEEEOEXEOEEOEEEEEOE
(6,2)
   | 1 | 2 | 3 | 4 | 5 | 6 | 7 | 8 |
---|---|---|---|---|---|---|---|---|---
 1 |   | X | X | X | X | X | X |   | 1 
---|---|---|---|---|---|---|---|---|---
 2 | X |   | 0 | X | 0 | X |   |   | 2 
---|---|---|---|---|---|---|---|---|---
 3 | X | X | 0 | X | X | X | 0 | X | 3 
---|---|---|---|---|---|---|---|---|---
 4 | X | X | 0 | X | X |   |   | X | 4 
---|---|---|---|---|---|---|---|---|---
 5 | 0 | X | X | X | X | X | X | X | 5 
---|---|---|---|---|---|---|---|---|---
 6 | X | X | X | X | X | X |   |   | 6 
---|---|---|---|---|---|---|---|---|---
 7 |   | 0 |   | X |   | 0 |   |   | 7 
---|---|---|---|---|---|---|---|---|---
 8 | 0 |   |   |   |   |   | 0 |   | 8 
---|---|---|---|---|---|---|---|---|---
   | 1 | 2 | 3 | 4 | 5 | 6 | 7 | 8 |

It took 0 seconds to make this move...


White to move
WEXXXXXXEXEOXOXEEXXOXXXOXXXOXXEEXOXXXXXXXXXXXXXEEEOEXEOEEOEEEEEOE
(1,1) Depth reached: 8, Nodes searched: 20783
   | 1 | 2 | 3 | 4 | 5 | 6 | 7 | 8 |
---|---|---|---|---|---|---|---|---|---
 1 | 0 | X | X | X | X | X | X |   | 1 
---|---|---|---|---|---|---|---|---|---
 2 | 0 |   | 0 | X | 0 | X |   |   | 2 
---|---|---|---|---|---|---|---|---|---
 3 | 0 | X | 0 | X | X | X | 0 | X | 3 
---|---|---|---|---|---|---|---|---|---
 4 | 0 | X | 0 | X | X |   |   | X | 4 
---|---|---|---|---|---|---|---|---|---
 5 | 0 | X | X | X | X | X | X | X | 5 
---|---|---|---|---|---|---|---|---|---
 6 | X | X | X | X | X | X |   |   | 6 
---|---|---|---|---|---|---|---|---|---
 7 |   | 0 |   | X |   | 0 |   |   | 7 
---|---|---|---|---|---|---|---|---|---
 8 | 0 |   |   |   |   |   | 0 |   | 8 
---|---|---|---|---|---|---|---|---|---
   | 1 | 2 | 3 | 4 | 5 | 6 | 7 | 8 |

It took 5 seconds to make this move...


Black to move
BOXXXXXXEOEOXOXEEOXOXXXOXOXOXXEEXOXXXXXXXXXXXXXEEEOEXEOEEOEEEEEOE
(2,2)
   | 1 | 2 | 3 | 4 | 5 | 6 | 7 | 8 |
---|---|---|---|---|---|---|---|---|---
 1 | 0 | X | X | X | X | X | X |   | 1 
---|---|---|---|---|---|---|---|---|---
 2 | 0 | X | X | X | 0 | X |   |   | 2 
---|---|---|---|---|---|---|---|---|---
 3 | 0 | X | X | X | X | X | 0 | X | 3 
---|---|---|---|---|---|---|---|---|---
 4 | 0 | X | 0 | X | X |   |   | X | 4 
---|---|---|---|---|---|---|---|---|---
 5 | 0 | X | X | X | X | X | X | X | 5 
---|---|---|---|---|---|---|---|---|---
 6 | X | X | X | X | X | X |   |   | 6 
---|---|---|---|---|---|---|---|---|---
 7 |   | 0 |   | X |   | 0 |   |   | 7 
---|---|---|---|---|---|---|---|---|---
 8 | 0 |   |   |   |   |   | 0 |   | 8 
---|---|---|---|---|---|---|---|---|---
   | 1 | 2 | 3 | 4 | 5 | 6 | 7 | 8 |

It took 0 seconds to make this move...


White to move
WOXXXXXXEOXXXOXEEOXXXXXOXOXOXXEEXOXXXXXXXXXXXXXEEEOEXEOEEOEEEEEOE
(1,8) Depth reached: 8, Nodes searched: 11440
   | 1 | 2 | 3 | 4 | 5 | 6 | 7 | 8 |
---|---|---|---|---|---|---|---|---|---
 1 | 0 | 0 | 0 | 0 | 0 | 0 | 0 | 0 | 1 
---|---|---|---|---|---|---|---|---|---
 2 | 0 | X | X | X | 0 | X |   |   | 2 
---|---|---|---|---|---|---|---|---|---
 3 | 0 | X | X | X | X | X | 0 | X | 3 
---|---|---|---|---|---|---|---|---|---
 4 | 0 | X | 0 | X | X |   |   | X | 4 
---|---|---|---|---|---|---|---|---|---
 5 | 0 | X | X | X | X | X | X | X | 5 
---|---|---|---|---|---|---|---|---|---
 6 | X | X | X | X | X | X |   |   | 6 
---|---|---|---|---|---|---|---|---|---
 7 |   | 0 |   | X |   | 0 |   |   | 7 
---|---|---|---|---|---|---|---|---|---
 8 | 0 |   |   |   |   |   | 0 |   | 8 
---|---|---|---|---|---|---|---|---|---
   | 1 | 2 | 3 | 4 | 5 | 6 | 7 | 8 |

It took 6 seconds to make this move...


Black to move
BOOOOOOOOOXXXOXEEOXXXXXOXOXOXXEEXOXXXXXXXXXXXXXEEEOEXEOEEOEEEEEOE
(8,6)
   | 1 | 2 | 3 | 4 | 5 | 6 | 7 | 8 |
---|---|---|---|---|---|---|---|---|---
 1 | 0 | 0 | 0 | 0 | 0 | 0 | 0 | 0 | 1 
---|---|---|---|---|---|---|---|---|---
 2 | 0 | X | X | X | 0 | X |   |   | 2 
---|---|---|---|---|---|---|---|---|---
 3 | 0 | X | X | X | X | X | 0 | X | 3 
---|---|---|---|---|---|---|---|---|---
 4 | 0 | X | 0 | X | X |   |   | X | 4 
---|---|---|---|---|---|---|---|---|---
 5 | 0 | X | X | X | X | X | X | X | 5 
---|---|---|---|---|---|---|---|---|---
 6 | X | X | X | X | X | X |   |   | 6 
---|---|---|---|---|---|---|---|---|---
 7 |   | 0 |   | X |   | X |   |   | 7 
---|---|---|---|---|---|---|---|---|---
 8 | 0 |   |   |   |   | X | 0 |   | 8 
---|---|---|---|---|---|---|---|---|---
   | 1 | 2 | 3 | 4 | 5 | 6 | 7 | 8 |

It took 0 seconds to make this move...


White to move
WOOOOOOOOOXXXOXEEOXXXXXOXOXOXXEEXOXXXXXXXXXXXXXEEEOEXEXEEOEEEEXOE
(4,6) Depth reached: 8, Nodes searched: 19634
   | 1 | 2 | 3 | 4 | 5 | 6 | 7 | 8 |
---|---|---|---|---|---|---|---|---|---
 1 | 0 | 0 | 0 | 0 | 0 | 0 | 0 | 0 | 1 
---|---|---|---|---|---|---|---|---|---
 2 | 0 | X | X | 0 | 0 | 0 |   |   | 2 
---|---|---|---|---|---|---|---|---|---
 3 | 0 | X | X | X | 0 | 0 | 0 | X | 3 
---|---|---|---|---|---|---|---|---|---
 4 | 0 | X | 0 | 0 | 0 | 0 |   | X | 4 
---|---|---|---|---|---|---|---|---|---
 5 | 0 | X | X | X | X | X | X | X | 5 
---|---|---|---|---|---|---|---|---|---
 6 | X | X | X | X | X | X |   |   | 6 
---|---|---|---|---|---|---|---|---|---
 7 |   | 0 |   | X |   | X |   |   | 7 
---|---|---|---|---|---|---|---|---|---
 8 | 0 |   |   |   |   | X | 0 |   | 8 
---|---|---|---|---|---|---|---|---|---
   | 1 | 2 | 3 | 4 | 5 | 6 | 7 | 8 |

It took 6 seconds to make this move...


Black to move
BOOOOOOOOOXXOOOEEOXXXOOOXOXOOOOEXOXXXXXXXXXXXXXEEEOEXEXEEOEEEEXOE
(4,7)
   | 1 | 2 | 3 | 4 | 5 | 6 | 7 | 8 |
---|---|---|---|---|---|---|---|---|---
 1 | 0 | 0 | 0 | 0 | 0 | 0 | 0 | 0 | 1 
---|---|---|---|---|---|---|---|---|---
 2 | 0 | X | X | 0 | 0 | 0 |   |   | 2 
---|---|---|---|---|---|---|---|---|---
 3 | 0 | X | X | X | 0 | 0 | 0 | X | 3 
---|---|---|---|---|---|---|---|---|---
 4 | 0 | X | X | X | X | X | X | X | 4 
---|---|---|---|---|---|---|---|---|---
 5 | 0 | X | X | X | X | X | X | X | 5 
---|---|---|---|---|---|---|---|---|---
 6 | X | X | X | X | X | X |   |   | 6 
---|---|---|---|---|---|---|---|---|---
 7 |   | 0 |   | X |   | X |   |   | 7 
---|---|---|---|---|---|---|---|---|---
 8 | 0 |   |   |   |   | X | 0 |   | 8 
---|---|---|---|---|---|---|---|---|---
   | 1 | 2 | 3 | 4 | 5 | 6 | 7 | 8 |

It took 0 seconds to make this move...


White to move
WOOOOOOOOOXXOOOEEOXXXOOOXOXXXXXXXOXXXXXXXXXXXXXEEEOEXEXEEOEEEEXOE
(6,7) Depth reached: 8, Nodes searched: 29767
   | 1 | 2 | 3 | 4 | 5 | 6 | 7 | 8 |
---|---|---|---|---|---|---|---|---|---
 1 | 0 | 0 | 0 | 0 | 0 | 0 | 0 | 0 | 1 
---|---|---|---|---|---|---|---|---|---
 2 | 0 | X | 0 | 0 | 0 | 0 |   |   | 2 
---|---|---|---|---|---|---|---|---|---
 3 | 0 | X | X | 0 | 0 | 0 | 0 | X | 3 
---|---|---|---|---|---|---|---|---|---
 4 | 0 | X | X | X | 0 | X | 0 | X | 4 
---|---|---|---|---|---|---|---|---|---
 5 | 0 | X | X | X | X | 0 | 0 | X | 5 
---|---|---|---|---|---|---|---|---|---
 6 | X | X | X | X | X | X | 0 |   | 6 
---|---|---|---|---|---|---|---|---|---
 7 |   | 0 |   | X |   | X |   |   | 7 
---|---|---|---|---|---|---|---|---|---
 8 | 0 |   |   |   |   | X | 0 |   | 8 
---|---|---|---|---|---|---|---|---|---
   | 1 | 2 | 3 | 4 | 5 | 6 | 7 | 8 |

It took 6 seconds to make this move...


Black to move
BOOOOOOOOOXOOOOEEOXXOOOOXOXXXOXOXOXXXXOOXXXXXXXOEEOEXEXEEOEEEEXOE
(8,8)
   | 1 | 2 | 3 | 4 | 5 | 6 | 7 | 8 |
---|---|---|---|---|---|---|---|---|---
 1 | 0 | 0 | 0 | 0 | 0 | 0 | 0 | 0 | 1 
---|---|---|---|---|---|---|---|---|---
 2 | 0 | X | 0 | 0 | 0 | 0 |   |   | 2 
---|---|---|---|---|---|---|---|---|---
 3 | 0 | X | X | 0 | 0 | 0 | 0 | X | 3 
---|---|---|---|---|---|---|---|---|---
 4 | 0 | X | X | X | 0 | X | 0 | X | 4 
---|---|---|---|---|---|---|---|---|---
 5 | 0 | X | X | X | X | 0 | 0 | X | 5 
---|---|---|---|---|---|---|---|---|---
 6 | X | X | X | X | X | X | 0 |   | 6 
---|---|---|---|---|---|---|---|---|---
 7 |   | 0 |   | X |   | X |   |   | 7 
---|---|---|---|---|---|---|---|---|---
 8 | 0 |   |   |   |   | X | X | X | 8 
---|---|---|---|---|---|---|---|---|---
   | 1 | 2 | 3 | 4 | 5 | 6 | 7 | 8 |

It took 0 seconds to make this move...


White to move
WOOOOOOOOOXOOOOEEOXXOOOOXOXXXOXOXOXXXXOOXXXXXXXOEEOEXEXEEOEEEEXXX
(8,3) Depth reached: 9, Nodes searched: 23604
   | 1 | 2 | 3 | 4 | 5 | 6 | 7 | 8 |
---|---|---|---|---|---|---|---|---|---
 1 | 0 | 0 | 0 | 0 | 0 | 0 | 0 | 0 | 1 
---|---|---|---|---|---|---|---|---|---
 2 | 0 | X | 0 | 0 | 0 | 0 |   |   | 2 
---|---|---|---|---|---|---|---|---|---
 3 | 0 | X | X | 0 | 0 | 0 | 0 | X | 3 
---|---|---|---|---|---|---|---|---|---
 4 | 0 | X | X | X | 0 | X | 0 | X | 4 
---|---|---|---|---|---|---|---|---|---
 5 | 0 | X | X | X | X | 0 | 0 | X | 5 
---|---|---|---|---|---|---|---|---|---
 6 | X | X | X | X | 0 | X | 0 |   | 6 
---|---|---|---|---|---|---|---|---|---
 7 |   | 0 |   | 0 |   | X |   |   | 7 
---|---|---|---|---|---|---|---|---|---
 8 | 0 |   | 0 |   |   | X | X | X | 8 
---|---|---|---|---|---|---|---|---|---
   | 1 | 2 | 3 | 4 | 5 | 6 | 7 | 8 |

It took 5 seconds to make this move...


Black to move
BOOOOOOOOOXOOOOEEOXXOOOOXOXXXOXOXOXXXXOOXXXXXOXOEEOEOEXEEOEOEEXXX
(6,8)
   | 1 | 2 | 3 | 4 | 5 | 6 | 7 | 8 |
---|---|---|---|---|---|---|---|---|---
 1 | 0 | 0 | 0 | 0 | 0 | 0 | 0 | 0 | 1 
---|---|---|---|---|---|---|---|---|---
 2 | 0 | X | 0 | 0 | 0 | 0 |   |   | 2 
---|---|---|---|---|---|---|---|---|---
 3 | 0 | X | X | 0 | 0 | 0 | 0 | X | 3 
---|---|---|---|---|---|---|---|---|---
 4 | 0 | X | X | X | 0 | X | 0 | X | 4 
---|---|---|---|---|---|---|---|---|---
 5 | 0 | X | X | X | X | 0 | X | X | 5 
---|---|---|---|---|---|---|---|---|---
 6 | X | X | X | X | 0 | X | X | X | 6 
---|---|---|---|---|---|---|---|---|---
 7 |   | 0 |   | 0 |   | X |   |   | 7 
---|---|---|---|---|---|---|---|---|---
 8 | 0 |   | 0 |   |   | X | X | X | 8 
---|---|---|---|---|---|---|---|---|---
   | 1 | 2 | 3 | 4 | 5 | 6 | 7 | 8 |

It took 1 seconds to make this move...


White to move
WOOOOOOOOOXOOOOEEOXXOOOOXOXXXOXOXOXXXXOXXXXXXOXXXEOEOEXEEOEOEEXXX
(7,5) Depth reached: 13, Nodes searched: 35056
   | 1 | 2 | 3 | 4 | 5 | 6 | 7 | 8 |
---|---|---|---|---|---|---|---|---|---
 1 | 0 | 0 | 0 | 0 | 0 | 0 | 0 | 0 | 1 
---|---|---|---|---|---|---|---|---|---
 2 | 0 | X | 0 | 0 | 0 | 0 |   |   | 2 
---|---|---|---|---|---|---|---|---|---
 3 | 0 | X | X | 0 | 0 | 0 | 0 | X | 3 
---|---|---|---|---|---|---|---|---|---
 4 | 0 | 0 | X | X | 0 | X | 0 | X | 4 
---|---|---|---|---|---|---|---|---|---
 5 | 0 | X | 0 | X | X | 0 | X | X | 5 
---|---|---|---|---|---|---|---|---|---
 6 | X | X | X | 0 | 0 | X | X | X | 6 
---|---|---|---|---|---|---|---|---|---
 7 |   | 0 |   | 0 | 0 | X |   |   | 7 
---|---|---|---|---|---|---|---|---|---
 8 | 0 |   | 0 |   |   | X | X | X | 8 
---|---|---|---|---|---|---|---|---|---
   | 1 | 2 | 3 | 4 | 5 | 6 | 7 | 8 |

It took 5 seconds to make this move...


Black to move
BOOOOOOOOOXOOOOEEOXXOOOOXOOXXOXOXOXOXXOXXXXXOOXXXEOEOOXEEOEOEEXXX
(8,5)
   | 1 | 2 | 3 | 4 | 5 | 6 | 7 | 8 |
---|---|---|---|---|---|---|---|---|---
 1 | 0 | 0 | 0 | 0 | 0 | 0 | 0 | 0 | 1 
---|---|---|---|---|---|---|---|---|---
 2 | 0 | X | 0 | 0 | 0 | 0 |   |   | 2 
---|---|---|---|---|---|---|---|---|---
 3 | 0 | X | X | 0 | 0 | 0 | 0 | X | 3 
---|---|---|---|---|---|---|---|---|---
 4 | 0 | 0 | X | X | 0 | X | 0 | X | 4 
---|---|---|---|---|---|---|---|---|---
 5 | 0 | X | 0 | X | X | 0 | X | X | 5 
---|---|---|---|---|---|---|---|---|---
 6 | X | X | X | 0 | X | X | X | X | 6 
---|---|---|---|---|---|---|---|---|---
 7 |   | 0 |   | X | X | X |   |   | 7 
---|---|---|---|---|---|---|---|---|---
 8 | 0 |   | 0 |   | X | X | X | X | 8 
---|---|---|---|---|---|---|---|---|---
   | 1 | 2 | 3 | 4 | 5 | 6 | 7 | 8 |

It took 0 seconds to make this move...


White to move
WOOOOOOOOOXOOOOEEOXXOOOOXOOXXOXOXOXOXXOXXXXXOXXXXEOEXXXEEOEOEXXXX
(7,3) Depth reached: 35, Nodes searched: 5653
   | 1 | 2 | 3 | 4 | 5 | 6 | 7 | 8 |
---|---|---|---|---|---|---|---|---|---
 1 | 0 | 0 | 0 | 0 | 0 | 0 | 0 | 0 | 1 
---|---|---|---|---|---|---|---|---|---
 2 | 0 | X | 0 | 0 | 0 | 0 |   |   | 2 
---|---|---|---|---|---|---|---|---|---
 3 | 0 | X | X | 0 | 0 | 0 | 0 | X | 3 
---|---|---|---|---|---|---|---|---|---
 4 | 0 | 0 | X | X | 0 | X | 0 | X | 4 
---|---|---|---|---|---|---|---|---|---
 5 | 0 | X | 0 | X | X | 0 | X | X | 5 
---|---|---|---|---|---|---|---|---|---
 6 | X | 0 | 0 | 0 | X | X | X | X | 6 
---|---|---|---|---|---|---|---|---|---
 7 |   | 0 | 0 | X | X | X |   |   | 7 
---|---|---|---|---|---|---|---|---|---
 8 | 0 |   | 0 |   | X | X | X | X | 8 
---|---|---|---|---|---|---|---|---|---
   | 1 | 2 | 3 | 4 | 5 | 6 | 7 | 8 |

It took 6 seconds to make this move...


Black to move
BOOOOOOOOOXOOOOEEOXXOOOOXOOXXOXOXOXOXXOXXXOOOXXXXEOOXXXEEOEOEXXXX
(7,1)
   | 1 | 2 | 3 | 4 | 5 | 6 | 7 | 8 |
---|---|---|---|---|---|---|---|---|---
 1 | 0 | 0 | 0 | 0 | 0 | 0 | 0 | 0 | 1 
---|---|---|---|---|---|---|---|---|---
 2 | 0 | X | 0 | 0 | 0 | 0 |   |   | 2 
---|---|---|---|---|---|---|---|---|---
 3 | 0 | X | X | 0 | 0 | 0 | 0 | X | 3 
---|---|---|---|---|---|---|---|---|---
 4 | 0 | 0 | X | X | 0 | X | 0 | X | 4 
---|---|---|---|---|---|---|---|---|---
 5 | 0 | X | X | X | X | 0 | X | X | 5 
---|---|---|---|---|---|---|---|---|---
 6 | X | X | 0 | 0 | X | X | X | X | 6 
---|---|---|---|---|---|---|---|---|---
 7 | X | X | X | X | X | X |   |   | 7 
---|---|---|---|---|---|---|---|---|---
 8 | 0 |   | 0 |   | X | X | X | X | 8 
---|---|---|---|---|---|---|---|---|---
   | 1 | 2 | 3 | 4 | 5 | 6 | 7 | 8 |

It took 0 seconds to make this move...


White to move
WOOOOOOOOOXOOOOEEOXXOOOOXOOXXOXOXOXXXXOXXXXOOXXXXXXXXXXEEOEOEXXXX
(8,4) Depth reached: 89, Nodes searched: 6892
   | 1 | 2 | 3 | 4 | 5 | 6 | 7 | 8 |
---|---|---|---|---|---|---|---|---|---
 1 | 0 | 0 | 0 | 0 | 0 | 0 | 0 | 0 | 1 
---|---|---|---|---|---|---|---|---|---
 2 | 0 | X | 0 | 0 | 0 | 0 |   |   | 2 
---|---|---|---|---|---|---|---|---|---
 3 | 0 | X | X | 0 | 0 | 0 | 0 | X | 3 
---|---|---|---|---|---|---|---|---|---
 4 | 0 | 0 | X | X | 0 | X | 0 | X | 4 
---|---|---|---|---|---|---|---|---|---
 5 | 0 | X | X | X | X | 0 | X | X | 5 
---|---|---|---|---|---|---|---|---|---
 6 | X | 0 | 0 | 0 | X | X | X | X | 6 
---|---|---|---|---|---|---|---|---|---
 7 | X | X | 0 | 0 | X | X |   |   | 7 
---|---|---|---|---|---|---|---|---|---
 8 | 0 |   | 0 | 0 | X | X | X | X | 8 
---|---|---|---|---|---|---|---|---|---
   | 1 | 2 | 3 | 4 | 5 | 6 | 7 | 8 |

It took 6 seconds to make this move...


Black to move
BOOOOOOOOOXOOOOEEOXXOOOOXOOXXOXOXOXXXXOXXXOOOXXXXXXOOXXEEOEOOXXXX
(8,2)
   | 1 | 2 | 3 | 4 | 5 | 6 | 7 | 8 |
---|---|---|---|---|---|---|---|---|---
 1 | 0 | 0 | 0 | 0 | 0 | 0 | 0 | 0 | 1 
---|---|---|---|---|---|---|---|---|---
 2 | 0 | X | 0 | 0 | 0 | 0 |   |   | 2 
---|---|---|---|---|---|---|---|---|---
 3 | 0 | X | X | 0 | 0 | 0 | 0 | X | 3 
---|---|---|---|---|---|---|---|---|---
 4 | 0 | 0 | X | X | 0 | X | 0 | X | 4 
---|---|---|---|---|---|---|---|---|---
 5 | 0 | X | X | X | X | 0 | X | X | 5 
---|---|---|---|---|---|---|---|---|---
 6 | X | 0 | 0 | X | X | X | X | X | 6 
---|---|---|---|---|---|---|---|---|---
 7 | X | X | X | 0 | X | X |   |   | 7 
---|---|---|---|---|---|---|---|---|---
 8 | 0 | X | X | X | X | X | X | X | 8 
---|---|---|---|---|---|---|---|---|---
   | 1 | 2 | 3 | 4 | 5 | 6 | 7 | 8 |

It took 0 seconds to make this move...


White to move
WOOOOOOOOOXOOOOEEOXXOOOOXOOXXOXOXOXXXXOXXXOOXXXXXXXXOXXEEOXXXXXXX
(7,7) Depth reached: 250, Nodes searched: 1587
   | 1 | 2 | 3 | 4 | 5 | 6 | 7 | 8 |
---|---|---|---|---|---|---|---|---|---
 1 | 0 | 0 | 0 | 0 | 0 | 0 | 0 | 0 | 1 
---|---|---|---|---|---|---|---|---|---
 2 | 0 | 0 | 0 | 0 | 0 | 0 |   |   | 2 
---|---|---|---|---|---|---|---|---|---
 3 | 0 | X | 0 | 0 | 0 | 0 | 0 | X | 3 
---|---|---|---|---|---|---|---|---|---
 4 | 0 | 0 | X | 0 | 0 | X | 0 | X | 4 
---|---|---|---|---|---|---|---|---|---
 5 | 0 | X | X | X | 0 | 0 | 0 | X | 5 
---|---|---|---|---|---|---|---|---|---
 6 | X | 0 | 0 | X | X | 0 | 0 | X | 6 
---|---|---|---|---|---|---|---|---|---
 7 | X | X | X | 0 | 0 | 0 | 0 |   | 7 
---|---|---|---|---|---|---|---|---|---
 8 | 0 | X | X | X | X | X | X | X | 8 
---|---|---|---|---|---|---|---|---|---
   | 1 | 2 | 3 | 4 | 5 | 6 | 7 | 8 |

It took 5 seconds to make this move...


Black to move
BOOOOOOOOOOOOOOEEOXOOOOOXOOXOOXOXOXXXOOOXXOOXXOOXXXXOOOOEOXXXXXXX
(7,8)
   | 1 | 2 | 3 | 4 | 5 | 6 | 7 | 8 |
---|---|---|---|---|---|---|---|---|---
 1 | 0 | 0 | 0 | 0 | 0 | 0 | 0 | 0 | 1 
---|---|---|---|---|---|---|---|---|---
 2 | 0 | 0 | 0 | 0 | 0 | 0 |   |   | 2 
---|---|---|---|---|---|---|---|---|---
 3 | 0 | X | 0 | 0 | 0 | 0 | 0 | X | 3 
---|---|---|---|---|---|---|---|---|---
 4 | 0 | 0 | X | 0 | 0 | X | 0 | X | 4 
---|---|---|---|---|---|---|---|---|---
 5 | 0 | X | X | X | 0 | 0 | 0 | X | 5 
---|---|---|---|---|---|---|---|---|---
 6 | X | 0 | 0 | X | X | 0 | 0 | X | 6 
---|---|---|---|---|---|---|---|---|---
 7 | X | X | X | X | X | X | X | X | 7 
---|---|---|---|---|---|---|---|---|---
 8 | 0 | X | X | X | X | X | X | X | 8 
---|---|---|---|---|---|---|---|---|---
   | 1 | 2 | 3 | 4 | 5 | 6 | 7 | 8 |

It took 0 seconds to make this move...


White to move
WOOOOOOOOOOOOOOEEOXOOOOOXOOXOOXOXOXXXOOOXXOOXXOOXXXXXXXXXOXXXXXXX
pass
   | 1 | 2 | 3 | 4 | 5 | 6 | 7 | 8 |
---|---|---|---|---|---|---|---|---|---
 1 | 0 | 0 | 0 | 0 | 0 | 0 | 0 | 0 | 1 
---|---|---|---|---|---|---|---|---|---
 2 | 0 | 0 | 0 | 0 | 0 | 0 |   |   | 2 
---|---|---|---|---|---|---|---|---|---
 3 | 0 | X | 0 | 0 | 0 | 0 | 0 | X | 3 
---|---|---|---|---|---|---|---|---|---
 4 | 0 | 0 | X | 0 | 0 | X | 0 | X | 4 
---|---|---|---|---|---|---|---|---|---
 5 | 0 | X | X | X | 0 | 0 | 0 | X | 5 
---|---|---|---|---|---|---|---|---|---
 6 | X | 0 | 0 | X | X | 0 | 0 | X | 6 
---|---|---|---|---|---|---|---|---|---
 7 | X | X | X | X | X | X | X | X | 7 
---|---|---|---|---|---|---|---|---|---
 8 | 0 | X | X | X | X | X | X | X | 8 
---|---|---|---|---|---|---|---|---|---
   | 1 | 2 | 3 | 4 | 5 | 6 | 7 | 8 |

It took 6 seconds to make this move...


Black to move
BOOOOOOOOOOOOOOEEOXOOOOOXOOXOOXOXOXXXOOOXXOOXXOOXXXXXXXXXOXXXXXXX
(2,7)
   | 1 | 2 | 3 | 4 | 5 | 6 | 7 | 8 |
---|---|---|---|---|---|---|---|---|---
 1 | 0 | 0 | 0 | 0 | 0 | 0 | 0 | 0 | 1 
---|---|---|---|---|---|---|---|---|---
 2 | 0 | 0 | 0 | 0 | 0 | 0 | X |   | 2 
---|---|---|---|---|---|---|---|---|---
 3 | 0 | X | 0 | 0 | 0 | X | X | X | 3 
---|---|---|---|---|---|---|---|---|---
 4 | 0 | 0 | X | 0 | X | X | X | X | 4 
---|---|---|---|---|---|---|---|---|---
 5 | 0 | X | X | X | 0 | 0 | X | X | 5 
---|---|---|---|---|---|---|---|---|---
 6 | X | 0 | 0 | X | X | 0 | X | X | 6 
---|---|---|---|---|---|---|---|---|---
 7 | X | X | X | X | X | X | X | X | 7 
---|---|---|---|---|---|---|---|---|---
 8 | 0 | X | X | X | X | X | X | X | 8 
---|---|---|---|---|---|---|---|---|---
   | 1 | 2 | 3 | 4 | 5 | 6 | 7 | 8 |

It took 0 seconds to make this move...


White to move
WOOOOOOOOOOOOOOXEOXOOOXXXOOXOXXXXOXXXOOXXXOOXXOXXXXXXXXXXOXXXXXXX
(2,8) Depth reached: 704, Nodes searched: 333
   | 1 | 2 | 3 | 4 | 5 | 6 | 7 | 8 |
---|---|---|---|---|---|---|---|---|---
 1 | 0 | 0 | 0 | 0 | 0 | 0 | 0 | 0 | 1 
---|---|---|---|---|---|---|---|---|---
 2 | 0 | 0 | 0 | 0 | 0 | 0 | 0 | 0 | 2 
---|---|---|---|---|---|---|---|---|---
 3 | 0 | X | 0 | 0 | 0 | X | 0 | X | 3 
---|---|---|---|---|---|---|---|---|---
 4 | 0 | 0 | X | 0 | X | 0 | X | X | 4 
---|---|---|---|---|---|---|---|---|---
 5 | 0 | X | X | X | 0 | 0 | X | X | 5 
---|---|---|---|---|---|---|---|---|---
 6 | X | 0 | 0 | X | X | 0 | X | X | 6 
---|---|---|---|---|---|---|---|---|---
 7 | X | X | X | X | X | X | X | X | 7 
---|---|---|---|---|---|---|---|---|---
 8 | 0 | X | X | X | X | X | X | X | 8 
---|---|---|---|---|---|---|---|---|---
   | 1 | 2 | 3 | 4 | 5 | 6 | 7 | 8 |

It took 6 seconds to make this move...


Black to move
BOOOOOOOOOOOOOOOOOXOOOXOXOOXOXOXXOXXXOOXXXOOXXOXXXXXXXXXXOXXXXXXX
pass
   | 1 | 2 | 3 | 4 | 5 | 6 | 7 | 8 |
---|---|---|---|---|---|---|---|---|---
 1 | 0 | 0 | 0 | 0 | 0 | 0 | 0 | 0 | 1 
---|---|---|---|---|---|---|---|---|---
 2 | 0 | 0 | 0 | 0 | 0 | 0 | 0 | 0 | 2 
---|---|---|---|---|---|---|---|---|---
 3 | 0 | X | 0 | 0 | 0 | X | 0 | X | 3 
---|---|---|---|---|---|---|---|---|---
 4 | 0 | 0 | X | 0 | X | 0 | X | X | 4 
---|---|---|---|---|---|---|---|---|---
 5 | 0 | X | X | X | 0 | 0 | X | X | 5 
---|---|---|---|---|---|---|---|---|---
 6 | X | 0 | 0 | X | X | 0 | X | X | 6 
---|---|---|---|---|---|---|---|---|---
 7 | X | X | X | X | X | X | X | X | 7 
---|---|---|---|---|---|---|---|---|---
 8 | 0 | X | X | X | X | X | X | X | 8 
---|---|---|---|---|---|---|---|---|---
   | 1 | 2 | 3 | 4 | 5 | 6 | 7 | 8 |

It took 0 seconds to make this move...


White to move
WOOOOOOOOOOOOOOOOOXOOOXOXOOXOXOXXOXXXOOXXXOOXXOXXXXXXXXXXOXXXXXXX
pass
   | 1 | 2 | 3 | 4 | 5 | 6 | 7 | 8 |
---|---|---|---|---|---|---|---|---|---
 1 | 0 | 0 | 0 | 0 | 0 | 0 | 0 | 0 | 1 
---|---|---|---|---|---|---|---|---|---
 2 | 0 | 0 | 0 | 0 | 0 | 0 | 0 | 0 | 2 
---|---|---|---|---|---|---|---|---|---
 3 | 0 | X | 0 | 0 | 0 | X | 0 | X | 3 
---|---|---|---|---|---|---|---|---|---
 4 | 0 | 0 | X | 0 | X | 0 | X | X | 4 
---|---|---|---|---|---|---|---|---|---
 5 | 0 | X | X | X | 0 | 0 | X | X | 5 
---|---|---|---|---|---|---|---|---|---
 6 | X | 0 | 0 | X | X | 0 | X | X | 6 
---|---|---|---|---|---|---|---|---|---
 7 | X | X | X | X | X | X | X | X | 7 
---|---|---|---|---|---|---|---|---|---
 8 | 0 | X | X | X | X | X | X | X | 8 
---|---|---|---|---|---|---|---|---|---
   | 1 | 2 | 3 | 4 | 5 | 6 | 7 | 8 |

It took 5 seconds to make this move...
***************************************
Results for ../Python/othello.sh vs. ./othello_naive.sh:
Black won with 0 points
Average time for white: 5.5 s (max: 6 s)
Average time for black: 0.2 s (max: 1 s)
***************************************
