   | 1 | 2 | 3 | 4 | 5 | 6 | 7 | 8 |
---|---|---|---|---|---|---|---|---|---
 1 |   |   |   |   |   |   |   |   | 1 
---|---|---|---|---|---|---|---|---|---
 2 |   |   |   |   |   |   |   |   | 2 
---|---|---|---|---|---|---|---|---|---
 3 |   |   |   |   |   |   |   |   | 3 
---|---|---|---|---|---|---|---|---|---
 4 |   |   |   | 0 | X |   |   |   | 4 
---|---|---|---|---|---|---|---|---|---
 5 |   |   |   | X | 0 |   |   |   | 5 
---|---|---|---|---|---|---|---|---|---
 6 |   |   |   |   |   |   |   |   | 6 
---|---|---|---|---|---|---|---|---|---
 7 |   |   |   |   |   |   |   |   | 7 
---|---|---|---|---|---|---|---|---|---
 8 |   |   |   |   |   |   |   |   | 8 
---|---|---|---|---|---|---|---|---|---
   | 1 | 2 | 3 | 4 | 5 | 6 | 7 | 8 |



White to move
WEEEEEEEEEEEEEEEEEEEEEEEEEEEOXEEEEEEXOEEEEEEEEEEEEEEEEEEEEEEEEEEE
(3,5)
   | 1 | 2 | 3 | 4 | 5 | 6 | 7 | 8 |
---|---|---|---|---|---|---|---|---|---
 1 |   |   |   |   |   |   |   |   | 1 
---|---|---|---|---|---|---|---|---|---
 2 |   |   |   |   |   |   |   |   | 2 
---|---|---|---|---|---|---|---|---|---
 3 |   |   |   |   | 0 |   |   |   | 3 
---|---|---|---|---|---|---|---|---|---
 4 |   |   |   | 0 | 0 |   |   |   | 4 
---|---|---|---|---|---|---|---|---|---
 5 |   |   |   | X | 0 |   |   |   | 5 
---|---|---|---|---|---|---|---|---|---
 6 |   |   |   |   |   |   |   |   | 6 
---|---|---|---|---|---|---|---|---|---
 7 |   |   |   |   |   |   |   |   | 7 
---|---|---|---|---|---|---|---|---|---
 8 |   |   |   |   |   |   |   |   | 8 
---|---|---|---|---|---|---|---|---|---
   | 1 | 2 | 3 | 4 | 5 | 6 | 7 | 8 |

It took 0 seconds to make this move...


Black to move
BEEEEEEEEEEEEEEEEEEEEOEEEEEEOOEEEEEEXOEEEEEEEEEEEEEEEEEEEEEEEEEEE
(3,4) Depth reached: 8, Nodes searched: 19504
   | 1 | 2 | 3 | 4 | 5 | 6 | 7 | 8 |
---|---|---|---|---|---|---|---|---|---
 1 |   |   |   |   |   |   |   |   | 1 
---|---|---|---|---|---|---|---|---|---
 2 |   |   |   |   |   |   |   |   | 2 
---|---|---|---|---|---|---|---|---|---
 3 |   |   |   | X | 0 |   |   |   | 3 
---|---|---|---|---|---|---|---|---|---
 4 |   |   |   | X | 0 |   |   |   | 4 
---|---|---|---|---|---|---|---|---|---
 5 |   |   |   | X | 0 |   |   |   | 5 
---|---|---|---|---|---|---|---|---|---
 6 |   |   |   |   |   |   |   |   | 6 
---|---|---|---|---|---|---|---|---|---
 7 |   |   |   |   |   |   |   |   | 7 
---|---|---|---|---|---|---|---|---|---
 8 |   |   |   |   |   |   |   |   | 8 
---|---|---|---|---|---|---|---|---|---
   | 1 | 2 | 3 | 4 | 5 | 6 | 7 | 8 |

It took 6 seconds to make this move...


White to move
WEEEEEEEEEEEEEEEEEEEXOEEEEEEXOEEEEEEXOEEEEEEEEEEEEEEEEEEEEEEEEEEE
(3,3)
   | 1 | 2 | 3 | 4 | 5 | 6 | 7 | 8 |
---|---|---|---|---|---|---|---|---|---
 1 |   |   |   |   |   |   |   |   | 1 
---|---|---|---|---|---|---|---|---|---
 2 |   |   |   |   |   |   |   |   | 2 
---|---|---|---|---|---|---|---|---|---
 3 |   |   | 0 | 0 | 0 |   |   |   | 3 
---|---|---|---|---|---|---|---|---|---
 4 |   |   |   | 0 | 0 |   |   |   | 4 
---|---|---|---|---|---|---|---|---|---
 5 |   |   |   | X | 0 |   |   |   | 5 
---|---|---|---|---|---|---|---|---|---
 6 |   |   |   |   |   |   |   |   | 6 
---|---|---|---|---|---|---|---|---|---
 7 |   |   |   |   |   |   |   |   | 7 
---|---|---|---|---|---|---|---|---|---
 8 |   |   |   |   |   |   |   |   | 8 
---|---|---|---|---|---|---|---|---|---
   | 1 | 2 | 3 | 4 | 5 | 6 | 7 | 8 |

It took 0 seconds to make this move...


Black to move
BEEEEEEEEEEEEEEEEEEOOOEEEEEEOOEEEEEEXOEEEEEEEEEEEEEEEEEEEEEEEEEEE
(3,6) Depth reached: 7, Nodes searched: 31520
   | 1 | 2 | 3 | 4 | 5 | 6 | 7 | 8 |
---|---|---|---|---|---|---|---|---|---
 1 |   |   |   |   |   |   |   |   | 1 
---|---|---|---|---|---|---|---|---|---
 2 |   |   |   |   |   |   |   |   | 2 
---|---|---|---|---|---|---|---|---|---
 3 |   |   | 0 | 0 | 0 | X |   |   | 3 
---|---|---|---|---|---|---|---|---|---
 4 |   |   |   | 0 | X |   |   |   | 4 
---|---|---|---|---|---|---|---|---|---
 5 |   |   |   | X | 0 |   |   |   | 5 
---|---|---|---|---|---|---|---|---|---
 6 |   |   |   |   |   |   |   |   | 6 
---|---|---|---|---|---|---|---|---|---
 7 |   |   |   |   |   |   |   |   | 7 
---|---|---|---|---|---|---|---|---|---
 8 |   |   |   |   |   |   |   |   | 8 
---|---|---|---|---|---|---|---|---|---
   | 1 | 2 | 3 | 4 | 5 | 6 | 7 | 8 |

It took 6 seconds to make this move...


White to move
WEEEEEEEEEEEEEEEEEEOOOXEEEEEOXEEEEEEXOEEEEEEEEEEEEEEEEEEEEEEEEEEE
(5,3)
   | 1 | 2 | 3 | 4 | 5 | 6 | 7 | 8 |
---|---|---|---|---|---|---|---|---|---
 1 |   |   |   |   |   |   |   |   | 1 
---|---|---|---|---|---|---|---|---|---
 2 |   |   |   |   |   |   |   |   | 2 
---|---|---|---|---|---|---|---|---|---
 3 |   |   | 0 | 0 | 0 | X |   |   | 3 
---|---|---|---|---|---|---|---|---|---
 4 |   |   |   | 0 | X |   |   |   | 4 
---|---|---|---|---|---|---|---|---|---
 5 |   |   | 0 | 0 | 0 |   |   |   | 5 
---|---|---|---|---|---|---|---|---|---
 6 |   |   |   |   |   |   |   |   | 6 
---|---|---|---|---|---|---|---|---|---
 7 |   |   |   |   |   |   |   |   | 7 
---|---|---|---|---|---|---|---|---|---
 8 |   |   |   |   |   |   |   |   | 8 
---|---|---|---|---|---|---|---|---|---
   | 1 | 2 | 3 | 4 | 5 | 6 | 7 | 8 |

It took 0 seconds to make this move...


Black to move
BEEEEEEEEEEEEEEEEEEOOOXEEEEEOXEEEEEOOOEEEEEEEEEEEEEEEEEEEEEEEEEEE
(4,3) Depth reached: 7, Nodes searched: 17667
   | 1 | 2 | 3 | 4 | 5 | 6 | 7 | 8 |
---|---|---|---|---|---|---|---|---|---
 1 |   |   |   |   |   |   |   |   | 1 
---|---|---|---|---|---|---|---|---|---
 2 |   |   |   |   |   |   |   |   | 2 
---|---|---|---|---|---|---|---|---|---
 3 |   |   | 0 | 0 | 0 | X |   |   | 3 
---|---|---|---|---|---|---|---|---|---
 4 |   |   | X | X | X |   |   |   | 4 
---|---|---|---|---|---|---|---|---|---
 5 |   |   | 0 | 0 | 0 |   |   |   | 5 
---|---|---|---|---|---|---|---|---|---
 6 |   |   |   |   |   |   |   |   | 6 
---|---|---|---|---|---|---|---|---|---
 7 |   |   |   |   |   |   |   |   | 7 
---|---|---|---|---|---|---|---|---|---
 8 |   |   |   |   |   |   |   |   | 8 
---|---|---|---|---|---|---|---|---|---
   | 1 | 2 | 3 | 4 | 5 | 6 | 7 | 8 |

It took 7 seconds to make this move...


White to move
WEEEEEEEEEEEEEEEEEEOOOXEEEEXXXEEEEEOOOEEEEEEEEEEEEEEEEEEEEEEEEEEE
(2,7)
   | 1 | 2 | 3 | 4 | 5 | 6 | 7 | 8 |
---|---|---|---|---|---|---|---|---|---
 1 |   |   |   |   |   |   |   |   | 1 
---|---|---|---|---|---|---|---|---|---
 2 |   |   |   |   |   |   | 0 |   | 2 
---|---|---|---|---|---|---|---|---|---
 3 |   |   | 0 | 0 | 0 | 0 |   |   | 3 
---|---|---|---|---|---|---|---|---|---
 4 |   |   | X | X | 0 |   |   |   | 4 
---|---|---|---|---|---|---|---|---|---
 5 |   |   | 0 | 0 | 0 |   |   |   | 5 
---|---|---|---|---|---|---|---|---|---
 6 |   |   |   |   |   |   |   |   | 6 
---|---|---|---|---|---|---|---|---|---
 7 |   |   |   |   |   |   |   |   | 7 
---|---|---|---|---|---|---|---|---|---
 8 |   |   |   |   |   |   |   |   | 8 
---|---|---|---|---|---|---|---|---|---
   | 1 | 2 | 3 | 4 | 5 | 6 | 7 | 8 |

It took 0 seconds to make this move...


Black to move
BEEEEEEEEEEEEEEOEEEOOOOEEEEXXOEEEEEOOOEEEEEEEEEEEEEEEEEEEEEEEEEEE
(6,5) Depth reached: 6, Nodes searched: 29596
   | 1 | 2 | 3 | 4 | 5 | 6 | 7 | 8 |
---|---|---|---|---|---|---|---|---|---
 1 |   |   |   |   |   |   |   |   | 1 
---|---|---|---|---|---|---|---|---|---
 2 |   |   |   |   |   |   | 0 |   | 2 
---|---|---|---|---|---|---|---|---|---
 3 |   |   | 0 | 0 | 0 | 0 |   |   | 3 
---|---|---|---|---|---|---|---|---|---
 4 |   |   | X | X | 0 |   |   |   | 4 
---|---|---|---|---|---|---|---|---|---
 5 |   |   | 0 | X | 0 |   |   |   | 5 
---|---|---|---|---|---|---|---|---|---
 6 |   |   |   |   | X |   |   |   | 6 
---|---|---|---|---|---|---|---|---|---
 7 |   |   |   |   |   |   |   |   | 7 
---|---|---|---|---|---|---|---|---|---
 8 |   |   |   |   |   |   |   |   | 8 
---|---|---|---|---|---|---|---|---|---
   | 1 | 2 | 3 | 4 | 5 | 6 | 7 | 8 |

It took 7 seconds to make this move...


White to move
WEEEEEEEEEEEEEEOEEEOOOOEEEEXXOEEEEEOXOEEEEEEEXEEEEEEEEEEEEEEEEEEE
(6,4)
   | 1 | 2 | 3 | 4 | 5 | 6 | 7 | 8 |
---|---|---|---|---|---|---|---|---|---
 1 |   |   |   |   |   |   |   |   | 1 
---|---|---|---|---|---|---|---|---|---
 2 |   |   |   |   |   |   | 0 |   | 2 
---|---|---|---|---|---|---|---|---|---
 3 |   |   | 0 | 0 | 0 | 0 |   |   | 3 
---|---|---|---|---|---|---|---|---|---
 4 |   |   | X | 0 | 0 |   |   |   | 4 
---|---|---|---|---|---|---|---|---|---
 5 |   |   | 0 | 0 | 0 |   |   |   | 5 
---|---|---|---|---|---|---|---|---|---
 6 |   |   |   | 0 | X |   |   |   | 6 
---|---|---|---|---|---|---|---|---|---
 7 |   |   |   |   |   |   |   |   | 7 
---|---|---|---|---|---|---|---|---|---
 8 |   |   |   |   |   |   |   |   | 8 
---|---|---|---|---|---|---|---|---|---
   | 1 | 2 | 3 | 4 | 5 | 6 | 7 | 8 |

It took 0 seconds to make this move...


Black to move
BEEEEEEEEEEEEEEOEEEOOOOEEEEXOOEEEEEOOOEEEEEEOXEEEEEEEEEEEEEEEEEEE
(4,6) Depth reached: 7, Nodes searched: 6234
   | 1 | 2 | 3 | 4 | 5 | 6 | 7 | 8 |
---|---|---|---|---|---|---|---|---|---
 1 |   |   |   |   |   |   |   |   | 1 
---|---|---|---|---|---|---|---|---|---
 2 |   |   |   |   |   |   | 0 |   | 2 
---|---|---|---|---|---|---|---|---|---
 3 |   |   | 0 | 0 | 0 | 0 |   |   | 3 
---|---|---|---|---|---|---|---|---|---
 4 |   |   | X | X | X | X |   |   | 4 
---|---|---|---|---|---|---|---|---|---
 5 |   |   | 0 | 0 | 0 |   |   |   | 5 
---|---|---|---|---|---|---|---|---|---
 6 |   |   |   | 0 | X |   |   |   | 6 
---|---|---|---|---|---|---|---|---|---
 7 |   |   |   |   |   |   |   |   | 7 
---|---|---|---|---|---|---|---|---|---
 8 |   |   |   |   |   |   |   |   | 8 
---|---|---|---|---|---|---|---|---|---
   | 1 | 2 | 3 | 4 | 5 | 6 | 7 | 8 |

It took 6 seconds to make this move...


White to move
WEEEEEEEEEEEEEEOEEEOOOOEEEEXXXXEEEEOOOEEEEEEOXEEEEEEEEEEEEEEEEEEE
(3,7)
   | 1 | 2 | 3 | 4 | 5 | 6 | 7 | 8 |
---|---|---|---|---|---|---|---|---|---
 1 |   |   |   |   |   |   |   |   | 1 
---|---|---|---|---|---|---|---|---|---
 2 |   |   |   |   |   |   | 0 |   | 2 
---|---|---|---|---|---|---|---|---|---
 3 |   |   | 0 | 0 | 0 | 0 | 0 |   | 3 
---|---|---|---|---|---|---|---|---|---
 4 |   |   | X | X | X | 0 |   |   | 4 
---|---|---|---|---|---|---|---|---|---
 5 |   |   | 0 | 0 | 0 |   |   |   | 5 
---|---|---|---|---|---|---|---|---|---
 6 |   |   |   | 0 | X |   |   |   | 6 
---|---|---|---|---|---|---|---|---|---
 7 |   |   |   |   |   |   |   |   | 7 
---|---|---|---|---|---|---|---|---|---
 8 |   |   |   |   |   |   |   |   | 8 
---|---|---|---|---|---|---|---|---|---
   | 1 | 2 | 3 | 4 | 5 | 6 | 7 | 8 |

It took 1 seconds to make this move...


Black to move
BEEEEEEEEEEEEEEOEEEOOOOOEEEXXXOEEEEOOOEEEEEEOXEEEEEEEEEEEEEEEEEEE
(1,8) Depth reached: 6, Nodes searched: 23356
   | 1 | 2 | 3 | 4 | 5 | 6 | 7 | 8 |
---|---|---|---|---|---|---|---|---|---
 1 |   |   |   |   |   |   |   | X | 1 
---|---|---|---|---|---|---|---|---|---
 2 |   |   |   |   |   |   | X |   | 2 
---|---|---|---|---|---|---|---|---|---
 3 |   |   | 0 | 0 | 0 | X | 0 |   | 3 
---|---|---|---|---|---|---|---|---|---
 4 |   |   | X | X | X | 0 |   |   | 4 
---|---|---|---|---|---|---|---|---|---
 5 |   |   | 0 | 0 | 0 |   |   |   | 5 
---|---|---|---|---|---|---|---|---|---
 6 |   |   |   | 0 | X |   |   |   | 6 
---|---|---|---|---|---|---|---|---|---
 7 |   |   |   |   |   |   |   |   | 7 
---|---|---|---|---|---|---|---|---|---
 8 |   |   |   |   |   |   |   |   | 8 
---|---|---|---|---|---|---|---|---|---
   | 1 | 2 | 3 | 4 | 5 | 6 | 7 | 8 |

It took 6 seconds to make this move...


White to move
WEEEEEEEXEEEEEEXEEEOOOXOEEEXXXOEEEEOOOEEEEEEOXEEEEEEEEEEEEEEEEEEE
(1,7)
   | 1 | 2 | 3 | 4 | 5 | 6 | 7 | 8 |
---|---|---|---|---|---|---|---|---|---
 1 |   |   |   |   |   |   | 0 | X | 1 
---|---|---|---|---|---|---|---|---|---
 2 |   |   |   |   |   |   | 0 |   | 2 
---|---|---|---|---|---|---|---|---|---
 3 |   |   | 0 | 0 | 0 | X | 0 |   | 3 
---|---|---|---|---|---|---|---|---|---
 4 |   |   | X | X | X | 0 |   |   | 4 
---|---|---|---|---|---|---|---|---|---
 5 |   |   | 0 | 0 | 0 |   |   |   | 5 
---|---|---|---|---|---|---|---|---|---
 6 |   |   |   | 0 | X |   |   |   | 6 
---|---|---|---|---|---|---|---|---|---
 7 |   |   |   |   |   |   |   |   | 7 
---|---|---|---|---|---|---|---|---|---
 8 |   |   |   |   |   |   |   |   | 8 
---|---|---|---|---|---|---|---|---|---
   | 1 | 2 | 3 | 4 | 5 | 6 | 7 | 8 |

It took 0 seconds to make this move...


Black to move
BEEEEEEOXEEEEEEOEEEOOOXOEEEXXXOEEEEOOOEEEEEEOXEEEEEEEEEEEEEEEEEEE
(1,6) Depth reached: 6, Nodes searched: 22397
   | 1 | 2 | 3 | 4 | 5 | 6 | 7 | 8 |
---|---|---|---|---|---|---|---|---|---
 1 |   |   |   |   |   | X | X | X | 1 
---|---|---|---|---|---|---|---|---|---
 2 |   |   |   |   |   |   | 0 |   | 2 
---|---|---|---|---|---|---|---|---|---
 3 |   |   | 0 | 0 | 0 | X | 0 |   | 3 
---|---|---|---|---|---|---|---|---|---
 4 |   |   | X | X | X | 0 |   |   | 4 
---|---|---|---|---|---|---|---|---|---
 5 |   |   | 0 | 0 | 0 |   |   |   | 5 
---|---|---|---|---|---|---|---|---|---
 6 |   |   |   | 0 | X |   |   |   | 6 
---|---|---|---|---|---|---|---|---|---
 7 |   |   |   |   |   |   |   |   | 7 
---|---|---|---|---|---|---|---|---|---
 8 |   |   |   |   |   |   |   |   | 8 
---|---|---|---|---|---|---|---|---|---
   | 1 | 2 | 3 | 4 | 5 | 6 | 7 | 8 |

It took 7 seconds to make this move...


White to move
WEEEEEXXXEEEEEEOEEEOOOXOEEEXXXOEEEEOOOEEEEEEOXEEEEEEEEEEEEEEEEEEE
(4,2)
   | 1 | 2 | 3 | 4 | 5 | 6 | 7 | 8 |
---|---|---|---|---|---|---|---|---|---
 1 |   |   |   |   |   | X | X | X | 1 
---|---|---|---|---|---|---|---|---|---
 2 |   |   |   |   |   |   | 0 |   | 2 
---|---|---|---|---|---|---|---|---|---
 3 |   |   | 0 | 0 | 0 | X | 0 |   | 3 
---|---|---|---|---|---|---|---|---|---
 4 |   | 0 | 0 | 0 | 0 | 0 |   |   | 4 
---|---|---|---|---|---|---|---|---|---
 5 |   |   | 0 | 0 | 0 |   |   |   | 5 
---|---|---|---|---|---|---|---|---|---
 6 |   |   |   | 0 | X |   |   |   | 6 
---|---|---|---|---|---|---|---|---|---
 7 |   |   |   |   |   |   |   |   | 7 
---|---|---|---|---|---|---|---|---|---
 8 |   |   |   |   |   |   |   |   | 8 
---|---|---|---|---|---|---|---|---|---
   | 1 | 2 | 3 | 4 | 5 | 6 | 7 | 8 |

It took 0 seconds to make this move...


Black to move
BEEEEEXXXEEEEEEOEEEOOOXOEEOOOOOEEEEOOOEEEEEEOXEEEEEEEEEEEEEEEEEEE
(3,8) Depth reached: 7, Nodes searched: 13619
   | 1 | 2 | 3 | 4 | 5 | 6 | 7 | 8 |
---|---|---|---|---|---|---|---|---|---
 1 |   |   |   |   |   | X | X | X | 1 
---|---|---|---|---|---|---|---|---|---
 2 |   |   |   |   |   |   | X |   | 2 
---|---|---|---|---|---|---|---|---|---
 3 |   |   | 0 | 0 | 0 | X | X | X | 3 
---|---|---|---|---|---|---|---|---|---
 4 |   | 0 | 0 | 0 | 0 | 0 |   |   | 4 
---|---|---|---|---|---|---|---|---|---
 5 |   |   | 0 | 0 | 0 |   |   |   | 5 
---|---|---|---|---|---|---|---|---|---
 6 |   |   |   | 0 | X |   |   |   | 6 
---|---|---|---|---|---|---|---|---|---
 7 |   |   |   |   |   |   |   |   | 7 
---|---|---|---|---|---|---|---|---|---
 8 |   |   |   |   |   |   |   |   | 8 
---|---|---|---|---|---|---|---|---|---
   | 1 | 2 | 3 | 4 | 5 | 6 | 7 | 8 |

It took 7 seconds to make this move...


White to move
WEEEEEXXXEEEEEEXEEEOOOXXXEOOOOOEEEEOOOEEEEEEOXEEEEEEEEEEEEEEEEEEE
(2,8)
   | 1 | 2 | 3 | 4 | 5 | 6 | 7 | 8 |
---|---|---|---|---|---|---|---|---|---
 1 |   |   |   |   |   | X | X | X | 1 
---|---|---|---|---|---|---|---|---|---
 2 |   |   |   |   |   |   | X | 0 | 2 
---|---|---|---|---|---|---|---|---|---
 3 |   |   | 0 | 0 | 0 | X | 0 | X | 3 
---|---|---|---|---|---|---|---|---|---
 4 |   | 0 | 0 | 0 | 0 | 0 |   |   | 4 
---|---|---|---|---|---|---|---|---|---
 5 |   |   | 0 | 0 | 0 |   |   |   | 5 
---|---|---|---|---|---|---|---|---|---
 6 |   |   |   | 0 | X |   |   |   | 6 
---|---|---|---|---|---|---|---|---|---
 7 |   |   |   |   |   |   |   |   | 7 
---|---|---|---|---|---|---|---|---|---
 8 |   |   |   |   |   |   |   |   | 8 
---|---|---|---|---|---|---|---|---|---
   | 1 | 2 | 3 | 4 | 5 | 6 | 7 | 8 |

It took 0 seconds to make this move...


Black to move
BEEEEEXXXEEEEEEXOEEOOOXOXEOOOOOEEEEOOOEEEEEEOXEEEEEEEEEEEEEEEEEEE
(4,7) Depth reached: 7, Nodes searched: 1831
   | 1 | 2 | 3 | 4 | 5 | 6 | 7 | 8 |
---|---|---|---|---|---|---|---|---|---
 1 |   |   |   |   |   | X | X | X | 1 
---|---|---|---|---|---|---|---|---|---
 2 |   |   |   |   |   |   | X | 0 | 2 
---|---|---|---|---|---|---|---|---|---
 3 |   |   | 0 | 0 | 0 | X | X | X | 3 
---|---|---|---|---|---|---|---|---|---
 4 |   | 0 | 0 | 0 | 0 | 0 | X |   | 4 
---|---|---|---|---|---|---|---|---|---
 5 |   |   | 0 | 0 | 0 |   |   |   | 5 
---|---|---|---|---|---|---|---|---|---
 6 |   |   |   | 0 | X |   |   |   | 6 
---|---|---|---|---|---|---|---|---|---
 7 |   |   |   |   |   |   |   |   | 7 
---|---|---|---|---|---|---|---|---|---
 8 |   |   |   |   |   |   |   |   | 8 
---|---|---|---|---|---|---|---|---|---
   | 1 | 2 | 3 | 4 | 5 | 6 | 7 | 8 |

It took 6 seconds to make this move...


White to move
WEEEEEXXXEEEEEEXOEEOOOXXXEOOOOOXEEEOOOEEEEEEOXEEEEEEEEEEEEEEEEEEE
(6,6)
   | 1 | 2 | 3 | 4 | 5 | 6 | 7 | 8 |
---|---|---|---|---|---|---|---|---|---
 1 |   |   |   |   |   | X | X | X | 1 
---|---|---|---|---|---|---|---|---|---
 2 |   |   |   |   |   |   | X | 0 | 2 
---|---|---|---|---|---|---|---|---|---
 3 |   |   | 0 | 0 | 0 | X | X | X | 3 
---|---|---|---|---|---|---|---|---|---
 4 |   | 0 | 0 | 0 | 0 | 0 | X |   | 4 
---|---|---|---|---|---|---|---|---|---
 5 |   |   | 0 | 0 | 0 |   |   |   | 5 
---|---|---|---|---|---|---|---|---|---
 6 |   |   |   | 0 | 0 | 0 |   |   | 6 
---|---|---|---|---|---|---|---|---|---
 7 |   |   |   |   |   |   |   |   | 7 
---|---|---|---|---|---|---|---|---|---
 8 |   |   |   |   |   |   |   |   | 8 
---|---|---|---|---|---|---|---|---|---
   | 1 | 2 | 3 | 4 | 5 | 6 | 7 | 8 |

It took 0 seconds to make this move...


Black to move
BEEEEEXXXEEEEEEXOEEOOOXXXEOOOOOXEEEOOOEEEEEEOOOEEEEEEEEEEEEEEEEEE
(4,1) Depth reached: 6, Nodes searched: 38386
   | 1 | 2 | 3 | 4 | 5 | 6 | 7 | 8 |
---|---|---|---|---|---|---|---|---|---
 1 |   |   |   |   |   | X | X | X | 1 
---|---|---|---|---|---|---|---|---|---
 2 |   |   |   |   |   |   | X | 0 | 2 
---|---|---|---|---|---|---|---|---|---
 3 |   |   | 0 | 0 | 0 | X | X | X | 3 
---|---|---|---|---|---|---|---|---|---
 4 | X | X | X | X | X | X | X |   | 4 
---|---|---|---|---|---|---|---|---|---
 5 |   |   | 0 | 0 | 0 |   |   |   | 5 
---|---|---|---|---|---|---|---|---|---
 6 |   |   |   | 0 | 0 | 0 |   |   | 6 
---|---|---|---|---|---|---|---|---|---
 7 |   |   |   |   |   |   |   |   | 7 
---|---|---|---|---|---|---|---|---|---
 8 |   |   |   |   |   |   |   |   | 8 
---|---|---|---|---|---|---|---|---|---
   | 1 | 2 | 3 | 4 | 5 | 6 | 7 | 8 |

It took 6 seconds to make this move...


White to move
WEEEEEXXXEEEEEEXOEEOOOXXXXXXXXXXEEEOOOEEEEEEOOOEEEEEEEEEEEEEEEEEE
(5,1)
   | 1 | 2 | 3 | 4 | 5 | 6 | 7 | 8 |
---|---|---|---|---|---|---|---|---|---
 1 |   |   |   |   |   | X | X | X | 1 
---|---|---|---|---|---|---|---|---|---
 2 |   |   |   |   |   |   | X | 0 | 2 
---|---|---|---|---|---|---|---|---|---
 3 |   |   | 0 | 0 | 0 | X | X | X | 3 
---|---|---|---|---|---|---|---|---|---
 4 | X | 0 | X | X | X | X | X |   | 4 
---|---|---|---|---|---|---|---|---|---
 5 | 0 |   | 0 | 0 | 0 |   |   |   | 5 
---|---|---|---|---|---|---|---|---|---
 6 |   |   |   | 0 | 0 | 0 |   |   | 6 
---|---|---|---|---|---|---|---|---|---
 7 |   |   |   |   |   |   |   |   | 7 
---|---|---|---|---|---|---|---|---|---
 8 |   |   |   |   |   |   |   |   | 8 
---|---|---|---|---|---|---|---|---|---
   | 1 | 2 | 3 | 4 | 5 | 6 | 7 | 8 |

It took 1 seconds to make this move...


Black to move
BEEEEEXXXEEEEEEXOEEOOOXXXXOXXXXXEOEOOOEEEEEEOOOEEEEEEEEEEEEEEEEEE
(6,1) Depth reached: 6, Nodes searched: 34267
   | 1 | 2 | 3 | 4 | 5 | 6 | 7 | 8 |
---|---|---|---|---|---|---|---|---|---
 1 |   |   |   |   |   | X | X | X | 1 
---|---|---|---|---|---|---|---|---|---
 2 |   |   |   |   |   |   | X | 0 | 2 
---|---|---|---|---|---|---|---|---|---
 3 |   |   | 0 | 0 | 0 | X | X | X | 3 
---|---|---|---|---|---|---|---|---|---
 4 | X | 0 | X | X | X | X | X |   | 4 
---|---|---|---|---|---|---|---|---|---
 5 | X |   | 0 | 0 | 0 |   |   |   | 5 
---|---|---|---|---|---|---|---|---|---
 6 | X |   |   | 0 | 0 | 0 |   |   | 6 
---|---|---|---|---|---|---|---|---|---
 7 |   |   |   |   |   |   |   |   | 7 
---|---|---|---|---|---|---|---|---|---
 8 |   |   |   |   |   |   |   |   | 8 
---|---|---|---|---|---|---|---|---|---
   | 1 | 2 | 3 | 4 | 5 | 6 | 7 | 8 |

It took 6 seconds to make this move...


White to move
WEEEEEXXXEEEEEEXOEEOOOXXXXOXXXXXEXEOOOEEEXEEOOOEEEEEEEEEEEEEEEEEE
(2,6)
   | 1 | 2 | 3 | 4 | 5 | 6 | 7 | 8 |
---|---|---|---|---|---|---|---|---|---
 1 |   |   |   |   |   | X | X | X | 1 
---|---|---|---|---|---|---|---|---|---
 2 |   |   |   |   |   | 0 | 0 | 0 | 2 
---|---|---|---|---|---|---|---|---|---
 3 |   |   | 0 | 0 | 0 | X | X | X | 3 
---|---|---|---|---|---|---|---|---|---
 4 | X | 0 | X | X | X | X | X |   | 4 
---|---|---|---|---|---|---|---|---|---
 5 | X |   | 0 | 0 | 0 |   |   |   | 5 
---|---|---|---|---|---|---|---|---|---
 6 | X |   |   | 0 | 0 | 0 |   |   | 6 
---|---|---|---|---|---|---|---|---|---
 7 |   |   |   |   |   |   |   |   | 7 
---|---|---|---|---|---|---|---|---|---
 8 |   |   |   |   |   |   |   |   | 8 
---|---|---|---|---|---|---|---|---|---
   | 1 | 2 | 3 | 4 | 5 | 6 | 7 | 8 |

It took 0 seconds to make this move...


Black to move
BEEEEEXXXEEEEEOOOEEOOOXXXXOXXXXXEXEOOOEEEXEEOOOEEEEEEEEEEEEEEEEEE
(2,4) Depth reached: 6, Nodes searched: 34009
   | 1 | 2 | 3 | 4 | 5 | 6 | 7 | 8 |
---|---|---|---|---|---|---|---|---|---
 1 |   |   |   |   |   | X | X | X | 1 
---|---|---|---|---|---|---|---|---|---
 2 |   |   |   | X |   | 0 | 0 | 0 | 2 
---|---|---|---|---|---|---|---|---|---
 3 |   |   | X | X | X | X | X | X | 3 
---|---|---|---|---|---|---|---|---|---
 4 | X | X | X | X | X | X | X |   | 4 
---|---|---|---|---|---|---|---|---|---
 5 | X |   | 0 | 0 | 0 |   |   |   | 5 
---|---|---|---|---|---|---|---|---|---
 6 | X |   |   | 0 | 0 | 0 |   |   | 6 
---|---|---|---|---|---|---|---|---|---
 7 |   |   |   |   |   |   |   |   | 7 
---|---|---|---|---|---|---|---|---|---
 8 |   |   |   |   |   |   |   |   | 8 
---|---|---|---|---|---|---|---|---|---
   | 1 | 2 | 3 | 4 | 5 | 6 | 7 | 8 |

It took 7 seconds to make this move...


White to move
WEEEEEXXXEEEXEOOOEEXXXXXXXXXXXXXEXEOOOEEEXEEOOOEEEEEEEEEEEEEEEEEE
(2,3)
   | 1 | 2 | 3 | 4 | 5 | 6 | 7 | 8 |
---|---|---|---|---|---|---|---|---|---
 1 |   |   |   |   |   | X | X | X | 1 
---|---|---|---|---|---|---|---|---|---
 2 |   |   | 0 | X |   | 0 | 0 | 0 | 2 
---|---|---|---|---|---|---|---|---|---
 3 |   |   | 0 | X | X | X | X | X | 3 
---|---|---|---|---|---|---|---|---|---
 4 | X | X | 0 | X | X | X | X |   | 4 
---|---|---|---|---|---|---|---|---|---
 5 | X |   | 0 | 0 | 0 |   |   |   | 5 
---|---|---|---|---|---|---|---|---|---
 6 | X |   |   | 0 | 0 | 0 |   |   | 6 
---|---|---|---|---|---|---|---|---|---
 7 |   |   |   |   |   |   |   |   | 7 
---|---|---|---|---|---|---|---|---|---
 8 |   |   |   |   |   |   |   |   | 8 
---|---|---|---|---|---|---|---|---|---
   | 1 | 2 | 3 | 4 | 5 | 6 | 7 | 8 |

It took 0 seconds to make this move...


Black to move
BEEEEEXXXEEOXEOOOEEOXXXXXXXOXXXXEXEOOOEEEXEEOOOEEEEEEEEEEEEEEEEEE
(1,5) Depth reached: 6, Nodes searched: 38861
   | 1 | 2 | 3 | 4 | 5 | 6 | 7 | 8 |
---|---|---|---|---|---|---|---|---|---
 1 |   |   |   |   | X | X | X | X | 1 
---|---|---|---|---|---|---|---|---|---
 2 |   |   | 0 | X |   | X | 0 | 0 | 2 
---|---|---|---|---|---|---|---|---|---
 3 |   |   | 0 | X | X | X | X | X | 3 
---|---|---|---|---|---|---|---|---|---
 4 | X | X | 0 | X | X | X | X |   | 4 
---|---|---|---|---|---|---|---|---|---
 5 | X |   | 0 | 0 | 0 |   |   |   | 5 
---|---|---|---|---|---|---|---|---|---
 6 | X |   |   | 0 | 0 | 0 |   |   | 6 
---|---|---|---|---|---|---|---|---|---
 7 |   |   |   |   |   |   |   |   | 7 
---|---|---|---|---|---|---|---|---|---
 8 |   |   |   |   |   |   |   |   | 8 
---|---|---|---|---|---|---|---|---|---
   | 1 | 2 | 3 | 4 | 5 | 6 | 7 | 8 |

It took 7 seconds to make this move...


White to move
WEEEEXXXXEEOXEXOOEEOXXXXXXXOXXXXEXEOOOEEEXEEOOOEEEEEEEEEEEEEEEEEE
(1,4)
   | 1 | 2 | 3 | 4 | 5 | 6 | 7 | 8 |
---|---|---|---|---|---|---|---|---|---
 1 |   |   |   | 0 | X | X | X | X | 1 
---|---|---|---|---|---|---|---|---|---
 2 |   |   | 0 | 0 |   | X | 0 | 0 | 2 
---|---|---|---|---|---|---|---|---|---
 3 |   |   | 0 | 0 | X | X | X | X | 3 
---|---|---|---|---|---|---|---|---|---
 4 | X | X | 0 | 0 | X | X | X |   | 4 
---|---|---|---|---|---|---|---|---|---
 5 | X |   | 0 | 0 | 0 |   |   |   | 5 
---|---|---|---|---|---|---|---|---|---
 6 | X |   |   | 0 | 0 | 0 |   |   | 6 
---|---|---|---|---|---|---|---|---|---
 7 |   |   |   |   |   |   |   |   | 7 
---|---|---|---|---|---|---|---|---|---
 8 |   |   |   |   |   |   |   |   | 8 
---|---|---|---|---|---|---|---|---|---
   | 1 | 2 | 3 | 4 | 5 | 6 | 7 | 8 |

It took 0 seconds to make this move...


Black to move
BEEEOXXXXEEOOEXOOEEOOXXXXXXOOXXXEXEOOOEEEXEEOOOEEEEEEEEEEEEEEEEEE
(6,3) Depth reached: 7, Nodes searched: 9156
   | 1 | 2 | 3 | 4 | 5 | 6 | 7 | 8 |
---|---|---|---|---|---|---|---|---|---
 1 |   |   |   | 0 | X | X | X | X | 1 
---|---|---|---|---|---|---|---|---|---
 2 |   |   | 0 | 0 |   | X | 0 | 0 | 2 
---|---|---|---|---|---|---|---|---|---
 3 |   |   | 0 | 0 | X | X | X | X | 3 
---|---|---|---|---|---|---|---|---|---
 4 | X | X | 0 | 0 | X | X | X |   | 4 
---|---|---|---|---|---|---|---|---|---
 5 | X |   | 0 | X | 0 |   |   |   | 5 
---|---|---|---|---|---|---|---|---|---
 6 | X |   | X | 0 | 0 | 0 |   |   | 6 
---|---|---|---|---|---|---|---|---|---
 7 |   |   |   |   |   |   |   |   | 7 
---|---|---|---|---|---|---|---|---|---
 8 |   |   |   |   |   |   |   |   | 8 
---|---|---|---|---|---|---|---|---|---
   | 1 | 2 | 3 | 4 | 5 | 6 | 7 | 8 |

It took 6 seconds to make this move...


White to move
WEEEOXXXXEEOOEXOOEEOOXXXXXXOOXXXEXEOXOEEEXEXOOOEEEEEEEEEEEEEEEEEE
(3,1)
   | 1 | 2 | 3 | 4 | 5 | 6 | 7 | 8 |
---|---|---|---|---|---|---|---|---|---
 1 |   |   |   | 0 | X | X | X | X | 1 
---|---|---|---|---|---|---|---|---|---
 2 |   |   | 0 | 0 |   | X | 0 | 0 | 2 
---|---|---|---|---|---|---|---|---|---
 3 | 0 |   | 0 | 0 | X | X | X | X | 3 
---|---|---|---|---|---|---|---|---|---
 4 | X | 0 | 0 | 0 | X | X | X |   | 4 
---|---|---|---|---|---|---|---|---|---
 5 | X |   | 0 | X | 0 |   |   |   | 5 
---|---|---|---|---|---|---|---|---|---
 6 | X |   | X | 0 | 0 | 0 |   |   | 6 
---|---|---|---|---|---|---|---|---|---
 7 |   |   |   |   |   |   |   |   | 7 
---|---|---|---|---|---|---|---|---|---
 8 |   |   |   |   |   |   |   |   | 8 
---|---|---|---|---|---|---|---|---|---
   | 1 | 2 | 3 | 4 | 5 | 6 | 7 | 8 |

It took 1 seconds to make this move...


Black to move
BEEEOXXXXEEOOEXOOOEOOXXXXXOOOXXXEXEOXOEEEXEXOOOEEEEEEEEEEEEEEEEEE
(1,3) Depth reached: 6, Nodes searched: 38093
   | 1 | 2 | 3 | 4 | 5 | 6 | 7 | 8 |
---|---|---|---|---|---|---|---|---|---
 1 |   |   | X | X | X | X | X | X | 1 
---|---|---|---|---|---|---|---|---|---
 2 |   |   | X | X |   | X | 0 | 0 | 2 
---|---|---|---|---|---|---|---|---|---
 3 | 0 |   | X | 0 | X | X | X | X | 3 
---|---|---|---|---|---|---|---|---|---
 4 | X | 0 | X | 0 | X | X | X |   | 4 
---|---|---|---|---|---|---|---|---|---
 5 | X |   | X | X | 0 |   |   |   | 5 
---|---|---|---|---|---|---|---|---|---
 6 | X |   | X | 0 | 0 | 0 |   |   | 6 
---|---|---|---|---|---|---|---|---|---
 7 |   |   |   |   |   |   |   |   | 7 
---|---|---|---|---|---|---|---|---|---
 8 |   |   |   |   |   |   |   |   | 8 
---|---|---|---|---|---|---|---|---|---
   | 1 | 2 | 3 | 4 | 5 | 6 | 7 | 8 |

It took 6 seconds to make this move...


White to move
WEEXXXXXXEEXXEXOOOEXOXXXXXOXOXXXEXEXXOEEEXEXOOOEEEEEEEEEEEEEEEEEE
(7,1)
   | 1 | 2 | 3 | 4 | 5 | 6 | 7 | 8 |
---|---|---|---|---|---|---|---|---|---
 1 |   |   | X | X | X | X | X | X | 1 
---|---|---|---|---|---|---|---|---|---
 2 |   |   | X | X |   | X | 0 | 0 | 2 
---|---|---|---|---|---|---|---|---|---
 3 | 0 |   | X | 0 | X | X | X | X | 3 
---|---|---|---|---|---|---|---|---|---
 4 | 0 | 0 | X | 0 | X | X | X |   | 4 
---|---|---|---|---|---|---|---|---|---
 5 | 0 |   | X | X | 0 |   |   |   | 5 
---|---|---|---|---|---|---|---|---|---
 6 | 0 |   | X | 0 | 0 | 0 |   |   | 6 
---|---|---|---|---|---|---|---|---|---
 7 | 0 |   |   |   |   |   |   |   | 7 
---|---|---|---|---|---|---|---|---|---
 8 |   |   |   |   |   |   |   |   | 8 
---|---|---|---|---|---|---|---|---|---
   | 1 | 2 | 3 | 4 | 5 | 6 | 7 | 8 |

It took 0 seconds to make this move...


Black to move
BEEXXXXXXEEXXEXOOOEXOXXXXOOXOXXXEOEXXOEEEOEXOOOEEOEEEEEEEEEEEEEEE
(5,6) Depth reached: 7, Nodes searched: 9065
   | 1 | 2 | 3 | 4 | 5 | 6 | 7 | 8 |
---|---|---|---|---|---|---|---|---|---
 1 |   |   | X | X | X | X | X | X | 1 
---|---|---|---|---|---|---|---|---|---
 2 |   |   | X | X |   | X | 0 | 0 | 2 
---|---|---|---|---|---|---|---|---|---
 3 | 0 |   | X | 0 | X | X | X | X | 3 
---|---|---|---|---|---|---|---|---|---
 4 | 0 | 0 | X | 0 | X | X | X |   | 4 
---|---|---|---|---|---|---|---|---|---
 5 | 0 |   | X | X | X | X |   |   | 5 
---|---|---|---|---|---|---|---|---|---
 6 | 0 |   | X | 0 | 0 | 0 |   |   | 6 
---|---|---|---|---|---|---|---|---|---
 7 | 0 |   |   |   |   |   |   |   | 7 
---|---|---|---|---|---|---|---|---|---
 8 |   |   |   |   |   |   |   |   | 8 
---|---|---|---|---|---|---|---|---|---
   | 1 | 2 | 3 | 4 | 5 | 6 | 7 | 8 |

It took 7 seconds to make this move...


White to move
WEEXXXXXXEEXXEXOOOEXOXXXXOOXOXXXEOEXXXXEEOEXOOOEEOEEEEEEEEEEEEEEE
(2,5)
   | 1 | 2 | 3 | 4 | 5 | 6 | 7 | 8 |
---|---|---|---|---|---|---|---|---|---
 1 |   |   | X | X | X | X | X | X | 1 
---|---|---|---|---|---|---|---|---|---
 2 |   |   | X | X | 0 | 0 | 0 | 0 | 2 
---|---|---|---|---|---|---|---|---|---
 3 | 0 |   | X | 0 | 0 | X | X | X | 3 
---|---|---|---|---|---|---|---|---|---
 4 | 0 | 0 | X | 0 | 0 | X | X |   | 4 
---|---|---|---|---|---|---|---|---|---
 5 | 0 |   | X | X | 0 | X |   |   | 5 
---|---|---|---|---|---|---|---|---|---
 6 | 0 |   | X | 0 | 0 | 0 |   |   | 6 
---|---|---|---|---|---|---|---|---|---
 7 | 0 |   |   |   |   |   |   |   | 7 
---|---|---|---|---|---|---|---|---|---
 8 |   |   |   |   |   |   |   |   | 8 
---|---|---|---|---|---|---|---|---|---
   | 1 | 2 | 3 | 4 | 5 | 6 | 7 | 8 |

It took 0 seconds to make this move...


Black to move
BEEXXXXXXEEXXOOOOOEXOOXXXOOXOOXXEOEXXOXEEOEXOOOEEOEEEEEEEEEEEEEEE
(7,3) Depth reached: 7, Nodes searched: 19625
   | 1 | 2 | 3 | 4 | 5 | 6 | 7 | 8 |
---|---|---|---|---|---|---|---|---|---
 1 |   |   | X | X | X | X | X | X | 1 
---|---|---|---|---|---|---|---|---|---
 2 |   |   | X | X | 0 | 0 | 0 | 0 | 2 
---|---|---|---|---|---|---|---|---|---
 3 | 0 |   | X | 0 | 0 | X | X | X | 3 
---|---|---|---|---|---|---|---|---|---
 4 | 0 | 0 | X | 0 | 0 | X | X |   | 4 
---|---|---|---|---|---|---|---|---|---
 5 | 0 |   | X | X | X | X |   |   | 5 
---|---|---|---|---|---|---|---|---|---
 6 | 0 |   | X | X | 0 | 0 |   |   | 6 
---|---|---|---|---|---|---|---|---|---
 7 | 0 |   | X |   |   |   |   |   | 7 
---|---|---|---|---|---|---|---|---|---
 8 |   |   |   |   |   |   |   |   | 8 
---|---|---|---|---|---|---|---|---|---
   | 1 | 2 | 3 | 4 | 5 | 6 | 7 | 8 |

It took 7 seconds to make this move...


White to move
WEEXXXXXXEEXXOOOOOEXOOXXXOOXOOXXEOEXXXXEEOEXXOOEEOEXEEEEEEEEEEEEE
(5,8)
   | 1 | 2 | 3 | 4 | 5 | 6 | 7 | 8 |
---|---|---|---|---|---|---|---|---|---
 1 |   |   | X | X | X | X | X | X | 1 
---|---|---|---|---|---|---|---|---|---
 2 |   |   | X | X | 0 | 0 | 0 | 0 | 2 
---|---|---|---|---|---|---|---|---|---
 3 | 0 |   | X | 0 | 0 | 0 | X | X | 3 
---|---|---|---|---|---|---|---|---|---
 4 | 0 | 0 | X | 0 | 0 | X | 0 |   | 4 
---|---|---|---|---|---|---|---|---|---
 5 | 0 |   | X | X | X | X |   | 0 | 5 
---|---|---|---|---|---|---|---|---|---
 6 | 0 |   | X | X | 0 | 0 |   |   | 6 
---|---|---|---|---|---|---|---|---|---
 7 | 0 |   | X |   |   |   |   |   | 7 
---|---|---|---|---|---|---|---|---|---
 8 |   |   |   |   |   |   |   |   | 8 
---|---|---|---|---|---|---|---|---|---
   | 1 | 2 | 3 | 4 | 5 | 6 | 7 | 8 |

It took 0 seconds to make this move...


Black to move
BEEXXXXXXEEXXOOOOOEXOOOXXOOXOOXOEOEXXXXEOOEXXOOEEOEXEEEEEEEEEEEEE
(4,8) Depth reached: 7, Nodes searched: 35797
   | 1 | 2 | 3 | 4 | 5 | 6 | 7 | 8 |
---|---|---|---|---|---|---|---|---|---
 1 |   |   | X | X | X | X | X | X | 1 
---|---|---|---|---|---|---|---|---|---
 2 |   |   | X | X | 0 | 0 | 0 | 0 | 2 
---|---|---|---|---|---|---|---|---|---
 3 | 0 |   | X | 0 | 0 | 0 | X | X | 3 
---|---|---|---|---|---|---|---|---|---
 4 | 0 | 0 | X | 0 | 0 | X | X | X | 4 
---|---|---|---|---|---|---|---|---|---
 5 | 0 |   | X | X | X | X |   | 0 | 5 
---|---|---|---|---|---|---|---|---|---
 6 | 0 |   | X | X | 0 | 0 |   |   | 6 
---|---|---|---|---|---|---|---|---|---
 7 | 0 |   | X |   |   |   |   |   | 7 
---|---|---|---|---|---|---|---|---|---
 8 |   |   |   |   |   |   |   |   | 8 
---|---|---|---|---|---|---|---|---|---
   | 1 | 2 | 3 | 4 | 5 | 6 | 7 | 8 |

It took 6 seconds to make this move...


White to move
WEEXXXXXXEEXXOOOOOEXOOOXXOOXOOXXXOEXXXXEOOEXXOOEEOEXEEEEEEEEEEEEE
(1,2)
   | 1 | 2 | 3 | 4 | 5 | 6 | 7 | 8 |
---|---|---|---|---|---|---|---|---|---
 1 |   | 0 | X | X | X | X | X | X | 1 
---|---|---|---|---|---|---|---|---|---
 2 |   |   | 0 | X | 0 | 0 | 0 | 0 | 2 
---|---|---|---|---|---|---|---|---|---
 3 | 0 |   | X | 0 | 0 | 0 | X | X | 3 
---|---|---|---|---|---|---|---|---|---
 4 | 0 | 0 | X | 0 | 0 | X | X | X | 4 
---|---|---|---|---|---|---|---|---|---
 5 | 0 |   | X | X | X | X |   | 0 | 5 
---|---|---|---|---|---|---|---|---|---
 6 | 0 |   | X | X | 0 | 0 |   |   | 6 
---|---|---|---|---|---|---|---|---|---
 7 | 0 |   | X |   |   |   |   |   | 7 
---|---|---|---|---|---|---|---|---|---
 8 |   |   |   |   |   |   |   |   | 8 
---|---|---|---|---|---|---|---|---|---
   | 1 | 2 | 3 | 4 | 5 | 6 | 7 | 8 |

It took 0 seconds to make this move...


Black to move
BEOXXXXXXEEOXOOOOOEXOOOXXOOXOOXXXOEXXXXEOOEXXOOEEOEXEEEEEEEEEEEEE
(1,1) Depth reached: 6, Nodes searched: 55695
   | 1 | 2 | 3 | 4 | 5 | 6 | 7 | 8 |
---|---|---|---|---|---|---|---|---|---
 1 | X | X | X | X | X | X | X | X | 1 
---|---|---|---|---|---|---|---|---|---
 2 |   |   | 0 | X | 0 | 0 | 0 | 0 | 2 
---|---|---|---|---|---|---|---|---|---
 3 | 0 |   | X | 0 | 0 | 0 | X | X | 3 
---|---|---|---|---|---|---|---|---|---
 4 | 0 | 0 | X | 0 | 0 | X | X | X | 4 
---|---|---|---|---|---|---|---|---|---
 5 | 0 |   | X | X | X | X |   | 0 | 5 
---|---|---|---|---|---|---|---|---|---
 6 | 0 |   | X | X | 0 | 0 |   |   | 6 
---|---|---|---|---|---|---|---|---|---
 7 | 0 |   | X |   |   |   |   |   | 7 
---|---|---|---|---|---|---|---|---|---
 8 |   |   |   |   |   |   |   |   | 8 
---|---|---|---|---|---|---|---|---|---
   | 1 | 2 | 3 | 4 | 5 | 6 | 7 | 8 |

It took 6 seconds to make this move...


White to move
WXXXXXXXXEEOXOOOOOEXOOOXXOOXOOXXXOEXXXXEOOEXXOOEEOEXEEEEEEEEEEEEE
(6,2)
   | 1 | 2 | 3 | 4 | 5 | 6 | 7 | 8 |
---|---|---|---|---|---|---|---|---|---
 1 | X | X | X | X | X | X | X | X | 1 
---|---|---|---|---|---|---|---|---|---
 2 |   |   | 0 | X | 0 | 0 | 0 | 0 | 2 
---|---|---|---|---|---|---|---|---|---
 3 | 0 |   | X | 0 | 0 | 0 | X | X | 3 
---|---|---|---|---|---|---|---|---|---
 4 | 0 | 0 | X | 0 | 0 | X | X | X | 4 
---|---|---|---|---|---|---|---|---|---
 5 | 0 |   | 0 | X | X | X |   | 0 | 5 
---|---|---|---|---|---|---|---|---|---
 6 | 0 | 0 | 0 | 0 | 0 | 0 |   |   | 6 
---|---|---|---|---|---|---|---|---|---
 7 | 0 |   | X |   |   |   |   |   | 7 
---|---|---|---|---|---|---|---|---|---
 8 |   |   |   |   |   |   |   |   | 8 
---|---|---|---|---|---|---|---|---|---
   | 1 | 2 | 3 | 4 | 5 | 6 | 7 | 8 |

It took 1 seconds to make this move...


Black to move
BXXXXXXXXEEOXOOOOOEXOOOXXOOXOOXXXOEOXXXEOOOOOOOEEOEXEEEEEEEEEEEEE
(6,8) Depth reached: 7, Nodes searched: 37478
   | 1 | 2 | 3 | 4 | 5 | 6 | 7 | 8 |
---|---|---|---|---|---|---|---|---|---
 1 | X | X | X | X | X | X | X | X | 1 
---|---|---|---|---|---|---|---|---|---
 2 |   |   | 0 | X | 0 | 0 | 0 | 0 | 2 
---|---|---|---|---|---|---|---|---|---
 3 | 0 |   | X | 0 | 0 | 0 | X | X | 3 
---|---|---|---|---|---|---|---|---|---
 4 | 0 | 0 | X | 0 | 0 | X | X | X | 4 
---|---|---|---|---|---|---|---|---|---
 5 | 0 |   | 0 | X | X | X |   | X | 5 
---|---|---|---|---|---|---|---|---|---
 6 | 0 | 0 | 0 | 0 | 0 | 0 |   | X | 6 
---|---|---|---|---|---|---|---|---|---
 7 | 0 |   | X |   |   |   |   |   | 7 
---|---|---|---|---|---|---|---|---|---
 8 |   |   |   |   |   |   |   |   | 8 
---|---|---|---|---|---|---|---|---|---
   | 1 | 2 | 3 | 4 | 5 | 6 | 7 | 8 |

It took 6 seconds to make this move...


White to move
WXXXXXXXXEEOXOOOOOEXOOOXXOOXOOXXXOEOXXXEXOOOOOOEXOEXEEEEEEEEEEEEE
(5,2)
   | 1 | 2 | 3 | 4 | 5 | 6 | 7 | 8 |
---|---|---|---|---|---|---|---|---|---
 1 | X | X | X | X | X | X | X | X | 1 
---|---|---|---|---|---|---|---|---|---
 2 |   |   | 0 | X | 0 | 0 | 0 | 0 | 2 
---|---|---|---|---|---|---|---|---|---
 3 | 0 |   | X | 0 | 0 | 0 | X | X | 3 
---|---|---|---|---|---|---|---|---|---
 4 | 0 | 0 | 0 | 0 | 0 | X | X | X | 4 
---|---|---|---|---|---|---|---|---|---
 5 | 0 | 0 | 0 | X | X | X |   | X | 5 
---|---|---|---|---|---|---|---|---|---
 6 | 0 | 0 | 0 | 0 | 0 | 0 |   | X | 6 
---|---|---|---|---|---|---|---|---|---
 7 | 0 |   | X |   |   |   |   |   | 7 
---|---|---|---|---|---|---|---|---|---
 8 |   |   |   |   |   |   |   |   | 8 
---|---|---|---|---|---|---|---|---|---
   | 1 | 2 | 3 | 4 | 5 | 6 | 7 | 8 |

It took 0 seconds to make this move...


Black to move
BXXXXXXXXEEOXOOOOOEXOOOXXOOOOOXXXOOOXXXEXOOOOOOEXOEXEEEEEEEEEEEEE
(2,2) Depth reached: 8, Nodes searched: 10788
   | 1 | 2 | 3 | 4 | 5 | 6 | 7 | 8 |
---|---|---|---|---|---|---|---|---|---
 1 | X | X | X | X | X | X | X | X | 1 
---|---|---|---|---|---|---|---|---|---
 2 |   | X | X | X | 0 | 0 | 0 | 0 | 2 
---|---|---|---|---|---|---|---|---|---
 3 | 0 |   | X | 0 | 0 | 0 | X | X | 3 
---|---|---|---|---|---|---|---|---|---
 4 | 0 | 0 | 0 | 0 | 0 | X | X | X | 4 
---|---|---|---|---|---|---|---|---|---
 5 | 0 | 0 | 0 | X | X | X |   | X | 5 
---|---|---|---|---|---|---|---|---|---
 6 | 0 | 0 | 0 | 0 | 0 | 0 |   | X | 6 
---|---|---|---|---|---|---|---|---|---
 7 | 0 |   | X |   |   |   |   |   | 7 
---|---|---|---|---|---|---|---|---|---
 8 |   |   |   |   |   |   |   |   | 8 
---|---|---|---|---|---|---|---|---|---
   | 1 | 2 | 3 | 4 | 5 | 6 | 7 | 8 |

It took 7 seconds to make this move...


White to move
WXXXXXXXXEXXXOOOOOEXOOOXXOOOOOXXXOOOXXXEXOOOOOOEXOEXEEEEEEEEEEEEE
(6,7)
   | 1 | 2 | 3 | 4 | 5 | 6 | 7 | 8 |
---|---|---|---|---|---|---|---|---|---
 1 | X | X | X | X | X | X | X | X | 1 
---|---|---|---|---|---|---|---|---|---
 2 |   | X | X | X | 0 | 0 | 0 | 0 | 2 
---|---|---|---|---|---|---|---|---|---
 3 | 0 |   | X | 0 | 0 | 0 | X | X | 3 
---|---|---|---|---|---|---|---|---|---
 4 | 0 | 0 | 0 | 0 | 0 | X | X | X | 4 
---|---|---|---|---|---|---|---|---|---
 5 | 0 | 0 | 0 | X | X | 0 |   | X | 5 
---|---|---|---|---|---|---|---|---|---
 6 | 0 | 0 | 0 | 0 | 0 | 0 | 0 | X | 6 
---|---|---|---|---|---|---|---|---|---
 7 | 0 |   | X |   |   |   |   |   | 7 
---|---|---|---|---|---|---|---|---|---
 8 |   |   |   |   |   |   |   |   | 8 
---|---|---|---|---|---|---|---|---|---
   | 1 | 2 | 3 | 4 | 5 | 6 | 7 | 8 |

It took 0 seconds to make this move...


Black to move
BXXXXXXXXEXXXOOOOOEXOOOXXOOOOOXXXOOOXXOEXOOOOOOOXOEXEEEEEEEEEEEEE
(5,7) Depth reached: 8, Nodes searched: 82443
   | 1 | 2 | 3 | 4 | 5 | 6 | 7 | 8 |
---|---|---|---|---|---|---|---|---|---
 1 | X | X | X | X | X | X | X | X | 1 
---|---|---|---|---|---|---|---|---|---
 2 |   | X | X | X | 0 | 0 | 0 | 0 | 2 
---|---|---|---|---|---|---|---|---|---
 3 | 0 |   | X | 0 | 0 | 0 | X | X | 3 
---|---|---|---|---|---|---|---|---|---
 4 | 0 | 0 | 0 | 0 | 0 | X | X | X | 4 
---|---|---|---|---|---|---|---|---|---
 5 | 0 | 0 | 0 | X | X | X | X | X | 5 
---|---|---|---|---|---|---|---|---|---
 6 | 0 | 0 | 0 | 0 | 0 | 0 | 0 | X | 6 
---|---|---|---|---|---|---|---|---|---
 7 | 0 |   | X |   |   |   |   |   | 7 
---|---|---|---|---|---|---|---|---|---
 8 |   |   |   |   |   |   |   |   | 8 
---|---|---|---|---|---|---|---|---|---
   | 1 | 2 | 3 | 4 | 5 | 6 | 7 | 8 |

It took 6 seconds to make this move...


White to move
WXXXXXXXXEXXXOOOOOEXOOOXXOOOOOXXXOOOXXXXXOOOOOOOXOEXEEEEEEEEEEEEE
(7,8)
   | 1 | 2 | 3 | 4 | 5 | 6 | 7 | 8 |
---|---|---|---|---|---|---|---|---|---
 1 | X | X | X | X | X | X | X | X | 1 
---|---|---|---|---|---|---|---|---|---
 2 |   | X | X | X | 0 | 0 | 0 | 0 | 2 
---|---|---|---|---|---|---|---|---|---
 3 | 0 |   | X | 0 | 0 | 0 | X | 0 | 3 
---|---|---|---|---|---|---|---|---|---
 4 | 0 | 0 | 0 | 0 | 0 | X | X | 0 | 4 
---|---|---|---|---|---|---|---|---|---
 5 | 0 | 0 | 0 | X | X | X | X | 0 | 5 
---|---|---|---|---|---|---|---|---|---
 6 | 0 | 0 | 0 | 0 | 0 | 0 | 0 | 0 | 6 
---|---|---|---|---|---|---|---|---|---
 7 | 0 |   | X |   |   |   |   | 0 | 7 
---|---|---|---|---|---|---|---|---|---
 8 |   |   |   |   |   |   |   |   | 8 
---|---|---|---|---|---|---|---|---|---
   | 1 | 2 | 3 | 4 | 5 | 6 | 7 | 8 |

It took 1 seconds to make this move...


Black to move
BXXXXXXXXEXXXOOOOOEXOOOXOOOOOOXXOOOOXXXXOOOOOOOOOOEXEEEEOEEEEEEEE
(8,8) Depth reached: 10, Nodes searched: 2412
   | 1 | 2 | 3 | 4 | 5 | 6 | 7 | 8 |
---|---|---|---|---|---|---|---|---|---
 1 | X | X | X | X | X | X | X | X | 1 
---|---|---|---|---|---|---|---|---|---
 2 |   | X | X | X | 0 | 0 | 0 | X | 2 
---|---|---|---|---|---|---|---|---|---
 3 | 0 |   | X | 0 | 0 | 0 | X | X | 3 
---|---|---|---|---|---|---|---|---|---
 4 | 0 | 0 | 0 | 0 | 0 | X | X | X | 4 
---|---|---|---|---|---|---|---|---|---
 5 | 0 | 0 | 0 | X | X | X | X | X | 5 
---|---|---|---|---|---|---|---|---|---
 6 | 0 | 0 | 0 | 0 | 0 | 0 | 0 | X | 6 
---|---|---|---|---|---|---|---|---|---
 7 | 0 |   | X |   |   |   |   | X | 7 
---|---|---|---|---|---|---|---|---|---
 8 |   |   |   |   |   |   |   | X | 8 
---|---|---|---|---|---|---|---|---|---
   | 1 | 2 | 3 | 4 | 5 | 6 | 7 | 8 |

It took 6 seconds to make this move...


White to move
WXXXXXXXXEXXXOOOXOEXOOOXXOOOOOXXXOOOXXXXXOOOOOOOXOEXEEEEXEEEEEEEX
(2,1)
   | 1 | 2 | 3 | 4 | 5 | 6 | 7 | 8 |
---|---|---|---|---|---|---|---|---|---
 1 | X | X | X | X | X | X | X | X | 1 
---|---|---|---|---|---|---|---|---|---
 2 | 0 | 0 | 0 | 0 | 0 | 0 | 0 | X | 2 
---|---|---|---|---|---|---|---|---|---
 3 | 0 |   | X | 0 | 0 | 0 | X | X | 3 
---|---|---|---|---|---|---|---|---|---
 4 | 0 | 0 | 0 | 0 | 0 | X | X | X | 4 
---|---|---|---|---|---|---|---|---|---
 5 | 0 | 0 | 0 | X | X | X | X | X | 5 
---|---|---|---|---|---|---|---|---|---
 6 | 0 | 0 | 0 | 0 | 0 | 0 | 0 | X | 6 
---|---|---|---|---|---|---|---|---|---
 7 | 0 |   | X |   |   |   |   | X | 7 
---|---|---|---|---|---|---|---|---|---
 8 |   |   |   |   |   |   |   | X | 8 
---|---|---|---|---|---|---|---|---|---
   | 1 | 2 | 3 | 4 | 5 | 6 | 7 | 8 |

It took 0 seconds to make this move...


Black to move
BXXXXXXXXOOOOOOOXOEXOOOXXOOOOOXXXOOOXXXXXOOOOOOOXOEXEEEEXEEEEEEEX
(3,2) Depth reached: 10, Nodes searched: 38839
   | 1 | 2 | 3 | 4 | 5 | 6 | 7 | 8 |
---|---|---|---|---|---|---|---|---|---
 1 | X | X | X | X | X | X | X | X | 1 
---|---|---|---|---|---|---|---|---|---
 2 | 0 | X | X | 0 | 0 | 0 | 0 | X | 2 
---|---|---|---|---|---|---|---|---|---
 3 | 0 | X | X | 0 | 0 | 0 | X | X | 3 
---|---|---|---|---|---|---|---|---|---
 4 | 0 | 0 | X | 0 | 0 | X | X | X | 4 
---|---|---|---|---|---|---|---|---|---
 5 | 0 | 0 | 0 | X | X | X | X | X | 5 
---|---|---|---|---|---|---|---|---|---
 6 | 0 | 0 | 0 | 0 | 0 | 0 | 0 | X | 6 
---|---|---|---|---|---|---|---|---|---
 7 | 0 |   | X |   |   |   |   | X | 7 
---|---|---|---|---|---|---|---|---|---
 8 |   |   |   |   |   |   |   | X | 8 
---|---|---|---|---|---|---|---|---|---
   | 1 | 2 | 3 | 4 | 5 | 6 | 7 | 8 |

It took 7 seconds to make this move...


White to move
WXXXXXXXXOXXOOOOXOXXOOOXXOOXOOXXXOOOXXXXXOOOOOOOXOEXEEEEXEEEEEEEX
(8,3)
   | 1 | 2 | 3 | 4 | 5 | 6 | 7 | 8 |
---|---|---|---|---|---|---|---|---|---
 1 | X | X | X | X | X | X | X | X | 1 
---|---|---|---|---|---|---|---|---|---
 2 | 0 | X | X | 0 | 0 | 0 | 0 | X | 2 
---|---|---|---|---|---|---|---|---|---
 3 | 0 | X | X | 0 | 0 | 0 | X | X | 3 
---|---|---|---|---|---|---|---|---|---
 4 | 0 | 0 | X | 0 | 0 | X | X | X | 4 
---|---|---|---|---|---|---|---|---|---
 5 | 0 | 0 | 0 | X | X | X | X | X | 5 
---|---|---|---|---|---|---|---|---|---
 6 | 0 | 0 | 0 | 0 | 0 | 0 | 0 | X | 6 
---|---|---|---|---|---|---|---|---|---
 7 | 0 |   | 0 |   |   |   |   | X | 7 
---|---|---|---|---|---|---|---|---|---
 8 |   |   | 0 |   |   |   |   | X | 8 
---|---|---|---|---|---|---|---|---|---
   | 1 | 2 | 3 | 4 | 5 | 6 | 7 | 8 |

It took 0 seconds to make this move...


Black to move
BXXXXXXXXOXXOOOOXOXXOOOXXOOXOOXXXOOOXXXXXOOOOOOOXOEOEEEEXEEOEEEEX
(7,5) Depth reached: 11, Nodes searched: 25375
   | 1 | 2 | 3 | 4 | 5 | 6 | 7 | 8 |
---|---|---|---|---|---|---|---|---|---
 1 | X | X | X | X | X | X | X | X | 1 
---|---|---|---|---|---|---|---|---|---
 2 | 0 | X | X | 0 | 0 | 0 | 0 | X | 2 
---|---|---|---|---|---|---|---|---|---
 3 | 0 | X | X | 0 | 0 | 0 | X | X | 3 
---|---|---|---|---|---|---|---|---|---
 4 | 0 | 0 | X | 0 | 0 | X | X | X | 4 
---|---|---|---|---|---|---|---|---|---
 5 | 0 | 0 | 0 | X | X | X | X | X | 5 
---|---|---|---|---|---|---|---|---|---
 6 | 0 | 0 | 0 | 0 | X | X | 0 | X | 6 
---|---|---|---|---|---|---|---|---|---
 7 | 0 |   | 0 |   | X |   |   | X | 7 
---|---|---|---|---|---|---|---|---|---
 8 |   |   | 0 |   |   |   |   | X | 8 
---|---|---|---|---|---|---|---|---|---
   | 1 | 2 | 3 | 4 | 5 | 6 | 7 | 8 |

It took 6 seconds to make this move...


White to move
WXXXXXXXXOXXOOOOXOXXOOOXXOOXOOXXXOOOXXXXXOOOOXXOXOEOEXEEXEEOEEEEX
(7,6)
   | 1 | 2 | 3 | 4 | 5 | 6 | 7 | 8 |
---|---|---|---|---|---|---|---|---|---
 1 | X | X | X | X | X | X | X | X | 1 
---|---|---|---|---|---|---|---|---|---
 2 | 0 | X | X | 0 | 0 | 0 | 0 | X | 2 
---|---|---|---|---|---|---|---|---|---
 3 | 0 | 0 | X | 0 | 0 | 0 | X | X | 3 
---|---|---|---|---|---|---|---|---|---
 4 | 0 | 0 | 0 | 0 | 0 | 0 | X | X | 4 
---|---|---|---|---|---|---|---|---|---
 5 | 0 | 0 | 0 | 0 | X | 0 | X | X | 5 
---|---|---|---|---|---|---|---|---|---
 6 | 0 | 0 | 0 | 0 | 0 | 0 | 0 | X | 6 
---|---|---|---|---|---|---|---|---|---
 7 | 0 |   | 0 |   | X | 0 |   | X | 7 
---|---|---|---|---|---|---|---|---|---
 8 |   |   | 0 |   |   |   |   | X | 8 
---|---|---|---|---|---|---|---|---|---
   | 1 | 2 | 3 | 4 | 5 | 6 | 7 | 8 |

It took 0 seconds to make this move...


Black to move
BXXXXXXXXOXXOOOOXOOXOOOXXOOOOOOXXOOOOXOXXOOOOOOOXOEOEXOEXEEOEEEEX
(8,6) Depth reached: 18, Nodes searched: 36439
   | 1 | 2 | 3 | 4 | 5 | 6 | 7 | 8 |
---|---|---|---|---|---|---|---|---|---
 1 | X | X | X | X | X | X | X | X | 1 
---|---|---|---|---|---|---|---|---|---
 2 | 0 | X | X | 0 | 0 | X | 0 | X | 2 
---|---|---|---|---|---|---|---|---|---
 3 | 0 | 0 | X | 0 | 0 | X | X | X | 3 
---|---|---|---|---|---|---|---|---|---
 4 | 0 | 0 | 0 | 0 | 0 | X | X | X | 4 
---|---|---|---|---|---|---|---|---|---
 5 | 0 | 0 | 0 | 0 | X | X | X | X | 5 
---|---|---|---|---|---|---|---|---|---
 6 | 0 | 0 | 0 | 0 | 0 | X | 0 | X | 6 
---|---|---|---|---|---|---|---|---|---
 7 | 0 |   | 0 |   | X | X |   | X | 7 
---|---|---|---|---|---|---|---|---|---
 8 |   |   | 0 |   |   | X |   | X | 8 
---|---|---|---|---|---|---|---|---|---
   | 1 | 2 | 3 | 4 | 5 | 6 | 7 | 8 |

It took 7 seconds to make this move...


White to move
WXXXXXXXXOXXOOXOXOOXOOXXXOOOOOXXXOOOOXXXXOOOOOXOXOEOEXXEXEEOEEXEX
(7,7)
   | 1 | 2 | 3 | 4 | 5 | 6 | 7 | 8 |
---|---|---|---|---|---|---|---|---|---
 1 | X | X | X | X | X | X | X | X | 1 
---|---|---|---|---|---|---|---|---|---
 2 | 0 | X | X | 0 | 0 | X | 0 | X | 2 
---|---|---|---|---|---|---|---|---|---
 3 | 0 | 0 | X | 0 | 0 | X | X | X | 3 
---|---|---|---|---|---|---|---|---|---
 4 | 0 | 0 | 0 | 0 | 0 | X | X | X | 4 
---|---|---|---|---|---|---|---|---|---
 5 | 0 | 0 | 0 | 0 | 0 | X | X | X | 5 
---|---|---|---|---|---|---|---|---|---
 6 | 0 | 0 | 0 | 0 | 0 | 0 | 0 | X | 6 
---|---|---|---|---|---|---|---|---|---
 7 | 0 |   | 0 |   | X | X | 0 | X | 7 
---|---|---|---|---|---|---|---|---|---
 8 |   |   | 0 |   |   | X |   | X | 8 
---|---|---|---|---|---|---|---|---|---
   | 1 | 2 | 3 | 4 | 5 | 6 | 7 | 8 |

It took 0 seconds to make this move...


Black to move
BXXXXXXXXOXXOOXOXOOXOOXXXOOOOOXXXOOOOOXXXOOOOOOOXOEOEXXOXEEOEEXEX
(8,7) Depth reached: 44, Nodes searched: 12237
   | 1 | 2 | 3 | 4 | 5 | 6 | 7 | 8 |
---|---|---|---|---|---|---|---|---|---
 1 | X | X | X | X | X | X | X | X | 1 
---|---|---|---|---|---|---|---|---|---
 2 | 0 | X | X | 0 | 0 | X | 0 | X | 2 
---|---|---|---|---|---|---|---|---|---
 3 | 0 | 0 | X | 0 | 0 | X | X | X | 3 
---|---|---|---|---|---|---|---|---|---
 4 | 0 | 0 | 0 | 0 | 0 | X | X | X | 4 
---|---|---|---|---|---|---|---|---|---
 5 | 0 | 0 | 0 | 0 | 0 | X | X | X | 5 
---|---|---|---|---|---|---|---|---|---
 6 | 0 | 0 | 0 | 0 | 0 | 0 | X | X | 6 
---|---|---|---|---|---|---|---|---|---
 7 | 0 |   | 0 |   | X | X | X | X | 7 
---|---|---|---|---|---|---|---|---|---
 8 |   |   | 0 |   |   | X | X | X | 8 
---|---|---|---|---|---|---|---|---|---
   | 1 | 2 | 3 | 4 | 5 | 6 | 7 | 8 |

It took 6 seconds to make this move...


White to move
WXXXXXXXXOXXOOXOXOOXOOXXXOOOOOXXXOOOOOXXXOOOOOOXXOEOEXXXXEEOEEXXX
(8,4)
   | 1 | 2 | 3 | 4 | 5 | 6 | 7 | 8 |
---|---|---|---|---|---|---|---|---|---
 1 | X | X | X | X | X | X | X | X | 1 
---|---|---|---|---|---|---|---|---|---
 2 | 0 | X | X | 0 | 0 | X | 0 | X | 2 
---|---|---|---|---|---|---|---|---|---
 3 | 0 | 0 | X | 0 | 0 | X | X | X | 3 
---|---|---|---|---|---|---|---|---|---
 4 | 0 | 0 | 0 | 0 | 0 | X | X | X | 4 
---|---|---|---|---|---|---|---|---|---
 5 | 0 | 0 | 0 | 0 | 0 | X | X | X | 5 
---|---|---|---|---|---|---|---|---|---
 6 | 0 | 0 | 0 | 0 | 0 | 0 | X | X | 6 
---|---|---|---|---|---|---|---|---|---
 7 | 0 |   | 0 |   | 0 | X | X | X | 7 
---|---|---|---|---|---|---|---|---|---
 8 |   |   | 0 | 0 |   | X | X | X | 8 
---|---|---|---|---|---|---|---|---|---
   | 1 | 2 | 3 | 4 | 5 | 6 | 7 | 8 |

It took 0 seconds to make this move...


Black to move
BXXXXXXXXOXXOOXOXOOXOOXXXOOOOOXXXOOOOOXXXOOOOOOXXOEOEOXXXEEOOEXXX
(8,2) Depth reached: 133, Nodes searched: 2531
   | 1 | 2 | 3 | 4 | 5 | 6 | 7 | 8 |
---|---|---|---|---|---|---|---|---|---
 1 | X | X | X | X | X | X | X | X | 1 
---|---|---|---|---|---|---|---|---|---
 2 | 0 | X | X | 0 | 0 | X | 0 | X | 2 
---|---|---|---|---|---|---|---|---|---
 3 | 0 | 0 | X | 0 | 0 | X | X | X | 3 
---|---|---|---|---|---|---|---|---|---
 4 | 0 | 0 | 0 | 0 | 0 | X | X | X | 4 
---|---|---|---|---|---|---|---|---|---
 5 | 0 | 0 | 0 | 0 | X | X | X | X | 5 
---|---|---|---|---|---|---|---|---|---
 6 | 0 | 0 | 0 | X | 0 | 0 | X | X | 6 
---|---|---|---|---|---|---|---|---|---
 7 | 0 |   | X |   | 0 | X | X | X | 7 
---|---|---|---|---|---|---|---|---|---
 8 |   | X | 0 | 0 |   | X | X | X | 8 
---|---|---|---|---|---|---|---|---|---
   | 1 | 2 | 3 | 4 | 5 | 6 | 7 | 8 |

It took 6 seconds to make this move...


White to move
WXXXXXXXXOXXOOXOXOOXOOXXXOOOOOXXXOOOOXXXXOOOXOOXXOEXEOXXXEXOOEXXX
(8,1)
   | 1 | 2 | 3 | 4 | 5 | 6 | 7 | 8 |
---|---|---|---|---|---|---|---|---|---
 1 | X | X | X | X | X | X | X | X | 1 
---|---|---|---|---|---|---|---|---|---
 2 | 0 | X | X | 0 | 0 | X | 0 | X | 2 
---|---|---|---|---|---|---|---|---|---
 3 | 0 | 0 | X | 0 | 0 | X | X | X | 3 
---|---|---|---|---|---|---|---|---|---
 4 | 0 | 0 | 0 | 0 | 0 | X | X | X | 4 
---|---|---|---|---|---|---|---|---|---
 5 | 0 | 0 | 0 | 0 | X | X | X | X | 5 
---|---|---|---|---|---|---|---|---|---
 6 | 0 | 0 | 0 | X | 0 | 0 | X | X | 6 
---|---|---|---|---|---|---|---|---|---
 7 | 0 |   | X |   | 0 | X | X | X | 7 
---|---|---|---|---|---|---|---|---|---
 8 | 0 | 0 | 0 | 0 |   | X | X | X | 8 
---|---|---|---|---|---|---|---|---|---
   | 1 | 2 | 3 | 4 | 5 | 6 | 7 | 8 |

It took 0 seconds to make this move...


Black to move
BXXXXXXXXOXXOOXOXOOXOOXXXOOOOOXXXOOOOXXXXOOOXOOXXOEXEOXXXOOOOEXXX
(8,5) Depth reached: 452, Nodes searched: 709
   | 1 | 2 | 3 | 4 | 5 | 6 | 7 | 8 |
---|---|---|---|---|---|---|---|---|---
 1 | X | X | X | X | X | X | X | X | 1 
---|---|---|---|---|---|---|---|---|---
 2 | 0 | X | X | 0 | 0 | X | 0 | X | 2 
---|---|---|---|---|---|---|---|---|---
 3 | 0 | 0 | X | 0 | 0 | X | X | X | 3 
---|---|---|---|---|---|---|---|---|---
 4 | 0 | 0 | 0 | 0 | 0 | X | X | X | 4 
---|---|---|---|---|---|---|---|---|---
 5 | 0 | 0 | 0 | 0 | X | X | X | X | 5 
---|---|---|---|---|---|---|---|---|---
 6 | 0 | 0 | 0 | X | X | 0 | X | X | 6 
---|---|---|---|---|---|---|---|---|---
 7 | 0 |   | X |   | X | X | X | X | 7 
---|---|---|---|---|---|---|---|---|---
 8 | 0 | 0 | 0 | 0 | X | X | X | X | 8 
---|---|---|---|---|---|---|---|---|---
   | 1 | 2 | 3 | 4 | 5 | 6 | 7 | 8 |

It took 7 seconds to make this move...


White to move
WXXXXXXXXOXXOOXOXOOXOOXXXOOOOOXXXOOOOXXXXOOOXXOXXOEXEXXXXOOOOXXXX
(7,4)
   | 1 | 2 | 3 | 4 | 5 | 6 | 7 | 8 |
---|---|---|---|---|---|---|---|---|---
 1 | X | X | X | X | X | X | X | X | 1 
---|---|---|---|---|---|---|---|---|---
 2 | 0 | X | X | 0 | 0 | X | 0 | X | 2 
---|---|---|---|---|---|---|---|---|---
 3 | 0 | 0 | X | 0 | 0 | X | X | X | 3 
---|---|---|---|---|---|---|---|---|---
 4 | 0 | 0 | 0 | 0 | 0 | X | X | X | 4 
---|---|---|---|---|---|---|---|---|---
 5 | 0 | 0 | 0 | 0 | X | X | X | X | 5 
---|---|---|---|---|---|---|---|---|---
 6 | 0 | 0 | 0 | 0 | X | 0 | X | X | 6 
---|---|---|---|---|---|---|---|---|---
 7 | 0 |   | X | 0 | X | X | X | X | 7 
---|---|---|---|---|---|---|---|---|---
 8 | 0 | 0 | 0 | 0 | X | X | X | X | 8 
---|---|---|---|---|---|---|---|---|---
   | 1 | 2 | 3 | 4 | 5 | 6 | 7 | 8 |

It took 0 seconds to make this move...


Black to move
BXXXXXXXXOXXOOXOXOOXOOXXXOOOOOXXXOOOOXXXXOOOOXOXXOEXOXXXXOOOOXXXX
(7,2) Depth reached: 766, Nodes searched: 767
   | 1 | 2 | 3 | 4 | 5 | 6 | 7 | 8 |
---|---|---|---|---|---|---|---|---|---
 1 | X | X | X | X | X | X | X | X | 1 
---|---|---|---|---|---|---|---|---|---
 2 | 0 | X | X | 0 | 0 | X | 0 | X | 2 
---|---|---|---|---|---|---|---|---|---
 3 | 0 | X | X | 0 | 0 | X | X | X | 3 
---|---|---|---|---|---|---|---|---|---
 4 | 0 | X | 0 | 0 | X | X | X | X | 4 
---|---|---|---|---|---|---|---|---|---
 5 | 0 | X | 0 | X | X | X | X | X | 5 
---|---|---|---|---|---|---|---|---|---
 6 | 0 | X | X | 0 | X | 0 | X | X | 6 
---|---|---|---|---|---|---|---|---|---
 7 | 0 | X | X | 0 | X | X | X | X | 7 
---|---|---|---|---|---|---|---|---|---
 8 | 0 | 0 | 0 | 0 | X | X | X | X | 8 
---|---|---|---|---|---|---|---|---|---
   | 1 | 2 | 3 | 4 | 5 | 6 | 7 | 8 |

It took 6 seconds to make this move...


White to move
WXXXXXXXXOXXOOXOXOXXOOXXXOXOOXXXXOXOXXXXXOXXOXOXXOXXOXXXXOOOOXXXX
pass
   | 1 | 2 | 3 | 4 | 5 | 6 | 7 | 8 |
---|---|---|---|---|---|---|---|---|---
 1 | X | X | X | X | X | X | X | X | 1 
---|---|---|---|---|---|---|---|---|---
 2 | 0 | X | X | 0 | 0 | X | 0 | X | 2 
---|---|---|---|---|---|---|---|---|---
 3 | 0 | X | X | 0 | 0 | X | X | X | 3 
---|---|---|---|---|---|---|---|---|---
 4 | 0 | X | 0 | 0 | X | X | X | X | 4 
---|---|---|---|---|---|---|---|---|---
 5 | 0 | X | 0 | X | X | X | X | X | 5 
---|---|---|---|---|---|---|---|---|---
 6 | 0 | X | X | 0 | X | 0 | X | X | 6 
---|---|---|---|---|---|---|---|---|---
 7 | 0 | X | X | 0 | X | X | X | X | 7 
---|---|---|---|---|---|---|---|---|---
 8 | 0 | 0 | 0 | 0 | X | X | X | X | 8 
---|---|---|---|---|---|---|---|---|---
   | 1 | 2 | 3 | 4 | 5 | 6 | 7 | 8 |

It took 0 seconds to make this move...


Black to move
BXXXXXXXXOXXOOXOXOXXOOXXXOXOOXXXXOXOXXXXXOXXOXOXXOXXOXXXXOOOOXXXX
pass
   | 1 | 2 | 3 | 4 | 5 | 6 | 7 | 8 |
---|---|---|---|---|---|---|---|---|---
 1 | X | X | X | X | X | X | X | X | 1 
---|---|---|---|---|---|---|---|---|---
 2 | 0 | X | X | 0 | 0 | X | 0 | X | 2 
---|---|---|---|---|---|---|---|---|---
 3 | 0 | X | X | 0 | 0 | X | X | X | 3 
---|---|---|---|---|---|---|---|---|---
 4 | 0 | X | 0 | 0 | X | X | X | X | 4 
---|---|---|---|---|---|---|---|---|---
 5 | 0 | X | 0 | X | X | X | X | X | 5 
---|---|---|---|---|---|---|---|---|---
 6 | 0 | X | X | 0 | X | 0 | X | X | 6 
---|---|---|---|---|---|---|---|---|---
 7 | 0 | X | X | 0 | X | X | X | X | 7 
---|---|---|---|---|---|---|---|---|---
 8 | 0 | 0 | 0 | 0 | X | X | X | X | 8 
---|---|---|---|---|---|---|---|---|---
   | 1 | 2 | 3 | 4 | 5 | 6 | 7 | 8 |

It took 7 seconds to make this move...
***************************************
Results for ./othello_naive.sh vs. ../Python/othello.sh:
Black won with 22 points
Average time for white: 0.2 s (max: 1 s)
Average time for black: 6.4 s (max: 7 s)
***************************************
