   | 1 | 2 | 3 | 4 | 5 | 6 | 7 | 8 |
---|---|---|---|---|---|---|---|---|---
 1 |   |   |   |   |   |   |   |   | 1 
---|---|---|---|---|---|---|---|---|---
 2 |   |   |   |   |   |   |   |   | 2 
---|---|---|---|---|---|---|---|---|---
 3 |   |   |   |   |   |   |   |   | 3 
---|---|---|---|---|---|---|---|---|---
 4 |   |   |   | 0 | X |   |   |   | 4 
---|---|---|---|---|---|---|---|---|---
 5 |   |   |   | X | 0 |   |   |   | 5 
---|---|---|---|---|---|---|---|---|---
 6 |   |   |   |   |   |   |   |   | 6 
---|---|---|---|---|---|---|---|---|---
 7 |   |   |   |   |   |   |   |   | 7 
---|---|---|---|---|---|---|---|---|---
 8 |   |   |   |   |   |   |   |   | 8 
---|---|---|---|---|---|---|---|---|---
   | 1 | 2 | 3 | 4 | 5 | 6 | 7 | 8 |



White to move
WEEEEEEEEEEEEEEEEEEEEEEEEEEEOXEEEEEEXOEEEEEEEEEEEEEEEEEEEEEEEEEEE
(3,5) Depth reached: 9, Nodes searched: 509
   | 1 | 2 | 3 | 4 | 5 | 6 | 7 | 8 |
---|---|---|---|---|---|---|---|---|---
 1 |   |   |   |   |   |   |   |   | 1 
---|---|---|---|---|---|---|---|---|---
 2 |   |   |   |   |   |   |   |   | 2 
---|---|---|---|---|---|---|---|---|---
 3 |   |   |   |   | 0 |   |   |   | 3 
---|---|---|---|---|---|---|---|---|---
 4 |   |   |   | 0 | 0 |   |   |   | 4 
---|---|---|---|---|---|---|---|---|---
 5 |   |   |   | X | 0 |   |   |   | 5 
---|---|---|---|---|---|---|---|---|---
 6 |   |   |   |   |   |   |   |   | 6 
---|---|---|---|---|---|---|---|---|---
 7 |   |   |   |   |   |   |   |   | 7 
---|---|---|---|---|---|---|---|---|---
 8 |   |   |   |   |   |   |   |   | 8 
---|---|---|---|---|---|---|---|---|---
   | 1 | 2 | 3 | 4 | 5 | 6 | 7 | 8 |

It took 6 seconds to make this move...


Black to move
BEEEEEEEEEEEEEEEEEEEEOEEEEEEOOEEEEEEXOEEEEEEEEEEEEEEEEEEEEEEEEEEE
(3,4)
   | 1 | 2 | 3 | 4 | 5 | 6 | 7 | 8 |
---|---|---|---|---|---|---|---|---|---
 1 |   |   |   |   |   |   |   |   | 1 
---|---|---|---|---|---|---|---|---|---
 2 |   |   |   |   |   |   |   |   | 2 
---|---|---|---|---|---|---|---|---|---
 3 |   |   |   | X | 0 |   |   |   | 3 
---|---|---|---|---|---|---|---|---|---
 4 |   |   |   | X | 0 |   |   |   | 4 
---|---|---|---|---|---|---|---|---|---
 5 |   |   |   | X | 0 |   |   |   | 5 
---|---|---|---|---|---|---|---|---|---
 6 |   |   |   |   |   |   |   |   | 6 
---|---|---|---|---|---|---|---|---|---
 7 |   |   |   |   |   |   |   |   | 7 
---|---|---|---|---|---|---|---|---|---
 8 |   |   |   |   |   |   |   |   | 8 
---|---|---|---|---|---|---|---|---|---
   | 1 | 2 | 3 | 4 | 5 | 6 | 7 | 8 |

It took 0 seconds to make this move...


White to move
WEEEEEEEEEEEEEEEEEEEXOEEEEEEXOEEEEEEXOEEEEEEEEEEEEEEEEEEEEEEEEEEE
(3,3) Depth reached: 8, Nodes searched: 5105
   | 1 | 2 | 3 | 4 | 5 | 6 | 7 | 8 |
---|---|---|---|---|---|---|---|---|---
 1 |   |   |   |   |   |   |   |   | 1 
---|---|---|---|---|---|---|---|---|---
 2 |   |   |   |   |   |   |   |   | 2 
---|---|---|---|---|---|---|---|---|---
 3 |   |   | 0 | 0 | 0 |   |   |   | 3 
---|---|---|---|---|---|---|---|---|---
 4 |   |   |   | 0 | 0 |   |   |   | 4 
---|---|---|---|---|---|---|---|---|---
 5 |   |   |   | X | 0 |   |   |   | 5 
---|---|---|---|---|---|---|---|---|---
 6 |   |   |   |   |   |   |   |   | 6 
---|---|---|---|---|---|---|---|---|---
 7 |   |   |   |   |   |   |   |   | 7 
---|---|---|---|---|---|---|---|---|---
 8 |   |   |   |   |   |   |   |   | 8 
---|---|---|---|---|---|---|---|---|---
   | 1 | 2 | 3 | 4 | 5 | 6 | 7 | 8 |

It took 7 seconds to make this move...


Black to move
BEEEEEEEEEEEEEEEEEEOOOEEEEEEOOEEEEEEXOEEEEEEEEEEEEEEEEEEEEEEEEEEE
(3,6)
   | 1 | 2 | 3 | 4 | 5 | 6 | 7 | 8 |
---|---|---|---|---|---|---|---|---|---
 1 |   |   |   |   |   |   |   |   | 1 
---|---|---|---|---|---|---|---|---|---
 2 |   |   |   |   |   |   |   |   | 2 
---|---|---|---|---|---|---|---|---|---
 3 |   |   | 0 | 0 | 0 | X |   |   | 3 
---|---|---|---|---|---|---|---|---|---
 4 |   |   |   | 0 | X |   |   |   | 4 
---|---|---|---|---|---|---|---|---|---
 5 |   |   |   | X | 0 |   |   |   | 5 
---|---|---|---|---|---|---|---|---|---
 6 |   |   |   |   |   |   |   |   | 6 
---|---|---|---|---|---|---|---|---|---
 7 |   |   |   |   |   |   |   |   | 7 
---|---|---|---|---|---|---|---|---|---
 8 |   |   |   |   |   |   |   |   | 8 
---|---|---|---|---|---|---|---|---|---
   | 1 | 2 | 3 | 4 | 5 | 6 | 7 | 8 |

It took 0 seconds to make this move...


White to move
WEEEEEEEEEEEEEEEEEEOOOXEEEEEOXEEEEEEXOEEEEEEEEEEEEEEEEEEEEEEEEEEE
(4,6) Depth reached: 7, Nodes searched: 24296
   | 1 | 2 | 3 | 4 | 5 | 6 | 7 | 8 |
---|---|---|---|---|---|---|---|---|---
 1 |   |   |   |   |   |   |   |   | 1 
---|---|---|---|---|---|---|---|---|---
 2 |   |   |   |   |   |   |   |   | 2 
---|---|---|---|---|---|---|---|---|---
 3 |   |   | 0 | 0 | 0 | X |   |   | 3 
---|---|---|---|---|---|---|---|---|---
 4 |   |   |   | 0 | 0 | 0 |   |   | 4 
---|---|---|---|---|---|---|---|---|---
 5 |   |   |   | X | 0 |   |   |   | 5 
---|---|---|---|---|---|---|---|---|---
 6 |   |   |   |   |   |   |   |   | 6 
---|---|---|---|---|---|---|---|---|---
 7 |   |   |   |   |   |   |   |   | 7 
---|---|---|---|---|---|---|---|---|---
 8 |   |   |   |   |   |   |   |   | 8 
---|---|---|---|---|---|---|---|---|---
   | 1 | 2 | 3 | 4 | 5 | 6 | 7 | 8 |

It took 6 seconds to make this move...


Black to move
BEEEEEEEEEEEEEEEEEEOOOXEEEEEOOOEEEEEXOEEEEEEEEEEEEEEEEEEEEEEEEEEE
(5,6)
   | 1 | 2 | 3 | 4 | 5 | 6 | 7 | 8 |
---|---|---|---|---|---|---|---|---|---
 1 |   |   |   |   |   |   |   |   | 1 
---|---|---|---|---|---|---|---|---|---
 2 |   |   |   |   |   |   |   |   | 2 
---|---|---|---|---|---|---|---|---|---
 3 |   |   | 0 | 0 | 0 | X |   |   | 3 
---|---|---|---|---|---|---|---|---|---
 4 |   |   |   | 0 | 0 | X |   |   | 4 
---|---|---|---|---|---|---|---|---|---
 5 |   |   |   | X | X | X |   |   | 5 
---|---|---|---|---|---|---|---|---|---
 6 |   |   |   |   |   |   |   |   | 6 
---|---|---|---|---|---|---|---|---|---
 7 |   |   |   |   |   |   |   |   | 7 
---|---|---|---|---|---|---|---|---|---
 8 |   |   |   |   |   |   |   |   | 8 
---|---|---|---|---|---|---|---|---|---
   | 1 | 2 | 3 | 4 | 5 | 6 | 7 | 8 |

It took 1 seconds to make this move...


White to move
WEEEEEEEEEEEEEEEEEEOOOXEEEEEOOXEEEEEXXXEEEEEEEEEEEEEEEEEEEEEEEEEE
(6,4) Depth reached: 6, Nodes searched: 13218
   | 1 | 2 | 3 | 4 | 5 | 6 | 7 | 8 |
---|---|---|---|---|---|---|---|---|---
 1 |   |   |   |   |   |   |   |   | 1 
---|---|---|---|---|---|---|---|---|---
 2 |   |   |   |   |   |   |   |   | 2 
---|---|---|---|---|---|---|---|---|---
 3 |   |   | 0 | 0 | 0 | X |   |   | 3 
---|---|---|---|---|---|---|---|---|---
 4 |   |   |   | 0 | 0 | X |   |   | 4 
---|---|---|---|---|---|---|---|---|---
 5 |   |   |   | 0 | X | X |   |   | 5 
---|---|---|---|---|---|---|---|---|---
 6 |   |   |   | 0 |   |   |   |   | 6 
---|---|---|---|---|---|---|---|---|---
 7 |   |   |   |   |   |   |   |   | 7 
---|---|---|---|---|---|---|---|---|---
 8 |   |   |   |   |   |   |   |   | 8 
---|---|---|---|---|---|---|---|---|---
   | 1 | 2 | 3 | 4 | 5 | 6 | 7 | 8 |

It took 6 seconds to make this move...


Black to move
BEEEEEEEEEEEEEEEEEEOOOXEEEEEOOXEEEEEOXXEEEEEOEEEEEEEEEEEEEEEEEEEE
(2,2)
   | 1 | 2 | 3 | 4 | 5 | 6 | 7 | 8 |
---|---|---|---|---|---|---|---|---|---
 1 |   |   |   |   |   |   |   |   | 1 
---|---|---|---|---|---|---|---|---|---
 2 |   | X |   |   |   |   |   |   | 2 
---|---|---|---|---|---|---|---|---|---
 3 |   |   | X | 0 | 0 | X |   |   | 3 
---|---|---|---|---|---|---|---|---|---
 4 |   |   |   | X | 0 | X |   |   | 4 
---|---|---|---|---|---|---|---|---|---
 5 |   |   |   | 0 | X | X |   |   | 5 
---|---|---|---|---|---|---|---|---|---
 6 |   |   |   | 0 |   |   |   |   | 6 
---|---|---|---|---|---|---|---|---|---
 7 |   |   |   |   |   |   |   |   | 7 
---|---|---|---|---|---|---|---|---|---
 8 |   |   |   |   |   |   |   |   | 8 
---|---|---|---|---|---|---|---|---|---
   | 1 | 2 | 3 | 4 | 5 | 6 | 7 | 8 |

It took 0 seconds to make this move...


White to move
WEEEEEEEEEXEEEEEEEEXOOXEEEEEXOXEEEEEOXXEEEEEOEEEEEEEEEEEEEEEEEEEE
(5,7) Depth reached: 6, Nodes searched: 21979
   | 1 | 2 | 3 | 4 | 5 | 6 | 7 | 8 |
---|---|---|---|---|---|---|---|---|---
 1 |   |   |   |   |   |   |   |   | 1 
---|---|---|---|---|---|---|---|---|---
 2 |   | X |   |   |   |   |   |   | 2 
---|---|---|---|---|---|---|---|---|---
 3 |   |   | X | 0 | 0 | X |   |   | 3 
---|---|---|---|---|---|---|---|---|---
 4 |   |   |   | X | 0 | 0 |   |   | 4 
---|---|---|---|---|---|---|---|---|---
 5 |   |   |   | 0 | 0 | 0 | 0 |   | 5 
---|---|---|---|---|---|---|---|---|---
 6 |   |   |   | 0 |   |   |   |   | 6 
---|---|---|---|---|---|---|---|---|---
 7 |   |   |   |   |   |   |   |   | 7 
---|---|---|---|---|---|---|---|---|---
 8 |   |   |   |   |   |   |   |   | 8 
---|---|---|---|---|---|---|---|---|---
   | 1 | 2 | 3 | 4 | 5 | 6 | 7 | 8 |

It took 7 seconds to make this move...


Black to move
BEEEEEEEEEXEEEEEEEEXOOXEEEEEXOOEEEEEOOOOEEEEOEEEEEEEEEEEEEEEEEEEE
(6,3)
   | 1 | 2 | 3 | 4 | 5 | 6 | 7 | 8 |
---|---|---|---|---|---|---|---|---|---
 1 |   |   |   |   |   |   |   |   | 1 
---|---|---|---|---|---|---|---|---|---
 2 |   | X |   |   |   |   |   |   | 2 
---|---|---|---|---|---|---|---|---|---
 3 |   |   | X | 0 | 0 | X |   |   | 3 
---|---|---|---|---|---|---|---|---|---
 4 |   |   |   | X | X | 0 |   |   | 4 
---|---|---|---|---|---|---|---|---|---
 5 |   |   |   | X | 0 | 0 | 0 |   | 5 
---|---|---|---|---|---|---|---|---|---
 6 |   |   | X | 0 |   |   |   |   | 6 
---|---|---|---|---|---|---|---|---|---
 7 |   |   |   |   |   |   |   |   | 7 
---|---|---|---|---|---|---|---|---|---
 8 |   |   |   |   |   |   |   |   | 8 
---|---|---|---|---|---|---|---|---|---
   | 1 | 2 | 3 | 4 | 5 | 6 | 7 | 8 |

It took 0 seconds to make this move...


White to move
WEEEEEEEEEXEEEEEEEEXOOXEEEEEXXOEEEEEXOOOEEEXOEEEEEEEEEEEEEEEEEEEE
(1,1) Depth reached: 6, Nodes searched: 28209
   | 1 | 2 | 3 | 4 | 5 | 6 | 7 | 8 |
---|---|---|---|---|---|---|---|---|---
 1 | 0 |   |   |   |   |   |   |   | 1 
---|---|---|---|---|---|---|---|---|---
 2 |   | 0 |   |   |   |   |   |   | 2 
---|---|---|---|---|---|---|---|---|---
 3 |   |   | 0 | 0 | 0 | X |   |   | 3 
---|---|---|---|---|---|---|---|---|---
 4 |   |   |   | 0 | X | 0 |   |   | 4 
---|---|---|---|---|---|---|---|---|---
 5 |   |   |   | X | 0 | 0 | 0 |   | 5 
---|---|---|---|---|---|---|---|---|---
 6 |   |   | X | 0 |   |   |   |   | 6 
---|---|---|---|---|---|---|---|---|---
 7 |   |   |   |   |   |   |   |   | 7 
---|---|---|---|---|---|---|---|---|---
 8 |   |   |   |   |   |   |   |   | 8 
---|---|---|---|---|---|---|---|---|---
   | 1 | 2 | 3 | 4 | 5 | 6 | 7 | 8 |

It took 6 seconds to make this move...


Black to move
BOEEEEEEEEOEEEEEEEEOOOXEEEEEOXOEEEEEXOOOEEEXOEEEEEEEEEEEEEEEEEEEE
(5,8)
   | 1 | 2 | 3 | 4 | 5 | 6 | 7 | 8 |
---|---|---|---|---|---|---|---|---|---
 1 | 0 |   |   |   |   |   |   |   | 1 
---|---|---|---|---|---|---|---|---|---
 2 |   | 0 |   |   |   |   |   |   | 2 
---|---|---|---|---|---|---|---|---|---
 3 |   |   | 0 | 0 | 0 | X |   |   | 3 
---|---|---|---|---|---|---|---|---|---
 4 |   |   |   | 0 | X | 0 |   |   | 4 
---|---|---|---|---|---|---|---|---|---
 5 |   |   |   | X | X | X | X | X | 5 
---|---|---|---|---|---|---|---|---|---
 6 |   |   | X | 0 |   |   |   |   | 6 
---|---|---|---|---|---|---|---|---|---
 7 |   |   |   |   |   |   |   |   | 7 
---|---|---|---|---|---|---|---|---|---
 8 |   |   |   |   |   |   |   |   | 8 
---|---|---|---|---|---|---|---|---|---
   | 1 | 2 | 3 | 4 | 5 | 6 | 7 | 8 |

It took 0 seconds to make this move...


White to move
WOEEEEEEEEOEEEEEEEEOOOXEEEEEOXOEEEEEXXXXXEEXOEEEEEEEEEEEEEEEEEEEE
(6,8) Depth reached: 6, Nodes searched: 15759
   | 1 | 2 | 3 | 4 | 5 | 6 | 7 | 8 |
---|---|---|---|---|---|---|---|---|---
 1 | 0 |   |   |   |   |   |   |   | 1 
---|---|---|---|---|---|---|---|---|---
 2 |   | 0 |   |   |   |   |   |   | 2 
---|---|---|---|---|---|---|---|---|---
 3 |   |   | 0 | 0 | 0 | X |   |   | 3 
---|---|---|---|---|---|---|---|---|---
 4 |   |   |   | 0 | X | 0 |   |   | 4 
---|---|---|---|---|---|---|---|---|---
 5 |   |   |   | X | X | X | 0 | X | 5 
---|---|---|---|---|---|---|---|---|---
 6 |   |   | X | 0 |   |   |   | 0 | 6 
---|---|---|---|---|---|---|---|---|---
 7 |   |   |   |   |   |   |   |   | 7 
---|---|---|---|---|---|---|---|---|---
 8 |   |   |   |   |   |   |   |   | 8 
---|---|---|---|---|---|---|---|---|---
   | 1 | 2 | 3 | 4 | 5 | 6 | 7 | 8 |

It took 6 seconds to make this move...


Black to move
BOEEEEEEEEOEEEEEEEEOOOXEEEEEOXOEEEEEXXXOXEEXOEEEOEEEEEEEEEEEEEEEE
(3,2)
   | 1 | 2 | 3 | 4 | 5 | 6 | 7 | 8 |
---|---|---|---|---|---|---|---|---|---
 1 | 0 |   |   |   |   |   |   |   | 1 
---|---|---|---|---|---|---|---|---|---
 2 |   | 0 |   |   |   |   |   |   | 2 
---|---|---|---|---|---|---|---|---|---
 3 |   | X | X | X | X | X |   |   | 3 
---|---|---|---|---|---|---|---|---|---
 4 |   |   |   | 0 | X | 0 |   |   | 4 
---|---|---|---|---|---|---|---|---|---
 5 |   |   |   | X | X | X | 0 | X | 5 
---|---|---|---|---|---|---|---|---|---
 6 |   |   | X | 0 |   |   |   | 0 | 6 
---|---|---|---|---|---|---|---|---|---
 7 |   |   |   |   |   |   |   |   | 7 
---|---|---|---|---|---|---|---|---|---
 8 |   |   |   |   |   |   |   |   | 8 
---|---|---|---|---|---|---|---|---|---
   | 1 | 2 | 3 | 4 | 5 | 6 | 7 | 8 |

It took 1 seconds to make this move...


White to move
WOEEEEEEEEOEEEEEEEXXXXXEEEEEOXOEEEEEXXXOXEEXOEEEOEEEEEEEEEEEEEEEE
(4,8) Depth reached: 6, Nodes searched: 25264
   | 1 | 2 | 3 | 4 | 5 | 6 | 7 | 8 |
---|---|---|---|---|---|---|---|---|---
 1 | 0 |   |   |   |   |   |   |   | 1 
---|---|---|---|---|---|---|---|---|---
 2 |   | 0 |   |   |   |   |   |   | 2 
---|---|---|---|---|---|---|---|---|---
 3 |   | X | X | X | X | X |   |   | 3 
---|---|---|---|---|---|---|---|---|---
 4 |   |   |   | 0 | X | 0 |   | 0 | 4 
---|---|---|---|---|---|---|---|---|---
 5 |   |   |   | X | X | X | 0 | 0 | 5 
---|---|---|---|---|---|---|---|---|---
 6 |   |   | X | 0 |   |   |   | 0 | 6 
---|---|---|---|---|---|---|---|---|---
 7 |   |   |   |   |   |   |   |   | 7 
---|---|---|---|---|---|---|---|---|---
 8 |   |   |   |   |   |   |   |   | 8 
---|---|---|---|---|---|---|---|---|---
   | 1 | 2 | 3 | 4 | 5 | 6 | 7 | 8 |

It took 6 seconds to make this move...


Black to move
BOEEEEEEEEOEEEEEEEXXXXXEEEEEOXOEOEEEXXXOOEEXOEEEOEEEEEEEEEEEEEEEE
(6,5)
   | 1 | 2 | 3 | 4 | 5 | 6 | 7 | 8 |
---|---|---|---|---|---|---|---|---|---
 1 | 0 |   |   |   |   |   |   |   | 1 
---|---|---|---|---|---|---|---|---|---
 2 |   | 0 |   |   |   |   |   |   | 2 
---|---|---|---|---|---|---|---|---|---
 3 |   | X | X | X | X | X |   |   | 3 
---|---|---|---|---|---|---|---|---|---
 4 |   |   |   | 0 | X | 0 |   | 0 | 4 
---|---|---|---|---|---|---|---|---|---
 5 |   |   |   | X | X | X | 0 | 0 | 5 
---|---|---|---|---|---|---|---|---|---
 6 |   |   | X | X | X |   |   | 0 | 6 
---|---|---|---|---|---|---|---|---|---
 7 |   |   |   |   |   |   |   |   | 7 
---|---|---|---|---|---|---|---|---|---
 8 |   |   |   |   |   |   |   |   | 8 
---|---|---|---|---|---|---|---|---|---
   | 1 | 2 | 3 | 4 | 5 | 6 | 7 | 8 |

It took 0 seconds to make this move...


White to move
WOEEEEEEEEOEEEEEEEXXXXXEEEEEOXOEOEEEXXXOOEEXXXEEOEEEEEEEEEEEEEEEE
(2,4) Depth reached: 6, Nodes searched: 29735
   | 1 | 2 | 3 | 4 | 5 | 6 | 7 | 8 |
---|---|---|---|---|---|---|---|---|---
 1 | 0 |   |   |   |   |   |   |   | 1 
---|---|---|---|---|---|---|---|---|---
 2 |   | 0 |   | 0 |   |   |   |   | 2 
---|---|---|---|---|---|---|---|---|---
 3 |   | X | X | 0 | 0 | X |   |   | 3 
---|---|---|---|---|---|---|---|---|---
 4 |   |   |   | 0 | X | 0 |   | 0 | 4 
---|---|---|---|---|---|---|---|---|---
 5 |   |   |   | X | X | X | 0 | 0 | 5 
---|---|---|---|---|---|---|---|---|---
 6 |   |   | X | X | X |   |   | 0 | 6 
---|---|---|---|---|---|---|---|---|---
 7 |   |   |   |   |   |   |   |   | 7 
---|---|---|---|---|---|---|---|---|---
 8 |   |   |   |   |   |   |   |   | 8 
---|---|---|---|---|---|---|---|---|---
   | 1 | 2 | 3 | 4 | 5 | 6 | 7 | 8 |

It took 7 seconds to make this move...


Black to move
BOEEEEEEEEOEOEEEEEXXOOXEEEEEOXOEOEEEXXXOOEEXXXEEOEEEEEEEEEEEEEEEE
(1,2)
   | 1 | 2 | 3 | 4 | 5 | 6 | 7 | 8 |
---|---|---|---|---|---|---|---|---|---
 1 | 0 | X |   |   |   |   |   |   | 1 
---|---|---|---|---|---|---|---|---|---
 2 |   | X |   | 0 |   |   |   |   | 2 
---|---|---|---|---|---|---|---|---|---
 3 |   | X | X | 0 | 0 | X |   |   | 3 
---|---|---|---|---|---|---|---|---|---
 4 |   |   |   | 0 | X | 0 |   | 0 | 4 
---|---|---|---|---|---|---|---|---|---
 5 |   |   |   | X | X | X | 0 | 0 | 5 
---|---|---|---|---|---|---|---|---|---
 6 |   |   | X | X | X |   |   | 0 | 6 
---|---|---|---|---|---|---|---|---|---
 7 |   |   |   |   |   |   |   |   | 7 
---|---|---|---|---|---|---|---|---|---
 8 |   |   |   |   |   |   |   |   | 8 
---|---|---|---|---|---|---|---|---|---
   | 1 | 2 | 3 | 4 | 5 | 6 | 7 | 8 |

It took 0 seconds to make this move...


White to move
WOXEEEEEEEXEOEEEEEXXOOXEEEEEOXOEOEEEXXXOOEEXXXEEOEEEEEEEEEEEEEEEE
(1,3) Depth reached: 6, Nodes searched: 34966
   | 1 | 2 | 3 | 4 | 5 | 6 | 7 | 8 |
---|---|---|---|---|---|---|---|---|---
 1 | 0 | 0 | 0 |   |   |   |   |   | 1 
---|---|---|---|---|---|---|---|---|---
 2 |   | X |   | 0 |   |   |   |   | 2 
---|---|---|---|---|---|---|---|---|---
 3 |   | X | X | 0 | 0 | X |   |   | 3 
---|---|---|---|---|---|---|---|---|---
 4 |   |   |   | 0 | X | 0 |   | 0 | 4 
---|---|---|---|---|---|---|---|---|---
 5 |   |   |   | X | X | X | 0 | 0 | 5 
---|---|---|---|---|---|---|---|---|---
 6 |   |   | X | X | X |   |   | 0 | 6 
---|---|---|---|---|---|---|---|---|---
 7 |   |   |   |   |   |   |   |   | 7 
---|---|---|---|---|---|---|---|---|---
 8 |   |   |   |   |   |   |   |   | 8 
---|---|---|---|---|---|---|---|---|---
   | 1 | 2 | 3 | 4 | 5 | 6 | 7 | 8 |

It took 7 seconds to make this move...


Black to move
BOOOEEEEEEXEOEEEEEXXOOXEEEEEOXOEOEEEXXXOOEEXXXEEOEEEEEEEEEEEEEEEE
(1,5)
   | 1 | 2 | 3 | 4 | 5 | 6 | 7 | 8 |
---|---|---|---|---|---|---|---|---|---
 1 | 0 | 0 | 0 |   | X |   |   |   | 1 
---|---|---|---|---|---|---|---|---|---
 2 |   | X |   | X |   |   |   |   | 2 
---|---|---|---|---|---|---|---|---|---
 3 |   | X | X | 0 | 0 | X |   |   | 3 
---|---|---|---|---|---|---|---|---|---
 4 |   |   |   | 0 | X | 0 |   | 0 | 4 
---|---|---|---|---|---|---|---|---|---
 5 |   |   |   | X | X | X | 0 | 0 | 5 
---|---|---|---|---|---|---|---|---|---
 6 |   |   | X | X | X |   |   | 0 | 6 
---|---|---|---|---|---|---|---|---|---
 7 |   |   |   |   |   |   |   |   | 7 
---|---|---|---|---|---|---|---|---|---
 8 |   |   |   |   |   |   |   |   | 8 
---|---|---|---|---|---|---|---|---|---
   | 1 | 2 | 3 | 4 | 5 | 6 | 7 | 8 |

It took 0 seconds to make this move...


White to move
WOOOEXEEEEXEXEEEEEXXOOXEEEEEOXOEOEEEXXXOOEEXXXEEOEEEEEEEEEEEEEEEE
(1,4) Depth reached: 6, Nodes searched: 35419
   | 1 | 2 | 3 | 4 | 5 | 6 | 7 | 8 |
---|---|---|---|---|---|---|---|---|---
 1 | 0 | 0 | 0 | 0 | X |   |   |   | 1 
---|---|---|---|---|---|---|---|---|---
 2 |   | X |   | 0 |   |   |   |   | 2 
---|---|---|---|---|---|---|---|---|---
 3 |   | X | X | 0 | 0 | X |   |   | 3 
---|---|---|---|---|---|---|---|---|---
 4 |   |   |   | 0 | X | 0 |   | 0 | 4 
---|---|---|---|---|---|---|---|---|---
 5 |   |   |   | X | X | X | 0 | 0 | 5 
---|---|---|---|---|---|---|---|---|---
 6 |   |   | X | X | X |   |   | 0 | 6 
---|---|---|---|---|---|---|---|---|---
 7 |   |   |   |   |   |   |   |   | 7 
---|---|---|---|---|---|---|---|---|---
 8 |   |   |   |   |   |   |   |   | 8 
---|---|---|---|---|---|---|---|---|---
   | 1 | 2 | 3 | 4 | 5 | 6 | 7 | 8 |

It took 6 seconds to make this move...


Black to move
BOOOOXEEEEXEOEEEEEXXOOXEEEEEOXOEOEEEXXXOOEEXXXEEOEEEEEEEEEEEEEEEE
(2,3)
   | 1 | 2 | 3 | 4 | 5 | 6 | 7 | 8 |
---|---|---|---|---|---|---|---|---|---
 1 | 0 | 0 | 0 | 0 | X |   |   |   | 1 
---|---|---|---|---|---|---|---|---|---
 2 |   | X | X | 0 |   |   |   |   | 2 
---|---|---|---|---|---|---|---|---|---
 3 |   | X | X | X | 0 | X |   |   | 3 
---|---|---|---|---|---|---|---|---|---
 4 |   |   |   | 0 | X | 0 |   | 0 | 4 
---|---|---|---|---|---|---|---|---|---
 5 |   |   |   | X | X | X | 0 | 0 | 5 
---|---|---|---|---|---|---|---|---|---
 6 |   |   | X | X | X |   |   | 0 | 6 
---|---|---|---|---|---|---|---|---|---
 7 |   |   |   |   |   |   |   |   | 7 
---|---|---|---|---|---|---|---|---|---
 8 |   |   |   |   |   |   |   |   | 8 
---|---|---|---|---|---|---|---|---|---
   | 1 | 2 | 3 | 4 | 5 | 6 | 7 | 8 |

It took 0 seconds to make this move...


White to move
WOOOOXEEEEXXOEEEEEXXXOXEEEEEOXOEOEEEXXXOOEEXXXEEOEEEEEEEEEEEEEEEE
(1,6) Depth reached: 6, Nodes searched: 33852
   | 1 | 2 | 3 | 4 | 5 | 6 | 7 | 8 |
---|---|---|---|---|---|---|---|---|---
 1 | 0 | 0 | 0 | 0 | 0 | 0 |   |   | 1 
---|---|---|---|---|---|---|---|---|---
 2 |   | X | X | 0 |   |   |   |   | 2 
---|---|---|---|---|---|---|---|---|---
 3 |   | X | X | X | 0 | X |   |   | 3 
---|---|---|---|---|---|---|---|---|---
 4 |   |   |   | 0 | X | 0 |   | 0 | 4 
---|---|---|---|---|---|---|---|---|---
 5 |   |   |   | X | X | X | 0 | 0 | 5 
---|---|---|---|---|---|---|---|---|---
 6 |   |   | X | X | X |   |   | 0 | 6 
---|---|---|---|---|---|---|---|---|---
 7 |   |   |   |   |   |   |   |   | 7 
---|---|---|---|---|---|---|---|---|---
 8 |   |   |   |   |   |   |   |   | 8 
---|---|---|---|---|---|---|---|---|---
   | 1 | 2 | 3 | 4 | 5 | 6 | 7 | 8 |

It took 6 seconds to make this move...


Black to move
BOOOOOOEEEXXOEEEEEXXXOXEEEEEOXOEOEEEXXXOOEEXXXEEOEEEEEEEEEEEEEEEE
(2,5)
   | 1 | 2 | 3 | 4 | 5 | 6 | 7 | 8 |
---|---|---|---|---|---|---|---|---|---
 1 | 0 | 0 | 0 | 0 | 0 | 0 |   |   | 1 
---|---|---|---|---|---|---|---|---|---
 2 |   | X | X | X | X |   |   |   | 2 
---|---|---|---|---|---|---|---|---|---
 3 |   | X | X | X | X | X |   |   | 3 
---|---|---|---|---|---|---|---|---|---
 4 |   |   |   | 0 | X | 0 |   | 0 | 4 
---|---|---|---|---|---|---|---|---|---
 5 |   |   |   | X | X | X | 0 | 0 | 5 
---|---|---|---|---|---|---|---|---|---
 6 |   |   | X | X | X |   |   | 0 | 6 
---|---|---|---|---|---|---|---|---|---
 7 |   |   |   |   |   |   |   |   | 7 
---|---|---|---|---|---|---|---|---|---
 8 |   |   |   |   |   |   |   |   | 8 
---|---|---|---|---|---|---|---|---|---
   | 1 | 2 | 3 | 4 | 5 | 6 | 7 | 8 |

It took 0 seconds to make this move...


White to move
WOOOOOOEEEXXXXEEEEXXXXXEEEEEOXOEOEEEXXXOOEEXXXEEOEEEEEEEEEEEEEEEE
(4,2) Depth reached: 6, Nodes searched: 26972
   | 1 | 2 | 3 | 4 | 5 | 6 | 7 | 8 |
---|---|---|---|---|---|---|---|---|---
 1 | 0 | 0 | 0 | 0 | 0 | 0 |   |   | 1 
---|---|---|---|---|---|---|---|---|---
 2 |   | 0 | X | 0 | X |   |   |   | 2 
---|---|---|---|---|---|---|---|---|---
 3 |   | 0 | 0 | X | X | X |   |   | 3 
---|---|---|---|---|---|---|---|---|---
 4 |   | 0 |   | 0 | X | 0 |   | 0 | 4 
---|---|---|---|---|---|---|---|---|---
 5 |   |   |   | X | X | X | 0 | 0 | 5 
---|---|---|---|---|---|---|---|---|---
 6 |   |   | X | X | X |   |   | 0 | 6 
---|---|---|---|---|---|---|---|---|---
 7 |   |   |   |   |   |   |   |   | 7 
---|---|---|---|---|---|---|---|---|---
 8 |   |   |   |   |   |   |   |   | 8 
---|---|---|---|---|---|---|---|---|---
   | 1 | 2 | 3 | 4 | 5 | 6 | 7 | 8 |

It took 7 seconds to make this move...


Black to move
BOOOOOOEEEOXOXEEEEOOXXXEEEOEOXOEOEEEXXXOOEEXXXEEOEEEEEEEEEEEEEEEE
(3,1)
   | 1 | 2 | 3 | 4 | 5 | 6 | 7 | 8 |
---|---|---|---|---|---|---|---|---|---
 1 | 0 | 0 | 0 | 0 | 0 | 0 |   |   | 1 
---|---|---|---|---|---|---|---|---|---
 2 |   | 0 | X | 0 | X |   |   |   | 2 
---|---|---|---|---|---|---|---|---|---
 3 | X | X | X | X | X | X |   |   | 3 
---|---|---|---|---|---|---|---|---|---
 4 |   | 0 |   | 0 | X | 0 |   | 0 | 4 
---|---|---|---|---|---|---|---|---|---
 5 |   |   |   | X | X | X | 0 | 0 | 5 
---|---|---|---|---|---|---|---|---|---
 6 |   |   | X | X | X |   |   | 0 | 6 
---|---|---|---|---|---|---|---|---|---
 7 |   |   |   |   |   |   |   |   | 7 
---|---|---|---|---|---|---|---|---|---
 8 |   |   |   |   |   |   |   |   | 8 
---|---|---|---|---|---|---|---|---|---
   | 1 | 2 | 3 | 4 | 5 | 6 | 7 | 8 |

It took 0 seconds to make this move...


White to move
WOOOOOOEEEOXOXEEEXXXXXXEEEOEOXOEOEEEXXXOOEEXXXEEOEEEEEEEEEEEEEEEE
(4,3) Depth reached: 6, Nodes searched: 38303
   | 1 | 2 | 3 | 4 | 5 | 6 | 7 | 8 |
---|---|---|---|---|---|---|---|---|---
 1 | 0 | 0 | 0 | 0 | 0 | 0 |   |   | 1 
---|---|---|---|---|---|---|---|---|---
 2 |   | 0 | 0 | 0 | 0 |   |   |   | 2 
---|---|---|---|---|---|---|---|---|---
 3 | X | X | 0 | 0 | X | X |   |   | 3 
---|---|---|---|---|---|---|---|---|---
 4 |   | 0 | 0 | 0 | X | 0 |   | 0 | 4 
---|---|---|---|---|---|---|---|---|---
 5 |   |   |   | X | X | X | 0 | 0 | 5 
---|---|---|---|---|---|---|---|---|---
 6 |   |   | X | X | X |   |   | 0 | 6 
---|---|---|---|---|---|---|---|---|---
 7 |   |   |   |   |   |   |   |   | 7 
---|---|---|---|---|---|---|---|---|---
 8 |   |   |   |   |   |   |   |   | 8 
---|---|---|---|---|---|---|---|---|---
   | 1 | 2 | 3 | 4 | 5 | 6 | 7 | 8 |

It took 6 seconds to make this move...


Black to move
BOOOOOOEEEOOOOEEEXXOOXXEEEOOOXOEOEEEXXXOOEEXXXEEOEEEEEEEEEEEEEEEE
(4,1)
   | 1 | 2 | 3 | 4 | 5 | 6 | 7 | 8 |
---|---|---|---|---|---|---|---|---|---
 1 | 0 | 0 | 0 | 0 | 0 | 0 |   |   | 1 
---|---|---|---|---|---|---|---|---|---
 2 |   | 0 | 0 | 0 | 0 |   |   |   | 2 
---|---|---|---|---|---|---|---|---|---
 3 | X | X | 0 | 0 | X | X |   |   | 3 
---|---|---|---|---|---|---|---|---|---
 4 | X | X | X | X | X | 0 |   | 0 | 4 
---|---|---|---|---|---|---|---|---|---
 5 |   |   |   | X | X | X | 0 | 0 | 5 
---|---|---|---|---|---|---|---|---|---
 6 |   |   | X | X | X |   |   | 0 | 6 
---|---|---|---|---|---|---|---|---|---
 7 |   |   |   |   |   |   |   |   | 7 
---|---|---|---|---|---|---|---|---|---
 8 |   |   |   |   |   |   |   |   | 8 
---|---|---|---|---|---|---|---|---|---
   | 1 | 2 | 3 | 4 | 5 | 6 | 7 | 8 |

It took 0 seconds to make this move...


White to move
WOOOOOOEEEOOOOEEEXXOOXXEEXXXXXOEOEEEXXXOOEEXXXEEOEEEEEEEEEEEEEEEE
(7,4) Depth reached: 6, Nodes searched: 40346
   | 1 | 2 | 3 | 4 | 5 | 6 | 7 | 8 |
---|---|---|---|---|---|---|---|---|---
 1 | 0 | 0 | 0 | 0 | 0 | 0 |   |   | 1 
---|---|---|---|---|---|---|---|---|---
 2 |   | 0 | 0 | 0 | 0 |   |   |   | 2 
---|---|---|---|---|---|---|---|---|---
 3 | X | X | 0 | 0 | X | X |   |   | 3 
---|---|---|---|---|---|---|---|---|---
 4 | X | X | X | 0 | X | 0 |   | 0 | 4 
---|---|---|---|---|---|---|---|---|---
 5 |   |   |   | 0 | X | X | 0 | 0 | 5 
---|---|---|---|---|---|---|---|---|---
 6 |   |   | X | 0 | X |   |   | 0 | 6 
---|---|---|---|---|---|---|---|---|---
 7 |   |   |   | 0 |   |   |   |   | 7 
---|---|---|---|---|---|---|---|---|---
 8 |   |   |   |   |   |   |   |   | 8 
---|---|---|---|---|---|---|---|---|---
   | 1 | 2 | 3 | 4 | 5 | 6 | 7 | 8 |

It took 6 seconds to make this move...


Black to move
BOOOOOOEEEOOOOEEEXXOOXXEEXXXOXOEOEEEOXXOOEEXOXEEOEEEOEEEEEEEEEEEE
(5,3)
   | 1 | 2 | 3 | 4 | 5 | 6 | 7 | 8 |
---|---|---|---|---|---|---|---|---|---
 1 | 0 | 0 | 0 | 0 | 0 | 0 |   |   | 1 
---|---|---|---|---|---|---|---|---|---
 2 |   | 0 | 0 | 0 | 0 |   |   |   | 2 
---|---|---|---|---|---|---|---|---|---
 3 | X | X | 0 | 0 | X | X |   |   | 3 
---|---|---|---|---|---|---|---|---|---
 4 | X | X | X | X | X | 0 |   | 0 | 4 
---|---|---|---|---|---|---|---|---|---
 5 |   |   | X | X | X | X | 0 | 0 | 5 
---|---|---|---|---|---|---|---|---|---
 6 |   |   | X | 0 | X |   |   | 0 | 6 
---|---|---|---|---|---|---|---|---|---
 7 |   |   |   | 0 |   |   |   |   | 7 
---|---|---|---|---|---|---|---|---|---
 8 |   |   |   |   |   |   |   |   | 8 
---|---|---|---|---|---|---|---|---|---
   | 1 | 2 | 3 | 4 | 5 | 6 | 7 | 8 |

It took 0 seconds to make this move...


White to move
WOOOOOOEEEOOOOEEEXXOOXXEEXXXXXOEOEEXXXXOOEEXOXEEOEEEOEEEEEEEEEEEE
(6,6) Depth reached: 6, Nodes searched: 41060
   | 1 | 2 | 3 | 4 | 5 | 6 | 7 | 8 |
---|---|---|---|---|---|---|---|---|---
 1 | 0 | 0 | 0 | 0 | 0 | 0 |   |   | 1 
---|---|---|---|---|---|---|---|---|---
 2 |   | 0 | 0 | 0 | 0 |   |   |   | 2 
---|---|---|---|---|---|---|---|---|---
 3 | X | X | 0 | 0 | X | X |   |   | 3 
---|---|---|---|---|---|---|---|---|---
 4 | X | X | X | 0 | X | 0 |   | 0 | 4 
---|---|---|---|---|---|---|---|---|---
 5 |   |   | X | X | 0 | 0 | 0 | 0 | 5 
---|---|---|---|---|---|---|---|---|---
 6 |   |   | X | 0 | 0 | 0 |   | 0 | 6 
---|---|---|---|---|---|---|---|---|---
 7 |   |   |   | 0 |   |   |   |   | 7 
---|---|---|---|---|---|---|---|---|---
 8 |   |   |   |   |   |   |   |   | 8 
---|---|---|---|---|---|---|---|---|---
   | 1 | 2 | 3 | 4 | 5 | 6 | 7 | 8 |

It took 7 seconds to make this move...


Black to move
BOOOOOOEEEOOOOEEEXXOOXXEEXXXOXOEOEEXXOOOOEEXOOOEOEEEOEEEEEEEEEEEE
(6,7)
   | 1 | 2 | 3 | 4 | 5 | 6 | 7 | 8 |
---|---|---|---|---|---|---|---|---|---
 1 | 0 | 0 | 0 | 0 | 0 | 0 |   |   | 1 
---|---|---|---|---|---|---|---|---|---
 2 |   | 0 | 0 | 0 | 0 |   |   |   | 2 
---|---|---|---|---|---|---|---|---|---
 3 | X | X | 0 | 0 | X | X |   |   | 3 
---|---|---|---|---|---|---|---|---|---
 4 | X | X | X | 0 | X | 0 |   | 0 | 4 
---|---|---|---|---|---|---|---|---|---
 5 |   |   | X | X | 0 | X | 0 | 0 | 5 
---|---|---|---|---|---|---|---|---|---
 6 |   |   | X | X | X | X | X | 0 | 6 
---|---|---|---|---|---|---|---|---|---
 7 |   |   |   | 0 |   |   |   |   | 7 
---|---|---|---|---|---|---|---|---|---
 8 |   |   |   |   |   |   |   |   | 8 
---|---|---|---|---|---|---|---|---|---
   | 1 | 2 | 3 | 4 | 5 | 6 | 7 | 8 |

It took 0 seconds to make this move...


White to move
WOOOOOOEEEOOOOEEEXXOOXXEEXXXOXOEOEEXXOXOOEEXXXXXOEEEOEEEEEEEEEEEE
(5,2) Depth reached: 6, Nodes searched: 43215
   | 1 | 2 | 3 | 4 | 5 | 6 | 7 | 8 |
---|---|---|---|---|---|---|---|---|---
 1 | 0 | 0 | 0 | 0 | 0 | 0 |   |   | 1 
---|---|---|---|---|---|---|---|---|---
 2 |   | 0 | 0 | 0 | 0 |   |   |   | 2 
---|---|---|---|---|---|---|---|---|---
 3 | X | 0 | 0 | 0 | X | X |   |   | 3 
---|---|---|---|---|---|---|---|---|---
 4 | X | 0 | 0 | 0 | X | 0 |   | 0 | 4 
---|---|---|---|---|---|---|---|---|---
 5 |   | 0 | 0 | 0 | 0 | X | 0 | 0 | 5 
---|---|---|---|---|---|---|---|---|---
 6 |   |   | 0 | X | X | X | X | 0 | 6 
---|---|---|---|---|---|---|---|---|---
 7 |   |   |   | 0 |   |   |   |   | 7 
---|---|---|---|---|---|---|---|---|---
 8 |   |   |   |   |   |   |   |   | 8 
---|---|---|---|---|---|---|---|---|---
   | 1 | 2 | 3 | 4 | 5 | 6 | 7 | 8 |

It took 6 seconds to make this move...


Black to move
BOOOOOOEEEOOOOEEEXOOOXXEEXOOOXOEOEOOOOXOOEEOXXXXOEEEOEEEEEEEEEEEE
(5,1)
   | 1 | 2 | 3 | 4 | 5 | 6 | 7 | 8 |
---|---|---|---|---|---|---|---|---|---
 1 | 0 | 0 | 0 | 0 | 0 | 0 |   |   | 1 
---|---|---|---|---|---|---|---|---|---
 2 |   | 0 | 0 | 0 | 0 |   |   |   | 2 
---|---|---|---|---|---|---|---|---|---
 3 | X | 0 | 0 | 0 | X | X |   |   | 3 
---|---|---|---|---|---|---|---|---|---
 4 | X | 0 | 0 | 0 | X | 0 |   | 0 | 4 
---|---|---|---|---|---|---|---|---|---
 5 | X | X | X | X | X | X | 0 | 0 | 5 
---|---|---|---|---|---|---|---|---|---
 6 |   |   | 0 | X | X | X | X | 0 | 6 
---|---|---|---|---|---|---|---|---|---
 7 |   |   |   | 0 |   |   |   |   | 7 
---|---|---|---|---|---|---|---|---|---
 8 |   |   |   |   |   |   |   |   | 8 
---|---|---|---|---|---|---|---|---|---
   | 1 | 2 | 3 | 4 | 5 | 6 | 7 | 8 |

It took 0 seconds to make this move...


White to move
WOOOOOOEEEOOOOEEEXOOOXXEEXOOOXOEOXXXXXXOOEEOXXXXOEEEOEEEEEEEEEEEE
(4,7) Depth reached: 6, Nodes searched: 36783
   | 1 | 2 | 3 | 4 | 5 | 6 | 7 | 8 |
---|---|---|---|---|---|---|---|---|---
 1 | 0 | 0 | 0 | 0 | 0 | 0 |   |   | 1 
---|---|---|---|---|---|---|---|---|---
 2 |   | 0 | 0 | 0 | 0 |   |   |   | 2 
---|---|---|---|---|---|---|---|---|---
 3 | X | 0 | 0 | 0 | X | 0 |   |   | 3 
---|---|---|---|---|---|---|---|---|---
 4 | X | 0 | 0 | 0 | X | 0 | 0 | 0 | 4 
---|---|---|---|---|---|---|---|---|---
 5 | X | X | X | X | X | 0 | 0 | 0 | 5 
---|---|---|---|---|---|---|---|---|---
 6 |   |   | 0 | X | 0 | X | X | 0 | 6 
---|---|---|---|---|---|---|---|---|---
 7 |   |   |   | 0 |   |   |   |   | 7 
---|---|---|---|---|---|---|---|---|---
 8 |   |   |   |   |   |   |   |   | 8 
---|---|---|---|---|---|---|---|---|---
   | 1 | 2 | 3 | 4 | 5 | 6 | 7 | 8 |

It took 6 seconds to make this move...


Black to move
BOOOOOOEEEOOOOEEEXOOOXOEEXOOOXOOOXXXXXOOOEEOXOXXOEEEOEEEEEEEEEEEE
(8,4)
   | 1 | 2 | 3 | 4 | 5 | 6 | 7 | 8 |
---|---|---|---|---|---|---|---|---|---
 1 | 0 | 0 | 0 | 0 | 0 | 0 |   |   | 1 
---|---|---|---|---|---|---|---|---|---
 2 |   | 0 | 0 | 0 | 0 |   |   |   | 2 
---|---|---|---|---|---|---|---|---|---
 3 | X | 0 | 0 | 0 | X | 0 |   |   | 3 
---|---|---|---|---|---|---|---|---|---
 4 | X | 0 | 0 | 0 | X | 0 | 0 | 0 | 4 
---|---|---|---|---|---|---|---|---|---
 5 | X | X | X | X | X | 0 | 0 | 0 | 5 
---|---|---|---|---|---|---|---|---|---
 6 |   |   | 0 | X | 0 | X | X | 0 | 6 
---|---|---|---|---|---|---|---|---|---
 7 |   |   |   | X |   |   |   |   | 7 
---|---|---|---|---|---|---|---|---|---
 8 |   |   |   | X |   |   |   |   | 8 
---|---|---|---|---|---|---|---|---|---
   | 1 | 2 | 3 | 4 | 5 | 6 | 7 | 8 |

It took 1 seconds to make this move...


White to move
WOOOOOOEEEOOOOEEEXOOOXOEEXOOOXOOOXXXXXOOOEEOXOXXOEEEXEEEEEEEXEEEE
(8,3) Depth reached: 6, Nodes searched: 46674
   | 1 | 2 | 3 | 4 | 5 | 6 | 7 | 8 |
---|---|---|---|---|---|---|---|---|---
 1 | 0 | 0 | 0 | 0 | 0 | 0 |   |   | 1 
---|---|---|---|---|---|---|---|---|---
 2 |   | 0 | 0 | 0 | 0 |   |   |   | 2 
---|---|---|---|---|---|---|---|---|---
 3 | X | 0 | 0 | 0 | X | 0 |   |   | 3 
---|---|---|---|---|---|---|---|---|---
 4 | X | 0 | 0 | 0 | X | 0 | 0 | 0 | 4 
---|---|---|---|---|---|---|---|---|---
 5 | X | X | X | X | X | 0 | 0 | 0 | 5 
---|---|---|---|---|---|---|---|---|---
 6 |   |   | 0 | X | 0 | X | X | 0 | 6 
---|---|---|---|---|---|---|---|---|---
 7 |   |   |   | 0 |   |   |   |   | 7 
---|---|---|---|---|---|---|---|---|---
 8 |   |   | 0 | X |   |   |   |   | 8 
---|---|---|---|---|---|---|---|---|---
   | 1 | 2 | 3 | 4 | 5 | 6 | 7 | 8 |

It took 6 seconds to make this move...


Black to move
BOOOOOOEEEOOOOEEEXOOOXOEEXOOOXOOOXXXXXOOOEEOXOXXOEEEOEEEEEEOXEEEE
(3,7)
   | 1 | 2 | 3 | 4 | 5 | 6 | 7 | 8 |
---|---|---|---|---|---|---|---|---|---
 1 | 0 | 0 | 0 | 0 | 0 | 0 |   |   | 1 
---|---|---|---|---|---|---|---|---|---
 2 |   | 0 | 0 | 0 | 0 |   |   |   | 2 
---|---|---|---|---|---|---|---|---|---
 3 | X | 0 | 0 | 0 | X | X | X |   | 3 
---|---|---|---|---|---|---|---|---|---
 4 | X | 0 | 0 | 0 | X | X | X | 0 | 4 
---|---|---|---|---|---|---|---|---|---
 5 | X | X | X | X | X | 0 | X | 0 | 5 
---|---|---|---|---|---|---|---|---|---
 6 |   |   | 0 | X | 0 | X | X | 0 | 6 
---|---|---|---|---|---|---|---|---|---
 7 |   |   |   | 0 |   |   |   |   | 7 
---|---|---|---|---|---|---|---|---|---
 8 |   |   | 0 | X |   |   |   |   | 8 
---|---|---|---|---|---|---|---|---|---
   | 1 | 2 | 3 | 4 | 5 | 6 | 7 | 8 |

It took 1 seconds to make this move...


White to move
WOOOOOOEEEOOOOEEEXOOOXXXEXOOOXXXOXXXXXOXOEEOXOXXOEEEOEEEEEEOXEEEE
(6,1) Depth reached: 7, Nodes searched: 3457
   | 1 | 2 | 3 | 4 | 5 | 6 | 7 | 8 |
---|---|---|---|---|---|---|---|---|---
 1 | 0 | 0 | 0 | 0 | 0 | 0 |   |   | 1 
---|---|---|---|---|---|---|---|---|---
 2 |   | 0 | 0 | 0 | 0 |   |   |   | 2 
---|---|---|---|---|---|---|---|---|---
 3 | X | 0 | 0 | 0 | X | X | X |   | 3 
---|---|---|---|---|---|---|---|---|---
 4 | X | 0 | 0 | 0 | X | X | X | 0 | 4 
---|---|---|---|---|---|---|---|---|---
 5 | X | 0 | X | X | X | 0 | X | 0 | 5 
---|---|---|---|---|---|---|---|---|---
 6 | 0 |   | 0 | X | 0 | X | X | 0 | 6 
---|---|---|---|---|---|---|---|---|---
 7 |   |   |   | 0 |   |   |   |   | 7 
---|---|---|---|---|---|---|---|---|---
 8 |   |   | 0 | X |   |   |   |   | 8 
---|---|---|---|---|---|---|---|---|---
   | 1 | 2 | 3 | 4 | 5 | 6 | 7 | 8 |

It took 6 seconds to make this move...


Black to move
BOOOOOOEEEOOOOEEEXOOOXXXEXOOOXXXOXOXXXOXOOEOXOXXOEEEOEEEEEEOXEEEE
(2,1)
   | 1 | 2 | 3 | 4 | 5 | 6 | 7 | 8 |
---|---|---|---|---|---|---|---|---|---
 1 | 0 | 0 | 0 | 0 | 0 | 0 |   |   | 1 
---|---|---|---|---|---|---|---|---|---
 2 | X | 0 | 0 | 0 | 0 |   |   |   | 2 
---|---|---|---|---|---|---|---|---|---
 3 | X | X | 0 | 0 | X | X | X |   | 3 
---|---|---|---|---|---|---|---|---|---
 4 | X | 0 | X | 0 | X | X | X | 0 | 4 
---|---|---|---|---|---|---|---|---|---
 5 | X | 0 | X | X | X | 0 | X | 0 | 5 
---|---|---|---|---|---|---|---|---|---
 6 | 0 |   | 0 | X | 0 | X | X | 0 | 6 
---|---|---|---|---|---|---|---|---|---
 7 |   |   |   | 0 |   |   |   |   | 7 
---|---|---|---|---|---|---|---|---|---
 8 |   |   | 0 | X |   |   |   |   | 8 
---|---|---|---|---|---|---|---|---|---
   | 1 | 2 | 3 | 4 | 5 | 6 | 7 | 8 |

It took 0 seconds to make this move...


White to move
WOOOOOOEEXOOOOEEEXXOOXXXEXOXOXXXOXOXXXOXOOEOXOXXOEEEOEEEEEEOXEEEE
(8,5) Depth reached: 7, Nodes searched: 20488
   | 1 | 2 | 3 | 4 | 5 | 6 | 7 | 8 |
---|---|---|---|---|---|---|---|---|---
 1 | 0 | 0 | 0 | 0 | 0 | 0 |   |   | 1 
---|---|---|---|---|---|---|---|---|---
 2 | X | 0 | 0 | 0 | 0 |   |   |   | 2 
---|---|---|---|---|---|---|---|---|---
 3 | X | X | 0 | 0 | X | X | X |   | 3 
---|---|---|---|---|---|---|---|---|---
 4 | X | 0 | X | 0 | X | X | X | 0 | 4 
---|---|---|---|---|---|---|---|---|---
 5 | X | 0 | X | X | X | 0 | X | 0 | 5 
---|---|---|---|---|---|---|---|---|---
 6 | 0 |   | 0 | X | 0 | X | X | 0 | 6 
---|---|---|---|---|---|---|---|---|---
 7 |   |   |   | 0 |   |   |   |   | 7 
---|---|---|---|---|---|---|---|---|---
 8 |   |   | 0 | 0 | 0 |   |   |   | 8 
---|---|---|---|---|---|---|---|---|---
   | 1 | 2 | 3 | 4 | 5 | 6 | 7 | 8 |

It took 7 seconds to make this move...


Black to move
BOOOOOOEEXOOOOEEEXXOOXXXEXOXOXXXOXOXXXOXOOEOXOXXOEEEOEEEEEEOOOEEE
(2,6)
   | 1 | 2 | 3 | 4 | 5 | 6 | 7 | 8 |
---|---|---|---|---|---|---|---|---|---
 1 | 0 | 0 | 0 | 0 | 0 | 0 |   |   | 1 
---|---|---|---|---|---|---|---|---|---
 2 | X | X | X | X | X | X |   |   | 2 
---|---|---|---|---|---|---|---|---|---
 3 | X | X | 0 | 0 | X | X | X |   | 3 
---|---|---|---|---|---|---|---|---|---
 4 | X | 0 | X | 0 | X | X | X | 0 | 4 
---|---|---|---|---|---|---|---|---|---
 5 | X | 0 | X | X | X | 0 | X | 0 | 5 
---|---|---|---|---|---|---|---|---|---
 6 | 0 |   | 0 | X | 0 | X | X | 0 | 6 
---|---|---|---|---|---|---|---|---|---
 7 |   |   |   | 0 |   |   |   |   | 7 
---|---|---|---|---|---|---|---|---|---
 8 |   |   | 0 | 0 | 0 |   |   |   | 8 
---|---|---|---|---|---|---|---|---|---
   | 1 | 2 | 3 | 4 | 5 | 6 | 7 | 8 |

It took 0 seconds to make this move...


White to move
WOOOOOOEEXXXXXXEEXXOOXXXEXOXOXXXOXOXXXOXOOEOXOXXOEEEOEEEEEEOOOEEE
(3,8) Depth reached: 8, Nodes searched: 18843
   | 1 | 2 | 3 | 4 | 5 | 6 | 7 | 8 |
---|---|---|---|---|---|---|---|---|---
 1 | 0 | 0 | 0 | 0 | 0 | 0 |   |   | 1 
---|---|---|---|---|---|---|---|---|---
 2 | X | X | X | X | X | X |   |   | 2 
---|---|---|---|---|---|---|---|---|---
 3 | X | X | 0 | 0 | 0 | 0 | 0 | 0 | 3 
---|---|---|---|---|---|---|---|---|---
 4 | X | 0 | X | 0 | X | X | 0 | 0 | 4 
---|---|---|---|---|---|---|---|---|---
 5 | X | 0 | X | X | X | 0 | X | 0 | 5 
---|---|---|---|---|---|---|---|---|---
 6 | 0 |   | 0 | X | 0 | X | X | 0 | 6 
---|---|---|---|---|---|---|---|---|---
 7 |   |   |   | 0 |   |   |   |   | 7 
---|---|---|---|---|---|---|---|---|---
 8 |   |   | 0 | 0 | 0 |   |   |   | 8 
---|---|---|---|---|---|---|---|---|---
   | 1 | 2 | 3 | 4 | 5 | 6 | 7 | 8 |

It took 6 seconds to make this move...


Black to move
BOOOOOOEEXXXXXXEEXXOOOOOOXOXOXXOOXOXXXOXOOEOXOXXOEEEOEEEEEEOOOEEE
(2,7)
   | 1 | 2 | 3 | 4 | 5 | 6 | 7 | 8 |
---|---|---|---|---|---|---|---|---|---
 1 | 0 | 0 | 0 | 0 | 0 | 0 |   |   | 1 
---|---|---|---|---|---|---|---|---|---
 2 | X | X | X | X | X | X | X |   | 2 
---|---|---|---|---|---|---|---|---|---
 3 | X | X | 0 | 0 | 0 | X | X | 0 | 3 
---|---|---|---|---|---|---|---|---|---
 4 | X | 0 | X | 0 | X | X | X | 0 | 4 
---|---|---|---|---|---|---|---|---|---
 5 | X | 0 | X | X | X | 0 | X | 0 | 5 
---|---|---|---|---|---|---|---|---|---
 6 | 0 |   | 0 | X | 0 | X | X | 0 | 6 
---|---|---|---|---|---|---|---|---|---
 7 |   |   |   | 0 |   |   |   |   | 7 
---|---|---|---|---|---|---|---|---|---
 8 |   |   | 0 | 0 | 0 |   |   |   | 8 
---|---|---|---|---|---|---|---|---|---
   | 1 | 2 | 3 | 4 | 5 | 6 | 7 | 8 |

It took 0 seconds to make this move...


White to move
WOOOOOOEEXXXXXXXEXXOOOXXOXOXOXXXOXOXXXOXOOEOXOXXOEEEOEEEEEEOOOEEE
(7,8) Depth reached: 8, Nodes searched: 46890
   | 1 | 2 | 3 | 4 | 5 | 6 | 7 | 8 |
---|---|---|---|---|---|---|---|---|---
 1 | 0 | 0 | 0 | 0 | 0 | 0 |   |   | 1 
---|---|---|---|---|---|---|---|---|---
 2 | X | X | X | X | X | X | X |   | 2 
---|---|---|---|---|---|---|---|---|---
 3 | X | X | 0 | 0 | 0 | X | X | 0 | 3 
---|---|---|---|---|---|---|---|---|---
 4 | X | 0 | X | 0 | X | X | X | 0 | 4 
---|---|---|---|---|---|---|---|---|---
 5 | X | 0 | X | X | X | 0 | X | 0 | 5 
---|---|---|---|---|---|---|---|---|---
 6 | 0 |   | 0 | X | 0 | X | 0 | 0 | 6 
---|---|---|---|---|---|---|---|---|---
 7 |   |   |   | 0 |   |   |   | 0 | 7 
---|---|---|---|---|---|---|---|---|---
 8 |   |   | 0 | 0 | 0 |   |   |   | 8 
---|---|---|---|---|---|---|---|---|---
   | 1 | 2 | 3 | 4 | 5 | 6 | 7 | 8 |

It took 6 seconds to make this move...


Black to move
BOOOOOOEEXXXXXXXEXXOOOXXOXOXOXXXOXOXXXOXOOEOXOXOOEEEOEEEOEEOOOEEE
(7,2)
   | 1 | 2 | 3 | 4 | 5 | 6 | 7 | 8 |
---|---|---|---|---|---|---|---|---|---
 1 | 0 | 0 | 0 | 0 | 0 | 0 |   |   | 1 
---|---|---|---|---|---|---|---|---|---
 2 | X | X | X | X | X | X | X |   | 2 
---|---|---|---|---|---|---|---|---|---
 3 | X | X | 0 | 0 | 0 | X | X | 0 | 3 
---|---|---|---|---|---|---|---|---|---
 4 | X | 0 | X | 0 | X | X | X | 0 | 4 
---|---|---|---|---|---|---|---|---|---
 5 | X | 0 | X | X | X | 0 | X | 0 | 5 
---|---|---|---|---|---|---|---|---|---
 6 | 0 |   | X | X | 0 | X | 0 | 0 | 6 
---|---|---|---|---|---|---|---|---|---
 7 |   | X |   | 0 |   |   |   | 0 | 7 
---|---|---|---|---|---|---|---|---|---
 8 |   |   | 0 | 0 | 0 |   |   |   | 8 
---|---|---|---|---|---|---|---|---|---
   | 1 | 2 | 3 | 4 | 5 | 6 | 7 | 8 |

It took 0 seconds to make this move...


White to move
WOOOOOOEEXXXXXXXEXXOOOXXOXOXOXXXOXOXXXOXOOEXXOXOOEXEOEEEOEEOOOEEE
(6,2) Depth reached: 9, Nodes searched: 21584
   | 1 | 2 | 3 | 4 | 5 | 6 | 7 | 8 |
---|---|---|---|---|---|---|---|---|---
 1 | 0 | 0 | 0 | 0 | 0 | 0 |   |   | 1 
---|---|---|---|---|---|---|---|---|---
 2 | X | X | X | X | X | X | X |   | 2 
---|---|---|---|---|---|---|---|---|---
 3 | X | X | 0 | 0 | 0 | X | X | 0 | 3 
---|---|---|---|---|---|---|---|---|---
 4 | X | 0 | X | 0 | X | X | X | 0 | 4 
---|---|---|---|---|---|---|---|---|---
 5 | X | 0 | 0 | X | X | 0 | X | 0 | 5 
---|---|---|---|---|---|---|---|---|---
 6 | 0 | 0 | 0 | 0 | 0 | X | 0 | 0 | 6 
---|---|---|---|---|---|---|---|---|---
 7 |   | X |   | 0 |   |   |   | 0 | 7 
---|---|---|---|---|---|---|---|---|---
 8 |   |   | 0 | 0 | 0 |   |   |   | 8 
---|---|---|---|---|---|---|---|---|---
   | 1 | 2 | 3 | 4 | 5 | 6 | 7 | 8 |

It took 7 seconds to make this move...


Black to move
BOOOOOOEEXXXXXXXEXXOOOXXOXOXOXXXOXOOXXOXOOOOOOXOOEXEOEEEOEEOOOEEE
(7,6)
   | 1 | 2 | 3 | 4 | 5 | 6 | 7 | 8 |
---|---|---|---|---|---|---|---|---|---
 1 | 0 | 0 | 0 | 0 | 0 | 0 |   |   | 1 
---|---|---|---|---|---|---|---|---|---
 2 | X | X | X | X | X | X | X |   | 2 
---|---|---|---|---|---|---|---|---|---
 3 | X | X | 0 | 0 | 0 | X | X | 0 | 3 
---|---|---|---|---|---|---|---|---|---
 4 | X | 0 | X | 0 | X | X | X | 0 | 4 
---|---|---|---|---|---|---|---|---|---
 5 | X | 0 | 0 | X | X | 0 | X | 0 | 5 
---|---|---|---|---|---|---|---|---|---
 6 | 0 | 0 | 0 | 0 | X | X | 0 | 0 | 6 
---|---|---|---|---|---|---|---|---|---
 7 |   | X |   | 0 |   | X |   | 0 | 7 
---|---|---|---|---|---|---|---|---|---
 8 |   |   | 0 | 0 | 0 |   |   |   | 8 
---|---|---|---|---|---|---|---|---|---
   | 1 | 2 | 3 | 4 | 5 | 6 | 7 | 8 |

It took 0 seconds to make this move...


White to move
WOOOOOOEEXXXXXXXEXXOOOXXOXOXOXXXOXOOXXOXOOOOOXXOOEXEOEXEOEEOOOEEE
(7,5) Depth reached: 9, Nodes searched: 60093
   | 1 | 2 | 3 | 4 | 5 | 6 | 7 | 8 |
---|---|---|---|---|---|---|---|---|---
 1 | 0 | 0 | 0 | 0 | 0 | 0 |   |   | 1 
---|---|---|---|---|---|---|---|---|---
 2 | X | X | X | X | X | X | X |   | 2 
---|---|---|---|---|---|---|---|---|---
 3 | X | X | 0 | 0 | 0 | X | X | 0 | 3 
---|---|---|---|---|---|---|---|---|---
 4 | X | 0 | X | 0 | 0 | X | X | 0 | 4 
---|---|---|---|---|---|---|---|---|---
 5 | X | 0 | 0 | X | 0 | 0 | 0 | 0 | 5 
---|---|---|---|---|---|---|---|---|---
 6 | 0 | 0 | 0 | 0 | 0 | 0 | 0 | 0 | 6 
---|---|---|---|---|---|---|---|---|---
 7 |   | X |   | 0 | 0 | X |   | 0 | 7 
---|---|---|---|---|---|---|---|---|---
 8 |   |   | 0 | 0 | 0 |   |   |   | 8 
---|---|---|---|---|---|---|---|---|---
   | 1 | 2 | 3 | 4 | 5 | 6 | 7 | 8 |

It took 6 seconds to make this move...


Black to move
BOOOOOOEEXXXXXXXEXXOOOXXOXOXOOXXOXOOXOOOOOOOOOOOOEXEOOXEOEEOOOEEE
(8,6)
   | 1 | 2 | 3 | 4 | 5 | 6 | 7 | 8 |
---|---|---|---|---|---|---|---|---|---
 1 | 0 | 0 | 0 | 0 | 0 | 0 |   |   | 1 
---|---|---|---|---|---|---|---|---|---
 2 | X | X | X | X | X | X | X |   | 2 
---|---|---|---|---|---|---|---|---|---
 3 | X | X | 0 | 0 | 0 | X | X | 0 | 3 
---|---|---|---|---|---|---|---|---|---
 4 | X | X | X | 0 | 0 | X | X | 0 | 4 
---|---|---|---|---|---|---|---|---|---
 5 | X | 0 | X | X | 0 | 0 | 0 | 0 | 5 
---|---|---|---|---|---|---|---|---|---
 6 | 0 | 0 | 0 | X | 0 | 0 | 0 | 0 | 6 
---|---|---|---|---|---|---|---|---|---
 7 |   | X |   | 0 | X | X |   | 0 | 7 
---|---|---|---|---|---|---|---|---|---
 8 |   |   | 0 | 0 | 0 | X |   |   | 8 
---|---|---|---|---|---|---|---|---|---
   | 1 | 2 | 3 | 4 | 5 | 6 | 7 | 8 |

It took 1 seconds to make this move...


White to move
WOOOOOOEEXXXXXXXEXXOOOXXOXXXOOXXOXOXXOOOOOOOXOOOOEXEOXXEOEEOOOXEE
(8,1) Depth reached: 14, Nodes searched: 39584
   | 1 | 2 | 3 | 4 | 5 | 6 | 7 | 8 |
---|---|---|---|---|---|---|---|---|---
 1 | 0 | 0 | 0 | 0 | 0 | 0 |   |   | 1 
---|---|---|---|---|---|---|---|---|---
 2 | X | X | X | X | X | X | X |   | 2 
---|---|---|---|---|---|---|---|---|---
 3 | X | X | 0 | 0 | 0 | X | X | 0 | 3 
---|---|---|---|---|---|---|---|---|---
 4 | X | X | X | 0 | 0 | X | X | 0 | 4 
---|---|---|---|---|---|---|---|---|---
 5 | X | 0 | X | X | 0 | 0 | 0 | 0 | 5 
---|---|---|---|---|---|---|---|---|---
 6 | 0 | 0 | 0 | X | 0 | 0 | 0 | 0 | 6 
---|---|---|---|---|---|---|---|---|---
 7 |   | 0 |   | 0 | X | X |   | 0 | 7 
---|---|---|---|---|---|---|---|---|---
 8 | 0 |   | 0 | 0 | 0 | X |   |   | 8 
---|---|---|---|---|---|---|---|---|---
   | 1 | 2 | 3 | 4 | 5 | 6 | 7 | 8 |

It took 6 seconds to make this move...


Black to move
BOOOOOOEEXXXXXXXEXXOOOXXOXXXOOXXOXOXXOOOOOOOXOOOOEOEOXXEOOEOOOXEE
(7,3)
   | 1 | 2 | 3 | 4 | 5 | 6 | 7 | 8 |
---|---|---|---|---|---|---|---|---|---
 1 | 0 | 0 | 0 | 0 | 0 | 0 |   |   | 1 
---|---|---|---|---|---|---|---|---|---
 2 | X | X | X | X | X | X | X |   | 2 
---|---|---|---|---|---|---|---|---|---
 3 | X | X | 0 | 0 | 0 | X | X | 0 | 3 
---|---|---|---|---|---|---|---|---|---
 4 | X | X | X | 0 | 0 | X | X | 0 | 4 
---|---|---|---|---|---|---|---|---|---
 5 | X | 0 | X | X | 0 | 0 | 0 | 0 | 5 
---|---|---|---|---|---|---|---|---|---
 6 | 0 | X | X | X | 0 | 0 | 0 | 0 | 6 
---|---|---|---|---|---|---|---|---|---
 7 |   | 0 | X | X | X | X |   | 0 | 7 
---|---|---|---|---|---|---|---|---|---
 8 | 0 |   | 0 | 0 | 0 | X |   |   | 8 
---|---|---|---|---|---|---|---|---|---
   | 1 | 2 | 3 | 4 | 5 | 6 | 7 | 8 |

It took 0 seconds to make this move...


White to move
WOOOOOOEEXXXXXXXEXXOOOXXOXXXOOXXOXOXXOOOOOXXXOOOOEOXXXXEOOEOOOXEE
(7,1) Depth reached: 32, Nodes searched: 21056
   | 1 | 2 | 3 | 4 | 5 | 6 | 7 | 8 |
---|---|---|---|---|---|---|---|---|---
 1 | 0 | 0 | 0 | 0 | 0 | 0 |   |   | 1 
---|---|---|---|---|---|---|---|---|---
 2 | X | X | X | X | X | X | X |   | 2 
---|---|---|---|---|---|---|---|---|---
 3 | X | X | 0 | 0 | 0 | X | X | 0 | 3 
---|---|---|---|---|---|---|---|---|---
 4 | X | X | X | 0 | 0 | X | X | 0 | 4 
---|---|---|---|---|---|---|---|---|---
 5 | X | 0 | 0 | X | 0 | 0 | 0 | 0 | 5 
---|---|---|---|---|---|---|---|---|---
 6 | 0 | 0 | X | X | 0 | 0 | 0 | 0 | 6 
---|---|---|---|---|---|---|---|---|---
 7 | 0 | 0 | X | X | X | X |   | 0 | 7 
---|---|---|---|---|---|---|---|---|---
 8 | 0 |   | 0 | 0 | 0 | X |   |   | 8 
---|---|---|---|---|---|---|---|---|---
   | 1 | 2 | 3 | 4 | 5 | 6 | 7 | 8 |

It took 7 seconds to make this move...


Black to move
BOOOOOOEEXXXXXXXEXXOOOXXOXXXOOXXOXOOXOOOOOOXXOOOOOOXXXXEOOEOOOXEE
(8,2)
   | 1 | 2 | 3 | 4 | 5 | 6 | 7 | 8 |
---|---|---|---|---|---|---|---|---|---
 1 | 0 | 0 | 0 | 0 | 0 | 0 |   |   | 1 
---|---|---|---|---|---|---|---|---|---
 2 | X | X | X | X | X | X | X |   | 2 
---|---|---|---|---|---|---|---|---|---
 3 | X | X | 0 | 0 | 0 | X | X | 0 | 3 
---|---|---|---|---|---|---|---|---|---
 4 | X | X | X | 0 | 0 | X | X | 0 | 4 
---|---|---|---|---|---|---|---|---|---
 5 | X | X | 0 | X | 0 | 0 | 0 | 0 | 5 
---|---|---|---|---|---|---|---|---|---
 6 | 0 | X | X | X | 0 | 0 | 0 | 0 | 6 
---|---|---|---|---|---|---|---|---|---
 7 | 0 | X | X | X | X | X |   | 0 | 7 
---|---|---|---|---|---|---|---|---|---
 8 | 0 | X | X | X | X | X |   |   | 8 
---|---|---|---|---|---|---|---|---|---
   | 1 | 2 | 3 | 4 | 5 | 6 | 7 | 8 |

It took 0 seconds to make this move...


White to move
WOOOOOOEEXXXXXXXEXXOOOXXOXXXOOXXOXXOXOOOOOXXXOOOOOXXXXXEOOXXXXXEE
(8,7) Depth reached: 100, Nodes searched: 2391
   | 1 | 2 | 3 | 4 | 5 | 6 | 7 | 8 |
---|---|---|---|---|---|---|---|---|---
 1 | 0 | 0 | 0 | 0 | 0 | 0 |   |   | 1 
---|---|---|---|---|---|---|---|---|---
 2 | X | X | X | X | X | X | X |   | 2 
---|---|---|---|---|---|---|---|---|---
 3 | X | X | 0 | 0 | 0 | X | X | 0 | 3 
---|---|---|---|---|---|---|---|---|---
 4 | X | X | X | 0 | 0 | X | X | 0 | 4 
---|---|---|---|---|---|---|---|---|---
 5 | X | X | 0 | X | 0 | 0 | 0 | 0 | 5 
---|---|---|---|---|---|---|---|---|---
 6 | 0 | X | X | X | 0 | 0 | 0 | 0 | 6 
---|---|---|---|---|---|---|---|---|---
 7 | 0 | X | X | X | X | 0 |   | 0 | 7 
---|---|---|---|---|---|---|---|---|---
 8 | 0 | 0 | 0 | 0 | 0 | 0 | 0 |   | 8 
---|---|---|---|---|---|---|---|---|---
   | 1 | 2 | 3 | 4 | 5 | 6 | 7 | 8 |

It took 6 seconds to make this move...


Black to move
BOOOOOOEEXXXXXXXEXXOOOXXOXXXOOXXOXXOXOOOOOXXXOOOOOXXXXOEOOOOOOOOE
(7,7)
   | 1 | 2 | 3 | 4 | 5 | 6 | 7 | 8 |
---|---|---|---|---|---|---|---|---|---
 1 | 0 | 0 | 0 | 0 | 0 | 0 |   |   | 1 
---|---|---|---|---|---|---|---|---|---
 2 | X | X | X | X | X | X | X |   | 2 
---|---|---|---|---|---|---|---|---|---
 3 | X | X | X | 0 | 0 | X | X | 0 | 3 
---|---|---|---|---|---|---|---|---|---
 4 | X | X | X | X | 0 | X | X | 0 | 4 
---|---|---|---|---|---|---|---|---|---
 5 | X | X | 0 | X | X | 0 | X | 0 | 5 
---|---|---|---|---|---|---|---|---|---
 6 | 0 | X | X | X | 0 | X | X | 0 | 6 
---|---|---|---|---|---|---|---|---|---
 7 | 0 | X | X | X | X | X | X | 0 | 7 
---|---|---|---|---|---|---|---|---|---
 8 | 0 | 0 | 0 | 0 | 0 | 0 | 0 |   | 8 
---|---|---|---|---|---|---|---|---|---
   | 1 | 2 | 3 | 4 | 5 | 6 | 7 | 8 |

It took 0 seconds to make this move...


White to move
WOOOOOOEEXXXXXXXEXXXOOXXOXXXXOXXOXXOXXOXOOXXXOXXOOXXXXXXOOOOOOOOE
(1,8) Depth reached: 214, Nodes searched: 2023
   | 1 | 2 | 3 | 4 | 5 | 6 | 7 | 8 |
---|---|---|---|---|---|---|---|---|---
 1 | 0 | 0 | 0 | 0 | 0 | 0 |   | 0 | 1 
---|---|---|---|---|---|---|---|---|---
 2 | X | X | X | X | X | X | 0 |   | 2 
---|---|---|---|---|---|---|---|---|---
 3 | X | X | X | 0 | 0 | 0 | X | 0 | 3 
---|---|---|---|---|---|---|---|---|---
 4 | X | X | X | X | 0 | X | X | 0 | 4 
---|---|---|---|---|---|---|---|---|---
 5 | X | X | 0 | X | X | 0 | X | 0 | 5 
---|---|---|---|---|---|---|---|---|---
 6 | 0 | X | X | X | 0 | X | X | 0 | 6 
---|---|---|---|---|---|---|---|---|---
 7 | 0 | X | X | X | X | X | X | 0 | 7 
---|---|---|---|---|---|---|---|---|---
 8 | 0 | 0 | 0 | 0 | 0 | 0 | 0 |   | 8 
---|---|---|---|---|---|---|---|---|---
   | 1 | 2 | 3 | 4 | 5 | 6 | 7 | 8 |

It took 7 seconds to make this move...


Black to move
BOOOOOOEOXXXXXXOEXXXOOOXOXXXXOXXOXXOXXOXOOXXXOXXOOXXXXXXOOOOOOOOE
(1,7)
   | 1 | 2 | 3 | 4 | 5 | 6 | 7 | 8 |
---|---|---|---|---|---|---|---|---|---
 1 | 0 | 0 | 0 | 0 | 0 | 0 | X | 0 | 1 
---|---|---|---|---|---|---|---|---|---
 2 | X | X | X | X | X | X | X |   | 2 
---|---|---|---|---|---|---|---|---|---
 3 | X | X | X | 0 | 0 | 0 | X | 0 | 3 
---|---|---|---|---|---|---|---|---|---
 4 | X | X | X | X | 0 | X | X | 0 | 4 
---|---|---|---|---|---|---|---|---|---
 5 | X | X | 0 | X | X | 0 | X | 0 | 5 
---|---|---|---|---|---|---|---|---|---
 6 | 0 | X | X | X | 0 | X | X | 0 | 6 
---|---|---|---|---|---|---|---|---|---
 7 | 0 | X | X | X | X | X | X | 0 | 7 
---|---|---|---|---|---|---|---|---|---
 8 | 0 | 0 | 0 | 0 | 0 | 0 | 0 |   | 8 
---|---|---|---|---|---|---|---|---|---
   | 1 | 2 | 3 | 4 | 5 | 6 | 7 | 8 |

It took 0 seconds to make this move...


White to move
WOOOOOOXOXXXXXXXEXXXOOOXOXXXXOXXOXXOXXOXOOXXXOXXOOXXXXXXOOOOOOOOE
(2,8) Depth reached: 553, Nodes searched: 972
   | 1 | 2 | 3 | 4 | 5 | 6 | 7 | 8 |
---|---|---|---|---|---|---|---|---|---
 1 | 0 | 0 | 0 | 0 | 0 | 0 | X | 0 | 1 
---|---|---|---|---|---|---|---|---|---
 2 | X | X | X | X | X | X | X | 0 | 2 
---|---|---|---|---|---|---|---|---|---
 3 | X | X | X | 0 | 0 | 0 | 0 | 0 | 3 
---|---|---|---|---|---|---|---|---|---
 4 | X | X | X | X | 0 | 0 | X | 0 | 4 
---|---|---|---|---|---|---|---|---|---
 5 | X | X | 0 | X | 0 | 0 | X | 0 | 5 
---|---|---|---|---|---|---|---|---|---
 6 | 0 | X | X | 0 | 0 | X | X | 0 | 6 
---|---|---|---|---|---|---|---|---|---
 7 | 0 | X | 0 | X | X | X | X | 0 | 7 
---|---|---|---|---|---|---|---|---|---
 8 | 0 | 0 | 0 | 0 | 0 | 0 | 0 |   | 8 
---|---|---|---|---|---|---|---|---|---
   | 1 | 2 | 3 | 4 | 5 | 6 | 7 | 8 |

It took 6 seconds to make this move...


Black to move
BOOOOOOXOXXXXXXXOXXXOOOOOXXXXOOXOXXOXOOXOOXXOOXXOOXOXXXXOOOOOOOOE
pass
   | 1 | 2 | 3 | 4 | 5 | 6 | 7 | 8 |
---|---|---|---|---|---|---|---|---|---
 1 | 0 | 0 | 0 | 0 | 0 | 0 | X | 0 | 1 
---|---|---|---|---|---|---|---|---|---
 2 | X | X | X | X | X | X | X | 0 | 2 
---|---|---|---|---|---|---|---|---|---
 3 | X | X | X | 0 | 0 | 0 | 0 | 0 | 3 
---|---|---|---|---|---|---|---|---|---
 4 | X | X | X | X | 0 | 0 | X | 0 | 4 
---|---|---|---|---|---|---|---|---|---
 5 | X | X | 0 | X | 0 | 0 | X | 0 | 5 
---|---|---|---|---|---|---|---|---|---
 6 | 0 | X | X | 0 | 0 | X | X | 0 | 6 
---|---|---|---|---|---|---|---|---|---
 7 | 0 | X | 0 | X | X | X | X | 0 | 7 
---|---|---|---|---|---|---|---|---|---
 8 | 0 | 0 | 0 | 0 | 0 | 0 | 0 |   | 8 
---|---|---|---|---|---|---|---|---|---
   | 1 | 2 | 3 | 4 | 5 | 6 | 7 | 8 |

It took 0 seconds to make this move...


White to move
WOOOOOOXOXXXXXXXOXXXOOOOOXXXXOOXOXXOXOOXOOXXOOXXOOXOXXXXOOOOOOOOE
(8,8) Depth reached: 767, Nodes searched: 610
   | 1 | 2 | 3 | 4 | 5 | 6 | 7 | 8 |
---|---|---|---|---|---|---|---|---|---
 1 | 0 | 0 | 0 | 0 | 0 | 0 | X | 0 | 1 
---|---|---|---|---|---|---|---|---|---
 2 | X | X | X | X | X | X | X | 0 | 2 
---|---|---|---|---|---|---|---|---|---
 3 | X | X | X | 0 | 0 | 0 | 0 | 0 | 3 
---|---|---|---|---|---|---|---|---|---
 4 | X | X | X | X | 0 | 0 | X | 0 | 4 
---|---|---|---|---|---|---|---|---|---
 5 | X | X | 0 | X | 0 | 0 | X | 0 | 5 
---|---|---|---|---|---|---|---|---|---
 6 | 0 | X | X | 0 | 0 | 0 | X | 0 | 6 
---|---|---|---|---|---|---|---|---|---
 7 | 0 | X | 0 | X | X | X | 0 | 0 | 7 
---|---|---|---|---|---|---|---|---|---
 8 | 0 | 0 | 0 | 0 | 0 | 0 | 0 | 0 | 8 
---|---|---|---|---|---|---|---|---|---
   | 1 | 2 | 3 | 4 | 5 | 6 | 7 | 8 |

It took 6 seconds to make this move...


Black to move
BOOOOOOXOXXXXXXXOXXXOOOOOXXXXOOXOXXOXOOXOOXXOOOXOOXOXXXOOOOOOOOOO
pass
   | 1 | 2 | 3 | 4 | 5 | 6 | 7 | 8 |
---|---|---|---|---|---|---|---|---|---
 1 | 0 | 0 | 0 | 0 | 0 | 0 | X | 0 | 1 
---|---|---|---|---|---|---|---|---|---
 2 | X | X | X | X | X | X | X | 0 | 2 
---|---|---|---|---|---|---|---|---|---
 3 | X | X | X | 0 | 0 | 0 | 0 | 0 | 3 
---|---|---|---|---|---|---|---|---|---
 4 | X | X | X | X | 0 | 0 | X | 0 | 4 
---|---|---|---|---|---|---|---|---|---
 5 | X | X | 0 | X | 0 | 0 | X | 0 | 5 
---|---|---|---|---|---|---|---|---|---
 6 | 0 | X | X | 0 | 0 | 0 | X | 0 | 6 
---|---|---|---|---|---|---|---|---|---
 7 | 0 | X | 0 | X | X | X | 0 | 0 | 7 
---|---|---|---|---|---|---|---|---|---
 8 | 0 | 0 | 0 | 0 | 0 | 0 | 0 | 0 | 8 
---|---|---|---|---|---|---|---|---|---
   | 1 | 2 | 3 | 4 | 5 | 6 | 7 | 8 |

It took 0 seconds to make this move...


White to move
WOOOOOOXOXXXXXXXOXXXOOOOOXXXXOOXOXXOXOOXOOXXOOOXOOXOXXXOOOOOOOOOO
pass
   | 1 | 2 | 3 | 4 | 5 | 6 | 7 | 8 |
---|---|---|---|---|---|---|---|---|---
 1 | 0 | 0 | 0 | 0 | 0 | 0 | X | 0 | 1 
---|---|---|---|---|---|---|---|---|---
 2 | X | X | X | X | X | X | X | 0 | 2 
---|---|---|---|---|---|---|---|---|---
 3 | X | X | X | 0 | 0 | 0 | 0 | 0 | 3 
---|---|---|---|---|---|---|---|---|---
 4 | X | X | X | X | 0 | 0 | X | 0 | 4 
---|---|---|---|---|---|---|---|---|---
 5 | X | X | 0 | X | 0 | 0 | X | 0 | 5 
---|---|---|---|---|---|---|---|---|---
 6 | 0 | X | X | 0 | 0 | 0 | X | 0 | 6 
---|---|---|---|---|---|---|---|---|---
 7 | 0 | X | 0 | X | X | X | 0 | 0 | 7 
---|---|---|---|---|---|---|---|---|---
 8 | 0 | 0 | 0 | 0 | 0 | 0 | 0 | 0 | 8 
---|---|---|---|---|---|---|---|---|---
   | 1 | 2 | 3 | 4 | 5 | 6 | 7 | 8 |

It took 7 seconds to make this move...
***************************************
Results for ../Python/othello.sh vs. ./othello_naive.sh:
White won with 10 points
Average time for white: 6.3 s (max: 7 s)
Average time for black: 0.2 s (max: 1 s)
***************************************
