   | 1 | 2 | 3 | 4 | 5 | 6 | 7 | 8 |
---|---|---|---|---|---|---|---|---|---
 1 |   |   |   |   |   |   |   |   | 1 
---|---|---|---|---|---|---|---|---|---
 2 |   |   |   |   |   |   |   |   | 2 
---|---|---|---|---|---|---|---|---|---
 3 |   |   |   |   |   |   |   |   | 3 
---|---|---|---|---|---|---|---|---|---
 4 |   |   |   | 0 | X |   |   |   | 4 
---|---|---|---|---|---|---|---|---|---
 5 |   |   |   | X | 0 |   |   |   | 5 
---|---|---|---|---|---|---|---|---|---
 6 |   |   |   |   |   |   |   |   | 6 
---|---|---|---|---|---|---|---|---|---
 7 |   |   |   |   |   |   |   |   | 7 
---|---|---|---|---|---|---|---|---|---
 8 |   |   |   |   |   |   |   |   | 8 
---|---|---|---|---|---|---|---|---|---
   | 1 | 2 | 3 | 4 | 5 | 6 | 7 | 8 |



White to move
WEEEEEEEEEEEEEEEEEEEEEEEEEEEOXEEEEEEXOEEEEEEEEEEEEEEEEEEEEEEEEEEE
(3,5)
   | 1 | 2 | 3 | 4 | 5 | 6 | 7 | 8 |
---|---|---|---|---|---|---|---|---|---
 1 |   |   |   |   |   |   |   |   | 1 
---|---|---|---|---|---|---|---|---|---
 2 |   |   |   |   |   |   |   |   | 2 
---|---|---|---|---|---|---|---|---|---
 3 |   |   |   |   | 0 |   |   |   | 3 
---|---|---|---|---|---|---|---|---|---
 4 |   |   |   | 0 | 0 |   |   |   | 4 
---|---|---|---|---|---|---|---|---|---
 5 |   |   |   | X | 0 |   |   |   | 5 
---|---|---|---|---|---|---|---|---|---
 6 |   |   |   |   |   |   |   |   | 6 
---|---|---|---|---|---|---|---|---|---
 7 |   |   |   |   |   |   |   |   | 7 
---|---|---|---|---|---|---|---|---|---
 8 |   |   |   |   |   |   |   |   | 8 
---|---|---|---|---|---|---|---|---|---
   | 1 | 2 | 3 | 4 | 5 | 6 | 7 | 8 |

It took 0 seconds to make this move...


Black to move
BEEEEEEEEEEEEEEEEEEEEOEEEEEEOOEEEEEEXOEEEEEEEEEEEEEEEEEEEEEEEEEEE
(3,4) Depth reached: 8, Nodes searched: 23645
   | 1 | 2 | 3 | 4 | 5 | 6 | 7 | 8 |
---|---|---|---|---|---|---|---|---|---
 1 |   |   |   |   |   |   |   |   | 1 
---|---|---|---|---|---|---|---|---|---
 2 |   |   |   |   |   |   |   |   | 2 
---|---|---|---|---|---|---|---|---|---
 3 |   |   |   | X | 0 |   |   |   | 3 
---|---|---|---|---|---|---|---|---|---
 4 |   |   |   | X | 0 |   |   |   | 4 
---|---|---|---|---|---|---|---|---|---
 5 |   |   |   | X | 0 |   |   |   | 5 
---|---|---|---|---|---|---|---|---|---
 6 |   |   |   |   |   |   |   |   | 6 
---|---|---|---|---|---|---|---|---|---
 7 |   |   |   |   |   |   |   |   | 7 
---|---|---|---|---|---|---|---|---|---
 8 |   |   |   |   |   |   |   |   | 8 
---|---|---|---|---|---|---|---|---|---
   | 1 | 2 | 3 | 4 | 5 | 6 | 7 | 8 |

It took 7 seconds to make this move...


White to move
WEEEEEEEEEEEEEEEEEEEXOEEEEEEXOEEEEEEXOEEEEEEEEEEEEEEEEEEEEEEEEEEE
(3,3)
   | 1 | 2 | 3 | 4 | 5 | 6 | 7 | 8 |
---|---|---|---|---|---|---|---|---|---
 1 |   |   |   |   |   |   |   |   | 1 
---|---|---|---|---|---|---|---|---|---
 2 |   |   |   |   |   |   |   |   | 2 
---|---|---|---|---|---|---|---|---|---
 3 |   |   | 0 | 0 | 0 |   |   |   | 3 
---|---|---|---|---|---|---|---|---|---
 4 |   |   |   | 0 | 0 |   |   |   | 4 
---|---|---|---|---|---|---|---|---|---
 5 |   |   |   | X | 0 |   |   |   | 5 
---|---|---|---|---|---|---|---|---|---
 6 |   |   |   |   |   |   |   |   | 6 
---|---|---|---|---|---|---|---|---|---
 7 |   |   |   |   |   |   |   |   | 7 
---|---|---|---|---|---|---|---|---|---
 8 |   |   |   |   |   |   |   |   | 8 
---|---|---|---|---|---|---|---|---|---
   | 1 | 2 | 3 | 4 | 5 | 6 | 7 | 8 |

It took 0 seconds to make this move...


Black to move
BEEEEEEEEEEEEEEEEEEOOOEEEEEEOOEEEEEEXOEEEEEEEEEEEEEEEEEEEEEEEEEEE
(3,6) Depth reached: 7, Nodes searched: 36593
   | 1 | 2 | 3 | 4 | 5 | 6 | 7 | 8 |
---|---|---|---|---|---|---|---|---|---
 1 |   |   |   |   |   |   |   |   | 1 
---|---|---|---|---|---|---|---|---|---
 2 |   |   |   |   |   |   |   |   | 2 
---|---|---|---|---|---|---|---|---|---
 3 |   |   | 0 | 0 | 0 | X |   |   | 3 
---|---|---|---|---|---|---|---|---|---
 4 |   |   |   | 0 | X |   |   |   | 4 
---|---|---|---|---|---|---|---|---|---
 5 |   |   |   | X | 0 |   |   |   | 5 
---|---|---|---|---|---|---|---|---|---
 6 |   |   |   |   |   |   |   |   | 6 
---|---|---|---|---|---|---|---|---|---
 7 |   |   |   |   |   |   |   |   | 7 
---|---|---|---|---|---|---|---|---|---
 8 |   |   |   |   |   |   |   |   | 8 
---|---|---|---|---|---|---|---|---|---
   | 1 | 2 | 3 | 4 | 5 | 6 | 7 | 8 |

It took 7 seconds to make this move...


White to move
WEEEEEEEEEEEEEEEEEEOOOXEEEEEOXEEEEEEXOEEEEEEEEEEEEEEEEEEEEEEEEEEE
(5,3)
   | 1 | 2 | 3 | 4 | 5 | 6 | 7 | 8 |
---|---|---|---|---|---|---|---|---|---
 1 |   |   |   |   |   |   |   |   | 1 
---|---|---|---|---|---|---|---|---|---
 2 |   |   |   |   |   |   |   |   | 2 
---|---|---|---|---|---|---|---|---|---
 3 |   |   | 0 | 0 | 0 | X |   |   | 3 
---|---|---|---|---|---|---|---|---|---
 4 |   |   |   | 0 | X |   |   |   | 4 
---|---|---|---|---|---|---|---|---|---
 5 |   |   | 0 | 0 | 0 |   |   |   | 5 
---|---|---|---|---|---|---|---|---|---
 6 |   |   |   |   |   |   |   |   | 6 
---|---|---|---|---|---|---|---|---|---
 7 |   |   |   |   |   |   |   |   | 7 
---|---|---|---|---|---|---|---|---|---
 8 |   |   |   |   |   |   |   |   | 8 
---|---|---|---|---|---|---|---|---|---
   | 1 | 2 | 3 | 4 | 5 | 6 | 7 | 8 |

It took 0 seconds to make this move...


Black to move
BEEEEEEEEEEEEEEEEEEOOOXEEEEEOXEEEEEOOOEEEEEEEEEEEEEEEEEEEEEEEEEEE
(4,3) Depth reached: 7, Nodes searched: 23614
   | 1 | 2 | 3 | 4 | 5 | 6 | 7 | 8 |
---|---|---|---|---|---|---|---|---|---
 1 |   |   |   |   |   |   |   |   | 1 
---|---|---|---|---|---|---|---|---|---
 2 |   |   |   |   |   |   |   |   | 2 
---|---|---|---|---|---|---|---|---|---
 3 |   |   | 0 | 0 | 0 | X |   |   | 3 
---|---|---|---|---|---|---|---|---|---
 4 |   |   | X | X | X |   |   |   | 4 
---|---|---|---|---|---|---|---|---|---
 5 |   |   | 0 | 0 | 0 |   |   |   | 5 
---|---|---|---|---|---|---|---|---|---
 6 |   |   |   |   |   |   |   |   | 6 
---|---|---|---|---|---|---|---|---|---
 7 |   |   |   |   |   |   |   |   | 7 
---|---|---|---|---|---|---|---|---|---
 8 |   |   |   |   |   |   |   |   | 8 
---|---|---|---|---|---|---|---|---|---
   | 1 | 2 | 3 | 4 | 5 | 6 | 7 | 8 |

It took 8 seconds to make this move...


White to move
WEEEEEEEEEEEEEEEEEEOOOXEEEEXXXEEEEEOOOEEEEEEEEEEEEEEEEEEEEEEEEEEE
(2,7)
   | 1 | 2 | 3 | 4 | 5 | 6 | 7 | 8 |
---|---|---|---|---|---|---|---|---|---
 1 |   |   |   |   |   |   |   |   | 1 
---|---|---|---|---|---|---|---|---|---
 2 |   |   |   |   |   |   | 0 |   | 2 
---|---|---|---|---|---|---|---|---|---
 3 |   |   | 0 | 0 | 0 | 0 |   |   | 3 
---|---|---|---|---|---|---|---|---|---
 4 |   |   | X | X | 0 |   |   |   | 4 
---|---|---|---|---|---|---|---|---|---
 5 |   |   | 0 | 0 | 0 |   |   |   | 5 
---|---|---|---|---|---|---|---|---|---
 6 |   |   |   |   |   |   |   |   | 6 
---|---|---|---|---|---|---|---|---|---
 7 |   |   |   |   |   |   |   |   | 7 
---|---|---|---|---|---|---|---|---|---
 8 |   |   |   |   |   |   |   |   | 8 
---|---|---|---|---|---|---|---|---|---
   | 1 | 2 | 3 | 4 | 5 | 6 | 7 | 8 |

It took 0 seconds to make this move...


Black to move
BEEEEEEEEEEEEEEOEEEOOOOEEEEXXOEEEEEOOOEEEEEEEEEEEEEEEEEEEEEEEEEEE
(6,5) Depth reached: 6, Nodes searched: 35743
   | 1 | 2 | 3 | 4 | 5 | 6 | 7 | 8 |
---|---|---|---|---|---|---|---|---|---
 1 |   |   |   |   |   |   |   |   | 1 
---|---|---|---|---|---|---|---|---|---
 2 |   |   |   |   |   |   | 0 |   | 2 
---|---|---|---|---|---|---|---|---|---
 3 |   |   | 0 | 0 | 0 | 0 |   |   | 3 
---|---|---|---|---|---|---|---|---|---
 4 |   |   | X | X | 0 |   |   |   | 4 
---|---|---|---|---|---|---|---|---|---
 5 |   |   | 0 | X | 0 |   |   |   | 5 
---|---|---|---|---|---|---|---|---|---
 6 |   |   |   |   | X |   |   |   | 6 
---|---|---|---|---|---|---|---|---|---
 7 |   |   |   |   |   |   |   |   | 7 
---|---|---|---|---|---|---|---|---|---
 8 |   |   |   |   |   |   |   |   | 8 
---|---|---|---|---|---|---|---|---|---
   | 1 | 2 | 3 | 4 | 5 | 6 | 7 | 8 |

It took 8 seconds to make this move...


White to move
WEEEEEEEEEEEEEEOEEEOOOOEEEEXXOEEEEEOXOEEEEEEEXEEEEEEEEEEEEEEEEEEE
(6,4)
   | 1 | 2 | 3 | 4 | 5 | 6 | 7 | 8 |
---|---|---|---|---|---|---|---|---|---
 1 |   |   |   |   |   |   |   |   | 1 
---|---|---|---|---|---|---|---|---|---
 2 |   |   |   |   |   |   | 0 |   | 2 
---|---|---|---|---|---|---|---|---|---
 3 |   |   | 0 | 0 | 0 | 0 |   |   | 3 
---|---|---|---|---|---|---|---|---|---
 4 |   |   | X | 0 | 0 |   |   |   | 4 
---|---|---|---|---|---|---|---|---|---
 5 |   |   | 0 | 0 | 0 |   |   |   | 5 
---|---|---|---|---|---|---|---|---|---
 6 |   |   |   | 0 | X |   |   |   | 6 
---|---|---|---|---|---|---|---|---|---
 7 |   |   |   |   |   |   |   |   | 7 
---|---|---|---|---|---|---|---|---|---
 8 |   |   |   |   |   |   |   |   | 8 
---|---|---|---|---|---|---|---|---|---
   | 1 | 2 | 3 | 4 | 5 | 6 | 7 | 8 |

It took 0 seconds to make this move...


Black to move
BEEEEEEEEEEEEEEOEEEOOOOEEEEXOOEEEEEOOOEEEEEEOXEEEEEEEEEEEEEEEEEEE
(4,6) Depth reached: 7, Nodes searched: 12007
   | 1 | 2 | 3 | 4 | 5 | 6 | 7 | 8 |
---|---|---|---|---|---|---|---|---|---
 1 |   |   |   |   |   |   |   |   | 1 
---|---|---|---|---|---|---|---|---|---
 2 |   |   |   |   |   |   | 0 |   | 2 
---|---|---|---|---|---|---|---|---|---
 3 |   |   | 0 | 0 | 0 | 0 |   |   | 3 
---|---|---|---|---|---|---|---|---|---
 4 |   |   | X | X | X | X |   |   | 4 
---|---|---|---|---|---|---|---|---|---
 5 |   |   | 0 | 0 | 0 |   |   |   | 5 
---|---|---|---|---|---|---|---|---|---
 6 |   |   |   | 0 | X |   |   |   | 6 
---|---|---|---|---|---|---|---|---|---
 7 |   |   |   |   |   |   |   |   | 7 
---|---|---|---|---|---|---|---|---|---
 8 |   |   |   |   |   |   |   |   | 8 
---|---|---|---|---|---|---|---|---|---
   | 1 | 2 | 3 | 4 | 5 | 6 | 7 | 8 |

It took 7 seconds to make this move...


White to move
WEEEEEEEEEEEEEEOEEEOOOOEEEEXXXXEEEEOOOEEEEEEOXEEEEEEEEEEEEEEEEEEE
(3,7)
   | 1 | 2 | 3 | 4 | 5 | 6 | 7 | 8 |
---|---|---|---|---|---|---|---|---|---
 1 |   |   |   |   |   |   |   |   | 1 
---|---|---|---|---|---|---|---|---|---
 2 |   |   |   |   |   |   | 0 |   | 2 
---|---|---|---|---|---|---|---|---|---
 3 |   |   | 0 | 0 | 0 | 0 | 0 |   | 3 
---|---|---|---|---|---|---|---|---|---
 4 |   |   | X | X | X | 0 |   |   | 4 
---|---|---|---|---|---|---|---|---|---
 5 |   |   | 0 | 0 | 0 |   |   |   | 5 
---|---|---|---|---|---|---|---|---|---
 6 |   |   |   | 0 | X |   |   |   | 6 
---|---|---|---|---|---|---|---|---|---
 7 |   |   |   |   |   |   |   |   | 7 
---|---|---|---|---|---|---|---|---|---
 8 |   |   |   |   |   |   |   |   | 8 
---|---|---|---|---|---|---|---|---|---
   | 1 | 2 | 3 | 4 | 5 | 6 | 7 | 8 |

It took 0 seconds to make this move...


Black to move
BEEEEEEEEEEEEEEOEEEOOOOOEEEXXXOEEEEOOOEEEEEEOXEEEEEEEEEEEEEEEEEEE
(1,8) Depth reached: 6, Nodes searched: 30028
   | 1 | 2 | 3 | 4 | 5 | 6 | 7 | 8 |
---|---|---|---|---|---|---|---|---|---
 1 |   |   |   |   |   |   |   | X | 1 
---|---|---|---|---|---|---|---|---|---
 2 |   |   |   |   |   |   | X |   | 2 
---|---|---|---|---|---|---|---|---|---
 3 |   |   | 0 | 0 | 0 | X | 0 |   | 3 
---|---|---|---|---|---|---|---|---|---
 4 |   |   | X | X | X | 0 |   |   | 4 
---|---|---|---|---|---|---|---|---|---
 5 |   |   | 0 | 0 | 0 |   |   |   | 5 
---|---|---|---|---|---|---|---|---|---
 6 |   |   |   | 0 | X |   |   |   | 6 
---|---|---|---|---|---|---|---|---|---
 7 |   |   |   |   |   |   |   |   | 7 
---|---|---|---|---|---|---|---|---|---
 8 |   |   |   |   |   |   |   |   | 8 
---|---|---|---|---|---|---|---|---|---
   | 1 | 2 | 3 | 4 | 5 | 6 | 7 | 8 |

It took 7 seconds to make this move...


White to move
WEEEEEEEXEEEEEEXEEEOOOXOEEEXXXOEEEEOOOEEEEEEOXEEEEEEEEEEEEEEEEEEE
(1,7)
   | 1 | 2 | 3 | 4 | 5 | 6 | 7 | 8 |
---|---|---|---|---|---|---|---|---|---
 1 |   |   |   |   |   |   | 0 | X | 1 
---|---|---|---|---|---|---|---|---|---
 2 |   |   |   |   |   |   | 0 |   | 2 
---|---|---|---|---|---|---|---|---|---
 3 |   |   | 0 | 0 | 0 | X | 0 |   | 3 
---|---|---|---|---|---|---|---|---|---
 4 |   |   | X | X | X | 0 |   |   | 4 
---|---|---|---|---|---|---|---|---|---
 5 |   |   | 0 | 0 | 0 |   |   |   | 5 
---|---|---|---|---|---|---|---|---|---
 6 |   |   |   | 0 | X |   |   |   | 6 
---|---|---|---|---|---|---|---|---|---
 7 |   |   |   |   |   |   |   |   | 7 
---|---|---|---|---|---|---|---|---|---
 8 |   |   |   |   |   |   |   |   | 8 
---|---|---|---|---|---|---|---|---|---
   | 1 | 2 | 3 | 4 | 5 | 6 | 7 | 8 |

It took 0 seconds to make this move...


Black to move
BEEEEEEOXEEEEEEOEEEOOOXOEEEXXXOEEEEOOOEEEEEEOXEEEEEEEEEEEEEEEEEEE
(1,6) Depth reached: 6, Nodes searched: 27985
   | 1 | 2 | 3 | 4 | 5 | 6 | 7 | 8 |
---|---|---|---|---|---|---|---|---|---
 1 |   |   |   |   |   | X | X | X | 1 
---|---|---|---|---|---|---|---|---|---
 2 |   |   |   |   |   |   | 0 |   | 2 
---|---|---|---|---|---|---|---|---|---
 3 |   |   | 0 | 0 | 0 | X | 0 |   | 3 
---|---|---|---|---|---|---|---|---|---
 4 |   |   | X | X | X | 0 |   |   | 4 
---|---|---|---|---|---|---|---|---|---
 5 |   |   | 0 | 0 | 0 |   |   |   | 5 
---|---|---|---|---|---|---|---|---|---
 6 |   |   |   | 0 | X |   |   |   | 6 
---|---|---|---|---|---|---|---|---|---
 7 |   |   |   |   |   |   |   |   | 7 
---|---|---|---|---|---|---|---|---|---
 8 |   |   |   |   |   |   |   |   | 8 
---|---|---|---|---|---|---|---|---|---
   | 1 | 2 | 3 | 4 | 5 | 6 | 7 | 8 |

It took 8 seconds to make this move...


White to move
WEEEEEXXXEEEEEEOEEEOOOXOEEEXXXOEEEEOOOEEEEEEOXEEEEEEEEEEEEEEEEEEE
(4,2)
   | 1 | 2 | 3 | 4 | 5 | 6 | 7 | 8 |
---|---|---|---|---|---|---|---|---|---
 1 |   |   |   |   |   | X | X | X | 1 
---|---|---|---|---|---|---|---|---|---
 2 |   |   |   |   |   |   | 0 |   | 2 
---|---|---|---|---|---|---|---|---|---
 3 |   |   | 0 | 0 | 0 | X | 0 |   | 3 
---|---|---|---|---|---|---|---|---|---
 4 |   | 0 | 0 | 0 | 0 | 0 |   |   | 4 
---|---|---|---|---|---|---|---|---|---
 5 |   |   | 0 | 0 | 0 |   |   |   | 5 
---|---|---|---|---|---|---|---|---|---
 6 |   |   |   | 0 | X |   |   |   | 6 
---|---|---|---|---|---|---|---|---|---
 7 |   |   |   |   |   |   |   |   | 7 
---|---|---|---|---|---|---|---|---|---
 8 |   |   |   |   |   |   |   |   | 8 
---|---|---|---|---|---|---|---|---|---
   | 1 | 2 | 3 | 4 | 5 | 6 | 7 | 8 |

It took 0 seconds to make this move...


Black to move
BEEEEEXXXEEEEEEOEEEOOOXOEEOOOOOEEEEOOOEEEEEEOXEEEEEEEEEEEEEEEEEEE
(3,8) Depth reached: 7, Nodes searched: 19897
   | 1 | 2 | 3 | 4 | 5 | 6 | 7 | 8 |
---|---|---|---|---|---|---|---|---|---
 1 |   |   |   |   |   | X | X | X | 1 
---|---|---|---|---|---|---|---|---|---
 2 |   |   |   |   |   |   | X |   | 2 
---|---|---|---|---|---|---|---|---|---
 3 |   |   | 0 | 0 | 0 | X | X | X | 3 
---|---|---|---|---|---|---|---|---|---
 4 |   | 0 | 0 | 0 | 0 | 0 |   |   | 4 
---|---|---|---|---|---|---|---|---|---
 5 |   |   | 0 | 0 | 0 |   |   |   | 5 
---|---|---|---|---|---|---|---|---|---
 6 |   |   |   | 0 | X |   |   |   | 6 
---|---|---|---|---|---|---|---|---|---
 7 |   |   |   |   |   |   |   |   | 7 
---|---|---|---|---|---|---|---|---|---
 8 |   |   |   |   |   |   |   |   | 8 
---|---|---|---|---|---|---|---|---|---
   | 1 | 2 | 3 | 4 | 5 | 6 | 7 | 8 |

It took 7 seconds to make this move...


White to move
WEEEEEXXXEEEEEEXEEEOOOXXXEOOOOOEEEEOOOEEEEEEOXEEEEEEEEEEEEEEEEEEE
(2,8)
   | 1 | 2 | 3 | 4 | 5 | 6 | 7 | 8 |
---|---|---|---|---|---|---|---|---|---
 1 |   |   |   |   |   | X | X | X | 1 
---|---|---|---|---|---|---|---|---|---
 2 |   |   |   |   |   |   | X | 0 | 2 
---|---|---|---|---|---|---|---|---|---
 3 |   |   | 0 | 0 | 0 | X | 0 | X | 3 
---|---|---|---|---|---|---|---|---|---
 4 |   | 0 | 0 | 0 | 0 | 0 |   |   | 4 
---|---|---|---|---|---|---|---|---|---
 5 |   |   | 0 | 0 | 0 |   |   |   | 5 
---|---|---|---|---|---|---|---|---|---
 6 |   |   |   | 0 | X |   |   |   | 6 
---|---|---|---|---|---|---|---|---|---
 7 |   |   |   |   |   |   |   |   | 7 
---|---|---|---|---|---|---|---|---|---
 8 |   |   |   |   |   |   |   |   | 8 
---|---|---|---|---|---|---|---|---|---
   | 1 | 2 | 3 | 4 | 5 | 6 | 7 | 8 |

It took 1 seconds to make this move...


Black to move
BEEEEEXXXEEEEEEXOEEOOOXOXEOOOOOEEEEOOOEEEEEEOXEEEEEEEEEEEEEEEEEEE
(4,7) Depth reached: 7, Nodes searched: 11553
   | 1 | 2 | 3 | 4 | 5 | 6 | 7 | 8 |
---|---|---|---|---|---|---|---|---|---
 1 |   |   |   |   |   | X | X | X | 1 
---|---|---|---|---|---|---|---|---|---
 2 |   |   |   |   |   |   | X | 0 | 2 
---|---|---|---|---|---|---|---|---|---
 3 |   |   | 0 | 0 | 0 | X | X | X | 3 
---|---|---|---|---|---|---|---|---|---
 4 |   | 0 | 0 | 0 | 0 | 0 | X |   | 4 
---|---|---|---|---|---|---|---|---|---
 5 |   |   | 0 | 0 | 0 |   |   |   | 5 
---|---|---|---|---|---|---|---|---|---
 6 |   |   |   | 0 | X |   |   |   | 6 
---|---|---|---|---|---|---|---|---|---
 7 |   |   |   |   |   |   |   |   | 7 
---|---|---|---|---|---|---|---|---|---
 8 |   |   |   |   |   |   |   |   | 8 
---|---|---|---|---|---|---|---|---|---
   | 1 | 2 | 3 | 4 | 5 | 6 | 7 | 8 |

It took 7 seconds to make this move...


White to move
WEEEEEXXXEEEEEEXOEEOOOXXXEOOOOOXEEEOOOEEEEEEOXEEEEEEEEEEEEEEEEEEE
(6,6)
   | 1 | 2 | 3 | 4 | 5 | 6 | 7 | 8 |
---|---|---|---|---|---|---|---|---|---
 1 |   |   |   |   |   | X | X | X | 1 
---|---|---|---|---|---|---|---|---|---
 2 |   |   |   |   |   |   | X | 0 | 2 
---|---|---|---|---|---|---|---|---|---
 3 |   |   | 0 | 0 | 0 | X | X | X | 3 
---|---|---|---|---|---|---|---|---|---
 4 |   | 0 | 0 | 0 | 0 | 0 | X |   | 4 
---|---|---|---|---|---|---|---|---|---
 5 |   |   | 0 | 0 | 0 |   |   |   | 5 
---|---|---|---|---|---|---|---|---|---
 6 |   |   |   | 0 | 0 | 0 |   |   | 6 
---|---|---|---|---|---|---|---|---|---
 7 |   |   |   |   |   |   |   |   | 7 
---|---|---|---|---|---|---|---|---|---
 8 |   |   |   |   |   |   |   |   | 8 
---|---|---|---|---|---|---|---|---|---
   | 1 | 2 | 3 | 4 | 5 | 6 | 7 | 8 |

It took 0 seconds to make this move...


Black to move
BEEEEEXXXEEEEEEXOEEOOOXXXEOOOOOXEEEOOOEEEEEEOOOEEEEEEEEEEEEEEEEEE
(5,6) Depth reached: 7, Nodes searched: 365
   | 1 | 2 | 3 | 4 | 5 | 6 | 7 | 8 |
---|---|---|---|---|---|---|---|---|---
 1 |   |   |   |   |   | X | X | X | 1 
---|---|---|---|---|---|---|---|---|---
 2 |   |   |   |   |   |   | X | 0 | 2 
---|---|---|---|---|---|---|---|---|---
 3 |   |   | 0 | 0 | 0 | X | X | X | 3 
---|---|---|---|---|---|---|---|---|---
 4 |   | 0 | 0 | 0 | 0 | X | X |   | 4 
---|---|---|---|---|---|---|---|---|---
 5 |   |   | 0 | 0 | 0 | X |   |   | 5 
---|---|---|---|---|---|---|---|---|---
 6 |   |   |   | 0 | 0 | 0 |   |   | 6 
---|---|---|---|---|---|---|---|---|---
 7 |   |   |   |   |   |   |   |   | 7 
---|---|---|---|---|---|---|---|---|---
 8 |   |   |   |   |   |   |   |   | 8 
---|---|---|---|---|---|---|---|---|---
   | 1 | 2 | 3 | 4 | 5 | 6 | 7 | 8 |

It took 7 seconds to make this move...


White to move
WEEEEEXXXEEEEEEXOEEOOOXXXEOOOOXXEEEOOOXEEEEEOOOEEEEEEEEEEEEEEEEEE
(2,6)
   | 1 | 2 | 3 | 4 | 5 | 6 | 7 | 8 |
---|---|---|---|---|---|---|---|---|---
 1 |   |   |   |   |   | X | X | X | 1 
---|---|---|---|---|---|---|---|---|---
 2 |   |   |   |   |   | 0 | 0 | 0 | 2 
---|---|---|---|---|---|---|---|---|---
 3 |   |   | 0 | 0 | 0 | 0 | X | X | 3 
---|---|---|---|---|---|---|---|---|---
 4 |   | 0 | 0 | 0 | 0 | 0 | X |   | 4 
---|---|---|---|---|---|---|---|---|---
 5 |   |   | 0 | 0 | 0 | 0 |   |   | 5 
---|---|---|---|---|---|---|---|---|---
 6 |   |   |   | 0 | 0 | 0 |   |   | 6 
---|---|---|---|---|---|---|---|---|---
 7 |   |   |   |   |   |   |   |   | 7 
---|---|---|---|---|---|---|---|---|---
 8 |   |   |   |   |   |   |   |   | 8 
---|---|---|---|---|---|---|---|---|---
   | 1 | 2 | 3 | 4 | 5 | 6 | 7 | 8 |

It took 0 seconds to make this move...


Black to move
BEEEEEXXXEEEEEOOOEEOOOOXXEOOOOOXEEEOOOOEEEEEOOOEEEEEEEEEEEEEEEEEE
(6,3) Depth reached: 6, Nodes searched: 49189
   | 1 | 2 | 3 | 4 | 5 | 6 | 7 | 8 |
---|---|---|---|---|---|---|---|---|---
 1 |   |   |   |   |   | X | X | X | 1 
---|---|---|---|---|---|---|---|---|---
 2 |   |   |   |   |   | 0 | X | 0 | 2 
---|---|---|---|---|---|---|---|---|---
 3 |   |   | 0 | 0 | 0 | X | X | X | 3 
---|---|---|---|---|---|---|---|---|---
 4 |   | 0 | 0 | 0 | X | 0 | X |   | 4 
---|---|---|---|---|---|---|---|---|---
 5 |   |   | 0 | X | 0 | 0 |   |   | 5 
---|---|---|---|---|---|---|---|---|---
 6 |   |   | X | 0 | 0 | 0 |   |   | 6 
---|---|---|---|---|---|---|---|---|---
 7 |   |   |   |   |   |   |   |   | 7 
---|---|---|---|---|---|---|---|---|---
 8 |   |   |   |   |   |   |   |   | 8 
---|---|---|---|---|---|---|---|---|---
   | 1 | 2 | 3 | 4 | 5 | 6 | 7 | 8 |

It took 8 seconds to make this move...


White to move
WEEEEEXXXEEEEEOXOEEOOOXXXEOOOXOXEEEOXOOEEEEXOOOEEEEEEEEEEEEEEEEEE
(6,2)
   | 1 | 2 | 3 | 4 | 5 | 6 | 7 | 8 |
---|---|---|---|---|---|---|---|---|---
 1 |   |   |   |   |   | X | X | X | 1 
---|---|---|---|---|---|---|---|---|---
 2 |   |   |   |   |   | 0 | X | 0 | 2 
---|---|---|---|---|---|---|---|---|---
 3 |   |   | 0 | 0 | 0 | X | X | X | 3 
---|---|---|---|---|---|---|---|---|---
 4 |   | 0 | 0 | 0 | X | 0 | X |   | 4 
---|---|---|---|---|---|---|---|---|---
 5 |   |   | 0 | X | 0 | 0 |   |   | 5 
---|---|---|---|---|---|---|---|---|---
 6 |   | 0 | 0 | 0 | 0 | 0 |   |   | 6 
---|---|---|---|---|---|---|---|---|---
 7 |   |   |   |   |   |   |   |   | 7 
---|---|---|---|---|---|---|---|---|---
 8 |   |   |   |   |   |   |   |   | 8 
---|---|---|---|---|---|---|---|---|---
   | 1 | 2 | 3 | 4 | 5 | 6 | 7 | 8 |

It took 0 seconds to make this move...


Black to move
BEEEEEXXXEEEEEOXOEEOOOXXXEOOOXOXEEEOXOOEEEOOOOOEEEEEEEEEEEEEEEEEE
(7,1) Depth reached: 6, Nodes searched: 38665
   | 1 | 2 | 3 | 4 | 5 | 6 | 7 | 8 |
---|---|---|---|---|---|---|---|---|---
 1 |   |   |   |   |   | X | X | X | 1 
---|---|---|---|---|---|---|---|---|---
 2 |   |   |   |   |   | X | X | 0 | 2 
---|---|---|---|---|---|---|---|---|---
 3 |   |   | 0 | 0 | X | X | X | X | 3 
---|---|---|---|---|---|---|---|---|---
 4 |   | 0 | 0 | X | X | 0 | X |   | 4 
---|---|---|---|---|---|---|---|---|---
 5 |   |   | X | X | 0 | 0 |   |   | 5 
---|---|---|---|---|---|---|---|---|---
 6 |   | X | 0 | 0 | 0 | 0 |   |   | 6 
---|---|---|---|---|---|---|---|---|---
 7 | X |   |   |   |   |   |   |   | 7 
---|---|---|---|---|---|---|---|---|---
 8 |   |   |   |   |   |   |   |   | 8 
---|---|---|---|---|---|---|---|---|---
   | 1 | 2 | 3 | 4 | 5 | 6 | 7 | 8 |

It took 7 seconds to make this move...


White to move
WEEEEEXXXEEEEEXXOEEOOXXXXEOOXXOXEEEXXOOEEEXOOOOEEXEEEEEEEEEEEEEEE
(2,5)
   | 1 | 2 | 3 | 4 | 5 | 6 | 7 | 8 |
---|---|---|---|---|---|---|---|---|---
 1 |   |   |   |   |   | X | X | X | 1 
---|---|---|---|---|---|---|---|---|---
 2 |   |   |   |   | 0 | 0 | 0 | 0 | 2 
---|---|---|---|---|---|---|---|---|---
 3 |   |   | 0 | 0 | 0 | X | X | X | 3 
---|---|---|---|---|---|---|---|---|---
 4 |   | 0 | 0 | X | 0 | 0 | X |   | 4 
---|---|---|---|---|---|---|---|---|---
 5 |   |   | X | X | 0 | 0 |   |   | 5 
---|---|---|---|---|---|---|---|---|---
 6 |   | X | 0 | 0 | 0 | 0 |   |   | 6 
---|---|---|---|---|---|---|---|---|---
 7 | X |   |   |   |   |   |   |   | 7 
---|---|---|---|---|---|---|---|---|---
 8 |   |   |   |   |   |   |   |   | 8 
---|---|---|---|---|---|---|---|---|---
   | 1 | 2 | 3 | 4 | 5 | 6 | 7 | 8 |

It took 0 seconds to make this move...


Black to move
BEEEEEXXXEEEEOOOOEEOOOXXXEOOXOOXEEEXXOOEEEXOOOOEEXEEEEEEEEEEEEEEE
(6,7) Depth reached: 6, Nodes searched: 23507
   | 1 | 2 | 3 | 4 | 5 | 6 | 7 | 8 |
---|---|---|---|---|---|---|---|---|---
 1 |   |   |   |   |   | X | X | X | 1 
---|---|---|---|---|---|---|---|---|---
 2 |   |   |   |   | 0 | 0 | 0 | 0 | 2 
---|---|---|---|---|---|---|---|---|---
 3 |   |   | 0 | 0 | 0 | X | X | X | 3 
---|---|---|---|---|---|---|---|---|---
 4 |   | 0 | 0 | X | 0 | 0 | X |   | 4 
---|---|---|---|---|---|---|---|---|---
 5 |   |   | X | X | 0 | 0 |   |   | 5 
---|---|---|---|---|---|---|---|---|---
 6 |   | X | X | X | X | X | X |   | 6 
---|---|---|---|---|---|---|---|---|---
 7 | X |   |   |   |   |   |   |   | 7 
---|---|---|---|---|---|---|---|---|---
 8 |   |   |   |   |   |   |   |   | 8 
---|---|---|---|---|---|---|---|---|---
   | 1 | 2 | 3 | 4 | 5 | 6 | 7 | 8 |

It took 7 seconds to make this move...


White to move
WEEEEEXXXEEEEOOOOEEOOOXXXEOOXOOXEEEXXOOEEEXXXXXXEXEEEEEEEEEEEEEEE
(5,7)
   | 1 | 2 | 3 | 4 | 5 | 6 | 7 | 8 |
---|---|---|---|---|---|---|---|---|---
 1 |   |   |   |   |   | X | X | X | 1 
---|---|---|---|---|---|---|---|---|---
 2 |   |   |   |   | 0 | 0 | 0 | 0 | 2 
---|---|---|---|---|---|---|---|---|---
 3 |   |   | 0 | 0 | 0 | X | 0 | X | 3 
---|---|---|---|---|---|---|---|---|---
 4 |   | 0 | 0 | X | 0 | 0 | 0 |   | 4 
---|---|---|---|---|---|---|---|---|---
 5 |   |   | X | X | 0 | 0 | 0 |   | 5 
---|---|---|---|---|---|---|---|---|---
 6 |   | X | X | X | X | X | X |   | 6 
---|---|---|---|---|---|---|---|---|---
 7 | X |   |   |   |   |   |   |   | 7 
---|---|---|---|---|---|---|---|---|---
 8 |   |   |   |   |   |   |   |   | 8 
---|---|---|---|---|---|---|---|---|---
   | 1 | 2 | 3 | 4 | 5 | 6 | 7 | 8 |

It took 1 seconds to make this move...


Black to move
BEEEEEXXXEEEEOOOOEEOOOXOXEOOXOOOEEEXXOOOEEXXXXXXEXEEEEEEEEEEEEEEE
(1,5) Depth reached: 6, Nodes searched: 35993
   | 1 | 2 | 3 | 4 | 5 | 6 | 7 | 8 |
---|---|---|---|---|---|---|---|---|---
 1 |   |   |   |   | X | X | X | X | 1 
---|---|---|---|---|---|---|---|---|---
 2 |   |   |   |   | X | 0 | 0 | 0 | 2 
---|---|---|---|---|---|---|---|---|---
 3 |   |   | 0 | 0 | X | X | 0 | X | 3 
---|---|---|---|---|---|---|---|---|---
 4 |   | 0 | 0 | X | X | 0 | 0 |   | 4 
---|---|---|---|---|---|---|---|---|---
 5 |   |   | X | X | X | 0 | 0 |   | 5 
---|---|---|---|---|---|---|---|---|---
 6 |   | X | X | X | X | X | X |   | 6 
---|---|---|---|---|---|---|---|---|---
 7 | X |   |   |   |   |   |   |   | 7 
---|---|---|---|---|---|---|---|---|---
 8 |   |   |   |   |   |   |   |   | 8 
---|---|---|---|---|---|---|---|---|---
   | 1 | 2 | 3 | 4 | 5 | 6 | 7 | 8 |

It took 7 seconds to make this move...


White to move
WEEEEXXXXEEEEXOOOEEOOXXOXEOOXXOOEEEXXXOOEEXXXXXXEXEEEEEEEEEEEEEEE
(1,4)
   | 1 | 2 | 3 | 4 | 5 | 6 | 7 | 8 |
---|---|---|---|---|---|---|---|---|---
 1 |   |   |   | 0 | X | X | X | X | 1 
---|---|---|---|---|---|---|---|---|---
 2 |   |   |   |   | 0 | 0 | 0 | 0 | 2 
---|---|---|---|---|---|---|---|---|---
 3 |   |   | 0 | 0 | X | 0 | 0 | X | 3 
---|---|---|---|---|---|---|---|---|---
 4 |   | 0 | 0 | X | X | 0 | 0 |   | 4 
---|---|---|---|---|---|---|---|---|---
 5 |   |   | X | X | X | 0 | 0 |   | 5 
---|---|---|---|---|---|---|---|---|---
 6 |   | X | X | X | X | X | X |   | 6 
---|---|---|---|---|---|---|---|---|---
 7 | X |   |   |   |   |   |   |   | 7 
---|---|---|---|---|---|---|---|---|---
 8 |   |   |   |   |   |   |   |   | 8 
---|---|---|---|---|---|---|---|---|---
   | 1 | 2 | 3 | 4 | 5 | 6 | 7 | 8 |

It took 1 seconds to make this move...


Black to move
BEEEOXXXXEEEEOOOOEEOOXOOXEOOXXOOEEEXXXOOEEXXXXXXEXEEEEEEEEEEEEEEE
(6,8) Depth reached: 7, Nodes searched: 6847
   | 1 | 2 | 3 | 4 | 5 | 6 | 7 | 8 |
---|---|---|---|---|---|---|---|---|---
 1 |   |   |   | 0 | X | X | X | X | 1 
---|---|---|---|---|---|---|---|---|---
 2 |   |   |   |   | 0 | 0 | 0 | 0 | 2 
---|---|---|---|---|---|---|---|---|---
 3 |   |   | 0 | 0 | X | 0 | 0 | X | 3 
---|---|---|---|---|---|---|---|---|---
 4 |   | 0 | 0 | X | X | X | 0 |   | 4 
---|---|---|---|---|---|---|---|---|---
 5 |   |   | X | X | X | 0 | X |   | 5 
---|---|---|---|---|---|---|---|---|---
 6 |   | X | X | X | X | X | X | X | 6 
---|---|---|---|---|---|---|---|---|---
 7 | X |   |   |   |   |   |   |   | 7 
---|---|---|---|---|---|---|---|---|---
 8 |   |   |   |   |   |   |   |   | 8 
---|---|---|---|---|---|---|---|---|---
   | 1 | 2 | 3 | 4 | 5 | 6 | 7 | 8 |

It took 7 seconds to make this move...


White to move
WEEEOXXXXEEEEOOOOEEOOXOOXEOOXXXOEEEXXXOXEEXXXXXXXXEEEEEEEEEEEEEEE
(7,3)
   | 1 | 2 | 3 | 4 | 5 | 6 | 7 | 8 |
---|---|---|---|---|---|---|---|---|---
 1 |   |   |   | 0 | X | X | X | X | 1 
---|---|---|---|---|---|---|---|---|---
 2 |   |   |   |   | 0 | 0 | 0 | 0 | 2 
---|---|---|---|---|---|---|---|---|---
 3 |   |   | 0 | 0 | X | 0 | 0 | X | 3 
---|---|---|---|---|---|---|---|---|---
 4 |   | 0 | 0 | X | X | 0 | 0 |   | 4 
---|---|---|---|---|---|---|---|---|---
 5 |   |   | 0 | X | 0 | 0 | X |   | 5 
---|---|---|---|---|---|---|---|---|---
 6 |   | X | 0 | 0 | X | X | X | X | 6 
---|---|---|---|---|---|---|---|---|---
 7 | X |   | 0 |   |   |   |   |   | 7 
---|---|---|---|---|---|---|---|---|---
 8 |   |   |   |   |   |   |   |   | 8 
---|---|---|---|---|---|---|---|---|---
   | 1 | 2 | 3 | 4 | 5 | 6 | 7 | 8 |

It took 0 seconds to make this move...


Black to move
BEEEOXXXXEEEEOOOOEEOOXOOXEOOXXOOEEEOXOOXEEXOOXXXXXEOEEEEEEEEEEEEE
(1,3) Depth reached: 6, Nodes searched: 57839
   | 1 | 2 | 3 | 4 | 5 | 6 | 7 | 8 |
---|---|---|---|---|---|---|---|---|---
 1 |   |   | X | X | X | X | X | X | 1 
---|---|---|---|---|---|---|---|---|---
 2 |   |   |   |   | 0 | 0 | 0 | 0 | 2 
---|---|---|---|---|---|---|---|---|---
 3 |   |   | 0 | 0 | X | 0 | 0 | X | 3 
---|---|---|---|---|---|---|---|---|---
 4 |   | 0 | 0 | X | X | 0 | 0 |   | 4 
---|---|---|---|---|---|---|---|---|---
 5 |   |   | 0 | X | 0 | 0 | X |   | 5 
---|---|---|---|---|---|---|---|---|---
 6 |   | X | 0 | 0 | X | X | X | X | 6 
---|---|---|---|---|---|---|---|---|---
 7 | X |   | 0 |   |   |   |   |   | 7 
---|---|---|---|---|---|---|---|---|---
 8 |   |   |   |   |   |   |   |   | 8 
---|---|---|---|---|---|---|---|---|---
   | 1 | 2 | 3 | 4 | 5 | 6 | 7 | 8 |

It took 8 seconds to make this move...


White to move
WEEXXXXXXEEEEOOOOEEOOXOOXEOOXXOOEEEOXOOXEEXOOXXXXXEOEEEEEEEEEEEEE
(5,1)
   | 1 | 2 | 3 | 4 | 5 | 6 | 7 | 8 |
---|---|---|---|---|---|---|---|---|---
 1 |   |   | X | X | X | X | X | X | 1 
---|---|---|---|---|---|---|---|---|---
 2 |   |   |   |   | 0 | 0 | 0 | 0 | 2 
---|---|---|---|---|---|---|---|---|---
 3 |   |   | 0 | 0 | X | 0 | 0 | X | 3 
---|---|---|---|---|---|---|---|---|---
 4 |   | 0 | 0 | X | X | 0 | 0 |   | 4 
---|---|---|---|---|---|---|---|---|---
 5 | 0 |   | 0 | X | 0 | 0 | X |   | 5 
---|---|---|---|---|---|---|---|---|---
 6 |   | 0 | 0 | 0 | X | X | X | X | 6 
---|---|---|---|---|---|---|---|---|---
 7 | X |   | 0 |   |   |   |   |   | 7 
---|---|---|---|---|---|---|---|---|---
 8 |   |   |   |   |   |   |   |   | 8 
---|---|---|---|---|---|---|---|---|---
   | 1 | 2 | 3 | 4 | 5 | 6 | 7 | 8 |

It took 0 seconds to make this move...


Black to move
BEEXXXXXXEEEEOOOOEEOOXOOXEOOXXOOEOEOXOOXEEOOOXXXXXEOEEEEEEEEEEEEE
(4,1) Depth reached: 6, Nodes searched: 60364
   | 1 | 2 | 3 | 4 | 5 | 6 | 7 | 8 |
---|---|---|---|---|---|---|---|---|---
 1 |   |   | X | X | X | X | X | X | 1 
---|---|---|---|---|---|---|---|---|---
 2 |   |   |   |   | 0 | 0 | 0 | 0 | 2 
---|---|---|---|---|---|---|---|---|---
 3 |   |   | 0 | 0 | X | 0 | 0 | X | 3 
---|---|---|---|---|---|---|---|---|---
 4 | X | X | X | X | X | 0 | 0 |   | 4 
---|---|---|---|---|---|---|---|---|---
 5 | 0 |   | 0 | X | 0 | 0 | X |   | 5 
---|---|---|---|---|---|---|---|---|---
 6 |   | 0 | 0 | 0 | X | X | X | X | 6 
---|---|---|---|---|---|---|---|---|---
 7 | X |   | 0 |   |   |   |   |   | 7 
---|---|---|---|---|---|---|---|---|---
 8 |   |   |   |   |   |   |   |   | 8 
---|---|---|---|---|---|---|---|---|---
   | 1 | 2 | 3 | 4 | 5 | 6 | 7 | 8 |

It took 8 seconds to make this move...


White to move
WEEXXXXXXEEEEOOOOEEOOXOOXXXXXXOOEOEOXOOXEEOOOXXXXXEOEEEEEEEEEEEEE
(3,1)
   | 1 | 2 | 3 | 4 | 5 | 6 | 7 | 8 |
---|---|---|---|---|---|---|---|---|---
 1 |   |   | X | X | X | X | X | X | 1 
---|---|---|---|---|---|---|---|---|---
 2 |   |   |   |   | 0 | 0 | 0 | 0 | 2 
---|---|---|---|---|---|---|---|---|---
 3 | 0 |   | 0 | 0 | X | 0 | 0 | X | 3 
---|---|---|---|---|---|---|---|---|---
 4 | 0 | 0 | X | X | X | 0 | 0 |   | 4 
---|---|---|---|---|---|---|---|---|---
 5 | 0 |   | 0 | X | 0 | 0 | X |   | 5 
---|---|---|---|---|---|---|---|---|---
 6 |   | 0 | 0 | 0 | X | X | X | X | 6 
---|---|---|---|---|---|---|---|---|---
 7 | X |   | 0 |   |   |   |   |   | 7 
---|---|---|---|---|---|---|---|---|---
 8 |   |   |   |   |   |   |   |   | 8 
---|---|---|---|---|---|---|---|---|---
   | 1 | 2 | 3 | 4 | 5 | 6 | 7 | 8 |

It took 0 seconds to make this move...


Black to move
BEEXXXXXXEEEEOOOOOEOOXOOXOOXXXOOEOEOXOOXEEOOOXXXXXEOEEEEEEEEEEEEE
(2,4) Depth reached: 7, Nodes searched: 3811
   | 1 | 2 | 3 | 4 | 5 | 6 | 7 | 8 |
---|---|---|---|---|---|---|---|---|---
 1 |   |   | X | X | X | X | X | X | 1 
---|---|---|---|---|---|---|---|---|---
 2 |   |   |   | X | 0 | 0 | 0 | 0 | 2 
---|---|---|---|---|---|---|---|---|---
 3 | 0 |   | 0 | X | X | 0 | 0 | X | 3 
---|---|---|---|---|---|---|---|---|---
 4 | 0 | 0 | X | X | X | 0 | 0 |   | 4 
---|---|---|---|---|---|---|---|---|---
 5 | 0 |   | 0 | X | 0 | 0 | X |   | 5 
---|---|---|---|---|---|---|---|---|---
 6 |   | 0 | 0 | 0 | X | X | X | X | 6 
---|---|---|---|---|---|---|---|---|---
 7 | X |   | 0 |   |   |   |   |   | 7 
---|---|---|---|---|---|---|---|---|---
 8 |   |   |   |   |   |   |   |   | 8 
---|---|---|---|---|---|---|---|---|---
   | 1 | 2 | 3 | 4 | 5 | 6 | 7 | 8 |

It took 7 seconds to make this move...


White to move
WEEXXXXXXEEEXOOOOOEOXXOOXOOXXXOOEOEOXOOXEEOOOXXXXXEOEEEEEEEEEEEEE
(5,2)
   | 1 | 2 | 3 | 4 | 5 | 6 | 7 | 8 |
---|---|---|---|---|---|---|---|---|---
 1 |   |   | X | X | X | X | X | X | 1 
---|---|---|---|---|---|---|---|---|---
 2 |   |   |   | X | 0 | 0 | 0 | 0 | 2 
---|---|---|---|---|---|---|---|---|---
 3 | 0 |   | 0 | 0 | X | 0 | 0 | X | 3 
---|---|---|---|---|---|---|---|---|---
 4 | 0 | 0 | 0 | X | X | 0 | 0 |   | 4 
---|---|---|---|---|---|---|---|---|---
 5 | 0 | 0 | 0 | X | 0 | 0 | X |   | 5 
---|---|---|---|---|---|---|---|---|---
 6 |   | 0 | 0 | 0 | X | X | X | X | 6 
---|---|---|---|---|---|---|---|---|---
 7 | X |   | 0 |   |   |   |   |   | 7 
---|---|---|---|---|---|---|---|---|---
 8 |   |   |   |   |   |   |   |   | 8 
---|---|---|---|---|---|---|---|---|---
   | 1 | 2 | 3 | 4 | 5 | 6 | 7 | 8 |

It took 1 seconds to make this move...


Black to move
BEEXXXXXXEEEXOOOOOEOOXOOXOOOXXOOEOOOXOOXEEOOOXXXXXEOEEEEEEEEEEEEE
(2,3) Depth reached: 8, Nodes searched: 2211
   | 1 | 2 | 3 | 4 | 5 | 6 | 7 | 8 |
---|---|---|---|---|---|---|---|---|---
 1 |   |   | X | X | X | X | X | X | 1 
---|---|---|---|---|---|---|---|---|---
 2 |   |   | X | X | 0 | 0 | 0 | 0 | 2 
---|---|---|---|---|---|---|---|---|---
 3 | 0 |   | 0 | X | X | 0 | 0 | X | 3 
---|---|---|---|---|---|---|---|---|---
 4 | 0 | 0 | 0 | X | X | 0 | 0 |   | 4 
---|---|---|---|---|---|---|---|---|---
 5 | 0 | 0 | 0 | X | 0 | 0 | X |   | 5 
---|---|---|---|---|---|---|---|---|---
 6 |   | 0 | 0 | 0 | X | X | X | X | 6 
---|---|---|---|---|---|---|---|---|---
 7 | X |   | 0 |   |   |   |   |   | 7 
---|---|---|---|---|---|---|---|---|---
 8 |   |   |   |   |   |   |   |   | 8 
---|---|---|---|---|---|---|---|---|---
   | 1 | 2 | 3 | 4 | 5 | 6 | 7 | 8 |

It took 7 seconds to make this move...


White to move
WEEXXXXXXEEXXOOOOOEOXXOOXOOOXXOOEOOOXOOXEEOOOXXXXXEOEEEEEEEEEEEEE
(7,5)
   | 1 | 2 | 3 | 4 | 5 | 6 | 7 | 8 |
---|---|---|---|---|---|---|---|---|---
 1 |   |   | X | X | X | X | X | X | 1 
---|---|---|---|---|---|---|---|---|---
 2 |   |   | X | X | 0 | 0 | 0 | 0 | 2 
---|---|---|---|---|---|---|---|---|---
 3 | 0 |   | 0 | X | X | 0 | 0 | X | 3 
---|---|---|---|---|---|---|---|---|---
 4 | 0 | 0 | 0 | X | X | 0 | 0 |   | 4 
---|---|---|---|---|---|---|---|---|---
 5 | 0 | 0 | 0 | X | 0 | 0 | X |   | 5 
---|---|---|---|---|---|---|---|---|---
 6 |   | 0 | 0 | 0 | 0 | X | X | X | 6 
---|---|---|---|---|---|---|---|---|---
 7 | X |   | 0 |   | 0 |   |   |   | 7 
---|---|---|---|---|---|---|---|---|---
 8 |   |   |   |   |   |   |   |   | 8 
---|---|---|---|---|---|---|---|---|---
   | 1 | 2 | 3 | 4 | 5 | 6 | 7 | 8 |

It took 0 seconds to make this move...


Black to move
BEEXXXXXXEEXXOOOOOEOXXOOXOOOXXOOEOOOXOOXEEOOOOXXXXEOEOEEEEEEEEEEE
(5,8) Depth reached: 7, Nodes searched: 47757
   | 1 | 2 | 3 | 4 | 5 | 6 | 7 | 8 |
---|---|---|---|---|---|---|---|---|---
 1 |   |   | X | X | X | X | X | X | 1 
---|---|---|---|---|---|---|---|---|---
 2 |   |   | X | X | X | 0 | 0 | 0 | 2 
---|---|---|---|---|---|---|---|---|---
 3 | 0 |   | 0 | X | X | X | 0 | X | 3 
---|---|---|---|---|---|---|---|---|---
 4 | 0 | 0 | 0 | X | X | 0 | X |   | 4 
---|---|---|---|---|---|---|---|---|---
 5 | 0 | 0 | 0 | X | 0 | 0 | X | X | 5 
---|---|---|---|---|---|---|---|---|---
 6 |   | 0 | 0 | 0 | 0 | X | X | X | 6 
---|---|---|---|---|---|---|---|---|---
 7 | X |   | 0 |   | 0 |   |   |   | 7 
---|---|---|---|---|---|---|---|---|---
 8 |   |   |   |   |   |   |   |   | 8 
---|---|---|---|---|---|---|---|---|---
   | 1 | 2 | 3 | 4 | 5 | 6 | 7 | 8 |

It took 8 seconds to make this move...


White to move
WEEXXXXXXEEXXXOOOOEOXXXOXOOOXXOXEOOOXOOXXEOOOOXXXXEOEOEEEEEEEEEEE
(4,8)
   | 1 | 2 | 3 | 4 | 5 | 6 | 7 | 8 |
---|---|---|---|---|---|---|---|---|---
 1 |   |   | X | X | X | X | X | X | 1 
---|---|---|---|---|---|---|---|---|---
 2 |   |   | X | X | X | 0 | 0 | 0 | 2 
---|---|---|---|---|---|---|---|---|---
 3 | 0 |   | 0 | X | X | X | 0 | 0 | 3 
---|---|---|---|---|---|---|---|---|---
 4 | 0 | 0 | 0 | X | X | 0 | 0 | 0 | 4 
---|---|---|---|---|---|---|---|---|---
 5 | 0 | 0 | 0 | X | 0 | 0 | 0 | X | 5 
---|---|---|---|---|---|---|---|---|---
 6 |   | 0 | 0 | 0 | 0 | 0 | X | X | 6 
---|---|---|---|---|---|---|---|---|---
 7 | X |   | 0 |   | 0 |   |   |   | 7 
---|---|---|---|---|---|---|---|---|---
 8 |   |   |   |   |   |   |   |   | 8 
---|---|---|---|---|---|---|---|---|---
   | 1 | 2 | 3 | 4 | 5 | 6 | 7 | 8 |

It took 0 seconds to make this move...


Black to move
BEEXXXXXXEEXXXOOOOEOXXXOOOOOXXOOOOOOXOOOXEOOOOOXXXEOEOEEEEEEEEEEE
(8,3) Depth reached: 8, Nodes searched: 6241
   | 1 | 2 | 3 | 4 | 5 | 6 | 7 | 8 |
---|---|---|---|---|---|---|---|---|---
 1 |   |   | X | X | X | X | X | X | 1 
---|---|---|---|---|---|---|---|---|---
 2 |   |   | X | X | X | 0 | 0 | 0 | 2 
---|---|---|---|---|---|---|---|---|---
 3 | 0 |   | X | X | X | X | 0 | 0 | 3 
---|---|---|---|---|---|---|---|---|---
 4 | 0 | 0 | X | X | X | 0 | 0 | 0 | 4 
---|---|---|---|---|---|---|---|---|---
 5 | 0 | 0 | X | X | 0 | 0 | 0 | X | 5 
---|---|---|---|---|---|---|---|---|---
 6 |   | 0 | X | 0 | 0 | 0 | X | X | 6 
---|---|---|---|---|---|---|---|---|---
 7 | X |   | X |   | 0 |   |   |   | 7 
---|---|---|---|---|---|---|---|---|---
 8 |   |   | X |   |   |   |   |   | 8 
---|---|---|---|---|---|---|---|---|---
   | 1 | 2 | 3 | 4 | 5 | 6 | 7 | 8 |

It took 7 seconds to make this move...


White to move
WEEXXXXXXEEXXXOOOOEXXXXOOOOXXXOOOOOXXOOOXEOXOOOXXXEXEOEEEEEXEEEEE
(2,2)
   | 1 | 2 | 3 | 4 | 5 | 6 | 7 | 8 |
---|---|---|---|---|---|---|---|---|---
 1 |   |   | X | X | X | X | X | X | 1 
---|---|---|---|---|---|---|---|---|---
 2 |   | 0 | 0 | 0 | 0 | 0 | 0 | 0 | 2 
---|---|---|---|---|---|---|---|---|---
 3 | 0 |   | 0 | X | X | X | 0 | 0 | 3 
---|---|---|---|---|---|---|---|---|---
 4 | 0 | 0 | X | 0 | X | 0 | 0 | 0 | 4 
---|---|---|---|---|---|---|---|---|---
 5 | 0 | 0 | X | X | 0 | 0 | 0 | X | 5 
---|---|---|---|---|---|---|---|---|---
 6 |   | 0 | X | 0 | 0 | 0 | X | X | 6 
---|---|---|---|---|---|---|---|---|---
 7 | X |   | X |   | 0 |   |   |   | 7 
---|---|---|---|---|---|---|---|---|---
 8 |   |   | X |   |   |   |   |   | 8 
---|---|---|---|---|---|---|---|---|---
   | 1 | 2 | 3 | 4 | 5 | 6 | 7 | 8 |

It took 1 seconds to make this move...


Black to move
BEEXXXXXXEOOOOOOOOEOXXXOOOOXOXOOOOOXXOOOXEOXOOOXXXEXEOEEEEEXEEEEE
(1,2) Depth reached: 8, Nodes searched: 55491
   | 1 | 2 | 3 | 4 | 5 | 6 | 7 | 8 |
---|---|---|---|---|---|---|---|---|---
 1 |   | X | X | X | X | X | X | X | 1 
---|---|---|---|---|---|---|---|---|---
 2 |   | 0 | X | 0 | 0 | 0 | 0 | 0 | 2 
---|---|---|---|---|---|---|---|---|---
 3 | 0 |   | 0 | X | X | X | 0 | 0 | 3 
---|---|---|---|---|---|---|---|---|---
 4 | 0 | 0 | X | 0 | X | 0 | 0 | 0 | 4 
---|---|---|---|---|---|---|---|---|---
 5 | 0 | 0 | X | X | 0 | 0 | 0 | X | 5 
---|---|---|---|---|---|---|---|---|---
 6 |   | 0 | X | 0 | 0 | 0 | X | X | 6 
---|---|---|---|---|---|---|---|---|---
 7 | X |   | X |   | 0 |   |   |   | 7 
---|---|---|---|---|---|---|---|---|---
 8 |   |   | X |   |   |   |   |   | 8 
---|---|---|---|---|---|---|---|---|---
   | 1 | 2 | 3 | 4 | 5 | 6 | 7 | 8 |

It took 7 seconds to make this move...


White to move
WEXXXXXXXEOXOOOOOOEOXXXOOOOXOXOOOOOXXOOOXEOXOOOXXXEXEOEEEEEXEEEEE
(3,2)
   | 1 | 2 | 3 | 4 | 5 | 6 | 7 | 8 |
---|---|---|---|---|---|---|---|---|---
 1 |   | X | X | X | X | X | X | X | 1 
---|---|---|---|---|---|---|---|---|---
 2 |   | 0 | X | 0 | 0 | 0 | 0 | 0 | 2 
---|---|---|---|---|---|---|---|---|---
 3 | 0 | 0 | 0 | X | X | X | 0 | 0 | 3 
---|---|---|---|---|---|---|---|---|---
 4 | 0 | 0 | 0 | 0 | X | 0 | 0 | 0 | 4 
---|---|---|---|---|---|---|---|---|---
 5 | 0 | 0 | X | 0 | 0 | 0 | 0 | X | 5 
---|---|---|---|---|---|---|---|---|---
 6 |   | 0 | X | 0 | 0 | 0 | X | X | 6 
---|---|---|---|---|---|---|---|---|---
 7 | X |   | X |   | 0 |   |   |   | 7 
---|---|---|---|---|---|---|---|---|---
 8 |   |   | X |   |   |   |   |   | 8 
---|---|---|---|---|---|---|---|---|---
   | 1 | 2 | 3 | 4 | 5 | 6 | 7 | 8 |

It took 0 seconds to make this move...


Black to move
BEXXXXXXXEOXOOOOOOOOXXXOOOOOOXOOOOOXOOOOXEOXOOOXXXEXEOEEEEEXEEEEE
(8,5) Depth reached: 8, Nodes searched: 102012
   | 1 | 2 | 3 | 4 | 5 | 6 | 7 | 8 |
---|---|---|---|---|---|---|---|---|---
 1 |   | X | X | X | X | X | X | X | 1 
---|---|---|---|---|---|---|---|---|---
 2 |   | 0 | X | 0 | 0 | 0 | 0 | 0 | 2 
---|---|---|---|---|---|---|---|---|---
 3 | 0 | 0 | 0 | X | X | X | 0 | 0 | 3 
---|---|---|---|---|---|---|---|---|---
 4 | 0 | 0 | 0 | 0 | X | 0 | 0 | 0 | 4 
---|---|---|---|---|---|---|---|---|---
 5 | 0 | 0 | X | 0 | X | 0 | 0 | X | 5 
---|---|---|---|---|---|---|---|---|---
 6 |   | 0 | X | 0 | X | 0 | X | X | 6 
---|---|---|---|---|---|---|---|---|---
 7 | X |   | X |   | X |   |   |   | 7 
---|---|---|---|---|---|---|---|---|---
 8 |   |   | X |   | X |   |   |   | 8 
---|---|---|---|---|---|---|---|---|---
   | 1 | 2 | 3 | 4 | 5 | 6 | 7 | 8 |

It took 8 seconds to make this move...


White to move
WEXXXXXXXEOXOOOOOOOOXXXOOOOOOXOOOOOXOXOOXEOXOXOXXXEXEXEEEEEXEXEEE
(7,4)
   | 1 | 2 | 3 | 4 | 5 | 6 | 7 | 8 |
---|---|---|---|---|---|---|---|---|---
 1 |   | X | X | X | X | X | X | X | 1 
---|---|---|---|---|---|---|---|---|---
 2 |   | 0 | X | 0 | 0 | 0 | 0 | 0 | 2 
---|---|---|---|---|---|---|---|---|---
 3 | 0 | 0 | 0 | X | X | X | 0 | 0 | 3 
---|---|---|---|---|---|---|---|---|---
 4 | 0 | 0 | 0 | 0 | X | 0 | 0 | 0 | 4 
---|---|---|---|---|---|---|---|---|---
 5 | 0 | 0 | X | 0 | X | 0 | 0 | X | 5 
---|---|---|---|---|---|---|---|---|---
 6 |   | 0 | 0 | 0 | 0 | 0 | X | X | 6 
---|---|---|---|---|---|---|---|---|---
 7 | X |   | X | 0 | X |   |   |   | 7 
---|---|---|---|---|---|---|---|---|---
 8 |   |   | X |   | X |   |   |   | 8 
---|---|---|---|---|---|---|---|---|---
   | 1 | 2 | 3 | 4 | 5 | 6 | 7 | 8 |

It took 0 seconds to make this move...


Black to move
BEXXXXXXXEOXOOOOOOOOXXXOOOOOOXOOOOOXOXOOXEOOOOOXXXEXOXEEEEEXEXEEE
(8,4) Depth reached: 10, Nodes searched: 29350
   | 1 | 2 | 3 | 4 | 5 | 6 | 7 | 8 |
---|---|---|---|---|---|---|---|---|---
 1 |   | X | X | X | X | X | X | X | 1 
---|---|---|---|---|---|---|---|---|---
 2 |   | 0 | X | 0 | 0 | 0 | 0 | 0 | 2 
---|---|---|---|---|---|---|---|---|---
 3 | 0 | 0 | 0 | X | X | X | 0 | 0 | 3 
---|---|---|---|---|---|---|---|---|---
 4 | 0 | 0 | 0 | X | X | 0 | 0 | 0 | 4 
---|---|---|---|---|---|---|---|---|---
 5 | 0 | 0 | X | X | X | 0 | 0 | X | 5 
---|---|---|---|---|---|---|---|---|---
 6 |   | 0 | 0 | X | 0 | 0 | X | X | 6 
---|---|---|---|---|---|---|---|---|---
 7 | X |   | X | X | X |   |   |   | 7 
---|---|---|---|---|---|---|---|---|---
 8 |   |   | X | X | X |   |   |   | 8 
---|---|---|---|---|---|---|---|---|---
   | 1 | 2 | 3 | 4 | 5 | 6 | 7 | 8 |

It took 7 seconds to make this move...


White to move
WEXXXXXXXEOXOOOOOOOOXXXOOOOOXXOOOOOXXXOOXEOOXOOXXXEXXXEEEEEXXXEEE
(8,2)
   | 1 | 2 | 3 | 4 | 5 | 6 | 7 | 8 |
---|---|---|---|---|---|---|---|---|---
 1 |   | X | X | X | X | X | X | X | 1 
---|---|---|---|---|---|---|---|---|---
 2 |   | 0 | X | 0 | 0 | 0 | 0 | 0 | 2 
---|---|---|---|---|---|---|---|---|---
 3 | 0 | 0 | 0 | X | X | X | 0 | 0 | 3 
---|---|---|---|---|---|---|---|---|---
 4 | 0 | 0 | 0 | X | X | 0 | 0 | 0 | 4 
---|---|---|---|---|---|---|---|---|---
 5 | 0 | 0 | X | X | 0 | 0 | 0 | X | 5 
---|---|---|---|---|---|---|---|---|---
 6 |   | 0 | 0 | 0 | 0 | 0 | X | X | 6 
---|---|---|---|---|---|---|---|---|---
 7 | X |   | 0 | X | X |   |   |   | 7 
---|---|---|---|---|---|---|---|---|---
 8 |   | 0 | X | X | X |   |   |   | 8 
---|---|---|---|---|---|---|---|---|---
   | 1 | 2 | 3 | 4 | 5 | 6 | 7 | 8 |

It took 0 seconds to make this move...


Black to move
BEXXXXXXXEOXOOOOOOOOXXXOOOOOXXOOOOOXXOOOXEOOOOOXXXEOXXEEEEOXXXEEE
(1,1) Depth reached: 12, Nodes searched: 33398
   | 1 | 2 | 3 | 4 | 5 | 6 | 7 | 8 |
---|---|---|---|---|---|---|---|---|---
 1 | X | X | X | X | X | X | X | X | 1 
---|---|---|---|---|---|---|---|---|---
 2 |   | X | X | 0 | 0 | 0 | 0 | 0 | 2 
---|---|---|---|---|---|---|---|---|---
 3 | 0 | 0 | X | X | X | X | 0 | 0 | 3 
---|---|---|---|---|---|---|---|---|---
 4 | 0 | 0 | 0 | X | X | 0 | 0 | 0 | 4 
---|---|---|---|---|---|---|---|---|---
 5 | 0 | 0 | X | X | 0 | 0 | 0 | X | 5 
---|---|---|---|---|---|---|---|---|---
 6 |   | 0 | 0 | 0 | 0 | 0 | X | X | 6 
---|---|---|---|---|---|---|---|---|---
 7 | X |   | 0 | X | X |   |   |   | 7 
---|---|---|---|---|---|---|---|---|---
 8 |   | 0 | X | X | X |   |   |   | 8 
---|---|---|---|---|---|---|---|---|---
   | 1 | 2 | 3 | 4 | 5 | 6 | 7 | 8 |

It took 8 seconds to make this move...


White to move
WXXXXXXXXEXXOOOOOOOXXXXOOOOOXXOOOOOXXOOOXEOOOOOXXXEOXXEEEEOXXXEEE
(2,1)
   | 1 | 2 | 3 | 4 | 5 | 6 | 7 | 8 |
---|---|---|---|---|---|---|---|---|---
 1 | X | X | X | X | X | X | X | X | 1 
---|---|---|---|---|---|---|---|---|---
 2 | 0 | 0 | 0 | 0 | 0 | 0 | 0 | 0 | 2 
---|---|---|---|---|---|---|---|---|---
 3 | 0 | 0 | X | X | X | X | 0 | 0 | 3 
---|---|---|---|---|---|---|---|---|---
 4 | 0 | 0 | 0 | X | X | 0 | 0 | 0 | 4 
---|---|---|---|---|---|---|---|---|---
 5 | 0 | 0 | X | X | 0 | 0 | 0 | X | 5 
---|---|---|---|---|---|---|---|---|---
 6 |   | 0 | 0 | 0 | 0 | 0 | X | X | 6 
---|---|---|---|---|---|---|---|---|---
 7 | X |   | 0 | X | X |   |   |   | 7 
---|---|---|---|---|---|---|---|---|---
 8 |   | 0 | X | X | X |   |   |   | 8 
---|---|---|---|---|---|---|---|---|---
   | 1 | 2 | 3 | 4 | 5 | 6 | 7 | 8 |

It took 0 seconds to make this move...


Black to move
BXXXXXXXXOOOOOOOOOOXXXXOOOOOXXOOOOOXXOOOXEOOOOOXXXEOXXEEEEOXXXEEE
(7,6) Depth reached: 26, Nodes searched: 35517
   | 1 | 2 | 3 | 4 | 5 | 6 | 7 | 8 |
---|---|---|---|---|---|---|---|---|---
 1 | X | X | X | X | X | X | X | X | 1 
---|---|---|---|---|---|---|---|---|---
 2 | 0 | 0 | 0 | 0 | 0 | 0 | 0 | 0 | 2 
---|---|---|---|---|---|---|---|---|---
 3 | 0 | 0 | X | X | X | X | 0 | 0 | 3 
---|---|---|---|---|---|---|---|---|---
 4 | 0 | 0 | 0 | X | X | X | 0 | 0 | 4 
---|---|---|---|---|---|---|---|---|---
 5 | 0 | 0 | X | X | 0 | X | 0 | X | 5 
---|---|---|---|---|---|---|---|---|---
 6 |   | 0 | 0 | 0 | X | X | X | X | 6 
---|---|---|---|---|---|---|---|---|---
 7 | X |   | 0 | X | X | X |   |   | 7 
---|---|---|---|---|---|---|---|---|---
 8 |   | 0 | X | X | X |   |   |   | 8 
---|---|---|---|---|---|---|---|---|---
   | 1 | 2 | 3 | 4 | 5 | 6 | 7 | 8 |

It took 7 seconds to make this move...


White to move
WXXXXXXXXOOOOOOOOOOXXXXOOOOOXXXOOOOXXOXOXEOOOXXXXXEOXXXEEEOXXXEEE
(8,6)
   | 1 | 2 | 3 | 4 | 5 | 6 | 7 | 8 |
---|---|---|---|---|---|---|---|---|---
 1 | X | X | X | X | X | X | X | X | 1 
---|---|---|---|---|---|---|---|---|---
 2 | 0 | 0 | 0 | 0 | 0 | 0 | 0 | 0 | 2 
---|---|---|---|---|---|---|---|---|---
 3 | 0 | 0 | X | X | X | 0 | 0 | 0 | 3 
---|---|---|---|---|---|---|---|---|---
 4 | 0 | 0 | 0 | X | X | 0 | 0 | 0 | 4 
---|---|---|---|---|---|---|---|---|---
 5 | 0 | 0 | X | X | 0 | 0 | 0 | X | 5 
---|---|---|---|---|---|---|---|---|---
 6 |   | 0 | 0 | 0 | X | 0 | X | X | 6 
---|---|---|---|---|---|---|---|---|---
 7 | X |   | 0 | X | 0 | 0 |   |   | 7 
---|---|---|---|---|---|---|---|---|---
 8 |   | 0 | 0 | 0 | 0 | 0 |   |   | 8 
---|---|---|---|---|---|---|---|---|---
   | 1 | 2 | 3 | 4 | 5 | 6 | 7 | 8 |

It took 0 seconds to make this move...


Black to move
BXXXXXXXXOOOOOOOOOOXXXOOOOOOXXOOOOOXXOOOXEOOOXOXXXEOXOOEEEOOOOOEE
(8,7) Depth reached: 77, Nodes searched: 4218
   | 1 | 2 | 3 | 4 | 5 | 6 | 7 | 8 |
---|---|---|---|---|---|---|---|---|---
 1 | X | X | X | X | X | X | X | X | 1 
---|---|---|---|---|---|---|---|---|---
 2 | 0 | 0 | 0 | 0 | 0 | 0 | 0 | 0 | 2 
---|---|---|---|---|---|---|---|---|---
 3 | 0 | 0 | X | X | X | 0 | 0 | 0 | 3 
---|---|---|---|---|---|---|---|---|---
 4 | 0 | 0 | 0 | X | X | 0 | 0 | 0 | 4 
---|---|---|---|---|---|---|---|---|---
 5 | 0 | 0 | X | X | 0 | 0 | 0 | X | 5 
---|---|---|---|---|---|---|---|---|---
 6 |   | 0 | 0 | 0 | X | 0 | X | X | 6 
---|---|---|---|---|---|---|---|---|---
 7 | X |   | 0 | X | 0 | X |   |   | 7 
---|---|---|---|---|---|---|---|---|---
 8 |   | 0 | 0 | 0 | 0 | 0 | X |   | 8 
---|---|---|---|---|---|---|---|---|---
   | 1 | 2 | 3 | 4 | 5 | 6 | 7 | 8 |

It took 8 seconds to make this move...


White to move
WXXXXXXXXOOOOOOOOOOXXXOOOOOOXXOOOOOXXOOOXEOOOXOXXXEOXOXEEEOOOOOXE
(8,8)
   | 1 | 2 | 3 | 4 | 5 | 6 | 7 | 8 |
---|---|---|---|---|---|---|---|---|---
 1 | X | X | X | X | X | X | X | X | 1 
---|---|---|---|---|---|---|---|---|---
 2 | 0 | 0 | 0 | 0 | 0 | 0 | 0 | 0 | 2 
---|---|---|---|---|---|---|---|---|---
 3 | 0 | 0 | X | X | X | 0 | 0 | 0 | 3 
---|---|---|---|---|---|---|---|---|---
 4 | 0 | 0 | 0 | X | X | 0 | 0 | 0 | 4 
---|---|---|---|---|---|---|---|---|---
 5 | 0 | 0 | X | X | 0 | 0 | 0 | X | 5 
---|---|---|---|---|---|---|---|---|---
 6 |   | 0 | 0 | 0 | X | 0 | X | X | 6 
---|---|---|---|---|---|---|---|---|---
 7 | X |   | 0 | X | 0 | X |   |   | 7 
---|---|---|---|---|---|---|---|---|---
 8 |   | 0 | 0 | 0 | 0 | 0 | 0 | 0 | 8 
---|---|---|---|---|---|---|---|---|---
   | 1 | 2 | 3 | 4 | 5 | 6 | 7 | 8 |

It took 0 seconds to make this move...


Black to move
BXXXXXXXXOOOOOOOOOOXXXOOOOOOXXOOOOOXXOOOXEOOOXOXXXEOXOXEEEOOOOOOO
(6,1) Depth reached: 220, Nodes searched: 3223
   | 1 | 2 | 3 | 4 | 5 | 6 | 7 | 8 |
---|---|---|---|---|---|---|---|---|---
 1 | X | X | X | X | X | X | X | X | 1 
---|---|---|---|---|---|---|---|---|---
 2 | X | 0 | 0 | 0 | 0 | 0 | 0 | 0 | 2 
---|---|---|---|---|---|---|---|---|---
 3 | X | 0 | X | X | X | 0 | 0 | 0 | 3 
---|---|---|---|---|---|---|---|---|---
 4 | X | 0 | X | X | X | 0 | 0 | 0 | 4 
---|---|---|---|---|---|---|---|---|---
 5 | X | X | X | X | 0 | 0 | 0 | X | 5 
---|---|---|---|---|---|---|---|---|---
 6 | X | X | X | X | X | 0 | X | X | 6 
---|---|---|---|---|---|---|---|---|---
 7 | X |   | 0 | X | 0 | X |   |   | 7 
---|---|---|---|---|---|---|---|---|---
 8 |   | 0 | 0 | 0 | 0 | 0 | 0 | 0 | 8 
---|---|---|---|---|---|---|---|---|---
   | 1 | 2 | 3 | 4 | 5 | 6 | 7 | 8 |

It took 7 seconds to make this move...


White to move
WXXXXXXXXXOOOOOOOXOXXXOOOXOXXXOOOXXXXOOOXXXXXXOXXXEOXOXEEEOOOOOOO
(7,2)
   | 1 | 2 | 3 | 4 | 5 | 6 | 7 | 8 |
---|---|---|---|---|---|---|---|---|---
 1 | X | X | X | X | X | X | X | X | 1 
---|---|---|---|---|---|---|---|---|---
 2 | X | 0 | 0 | 0 | 0 | 0 | 0 | 0 | 2 
---|---|---|---|---|---|---|---|---|---
 3 | X | 0 | X | X | X | 0 | 0 | 0 | 3 
---|---|---|---|---|---|---|---|---|---
 4 | X | 0 | X | X | 0 | 0 | 0 | 0 | 4 
---|---|---|---|---|---|---|---|---|---
 5 | X | 0 | X | 0 | 0 | 0 | 0 | X | 5 
---|---|---|---|---|---|---|---|---|---
 6 | X | 0 | 0 | X | X | 0 | X | X | 6 
---|---|---|---|---|---|---|---|---|---
 7 | X | 0 | 0 | X | 0 | X |   |   | 7 
---|---|---|---|---|---|---|---|---|---
 8 |   | 0 | 0 | 0 | 0 | 0 | 0 | 0 | 8 
---|---|---|---|---|---|---|---|---|---
   | 1 | 2 | 3 | 4 | 5 | 6 | 7 | 8 |

It took 0 seconds to make this move...


Black to move
BXXXXXXXXXOOOOOOOXOXXXOOOXOXXOOOOXOXOOOOXXOOXXOXXXOOXOXEEEOOOOOOO
(8,1) Depth reached: 482, Nodes searched: 1314
   | 1 | 2 | 3 | 4 | 5 | 6 | 7 | 8 |
---|---|---|---|---|---|---|---|---|---
 1 | X | X | X | X | X | X | X | X | 1 
---|---|---|---|---|---|---|---|---|---
 2 | X | 0 | 0 | 0 | 0 | 0 | X | 0 | 2 
---|---|---|---|---|---|---|---|---|---
 3 | X | 0 | X | X | X | X | 0 | 0 | 3 
---|---|---|---|---|---|---|---|---|---
 4 | X | 0 | X | X | X | 0 | 0 | 0 | 4 
---|---|---|---|---|---|---|---|---|---
 5 | X | 0 | X | X | 0 | 0 | 0 | X | 5 
---|---|---|---|---|---|---|---|---|---
 6 | X | 0 | X | X | X | 0 | X | X | 6 
---|---|---|---|---|---|---|---|---|---
 7 | X | X | 0 | X | 0 | X |   |   | 7 
---|---|---|---|---|---|---|---|---|---
 8 | X | 0 | 0 | 0 | 0 | 0 | 0 | 0 | 8 
---|---|---|---|---|---|---|---|---|---
   | 1 | 2 | 3 | 4 | 5 | 6 | 7 | 8 |

It took 8 seconds to make this move...


White to move
WXXXXXXXXXOOOOOXOXOXXXXOOXOXXXOOOXOXXOOOXXOXXXOXXXXOXOXEEXOOOOOOO
(7,7)
   | 1 | 2 | 3 | 4 | 5 | 6 | 7 | 8 |
---|---|---|---|---|---|---|---|---|---
 1 | X | X | X | X | X | X | X | X | 1 
---|---|---|---|---|---|---|---|---|---
 2 | X | 0 | 0 | 0 | 0 | 0 | X | 0 | 2 
---|---|---|---|---|---|---|---|---|---
 3 | X | 0 | X | X | X | X | 0 | 0 | 3 
---|---|---|---|---|---|---|---|---|---
 4 | X | 0 | X | X | X | 0 | 0 | 0 | 4 
---|---|---|---|---|---|---|---|---|---
 5 | X | 0 | X | X | 0 | 0 | 0 | X | 5 
---|---|---|---|---|---|---|---|---|---
 6 | X | 0 | X | X | X | 0 | 0 | X | 6 
---|---|---|---|---|---|---|---|---|---
 7 | X | X | 0 | X | 0 | 0 | 0 |   | 7 
---|---|---|---|---|---|---|---|---|---
 8 | X | 0 | 0 | 0 | 0 | 0 | 0 | 0 | 8 
---|---|---|---|---|---|---|---|---|---
   | 1 | 2 | 3 | 4 | 5 | 6 | 7 | 8 |

It took 0 seconds to make this move...


Black to move
BXXXXXXXXXOOOOOXOXOXXXXOOXOXXXOOOXOXXOOOXXOXXXOOXXXOXOOOEXOOOOOOO
(7,8) Depth reached: 815, Nodes searched: 609
   | 1 | 2 | 3 | 4 | 5 | 6 | 7 | 8 |
---|---|---|---|---|---|---|---|---|---
 1 | X | X | X | X | X | X | X | X | 1 
---|---|---|---|---|---|---|---|---|---
 2 | X | 0 | 0 | 0 | 0 | 0 | X | 0 | 2 
---|---|---|---|---|---|---|---|---|---
 3 | X | 0 | X | X | X | X | 0 | 0 | 3 
---|---|---|---|---|---|---|---|---|---
 4 | X | 0 | X | X | X | 0 | 0 | 0 | 4 
---|---|---|---|---|---|---|---|---|---
 5 | X | 0 | X | X | 0 | X | 0 | X | 5 
---|---|---|---|---|---|---|---|---|---
 6 | X | 0 | X | X | X | 0 | X | X | 6 
---|---|---|---|---|---|---|---|---|---
 7 | X | X | 0 | X | X | X | X | X | 7 
---|---|---|---|---|---|---|---|---|---
 8 | X | 0 | 0 | 0 | 0 | 0 | 0 | 0 | 8 
---|---|---|---|---|---|---|---|---|---
   | 1 | 2 | 3 | 4 | 5 | 6 | 7 | 8 |

It took 7 seconds to make this move...


White to move
WXXXXXXXXXOOOOOXOXOXXXXOOXOXXXOOOXOXXOXOXXOXXXOXXXXOXXXXXXOOOOOOO
pass
   | 1 | 2 | 3 | 4 | 5 | 6 | 7 | 8 |
---|---|---|---|---|---|---|---|---|---
 1 | X | X | X | X | X | X | X | X | 1 
---|---|---|---|---|---|---|---|---|---
 2 | X | 0 | 0 | 0 | 0 | 0 | X | 0 | 2 
---|---|---|---|---|---|---|---|---|---
 3 | X | 0 | X | X | X | X | 0 | 0 | 3 
---|---|---|---|---|---|---|---|---|---
 4 | X | 0 | X | X | X | 0 | 0 | 0 | 4 
---|---|---|---|---|---|---|---|---|---
 5 | X | 0 | X | X | 0 | X | 0 | X | 5 
---|---|---|---|---|---|---|---|---|---
 6 | X | 0 | X | X | X | 0 | X | X | 6 
---|---|---|---|---|---|---|---|---|---
 7 | X | X | 0 | X | X | X | X | X | 7 
---|---|---|---|---|---|---|---|---|---
 8 | X | 0 | 0 | 0 | 0 | 0 | 0 | 0 | 8 
---|---|---|---|---|---|---|---|---|---
   | 1 | 2 | 3 | 4 | 5 | 6 | 7 | 8 |

It took 0 seconds to make this move...


Black to move
BXXXXXXXXXOOOOOXOXOXXXXOOXOXXXOOOXOXXOXOXXOXXXOXXXXOXXXXXXOOOOOOO
pass
   | 1 | 2 | 3 | 4 | 5 | 6 | 7 | 8 |
---|---|---|---|---|---|---|---|---|---
 1 | X | X | X | X | X | X | X | X | 1 
---|---|---|---|---|---|---|---|---|---
 2 | X | 0 | 0 | 0 | 0 | 0 | X | 0 | 2 
---|---|---|---|---|---|---|---|---|---
 3 | X | 0 | X | X | X | X | 0 | 0 | 3 
---|---|---|---|---|---|---|---|---|---
 4 | X | 0 | X | X | X | 0 | 0 | 0 | 4 
---|---|---|---|---|---|---|---|---|---
 5 | X | 0 | X | X | 0 | X | 0 | X | 5 
---|---|---|---|---|---|---|---|---|---
 6 | X | 0 | X | X | X | 0 | X | X | 6 
---|---|---|---|---|---|---|---|---|---
 7 | X | X | 0 | X | X | X | X | X | 7 
---|---|---|---|---|---|---|---|---|---
 8 | X | 0 | 0 | 0 | 0 | 0 | 0 | 0 | 8 
---|---|---|---|---|---|---|---|---|---
   | 1 | 2 | 3 | 4 | 5 | 6 | 7 | 8 |

It took 8 seconds to make this move...
***************************************
Results for ./othello_naive.sh vs. ../Python/othello.sh:
Black won with 12 points
Average time for white: 0.2 s (max: 1 s)
Average time for black: 7.4 s (max: 8 s)
***************************************
