   | 1 | 2 | 3 | 4 | 5 | 6 | 7 | 8 |
---|---|---|---|---|---|---|---|---|---
 1 |   |   |   |   |   |   |   |   | 1 
---|---|---|---|---|---|---|---|---|---
 2 |   |   |   |   |   |   |   |   | 2 
---|---|---|---|---|---|---|---|---|---
 3 |   |   |   |   |   |   |   |   | 3 
---|---|---|---|---|---|---|---|---|---
 4 |   |   |   | 0 | X |   |   |   | 4 
---|---|---|---|---|---|---|---|---|---
 5 |   |   |   | X | 0 |   |   |   | 5 
---|---|---|---|---|---|---|---|---|---
 6 |   |   |   |   |   |   |   |   | 6 
---|---|---|---|---|---|---|---|---|---
 7 |   |   |   |   |   |   |   |   | 7 
---|---|---|---|---|---|---|---|---|---
 8 |   |   |   |   |   |   |   |   | 8 
---|---|---|---|---|---|---|---|---|---
   | 1 | 2 | 3 | 4 | 5 | 6 | 7 | 8 |



White to move
WEEEEEEEEEEEEEEEEEEEEEEEEEEEOXEEEEEEXOEEEEEEEEEEEEEEEEEEEEEEEEEEE
(3,5) Depth reached: 9, Nodes searched: 7517
   | 1 | 2 | 3 | 4 | 5 | 6 | 7 | 8 |
---|---|---|---|---|---|---|---|---|---
 1 |   |   |   |   |   |   |   |   | 1 
---|---|---|---|---|---|---|---|---|---
 2 |   |   |   |   |   |   |   |   | 2 
---|---|---|---|---|---|---|---|---|---
 3 |   |   |   |   | 0 |   |   |   | 3 
---|---|---|---|---|---|---|---|---|---
 4 |   |   |   | 0 | 0 |   |   |   | 4 
---|---|---|---|---|---|---|---|---|---
 5 |   |   |   | X | 0 |   |   |   | 5 
---|---|---|---|---|---|---|---|---|---
 6 |   |   |   |   |   |   |   |   | 6 
---|---|---|---|---|---|---|---|---|---
 7 |   |   |   |   |   |   |   |   | 7 
---|---|---|---|---|---|---|---|---|---
 8 |   |   |   |   |   |   |   |   | 8 
---|---|---|---|---|---|---|---|---|---
   | 1 | 2 | 3 | 4 | 5 | 6 | 7 | 8 |

It took 7 seconds to make this move...


Black to move
BEEEEEEEEEEEEEEEEEEEEOEEEEEEOOEEEEEEXOEEEEEEEEEEEEEEEEEEEEEEEEEEE
(3,4)
   | 1 | 2 | 3 | 4 | 5 | 6 | 7 | 8 |
---|---|---|---|---|---|---|---|---|---
 1 |   |   |   |   |   |   |   |   | 1 
---|---|---|---|---|---|---|---|---|---
 2 |   |   |   |   |   |   |   |   | 2 
---|---|---|---|---|---|---|---|---|---
 3 |   |   |   | X | 0 |   |   |   | 3 
---|---|---|---|---|---|---|---|---|---
 4 |   |   |   | X | 0 |   |   |   | 4 
---|---|---|---|---|---|---|---|---|---
 5 |   |   |   | X | 0 |   |   |   | 5 
---|---|---|---|---|---|---|---|---|---
 6 |   |   |   |   |   |   |   |   | 6 
---|---|---|---|---|---|---|---|---|---
 7 |   |   |   |   |   |   |   |   | 7 
---|---|---|---|---|---|---|---|---|---
 8 |   |   |   |   |   |   |   |   | 8 
---|---|---|---|---|---|---|---|---|---
   | 1 | 2 | 3 | 4 | 5 | 6 | 7 | 8 |

It took 0 seconds to make this move...


White to move
WEEEEEEEEEEEEEEEEEEEXOEEEEEEXOEEEEEEXOEEEEEEEEEEEEEEEEEEEEEEEEEEE
(3,3) Depth reached: 8, Nodes searched: 9308
   | 1 | 2 | 3 | 4 | 5 | 6 | 7 | 8 |
---|---|---|---|---|---|---|---|---|---
 1 |   |   |   |   |   |   |   |   | 1 
---|---|---|---|---|---|---|---|---|---
 2 |   |   |   |   |   |   |   |   | 2 
---|---|---|---|---|---|---|---|---|---
 3 |   |   | 0 | 0 | 0 |   |   |   | 3 
---|---|---|---|---|---|---|---|---|---
 4 |   |   |   | 0 | 0 |   |   |   | 4 
---|---|---|---|---|---|---|---|---|---
 5 |   |   |   | X | 0 |   |   |   | 5 
---|---|---|---|---|---|---|---|---|---
 6 |   |   |   |   |   |   |   |   | 6 
---|---|---|---|---|---|---|---|---|---
 7 |   |   |   |   |   |   |   |   | 7 
---|---|---|---|---|---|---|---|---|---
 8 |   |   |   |   |   |   |   |   | 8 
---|---|---|---|---|---|---|---|---|---
   | 1 | 2 | 3 | 4 | 5 | 6 | 7 | 8 |

It took 8 seconds to make this move...


Black to move
BEEEEEEEEEEEEEEEEEEOOOEEEEEEOOEEEEEEXOEEEEEEEEEEEEEEEEEEEEEEEEEEE
(3,6)
   | 1 | 2 | 3 | 4 | 5 | 6 | 7 | 8 |
---|---|---|---|---|---|---|---|---|---
 1 |   |   |   |   |   |   |   |   | 1 
---|---|---|---|---|---|---|---|---|---
 2 |   |   |   |   |   |   |   |   | 2 
---|---|---|---|---|---|---|---|---|---
 3 |   |   | 0 | 0 | 0 | X |   |   | 3 
---|---|---|---|---|---|---|---|---|---
 4 |   |   |   | 0 | X |   |   |   | 4 
---|---|---|---|---|---|---|---|---|---
 5 |   |   |   | X | 0 |   |   |   | 5 
---|---|---|---|---|---|---|---|---|---
 6 |   |   |   |   |   |   |   |   | 6 
---|---|---|---|---|---|---|---|---|---
 7 |   |   |   |   |   |   |   |   | 7 
---|---|---|---|---|---|---|---|---|---
 8 |   |   |   |   |   |   |   |   | 8 
---|---|---|---|---|---|---|---|---|---
   | 1 | 2 | 3 | 4 | 5 | 6 | 7 | 8 |

It took 0 seconds to make this move...


White to move
WEEEEEEEEEEEEEEEEEEOOOXEEEEEOXEEEEEEXOEEEEEEEEEEEEEEEEEEEEEEEEEEE
(4,6) Depth reached: 7, Nodes searched: 29627
   | 1 | 2 | 3 | 4 | 5 | 6 | 7 | 8 |
---|---|---|---|---|---|---|---|---|---
 1 |   |   |   |   |   |   |   |   | 1 
---|---|---|---|---|---|---|---|---|---
 2 |   |   |   |   |   |   |   |   | 2 
---|---|---|---|---|---|---|---|---|---
 3 |   |   | 0 | 0 | 0 | X |   |   | 3 
---|---|---|---|---|---|---|---|---|---
 4 |   |   |   | 0 | 0 | 0 |   |   | 4 
---|---|---|---|---|---|---|---|---|---
 5 |   |   |   | X | 0 |   |   |   | 5 
---|---|---|---|---|---|---|---|---|---
 6 |   |   |   |   |   |   |   |   | 6 
---|---|---|---|---|---|---|---|---|---
 7 |   |   |   |   |   |   |   |   | 7 
---|---|---|---|---|---|---|---|---|---
 8 |   |   |   |   |   |   |   |   | 8 
---|---|---|---|---|---|---|---|---|---
   | 1 | 2 | 3 | 4 | 5 | 6 | 7 | 8 |

It took 7 seconds to make this move...


Black to move
BEEEEEEEEEEEEEEEEEEOOOXEEEEEOOOEEEEEXOEEEEEEEEEEEEEEEEEEEEEEEEEEE
(5,6)
   | 1 | 2 | 3 | 4 | 5 | 6 | 7 | 8 |
---|---|---|---|---|---|---|---|---|---
 1 |   |   |   |   |   |   |   |   | 1 
---|---|---|---|---|---|---|---|---|---
 2 |   |   |   |   |   |   |   |   | 2 
---|---|---|---|---|---|---|---|---|---
 3 |   |   | 0 | 0 | 0 | X |   |   | 3 
---|---|---|---|---|---|---|---|---|---
 4 |   |   |   | 0 | 0 | X |   |   | 4 
---|---|---|---|---|---|---|---|---|---
 5 |   |   |   | X | X | X |   |   | 5 
---|---|---|---|---|---|---|---|---|---
 6 |   |   |   |   |   |   |   |   | 6 
---|---|---|---|---|---|---|---|---|---
 7 |   |   |   |   |   |   |   |   | 7 
---|---|---|---|---|---|---|---|---|---
 8 |   |   |   |   |   |   |   |   | 8 
---|---|---|---|---|---|---|---|---|---
   | 1 | 2 | 3 | 4 | 5 | 6 | 7 | 8 |

It took 0 seconds to make this move...


White to move
WEEEEEEEEEEEEEEEEEEOOOXEEEEEOOXEEEEEXXXEEEEEEEEEEEEEEEEEEEEEEEEEE
(6,4) Depth reached: 6, Nodes searched: 18649
   | 1 | 2 | 3 | 4 | 5 | 6 | 7 | 8 |
---|---|---|---|---|---|---|---|---|---
 1 |   |   |   |   |   |   |   |   | 1 
---|---|---|---|---|---|---|---|---|---
 2 |   |   |   |   |   |   |   |   | 2 
---|---|---|---|---|---|---|---|---|---
 3 |   |   | 0 | 0 | 0 | X |   |   | 3 
---|---|---|---|---|---|---|---|---|---
 4 |   |   |   | 0 | 0 | X |   |   | 4 
---|---|---|---|---|---|---|---|---|---
 5 |   |   |   | 0 | X | X |   |   | 5 
---|---|---|---|---|---|---|---|---|---
 6 |   |   |   | 0 |   |   |   |   | 6 
---|---|---|---|---|---|---|---|---|---
 7 |   |   |   |   |   |   |   |   | 7 
---|---|---|---|---|---|---|---|---|---
 8 |   |   |   |   |   |   |   |   | 8 
---|---|---|---|---|---|---|---|---|---
   | 1 | 2 | 3 | 4 | 5 | 6 | 7 | 8 |

It took 7 seconds to make this move...


Black to move
BEEEEEEEEEEEEEEEEEEOOOXEEEEEOOXEEEEEOXXEEEEEOEEEEEEEEEEEEEEEEEEEE
(2,2)
   | 1 | 2 | 3 | 4 | 5 | 6 | 7 | 8 |
---|---|---|---|---|---|---|---|---|---
 1 |   |   |   |   |   |   |   |   | 1 
---|---|---|---|---|---|---|---|---|---
 2 |   | X |   |   |   |   |   |   | 2 
---|---|---|---|---|---|---|---|---|---
 3 |   |   | X | 0 | 0 | X |   |   | 3 
---|---|---|---|---|---|---|---|---|---
 4 |   |   |   | X | 0 | X |   |   | 4 
---|---|---|---|---|---|---|---|---|---
 5 |   |   |   | 0 | X | X |   |   | 5 
---|---|---|---|---|---|---|---|---|---
 6 |   |   |   | 0 |   |   |   |   | 6 
---|---|---|---|---|---|---|---|---|---
 7 |   |   |   |   |   |   |   |   | 7 
---|---|---|---|---|---|---|---|---|---
 8 |   |   |   |   |   |   |   |   | 8 
---|---|---|---|---|---|---|---|---|---
   | 1 | 2 | 3 | 4 | 5 | 6 | 7 | 8 |

It took 0 seconds to make this move...


White to move
WEEEEEEEEEXEEEEEEEEXOOXEEEEEXOXEEEEEOXXEEEEEOEEEEEEEEEEEEEEEEEEEE
(5,7) Depth reached: 6, Nodes searched: 27806
   | 1 | 2 | 3 | 4 | 5 | 6 | 7 | 8 |
---|---|---|---|---|---|---|---|---|---
 1 |   |   |   |   |   |   |   |   | 1 
---|---|---|---|---|---|---|---|---|---
 2 |   | X |   |   |   |   |   |   | 2 
---|---|---|---|---|---|---|---|---|---
 3 |   |   | X | 0 | 0 | X |   |   | 3 
---|---|---|---|---|---|---|---|---|---
 4 |   |   |   | X | 0 | 0 |   |   | 4 
---|---|---|---|---|---|---|---|---|---
 5 |   |   |   | 0 | 0 | 0 | 0 |   | 5 
---|---|---|---|---|---|---|---|---|---
 6 |   |   |   | 0 |   |   |   |   | 6 
---|---|---|---|---|---|---|---|---|---
 7 |   |   |   |   |   |   |   |   | 7 
---|---|---|---|---|---|---|---|---|---
 8 |   |   |   |   |   |   |   |   | 8 
---|---|---|---|---|---|---|---|---|---
   | 1 | 2 | 3 | 4 | 5 | 6 | 7 | 8 |

It took 8 seconds to make this move...


Black to move
BEEEEEEEEEXEEEEEEEEXOOXEEEEEXOOEEEEEOOOOEEEEOEEEEEEEEEEEEEEEEEEEE
(6,3)
   | 1 | 2 | 3 | 4 | 5 | 6 | 7 | 8 |
---|---|---|---|---|---|---|---|---|---
 1 |   |   |   |   |   |   |   |   | 1 
---|---|---|---|---|---|---|---|---|---
 2 |   | X |   |   |   |   |   |   | 2 
---|---|---|---|---|---|---|---|---|---
 3 |   |   | X | 0 | 0 | X |   |   | 3 
---|---|---|---|---|---|---|---|---|---
 4 |   |   |   | X | X | 0 |   |   | 4 
---|---|---|---|---|---|---|---|---|---
 5 |   |   |   | X | 0 | 0 | 0 |   | 5 
---|---|---|---|---|---|---|---|---|---
 6 |   |   | X | 0 |   |   |   |   | 6 
---|---|---|---|---|---|---|---|---|---
 7 |   |   |   |   |   |   |   |   | 7 
---|---|---|---|---|---|---|---|---|---
 8 |   |   |   |   |   |   |   |   | 8 
---|---|---|---|---|---|---|---|---|---
   | 1 | 2 | 3 | 4 | 5 | 6 | 7 | 8 |

It took 0 seconds to make this move...


White to move
WEEEEEEEEEXEEEEEEEEXOOXEEEEEXXOEEEEEXOOOEEEXOEEEEEEEEEEEEEEEEEEEE
(1,1) Depth reached: 6, Nodes searched: 33762
   | 1 | 2 | 3 | 4 | 5 | 6 | 7 | 8 |
---|---|---|---|---|---|---|---|---|---
 1 | 0 |   |   |   |   |   |   |   | 1 
---|---|---|---|---|---|---|---|---|---
 2 |   | 0 |   |   |   |   |   |   | 2 
---|---|---|---|---|---|---|---|---|---
 3 |   |   | 0 | 0 | 0 | X |   |   | 3 
---|---|---|---|---|---|---|---|---|---
 4 |   |   |   | 0 | X | 0 |   |   | 4 
---|---|---|---|---|---|---|---|---|---
 5 |   |   |   | X | 0 | 0 | 0 |   | 5 
---|---|---|---|---|---|---|---|---|---
 6 |   |   | X | 0 |   |   |   |   | 6 
---|---|---|---|---|---|---|---|---|---
 7 |   |   |   |   |   |   |   |   | 7 
---|---|---|---|---|---|---|---|---|---
 8 |   |   |   |   |   |   |   |   | 8 
---|---|---|---|---|---|---|---|---|---
   | 1 | 2 | 3 | 4 | 5 | 6 | 7 | 8 |

It took 7 seconds to make this move...


Black to move
BOEEEEEEEEOEEEEEEEEOOOXEEEEEOXOEEEEEXOOOEEEXOEEEEEEEEEEEEEEEEEEEE
(5,8)
   | 1 | 2 | 3 | 4 | 5 | 6 | 7 | 8 |
---|---|---|---|---|---|---|---|---|---
 1 | 0 |   |   |   |   |   |   |   | 1 
---|---|---|---|---|---|---|---|---|---
 2 |   | 0 |   |   |   |   |   |   | 2 
---|---|---|---|---|---|---|---|---|---
 3 |   |   | 0 | 0 | 0 | X |   |   | 3 
---|---|---|---|---|---|---|---|---|---
 4 |   |   |   | 0 | X | 0 |   |   | 4 
---|---|---|---|---|---|---|---|---|---
 5 |   |   |   | X | X | X | X | X | 5 
---|---|---|---|---|---|---|---|---|---
 6 |   |   | X | 0 |   |   |   |   | 6 
---|---|---|---|---|---|---|---|---|---
 7 |   |   |   |   |   |   |   |   | 7 
---|---|---|---|---|---|---|---|---|---
 8 |   |   |   |   |   |   |   |   | 8 
---|---|---|---|---|---|---|---|---|---
   | 1 | 2 | 3 | 4 | 5 | 6 | 7 | 8 |

It took 0 seconds to make this move...


White to move
WOEEEEEEEEOEEEEEEEEOOOXEEEEEOXOEEEEEXXXXXEEXOEEEEEEEEEEEEEEEEEEEE
(6,8) Depth reached: 6, Nodes searched: 23493
   | 1 | 2 | 3 | 4 | 5 | 6 | 7 | 8 |
---|---|---|---|---|---|---|---|---|---
 1 | 0 |   |   |   |   |   |   |   | 1 
---|---|---|---|---|---|---|---|---|---
 2 |   | 0 |   |   |   |   |   |   | 2 
---|---|---|---|---|---|---|---|---|---
 3 |   |   | 0 | 0 | 0 | X |   |   | 3 
---|---|---|---|---|---|---|---|---|---
 4 |   |   |   | 0 | X | 0 |   |   | 4 
---|---|---|---|---|---|---|---|---|---
 5 |   |   |   | X | X | X | 0 | X | 5 
---|---|---|---|---|---|---|---|---|---
 6 |   |   | X | 0 |   |   |   | 0 | 6 
---|---|---|---|---|---|---|---|---|---
 7 |   |   |   |   |   |   |   |   | 7 
---|---|---|---|---|---|---|---|---|---
 8 |   |   |   |   |   |   |   |   | 8 
---|---|---|---|---|---|---|---|---|---
   | 1 | 2 | 3 | 4 | 5 | 6 | 7 | 8 |

It took 7 seconds to make this move...


Black to move
BOEEEEEEEEOEEEEEEEEOOOXEEEEEOXOEEEEEXXXOXEEXOEEEOEEEEEEEEEEEEEEEE
(3,2)
   | 1 | 2 | 3 | 4 | 5 | 6 | 7 | 8 |
---|---|---|---|---|---|---|---|---|---
 1 | 0 |   |   |   |   |   |   |   | 1 
---|---|---|---|---|---|---|---|---|---
 2 |   | 0 |   |   |   |   |   |   | 2 
---|---|---|---|---|---|---|---|---|---
 3 |   | X | X | X | X | X |   |   | 3 
---|---|---|---|---|---|---|---|---|---
 4 |   |   |   | 0 | X | 0 |   |   | 4 
---|---|---|---|---|---|---|---|---|---
 5 |   |   |   | X | X | X | 0 | X | 5 
---|---|---|---|---|---|---|---|---|---
 6 |   |   | X | 0 |   |   |   | 0 | 6 
---|---|---|---|---|---|---|---|---|---
 7 |   |   |   |   |   |   |   |   | 7 
---|---|---|---|---|---|---|---|---|---
 8 |   |   |   |   |   |   |   |   | 8 
---|---|---|---|---|---|---|---|---|---
   | 1 | 2 | 3 | 4 | 5 | 6 | 7 | 8 |

It took 0 seconds to make this move...


White to move
WOEEEEEEEEOEEEEEEEXXXXXEEEEEOXOEEEEEXXXOXEEXOEEEOEEEEEEEEEEEEEEEE
(6,6) Depth reached: 7, Nodes searched: 2679
   | 1 | 2 | 3 | 4 | 5 | 6 | 7 | 8 |
---|---|---|---|---|---|---|---|---|---
 1 | 0 |   |   |   |   |   |   |   | 1 
---|---|---|---|---|---|---|---|---|---
 2 |   | 0 |   |   |   |   |   |   | 2 
---|---|---|---|---|---|---|---|---|---
 3 |   | X | X | X | X | X |   |   | 3 
---|---|---|---|---|---|---|---|---|---
 4 |   |   |   | 0 | X | 0 |   |   | 4 
---|---|---|---|---|---|---|---|---|---
 5 |   |   |   | X | 0 | 0 | 0 | X | 5 
---|---|---|---|---|---|---|---|---|---
 6 |   |   | X | 0 |   | 0 |   | 0 | 6 
---|---|---|---|---|---|---|---|---|---
 7 |   |   |   |   |   |   |   |   | 7 
---|---|---|---|---|---|---|---|---|---
 8 |   |   |   |   |   |   |   |   | 8 
---|---|---|---|---|---|---|---|---|---
   | 1 | 2 | 3 | 4 | 5 | 6 | 7 | 8 |

It took 8 seconds to make this move...


Black to move
BOEEEEEEEEOEEEEEEEXXXXXEEEEEOXOEEEEEXOOOXEEXOEOEOEEEEEEEEEEEEEEEE
(1,2)
   | 1 | 2 | 3 | 4 | 5 | 6 | 7 | 8 |
---|---|---|---|---|---|---|---|---|---
 1 | 0 | X |   |   |   |   |   |   | 1 
---|---|---|---|---|---|---|---|---|---
 2 |   | X |   |   |   |   |   |   | 2 
---|---|---|---|---|---|---|---|---|---
 3 |   | X | X | X | X | X |   |   | 3 
---|---|---|---|---|---|---|---|---|---
 4 |   |   |   | 0 | X | 0 |   |   | 4 
---|---|---|---|---|---|---|---|---|---
 5 |   |   |   | X | 0 | 0 | 0 | X | 5 
---|---|---|---|---|---|---|---|---|---
 6 |   |   | X | 0 |   | 0 |   | 0 | 6 
---|---|---|---|---|---|---|---|---|---
 7 |   |   |   |   |   |   |   |   | 7 
---|---|---|---|---|---|---|---|---|---
 8 |   |   |   |   |   |   |   |   | 8 
---|---|---|---|---|---|---|---|---|---
   | 1 | 2 | 3 | 4 | 5 | 6 | 7 | 8 |

It took 0 seconds to make this move...


White to move
WOXEEEEEEEXEEEEEEEXXXXXEEEEEOXOEEEEEXOOOXEEXOEOEOEEEEEEEEEEEEEEEE
(1,3) Depth reached: 7, Nodes searched: 689
   | 1 | 2 | 3 | 4 | 5 | 6 | 7 | 8 |
---|---|---|---|---|---|---|---|---|---
 1 | 0 | 0 | 0 |   |   |   |   |   | 1 
---|---|---|---|---|---|---|---|---|---
 2 |   | X |   |   |   |   |   |   | 2 
---|---|---|---|---|---|---|---|---|---
 3 |   | X | X | X | X | X |   |   | 3 
---|---|---|---|---|---|---|---|---|---
 4 |   |   |   | 0 | X | 0 |   |   | 4 
---|---|---|---|---|---|---|---|---|---
 5 |   |   |   | X | 0 | 0 | 0 | X | 5 
---|---|---|---|---|---|---|---|---|---
 6 |   |   | X | 0 |   | 0 |   | 0 | 6 
---|---|---|---|---|---|---|---|---|---
 7 |   |   |   |   |   |   |   |   | 7 
---|---|---|---|---|---|---|---|---|---
 8 |   |   |   |   |   |   |   |   | 8 
---|---|---|---|---|---|---|---|---|---
   | 1 | 2 | 3 | 4 | 5 | 6 | 7 | 8 |

It took 7 seconds to make this move...


Black to move
BOOOEEEEEEXEEEEEEEXXXXXEEEEEOXOEEEEEXOOOXEEXOEOEOEEEEEEEEEEEEEEEE
(6,5)
   | 1 | 2 | 3 | 4 | 5 | 6 | 7 | 8 |
---|---|---|---|---|---|---|---|---|---
 1 | 0 | 0 | 0 |   |   |   |   |   | 1 
---|---|---|---|---|---|---|---|---|---
 2 |   | X |   |   |   |   |   |   | 2 
---|---|---|---|---|---|---|---|---|---
 3 |   | X | X | X | X | X |   |   | 3 
---|---|---|---|---|---|---|---|---|---
 4 |   |   |   | 0 | X | 0 |   |   | 4 
---|---|---|---|---|---|---|---|---|---
 5 |   |   |   | X | X | 0 | 0 | X | 5 
---|---|---|---|---|---|---|---|---|---
 6 |   |   | X | X | X | 0 |   | 0 | 6 
---|---|---|---|---|---|---|---|---|---
 7 |   |   |   |   |   |   |   |   | 7 
---|---|---|---|---|---|---|---|---|---
 8 |   |   |   |   |   |   |   |   | 8 
---|---|---|---|---|---|---|---|---|---
   | 1 | 2 | 3 | 4 | 5 | 6 | 7 | 8 |

It took 1 seconds to make this move...


White to move
WOOOEEEEEEXEEEEEEEXXXXXEEEEEOXOEEEEEXXOOXEEXXXOEOEEEEEEEEEEEEEEEE
(3,1) Depth reached: 6, Nodes searched: 29194
   | 1 | 2 | 3 | 4 | 5 | 6 | 7 | 8 |
---|---|---|---|---|---|---|---|---|---
 1 | 0 | 0 | 0 |   |   |   |   |   | 1 
---|---|---|---|---|---|---|---|---|---
 2 |   | 0 |   |   |   |   |   |   | 2 
---|---|---|---|---|---|---|---|---|---
 3 | 0 | X | X | X | X | X |   |   | 3 
---|---|---|---|---|---|---|---|---|---
 4 |   |   |   | 0 | X | 0 |   |   | 4 
---|---|---|---|---|---|---|---|---|---
 5 |   |   |   | X | X | 0 | 0 | X | 5 
---|---|---|---|---|---|---|---|---|---
 6 |   |   | X | X | X | 0 |   | 0 | 6 
---|---|---|---|---|---|---|---|---|---
 7 |   |   |   |   |   |   |   |   | 7 
---|---|---|---|---|---|---|---|---|---
 8 |   |   |   |   |   |   |   |   | 8 
---|---|---|---|---|---|---|---|---|---
   | 1 | 2 | 3 | 4 | 5 | 6 | 7 | 8 |

It took 7 seconds to make this move...


Black to move
BOOOEEEEEEOEEEEEEOXXXXXEEEEEOXOEEEEEXXOOXEEXXXOEOEEEEEEEEEEEEEEEE
(7,8)
   | 1 | 2 | 3 | 4 | 5 | 6 | 7 | 8 |
---|---|---|---|---|---|---|---|---|---
 1 | 0 | 0 | 0 |   |   |   |   |   | 1 
---|---|---|---|---|---|---|---|---|---
 2 |   | 0 |   |   |   |   |   |   | 2 
---|---|---|---|---|---|---|---|---|---
 3 | 0 | X | X | X | X | X |   |   | 3 
---|---|---|---|---|---|---|---|---|---
 4 |   |   |   | 0 | X | 0 |   |   | 4 
---|---|---|---|---|---|---|---|---|---
 5 |   |   |   | X | X | 0 | 0 | X | 5 
---|---|---|---|---|---|---|---|---|---
 6 |   |   | X | X | X | 0 |   | X | 6 
---|---|---|---|---|---|---|---|---|---
 7 |   |   |   |   |   |   |   | X | 7 
---|---|---|---|---|---|---|---|---|---
 8 |   |   |   |   |   |   |   |   | 8 
---|---|---|---|---|---|---|---|---|---
   | 1 | 2 | 3 | 4 | 5 | 6 | 7 | 8 |

It took 1 seconds to make this move...


White to move
WOOOEEEEEEOEEEEEEOXXXXXEEEEEOXOEEEEEXXOOXEEXXXOEXEEEEEEEXEEEEEEEE
(3,7) Depth reached: 6, Nodes searched: 27336
   | 1 | 2 | 3 | 4 | 5 | 6 | 7 | 8 |
---|---|---|---|---|---|---|---|---|---
 1 | 0 | 0 | 0 |   |   |   |   |   | 1 
---|---|---|---|---|---|---|---|---|---
 2 |   | 0 |   |   |   |   |   |   | 2 
---|---|---|---|---|---|---|---|---|---
 3 | 0 | 0 | 0 | 0 | 0 | 0 | 0 |   | 3 
---|---|---|---|---|---|---|---|---|---
 4 |   |   |   | 0 | X | 0 |   |   | 4 
---|---|---|---|---|---|---|---|---|---
 5 |   |   |   | X | X | 0 | 0 | X | 5 
---|---|---|---|---|---|---|---|---|---
 6 |   |   | X | X | X | 0 |   | X | 6 
---|---|---|---|---|---|---|---|---|---
 7 |   |   |   |   |   |   |   | X | 7 
---|---|---|---|---|---|---|---|---|---
 8 |   |   |   |   |   |   |   |   | 8 
---|---|---|---|---|---|---|---|---|---
   | 1 | 2 | 3 | 4 | 5 | 6 | 7 | 8 |

It took 7 seconds to make this move...


Black to move
BOOOEEEEEEOEEEEEEOOOOOOOEEEEOXOEEEEEXXOOXEEXXXOEXEEEEEEEXEEEEEEEE
(2,4)
   | 1 | 2 | 3 | 4 | 5 | 6 | 7 | 8 |
---|---|---|---|---|---|---|---|---|---
 1 | 0 | 0 | 0 |   |   |   |   |   | 1 
---|---|---|---|---|---|---|---|---|---
 2 |   | 0 |   | X |   |   |   |   | 2 
---|---|---|---|---|---|---|---|---|---
 3 | 0 | 0 | 0 | X | X | 0 | 0 |   | 3 
---|---|---|---|---|---|---|---|---|---
 4 |   |   |   | X | X | X |   |   | 4 
---|---|---|---|---|---|---|---|---|---
 5 |   |   |   | X | X | 0 | X | X | 5 
---|---|---|---|---|---|---|---|---|---
 6 |   |   | X | X | X | 0 |   | X | 6 
---|---|---|---|---|---|---|---|---|---
 7 |   |   |   |   |   |   |   | X | 7 
---|---|---|---|---|---|---|---|---|---
 8 |   |   |   |   |   |   |   |   | 8 
---|---|---|---|---|---|---|---|---|---
   | 1 | 2 | 3 | 4 | 5 | 6 | 7 | 8 |

It took 0 seconds to make this move...


White to move
WOOOEEEEEEOEXEEEEOOOXXOOEEEEXXXEEEEEXXOXXEEXXXOEXEEEEEEEXEEEEEEEE
(6,2) Depth reached: 6, Nodes searched: 39830
   | 1 | 2 | 3 | 4 | 5 | 6 | 7 | 8 |
---|---|---|---|---|---|---|---|---|---
 1 | 0 | 0 | 0 |   |   |   |   |   | 1 
---|---|---|---|---|---|---|---|---|---
 2 |   | 0 |   | X |   |   |   |   | 2 
---|---|---|---|---|---|---|---|---|---
 3 | 0 | 0 | 0 | X | X | 0 | 0 |   | 3 
---|---|---|---|---|---|---|---|---|---
 4 |   |   |   | X | X | X |   |   | 4 
---|---|---|---|---|---|---|---|---|---
 5 |   |   |   | X | X | 0 | X | X | 5 
---|---|---|---|---|---|---|---|---|---
 6 |   | 0 | 0 | 0 | 0 | 0 |   | X | 6 
---|---|---|---|---|---|---|---|---|---
 7 |   |   |   |   |   |   |   | X | 7 
---|---|---|---|---|---|---|---|---|---
 8 |   |   |   |   |   |   |   |   | 8 
---|---|---|---|---|---|---|---|---|---
   | 1 | 2 | 3 | 4 | 5 | 6 | 7 | 8 |

It took 7 seconds to make this move...


Black to move
BOOOEEEEEEOEXEEEEOOOXXOOEEEEXXXEEEEEXXOXXEOOOOOEXEEEEEEEXEEEEEEEE
(7,5)
   | 1 | 2 | 3 | 4 | 5 | 6 | 7 | 8 |
---|---|---|---|---|---|---|---|---|---
 1 | 0 | 0 | 0 |   |   |   |   |   | 1 
---|---|---|---|---|---|---|---|---|---
 2 |   | 0 |   | X |   |   |   |   | 2 
---|---|---|---|---|---|---|---|---|---
 3 | 0 | 0 | 0 | X | X | 0 | 0 |   | 3 
---|---|---|---|---|---|---|---|---|---
 4 |   |   |   | X | X | X |   |   | 4 
---|---|---|---|---|---|---|---|---|---
 5 |   |   |   | X | X | 0 | X | X | 5 
---|---|---|---|---|---|---|---|---|---
 6 |   | 0 | 0 | 0 | X | X |   | X | 6 
---|---|---|---|---|---|---|---|---|---
 7 |   |   |   |   | X |   |   | X | 7 
---|---|---|---|---|---|---|---|---|---
 8 |   |   |   |   |   |   |   |   | 8 
---|---|---|---|---|---|---|---|---|---
   | 1 | 2 | 3 | 4 | 5 | 6 | 7 | 8 |

It took 0 seconds to make this move...


White to move
WOOOEEEEEEOEXEEEEOOOXXOOEEEEXXXEEEEEXXOXXEOOOXXEXEEEEXEEXEEEEEEEE
(1,4) Depth reached: 6, Nodes searched: 38500
   | 1 | 2 | 3 | 4 | 5 | 6 | 7 | 8 |
---|---|---|---|---|---|---|---|---|---
 1 | 0 | 0 | 0 | 0 |   |   |   |   | 1 
---|---|---|---|---|---|---|---|---|---
 2 |   | 0 |   | 0 |   |   |   |   | 2 
---|---|---|---|---|---|---|---|---|---
 3 | 0 | 0 | 0 | 0 | X | 0 | 0 |   | 3 
---|---|---|---|---|---|---|---|---|---
 4 |   |   |   | 0 | X | X |   |   | 4 
---|---|---|---|---|---|---|---|---|---
 5 |   |   |   | 0 | X | 0 | X | X | 5 
---|---|---|---|---|---|---|---|---|---
 6 |   | 0 | 0 | 0 | X | X |   | X | 6 
---|---|---|---|---|---|---|---|---|---
 7 |   |   |   |   | X |   |   | X | 7 
---|---|---|---|---|---|---|---|---|---
 8 |   |   |   |   |   |   |   |   | 8 
---|---|---|---|---|---|---|---|---|---
   | 1 | 2 | 3 | 4 | 5 | 6 | 7 | 8 |

It took 8 seconds to make this move...


Black to move
BOOOOEEEEEOEOEEEEOOOOXOOEEEEOXXEEEEEOXOXXEOOOXXEXEEEEXEEXEEEEEEEE
(6,1)
   | 1 | 2 | 3 | 4 | 5 | 6 | 7 | 8 |
---|---|---|---|---|---|---|---|---|---
 1 | 0 | 0 | 0 | 0 |   |   |   |   | 1 
---|---|---|---|---|---|---|---|---|---
 2 |   | 0 |   | 0 |   |   |   |   | 2 
---|---|---|---|---|---|---|---|---|---
 3 | 0 | 0 | 0 | 0 | X | 0 | 0 |   | 3 
---|---|---|---|---|---|---|---|---|---
 4 |   |   |   | 0 | X | X |   |   | 4 
---|---|---|---|---|---|---|---|---|---
 5 |   |   |   | 0 | X | 0 | X | X | 5 
---|---|---|---|---|---|---|---|---|---
 6 | X | X | X | X | X | X |   | X | 6 
---|---|---|---|---|---|---|---|---|---
 7 |   |   |   |   | X |   |   | X | 7 
---|---|---|---|---|---|---|---|---|---
 8 |   |   |   |   |   |   |   |   | 8 
---|---|---|---|---|---|---|---|---|---
   | 1 | 2 | 3 | 4 | 5 | 6 | 7 | 8 |

It took 0 seconds to make this move...


White to move
WOOOOEEEEEOEOEEEEOOOOXOOEEEEOXXEEEEEOXOXXXXXXXXEXEEEEXEEXEEEEEEEE
(4,7) Depth reached: 7, Nodes searched: 5548
   | 1 | 2 | 3 | 4 | 5 | 6 | 7 | 8 |
---|---|---|---|---|---|---|---|---|---
 1 | 0 | 0 | 0 | 0 |   |   |   |   | 1 
---|---|---|---|---|---|---|---|---|---
 2 |   | 0 |   | 0 |   |   |   |   | 2 
---|---|---|---|---|---|---|---|---|---
 3 | 0 | 0 | 0 | 0 | X | 0 | 0 |   | 3 
---|---|---|---|---|---|---|---|---|---
 4 |   |   |   | 0 | 0 | 0 | 0 |   | 4 
---|---|---|---|---|---|---|---|---|---
 5 |   |   |   | 0 | X | 0 | X | X | 5 
---|---|---|---|---|---|---|---|---|---
 6 | X | X | X | X | X | X |   | X | 6 
---|---|---|---|---|---|---|---|---|---
 7 |   |   |   |   | X |   |   | X | 7 
---|---|---|---|---|---|---|---|---|---
 8 |   |   |   |   |   |   |   |   | 8 
---|---|---|---|---|---|---|---|---|---
   | 1 | 2 | 3 | 4 | 5 | 6 | 7 | 8 |

It took 7 seconds to make this move...


Black to move
BOOOOEEEEEOEOEEEEOOOOXOOEEEEOOOOEEEEOXOXXXXXXXXEXEEEEXEEXEEEEEEEE
(2,7)
   | 1 | 2 | 3 | 4 | 5 | 6 | 7 | 8 |
---|---|---|---|---|---|---|---|---|---
 1 | 0 | 0 | 0 | 0 |   |   |   |   | 1 
---|---|---|---|---|---|---|---|---|---
 2 |   | 0 |   | 0 |   |   | X |   | 2 
---|---|---|---|---|---|---|---|---|---
 3 | 0 | 0 | 0 | 0 | X | X | X |   | 3 
---|---|---|---|---|---|---|---|---|---
 4 |   |   |   | 0 | X | 0 | X |   | 4 
---|---|---|---|---|---|---|---|---|---
 5 |   |   |   | X | X | 0 | X | X | 5 
---|---|---|---|---|---|---|---|---|---
 6 | X | X | X | X | X | X |   | X | 6 
---|---|---|---|---|---|---|---|---|---
 7 |   |   |   |   | X |   |   | X | 7 
---|---|---|---|---|---|---|---|---|---
 8 |   |   |   |   |   |   |   |   | 8 
---|---|---|---|---|---|---|---|---|---
   | 1 | 2 | 3 | 4 | 5 | 6 | 7 | 8 |

It took 1 seconds to make this move...


White to move
WOOOOEEEEEOEOEEXEOOOOXXXEEEEOXOXEEEEXXOXXXXXXXXEXEEEEXEEXEEEEEEEE
(3,8) Depth reached: 6, Nodes searched: 49757
   | 1 | 2 | 3 | 4 | 5 | 6 | 7 | 8 |
---|---|---|---|---|---|---|---|---|---
 1 | 0 | 0 | 0 | 0 |   |   |   |   | 1 
---|---|---|---|---|---|---|---|---|---
 2 |   | 0 |   | 0 |   |   | X |   | 2 
---|---|---|---|---|---|---|---|---|---
 3 | 0 | 0 | 0 | 0 | 0 | 0 | 0 | 0 | 3 
---|---|---|---|---|---|---|---|---|---
 4 |   |   |   | 0 | X | 0 | 0 |   | 4 
---|---|---|---|---|---|---|---|---|---
 5 |   |   |   | X | X | 0 | X | X | 5 
---|---|---|---|---|---|---|---|---|---
 6 | X | X | X | X | X | X |   | X | 6 
---|---|---|---|---|---|---|---|---|---
 7 |   |   |   |   | X |   |   | X | 7 
---|---|---|---|---|---|---|---|---|---
 8 |   |   |   |   |   |   |   |   | 8 
---|---|---|---|---|---|---|---|---|---
   | 1 | 2 | 3 | 4 | 5 | 6 | 7 | 8 |

It took 7 seconds to make this move...


Black to move
BOOOOEEEEEOEOEEXEOOOOOOOOEEEOXOOEEEEXXOXXXXXXXXEXEEEEXEEXEEEEEEEE
(2,3)
   | 1 | 2 | 3 | 4 | 5 | 6 | 7 | 8 |
---|---|---|---|---|---|---|---|---|---
 1 | 0 | 0 | 0 | 0 |   |   |   |   | 1 
---|---|---|---|---|---|---|---|---|---
 2 |   | 0 | X | 0 |   |   | X |   | 2 
---|---|---|---|---|---|---|---|---|---
 3 | 0 | 0 | 0 | X | 0 | 0 | 0 | 0 | 3 
---|---|---|---|---|---|---|---|---|---
 4 |   |   |   | 0 | X | 0 | 0 |   | 4 
---|---|---|---|---|---|---|---|---|---
 5 |   |   |   | X | X | 0 | X | X | 5 
---|---|---|---|---|---|---|---|---|---
 6 | X | X | X | X | X | X |   | X | 6 
---|---|---|---|---|---|---|---|---|---
 7 |   |   |   |   | X |   |   | X | 7 
---|---|---|---|---|---|---|---|---|---
 8 |   |   |   |   |   |   |   |   | 8 
---|---|---|---|---|---|---|---|---|---
   | 1 | 2 | 3 | 4 | 5 | 6 | 7 | 8 |

It took 0 seconds to make this move...


White to move
WOOOOEEEEEOXOEEXEOOOXOOOOEEEOXOOEEEEXXOXXXXXXXXEXEEEEXEEXEEEEEEEE
(1,8) Depth reached: 6, Nodes searched: 26346
   | 1 | 2 | 3 | 4 | 5 | 6 | 7 | 8 |
---|---|---|---|---|---|---|---|---|---
 1 | 0 | 0 | 0 | 0 |   |   |   | 0 | 1 
---|---|---|---|---|---|---|---|---|---
 2 |   | 0 | X | 0 |   |   | 0 |   | 2 
---|---|---|---|---|---|---|---|---|---
 3 | 0 | 0 | 0 | X | 0 | 0 | 0 | 0 | 3 
---|---|---|---|---|---|---|---|---|---
 4 |   |   |   | 0 | X | 0 | 0 |   | 4 
---|---|---|---|---|---|---|---|---|---
 5 |   |   |   | X | X | 0 | X | X | 5 
---|---|---|---|---|---|---|---|---|---
 6 | X | X | X | X | X | X |   | X | 6 
---|---|---|---|---|---|---|---|---|---
 7 |   |   |   |   | X |   |   | X | 7 
---|---|---|---|---|---|---|---|---|---
 8 |   |   |   |   |   |   |   |   | 8 
---|---|---|---|---|---|---|---|---|---
   | 1 | 2 | 3 | 4 | 5 | 6 | 7 | 8 |

It took 7 seconds to make this move...


Black to move
BOOOOEEEOEOXOEEOEOOOXOOOOEEEOXOOEEEEXXOXXXXXXXXEXEEEEXEEXEEEEEEEE
(1,7)
   | 1 | 2 | 3 | 4 | 5 | 6 | 7 | 8 |
---|---|---|---|---|---|---|---|---|---
 1 | 0 | 0 | 0 | 0 |   |   | X | 0 | 1 
---|---|---|---|---|---|---|---|---|---
 2 |   | 0 | X | 0 |   |   | X |   | 2 
---|---|---|---|---|---|---|---|---|---
 3 | 0 | 0 | 0 | X | 0 | 0 | X | 0 | 3 
---|---|---|---|---|---|---|---|---|---
 4 |   |   |   | 0 | X | 0 | X |   | 4 
---|---|---|---|---|---|---|---|---|---
 5 |   |   |   | X | X | 0 | X | X | 5 
---|---|---|---|---|---|---|---|---|---
 6 | X | X | X | X | X | X |   | X | 6 
---|---|---|---|---|---|---|---|---|---
 7 |   |   |   |   | X |   |   | X | 7 
---|---|---|---|---|---|---|---|---|---
 8 |   |   |   |   |   |   |   |   | 8 
---|---|---|---|---|---|---|---|---|---
   | 1 | 2 | 3 | 4 | 5 | 6 | 7 | 8 |

It took 0 seconds to make this move...


White to move
WOOOOEEXOEOXOEEXEOOOXOOXOEEEOXOXEEEEXXOXXXXXXXXEXEEEEXEEXEEEEEEEE
(8,5) Depth reached: 6, Nodes searched: 56973
   | 1 | 2 | 3 | 4 | 5 | 6 | 7 | 8 |
---|---|---|---|---|---|---|---|---|---
 1 | 0 | 0 | 0 | 0 |   |   | X | 0 | 1 
---|---|---|---|---|---|---|---|---|---
 2 |   | 0 | X | 0 |   |   | X |   | 2 
---|---|---|---|---|---|---|---|---|---
 3 | 0 | 0 | 0 | X | 0 | 0 | X | 0 | 3 
---|---|---|---|---|---|---|---|---|---
 4 |   |   |   | 0 | 0 | 0 | X |   | 4 
---|---|---|---|---|---|---|---|---|---
 5 |   |   |   | X | 0 | 0 | X | X | 5 
---|---|---|---|---|---|---|---|---|---
 6 | X | X | X | X | 0 | X |   | X | 6 
---|---|---|---|---|---|---|---|---|---
 7 |   |   |   |   | 0 |   |   | X | 7 
---|---|---|---|---|---|---|---|---|---
 8 |   |   |   |   | 0 |   |   |   | 8 
---|---|---|---|---|---|---|---|---|---
   | 1 | 2 | 3 | 4 | 5 | 6 | 7 | 8 |

It took 7 seconds to make this move...


Black to move
BOOOOEEXOEOXOEEXEOOOXOOXOEEEOOOXEEEEXOOXXXXXXOXEXEEEEOEEXEEEEOEEE
(2,1)
   | 1 | 2 | 3 | 4 | 5 | 6 | 7 | 8 |
---|---|---|---|---|---|---|---|---|---
 1 | 0 | 0 | 0 | 0 |   |   | X | 0 | 1 
---|---|---|---|---|---|---|---|---|---
 2 | X | X | X | 0 |   |   | X |   | 2 
---|---|---|---|---|---|---|---|---|---
 3 | 0 | 0 | 0 | X | 0 | 0 | X | 0 | 3 
---|---|---|---|---|---|---|---|---|---
 4 |   |   |   | 0 | 0 | 0 | X |   | 4 
---|---|---|---|---|---|---|---|---|---
 5 |   |   |   | X | 0 | 0 | X | X | 5 
---|---|---|---|---|---|---|---|---|---
 6 | X | X | X | X | 0 | X |   | X | 6 
---|---|---|---|---|---|---|---|---|---
 7 |   |   |   |   | 0 |   |   | X | 7 
---|---|---|---|---|---|---|---|---|---
 8 |   |   |   |   | 0 |   |   |   | 8 
---|---|---|---|---|---|---|---|---|---
   | 1 | 2 | 3 | 4 | 5 | 6 | 7 | 8 |

It took 0 seconds to make this move...


White to move
WOOOOEEXOXXXOEEXEOOOXOOXOEEEOOOXEEEEXOOXXXXXXOXEXEEEEOEEXEEEEOEEE
(1,6) Depth reached: 6, Nodes searched: 58334
   | 1 | 2 | 3 | 4 | 5 | 6 | 7 | 8 |
---|---|---|---|---|---|---|---|---|---
 1 | 0 | 0 | 0 | 0 |   | 0 | 0 | 0 | 1 
---|---|---|---|---|---|---|---|---|---
 2 | X | X | X | 0 |   |   | 0 |   | 2 
---|---|---|---|---|---|---|---|---|---
 3 | 0 | 0 | 0 | X | 0 | 0 | X | 0 | 3 
---|---|---|---|---|---|---|---|---|---
 4 |   |   |   | 0 | 0 | 0 | X |   | 4 
---|---|---|---|---|---|---|---|---|---
 5 |   |   |   | X | 0 | 0 | X | X | 5 
---|---|---|---|---|---|---|---|---|---
 6 | X | X | X | X | 0 | X |   | X | 6 
---|---|---|---|---|---|---|---|---|---
 7 |   |   |   |   | 0 |   |   | X | 7 
---|---|---|---|---|---|---|---|---|---
 8 |   |   |   |   | 0 |   |   |   | 8 
---|---|---|---|---|---|---|---|---|---
   | 1 | 2 | 3 | 4 | 5 | 6 | 7 | 8 |

It took 8 seconds to make this move...


Black to move
BOOOOEOOOXXXOEEOEOOOXOOXOEEEOOOXEEEEXOOXXXXXXOXEXEEEEOEEXEEEEOEEE
(8,4)
   | 1 | 2 | 3 | 4 | 5 | 6 | 7 | 8 |
---|---|---|---|---|---|---|---|---|---
 1 | 0 | 0 | 0 | 0 |   | 0 | 0 | 0 | 1 
---|---|---|---|---|---|---|---|---|---
 2 | X | X | X | 0 |   |   | 0 |   | 2 
---|---|---|---|---|---|---|---|---|---
 3 | 0 | 0 | 0 | X | 0 | 0 | X | 0 | 3 
---|---|---|---|---|---|---|---|---|---
 4 |   |   |   | 0 | 0 | 0 | X |   | 4 
---|---|---|---|---|---|---|---|---|---
 5 |   |   |   | X | 0 | 0 | X | X | 5 
---|---|---|---|---|---|---|---|---|---
 6 | X | X | X | X | 0 | X |   | X | 6 
---|---|---|---|---|---|---|---|---|---
 7 |   |   |   |   | X |   |   | X | 7 
---|---|---|---|---|---|---|---|---|---
 8 |   |   |   | X | 0 |   |   |   | 8 
---|---|---|---|---|---|---|---|---|---
   | 1 | 2 | 3 | 4 | 5 | 6 | 7 | 8 |

It took 0 seconds to make this move...


White to move
WOOOOEOOOXXXOEEOEOOOXOOXOEEEOOOXEEEEXOOXXXXXXOXEXEEEEXEEXEEEXOEEE
(4,8) Depth reached: 6, Nodes searched: 62944
   | 1 | 2 | 3 | 4 | 5 | 6 | 7 | 8 |
---|---|---|---|---|---|---|---|---|---
 1 | 0 | 0 | 0 | 0 |   | 0 | 0 | 0 | 1 
---|---|---|---|---|---|---|---|---|---
 2 | X | X | X | 0 |   |   | 0 |   | 2 
---|---|---|---|---|---|---|---|---|---
 3 | 0 | 0 | 0 | X | 0 | 0 | X | 0 | 3 
---|---|---|---|---|---|---|---|---|---
 4 |   |   |   | 0 | 0 | 0 | 0 | 0 | 4 
---|---|---|---|---|---|---|---|---|---
 5 |   |   |   | X | 0 | 0 | X | X | 5 
---|---|---|---|---|---|---|---|---|---
 6 | X | X | X | X | 0 | X |   | X | 6 
---|---|---|---|---|---|---|---|---|---
 7 |   |   |   |   | X |   |   | X | 7 
---|---|---|---|---|---|---|---|---|---
 8 |   |   |   | X | 0 |   |   |   | 8 
---|---|---|---|---|---|---|---|---|---
   | 1 | 2 | 3 | 4 | 5 | 6 | 7 | 8 |

It took 7 seconds to make this move...


Black to move
BOOOOEOOOXXXOEEOEOOOXOOXOEEEOOOOOEEEXOOXXXXXXOXEXEEEEXEEXEEEXOEEE
(2,6)
   | 1 | 2 | 3 | 4 | 5 | 6 | 7 | 8 |
---|---|---|---|---|---|---|---|---|---
 1 | 0 | 0 | 0 | 0 |   | 0 | 0 | 0 | 1 
---|---|---|---|---|---|---|---|---|---
 2 | X | X | X | 0 |   | X | 0 |   | 2 
---|---|---|---|---|---|---|---|---|---
 3 | 0 | 0 | 0 | X | 0 | X | X | 0 | 3 
---|---|---|---|---|---|---|---|---|---
 4 |   |   |   | 0 | 0 | X | 0 | 0 | 4 
---|---|---|---|---|---|---|---|---|---
 5 |   |   |   | X | 0 | X | X | X | 5 
---|---|---|---|---|---|---|---|---|---
 6 | X | X | X | X | 0 | X |   | X | 6 
---|---|---|---|---|---|---|---|---|---
 7 |   |   |   |   | X |   |   | X | 7 
---|---|---|---|---|---|---|---|---|---
 8 |   |   |   | X | 0 |   |   |   | 8 
---|---|---|---|---|---|---|---|---|---
   | 1 | 2 | 3 | 4 | 5 | 6 | 7 | 8 |

It took 0 seconds to make this move...


White to move
WOOOOEOOOXXXOEXOEOOOXOXXOEEEOOXOOEEEXOXXXXXXXOXEXEEEEXEEXEEEXOEEE
(8,8) Depth reached: 6, Nodes searched: 73835
   | 1 | 2 | 3 | 4 | 5 | 6 | 7 | 8 |
---|---|---|---|---|---|---|---|---|---
 1 | 0 | 0 | 0 | 0 |   | 0 | 0 | 0 | 1 
---|---|---|---|---|---|---|---|---|---
 2 | X | X | X | 0 |   | X | 0 |   | 2 
---|---|---|---|---|---|---|---|---|---
 3 | 0 | 0 | 0 | X | 0 | X | X | 0 | 3 
---|---|---|---|---|---|---|---|---|---
 4 |   |   |   | 0 | 0 | X | 0 | 0 | 4 
---|---|---|---|---|---|---|---|---|---
 5 |   |   |   | X | 0 | X | X | 0 | 5 
---|---|---|---|---|---|---|---|---|---
 6 | X | X | X | X | 0 | X |   | 0 | 6 
---|---|---|---|---|---|---|---|---|---
 7 |   |   |   |   | X |   |   | 0 | 7 
---|---|---|---|---|---|---|---|---|---
 8 |   |   |   | X | 0 |   |   | 0 | 8 
---|---|---|---|---|---|---|---|---|---
   | 1 | 2 | 3 | 4 | 5 | 6 | 7 | 8 |

It took 7 seconds to make this move...


Black to move
BOOOOEOOOXXXOEXOEOOOXOXXOEEEOOXOOEEEXOXXOXXXXOXEOEEEEXEEOEEEXOEEO
(2,8)
   | 1 | 2 | 3 | 4 | 5 | 6 | 7 | 8 |
---|---|---|---|---|---|---|---|---|---
 1 | 0 | 0 | 0 | 0 |   | 0 | 0 | 0 | 1 
---|---|---|---|---|---|---|---|---|---
 2 | X | X | X | 0 |   | X | X | X | 2 
---|---|---|---|---|---|---|---|---|---
 3 | 0 | 0 | 0 | X | 0 | X | X | 0 | 3 
---|---|---|---|---|---|---|---|---|---
 4 |   |   |   | 0 | 0 | X | 0 | 0 | 4 
---|---|---|---|---|---|---|---|---|---
 5 |   |   |   | X | 0 | X | X | 0 | 5 
---|---|---|---|---|---|---|---|---|---
 6 | X | X | X | X | 0 | X |   | 0 | 6 
---|---|---|---|---|---|---|---|---|---
 7 |   |   |   |   | X |   |   | 0 | 7 
---|---|---|---|---|---|---|---|---|---
 8 |   |   |   | X | 0 |   |   | 0 | 8 
---|---|---|---|---|---|---|---|---|---
   | 1 | 2 | 3 | 4 | 5 | 6 | 7 | 8 |

It took 0 seconds to make this move...


White to move
WOOOOEOOOXXXOEXXXOOOXOXXOEEEOOXOOEEEXOXXOXXXXOXEOEEEEXEEOEEEXOEEO
(5,3) Depth reached: 7, Nodes searched: 29984
   | 1 | 2 | 3 | 4 | 5 | 6 | 7 | 8 |
---|---|---|---|---|---|---|---|---|---
 1 | 0 | 0 | 0 | 0 |   | 0 | 0 | 0 | 1 
---|---|---|---|---|---|---|---|---|---
 2 | X | X | X | 0 |   | X | X | X | 2 
---|---|---|---|---|---|---|---|---|---
 3 | 0 | 0 | 0 | X | 0 | X | X | 0 | 3 
---|---|---|---|---|---|---|---|---|---
 4 |   |   |   | 0 | 0 | X | 0 | 0 | 4 
---|---|---|---|---|---|---|---|---|---
 5 |   |   | 0 | 0 | 0 | X | X | 0 | 5 
---|---|---|---|---|---|---|---|---|---
 6 | X | X | X | X | 0 | X |   | 0 | 6 
---|---|---|---|---|---|---|---|---|---
 7 |   |   |   |   | X |   |   | 0 | 7 
---|---|---|---|---|---|---|---|---|---
 8 |   |   |   | X | 0 |   |   | 0 | 8 
---|---|---|---|---|---|---|---|---|---
   | 1 | 2 | 3 | 4 | 5 | 6 | 7 | 8 |

It took 7 seconds to make this move...


Black to move
BOOOOEOOOXXXOEXXXOOOXOXXOEEEOOXOOEEOOOXXOXXXXOXEOEEEEXEEOEEEXOEEO
(8,6)
   | 1 | 2 | 3 | 4 | 5 | 6 | 7 | 8 |
---|---|---|---|---|---|---|---|---|---
 1 | 0 | 0 | 0 | 0 |   | 0 | 0 | 0 | 1 
---|---|---|---|---|---|---|---|---|---
 2 | X | X | X | 0 |   | X | X | X | 2 
---|---|---|---|---|---|---|---|---|---
 3 | 0 | 0 | 0 | X | 0 | X | X | 0 | 3 
---|---|---|---|---|---|---|---|---|---
 4 |   |   |   | 0 | 0 | X | 0 | 0 | 4 
---|---|---|---|---|---|---|---|---|---
 5 |   |   | 0 | 0 | 0 | X | X | 0 | 5 
---|---|---|---|---|---|---|---|---|---
 6 | X | X | X | X | 0 | X |   | 0 | 6 
---|---|---|---|---|---|---|---|---|---
 7 |   |   |   |   | X |   |   | 0 | 7 
---|---|---|---|---|---|---|---|---|---
 8 |   |   |   | X | X | X |   | 0 | 8 
---|---|---|---|---|---|---|---|---|---
   | 1 | 2 | 3 | 4 | 5 | 6 | 7 | 8 |

It took 0 seconds to make this move...


White to move
WOOOOEOOOXXXOEXXXOOOXOXXOEEEOOXOOEEOOOXXOXXXXOXEOEEEEXEEOEEEXXXEO
(1,5) Depth reached: 8, Nodes searched: 35206
   | 1 | 2 | 3 | 4 | 5 | 6 | 7 | 8 |
---|---|---|---|---|---|---|---|---|---
 1 | 0 | 0 | 0 | 0 | 0 | 0 | 0 | 0 | 1 
---|---|---|---|---|---|---|---|---|---
 2 | X | X | X | 0 |   | 0 | X | X | 2 
---|---|---|---|---|---|---|---|---|---
 3 | 0 | 0 | 0 | X | 0 | X | 0 | 0 | 3 
---|---|---|---|---|---|---|---|---|---
 4 |   |   |   | 0 | 0 | X | 0 | 0 | 4 
---|---|---|---|---|---|---|---|---|---
 5 |   |   | 0 | 0 | 0 | X | X | 0 | 5 
---|---|---|---|---|---|---|---|---|---
 6 | X | X | X | X | 0 | X |   | 0 | 6 
---|---|---|---|---|---|---|---|---|---
 7 |   |   |   |   | X |   |   | 0 | 7 
---|---|---|---|---|---|---|---|---|---
 8 |   |   |   | X | X | X |   | 0 | 8 
---|---|---|---|---|---|---|---|---|---
   | 1 | 2 | 3 | 4 | 5 | 6 | 7 | 8 |

It took 7 seconds to make this move...


Black to move
BOOOOOOOOXXXOEOXXOOOXOXOOEEEOOXOOEEOOOXXOXXXXOXEOEEEEXEEOEEEXXXEO
(2,5)
   | 1 | 2 | 3 | 4 | 5 | 6 | 7 | 8 |
---|---|---|---|---|---|---|---|---|---
 1 | 0 | 0 | 0 | 0 | 0 | 0 | 0 | 0 | 1 
---|---|---|---|---|---|---|---|---|---
 2 | X | X | X | X | X | X | X | X | 2 
---|---|---|---|---|---|---|---|---|---
 3 | 0 | 0 | 0 | X | X | X | 0 | 0 | 3 
---|---|---|---|---|---|---|---|---|---
 4 |   |   |   | 0 | X | X | 0 | 0 | 4 
---|---|---|---|---|---|---|---|---|---
 5 |   |   | 0 | 0 | X | X | X | 0 | 5 
---|---|---|---|---|---|---|---|---|---
 6 | X | X | X | X | X | X |   | 0 | 6 
---|---|---|---|---|---|---|---|---|---
 7 |   |   |   |   | X |   |   | 0 | 7 
---|---|---|---|---|---|---|---|---|---
 8 |   |   |   | X | X | X |   | 0 | 8 
---|---|---|---|---|---|---|---|---|---
   | 1 | 2 | 3 | 4 | 5 | 6 | 7 | 8 |

It took 0 seconds to make this move...


White to move
WOOOOOOOOXXXXXXXXOOOXXXOOEEEOXXOOEEOOXXXOXXXXXXEOEEEEXEEOEEEXXXEO
(4,3) Depth reached: 8, Nodes searched: 88488
   | 1 | 2 | 3 | 4 | 5 | 6 | 7 | 8 |
---|---|---|---|---|---|---|---|---|---
 1 | 0 | 0 | 0 | 0 | 0 | 0 | 0 | 0 | 1 
---|---|---|---|---|---|---|---|---|---
 2 | X | X | X | X | 0 | X | X | X | 2 
---|---|---|---|---|---|---|---|---|---
 3 | 0 | 0 | 0 | 0 | X | X | 0 | 0 | 3 
---|---|---|---|---|---|---|---|---|---
 4 |   |   | 0 | 0 | X | X | 0 | 0 | 4 
---|---|---|---|---|---|---|---|---|---
 5 |   |   | 0 | 0 | X | X | X | 0 | 5 
---|---|---|---|---|---|---|---|---|---
 6 | X | X | X | X | X | X |   | 0 | 6 
---|---|---|---|---|---|---|---|---|---
 7 |   |   |   |   | X |   |   | 0 | 7 
---|---|---|---|---|---|---|---|---|---
 8 |   |   |   | X | X | X |   | 0 | 8 
---|---|---|---|---|---|---|---|---|---
   | 1 | 2 | 3 | 4 | 5 | 6 | 7 | 8 |

It took 7 seconds to make this move...


Black to move
BOOOOOOOOXXXXOXXXOOOOXXOOEEOOXXOOEEOOXXXOXXXXXXEOEEEEXEEOEEEXXXEO
(5,2)
   | 1 | 2 | 3 | 4 | 5 | 6 | 7 | 8 |
---|---|---|---|---|---|---|---|---|---
 1 | 0 | 0 | 0 | 0 | 0 | 0 | 0 | 0 | 1 
---|---|---|---|---|---|---|---|---|---
 2 | X | X | X | X | 0 | X | X | X | 2 
---|---|---|---|---|---|---|---|---|---
 3 | 0 | 0 | 0 | 0 | X | X | 0 | 0 | 3 
---|---|---|---|---|---|---|---|---|---
 4 |   |   | 0 | 0 | X | X | 0 | 0 | 4 
---|---|---|---|---|---|---|---|---|---
 5 |   | X | X | X | X | X | X | 0 | 5 
---|---|---|---|---|---|---|---|---|---
 6 | X | X | X | X | X | X |   | 0 | 6 
---|---|---|---|---|---|---|---|---|---
 7 |   |   |   |   | X |   |   | 0 | 7 
---|---|---|---|---|---|---|---|---|---
 8 |   |   |   | X | X | X |   | 0 | 8 
---|---|---|---|---|---|---|---|---|---
   | 1 | 2 | 3 | 4 | 5 | 6 | 7 | 8 |

It took 0 seconds to make this move...


White to move
WOOOOOOOOXXXXOXXXOOOOXXOOEEOOXXOOEXXXXXXOXXXXXXEOEEEEXEEOEEEXXXEO
(6,7) Depth reached: 10, Nodes searched: 51537
   | 1 | 2 | 3 | 4 | 5 | 6 | 7 | 8 |
---|---|---|---|---|---|---|---|---|---
 1 | 0 | 0 | 0 | 0 | 0 | 0 | 0 | 0 | 1 
---|---|---|---|---|---|---|---|---|---
 2 | X | X | X | X | 0 | X | X | X | 2 
---|---|---|---|---|---|---|---|---|---
 3 | 0 | 0 | 0 | 0 | X | X | 0 | 0 | 3 
---|---|---|---|---|---|---|---|---|---
 4 |   |   | 0 | 0 | 0 | X | 0 | 0 | 4 
---|---|---|---|---|---|---|---|---|---
 5 |   | X | X | X | X | 0 | 0 | 0 | 5 
---|---|---|---|---|---|---|---|---|---
 6 | X | X | X | X | X | X | 0 | 0 | 6 
---|---|---|---|---|---|---|---|---|---
 7 |   |   |   |   | X |   |   | 0 | 7 
---|---|---|---|---|---|---|---|---|---
 8 |   |   |   | X | X | X |   | 0 | 8 
---|---|---|---|---|---|---|---|---|---
   | 1 | 2 | 3 | 4 | 5 | 6 | 7 | 8 |

It took 7 seconds to make this move...


Black to move
BOOOOOOOOXXXXOXXXOOOOXXOOEEOOOXOOEXXXXOOOXXXXXXOOEEEEXEEOEEEXXXEO
(4,2)
   | 1 | 2 | 3 | 4 | 5 | 6 | 7 | 8 |
---|---|---|---|---|---|---|---|---|---
 1 | 0 | 0 | 0 | 0 | 0 | 0 | 0 | 0 | 1 
---|---|---|---|---|---|---|---|---|---
 2 | X | X | X | X | 0 | X | X | X | 2 
---|---|---|---|---|---|---|---|---|---
 3 | 0 | X | X | 0 | X | X | 0 | 0 | 3 
---|---|---|---|---|---|---|---|---|---
 4 |   | X | X | X | X | X | 0 | 0 | 4 
---|---|---|---|---|---|---|---|---|---
 5 |   | X | X | X | X | 0 | 0 | 0 | 5 
---|---|---|---|---|---|---|---|---|---
 6 | X | X | X | X | X | X | 0 | 0 | 6 
---|---|---|---|---|---|---|---|---|---
 7 |   |   |   |   | X |   |   | 0 | 7 
---|---|---|---|---|---|---|---|---|---
 8 |   |   |   | X | X | X |   | 0 | 8 
---|---|---|---|---|---|---|---|---|---
   | 1 | 2 | 3 | 4 | 5 | 6 | 7 | 8 |

It took 0 seconds to make this move...


White to move
WOOOOOOOOXXXXOXXXOXXOXXOOEXXXXXOOEXXXXOOOXXXXXXOOEEEEXEEOEEEXXXEO
(5,1) Depth reached: 13, Nodes searched: 36321
   | 1 | 2 | 3 | 4 | 5 | 6 | 7 | 8 |
---|---|---|---|---|---|---|---|---|---
 1 | 0 | 0 | 0 | 0 | 0 | 0 | 0 | 0 | 1 
---|---|---|---|---|---|---|---|---|---
 2 | X | X | X | 0 | 0 | X | X | X | 2 
---|---|---|---|---|---|---|---|---|---
 3 | 0 | X | 0 | 0 | X | X | 0 | 0 | 3 
---|---|---|---|---|---|---|---|---|---
 4 |   | 0 | X | X | X | X | 0 | 0 | 4 
---|---|---|---|---|---|---|---|---|---
 5 | 0 | 0 | 0 | 0 | 0 | 0 | 0 | 0 | 5 
---|---|---|---|---|---|---|---|---|---
 6 | X | X | X | X | X | X | 0 | 0 | 6 
---|---|---|---|---|---|---|---|---|---
 7 |   |   |   |   | X |   |   | 0 | 7 
---|---|---|---|---|---|---|---|---|---
 8 |   |   |   | X | X | X |   | 0 | 8 
---|---|---|---|---|---|---|---|---|---
   | 1 | 2 | 3 | 4 | 5 | 6 | 7 | 8 |

It took 7 seconds to make this move...


Black to move
BOOOOOOOOXXXOOXXXOXOOXXOOEOXXXXOOOOOOOOOOXXXXXXOOEEEEXEEOEEEXXXEO
(4,1)
   | 1 | 2 | 3 | 4 | 5 | 6 | 7 | 8 |
---|---|---|---|---|---|---|---|---|---
 1 | 0 | 0 | 0 | 0 | 0 | 0 | 0 | 0 | 1 
---|---|---|---|---|---|---|---|---|---
 2 | X | X | X | 0 | 0 | X | X | X | 2 
---|---|---|---|---|---|---|---|---|---
 3 | X | X | 0 | 0 | X | X | 0 | 0 | 3 
---|---|---|---|---|---|---|---|---|---
 4 | X | X | X | X | X | X | 0 | 0 | 4 
---|---|---|---|---|---|---|---|---|---
 5 | X | X | 0 | 0 | 0 | 0 | 0 | 0 | 5 
---|---|---|---|---|---|---|---|---|---
 6 | X | X | X | X | X | X | 0 | 0 | 6 
---|---|---|---|---|---|---|---|---|---
 7 |   |   |   |   | X |   |   | 0 | 7 
---|---|---|---|---|---|---|---|---|---
 8 |   |   |   | X | X | X |   | 0 | 8 
---|---|---|---|---|---|---|---|---|---
   | 1 | 2 | 3 | 4 | 5 | 6 | 7 | 8 |

It took 0 seconds to make this move...


White to move
WOOOOOOOOXXXOOXXXXXOOXXOOXXXXXXOOXXOOOOOOXXXXXXOOEEEEXEEOEEEXXXEO
(7,6) Depth reached: 19, Nodes searched: 3222
   | 1 | 2 | 3 | 4 | 5 | 6 | 7 | 8 |
---|---|---|---|---|---|---|---|---|---
 1 | 0 | 0 | 0 | 0 | 0 | 0 | 0 | 0 | 1 
---|---|---|---|---|---|---|---|---|---
 2 | X | X | X | 0 | 0 | X | X | X | 2 
---|---|---|---|---|---|---|---|---|---
 3 | X | X | 0 | 0 | X | X | 0 | 0 | 3 
---|---|---|---|---|---|---|---|---|---
 4 | X | X | X | X | X | X | 0 | 0 | 4 
---|---|---|---|---|---|---|---|---|---
 5 | X | X | 0 | 0 | 0 | 0 | 0 | 0 | 5 
---|---|---|---|---|---|---|---|---|---
 6 | X | X | X | X | 0 | 0 | 0 | 0 | 6 
---|---|---|---|---|---|---|---|---|---
 7 |   |   |   |   | X | 0 |   | 0 | 7 
---|---|---|---|---|---|---|---|---|---
 8 |   |   |   | X | X | X |   | 0 | 8 
---|---|---|---|---|---|---|---|---|---
   | 1 | 2 | 3 | 4 | 5 | 6 | 7 | 8 |

It took 8 seconds to make this move...


Black to move
BOOOOOOOOXXXOOXXXXXOOXXOOXXXXXXOOXXOOOOOOXXXXOOOOEEEEXOEOEEEXXXEO
(7,7)
   | 1 | 2 | 3 | 4 | 5 | 6 | 7 | 8 |
---|---|---|---|---|---|---|---|---|---
 1 | 0 | 0 | 0 | 0 | 0 | 0 | 0 | 0 | 1 
---|---|---|---|---|---|---|---|---|---
 2 | X | X | X | 0 | 0 | X | X | X | 2 
---|---|---|---|---|---|---|---|---|---
 3 | X | X | 0 | 0 | X | X | X | 0 | 3 
---|---|---|---|---|---|---|---|---|---
 4 | X | X | X | X | X | X | X | 0 | 4 
---|---|---|---|---|---|---|---|---|---
 5 | X | X | 0 | 0 | X | 0 | X | 0 | 5 
---|---|---|---|---|---|---|---|---|---
 6 | X | X | X | X | 0 | X | X | 0 | 6 
---|---|---|---|---|---|---|---|---|---
 7 |   |   |   |   | X | X | X | 0 | 7 
---|---|---|---|---|---|---|---|---|---
 8 |   |   |   | X | X | X |   | 0 | 8 
---|---|---|---|---|---|---|---|---|---
   | 1 | 2 | 3 | 4 | 5 | 6 | 7 | 8 |

It took 0 seconds to make this move...


White to move
WOOOOOOOOXXXOOXXXXXOOXXXOXXXXXXXOXXOOXOXOXXXXOXXOEEEEXXXOEEEXXXEO
(7,4) Depth reached: 45, Nodes searched: 2752
   | 1 | 2 | 3 | 4 | 5 | 6 | 7 | 8 |
---|---|---|---|---|---|---|---|---|---
 1 | 0 | 0 | 0 | 0 | 0 | 0 | 0 | 0 | 1 
---|---|---|---|---|---|---|---|---|---
 2 | X | X | X | 0 | 0 | X | X | X | 2 
---|---|---|---|---|---|---|---|---|---
 3 | X | X | 0 | 0 | X | X | X | 0 | 3 
---|---|---|---|---|---|---|---|---|---
 4 | X | X | X | X | X | X | X | 0 | 4 
---|---|---|---|---|---|---|---|---|---
 5 | X | X | 0 | 0 | X | 0 | X | 0 | 5 
---|---|---|---|---|---|---|---|---|---
 6 | X | X | X | 0 | 0 | X | X | 0 | 6 
---|---|---|---|---|---|---|---|---|---
 7 |   |   |   | 0 | 0 | 0 | 0 | 0 | 7 
---|---|---|---|---|---|---|---|---|---
 8 |   |   |   | X | X | X |   | 0 | 8 
---|---|---|---|---|---|---|---|---|---
   | 1 | 2 | 3 | 4 | 5 | 6 | 7 | 8 |

It took 7 seconds to make this move...


Black to move
BOOOOOOOOXXXOOXXXXXOOXXXOXXXXXXXOXXOOXOXOXXXOOXXOEEEOOOOOEEEXXXEO
(8,3)
   | 1 | 2 | 3 | 4 | 5 | 6 | 7 | 8 |
---|---|---|---|---|---|---|---|---|---
 1 | 0 | 0 | 0 | 0 | 0 | 0 | 0 | 0 | 1 
---|---|---|---|---|---|---|---|---|---
 2 | X | X | X | 0 | 0 | X | X | X | 2 
---|---|---|---|---|---|---|---|---|---
 3 | X | X | 0 | 0 | X | X | X | 0 | 3 
---|---|---|---|---|---|---|---|---|---
 4 | X | X | X | X | X | X | X | 0 | 4 
---|---|---|---|---|---|---|---|---|---
 5 | X | X | 0 | 0 | X | X | X | 0 | 5 
---|---|---|---|---|---|---|---|---|---
 6 | X | X | X | 0 | X | X | X | 0 | 6 
---|---|---|---|---|---|---|---|---|---
 7 |   |   |   | X | 0 | 0 | 0 | 0 | 7 
---|---|---|---|---|---|---|---|---|---
 8 |   |   | X | X | X | X |   | 0 | 8 
---|---|---|---|---|---|---|---|---|---
   | 1 | 2 | 3 | 4 | 5 | 6 | 7 | 8 |

It took 0 seconds to make this move...


White to move
WOOOOOOOOXXXOOXXXXXOOXXXOXXXXXXXOXXOOXXXOXXXOXXXOEEEXOOOOEEXXXXEO
(7,3) Depth reached: 180, Nodes searched: 359
   | 1 | 2 | 3 | 4 | 5 | 6 | 7 | 8 |
---|---|---|---|---|---|---|---|---|---
 1 | 0 | 0 | 0 | 0 | 0 | 0 | 0 | 0 | 1 
---|---|---|---|---|---|---|---|---|---
 2 | X | X | X | 0 | 0 | X | X | X | 2 
---|---|---|---|---|---|---|---|---|---
 3 | X | X | 0 | 0 | X | X | X | 0 | 3 
---|---|---|---|---|---|---|---|---|---
 4 | X | X | X | X | X | X | X | 0 | 4 
---|---|---|---|---|---|---|---|---|---
 5 | X | X | 0 | 0 | X | X | X | 0 | 5 
---|---|---|---|---|---|---|---|---|---
 6 | X | X | 0 | 0 | X | X | X | 0 | 6 
---|---|---|---|---|---|---|---|---|---
 7 |   |   | 0 | 0 | 0 | 0 | 0 | 0 | 7 
---|---|---|---|---|---|---|---|---|---
 8 |   |   | X | X | X | X |   | 0 | 8 
---|---|---|---|---|---|---|---|---|---
   | 1 | 2 | 3 | 4 | 5 | 6 | 7 | 8 |

It took 8 seconds to make this move...


Black to move
BOOOOOOOOXXXOOXXXXXOOXXXOXXXXXXXOXXOOXXXOXXOOXXXOEEOOOOOOEEXXXXEO
(7,2)
   | 1 | 2 | 3 | 4 | 5 | 6 | 7 | 8 |
---|---|---|---|---|---|---|---|---|---
 1 | 0 | 0 | 0 | 0 | 0 | 0 | 0 | 0 | 1 
---|---|---|---|---|---|---|---|---|---
 2 | X | X | X | 0 | 0 | X | X | X | 2 
---|---|---|---|---|---|---|---|---|---
 3 | X | X | 0 | 0 | X | X | X | 0 | 3 
---|---|---|---|---|---|---|---|---|---
 4 | X | X | X | X | X | X | X | 0 | 4 
---|---|---|---|---|---|---|---|---|---
 5 | X | X | 0 | X | X | X | X | 0 | 5 
---|---|---|---|---|---|---|---|---|---
 6 | X | X | X | 0 | X | X | X | 0 | 6 
---|---|---|---|---|---|---|---|---|---
 7 |   | X | 0 | 0 | 0 | 0 | 0 | 0 | 7 
---|---|---|---|---|---|---|---|---|---
 8 |   |   | X | X | X | X |   | 0 | 8 
---|---|---|---|---|---|---|---|---|---
   | 1 | 2 | 3 | 4 | 5 | 6 | 7 | 8 |

It took 0 seconds to make this move...


White to move
WOOOOOOOOXXXOOXXXXXOOXXXOXXXXXXXOXXOXXXXOXXXOXXXOEXOOOOOOEEXXXXEO
(8,2) Depth reached: 293, Nodes searched: 743
   | 1 | 2 | 3 | 4 | 5 | 6 | 7 | 8 |
---|---|---|---|---|---|---|---|---|---
 1 | 0 | 0 | 0 | 0 | 0 | 0 | 0 | 0 | 1 
---|---|---|---|---|---|---|---|---|---
 2 | X | 0 | X | 0 | 0 | X | X | X | 2 
---|---|---|---|---|---|---|---|---|---
 3 | X | 0 | 0 | 0 | X | X | X | 0 | 3 
---|---|---|---|---|---|---|---|---|---
 4 | X | 0 | X | X | X | X | X | 0 | 4 
---|---|---|---|---|---|---|---|---|---
 5 | X | 0 | 0 | X | X | X | X | 0 | 5 
---|---|---|---|---|---|---|---|---|---
 6 | X | 0 | X | 0 | X | X | X | 0 | 6 
---|---|---|---|---|---|---|---|---|---
 7 |   | 0 | 0 | 0 | 0 | 0 | 0 | 0 | 7 
---|---|---|---|---|---|---|---|---|---
 8 |   | 0 | X | X | X | X |   | 0 | 8 
---|---|---|---|---|---|---|---|---|---
   | 1 | 2 | 3 | 4 | 5 | 6 | 7 | 8 |

It took 7 seconds to make this move...


Black to move
BOOOOOOOOXOXOOXXXXOOOXXXOXOXXXXXOXOOXXXXOXOXOXXXOEOOOOOOOEOXXXXEO
(8,7)
   | 1 | 2 | 3 | 4 | 5 | 6 | 7 | 8 |
---|---|---|---|---|---|---|---|---|---
 1 | 0 | 0 | 0 | 0 | 0 | 0 | 0 | 0 | 1 
---|---|---|---|---|---|---|---|---|---
 2 | X | 0 | X | 0 | 0 | X | X | X | 2 
---|---|---|---|---|---|---|---|---|---
 3 | X | 0 | 0 | 0 | X | X | X | 0 | 3 
---|---|---|---|---|---|---|---|---|---
 4 | X | 0 | X | X | X | X | X | 0 | 4 
---|---|---|---|---|---|---|---|---|---
 5 | X | 0 | 0 | X | X | X | X | 0 | 5 
---|---|---|---|---|---|---|---|---|---
 6 | X | 0 | X | 0 | X | X | X | 0 | 6 
---|---|---|---|---|---|---|---|---|---
 7 |   | 0 | 0 | 0 | 0 | X | X | 0 | 7 
---|---|---|---|---|---|---|---|---|---
 8 |   | 0 | X | X | X | X | X | 0 | 8 
---|---|---|---|---|---|---|---|---|---
   | 1 | 2 | 3 | 4 | 5 | 6 | 7 | 8 |

It took 0 seconds to make this move...


White to move
WOOOOOOOOXOXOOXXXXOOOXXXOXOXXXXXOXOOXXXXOXOXOXXXOEOOOOXXOEOXXXXXO
(7,1) Depth reached: 819, Nodes searched: 553
   | 1 | 2 | 3 | 4 | 5 | 6 | 7 | 8 |
---|---|---|---|---|---|---|---|---|---
 1 | 0 | 0 | 0 | 0 | 0 | 0 | 0 | 0 | 1 
---|---|---|---|---|---|---|---|---|---
 2 | 0 | 0 | X | 0 | 0 | X | X | X | 2 
---|---|---|---|---|---|---|---|---|---
 3 | 0 | 0 | 0 | 0 | X | X | X | 0 | 3 
---|---|---|---|---|---|---|---|---|---
 4 | 0 | 0 | X | X | X | X | X | 0 | 4 
---|---|---|---|---|---|---|---|---|---
 5 | 0 | 0 | 0 | X | X | X | X | 0 | 5 
---|---|---|---|---|---|---|---|---|---
 6 | 0 | 0 | X | 0 | X | X | X | 0 | 6 
---|---|---|---|---|---|---|---|---|---
 7 | 0 | 0 | 0 | 0 | 0 | X | X | 0 | 7 
---|---|---|---|---|---|---|---|---|---
 8 |   | 0 | X | X | X | X | X | 0 | 8 
---|---|---|---|---|---|---|---|---|---
   | 1 | 2 | 3 | 4 | 5 | 6 | 7 | 8 |

It took 8 seconds to make this move...


Black to move
BOOOOOOOOOOXOOXXXOOOOXXXOOOXXXXXOOOOXXXXOOOXOXXXOOOOOOXXOEOXXXXXO
(8,1)
   | 1 | 2 | 3 | 4 | 5 | 6 | 7 | 8 |
---|---|---|---|---|---|---|---|---|---
 1 | 0 | 0 | 0 | 0 | 0 | 0 | 0 | 0 | 1 
---|---|---|---|---|---|---|---|---|---
 2 | 0 | 0 | X | 0 | 0 | X | X | X | 2 
---|---|---|---|---|---|---|---|---|---
 3 | 0 | 0 | 0 | 0 | X | X | X | 0 | 3 
---|---|---|---|---|---|---|---|---|---
 4 | 0 | 0 | X | X | X | X | X | 0 | 4 
---|---|---|---|---|---|---|---|---|---
 5 | 0 | 0 | 0 | X | X | X | X | 0 | 5 
---|---|---|---|---|---|---|---|---|---
 6 | 0 | 0 | X | 0 | X | X | X | 0 | 6 
---|---|---|---|---|---|---|---|---|---
 7 | 0 | X | 0 | 0 | 0 | X | X | 0 | 7 
---|---|---|---|---|---|---|---|---|---
 8 | X | X | X | X | X | X | X | 0 | 8 
---|---|---|---|---|---|---|---|---|---
   | 1 | 2 | 3 | 4 | 5 | 6 | 7 | 8 |

It took 0 seconds to make this move...


White to move
WOOOOOOOOOOXOOXXXOOOOXXXOOOXXXXXOOOOXXXXOOOXOXXXOOXOOOXXOXXXXXXXO
pass
   | 1 | 2 | 3 | 4 | 5 | 6 | 7 | 8 |
---|---|---|---|---|---|---|---|---|---
 1 | 0 | 0 | 0 | 0 | 0 | 0 | 0 | 0 | 1 
---|---|---|---|---|---|---|---|---|---
 2 | 0 | 0 | X | 0 | 0 | X | X | X | 2 
---|---|---|---|---|---|---|---|---|---
 3 | 0 | 0 | 0 | 0 | X | X | X | 0 | 3 
---|---|---|---|---|---|---|---|---|---
 4 | 0 | 0 | X | X | X | X | X | 0 | 4 
---|---|---|---|---|---|---|---|---|---
 5 | 0 | 0 | 0 | X | X | X | X | 0 | 5 
---|---|---|---|---|---|---|---|---|---
 6 | 0 | 0 | X | 0 | X | X | X | 0 | 6 
---|---|---|---|---|---|---|---|---|---
 7 | 0 | X | 0 | 0 | 0 | X | X | 0 | 7 
---|---|---|---|---|---|---|---|---|---
 8 | X | X | X | X | X | X | X | 0 | 8 
---|---|---|---|---|---|---|---|---|---
   | 1 | 2 | 3 | 4 | 5 | 6 | 7 | 8 |

It took 7 seconds to make this move...


Black to move
BOOOOOOOOOOXOOXXXOOOOXXXOOOXXXXXOOOOXXXXOOOXOXXXOOXOOOXXOXXXXXXXO
pass
   | 1 | 2 | 3 | 4 | 5 | 6 | 7 | 8 |
---|---|---|---|---|---|---|---|---|---
 1 | 0 | 0 | 0 | 0 | 0 | 0 | 0 | 0 | 1 
---|---|---|---|---|---|---|---|---|---
 2 | 0 | 0 | X | 0 | 0 | X | X | X | 2 
---|---|---|---|---|---|---|---|---|---
 3 | 0 | 0 | 0 | 0 | X | X | X | 0 | 3 
---|---|---|---|---|---|---|---|---|---
 4 | 0 | 0 | X | X | X | X | X | 0 | 4 
---|---|---|---|---|---|---|---|---|---
 5 | 0 | 0 | 0 | X | X | X | X | 0 | 5 
---|---|---|---|---|---|---|---|---|---
 6 | 0 | 0 | X | 0 | X | X | X | 0 | 6 
---|---|---|---|---|---|---|---|---|---
 7 | 0 | X | 0 | 0 | 0 | X | X | 0 | 7 
---|---|---|---|---|---|---|---|---|---
 8 | X | X | X | X | X | X | X | 0 | 8 
---|---|---|---|---|---|---|---|---|---
   | 1 | 2 | 3 | 4 | 5 | 6 | 7 | 8 |

It took 0 seconds to make this move...
***************************************
Results for ../Python/othello.sh vs. ./othello_naive.sh:
White won with 4 points
Average time for white: 7.3 s (max: 8 s)
Average time for black: 0.1 s (max: 1 s)
***************************************
