   | 1 | 2 | 3 | 4 | 5 | 6 | 7 | 8 |
---|---|---|---|---|---|---|---|---|---
 1 |   |   |   |   |   |   |   |   | 1 
---|---|---|---|---|---|---|---|---|---
 2 |   |   |   |   |   |   |   |   | 2 
---|---|---|---|---|---|---|---|---|---
 3 |   |   |   |   |   |   |   |   | 3 
---|---|---|---|---|---|---|---|---|---
 4 |   |   |   | 0 | X |   |   |   | 4 
---|---|---|---|---|---|---|---|---|---
 5 |   |   |   | X | 0 |   |   |   | 5 
---|---|---|---|---|---|---|---|---|---
 6 |   |   |   |   |   |   |   |   | 6 
---|---|---|---|---|---|---|---|---|---
 7 |   |   |   |   |   |   |   |   | 7 
---|---|---|---|---|---|---|---|---|---
 8 |   |   |   |   |   |   |   |   | 8 
---|---|---|---|---|---|---|---|---|---
   | 1 | 2 | 3 | 4 | 5 | 6 | 7 | 8 |



White to move
WEEEEEEEEEEEEEEEEEEEEEEEEEEEOXEEEEEEXOEEEEEEEEEEEEEEEEEEEEEEEEEEE
(3,5)
   | 1 | 2 | 3 | 4 | 5 | 6 | 7 | 8 |
---|---|---|---|---|---|---|---|---|---
 1 |   |   |   |   |   |   |   |   | 1 
---|---|---|---|---|---|---|---|---|---
 2 |   |   |   |   |   |   |   |   | 2 
---|---|---|---|---|---|---|---|---|---
 3 |   |   |   |   | 0 |   |   |   | 3 
---|---|---|---|---|---|---|---|---|---
 4 |   |   |   | 0 | 0 |   |   |   | 4 
---|---|---|---|---|---|---|---|---|---
 5 |   |   |   | X | 0 |   |   |   | 5 
---|---|---|---|---|---|---|---|---|---
 6 |   |   |   |   |   |   |   |   | 6 
---|---|---|---|---|---|---|---|---|---
 7 |   |   |   |   |   |   |   |   | 7 
---|---|---|---|---|---|---|---|---|---
 8 |   |   |   |   |   |   |   |   | 8 
---|---|---|---|---|---|---|---|---|---
   | 1 | 2 | 3 | 4 | 5 | 6 | 7 | 8 |

It took 0 seconds to make this move...


Black to move
BEEEEEEEEEEEEEEEEEEEEOEEEEEEOOEEEEEEXOEEEEEEEEEEEEEEEEEEEEEEEEEEE
(3,4) Depth reached: 9, Nodes searched: 5402
   | 1 | 2 | 3 | 4 | 5 | 6 | 7 | 8 |
---|---|---|---|---|---|---|---|---|---
 1 |   |   |   |   |   |   |   |   | 1 
---|---|---|---|---|---|---|---|---|---
 2 |   |   |   |   |   |   |   |   | 2 
---|---|---|---|---|---|---|---|---|---
 3 |   |   |   | X | 0 |   |   |   | 3 
---|---|---|---|---|---|---|---|---|---
 4 |   |   |   | X | 0 |   |   |   | 4 
---|---|---|---|---|---|---|---|---|---
 5 |   |   |   | X | 0 |   |   |   | 5 
---|---|---|---|---|---|---|---|---|---
 6 |   |   |   |   |   |   |   |   | 6 
---|---|---|---|---|---|---|---|---|---
 7 |   |   |   |   |   |   |   |   | 7 
---|---|---|---|---|---|---|---|---|---
 8 |   |   |   |   |   |   |   |   | 8 
---|---|---|---|---|---|---|---|---|---
   | 1 | 2 | 3 | 4 | 5 | 6 | 7 | 8 |

It took 8 seconds to make this move...


White to move
WEEEEEEEEEEEEEEEEEEEXOEEEEEEXOEEEEEEXOEEEEEEEEEEEEEEEEEEEEEEEEEEE
(3,3)
   | 1 | 2 | 3 | 4 | 5 | 6 | 7 | 8 |
---|---|---|---|---|---|---|---|---|---
 1 |   |   |   |   |   |   |   |   | 1 
---|---|---|---|---|---|---|---|---|---
 2 |   |   |   |   |   |   |   |   | 2 
---|---|---|---|---|---|---|---|---|---
 3 |   |   | 0 | 0 | 0 |   |   |   | 3 
---|---|---|---|---|---|---|---|---|---
 4 |   |   |   | 0 | 0 |   |   |   | 4 
---|---|---|---|---|---|---|---|---|---
 5 |   |   |   | X | 0 |   |   |   | 5 
---|---|---|---|---|---|---|---|---|---
 6 |   |   |   |   |   |   |   |   | 6 
---|---|---|---|---|---|---|---|---|---
 7 |   |   |   |   |   |   |   |   | 7 
---|---|---|---|---|---|---|---|---|---
 8 |   |   |   |   |   |   |   |   | 8 
---|---|---|---|---|---|---|---|---|---
   | 1 | 2 | 3 | 4 | 5 | 6 | 7 | 8 |

It took 0 seconds to make this move...


Black to move
BEEEEEEEEEEEEEEEEEEOOOEEEEEEOOEEEEEEXOEEEEEEEEEEEEEEEEEEEEEEEEEEE
(3,6) Depth reached: 8, Nodes searched: 4197
   | 1 | 2 | 3 | 4 | 5 | 6 | 7 | 8 |
---|---|---|---|---|---|---|---|---|---
 1 |   |   |   |   |   |   |   |   | 1 
---|---|---|---|---|---|---|---|---|---
 2 |   |   |   |   |   |   |   |   | 2 
---|---|---|---|---|---|---|---|---|---
 3 |   |   | 0 | 0 | 0 | X |   |   | 3 
---|---|---|---|---|---|---|---|---|---
 4 |   |   |   | 0 | X |   |   |   | 4 
---|---|---|---|---|---|---|---|---|---
 5 |   |   |   | X | 0 |   |   |   | 5 
---|---|---|---|---|---|---|---|---|---
 6 |   |   |   |   |   |   |   |   | 6 
---|---|---|---|---|---|---|---|---|---
 7 |   |   |   |   |   |   |   |   | 7 
---|---|---|---|---|---|---|---|---|---
 8 |   |   |   |   |   |   |   |   | 8 
---|---|---|---|---|---|---|---|---|---
   | 1 | 2 | 3 | 4 | 5 | 6 | 7 | 8 |

It took 8 seconds to make this move...


White to move
WEEEEEEEEEEEEEEEEEEOOOXEEEEEOXEEEEEEXOEEEEEEEEEEEEEEEEEEEEEEEEEEE
(5,3)
   | 1 | 2 | 3 | 4 | 5 | 6 | 7 | 8 |
---|---|---|---|---|---|---|---|---|---
 1 |   |   |   |   |   |   |   |   | 1 
---|---|---|---|---|---|---|---|---|---
 2 |   |   |   |   |   |   |   |   | 2 
---|---|---|---|---|---|---|---|---|---
 3 |   |   | 0 | 0 | 0 | X |   |   | 3 
---|---|---|---|---|---|---|---|---|---
 4 |   |   |   | 0 | X |   |   |   | 4 
---|---|---|---|---|---|---|---|---|---
 5 |   |   | 0 | 0 | 0 |   |   |   | 5 
---|---|---|---|---|---|---|---|---|---
 6 |   |   |   |   |   |   |   |   | 6 
---|---|---|---|---|---|---|---|---|---
 7 |   |   |   |   |   |   |   |   | 7 
---|---|---|---|---|---|---|---|---|---
 8 |   |   |   |   |   |   |   |   | 8 
---|---|---|---|---|---|---|---|---|---
   | 1 | 2 | 3 | 4 | 5 | 6 | 7 | 8 |

It took 0 seconds to make this move...


Black to move
BEEEEEEEEEEEEEEEEEEOOOXEEEEEOXEEEEEOOOEEEEEEEEEEEEEEEEEEEEEEEEEEE
(4,3) Depth reached: 7, Nodes searched: 29104
   | 1 | 2 | 3 | 4 | 5 | 6 | 7 | 8 |
---|---|---|---|---|---|---|---|---|---
 1 |   |   |   |   |   |   |   |   | 1 
---|---|---|---|---|---|---|---|---|---
 2 |   |   |   |   |   |   |   |   | 2 
---|---|---|---|---|---|---|---|---|---
 3 |   |   | 0 | 0 | 0 | X |   |   | 3 
---|---|---|---|---|---|---|---|---|---
 4 |   |   | X | X | X |   |   |   | 4 
---|---|---|---|---|---|---|---|---|---
 5 |   |   | 0 | 0 | 0 |   |   |   | 5 
---|---|---|---|---|---|---|---|---|---
 6 |   |   |   |   |   |   |   |   | 6 
---|---|---|---|---|---|---|---|---|---
 7 |   |   |   |   |   |   |   |   | 7 
---|---|---|---|---|---|---|---|---|---
 8 |   |   |   |   |   |   |   |   | 8 
---|---|---|---|---|---|---|---|---|---
   | 1 | 2 | 3 | 4 | 5 | 6 | 7 | 8 |

It took 9 seconds to make this move...


White to move
WEEEEEEEEEEEEEEEEEEOOOXEEEEXXXEEEEEOOOEEEEEEEEEEEEEEEEEEEEEEEEEEE
(2,7)
   | 1 | 2 | 3 | 4 | 5 | 6 | 7 | 8 |
---|---|---|---|---|---|---|---|---|---
 1 |   |   |   |   |   |   |   |   | 1 
---|---|---|---|---|---|---|---|---|---
 2 |   |   |   |   |   |   | 0 |   | 2 
---|---|---|---|---|---|---|---|---|---
 3 |   |   | 0 | 0 | 0 | 0 |   |   | 3 
---|---|---|---|---|---|---|---|---|---
 4 |   |   | X | X | 0 |   |   |   | 4 
---|---|---|---|---|---|---|---|---|---
 5 |   |   | 0 | 0 | 0 |   |   |   | 5 
---|---|---|---|---|---|---|---|---|---
 6 |   |   |   |   |   |   |   |   | 6 
---|---|---|---|---|---|---|---|---|---
 7 |   |   |   |   |   |   |   |   | 7 
---|---|---|---|---|---|---|---|---|---
 8 |   |   |   |   |   |   |   |   | 8 
---|---|---|---|---|---|---|---|---|---
   | 1 | 2 | 3 | 4 | 5 | 6 | 7 | 8 |

It took 0 seconds to make this move...


Black to move
BEEEEEEEEEEEEEEOEEEOOOOEEEEXXOEEEEEOOOEEEEEEEEEEEEEEEEEEEEEEEEEEE
(4,6) Depth reached: 7, Nodes searched: 724
   | 1 | 2 | 3 | 4 | 5 | 6 | 7 | 8 |
---|---|---|---|---|---|---|---|---|---
 1 |   |   |   |   |   |   |   |   | 1 
---|---|---|---|---|---|---|---|---|---
 2 |   |   |   |   |   |   | 0 |   | 2 
---|---|---|---|---|---|---|---|---|---
 3 |   |   | 0 | 0 | 0 | 0 |   |   | 3 
---|---|---|---|---|---|---|---|---|---
 4 |   |   | X | X | X | X |   |   | 4 
---|---|---|---|---|---|---|---|---|---
 5 |   |   | 0 | 0 | 0 |   |   |   | 5 
---|---|---|---|---|---|---|---|---|---
 6 |   |   |   |   |   |   |   |   | 6 
---|---|---|---|---|---|---|---|---|---
 7 |   |   |   |   |   |   |   |   | 7 
---|---|---|---|---|---|---|---|---|---
 8 |   |   |   |   |   |   |   |   | 8 
---|---|---|---|---|---|---|---|---|---
   | 1 | 2 | 3 | 4 | 5 | 6 | 7 | 8 |

It took 8 seconds to make this move...


White to move
WEEEEEEEEEEEEEEOEEEOOOOEEEEXXXXEEEEOOOEEEEEEEEEEEEEEEEEEEEEEEEEEE
(3,2)
   | 1 | 2 | 3 | 4 | 5 | 6 | 7 | 8 |
---|---|---|---|---|---|---|---|---|---
 1 |   |   |   |   |   |   |   |   | 1 
---|---|---|---|---|---|---|---|---|---
 2 |   |   |   |   |   |   | 0 |   | 2 
---|---|---|---|---|---|---|---|---|---
 3 |   | 0 | 0 | 0 | 0 | 0 |   |   | 3 
---|---|---|---|---|---|---|---|---|---
 4 |   |   | 0 | X | X | X |   |   | 4 
---|---|---|---|---|---|---|---|---|---
 5 |   |   | 0 | 0 | 0 |   |   |   | 5 
---|---|---|---|---|---|---|---|---|---
 6 |   |   |   |   |   |   |   |   | 6 
---|---|---|---|---|---|---|---|---|---
 7 |   |   |   |   |   |   |   |   | 7 
---|---|---|---|---|---|---|---|---|---
 8 |   |   |   |   |   |   |   |   | 8 
---|---|---|---|---|---|---|---|---|---
   | 1 | 2 | 3 | 4 | 5 | 6 | 7 | 8 |

It took 0 seconds to make this move...


Black to move
BEEEEEEEEEEEEEEOEEOOOOOEEEEOXXXEEEEOOOEEEEEEEEEEEEEEEEEEEEEEEEEEE
(1,8) Depth reached: 6, Nodes searched: 40419
   | 1 | 2 | 3 | 4 | 5 | 6 | 7 | 8 |
---|---|---|---|---|---|---|---|---|---
 1 |   |   |   |   |   |   |   | X | 1 
---|---|---|---|---|---|---|---|---|---
 2 |   |   |   |   |   |   | X |   | 2 
---|---|---|---|---|---|---|---|---|---
 3 |   | 0 | 0 | 0 | 0 | X |   |   | 3 
---|---|---|---|---|---|---|---|---|---
 4 |   |   | 0 | X | X | X |   |   | 4 
---|---|---|---|---|---|---|---|---|---
 5 |   |   | 0 | 0 | 0 |   |   |   | 5 
---|---|---|---|---|---|---|---|---|---
 6 |   |   |   |   |   |   |   |   | 6 
---|---|---|---|---|---|---|---|---|---
 7 |   |   |   |   |   |   |   |   | 7 
---|---|---|---|---|---|---|---|---|---
 8 |   |   |   |   |   |   |   |   | 8 
---|---|---|---|---|---|---|---|---|---
   | 1 | 2 | 3 | 4 | 5 | 6 | 7 | 8 |

It took 8 seconds to make this move...


White to move
WEEEEEEEXEEEEEEXEEOOOOXEEEEOXXXEEEEOOOEEEEEEEEEEEEEEEEEEEEEEEEEEE
(3,7)
   | 1 | 2 | 3 | 4 | 5 | 6 | 7 | 8 |
---|---|---|---|---|---|---|---|---|---
 1 |   |   |   |   |   |   |   | X | 1 
---|---|---|---|---|---|---|---|---|---
 2 |   |   |   |   |   |   | X |   | 2 
---|---|---|---|---|---|---|---|---|---
 3 |   | 0 | 0 | 0 | 0 | 0 | 0 |   | 3 
---|---|---|---|---|---|---|---|---|---
 4 |   |   | 0 | X | X | 0 |   |   | 4 
---|---|---|---|---|---|---|---|---|---
 5 |   |   | 0 | 0 | 0 |   |   |   | 5 
---|---|---|---|---|---|---|---|---|---
 6 |   |   |   |   |   |   |   |   | 6 
---|---|---|---|---|---|---|---|---|---
 7 |   |   |   |   |   |   |   |   | 7 
---|---|---|---|---|---|---|---|---|---
 8 |   |   |   |   |   |   |   |   | 8 
---|---|---|---|---|---|---|---|---|---
   | 1 | 2 | 3 | 4 | 5 | 6 | 7 | 8 |

It took 0 seconds to make this move...


Black to move
BEEEEEEEXEEEEEEXEEOOOOOOEEEOXXOEEEEOOOEEEEEEEEEEEEEEEEEEEEEEEEEEE
(6,3) Depth reached: 6, Nodes searched: 42435
   | 1 | 2 | 3 | 4 | 5 | 6 | 7 | 8 |
---|---|---|---|---|---|---|---|---|---
 1 |   |   |   |   |   |   |   | X | 1 
---|---|---|---|---|---|---|---|---|---
 2 |   |   |   |   |   |   | X |   | 2 
---|---|---|---|---|---|---|---|---|---
 3 |   | 0 | 0 | 0 | 0 | 0 | 0 |   | 3 
---|---|---|---|---|---|---|---|---|---
 4 |   |   | 0 | X | X | 0 |   |   | 4 
---|---|---|---|---|---|---|---|---|---
 5 |   |   | 0 | X | 0 |   |   |   | 5 
---|---|---|---|---|---|---|---|---|---
 6 |   |   | X |   |   |   |   |   | 6 
---|---|---|---|---|---|---|---|---|---
 7 |   |   |   |   |   |   |   |   | 7 
---|---|---|---|---|---|---|---|---|---
 8 |   |   |   |   |   |   |   |   | 8 
---|---|---|---|---|---|---|---|---|---
   | 1 | 2 | 3 | 4 | 5 | 6 | 7 | 8 |

It took 8 seconds to make this move...


White to move
WEEEEEEEXEEEEEEXEEOOOOOOEEEOXXOEEEEOXOEEEEEXEEEEEEEEEEEEEEEEEEEEE
(6,4)
   | 1 | 2 | 3 | 4 | 5 | 6 | 7 | 8 |
---|---|---|---|---|---|---|---|---|---
 1 |   |   |   |   |   |   |   | X | 1 
---|---|---|---|---|---|---|---|---|---
 2 |   |   |   |   |   |   | X |   | 2 
---|---|---|---|---|---|---|---|---|---
 3 |   | 0 | 0 | 0 | 0 | 0 | 0 |   | 3 
---|---|---|---|---|---|---|---|---|---
 4 |   |   | 0 | 0 | X | 0 |   |   | 4 
---|---|---|---|---|---|---|---|---|---
 5 |   |   | 0 | 0 | 0 |   |   |   | 5 
---|---|---|---|---|---|---|---|---|---
 6 |   |   | X | 0 |   |   |   |   | 6 
---|---|---|---|---|---|---|---|---|---
 7 |   |   |   |   |   |   |   |   | 7 
---|---|---|---|---|---|---|---|---|---
 8 |   |   |   |   |   |   |   |   | 8 
---|---|---|---|---|---|---|---|---|---
   | 1 | 2 | 3 | 4 | 5 | 6 | 7 | 8 |

It took 1 seconds to make this move...


Black to move
BEEEEEEEXEEEEEEXEEOOOOOOEEEOOXOEEEEOOOEEEEEXOEEEEEEEEEEEEEEEEEEEE
(6,5) Depth reached: 7, Nodes searched: 19009
   | 1 | 2 | 3 | 4 | 5 | 6 | 7 | 8 |
---|---|---|---|---|---|---|---|---|---
 1 |   |   |   |   |   |   |   | X | 1 
---|---|---|---|---|---|---|---|---|---
 2 |   |   |   |   |   |   | X |   | 2 
---|---|---|---|---|---|---|---|---|---
 3 |   | 0 | 0 | 0 | 0 | 0 | 0 |   | 3 
---|---|---|---|---|---|---|---|---|---
 4 |   |   | 0 | 0 | X | 0 |   |   | 4 
---|---|---|---|---|---|---|---|---|---
 5 |   |   | 0 | 0 | X |   |   |   | 5 
---|---|---|---|---|---|---|---|---|---
 6 |   |   | X | X | X |   |   |   | 6 
---|---|---|---|---|---|---|---|---|---
 7 |   |   |   |   |   |   |   |   | 7 
---|---|---|---|---|---|---|---|---|---
 8 |   |   |   |   |   |   |   |   | 8 
---|---|---|---|---|---|---|---|---|---
   | 1 | 2 | 3 | 4 | 5 | 6 | 7 | 8 |

It took 8 seconds to make this move...


White to move
WEEEEEEEXEEEEEEXEEOOOOOOEEEOOXOEEEEOOXEEEEEXXXEEEEEEEEEEEEEEEEEEE
(7,5)
   | 1 | 2 | 3 | 4 | 5 | 6 | 7 | 8 |
---|---|---|---|---|---|---|---|---|---
 1 |   |   |   |   |   |   |   | X | 1 
---|---|---|---|---|---|---|---|---|---
 2 |   |   |   |   |   |   | X |   | 2 
---|---|---|---|---|---|---|---|---|---
 3 |   | 0 | 0 | 0 | 0 | 0 | 0 |   | 3 
---|---|---|---|---|---|---|---|---|---
 4 |   |   | 0 | 0 | 0 | 0 |   |   | 4 
---|---|---|---|---|---|---|---|---|---
 5 |   |   | 0 | 0 | 0 |   |   |   | 5 
---|---|---|---|---|---|---|---|---|---
 6 |   |   | X | 0 | 0 |   |   |   | 6 
---|---|---|---|---|---|---|---|---|---
 7 |   |   |   |   | 0 |   |   |   | 7 
---|---|---|---|---|---|---|---|---|---
 8 |   |   |   |   |   |   |   |   | 8 
---|---|---|---|---|---|---|---|---|---
   | 1 | 2 | 3 | 4 | 5 | 6 | 7 | 8 |

It took 0 seconds to make this move...


Black to move
BEEEEEEEXEEEEEEXEEOOOOOOEEEOOOOEEEEOOOEEEEEXOOEEEEEEEOEEEEEEEEEEE
(6,6) Depth reached: 7, Nodes searched: 35413
   | 1 | 2 | 3 | 4 | 5 | 6 | 7 | 8 |
---|---|---|---|---|---|---|---|---|---
 1 |   |   |   |   |   |   |   | X | 1 
---|---|---|---|---|---|---|---|---|---
 2 |   |   |   |   |   |   | X |   | 2 
---|---|---|---|---|---|---|---|---|---
 3 |   | 0 | 0 | 0 | 0 | 0 | 0 |   | 3 
---|---|---|---|---|---|---|---|---|---
 4 |   |   | 0 | 0 | 0 | 0 |   |   | 4 
---|---|---|---|---|---|---|---|---|---
 5 |   |   | 0 | 0 | 0 |   |   |   | 5 
---|---|---|---|---|---|---|---|---|---
 6 |   |   | X | X | X | X |   |   | 6 
---|---|---|---|---|---|---|---|---|---
 7 |   |   |   |   | 0 |   |   |   | 7 
---|---|---|---|---|---|---|---|---|---
 8 |   |   |   |   |   |   |   |   | 8 
---|---|---|---|---|---|---|---|---|---
   | 1 | 2 | 3 | 4 | 5 | 6 | 7 | 8 |

It took 9 seconds to make this move...


White to move
WEEEEEEEXEEEEEEXEEOOOOOOEEEOOOOEEEEOOOEEEEEXXXXEEEEEEOEEEEEEEEEEE
(5,7)
   | 1 | 2 | 3 | 4 | 5 | 6 | 7 | 8 |
---|---|---|---|---|---|---|---|---|---
 1 |   |   |   |   |   |   |   | X | 1 
---|---|---|---|---|---|---|---|---|---
 2 |   |   |   |   |   |   | X |   | 2 
---|---|---|---|---|---|---|---|---|---
 3 |   | 0 | 0 | 0 | 0 | 0 | 0 |   | 3 
---|---|---|---|---|---|---|---|---|---
 4 |   |   | 0 | 0 | 0 | 0 |   |   | 4 
---|---|---|---|---|---|---|---|---|---
 5 |   |   | 0 | 0 | 0 |   | 0 |   | 5 
---|---|---|---|---|---|---|---|---|---
 6 |   |   | X | X | X | 0 |   |   | 6 
---|---|---|---|---|---|---|---|---|---
 7 |   |   |   |   | 0 |   |   |   | 7 
---|---|---|---|---|---|---|---|---|---
 8 |   |   |   |   |   |   |   |   | 8 
---|---|---|---|---|---|---|---|---|---
   | 1 | 2 | 3 | 4 | 5 | 6 | 7 | 8 |

It took 0 seconds to make this move...


Black to move
BEEEEEEEXEEEEEEXEEOOOOOOEEEOOOOEEEEOOOEOEEEXXXOEEEEEEOEEEEEEEEEEE
(2,1) Depth reached: 6, Nodes searched: 38037
   | 1 | 2 | 3 | 4 | 5 | 6 | 7 | 8 |
---|---|---|---|---|---|---|---|---|---
 1 |   |   |   |   |   |   |   | X | 1 
---|---|---|---|---|---|---|---|---|---
 2 | X |   |   |   |   |   | X |   | 2 
---|---|---|---|---|---|---|---|---|---
 3 |   | X | 0 | 0 | 0 | 0 | 0 |   | 3 
---|---|---|---|---|---|---|---|---|---
 4 |   |   | X | 0 | 0 | 0 |   |   | 4 
---|---|---|---|---|---|---|---|---|---
 5 |   |   | 0 | X | 0 |   | 0 |   | 5 
---|---|---|---|---|---|---|---|---|---
 6 |   |   | X | X | X | 0 |   |   | 6 
---|---|---|---|---|---|---|---|---|---
 7 |   |   |   |   | 0 |   |   |   | 7 
---|---|---|---|---|---|---|---|---|---
 8 |   |   |   |   |   |   |   |   | 8 
---|---|---|---|---|---|---|---|---|---
   | 1 | 2 | 3 | 4 | 5 | 6 | 7 | 8 |

It took 8 seconds to make this move...


White to move
WEEEEEEEXXEEEEEXEEXOOOOOEEEXOOOEEEEOXOEOEEEXXXOEEEEEEOEEEEEEEEEEE
(6,2)
   | 1 | 2 | 3 | 4 | 5 | 6 | 7 | 8 |
---|---|---|---|---|---|---|---|---|---
 1 |   |   |   |   |   |   |   | X | 1 
---|---|---|---|---|---|---|---|---|---
 2 | X |   |   |   |   |   | X |   | 2 
---|---|---|---|---|---|---|---|---|---
 3 |   | X | 0 | 0 | 0 | 0 | 0 |   | 3 
---|---|---|---|---|---|---|---|---|---
 4 |   |   | X | 0 | 0 | 0 |   |   | 4 
---|---|---|---|---|---|---|---|---|---
 5 |   |   | 0 | X | 0 |   | 0 |   | 5 
---|---|---|---|---|---|---|---|---|---
 6 |   | 0 | 0 | 0 | 0 | 0 |   |   | 6 
---|---|---|---|---|---|---|---|---|---
 7 |   |   |   |   | 0 |   |   |   | 7 
---|---|---|---|---|---|---|---|---|---
 8 |   |   |   |   |   |   |   |   | 8 
---|---|---|---|---|---|---|---|---|---
   | 1 | 2 | 3 | 4 | 5 | 6 | 7 | 8 |

It took 1 seconds to make this move...


Black to move
BEEEEEEEXXEEEEEXEEXOOOOOEEEXOOOEEEEOXOEOEEOOOOOEEEEEEOEEEEEEEEEEE
(3,8) Depth reached: 6, Nodes searched: 41239
   | 1 | 2 | 3 | 4 | 5 | 6 | 7 | 8 |
---|---|---|---|---|---|---|---|---|---
 1 |   |   |   |   |   |   |   | X | 1 
---|---|---|---|---|---|---|---|---|---
 2 | X |   |   |   |   |   | X |   | 2 
---|---|---|---|---|---|---|---|---|---
 3 |   | X | X | X | X | X | X | X | 3 
---|---|---|---|---|---|---|---|---|---
 4 |   |   | X | 0 | 0 | 0 |   |   | 4 
---|---|---|---|---|---|---|---|---|---
 5 |   |   | 0 | X | 0 |   | 0 |   | 5 
---|---|---|---|---|---|---|---|---|---
 6 |   | 0 | 0 | 0 | 0 | 0 |   |   | 6 
---|---|---|---|---|---|---|---|---|---
 7 |   |   |   |   | 0 |   |   |   | 7 
---|---|---|---|---|---|---|---|---|---
 8 |   |   |   |   |   |   |   |   | 8 
---|---|---|---|---|---|---|---|---|---
   | 1 | 2 | 3 | 4 | 5 | 6 | 7 | 8 |

It took 8 seconds to make this move...


White to move
WEEEEEEEXXEEEEEXEEXXXXXXXEEXOOOEEEEOXOEOEEOOOOOEEEEEEOEEEEEEEEEEE
(2,8)
   | 1 | 2 | 3 | 4 | 5 | 6 | 7 | 8 |
---|---|---|---|---|---|---|---|---|---
 1 |   |   |   |   |   |   |   | X | 1 
---|---|---|---|---|---|---|---|---|---
 2 | X |   |   |   |   |   | X | 0 | 2 
---|---|---|---|---|---|---|---|---|---
 3 |   | X | X | X | X | X | 0 | X | 3 
---|---|---|---|---|---|---|---|---|---
 4 |   |   | X | 0 | 0 | 0 |   |   | 4 
---|---|---|---|---|---|---|---|---|---
 5 |   |   | 0 | X | 0 |   | 0 |   | 5 
---|---|---|---|---|---|---|---|---|---
 6 |   | 0 | 0 | 0 | 0 | 0 |   |   | 6 
---|---|---|---|---|---|---|---|---|---
 7 |   |   |   |   | 0 |   |   |   | 7 
---|---|---|---|---|---|---|---|---|---
 8 |   |   |   |   |   |   |   |   | 8 
---|---|---|---|---|---|---|---|---|---
   | 1 | 2 | 3 | 4 | 5 | 6 | 7 | 8 |

It took 1 seconds to make this move...


Black to move
BEEEEEEEXXEEEEEXOEXXXXXOXEEXOOOEEEEOXOEOEEOOOOOEEEEEEOEEEEEEEEEEE
(6,8) Depth reached: 6, Nodes searched: 39662
   | 1 | 2 | 3 | 4 | 5 | 6 | 7 | 8 |
---|---|---|---|---|---|---|---|---|---
 1 |   |   |   |   |   |   |   | X | 1 
---|---|---|---|---|---|---|---|---|---
 2 | X |   |   |   |   |   | X | 0 | 2 
---|---|---|---|---|---|---|---|---|---
 3 |   | X | X | X | X | X | 0 | X | 3 
---|---|---|---|---|---|---|---|---|---
 4 |   |   | X | 0 | 0 | X |   |   | 4 
---|---|---|---|---|---|---|---|---|---
 5 |   |   | 0 | X | 0 |   | X |   | 5 
---|---|---|---|---|---|---|---|---|---
 6 |   | 0 | 0 | 0 | 0 | 0 |   | X | 6 
---|---|---|---|---|---|---|---|---|---
 7 |   |   |   |   | 0 |   |   |   | 7 
---|---|---|---|---|---|---|---|---|---
 8 |   |   |   |   |   |   |   |   | 8 
---|---|---|---|---|---|---|---|---|---
   | 1 | 2 | 3 | 4 | 5 | 6 | 7 | 8 |

It took 8 seconds to make this move...


White to move
WEEEEEEEXXEEEEEXOEXXXXXOXEEXOOXEEEEOXOEXEEOOOOOEXEEEEOEEEEEEEEEEE
(3,1)
   | 1 | 2 | 3 | 4 | 5 | 6 | 7 | 8 |
---|---|---|---|---|---|---|---|---|---
 1 |   |   |   |   |   |   |   | X | 1 
---|---|---|---|---|---|---|---|---|---
 2 | X |   |   |   |   |   | X | 0 | 2 
---|---|---|---|---|---|---|---|---|---
 3 | 0 | 0 | 0 | 0 | 0 | 0 | 0 | X | 3 
---|---|---|---|---|---|---|---|---|---
 4 |   |   | X | 0 | 0 | X |   |   | 4 
---|---|---|---|---|---|---|---|---|---
 5 |   |   | 0 | X | 0 |   | X |   | 5 
---|---|---|---|---|---|---|---|---|---
 6 |   | 0 | 0 | 0 | 0 | 0 |   | X | 6 
---|---|---|---|---|---|---|---|---|---
 7 |   |   |   |   | 0 |   |   |   | 7 
---|---|---|---|---|---|---|---|---|---
 8 |   |   |   |   |   |   |   |   | 8 
---|---|---|---|---|---|---|---|---|---
   | 1 | 2 | 3 | 4 | 5 | 6 | 7 | 8 |

It took 0 seconds to make this move...


Black to move
BEEEEEEEXXEEEEEXOOOOOOOOXEEXOOXEEEEOXOEXEEOOOOOEXEEEEOEEEEEEEEEEE
(4,1) Depth reached: 6, Nodes searched: 50898
   | 1 | 2 | 3 | 4 | 5 | 6 | 7 | 8 |
---|---|---|---|---|---|---|---|---|---
 1 |   |   |   |   |   |   |   | X | 1 
---|---|---|---|---|---|---|---|---|---
 2 | X |   |   |   |   |   | X | 0 | 2 
---|---|---|---|---|---|---|---|---|---
 3 | X | 0 | 0 | 0 | 0 | 0 | 0 | X | 3 
---|---|---|---|---|---|---|---|---|---
 4 | X |   | X | 0 | 0 | X |   |   | 4 
---|---|---|---|---|---|---|---|---|---
 5 |   |   | 0 | X | 0 |   | X |   | 5 
---|---|---|---|---|---|---|---|---|---
 6 |   | 0 | 0 | 0 | 0 | 0 |   | X | 6 
---|---|---|---|---|---|---|---|---|---
 7 |   |   |   |   | 0 |   |   |   | 7 
---|---|---|---|---|---|---|---|---|---
 8 |   |   |   |   |   |   |   |   | 8 
---|---|---|---|---|---|---|---|---|---
   | 1 | 2 | 3 | 4 | 5 | 6 | 7 | 8 |

It took 8 seconds to make this move...


White to move
WEEEEEEEXXEEEEEXOXOOOOOOXXEXOOXEEEEOXOEXEEOOOOOEXEEEEOEEEEEEEEEEE
(2,6)
   | 1 | 2 | 3 | 4 | 5 | 6 | 7 | 8 |
---|---|---|---|---|---|---|---|---|---
 1 |   |   |   |   |   |   |   | X | 1 
---|---|---|---|---|---|---|---|---|---
 2 | X |   |   |   |   | 0 | 0 | 0 | 2 
---|---|---|---|---|---|---|---|---|---
 3 | X | 0 | 0 | 0 | 0 | 0 | 0 | X | 3 
---|---|---|---|---|---|---|---|---|---
 4 | X |   | X | 0 | 0 | X |   |   | 4 
---|---|---|---|---|---|---|---|---|---
 5 |   |   | 0 | X | 0 |   | X |   | 5 
---|---|---|---|---|---|---|---|---|---
 6 |   | 0 | 0 | 0 | 0 | 0 |   | X | 6 
---|---|---|---|---|---|---|---|---|---
 7 |   |   |   |   | 0 |   |   |   | 7 
---|---|---|---|---|---|---|---|---|---
 8 |   |   |   |   |   |   |   |   | 8 
---|---|---|---|---|---|---|---|---|---
   | 1 | 2 | 3 | 4 | 5 | 6 | 7 | 8 |

It took 0 seconds to make this move...


Black to move
BEEEEEEEXXEEEEOOOXOOOOOOXXEXOOXEEEEOXOEXEEOOOOOEXEEEEOEEEEEEEEEEE
(1,6) Depth reached: 6, Nodes searched: 51966
   | 1 | 2 | 3 | 4 | 5 | 6 | 7 | 8 |
---|---|---|---|---|---|---|---|---|---
 1 |   |   |   |   |   | X |   | X | 1 
---|---|---|---|---|---|---|---|---|---
 2 | X |   |   |   |   | X | X | 0 | 2 
---|---|---|---|---|---|---|---|---|---
 3 | X | 0 | 0 | 0 | 0 | X | 0 | X | 3 
---|---|---|---|---|---|---|---|---|---
 4 | X |   | X | 0 | 0 | X |   |   | 4 
---|---|---|---|---|---|---|---|---|---
 5 |   |   | 0 | X | 0 |   | X |   | 5 
---|---|---|---|---|---|---|---|---|---
 6 |   | 0 | 0 | 0 | 0 | 0 |   | X | 6 
---|---|---|---|---|---|---|---|---|---
 7 |   |   |   |   | 0 |   |   |   | 7 
---|---|---|---|---|---|---|---|---|---
 8 |   |   |   |   |   |   |   |   | 8 
---|---|---|---|---|---|---|---|---|---
   | 1 | 2 | 3 | 4 | 5 | 6 | 7 | 8 |

It took 8 seconds to make this move...


White to move
WEEEEEXEXXEEEEXXOXOOOOXOXXEXOOXEEEEOXOEXEEOOOOOEXEEEEOEEEEEEEEEEE
(1,7)
   | 1 | 2 | 3 | 4 | 5 | 6 | 7 | 8 |
---|---|---|---|---|---|---|---|---|---
 1 |   |   |   |   |   | X | 0 | X | 1 
---|---|---|---|---|---|---|---|---|---
 2 | X |   |   |   |   | 0 | 0 | 0 | 2 
---|---|---|---|---|---|---|---|---|---
 3 | X | 0 | 0 | 0 | 0 | X | 0 | X | 3 
---|---|---|---|---|---|---|---|---|---
 4 | X |   | X | 0 | 0 | X |   |   | 4 
---|---|---|---|---|---|---|---|---|---
 5 |   |   | 0 | X | 0 |   | X |   | 5 
---|---|---|---|---|---|---|---|---|---
 6 |   | 0 | 0 | 0 | 0 | 0 |   | X | 6 
---|---|---|---|---|---|---|---|---|---
 7 |   |   |   |   | 0 |   |   |   | 7 
---|---|---|---|---|---|---|---|---|---
 8 |   |   |   |   |   |   |   |   | 8 
---|---|---|---|---|---|---|---|---|---
   | 1 | 2 | 3 | 4 | 5 | 6 | 7 | 8 |

It took 1 seconds to make this move...


Black to move
BEEEEEXOXXEEEEOOOXOOOOXOXXEXOOXEEEEOXOEXEEOOOOOEXEEEEOEEEEEEEEEEE
(8,4) Depth reached: 6, Nodes searched: 57136
   | 1 | 2 | 3 | 4 | 5 | 6 | 7 | 8 |
---|---|---|---|---|---|---|---|---|---
 1 |   |   |   |   |   | X | 0 | X | 1 
---|---|---|---|---|---|---|---|---|---
 2 | X |   |   |   |   | 0 | 0 | 0 | 2 
---|---|---|---|---|---|---|---|---|---
 3 | X | 0 | 0 | 0 | 0 | X | 0 | X | 3 
---|---|---|---|---|---|---|---|---|---
 4 | X |   | X | 0 | 0 | X |   |   | 4 
---|---|---|---|---|---|---|---|---|---
 5 |   |   | 0 | X | 0 |   | X |   | 5 
---|---|---|---|---|---|---|---|---|---
 6 |   | 0 | 0 | 0 | 0 | X |   | X | 6 
---|---|---|---|---|---|---|---|---|---
 7 |   |   |   |   | X |   |   |   | 7 
---|---|---|---|---|---|---|---|---|---
 8 |   |   |   | X |   |   |   |   | 8 
---|---|---|---|---|---|---|---|---|---
   | 1 | 2 | 3 | 4 | 5 | 6 | 7 | 8 |

It took 8 seconds to make this move...


White to move
WEEEEEXOXXEEEEOOOXOOOOXOXXEXOOXEEEEOXOEXEEOOOOXEXEEEEXEEEEEEXEEEE
(5,6)
   | 1 | 2 | 3 | 4 | 5 | 6 | 7 | 8 |
---|---|---|---|---|---|---|---|---|---
 1 |   |   |   |   |   | X | 0 | X | 1 
---|---|---|---|---|---|---|---|---|---
 2 | X |   |   |   |   | 0 | 0 | 0 | 2 
---|---|---|---|---|---|---|---|---|---
 3 | X | 0 | 0 | 0 | 0 | 0 | 0 | X | 3 
---|---|---|---|---|---|---|---|---|---
 4 | X |   | X | 0 | 0 | 0 |   |   | 4 
---|---|---|---|---|---|---|---|---|---
 5 |   |   | 0 | X | 0 | 0 | X |   | 5 
---|---|---|---|---|---|---|---|---|---
 6 |   | 0 | 0 | 0 | 0 | X |   | X | 6 
---|---|---|---|---|---|---|---|---|---
 7 |   |   |   |   | X |   |   |   | 7 
---|---|---|---|---|---|---|---|---|---
 8 |   |   |   | X |   |   |   |   | 8 
---|---|---|---|---|---|---|---|---|---
   | 1 | 2 | 3 | 4 | 5 | 6 | 7 | 8 |

It took 0 seconds to make this move...


Black to move
BEEEEEXOXXEEEEOOOXOOOOOOXXEXOOOEEEEOXOOXEEOOOOXEXEEEEXEEEEEEXEEEE
(6,1) Depth reached: 6, Nodes searched: 45814
   | 1 | 2 | 3 | 4 | 5 | 6 | 7 | 8 |
---|---|---|---|---|---|---|---|---|---
 1 |   |   |   |   |   | X | 0 | X | 1 
---|---|---|---|---|---|---|---|---|---
 2 | X |   |   |   |   | 0 | 0 | 0 | 2 
---|---|---|---|---|---|---|---|---|---
 3 | X | 0 | 0 | 0 | 0 | 0 | 0 | X | 3 
---|---|---|---|---|---|---|---|---|---
 4 | X |   | X | 0 | 0 | 0 |   |   | 4 
---|---|---|---|---|---|---|---|---|---
 5 |   |   | 0 | X | 0 | 0 | X |   | 5 
---|---|---|---|---|---|---|---|---|---
 6 | X | X | X | X | X | X |   | X | 6 
---|---|---|---|---|---|---|---|---|---
 7 |   |   |   |   | X |   |   |   | 7 
---|---|---|---|---|---|---|---|---|---
 8 |   |   |   | X |   |   |   |   | 8 
---|---|---|---|---|---|---|---|---|---
   | 1 | 2 | 3 | 4 | 5 | 6 | 7 | 8 |

It took 9 seconds to make this move...


White to move
WEEEEEXOXXEEEEOOOXOOOOOOXXEXOOOEEEEOXOOXEXXXXXXEXEEEEXEEEEEEXEEEE
(8,6)
   | 1 | 2 | 3 | 4 | 5 | 6 | 7 | 8 |
---|---|---|---|---|---|---|---|---|---
 1 |   |   |   |   |   | X | 0 | X | 1 
---|---|---|---|---|---|---|---|---|---
 2 | X |   |   |   |   | 0 | 0 | 0 | 2 
---|---|---|---|---|---|---|---|---|---
 3 | X | 0 | 0 | 0 | 0 | 0 | 0 | X | 3 
---|---|---|---|---|---|---|---|---|---
 4 | X |   | X | 0 | 0 | 0 |   |   | 4 
---|---|---|---|---|---|---|---|---|---
 5 |   |   | 0 | X | 0 | 0 | X |   | 5 
---|---|---|---|---|---|---|---|---|---
 6 | X | X | X | 0 | X | X |   | X | 6 
---|---|---|---|---|---|---|---|---|---
 7 |   |   |   |   | 0 |   |   |   | 7 
---|---|---|---|---|---|---|---|---|---
 8 |   |   |   | X |   | 0 |   |   | 8 
---|---|---|---|---|---|---|---|---|---
   | 1 | 2 | 3 | 4 | 5 | 6 | 7 | 8 |

It took 0 seconds to make this move...


Black to move
BEEEEEXOXXEEEEOOOXOOOOOOXXEXOOOEEEEOXOOXEXXXOXXEXEEEEOEEEEEEXEOEE
(2,3) Depth reached: 6, Nodes searched: 52694
   | 1 | 2 | 3 | 4 | 5 | 6 | 7 | 8 |
---|---|---|---|---|---|---|---|---|---
 1 |   |   |   |   |   | X | 0 | X | 1 
---|---|---|---|---|---|---|---|---|---
 2 | X |   | X |   |   | 0 | 0 | 0 | 2 
---|---|---|---|---|---|---|---|---|---
 3 | X | X | X | 0 | 0 | 0 | 0 | X | 3 
---|---|---|---|---|---|---|---|---|---
 4 | X |   | X | 0 | 0 | 0 |   |   | 4 
---|---|---|---|---|---|---|---|---|---
 5 |   |   | 0 | X | 0 | 0 | X |   | 5 
---|---|---|---|---|---|---|---|---|---
 6 | X | X | X | 0 | X | X |   | X | 6 
---|---|---|---|---|---|---|---|---|---
 7 |   |   |   |   | 0 |   |   |   | 7 
---|---|---|---|---|---|---|---|---|---
 8 |   |   |   | X |   | 0 |   |   | 8 
---|---|---|---|---|---|---|---|---|---
   | 1 | 2 | 3 | 4 | 5 | 6 | 7 | 8 |

It took 8 seconds to make this move...


White to move
WEEEEEXOXXEXEEOOOXXXOOOOXXEXOOOEEEEOXOOXEXXXOXXEXEEEEOEEEEEEXEOEE
(5,8)
   | 1 | 2 | 3 | 4 | 5 | 6 | 7 | 8 |
---|---|---|---|---|---|---|---|---|---
 1 |   |   |   |   |   | X | 0 | X | 1 
---|---|---|---|---|---|---|---|---|---
 2 | X |   | X |   |   | 0 | 0 | 0 | 2 
---|---|---|---|---|---|---|---|---|---
 3 | X | X | X | 0 | 0 | 0 | 0 | X | 3 
---|---|---|---|---|---|---|---|---|---
 4 | X |   | X | 0 | 0 | 0 |   |   | 4 
---|---|---|---|---|---|---|---|---|---
 5 |   |   | 0 | X | 0 | 0 | 0 | 0 | 5 
---|---|---|---|---|---|---|---|---|---
 6 | X | X | X | 0 | X | X |   | X | 6 
---|---|---|---|---|---|---|---|---|---
 7 |   |   |   |   | 0 |   |   |   | 7 
---|---|---|---|---|---|---|---|---|---
 8 |   |   |   | X |   | 0 |   |   | 8 
---|---|---|---|---|---|---|---|---|---
   | 1 | 2 | 3 | 4 | 5 | 6 | 7 | 8 |

It took 1 seconds to make this move...


Black to move
BEEEEEXOXXEXEEOOOXXXOOOOXXEXOOOEEEEOXOOOOXXXOXXEXEEEEOEEEEEEXEOEE
(4,8) Depth reached: 7, Nodes searched: 3177
   | 1 | 2 | 3 | 4 | 5 | 6 | 7 | 8 |
---|---|---|---|---|---|---|---|---|---
 1 |   |   |   |   |   | X | 0 | X | 1 
---|---|---|---|---|---|---|---|---|---
 2 | X |   | X |   |   | 0 | 0 | 0 | 2 
---|---|---|---|---|---|---|---|---|---
 3 | X | X | X | 0 | 0 | 0 | 0 | X | 3 
---|---|---|---|---|---|---|---|---|---
 4 | X |   | X | 0 | 0 | 0 |   | X | 4 
---|---|---|---|---|---|---|---|---|---
 5 |   |   | 0 | X | 0 | 0 | X | X | 5 
---|---|---|---|---|---|---|---|---|---
 6 | X | X | X | 0 | X | X |   | X | 6 
---|---|---|---|---|---|---|---|---|---
 7 |   |   |   |   | 0 |   |   |   | 7 
---|---|---|---|---|---|---|---|---|---
 8 |   |   |   | X |   | 0 |   |   | 8 
---|---|---|---|---|---|---|---|---|---
   | 1 | 2 | 3 | 4 | 5 | 6 | 7 | 8 |

It took 8 seconds to make this move...


White to move
WEEEEEXOXXEXEEOOOXXXOOOOXXEXOOOEXEEOXOOXXXXXOXXEXEEEEOEEEEEEXEOEE
(1,3)
   | 1 | 2 | 3 | 4 | 5 | 6 | 7 | 8 |
---|---|---|---|---|---|---|---|---|---
 1 |   |   | 0 |   |   | X | 0 | X | 1 
---|---|---|---|---|---|---|---|---|---
 2 | X |   | 0 |   |   | 0 | 0 | 0 | 2 
---|---|---|---|---|---|---|---|---|---
 3 | X | X | 0 | 0 | 0 | 0 | 0 | X | 3 
---|---|---|---|---|---|---|---|---|---
 4 | X |   | 0 | 0 | 0 | 0 |   | X | 4 
---|---|---|---|---|---|---|---|---|---
 5 |   |   | 0 | X | 0 | 0 | X | X | 5 
---|---|---|---|---|---|---|---|---|---
 6 | X | X | X | 0 | X | X |   | X | 6 
---|---|---|---|---|---|---|---|---|---
 7 |   |   |   |   | 0 |   |   |   | 7 
---|---|---|---|---|---|---|---|---|---
 8 |   |   |   | X |   | 0 |   |   | 8 
---|---|---|---|---|---|---|---|---|---
   | 1 | 2 | 3 | 4 | 5 | 6 | 7 | 8 |

It took 0 seconds to make this move...


Black to move
BEEOEEXOXXEOEEOOOXXOOOOOXXEOOOOEXEEOXOOXXXXXOXXEXEEEEOEEEEEEXEOEE
(1,4) Depth reached: 7, Nodes searched: 36017
   | 1 | 2 | 3 | 4 | 5 | 6 | 7 | 8 |
---|---|---|---|---|---|---|---|---|---
 1 |   |   | 0 | X |   | X | 0 | X | 1 
---|---|---|---|---|---|---|---|---|---
 2 | X |   | X |   |   | 0 | 0 | 0 | 2 
---|---|---|---|---|---|---|---|---|---
 3 | X | X | 0 | 0 | 0 | 0 | 0 | X | 3 
---|---|---|---|---|---|---|---|---|---
 4 | X |   | 0 | 0 | 0 | 0 |   | X | 4 
---|---|---|---|---|---|---|---|---|---
 5 |   |   | 0 | X | 0 | 0 | X | X | 5 
---|---|---|---|---|---|---|---|---|---
 6 | X | X | X | 0 | X | X |   | X | 6 
---|---|---|---|---|---|---|---|---|---
 7 |   |   |   |   | 0 |   |   |   | 7 
---|---|---|---|---|---|---|---|---|---
 8 |   |   |   | X |   | 0 |   |   | 8 
---|---|---|---|---|---|---|---|---|---
   | 1 | 2 | 3 | 4 | 5 | 6 | 7 | 8 |

It took 9 seconds to make this move...


White to move
WEEOXEXOXXEXEEOOOXXOOOOOXXEOOOOEXEEOXOOXXXXXOXXEXEEEEOEEEEEEXEOEE
(6,7)
   | 1 | 2 | 3 | 4 | 5 | 6 | 7 | 8 |
---|---|---|---|---|---|---|---|---|---
 1 |   |   | 0 | X |   | X | 0 | X | 1 
---|---|---|---|---|---|---|---|---|---
 2 | X |   | X |   |   | 0 | 0 | 0 | 2 
---|---|---|---|---|---|---|---|---|---
 3 | X | X | 0 | 0 | 0 | 0 | 0 | X | 3 
---|---|---|---|---|---|---|---|---|---
 4 | X |   | 0 | 0 | 0 | 0 |   | X | 4 
---|---|---|---|---|---|---|---|---|---
 5 |   |   | 0 | X | 0 | 0 | X | X | 5 
---|---|---|---|---|---|---|---|---|---
 6 | X | X | X | 0 | 0 | 0 | 0 | X | 6 
---|---|---|---|---|---|---|---|---|---
 7 |   |   |   |   | 0 |   |   |   | 7 
---|---|---|---|---|---|---|---|---|---
 8 |   |   |   | X |   | 0 |   |   | 8 
---|---|---|---|---|---|---|---|---|---
   | 1 | 2 | 3 | 4 | 5 | 6 | 7 | 8 |

It took 0 seconds to make this move...


Black to move
BEEOXEXOXXEXEEOOOXXOOOOOXXEOOOOEXEEOXOOXXXXXOOOOXEEEEOEEEEEEXEOEE
(7,7) Depth reached: 7, Nodes searched: 39177
   | 1 | 2 | 3 | 4 | 5 | 6 | 7 | 8 |
---|---|---|---|---|---|---|---|---|---
 1 |   |   | 0 | X |   | X | 0 | X | 1 
---|---|---|---|---|---|---|---|---|---
 2 | X |   | X |   |   | 0 | 0 | 0 | 2 
---|---|---|---|---|---|---|---|---|---
 3 | X | X | 0 | 0 | 0 | 0 | 0 | X | 3 
---|---|---|---|---|---|---|---|---|---
 4 | X |   | 0 | 0 | 0 | 0 |   | X | 4 
---|---|---|---|---|---|---|---|---|---
 5 |   |   | 0 | X | 0 | 0 | X | X | 5 
---|---|---|---|---|---|---|---|---|---
 6 | X | X | X | 0 | 0 | 0 | X | X | 6 
---|---|---|---|---|---|---|---|---|---
 7 |   |   |   |   | 0 |   | X |   | 7 
---|---|---|---|---|---|---|---|---|---
 8 |   |   |   | X |   | 0 |   |   | 8 
---|---|---|---|---|---|---|---|---|---
   | 1 | 2 | 3 | 4 | 5 | 6 | 7 | 8 |

It took 8 seconds to make this move...


White to move
WEEOXEXOXXEXEEOOOXXOOOOOXXEOOOOEXEEOXOOXXXXXOOOXXEEEEOEXEEEEXEOEE
(8,8)
   | 1 | 2 | 3 | 4 | 5 | 6 | 7 | 8 |
---|---|---|---|---|---|---|---|---|---
 1 |   |   | 0 | X |   | X | 0 | X | 1 
---|---|---|---|---|---|---|---|---|---
 2 | X |   | X |   |   | 0 | 0 | 0 | 2 
---|---|---|---|---|---|---|---|---|---
 3 | X | X | 0 | 0 | 0 | 0 | 0 | X | 3 
---|---|---|---|---|---|---|---|---|---
 4 | X |   | 0 | 0 | 0 | 0 |   | X | 4 
---|---|---|---|---|---|---|---|---|---
 5 |   |   | 0 | X | 0 | 0 | X | X | 5 
---|---|---|---|---|---|---|---|---|---
 6 | X | X | X | 0 | 0 | 0 | X | X | 6 
---|---|---|---|---|---|---|---|---|---
 7 |   |   |   |   | 0 |   | 0 |   | 7 
---|---|---|---|---|---|---|---|---|---
 8 |   |   |   | X |   | 0 |   | 0 | 8 
---|---|---|---|---|---|---|---|---|---
   | 1 | 2 | 3 | 4 | 5 | 6 | 7 | 8 |

It took 0 seconds to make this move...


Black to move
BEEOXEXOXXEXEEOOOXXOOOOOXXEOOOOEXEEOXOOXXXXXOOOXXEEEEOEOEEEEXEOEO
(7,4) Depth reached: 7, Nodes searched: 57449
   | 1 | 2 | 3 | 4 | 5 | 6 | 7 | 8 |
---|---|---|---|---|---|---|---|---|---
 1 |   |   | 0 | X |   | X | 0 | X | 1 
---|---|---|---|---|---|---|---|---|---
 2 | X |   | X |   |   | 0 | 0 | 0 | 2 
---|---|---|---|---|---|---|---|---|---
 3 | X | X | 0 | 0 | 0 | 0 | 0 | X | 3 
---|---|---|---|---|---|---|---|---|---
 4 | X |   | 0 | 0 | 0 | 0 |   | X | 4 
---|---|---|---|---|---|---|---|---|---
 5 |   |   | 0 | X | 0 | 0 | X | X | 5 
---|---|---|---|---|---|---|---|---|---
 6 | X | X | X | X | 0 | 0 | X | X | 6 
---|---|---|---|---|---|---|---|---|---
 7 |   |   |   | X | 0 |   | 0 |   | 7 
---|---|---|---|---|---|---|---|---|---
 8 |   |   |   | X |   | 0 |   | 0 | 8 
---|---|---|---|---|---|---|---|---|---
   | 1 | 2 | 3 | 4 | 5 | 6 | 7 | 8 |

It took 8 seconds to make this move...


White to move
WEEOXEXOXXEXEEOOOXXOOOOOXXEOOOOEXEEOXOOXXXXXXOOXXEEEXOEOEEEEXEOEO
(7,1)
   | 1 | 2 | 3 | 4 | 5 | 6 | 7 | 8 |
---|---|---|---|---|---|---|---|---|---
 1 |   |   | 0 | X |   | X | 0 | X | 1 
---|---|---|---|---|---|---|---|---|---
 2 | X |   | X |   |   | 0 | 0 | 0 | 2 
---|---|---|---|---|---|---|---|---|---
 3 | X | X | 0 | 0 | 0 | 0 | 0 | X | 3 
---|---|---|---|---|---|---|---|---|---
 4 | X |   | 0 | 0 | 0 | 0 |   | X | 4 
---|---|---|---|---|---|---|---|---|---
 5 |   |   | 0 | X | 0 | 0 | X | X | 5 
---|---|---|---|---|---|---|---|---|---
 6 | X | 0 | X | X | 0 | 0 | X | X | 6 
---|---|---|---|---|---|---|---|---|---
 7 | 0 |   |   | X | 0 |   | 0 |   | 7 
---|---|---|---|---|---|---|---|---|---
 8 |   |   |   | X |   | 0 |   | 0 | 8 
---|---|---|---|---|---|---|---|---|---
   | 1 | 2 | 3 | 4 | 5 | 6 | 7 | 8 |

It took 0 seconds to make this move...


Black to move
BEEOXEXOXXEXEEOOOXXOOOOOXXEOOOOEXEEOXOOXXXOXXOOXXOEEXOEOEEEEXEOEO
(4,2) Depth reached: 7, Nodes searched: 59226
   | 1 | 2 | 3 | 4 | 5 | 6 | 7 | 8 |
---|---|---|---|---|---|---|---|---|---
 1 |   |   | 0 | X |   | X | 0 | X | 1 
---|---|---|---|---|---|---|---|---|---
 2 | X |   | X |   |   | 0 | 0 | 0 | 2 
---|---|---|---|---|---|---|---|---|---
 3 | X | X | 0 | 0 | 0 | 0 | 0 | X | 3 
---|---|---|---|---|---|---|---|---|---
 4 | X | X | 0 | 0 | 0 | 0 |   | X | 4 
---|---|---|---|---|---|---|---|---|---
 5 |   |   | X | X | 0 | 0 | X | X | 5 
---|---|---|---|---|---|---|---|---|---
 6 | X | 0 | X | X | 0 | 0 | X | X | 6 
---|---|---|---|---|---|---|---|---|---
 7 | 0 |   |   | X | 0 |   | 0 |   | 7 
---|---|---|---|---|---|---|---|---|---
 8 |   |   |   | X |   | 0 |   | 0 | 8 
---|---|---|---|---|---|---|---|---|---
   | 1 | 2 | 3 | 4 | 5 | 6 | 7 | 8 |

It took 8 seconds to make this move...


White to move
WEEOXEXOXXEXEEOOOXXOOOOOXXXOOOOEXEEXXOOXXXOXXOOXXOEEXOEOEEEEXEOEO
(7,8)
   | 1 | 2 | 3 | 4 | 5 | 6 | 7 | 8 |
---|---|---|---|---|---|---|---|---|---
 1 |   |   | 0 | X |   | X | 0 | X | 1 
---|---|---|---|---|---|---|---|---|---
 2 | X |   | X |   |   | 0 | 0 | 0 | 2 
---|---|---|---|---|---|---|---|---|---
 3 | X | X | 0 | 0 | 0 | 0 | 0 | 0 | 3 
---|---|---|---|---|---|---|---|---|---
 4 | X | X | 0 | 0 | 0 | 0 |   | 0 | 4 
---|---|---|---|---|---|---|---|---|---
 5 |   |   | X | X | 0 | 0 | X | 0 | 5 
---|---|---|---|---|---|---|---|---|---
 6 | X | 0 | X | X | 0 | 0 | 0 | 0 | 6 
---|---|---|---|---|---|---|---|---|---
 7 | 0 |   |   | X | 0 |   | 0 | 0 | 7 
---|---|---|---|---|---|---|---|---|---
 8 |   |   |   | X |   | 0 |   | 0 | 8 
---|---|---|---|---|---|---|---|---|---
   | 1 | 2 | 3 | 4 | 5 | 6 | 7 | 8 |

It took 1 seconds to make this move...


Black to move
BEEOXEXOXXEXEEOOOXXOOOOOOXXOOOOEOEEXXOOXOXOXXOOOOOEEXOEOOEEEXEOEO
(2,4) Depth reached: 8, Nodes searched: 10534
   | 1 | 2 | 3 | 4 | 5 | 6 | 7 | 8 |
---|---|---|---|---|---|---|---|---|---
 1 |   |   | 0 | X |   | X | 0 | X | 1 
---|---|---|---|---|---|---|---|---|---
 2 | X |   | X | X |   | 0 | 0 | 0 | 2 
---|---|---|---|---|---|---|---|---|---
 3 | X | X | X | X | X | 0 | 0 | 0 | 3 
---|---|---|---|---|---|---|---|---|---
 4 | X | X | 0 | X | 0 | X |   | 0 | 4 
---|---|---|---|---|---|---|---|---|---
 5 |   |   | X | X | 0 | 0 | X | 0 | 5 
---|---|---|---|---|---|---|---|---|---
 6 | X | 0 | X | X | 0 | 0 | 0 | 0 | 6 
---|---|---|---|---|---|---|---|---|---
 7 | 0 |   |   | X | 0 |   | 0 | 0 | 7 
---|---|---|---|---|---|---|---|---|---
 8 |   |   |   | X |   | 0 |   | 0 | 8 
---|---|---|---|---|---|---|---|---|---
   | 1 | 2 | 3 | 4 | 5 | 6 | 7 | 8 |

It took 8 seconds to make this move...


White to move
WEEOXEXOXXEXXEOOOXXXXXOOOXXOXOXEOEEXXOOXOXOXXOOOOOEEXOEOOEEEXEOEO
(2,2)
   | 1 | 2 | 3 | 4 | 5 | 6 | 7 | 8 |
---|---|---|---|---|---|---|---|---|---
 1 |   |   | 0 | X |   | X | 0 | X | 1 
---|---|---|---|---|---|---|---|---|---
 2 | X | 0 | X | X |   | 0 | 0 | 0 | 2 
---|---|---|---|---|---|---|---|---|---
 3 | X | X | 0 | X | X | 0 | 0 | 0 | 3 
---|---|---|---|---|---|---|---|---|---
 4 | X | X | 0 | 0 | 0 | X |   | 0 | 4 
---|---|---|---|---|---|---|---|---|---
 5 |   |   | X | X | 0 | 0 | X | 0 | 5 
---|---|---|---|---|---|---|---|---|---
 6 | X | 0 | X | X | 0 | 0 | 0 | 0 | 6 
---|---|---|---|---|---|---|---|---|---
 7 | 0 |   |   | X | 0 |   | 0 | 0 | 7 
---|---|---|---|---|---|---|---|---|---
 8 |   |   |   | X |   | 0 |   | 0 | 8 
---|---|---|---|---|---|---|---|---|---
   | 1 | 2 | 3 | 4 | 5 | 6 | 7 | 8 |

It took 0 seconds to make this move...


Black to move
BEEOXEXOXXOXXEOOOXXOXXOOOXXOOOXEOEEXXOOXOXOXXOOOOOEEXOEOOEEEXEOEO
(4,7) Depth reached: 8, Nodes searched: 18243
   | 1 | 2 | 3 | 4 | 5 | 6 | 7 | 8 |
---|---|---|---|---|---|---|---|---|---
 1 |   |   | 0 | X |   | X | 0 | X | 1 
---|---|---|---|---|---|---|---|---|---
 2 | X | 0 | X | X |   | 0 | 0 | 0 | 2 
---|---|---|---|---|---|---|---|---|---
 3 | X | X | 0 | X | X | 0 | 0 | 0 | 3 
---|---|---|---|---|---|---|---|---|---
 4 | X | X | 0 | 0 | 0 | X | X | 0 | 4 
---|---|---|---|---|---|---|---|---|---
 5 |   |   | X | X | 0 | X | X | 0 | 5 
---|---|---|---|---|---|---|---|---|---
 6 | X | 0 | X | X | X | 0 | 0 | 0 | 6 
---|---|---|---|---|---|---|---|---|---
 7 | 0 |   |   | X | 0 |   | 0 | 0 | 7 
---|---|---|---|---|---|---|---|---|---
 8 |   |   |   | X |   | 0 |   | 0 | 8 
---|---|---|---|---|---|---|---|---|---
   | 1 | 2 | 3 | 4 | 5 | 6 | 7 | 8 |

It took 8 seconds to make this move...


White to move
WEEOXEXOXXOXXEOOOXXOXXOOOXXOOOXXOEEXXOXXOXOXXXOOOOEEXOEOOEEEXEOEO
(2,5)
   | 1 | 2 | 3 | 4 | 5 | 6 | 7 | 8 |
---|---|---|---|---|---|---|---|---|---
 1 |   |   | 0 | X |   | X | 0 | X | 1 
---|---|---|---|---|---|---|---|---|---
 2 | X | 0 | 0 | 0 | 0 | 0 | 0 | 0 | 2 
---|---|---|---|---|---|---|---|---|---
 3 | X | X | 0 | 0 | 0 | 0 | 0 | 0 | 3 
---|---|---|---|---|---|---|---|---|---
 4 | X | X | 0 | 0 | 0 | X | X | 0 | 4 
---|---|---|---|---|---|---|---|---|---
 5 |   |   | X | X | 0 | X | X | 0 | 5 
---|---|---|---|---|---|---|---|---|---
 6 | X | 0 | X | X | X | 0 | 0 | 0 | 6 
---|---|---|---|---|---|---|---|---|---
 7 | 0 |   |   | X | 0 |   | 0 | 0 | 7 
---|---|---|---|---|---|---|---|---|---
 8 |   |   |   | X |   | 0 |   | 0 | 8 
---|---|---|---|---|---|---|---|---|---
   | 1 | 2 | 3 | 4 | 5 | 6 | 7 | 8 |

It took 1 seconds to make this move...


Black to move
BEEOXEXOXXOOOOOOOXXOOOOOOXXOOOXXOEEXXOXXOXOXXXOOOOEEXOEOOEEEXEOEO
(1,5) Depth reached: 10, Nodes searched: 53254
   | 1 | 2 | 3 | 4 | 5 | 6 | 7 | 8 |
---|---|---|---|---|---|---|---|---|---
 1 |   |   | 0 | X | X | X | 0 | X | 1 
---|---|---|---|---|---|---|---|---|---
 2 | X | 0 | 0 | X | X | 0 | 0 | 0 | 2 
---|---|---|---|---|---|---|---|---|---
 3 | X | X | X | 0 | X | 0 | 0 | 0 | 3 
---|---|---|---|---|---|---|---|---|---
 4 | X | X | 0 | 0 | X | X | X | 0 | 4 
---|---|---|---|---|---|---|---|---|---
 5 |   |   | X | X | X | X | X | 0 | 5 
---|---|---|---|---|---|---|---|---|---
 6 | X | 0 | X | X | X | 0 | 0 | 0 | 6 
---|---|---|---|---|---|---|---|---|---
 7 | 0 |   |   | X | 0 |   | 0 | 0 | 7 
---|---|---|---|---|---|---|---|---|---
 8 |   |   |   | X |   | 0 |   | 0 | 8 
---|---|---|---|---|---|---|---|---|---
   | 1 | 2 | 3 | 4 | 5 | 6 | 7 | 8 |

It took 8 seconds to make this move...


White to move
WEEOXXXOXXOOXXOOOXXXOXOOOXXOOXXXOEEXXXXXOXOXXXOOOOEEXOEOOEEEXEOEO
(5,2)
   | 1 | 2 | 3 | 4 | 5 | 6 | 7 | 8 |
---|---|---|---|---|---|---|---|---|---
 1 |   |   | 0 | X | X | X | 0 | X | 1 
---|---|---|---|---|---|---|---|---|---
 2 | X | 0 | 0 | X | X | 0 | 0 | 0 | 2 
---|---|---|---|---|---|---|---|---|---
 3 | X | 0 | X | 0 | X | 0 | 0 | 0 | 3 
---|---|---|---|---|---|---|---|---|---
 4 | X | 0 | 0 | 0 | X | X | X | 0 | 4 
---|---|---|---|---|---|---|---|---|---
 5 |   | 0 | 0 | 0 | 0 | 0 | 0 | 0 | 5 
---|---|---|---|---|---|---|---|---|---
 6 | X | 0 | X | X | X | 0 | 0 | 0 | 6 
---|---|---|---|---|---|---|---|---|---
 7 | 0 |   |   | X | 0 |   | 0 | 0 | 7 
---|---|---|---|---|---|---|---|---|---
 8 |   |   |   | X |   | 0 |   | 0 | 8 
---|---|---|---|---|---|---|---|---|---
   | 1 | 2 | 3 | 4 | 5 | 6 | 7 | 8 |

It took 0 seconds to make this move...


Black to move
BEEOXXXOXXOOXXOOOXOXOXOOOXOOOXXXOEOOOOOOOXOXXXOOOOEEXOEOOEEEXEOEO
(5,1) Depth reached: 11, Nodes searched: 13652
   | 1 | 2 | 3 | 4 | 5 | 6 | 7 | 8 |
---|---|---|---|---|---|---|---|---|---
 1 |   |   | 0 | X | X | X | 0 | X | 1 
---|---|---|---|---|---|---|---|---|---
 2 | X | 0 | 0 | X | X | 0 | 0 | 0 | 2 
---|---|---|---|---|---|---|---|---|---
 3 | X | 0 | X | 0 | X | 0 | 0 | 0 | 3 
---|---|---|---|---|---|---|---|---|---
 4 | X | X | 0 | 0 | X | X | X | 0 | 4 
---|---|---|---|---|---|---|---|---|---
 5 | X | 0 | 0 | 0 | 0 | 0 | 0 | 0 | 5 
---|---|---|---|---|---|---|---|---|---
 6 | X | 0 | X | X | X | 0 | 0 | 0 | 6 
---|---|---|---|---|---|---|---|---|---
 7 | 0 |   |   | X | 0 |   | 0 | 0 | 7 
---|---|---|---|---|---|---|---|---|---
 8 |   |   |   | X |   | 0 |   | 0 | 8 
---|---|---|---|---|---|---|---|---|---
   | 1 | 2 | 3 | 4 | 5 | 6 | 7 | 8 |

It took 8 seconds to make this move...


White to move
WEEOXXXOXXOOXXOOOXOXOXOOOXXOOXXXOXOOOOOOOXOXXXOOOOEEXOEOOEEEXEOEO
(1,1)
   | 1 | 2 | 3 | 4 | 5 | 6 | 7 | 8 |
---|---|---|---|---|---|---|---|---|---
 1 | 0 |   | 0 | X | X | X | 0 | X | 1 
---|---|---|---|---|---|---|---|---|---
 2 | 0 | 0 | 0 | X | X | 0 | 0 | 0 | 2 
---|---|---|---|---|---|---|---|---|---
 3 | 0 | 0 | X | 0 | X | 0 | 0 | 0 | 3 
---|---|---|---|---|---|---|---|---|---
 4 | 0 | X | 0 | 0 | X | X | X | 0 | 4 
---|---|---|---|---|---|---|---|---|---
 5 | 0 | 0 | 0 | 0 | 0 | 0 | 0 | 0 | 5 
---|---|---|---|---|---|---|---|---|---
 6 | 0 | 0 | X | X | X | 0 | 0 | 0 | 6 
---|---|---|---|---|---|---|---|---|---
 7 | 0 |   |   | X | 0 |   | 0 | 0 | 7 
---|---|---|---|---|---|---|---|---|---
 8 |   |   |   | X |   | 0 |   | 0 | 8 
---|---|---|---|---|---|---|---|---|---
   | 1 | 2 | 3 | 4 | 5 | 6 | 7 | 8 |

It took 0 seconds to make this move...


Black to move
BOEOXXXOXOOOXXOOOOOXOXOOOOXOOXXXOOOOOOOOOOOXXXOOOOEEXOEOOEEEXEOEO
(8,5) Depth reached: 30, Nodes searched: 17155
   | 1 | 2 | 3 | 4 | 5 | 6 | 7 | 8 |
---|---|---|---|---|---|---|---|---|---
 1 | 0 |   | 0 | X | X | X | 0 | X | 1 
---|---|---|---|---|---|---|---|---|---
 2 | 0 | 0 | 0 | X | X | 0 | 0 | 0 | 2 
---|---|---|---|---|---|---|---|---|---
 3 | 0 | 0 | X | 0 | X | 0 | 0 | 0 | 3 
---|---|---|---|---|---|---|---|---|---
 4 | 0 | X | 0 | 0 | X | X | X | 0 | 4 
---|---|---|---|---|---|---|---|---|---
 5 | 0 | 0 | 0 | 0 | 0 | 0 | 0 | 0 | 5 
---|---|---|---|---|---|---|---|---|---
 6 | 0 | 0 | X | X | X | 0 | 0 | 0 | 6 
---|---|---|---|---|---|---|---|---|---
 7 | 0 |   |   | X | X |   | 0 | 0 | 7 
---|---|---|---|---|---|---|---|---|---
 8 |   |   |   | X | X | 0 |   | 0 | 8 
---|---|---|---|---|---|---|---|---|---
   | 1 | 2 | 3 | 4 | 5 | 6 | 7 | 8 |

It took 9 seconds to make this move...


White to move
WOEOXXXOXOOOXXOOOOOXOXOOOOXOOXXXOOOOOOOOOOOXXXOOOOEEXXEOOEEEXXOEO
(7,3)
   | 1 | 2 | 3 | 4 | 5 | 6 | 7 | 8 |
---|---|---|---|---|---|---|---|---|---
 1 | 0 |   | 0 | X | X | X | 0 | X | 1 
---|---|---|---|---|---|---|---|---|---
 2 | 0 | 0 | 0 | X | X | 0 | 0 | 0 | 2 
---|---|---|---|---|---|---|---|---|---
 3 | 0 | 0 | X | 0 | X | 0 | 0 | 0 | 3 
---|---|---|---|---|---|---|---|---|---
 4 | 0 | X | 0 | 0 | X | X | X | 0 | 4 
---|---|---|---|---|---|---|---|---|---
 5 | 0 | 0 | 0 | 0 | 0 | 0 | 0 | 0 | 5 
---|---|---|---|---|---|---|---|---|---
 6 | 0 | 0 | 0 | 0 | X | 0 | 0 | 0 | 6 
---|---|---|---|---|---|---|---|---|---
 7 | 0 |   | 0 | X | X |   | 0 | 0 | 7 
---|---|---|---|---|---|---|---|---|---
 8 |   |   |   | X | X | 0 |   | 0 | 8 
---|---|---|---|---|---|---|---|---|---
   | 1 | 2 | 3 | 4 | 5 | 6 | 7 | 8 |

It took 0 seconds to make this move...


Black to move
BOEOXXXOXOOOXXOOOOOXOXOOOOXOOXXXOOOOOOOOOOOOOXOOOOEOXXEOOEEEXXOEO
(8,7) Depth reached: 87, Nodes searched: 5267
   | 1 | 2 | 3 | 4 | 5 | 6 | 7 | 8 |
---|---|---|---|---|---|---|---|---|---
 1 | 0 |   | 0 | X | X | X | 0 | X | 1 
---|---|---|---|---|---|---|---|---|---
 2 | 0 | 0 | 0 | X | X | 0 | 0 | 0 | 2 
---|---|---|---|---|---|---|---|---|---
 3 | 0 | 0 | X | 0 | X | 0 | 0 | 0 | 3 
---|---|---|---|---|---|---|---|---|---
 4 | 0 | X | 0 | 0 | X | X | X | 0 | 4 
---|---|---|---|---|---|---|---|---|---
 5 | 0 | 0 | 0 | 0 | 0 | 0 | X | 0 | 5 
---|---|---|---|---|---|---|---|---|---
 6 | 0 | 0 | 0 | 0 | X | 0 | X | 0 | 6 
---|---|---|---|---|---|---|---|---|---
 7 | 0 |   | 0 | X | X |   | X | 0 | 7 
---|---|---|---|---|---|---|---|---|---
 8 |   |   |   | X | X | X | X | 0 | 8 
---|---|---|---|---|---|---|---|---|---
   | 1 | 2 | 3 | 4 | 5 | 6 | 7 | 8 |

It took 8 seconds to make this move...


White to move
WOEOXXXOXOOOXXOOOOOXOXOOOOXOOXXXOOOOOOOXOOOOOXOXOOEOXXEXOEEEXXXXO
(8,3)
   | 1 | 2 | 3 | 4 | 5 | 6 | 7 | 8 |
---|---|---|---|---|---|---|---|---|---
 1 | 0 |   | 0 | X | X | X | 0 | X | 1 
---|---|---|---|---|---|---|---|---|---
 2 | 0 | 0 | 0 | X | X | 0 | 0 | 0 | 2 
---|---|---|---|---|---|---|---|---|---
 3 | 0 | 0 | X | 0 | X | 0 | 0 | 0 | 3 
---|---|---|---|---|---|---|---|---|---
 4 | 0 | X | 0 | 0 | X | X | X | 0 | 4 
---|---|---|---|---|---|---|---|---|---
 5 | 0 | 0 | 0 | 0 | 0 | 0 | X | 0 | 5 
---|---|---|---|---|---|---|---|---|---
 6 | 0 | 0 | 0 | 0 | 0 | 0 | X | 0 | 6 
---|---|---|---|---|---|---|---|---|---
 7 | 0 |   | 0 | 0 | X |   | X | 0 | 7 
---|---|---|---|---|---|---|---|---|---
 8 |   |   | 0 | 0 | 0 | 0 | 0 | 0 | 8 
---|---|---|---|---|---|---|---|---|---
   | 1 | 2 | 3 | 4 | 5 | 6 | 7 | 8 |

It took 0 seconds to make this move...


Black to move
BOEOXXXOXOOOXXOOOOOXOXOOOOXOOXXXOOOOOOOXOOOOOOOXOOEOOXEXOEEOOOOOO
(7,6) Depth reached: 206, Nodes searched: 933
   | 1 | 2 | 3 | 4 | 5 | 6 | 7 | 8 |
---|---|---|---|---|---|---|---|---|---
 1 | 0 |   | 0 | X | X | X | 0 | X | 1 
---|---|---|---|---|---|---|---|---|---
 2 | 0 | 0 | 0 | X | X | 0 | 0 | 0 | 2 
---|---|---|---|---|---|---|---|---|---
 3 | 0 | 0 | X | 0 | X | 0 | 0 | 0 | 3 
---|---|---|---|---|---|---|---|---|---
 4 | 0 | X | 0 | 0 | X | X | X | 0 | 4 
---|---|---|---|---|---|---|---|---|---
 5 | 0 | 0 | 0 | 0 | 0 | X | X | 0 | 5 
---|---|---|---|---|---|---|---|---|---
 6 | 0 | 0 | 0 | 0 | 0 | X | X | 0 | 6 
---|---|---|---|---|---|---|---|---|---
 7 | 0 |   | 0 | 0 | X | X | X | 0 | 7 
---|---|---|---|---|---|---|---|---|---
 8 |   |   | 0 | 0 | 0 | 0 | 0 | 0 | 8 
---|---|---|---|---|---|---|---|---|---
   | 1 | 2 | 3 | 4 | 5 | 6 | 7 | 8 |

It took 9 seconds to make this move...


White to move
WOEOXXXOXOOOXXOOOOOXOXOOOOXOOXXXOOOOOOXXOOOOOOXXOOEOOXXXOEEOOOOOO
pass
   | 1 | 2 | 3 | 4 | 5 | 6 | 7 | 8 |
---|---|---|---|---|---|---|---|---|---
 1 | 0 |   | 0 | X | X | X | 0 | X | 1 
---|---|---|---|---|---|---|---|---|---
 2 | 0 | 0 | 0 | X | X | 0 | 0 | 0 | 2 
---|---|---|---|---|---|---|---|---|---
 3 | 0 | 0 | X | 0 | X | 0 | 0 | 0 | 3 
---|---|---|---|---|---|---|---|---|---
 4 | 0 | X | 0 | 0 | X | X | X | 0 | 4 
---|---|---|---|---|---|---|---|---|---
 5 | 0 | 0 | 0 | 0 | 0 | X | X | 0 | 5 
---|---|---|---|---|---|---|---|---|---
 6 | 0 | 0 | 0 | 0 | 0 | X | X | 0 | 6 
---|---|---|---|---|---|---|---|---|---
 7 | 0 |   | 0 | 0 | X | X | X | 0 | 7 
---|---|---|---|---|---|---|---|---|---
 8 |   |   | 0 | 0 | 0 | 0 | 0 | 0 | 8 
---|---|---|---|---|---|---|---|---|---
   | 1 | 2 | 3 | 4 | 5 | 6 | 7 | 8 |

It took 0 seconds to make this move...


Black to move
BOEOXXXOXOOOXXOOOOOXOXOOOOXOOXXXOOOOOOXXOOOOOOXXOOEOOXXXOEEOOOOOO
(1,2) Depth reached: 300, Nodes searched: 1395
   | 1 | 2 | 3 | 4 | 5 | 6 | 7 | 8 |
---|---|---|---|---|---|---|---|---|---
 1 | 0 | X | X | X | X | X | 0 | X | 1 
---|---|---|---|---|---|---|---|---|---
 2 | 0 | X | X | X | X | 0 | 0 | 0 | 2 
---|---|---|---|---|---|---|---|---|---
 3 | 0 | X | X | X | X | 0 | 0 | 0 | 3 
---|---|---|---|---|---|---|---|---|---
 4 | 0 | X | 0 | 0 | X | X | X | 0 | 4 
---|---|---|---|---|---|---|---|---|---
 5 | 0 | 0 | 0 | 0 | 0 | X | X | 0 | 5 
---|---|---|---|---|---|---|---|---|---
 6 | 0 | 0 | 0 | 0 | 0 | X | X | 0 | 6 
---|---|---|---|---|---|---|---|---|---
 7 | 0 |   | 0 | 0 | X | X | X | 0 | 7 
---|---|---|---|---|---|---|---|---|---
 8 |   |   | 0 | 0 | 0 | 0 | 0 | 0 | 8 
---|---|---|---|---|---|---|---|---|---
   | 1 | 2 | 3 | 4 | 5 | 6 | 7 | 8 |

It took 8 seconds to make this move...


White to move
WOXXXXXOXOXXXXOOOOXXXXOOOOXOOXXXOOOOOOXXOOOOOOXXOOEOOXXXOEEOOOOOO
pass
   | 1 | 2 | 3 | 4 | 5 | 6 | 7 | 8 |
---|---|---|---|---|---|---|---|---|---
 1 | 0 | X | X | X | X | X | 0 | X | 1 
---|---|---|---|---|---|---|---|---|---
 2 | 0 | X | X | X | X | 0 | 0 | 0 | 2 
---|---|---|---|---|---|---|---|---|---
 3 | 0 | X | X | X | X | 0 | 0 | 0 | 3 
---|---|---|---|---|---|---|---|---|---
 4 | 0 | X | 0 | 0 | X | X | X | 0 | 4 
---|---|---|---|---|---|---|---|---|---
 5 | 0 | 0 | 0 | 0 | 0 | X | X | 0 | 5 
---|---|---|---|---|---|---|---|---|---
 6 | 0 | 0 | 0 | 0 | 0 | X | X | 0 | 6 
---|---|---|---|---|---|---|---|---|---
 7 | 0 |   | 0 | 0 | X | X | X | 0 | 7 
---|---|---|---|---|---|---|---|---|---
 8 |   |   | 0 | 0 | 0 | 0 | 0 | 0 | 8 
---|---|---|---|---|---|---|---|---|---
   | 1 | 2 | 3 | 4 | 5 | 6 | 7 | 8 |

It took 0 seconds to make this move...


Black to move
BOXXXXXOXOXXXXOOOOXXXXOOOOXOOXXXOOOOOOXXOOOOOOXXOOEOOXXXOEEOOOOOO
(7,2) Depth reached: 475, Nodes searched: 277
   | 1 | 2 | 3 | 4 | 5 | 6 | 7 | 8 |
---|---|---|---|---|---|---|---|---|---
 1 | 0 | X | X | X | X | X | 0 | X | 1 
---|---|---|---|---|---|---|---|---|---
 2 | 0 | X | X | X | X | 0 | 0 | 0 | 2 
---|---|---|---|---|---|---|---|---|---
 3 | 0 | X | X | X | X | 0 | 0 | 0 | 3 
---|---|---|---|---|---|---|---|---|---
 4 | 0 | X | 0 | 0 | X | X | X | 0 | 4 
---|---|---|---|---|---|---|---|---|---
 5 | 0 | X | 0 | X | 0 | X | X | 0 | 5 
---|---|---|---|---|---|---|---|---|---
 6 | 0 | X | X | 0 | 0 | X | X | 0 | 6 
---|---|---|---|---|---|---|---|---|---
 7 | 0 | X | X | X | X | X | X | 0 | 7 
---|---|---|---|---|---|---|---|---|---
 8 |   |   | 0 | 0 | 0 | 0 | 0 | 0 | 8 
---|---|---|---|---|---|---|---|---|---
   | 1 | 2 | 3 | 4 | 5 | 6 | 7 | 8 |

It took 8 seconds to make this move...


White to move
WOXXXXXOXOXXXXOOOOXXXXOOOOXOOXXXOOXOXOXXOOXXOOXXOOXXXXXXOEEOOOOOO
(8,1)
   | 1 | 2 | 3 | 4 | 5 | 6 | 7 | 8 |
---|---|---|---|---|---|---|---|---|---
 1 | 0 | X | X | X | X | X | 0 | X | 1 
---|---|---|---|---|---|---|---|---|---
 2 | 0 | X | X | X | X | 0 | 0 | 0 | 2 
---|---|---|---|---|---|---|---|---|---
 3 | 0 | X | X | X | X | 0 | 0 | 0 | 3 
---|---|---|---|---|---|---|---|---|---
 4 | 0 | X | 0 | 0 | 0 | X | X | 0 | 4 
---|---|---|---|---|---|---|---|---|---
 5 | 0 | X | 0 | 0 | 0 | X | X | 0 | 5 
---|---|---|---|---|---|---|---|---|---
 6 | 0 | X | 0 | 0 | 0 | X | X | 0 | 6 
---|---|---|---|---|---|---|---|---|---
 7 | 0 | 0 | X | X | X | X | X | 0 | 7 
---|---|---|---|---|---|---|---|---|---
 8 | 0 |   | 0 | 0 | 0 | 0 | 0 | 0 | 8 
---|---|---|---|---|---|---|---|---|---
   | 1 | 2 | 3 | 4 | 5 | 6 | 7 | 8 |

It took 1 seconds to make this move...


Black to move
BOXXXXXOXOXXXXOOOOXXXXOOOOXOOOXXOOXOOOXXOOXOOOXXOOOXXXXXOOEOOOOOO
(8,2) Depth reached: 887, Nodes searched: 421
   | 1 | 2 | 3 | 4 | 5 | 6 | 7 | 8 |
---|---|---|---|---|---|---|---|---|---
 1 | 0 | X | X | X | X | X | 0 | X | 1 
---|---|---|---|---|---|---|---|---|---
 2 | 0 | X | X | X | X | 0 | 0 | 0 | 2 
---|---|---|---|---|---|---|---|---|---
 3 | 0 | X | X | X | X | 0 | 0 | 0 | 3 
---|---|---|---|---|---|---|---|---|---
 4 | 0 | X | 0 | 0 | 0 | X | X | 0 | 4 
---|---|---|---|---|---|---|---|---|---
 5 | 0 | X | 0 | 0 | 0 | X | X | 0 | 5 
---|---|---|---|---|---|---|---|---|---
 6 | 0 | X | 0 | 0 | 0 | X | X | 0 | 6 
---|---|---|---|---|---|---|---|---|---
 7 | 0 | X | X | X | X | X | X | 0 | 7 
---|---|---|---|---|---|---|---|---|---
 8 | 0 | X | 0 | 0 | 0 | 0 | 0 | 0 | 8 
---|---|---|---|---|---|---|---|---|---
   | 1 | 2 | 3 | 4 | 5 | 6 | 7 | 8 |

It took 8 seconds to make this move...


White to move
WOXXXXXOXOXXXXOOOOXXXXOOOOXOOOXXOOXOOOXXOOXOOOXXOOXXXXXXOOXOOOOOO
pass
   | 1 | 2 | 3 | 4 | 5 | 6 | 7 | 8 |
---|---|---|---|---|---|---|---|---|---
 1 | 0 | X | X | X | X | X | 0 | X | 1 
---|---|---|---|---|---|---|---|---|---
 2 | 0 | X | X | X | X | 0 | 0 | 0 | 2 
---|---|---|---|---|---|---|---|---|---
 3 | 0 | X | X | X | X | 0 | 0 | 0 | 3 
---|---|---|---|---|---|---|---|---|---
 4 | 0 | X | 0 | 0 | 0 | X | X | 0 | 4 
---|---|---|---|---|---|---|---|---|---
 5 | 0 | X | 0 | 0 | 0 | X | X | 0 | 5 
---|---|---|---|---|---|---|---|---|---
 6 | 0 | X | 0 | 0 | 0 | X | X | 0 | 6 
---|---|---|---|---|---|---|---|---|---
 7 | 0 | X | X | X | X | X | X | 0 | 7 
---|---|---|---|---|---|---|---|---|---
 8 | 0 | X | 0 | 0 | 0 | 0 | 0 | 0 | 8 
---|---|---|---|---|---|---|---|---|---
   | 1 | 2 | 3 | 4 | 5 | 6 | 7 | 8 |

It took 0 seconds to make this move...


Black to move
BOXXXXXOXOXXXXOOOOXXXXOOOOXOOOXXOOXOOOXXOOXOOOXXOOXXXXXXOOXOOOOOO
pass
   | 1 | 2 | 3 | 4 | 5 | 6 | 7 | 8 |
---|---|---|---|---|---|---|---|---|---
 1 | 0 | X | X | X | X | X | 0 | X | 1 
---|---|---|---|---|---|---|---|---|---
 2 | 0 | X | X | X | X | 0 | 0 | 0 | 2 
---|---|---|---|---|---|---|---|---|---
 3 | 0 | X | X | X | X | 0 | 0 | 0 | 3 
---|---|---|---|---|---|---|---|---|---
 4 | 0 | X | 0 | 0 | 0 | X | X | 0 | 4 
---|---|---|---|---|---|---|---|---|---
 5 | 0 | X | 0 | 0 | 0 | X | X | 0 | 5 
---|---|---|---|---|---|---|---|---|---
 6 | 0 | X | 0 | 0 | 0 | X | X | 0 | 6 
---|---|---|---|---|---|---|---|---|---
 7 | 0 | X | X | X | X | X | X | 0 | 7 
---|---|---|---|---|---|---|---|---|---
 8 | 0 | X | 0 | 0 | 0 | 0 | 0 | 0 | 8 
---|---|---|---|---|---|---|---|---|---
   | 1 | 2 | 3 | 4 | 5 | 6 | 7 | 8 |

It took 8 seconds to make this move...
***************************************
Results for ./othello_naive.sh vs. ../Python/othello.sh:
White won with 4 points
Average time for white: 0.2 s (max: 1 s)
Average time for black: 8.2 s (max: 9 s)
***************************************
