   | 1 | 2 | 3 | 4 | 5 | 6 | 7 | 8 |
---|---|---|---|---|---|---|---|---|---
 1 |   |   |   |   |   |   |   |   | 1 
---|---|---|---|---|---|---|---|---|---
 2 |   |   |   |   |   |   |   |   | 2 
---|---|---|---|---|---|---|---|---|---
 3 |   |   |   |   |   |   |   |   | 3 
---|---|---|---|---|---|---|---|---|---
 4 |   |   |   | 0 | X |   |   |   | 4 
---|---|---|---|---|---|---|---|---|---
 5 |   |   |   | X | 0 |   |   |   | 5 
---|---|---|---|---|---|---|---|---|---
 6 |   |   |   |   |   |   |   |   | 6 
---|---|---|---|---|---|---|---|---|---
 7 |   |   |   |   |   |   |   |   | 7 
---|---|---|---|---|---|---|---|---|---
 8 |   |   |   |   |   |   |   |   | 8 
---|---|---|---|---|---|---|---|---|---
   | 1 | 2 | 3 | 4 | 5 | 6 | 7 | 8 |



White to move
WEEEEEEEEEEEEEEEEEEEEEEEEEEEOXEEEEEEXOEEEEEEEEEEEEEEEEEEEEEEEEEEE
(3,5) Depth reached: 9, Nodes searched: 14565
   | 1 | 2 | 3 | 4 | 5 | 6 | 7 | 8 |
---|---|---|---|---|---|---|---|---|---
 1 |   |   |   |   |   |   |   |   | 1 
---|---|---|---|---|---|---|---|---|---
 2 |   |   |   |   |   |   |   |   | 2 
---|---|---|---|---|---|---|---|---|---
 3 |   |   |   |   | 0 |   |   |   | 3 
---|---|---|---|---|---|---|---|---|---
 4 |   |   |   | 0 | 0 |   |   |   | 4 
---|---|---|---|---|---|---|---|---|---
 5 |   |   |   | X | 0 |   |   |   | 5 
---|---|---|---|---|---|---|---|---|---
 6 |   |   |   |   |   |   |   |   | 6 
---|---|---|---|---|---|---|---|---|---
 7 |   |   |   |   |   |   |   |   | 7 
---|---|---|---|---|---|---|---|---|---
 8 |   |   |   |   |   |   |   |   | 8 
---|---|---|---|---|---|---|---|---|---
   | 1 | 2 | 3 | 4 | 5 | 6 | 7 | 8 |

It took 8 seconds to make this move...


Black to move
BEEEEEEEEEEEEEEEEEEEEOEEEEEEOOEEEEEEXOEEEEEEEEEEEEEEEEEEEEEEEEEEE
(3,4)
   | 1 | 2 | 3 | 4 | 5 | 6 | 7 | 8 |
---|---|---|---|---|---|---|---|---|---
 1 |   |   |   |   |   |   |   |   | 1 
---|---|---|---|---|---|---|---|---|---
 2 |   |   |   |   |   |   |   |   | 2 
---|---|---|---|---|---|---|---|---|---
 3 |   |   |   | X | 0 |   |   |   | 3 
---|---|---|---|---|---|---|---|---|---
 4 |   |   |   | X | 0 |   |   |   | 4 
---|---|---|---|---|---|---|---|---|---
 5 |   |   |   | X | 0 |   |   |   | 5 
---|---|---|---|---|---|---|---|---|---
 6 |   |   |   |   |   |   |   |   | 6 
---|---|---|---|---|---|---|---|---|---
 7 |   |   |   |   |   |   |   |   | 7 
---|---|---|---|---|---|---|---|---|---
 8 |   |   |   |   |   |   |   |   | 8 
---|---|---|---|---|---|---|---|---|---
   | 1 | 2 | 3 | 4 | 5 | 6 | 7 | 8 |

It took 0 seconds to make this move...


White to move
WEEEEEEEEEEEEEEEEEEEXOEEEEEEXOEEEEEEXOEEEEEEEEEEEEEEEEEEEEEEEEEEE
(3,3) Depth reached: 8, Nodes searched: 15438
   | 1 | 2 | 3 | 4 | 5 | 6 | 7 | 8 |
---|---|---|---|---|---|---|---|---|---
 1 |   |   |   |   |   |   |   |   | 1 
---|---|---|---|---|---|---|---|---|---
 2 |   |   |   |   |   |   |   |   | 2 
---|---|---|---|---|---|---|---|---|---
 3 |   |   | 0 | 0 | 0 |   |   |   | 3 
---|---|---|---|---|---|---|---|---|---
 4 |   |   |   | 0 | 0 |   |   |   | 4 
---|---|---|---|---|---|---|---|---|---
 5 |   |   |   | X | 0 |   |   |   | 5 
---|---|---|---|---|---|---|---|---|---
 6 |   |   |   |   |   |   |   |   | 6 
---|---|---|---|---|---|---|---|---|---
 7 |   |   |   |   |   |   |   |   | 7 
---|---|---|---|---|---|---|---|---|---
 8 |   |   |   |   |   |   |   |   | 8 
---|---|---|---|---|---|---|---|---|---
   | 1 | 2 | 3 | 4 | 5 | 6 | 7 | 8 |

It took 9 seconds to make this move...


Black to move
BEEEEEEEEEEEEEEEEEEOOOEEEEEEOOEEEEEEXOEEEEEEEEEEEEEEEEEEEEEEEEEEE
(3,6)
   | 1 | 2 | 3 | 4 | 5 | 6 | 7 | 8 |
---|---|---|---|---|---|---|---|---|---
 1 |   |   |   |   |   |   |   |   | 1 
---|---|---|---|---|---|---|---|---|---
 2 |   |   |   |   |   |   |   |   | 2 
---|---|---|---|---|---|---|---|---|---
 3 |   |   | 0 | 0 | 0 | X |   |   | 3 
---|---|---|---|---|---|---|---|---|---
 4 |   |   |   | 0 | X |   |   |   | 4 
---|---|---|---|---|---|---|---|---|---
 5 |   |   |   | X | 0 |   |   |   | 5 
---|---|---|---|---|---|---|---|---|---
 6 |   |   |   |   |   |   |   |   | 6 
---|---|---|---|---|---|---|---|---|---
 7 |   |   |   |   |   |   |   |   | 7 
---|---|---|---|---|---|---|---|---|---
 8 |   |   |   |   |   |   |   |   | 8 
---|---|---|---|---|---|---|---|---|---
   | 1 | 2 | 3 | 4 | 5 | 6 | 7 | 8 |

It took 0 seconds to make this move...


White to move
WEEEEEEEEEEEEEEEEEEOOOXEEEEEOXEEEEEEXOEEEEEEEEEEEEEEEEEEEEEEEEEEE
(4,6) Depth reached: 7, Nodes searched: 37051
   | 1 | 2 | 3 | 4 | 5 | 6 | 7 | 8 |
---|---|---|---|---|---|---|---|---|---
 1 |   |   |   |   |   |   |   |   | 1 
---|---|---|---|---|---|---|---|---|---
 2 |   |   |   |   |   |   |   |   | 2 
---|---|---|---|---|---|---|---|---|---
 3 |   |   | 0 | 0 | 0 | X |   |   | 3 
---|---|---|---|---|---|---|---|---|---
 4 |   |   |   | 0 | 0 | 0 |   |   | 4 
---|---|---|---|---|---|---|---|---|---
 5 |   |   |   | X | 0 |   |   |   | 5 
---|---|---|---|---|---|---|---|---|---
 6 |   |   |   |   |   |   |   |   | 6 
---|---|---|---|---|---|---|---|---|---
 7 |   |   |   |   |   |   |   |   | 7 
---|---|---|---|---|---|---|---|---|---
 8 |   |   |   |   |   |   |   |   | 8 
---|---|---|---|---|---|---|---|---|---
   | 1 | 2 | 3 | 4 | 5 | 6 | 7 | 8 |

It took 8 seconds to make this move...


Black to move
BEEEEEEEEEEEEEEEEEEOOOXEEEEEOOOEEEEEXOEEEEEEEEEEEEEEEEEEEEEEEEEEE
(5,6)
   | 1 | 2 | 3 | 4 | 5 | 6 | 7 | 8 |
---|---|---|---|---|---|---|---|---|---
 1 |   |   |   |   |   |   |   |   | 1 
---|---|---|---|---|---|---|---|---|---
 2 |   |   |   |   |   |   |   |   | 2 
---|---|---|---|---|---|---|---|---|---
 3 |   |   | 0 | 0 | 0 | X |   |   | 3 
---|---|---|---|---|---|---|---|---|---
 4 |   |   |   | 0 | 0 | X |   |   | 4 
---|---|---|---|---|---|---|---|---|---
 5 |   |   |   | X | X | X |   |   | 5 
---|---|---|---|---|---|---|---|---|---
 6 |   |   |   |   |   |   |   |   | 6 
---|---|---|---|---|---|---|---|---|---
 7 |   |   |   |   |   |   |   |   | 7 
---|---|---|---|---|---|---|---|---|---
 8 |   |   |   |   |   |   |   |   | 8 
---|---|---|---|---|---|---|---|---|---
   | 1 | 2 | 3 | 4 | 5 | 6 | 7 | 8 |

It took 0 seconds to make this move...


White to move
WEEEEEEEEEEEEEEEEEEOOOXEEEEEOOXEEEEEXXXEEEEEEEEEEEEEEEEEEEEEEEEEE
(6,4) Depth reached: 6, Nodes searched: 24315
   | 1 | 2 | 3 | 4 | 5 | 6 | 7 | 8 |
---|---|---|---|---|---|---|---|---|---
 1 |   |   |   |   |   |   |   |   | 1 
---|---|---|---|---|---|---|---|---|---
 2 |   |   |   |   |   |   |   |   | 2 
---|---|---|---|---|---|---|---|---|---
 3 |   |   | 0 | 0 | 0 | X |   |   | 3 
---|---|---|---|---|---|---|---|---|---
 4 |   |   |   | 0 | 0 | X |   |   | 4 
---|---|---|---|---|---|---|---|---|---
 5 |   |   |   | 0 | X | X |   |   | 5 
---|---|---|---|---|---|---|---|---|---
 6 |   |   |   | 0 |   |   |   |   | 6 
---|---|---|---|---|---|---|---|---|---
 7 |   |   |   |   |   |   |   |   | 7 
---|---|---|---|---|---|---|---|---|---
 8 |   |   |   |   |   |   |   |   | 8 
---|---|---|---|---|---|---|---|---|---
   | 1 | 2 | 3 | 4 | 5 | 6 | 7 | 8 |

It took 9 seconds to make this move...


Black to move
BEEEEEEEEEEEEEEEEEEOOOXEEEEEOOXEEEEEOXXEEEEEOEEEEEEEEEEEEEEEEEEEE
(2,2)
   | 1 | 2 | 3 | 4 | 5 | 6 | 7 | 8 |
---|---|---|---|---|---|---|---|---|---
 1 |   |   |   |   |   |   |   |   | 1 
---|---|---|---|---|---|---|---|---|---
 2 |   | X |   |   |   |   |   |   | 2 
---|---|---|---|---|---|---|---|---|---
 3 |   |   | X | 0 | 0 | X |   |   | 3 
---|---|---|---|---|---|---|---|---|---
 4 |   |   |   | X | 0 | X |   |   | 4 
---|---|---|---|---|---|---|---|---|---
 5 |   |   |   | 0 | X | X |   |   | 5 
---|---|---|---|---|---|---|---|---|---
 6 |   |   |   | 0 |   |   |   |   | 6 
---|---|---|---|---|---|---|---|---|---
 7 |   |   |   |   |   |   |   |   | 7 
---|---|---|---|---|---|---|---|---|---
 8 |   |   |   |   |   |   |   |   | 8 
---|---|---|---|---|---|---|---|---|---
   | 1 | 2 | 3 | 4 | 5 | 6 | 7 | 8 |

It took 0 seconds to make this move...


White to move
WEEEEEEEEEXEEEEEEEEXOOXEEEEEXOXEEEEEOXXEEEEEOEEEEEEEEEEEEEEEEEEEE
(5,7) Depth reached: 6, Nodes searched: 33218
   | 1 | 2 | 3 | 4 | 5 | 6 | 7 | 8 |
---|---|---|---|---|---|---|---|---|---
 1 |   |   |   |   |   |   |   |   | 1 
---|---|---|---|---|---|---|---|---|---
 2 |   | X |   |   |   |   |   |   | 2 
---|---|---|---|---|---|---|---|---|---
 3 |   |   | X | 0 | 0 | X |   |   | 3 
---|---|---|---|---|---|---|---|---|---
 4 |   |   |   | X | 0 | 0 |   |   | 4 
---|---|---|---|---|---|---|---|---|---
 5 |   |   |   | 0 | 0 | 0 | 0 |   | 5 
---|---|---|---|---|---|---|---|---|---
 6 |   |   |   | 0 |   |   |   |   | 6 
---|---|---|---|---|---|---|---|---|---
 7 |   |   |   |   |   |   |   |   | 7 
---|---|---|---|---|---|---|---|---|---
 8 |   |   |   |   |   |   |   |   | 8 
---|---|---|---|---|---|---|---|---|---
   | 1 | 2 | 3 | 4 | 5 | 6 | 7 | 8 |

It took 8 seconds to make this move...


Black to move
BEEEEEEEEEXEEEEEEEEXOOXEEEEEXOOEEEEEOOOOEEEEOEEEEEEEEEEEEEEEEEEEE
(6,3)
   | 1 | 2 | 3 | 4 | 5 | 6 | 7 | 8 |
---|---|---|---|---|---|---|---|---|---
 1 |   |   |   |   |   |   |   |   | 1 
---|---|---|---|---|---|---|---|---|---
 2 |   | X |   |   |   |   |   |   | 2 
---|---|---|---|---|---|---|---|---|---
 3 |   |   | X | 0 | 0 | X |   |   | 3 
---|---|---|---|---|---|---|---|---|---
 4 |   |   |   | X | X | 0 |   |   | 4 
---|---|---|---|---|---|---|---|---|---
 5 |   |   |   | X | 0 | 0 | 0 |   | 5 
---|---|---|---|---|---|---|---|---|---
 6 |   |   | X | 0 |   |   |   |   | 6 
---|---|---|---|---|---|---|---|---|---
 7 |   |   |   |   |   |   |   |   | 7 
---|---|---|---|---|---|---|---|---|---
 8 |   |   |   |   |   |   |   |   | 8 
---|---|---|---|---|---|---|---|---|---
   | 1 | 2 | 3 | 4 | 5 | 6 | 7 | 8 |

It took 0 seconds to make this move...


White to move
WEEEEEEEEEXEEEEEEEEXOOXEEEEEXXOEEEEEXOOOEEEXOEEEEEEEEEEEEEEEEEEEE
(1,1) Depth reached: 6, Nodes searched: 38581
   | 1 | 2 | 3 | 4 | 5 | 6 | 7 | 8 |
---|---|---|---|---|---|---|---|---|---
 1 | 0 |   |   |   |   |   |   |   | 1 
---|---|---|---|---|---|---|---|---|---
 2 |   | 0 |   |   |   |   |   |   | 2 
---|---|---|---|---|---|---|---|---|---
 3 |   |   | 0 | 0 | 0 | X |   |   | 3 
---|---|---|---|---|---|---|---|---|---
 4 |   |   |   | 0 | X | 0 |   |   | 4 
---|---|---|---|---|---|---|---|---|---
 5 |   |   |   | X | 0 | 0 | 0 |   | 5 
---|---|---|---|---|---|---|---|---|---
 6 |   |   | X | 0 |   |   |   |   | 6 
---|---|---|---|---|---|---|---|---|---
 7 |   |   |   |   |   |   |   |   | 7 
---|---|---|---|---|---|---|---|---|---
 8 |   |   |   |   |   |   |   |   | 8 
---|---|---|---|---|---|---|---|---|---
   | 1 | 2 | 3 | 4 | 5 | 6 | 7 | 8 |

It took 8 seconds to make this move...


Black to move
BOEEEEEEEEOEEEEEEEEOOOXEEEEEOXOEEEEEXOOOEEEXOEEEEEEEEEEEEEEEEEEEE
(5,8)
   | 1 | 2 | 3 | 4 | 5 | 6 | 7 | 8 |
---|---|---|---|---|---|---|---|---|---
 1 | 0 |   |   |   |   |   |   |   | 1 
---|---|---|---|---|---|---|---|---|---
 2 |   | 0 |   |   |   |   |   |   | 2 
---|---|---|---|---|---|---|---|---|---
 3 |   |   | 0 | 0 | 0 | X |   |   | 3 
---|---|---|---|---|---|---|---|---|---
 4 |   |   |   | 0 | X | 0 |   |   | 4 
---|---|---|---|---|---|---|---|---|---
 5 |   |   |   | X | X | X | X | X | 5 
---|---|---|---|---|---|---|---|---|---
 6 |   |   | X | 0 |   |   |   |   | 6 
---|---|---|---|---|---|---|---|---|---
 7 |   |   |   |   |   |   |   |   | 7 
---|---|---|---|---|---|---|---|---|---
 8 |   |   |   |   |   |   |   |   | 8 
---|---|---|---|---|---|---|---|---|---
   | 1 | 2 | 3 | 4 | 5 | 6 | 7 | 8 |

It took 0 seconds to make this move...


White to move
WOEEEEEEEEOEEEEEEEEOOOXEEEEEOXOEEEEEXXXXXEEXOEEEEEEEEEEEEEEEEEEEE
(6,8) Depth reached: 6, Nodes searched: 27166
   | 1 | 2 | 3 | 4 | 5 | 6 | 7 | 8 |
---|---|---|---|---|---|---|---|---|---
 1 | 0 |   |   |   |   |   |   |   | 1 
---|---|---|---|---|---|---|---|---|---
 2 |   | 0 |   |   |   |   |   |   | 2 
---|---|---|---|---|---|---|---|---|---
 3 |   |   | 0 | 0 | 0 | X |   |   | 3 
---|---|---|---|---|---|---|---|---|---
 4 |   |   |   | 0 | X | 0 |   |   | 4 
---|---|---|---|---|---|---|---|---|---
 5 |   |   |   | X | X | X | 0 | X | 5 
---|---|---|---|---|---|---|---|---|---
 6 |   |   | X | 0 |   |   |   | 0 | 6 
---|---|---|---|---|---|---|---|---|---
 7 |   |   |   |   |   |   |   |   | 7 
---|---|---|---|---|---|---|---|---|---
 8 |   |   |   |   |   |   |   |   | 8 
---|---|---|---|---|---|---|---|---|---
   | 1 | 2 | 3 | 4 | 5 | 6 | 7 | 8 |

It took 8 seconds to make this move...


Black to move
BOEEEEEEEEOEEEEEEEEOOOXEEEEEOXOEEEEEXXXOXEEXOEEEOEEEEEEEEEEEEEEEE
(3,2)
   | 1 | 2 | 3 | 4 | 5 | 6 | 7 | 8 |
---|---|---|---|---|---|---|---|---|---
 1 | 0 |   |   |   |   |   |   |   | 1 
---|---|---|---|---|---|---|---|---|---
 2 |   | 0 |   |   |   |   |   |   | 2 
---|---|---|---|---|---|---|---|---|---
 3 |   | X | X | X | X | X |   |   | 3 
---|---|---|---|---|---|---|---|---|---
 4 |   |   |   | 0 | X | 0 |   |   | 4 
---|---|---|---|---|---|---|---|---|---
 5 |   |   |   | X | X | X | 0 | X | 5 
---|---|---|---|---|---|---|---|---|---
 6 |   |   | X | 0 |   |   |   | 0 | 6 
---|---|---|---|---|---|---|---|---|---
 7 |   |   |   |   |   |   |   |   | 7 
---|---|---|---|---|---|---|---|---|---
 8 |   |   |   |   |   |   |   |   | 8 
---|---|---|---|---|---|---|---|---|---
   | 1 | 2 | 3 | 4 | 5 | 6 | 7 | 8 |

It took 1 seconds to make this move...


White to move
WOEEEEEEEEOEEEEEEEXXXXXEEEEEOXOEEEEEXXXOXEEXOEEEOEEEEEEEEEEEEEEEE
(6,6) Depth reached: 7, Nodes searched: 8569
   | 1 | 2 | 3 | 4 | 5 | 6 | 7 | 8 |
---|---|---|---|---|---|---|---|---|---
 1 | 0 |   |   |   |   |   |   |   | 1 
---|---|---|---|---|---|---|---|---|---
 2 |   | 0 |   |   |   |   |   |   | 2 
---|---|---|---|---|---|---|---|---|---
 3 |   | X | X | X | X | X |   |   | 3 
---|---|---|---|---|---|---|---|---|---
 4 |   |   |   | 0 | X | 0 |   |   | 4 
---|---|---|---|---|---|---|---|---|---
 5 |   |   |   | X | 0 | 0 | 0 | X | 5 
---|---|---|---|---|---|---|---|---|---
 6 |   |   | X | 0 |   | 0 |   | 0 | 6 
---|---|---|---|---|---|---|---|---|---
 7 |   |   |   |   |   |   |   |   | 7 
---|---|---|---|---|---|---|---|---|---
 8 |   |   |   |   |   |   |   |   | 8 
---|---|---|---|---|---|---|---|---|---
   | 1 | 2 | 3 | 4 | 5 | 6 | 7 | 8 |

It took 8 seconds to make this move...


Black to move
BOEEEEEEEEOEEEEEEEXXXXXEEEEEOXOEEEEEXOOOXEEXOEOEOEEEEEEEEEEEEEEEE
(1,2)
   | 1 | 2 | 3 | 4 | 5 | 6 | 7 | 8 |
---|---|---|---|---|---|---|---|---|---
 1 | 0 | X |   |   |   |   |   |   | 1 
---|---|---|---|---|---|---|---|---|---
 2 |   | X |   |   |   |   |   |   | 2 
---|---|---|---|---|---|---|---|---|---
 3 |   | X | X | X | X | X |   |   | 3 
---|---|---|---|---|---|---|---|---|---
 4 |   |   |   | 0 | X | 0 |   |   | 4 
---|---|---|---|---|---|---|---|---|---
 5 |   |   |   | X | 0 | 0 | 0 | X | 5 
---|---|---|---|---|---|---|---|---|---
 6 |   |   | X | 0 |   | 0 |   | 0 | 6 
---|---|---|---|---|---|---|---|---|---
 7 |   |   |   |   |   |   |   |   | 7 
---|---|---|---|---|---|---|---|---|---
 8 |   |   |   |   |   |   |   |   | 8 
---|---|---|---|---|---|---|---|---|---
   | 1 | 2 | 3 | 4 | 5 | 6 | 7 | 8 |

It took 0 seconds to make this move...


White to move
WOXEEEEEEEXEEEEEEEXXXXXEEEEEOXOEEEEEXOOOXEEXOEOEOEEEEEEEEEEEEEEEE
(1,3) Depth reached: 7, Nodes searched: 7231
   | 1 | 2 | 3 | 4 | 5 | 6 | 7 | 8 |
---|---|---|---|---|---|---|---|---|---
 1 | 0 | 0 | 0 |   |   |   |   |   | 1 
---|---|---|---|---|---|---|---|---|---
 2 |   | X |   |   |   |   |   |   | 2 
---|---|---|---|---|---|---|---|---|---
 3 |   | X | X | X | X | X |   |   | 3 
---|---|---|---|---|---|---|---|---|---
 4 |   |   |   | 0 | X | 0 |   |   | 4 
---|---|---|---|---|---|---|---|---|---
 5 |   |   |   | X | 0 | 0 | 0 | X | 5 
---|---|---|---|---|---|---|---|---|---
 6 |   |   | X | 0 |   | 0 |   | 0 | 6 
---|---|---|---|---|---|---|---|---|---
 7 |   |   |   |   |   |   |   |   | 7 
---|---|---|---|---|---|---|---|---|---
 8 |   |   |   |   |   |   |   |   | 8 
---|---|---|---|---|---|---|---|---|---
   | 1 | 2 | 3 | 4 | 5 | 6 | 7 | 8 |

It took 9 seconds to make this move...


Black to move
BOOOEEEEEEXEEEEEEEXXXXXEEEEEOXOEEEEEXOOOXEEXOEOEOEEEEEEEEEEEEEEEE
(6,5)
   | 1 | 2 | 3 | 4 | 5 | 6 | 7 | 8 |
---|---|---|---|---|---|---|---|---|---
 1 | 0 | 0 | 0 |   |   |   |   |   | 1 
---|---|---|---|---|---|---|---|---|---
 2 |   | X |   |   |   |   |   |   | 2 
---|---|---|---|---|---|---|---|---|---
 3 |   | X | X | X | X | X |   |   | 3 
---|---|---|---|---|---|---|---|---|---
 4 |   |   |   | 0 | X | 0 |   |   | 4 
---|---|---|---|---|---|---|---|---|---
 5 |   |   |   | X | X | 0 | 0 | X | 5 
---|---|---|---|---|---|---|---|---|---
 6 |   |   | X | X | X | 0 |   | 0 | 6 
---|---|---|---|---|---|---|---|---|---
 7 |   |   |   |   |   |   |   |   | 7 
---|---|---|---|---|---|---|---|---|---
 8 |   |   |   |   |   |   |   |   | 8 
---|---|---|---|---|---|---|---|---|---
   | 1 | 2 | 3 | 4 | 5 | 6 | 7 | 8 |

It took 0 seconds to make this move...


White to move
WOOOEEEEEEXEEEEEEEXXXXXEEEEEOXOEEEEEXXOOXEEXXXOEOEEEEEEEEEEEEEEEE
(3,1) Depth reached: 6, Nodes searched: 36487
   | 1 | 2 | 3 | 4 | 5 | 6 | 7 | 8 |
---|---|---|---|---|---|---|---|---|---
 1 | 0 | 0 | 0 |   |   |   |   |   | 1 
---|---|---|---|---|---|---|---|---|---
 2 |   | 0 |   |   |   |   |   |   | 2 
---|---|---|---|---|---|---|---|---|---
 3 | 0 | X | X | X | X | X |   |   | 3 
---|---|---|---|---|---|---|---|---|---
 4 |   |   |   | 0 | X | 0 |   |   | 4 
---|---|---|---|---|---|---|---|---|---
 5 |   |   |   | X | X | 0 | 0 | X | 5 
---|---|---|---|---|---|---|---|---|---
 6 |   |   | X | X | X | 0 |   | 0 | 6 
---|---|---|---|---|---|---|---|---|---
 7 |   |   |   |   |   |   |   |   | 7 
---|---|---|---|---|---|---|---|---|---
 8 |   |   |   |   |   |   |   |   | 8 
---|---|---|---|---|---|---|---|---|---
   | 1 | 2 | 3 | 4 | 5 | 6 | 7 | 8 |

It took 8 seconds to make this move...


Black to move
BOOOEEEEEEOEEEEEEOXXXXXEEEEEOXOEEEEEXXOOXEEXXXOEOEEEEEEEEEEEEEEEE
(7,8)
   | 1 | 2 | 3 | 4 | 5 | 6 | 7 | 8 |
---|---|---|---|---|---|---|---|---|---
 1 | 0 | 0 | 0 |   |   |   |   |   | 1 
---|---|---|---|---|---|---|---|---|---
 2 |   | 0 |   |   |   |   |   |   | 2 
---|---|---|---|---|---|---|---|---|---
 3 | 0 | X | X | X | X | X |   |   | 3 
---|---|---|---|---|---|---|---|---|---
 4 |   |   |   | 0 | X | 0 |   |   | 4 
---|---|---|---|---|---|---|---|---|---
 5 |   |   |   | X | X | 0 | 0 | X | 5 
---|---|---|---|---|---|---|---|---|---
 6 |   |   | X | X | X | 0 |   | X | 6 
---|---|---|---|---|---|---|---|---|---
 7 |   |   |   |   |   |   |   | X | 7 
---|---|---|---|---|---|---|---|---|---
 8 |   |   |   |   |   |   |   |   | 8 
---|---|---|---|---|---|---|---|---|---
   | 1 | 2 | 3 | 4 | 5 | 6 | 7 | 8 |

It took 1 seconds to make this move...


White to move
WOOOEEEEEEOEEEEEEOXXXXXEEEEEOXOEEEEEXXOOXEEXXXOEXEEEEEEEXEEEEEEEE
(3,7) Depth reached: 6, Nodes searched: 32821
   | 1 | 2 | 3 | 4 | 5 | 6 | 7 | 8 |
---|---|---|---|---|---|---|---|---|---
 1 | 0 | 0 | 0 |   |   |   |   |   | 1 
---|---|---|---|---|---|---|---|---|---
 2 |   | 0 |   |   |   |   |   |   | 2 
---|---|---|---|---|---|---|---|---|---
 3 | 0 | 0 | 0 | 0 | 0 | 0 | 0 |   | 3 
---|---|---|---|---|---|---|---|---|---
 4 |   |   |   | 0 | X | 0 |   |   | 4 
---|---|---|---|---|---|---|---|---|---
 5 |   |   |   | X | X | 0 | 0 | X | 5 
---|---|---|---|---|---|---|---|---|---
 6 |   |   | X | X | X | 0 |   | X | 6 
---|---|---|---|---|---|---|---|---|---
 7 |   |   |   |   |   |   |   | X | 7 
---|---|---|---|---|---|---|---|---|---
 8 |   |   |   |   |   |   |   |   | 8 
---|---|---|---|---|---|---|---|---|---
   | 1 | 2 | 3 | 4 | 5 | 6 | 7 | 8 |

It took 8 seconds to make this move...


Black to move
BOOOEEEEEEOEEEEEEOOOOOOOEEEEOXOEEEEEXXOOXEEXXXOEXEEEEEEEXEEEEEEEE
(2,4)
   | 1 | 2 | 3 | 4 | 5 | 6 | 7 | 8 |
---|---|---|---|---|---|---|---|---|---
 1 | 0 | 0 | 0 |   |   |   |   |   | 1 
---|---|---|---|---|---|---|---|---|---
 2 |   | 0 |   | X |   |   |   |   | 2 
---|---|---|---|---|---|---|---|---|---
 3 | 0 | 0 | 0 | X | X | 0 | 0 |   | 3 
---|---|---|---|---|---|---|---|---|---
 4 |   |   |   | X | X | X |   |   | 4 
---|---|---|---|---|---|---|---|---|---
 5 |   |   |   | X | X | 0 | X | X | 5 
---|---|---|---|---|---|---|---|---|---
 6 |   |   | X | X | X | 0 |   | X | 6 
---|---|---|---|---|---|---|---|---|---
 7 |   |   |   |   |   |   |   | X | 7 
---|---|---|---|---|---|---|---|---|---
 8 |   |   |   |   |   |   |   |   | 8 
---|---|---|---|---|---|---|---|---|---
   | 1 | 2 | 3 | 4 | 5 | 6 | 7 | 8 |

It took 0 seconds to make this move...


White to move
WOOOEEEEEEOEXEEEEOOOXXOOEEEEXXXEEEEEXXOXXEEXXXOEXEEEEEEEXEEEEEEEE
(6,2) Depth reached: 6, Nodes searched: 47837
   | 1 | 2 | 3 | 4 | 5 | 6 | 7 | 8 |
---|---|---|---|---|---|---|---|---|---
 1 | 0 | 0 | 0 |   |   |   |   |   | 1 
---|---|---|---|---|---|---|---|---|---
 2 |   | 0 |   | X |   |   |   |   | 2 
---|---|---|---|---|---|---|---|---|---
 3 | 0 | 0 | 0 | X | X | 0 | 0 |   | 3 
---|---|---|---|---|---|---|---|---|---
 4 |   |   |   | X | X | X |   |   | 4 
---|---|---|---|---|---|---|---|---|---
 5 |   |   |   | X | X | 0 | X | X | 5 
---|---|---|---|---|---|---|---|---|---
 6 |   | 0 | 0 | 0 | 0 | 0 |   | X | 6 
---|---|---|---|---|---|---|---|---|---
 7 |   |   |   |   |   |   |   | X | 7 
---|---|---|---|---|---|---|---|---|---
 8 |   |   |   |   |   |   |   |   | 8 
---|---|---|---|---|---|---|---|---|---
   | 1 | 2 | 3 | 4 | 5 | 6 | 7 | 8 |

It took 9 seconds to make this move...


Black to move
BOOOEEEEEEOEXEEEEOOOXXOOEEEEXXXEEEEEXXOXXEOOOOOEXEEEEEEEXEEEEEEEE
(7,5)
   | 1 | 2 | 3 | 4 | 5 | 6 | 7 | 8 |
---|---|---|---|---|---|---|---|---|---
 1 | 0 | 0 | 0 |   |   |   |   |   | 1 
---|---|---|---|---|---|---|---|---|---
 2 |   | 0 |   | X |   |   |   |   | 2 
---|---|---|---|---|---|---|---|---|---
 3 | 0 | 0 | 0 | X | X | 0 | 0 |   | 3 
---|---|---|---|---|---|---|---|---|---
 4 |   |   |   | X | X | X |   |   | 4 
---|---|---|---|---|---|---|---|---|---
 5 |   |   |   | X | X | 0 | X | X | 5 
---|---|---|---|---|---|---|---|---|---
 6 |   | 0 | 0 | 0 | X | X |   | X | 6 
---|---|---|---|---|---|---|---|---|---
 7 |   |   |   |   | X |   |   | X | 7 
---|---|---|---|---|---|---|---|---|---
 8 |   |   |   |   |   |   |   |   | 8 
---|---|---|---|---|---|---|---|---|---
   | 1 | 2 | 3 | 4 | 5 | 6 | 7 | 8 |

It took 0 seconds to make this move...


White to move
WOOOEEEEEEOEXEEEEOOOXXOOEEEEXXXEEEEEXXOXXEOOOXXEXEEEEXEEXEEEEEEEE
(1,4) Depth reached: 6, Nodes searched: 46001
   | 1 | 2 | 3 | 4 | 5 | 6 | 7 | 8 |
---|---|---|---|---|---|---|---|---|---
 1 | 0 | 0 | 0 | 0 |   |   |   |   | 1 
---|---|---|---|---|---|---|---|---|---
 2 |   | 0 |   | 0 |   |   |   |   | 2 
---|---|---|---|---|---|---|---|---|---
 3 | 0 | 0 | 0 | 0 | X | 0 | 0 |   | 3 
---|---|---|---|---|---|---|---|---|---
 4 |   |   |   | 0 | X | X |   |   | 4 
---|---|---|---|---|---|---|---|---|---
 5 |   |   |   | 0 | X | 0 | X | X | 5 
---|---|---|---|---|---|---|---|---|---
 6 |   | 0 | 0 | 0 | X | X |   | X | 6 
---|---|---|---|---|---|---|---|---|---
 7 |   |   |   |   | X |   |   | X | 7 
---|---|---|---|---|---|---|---|---|---
 8 |   |   |   |   |   |   |   |   | 8 
---|---|---|---|---|---|---|---|---|---
   | 1 | 2 | 3 | 4 | 5 | 6 | 7 | 8 |

It took 8 seconds to make this move...


Black to move
BOOOOEEEEEOEOEEEEOOOOXOOEEEEOXXEEEEEOXOXXEOOOXXEXEEEEXEEXEEEEEEEE
(6,1)
   | 1 | 2 | 3 | 4 | 5 | 6 | 7 | 8 |
---|---|---|---|---|---|---|---|---|---
 1 | 0 | 0 | 0 | 0 |   |   |   |   | 1 
---|---|---|---|---|---|---|---|---|---
 2 |   | 0 |   | 0 |   |   |   |   | 2 
---|---|---|---|---|---|---|---|---|---
 3 | 0 | 0 | 0 | 0 | X | 0 | 0 |   | 3 
---|---|---|---|---|---|---|---|---|---
 4 |   |   |   | 0 | X | X |   |   | 4 
---|---|---|---|---|---|---|---|---|---
 5 |   |   |   | 0 | X | 0 | X | X | 5 
---|---|---|---|---|---|---|---|---|---
 6 | X | X | X | X | X | X |   | X | 6 
---|---|---|---|---|---|---|---|---|---
 7 |   |   |   |   | X |   |   | X | 7 
---|---|---|---|---|---|---|---|---|---
 8 |   |   |   |   |   |   |   |   | 8 
---|---|---|---|---|---|---|---|---|---
   | 1 | 2 | 3 | 4 | 5 | 6 | 7 | 8 |

It took 1 seconds to make this move...


White to move
WOOOOEEEEEOEOEEEEOOOOXOOEEEEOXXEEEEEOXOXXXXXXXXEXEEEEXEEXEEEEEEEE
(4,7) Depth reached: 7, Nodes searched: 13831
   | 1 | 2 | 3 | 4 | 5 | 6 | 7 | 8 |
---|---|---|---|---|---|---|---|---|---
 1 | 0 | 0 | 0 | 0 |   |   |   |   | 1 
---|---|---|---|---|---|---|---|---|---
 2 |   | 0 |   | 0 |   |   |   |   | 2 
---|---|---|---|---|---|---|---|---|---
 3 | 0 | 0 | 0 | 0 | X | 0 | 0 |   | 3 
---|---|---|---|---|---|---|---|---|---
 4 |   |   |   | 0 | 0 | 0 | 0 |   | 4 
---|---|---|---|---|---|---|---|---|---
 5 |   |   |   | 0 | X | 0 | X | X | 5 
---|---|---|---|---|---|---|---|---|---
 6 | X | X | X | X | X | X |   | X | 6 
---|---|---|---|---|---|---|---|---|---
 7 |   |   |   |   | X |   |   | X | 7 
---|---|---|---|---|---|---|---|---|---
 8 |   |   |   |   |   |   |   |   | 8 
---|---|---|---|---|---|---|---|---|---
   | 1 | 2 | 3 | 4 | 5 | 6 | 7 | 8 |

It took 8 seconds to make this move...


Black to move
BOOOOEEEEEOEOEEEEOOOOXOOEEEEOOOOEEEEOXOXXXXXXXXEXEEEEXEEXEEEEEEEE
(2,7)
   | 1 | 2 | 3 | 4 | 5 | 6 | 7 | 8 |
---|---|---|---|---|---|---|---|---|---
 1 | 0 | 0 | 0 | 0 |   |   |   |   | 1 
---|---|---|---|---|---|---|---|---|---
 2 |   | 0 |   | 0 |   |   | X |   | 2 
---|---|---|---|---|---|---|---|---|---
 3 | 0 | 0 | 0 | 0 | X | X | X |   | 3 
---|---|---|---|---|---|---|---|---|---
 4 |   |   |   | 0 | X | 0 | X |   | 4 
---|---|---|---|---|---|---|---|---|---
 5 |   |   |   | X | X | 0 | X | X | 5 
---|---|---|---|---|---|---|---|---|---
 6 | X | X | X | X | X | X |   | X | 6 
---|---|---|---|---|---|---|---|---|---
 7 |   |   |   |   | X |   |   | X | 7 
---|---|---|---|---|---|---|---|---|---
 8 |   |   |   |   |   |   |   |   | 8 
---|---|---|---|---|---|---|---|---|---
   | 1 | 2 | 3 | 4 | 5 | 6 | 7 | 8 |

It took 0 seconds to make this move...


White to move
WOOOOEEEEEOEOEEXEOOOOXXXEEEEOXOXEEEEXXOXXXXXXXXEXEEEEXEEXEEEEEEEE
(3,8) Depth reached: 6, Nodes searched: 57483
   | 1 | 2 | 3 | 4 | 5 | 6 | 7 | 8 |
---|---|---|---|---|---|---|---|---|---
 1 | 0 | 0 | 0 | 0 |   |   |   |   | 1 
---|---|---|---|---|---|---|---|---|---
 2 |   | 0 |   | 0 |   |   | X |   | 2 
---|---|---|---|---|---|---|---|---|---
 3 | 0 | 0 | 0 | 0 | 0 | 0 | 0 | 0 | 3 
---|---|---|---|---|---|---|---|---|---
 4 |   |   |   | 0 | X | 0 | 0 |   | 4 
---|---|---|---|---|---|---|---|---|---
 5 |   |   |   | X | X | 0 | X | X | 5 
---|---|---|---|---|---|---|---|---|---
 6 | X | X | X | X | X | X |   | X | 6 
---|---|---|---|---|---|---|---|---|---
 7 |   |   |   |   | X |   |   | X | 7 
---|---|---|---|---|---|---|---|---|---
 8 |   |   |   |   |   |   |   |   | 8 
---|---|---|---|---|---|---|---|---|---
   | 1 | 2 | 3 | 4 | 5 | 6 | 7 | 8 |

It took 8 seconds to make this move...


Black to move
BOOOOEEEEEOEOEEXEOOOOOOOOEEEOXOOEEEEXXOXXXXXXXXEXEEEEXEEXEEEEEEEE
(2,3)
   | 1 | 2 | 3 | 4 | 5 | 6 | 7 | 8 |
---|---|---|---|---|---|---|---|---|---
 1 | 0 | 0 | 0 | 0 |   |   |   |   | 1 
---|---|---|---|---|---|---|---|---|---
 2 |   | 0 | X | 0 |   |   | X |   | 2 
---|---|---|---|---|---|---|---|---|---
 3 | 0 | 0 | 0 | X | 0 | 0 | 0 | 0 | 3 
---|---|---|---|---|---|---|---|---|---
 4 |   |   |   | 0 | X | 0 | 0 |   | 4 
---|---|---|---|---|---|---|---|---|---
 5 |   |   |   | X | X | 0 | X | X | 5 
---|---|---|---|---|---|---|---|---|---
 6 | X | X | X | X | X | X |   | X | 6 
---|---|---|---|---|---|---|---|---|---
 7 |   |   |   |   | X |   |   | X | 7 
---|---|---|---|---|---|---|---|---|---
 8 |   |   |   |   |   |   |   |   | 8 
---|---|---|---|---|---|---|---|---|---
   | 1 | 2 | 3 | 4 | 5 | 6 | 7 | 8 |

It took 1 seconds to make this move...


White to move
WOOOOEEEEEOXOEEXEOOOXOOOOEEEOXOOEEEEXXOXXXXXXXXEXEEEEXEEXEEEEEEEE
(1,8) Depth reached: 6, Nodes searched: 35051
   | 1 | 2 | 3 | 4 | 5 | 6 | 7 | 8 |
---|---|---|---|---|---|---|---|---|---
 1 | 0 | 0 | 0 | 0 |   |   |   | 0 | 1 
---|---|---|---|---|---|---|---|---|---
 2 |   | 0 | X | 0 |   |   | 0 |   | 2 
---|---|---|---|---|---|---|---|---|---
 3 | 0 | 0 | 0 | X | 0 | 0 | 0 | 0 | 3 
---|---|---|---|---|---|---|---|---|---
 4 |   |   |   | 0 | X | 0 | 0 |   | 4 
---|---|---|---|---|---|---|---|---|---
 5 |   |   |   | X | X | 0 | X | X | 5 
---|---|---|---|---|---|---|---|---|---
 6 | X | X | X | X | X | X |   | X | 6 
---|---|---|---|---|---|---|---|---|---
 7 |   |   |   |   | X |   |   | X | 7 
---|---|---|---|---|---|---|---|---|---
 8 |   |   |   |   |   |   |   |   | 8 
---|---|---|---|---|---|---|---|---|---
   | 1 | 2 | 3 | 4 | 5 | 6 | 7 | 8 |

It took 8 seconds to make this move...


Black to move
BOOOOEEEOEOXOEEOEOOOXOOOOEEEOXOOEEEEXXOXXXXXXXXEXEEEEXEEXEEEEEEEE
(1,7)
   | 1 | 2 | 3 | 4 | 5 | 6 | 7 | 8 |
---|---|---|---|---|---|---|---|---|---
 1 | 0 | 0 | 0 | 0 |   |   | X | 0 | 1 
---|---|---|---|---|---|---|---|---|---
 2 |   | 0 | X | 0 |   |   | X |   | 2 
---|---|---|---|---|---|---|---|---|---
 3 | 0 | 0 | 0 | X | 0 | 0 | X | 0 | 3 
---|---|---|---|---|---|---|---|---|---
 4 |   |   |   | 0 | X | 0 | X |   | 4 
---|---|---|---|---|---|---|---|---|---
 5 |   |   |   | X | X | 0 | X | X | 5 
---|---|---|---|---|---|---|---|---|---
 6 | X | X | X | X | X | X |   | X | 6 
---|---|---|---|---|---|---|---|---|---
 7 |   |   |   |   | X |   |   | X | 7 
---|---|---|---|---|---|---|---|---|---
 8 |   |   |   |   |   |   |   |   | 8 
---|---|---|---|---|---|---|---|---|---
   | 1 | 2 | 3 | 4 | 5 | 6 | 7 | 8 |

It took 0 seconds to make this move...


White to move
WOOOOEEXOEOXOEEXEOOOXOOXOEEEOXOXEEEEXXOXXXXXXXXEXEEEEXEEXEEEEEEEE
(4,8) Depth reached: 7, Nodes searched: 4491
   | 1 | 2 | 3 | 4 | 5 | 6 | 7 | 8 |
---|---|---|---|---|---|---|---|---|---
 1 | 0 | 0 | 0 | 0 |   |   | X | 0 | 1 
---|---|---|---|---|---|---|---|---|---
 2 |   | 0 | X | 0 |   |   | X |   | 2 
---|---|---|---|---|---|---|---|---|---
 3 | 0 | 0 | 0 | X | 0 | 0 | X | 0 | 3 
---|---|---|---|---|---|---|---|---|---
 4 |   |   |   | 0 | X | 0 | 0 | 0 | 4 
---|---|---|---|---|---|---|---|---|---
 5 |   |   |   | X | X | 0 | X | X | 5 
---|---|---|---|---|---|---|---|---|---
 6 | X | X | X | X | X | X |   | X | 6 
---|---|---|---|---|---|---|---|---|---
 7 |   |   |   |   | X |   |   | X | 7 
---|---|---|---|---|---|---|---|---|---
 8 |   |   |   |   |   |   |   |   | 8 
---|---|---|---|---|---|---|---|---|---
   | 1 | 2 | 3 | 4 | 5 | 6 | 7 | 8 |

It took 8 seconds to make this move...


Black to move
BOOOOEEXOEOXOEEXEOOOXOOXOEEEOXOOOEEEXXOXXXXXXXXEXEEEEXEEXEEEEEEEE
(2,1)
   | 1 | 2 | 3 | 4 | 5 | 6 | 7 | 8 |
---|---|---|---|---|---|---|---|---|---
 1 | 0 | 0 | 0 | 0 |   |   | X | 0 | 1 
---|---|---|---|---|---|---|---|---|---
 2 | X | X | X | 0 |   |   | X |   | 2 
---|---|---|---|---|---|---|---|---|---
 3 | 0 | 0 | 0 | X | 0 | 0 | X | 0 | 3 
---|---|---|---|---|---|---|---|---|---
 4 |   |   |   | 0 | X | 0 | 0 | 0 | 4 
---|---|---|---|---|---|---|---|---|---
 5 |   |   |   | X | X | 0 | X | X | 5 
---|---|---|---|---|---|---|---|---|---
 6 | X | X | X | X | X | X |   | X | 6 
---|---|---|---|---|---|---|---|---|---
 7 |   |   |   |   | X |   |   | X | 7 
---|---|---|---|---|---|---|---|---|---
 8 |   |   |   |   |   |   |   |   | 8 
---|---|---|---|---|---|---|---|---|---
   | 1 | 2 | 3 | 4 | 5 | 6 | 7 | 8 |

It took 0 seconds to make this move...


White to move
WOOOOEEXOXXXOEEXEOOOXOOXOEEEOXOOOEEEXXOXXXXXXXXEXEEEEXEEXEEEEEEEE
(8,8) Depth reached: 6, Nodes searched: 66084
   | 1 | 2 | 3 | 4 | 5 | 6 | 7 | 8 |
---|---|---|---|---|---|---|---|---|---
 1 | 0 | 0 | 0 | 0 |   |   | X | 0 | 1 
---|---|---|---|---|---|---|---|---|---
 2 | X | X | X | 0 |   |   | X |   | 2 
---|---|---|---|---|---|---|---|---|---
 3 | 0 | 0 | 0 | X | 0 | 0 | X | 0 | 3 
---|---|---|---|---|---|---|---|---|---
 4 |   |   |   | 0 | X | 0 | 0 | 0 | 4 
---|---|---|---|---|---|---|---|---|---
 5 |   |   |   | X | X | 0 | X | 0 | 5 
---|---|---|---|---|---|---|---|---|---
 6 | X | X | X | X | X | X |   | 0 | 6 
---|---|---|---|---|---|---|---|---|---
 7 |   |   |   |   | X |   |   | 0 | 7 
---|---|---|---|---|---|---|---|---|---
 8 |   |   |   |   |   |   |   | 0 | 8 
---|---|---|---|---|---|---|---|---|---
   | 1 | 2 | 3 | 4 | 5 | 6 | 7 | 8 |

It took 8 seconds to make this move...


Black to move
BOOOOEEXOXXXOEEXEOOOXOOXOEEEOXOOOEEEXXOXOXXXXXXEOEEEEXEEOEEEEEEEO
(2,5)
   | 1 | 2 | 3 | 4 | 5 | 6 | 7 | 8 |
---|---|---|---|---|---|---|---|---|---
 1 | 0 | 0 | 0 | 0 |   |   | X | 0 | 1 
---|---|---|---|---|---|---|---|---|---
 2 | X | X | X | X | X |   | X |   | 2 
---|---|---|---|---|---|---|---|---|---
 3 | 0 | 0 | 0 | X | X | 0 | X | 0 | 3 
---|---|---|---|---|---|---|---|---|---
 4 |   |   |   | 0 | X | 0 | 0 | 0 | 4 
---|---|---|---|---|---|---|---|---|---
 5 |   |   |   | X | X | 0 | X | 0 | 5 
---|---|---|---|---|---|---|---|---|---
 6 | X | X | X | X | X | X |   | 0 | 6 
---|---|---|---|---|---|---|---|---|---
 7 |   |   |   |   | X |   |   | 0 | 7 
---|---|---|---|---|---|---|---|---|---
 8 |   |   |   |   |   |   |   | 0 | 8 
---|---|---|---|---|---|---|---|---|---
   | 1 | 2 | 3 | 4 | 5 | 6 | 7 | 8 |

It took 0 seconds to make this move...


White to move
WOOOOEEXOXXXXXEXEOOOXXOXOEEEOXOOOEEEXXOXOXXXXXXEOEEEEXEEOEEEEEEEO
(1,5) Depth reached: 6, Nodes searched: 75977
   | 1 | 2 | 3 | 4 | 5 | 6 | 7 | 8 |
---|---|---|---|---|---|---|---|---|---
 1 | 0 | 0 | 0 | 0 | 0 |   | X | 0 | 1 
---|---|---|---|---|---|---|---|---|---
 2 | X | X | X | 0 | X |   | X |   | 2 
---|---|---|---|---|---|---|---|---|---
 3 | 0 | 0 | 0 | X | X | 0 | X | 0 | 3 
---|---|---|---|---|---|---|---|---|---
 4 |   |   |   | 0 | X | 0 | 0 | 0 | 4 
---|---|---|---|---|---|---|---|---|---
 5 |   |   |   | X | X | 0 | X | 0 | 5 
---|---|---|---|---|---|---|---|---|---
 6 | X | X | X | X | X | X |   | 0 | 6 
---|---|---|---|---|---|---|---|---|---
 7 |   |   |   |   | X |   |   | 0 | 7 
---|---|---|---|---|---|---|---|---|---
 8 |   |   |   |   |   |   |   | 0 | 8 
---|---|---|---|---|---|---|---|---|---
   | 1 | 2 | 3 | 4 | 5 | 6 | 7 | 8 |

It took 8 seconds to make this move...


Black to move
BOOOOOEXOXXXOXEXEOOOXXOXOEEEOXOOOEEEXXOXOXXXXXXEOEEEEXEEOEEEEEEEO
(2,6)
   | 1 | 2 | 3 | 4 | 5 | 6 | 7 | 8 |
---|---|---|---|---|---|---|---|---|---
 1 | 0 | 0 | 0 | 0 | 0 |   | X | 0 | 1 
---|---|---|---|---|---|---|---|---|---
 2 | X | X | X | 0 | X | X | X |   | 2 
---|---|---|---|---|---|---|---|---|---
 3 | 0 | 0 | 0 | X | X | X | X | 0 | 3 
---|---|---|---|---|---|---|---|---|---
 4 |   |   |   | 0 | X | X | 0 | 0 | 4 
---|---|---|---|---|---|---|---|---|---
 5 |   |   |   | X | X | X | X | 0 | 5 
---|---|---|---|---|---|---|---|---|---
 6 | X | X | X | X | X | X |   | 0 | 6 
---|---|---|---|---|---|---|---|---|---
 7 |   |   |   |   | X |   |   | 0 | 7 
---|---|---|---|---|---|---|---|---|---
 8 |   |   |   |   |   |   |   | 0 | 8 
---|---|---|---|---|---|---|---|---|---
   | 1 | 2 | 3 | 4 | 5 | 6 | 7 | 8 |

It took 0 seconds to make this move...


White to move
WOOOOOEXOXXXOXXXEOOOXXXXOEEEOXXOOEEEXXXXOXXXXXXEOEEEEXEEOEEEEEEEO
(1,6) Depth reached: 8, Nodes searched: 14355
   | 1 | 2 | 3 | 4 | 5 | 6 | 7 | 8 |
---|---|---|---|---|---|---|---|---|---
 1 | 0 | 0 | 0 | 0 | 0 | 0 | 0 | 0 | 1 
---|---|---|---|---|---|---|---|---|---
 2 | X | X | X | 0 | X | X | 0 |   | 2 
---|---|---|---|---|---|---|---|---|---
 3 | 0 | 0 | 0 | X | X | X | X | 0 | 3 
---|---|---|---|---|---|---|---|---|---
 4 |   |   |   | 0 | X | X | 0 | 0 | 4 
---|---|---|---|---|---|---|---|---|---
 5 |   |   |   | X | X | X | X | 0 | 5 
---|---|---|---|---|---|---|---|---|---
 6 | X | X | X | X | X | X |   | 0 | 6 
---|---|---|---|---|---|---|---|---|---
 7 |   |   |   |   | X |   |   | 0 | 7 
---|---|---|---|---|---|---|---|---|---
 8 |   |   |   |   |   |   |   | 0 | 8 
---|---|---|---|---|---|---|---|---|---
   | 1 | 2 | 3 | 4 | 5 | 6 | 7 | 8 |

It took 8 seconds to make this move...


Black to move
BOOOOOOOOXXXOXXOEOOOXXXXOEEEOXXOOEEEXXXXOXXXXXXEOEEEEXEEOEEEEEEEO
(2,8)
   | 1 | 2 | 3 | 4 | 5 | 6 | 7 | 8 |
---|---|---|---|---|---|---|---|---|---
 1 | 0 | 0 | 0 | 0 | 0 | 0 | 0 | 0 | 1 
---|---|---|---|---|---|---|---|---|---
 2 | X | X | X | 0 | X | X | X | X | 2 
---|---|---|---|---|---|---|---|---|---
 3 | 0 | 0 | 0 | X | X | X | X | 0 | 3 
---|---|---|---|---|---|---|---|---|---
 4 |   |   |   | 0 | X | X | 0 | 0 | 4 
---|---|---|---|---|---|---|---|---|---
 5 |   |   |   | X | X | X | X | 0 | 5 
---|---|---|---|---|---|---|---|---|---
 6 | X | X | X | X | X | X |   | 0 | 6 
---|---|---|---|---|---|---|---|---|---
 7 |   |   |   |   | X |   |   | 0 | 7 
---|---|---|---|---|---|---|---|---|---
 8 |   |   |   |   |   |   |   | 0 | 8 
---|---|---|---|---|---|---|---|---|---
   | 1 | 2 | 3 | 4 | 5 | 6 | 7 | 8 |

It took 0 seconds to make this move...


White to move
WOOOOOOOOXXXOXXXXOOOXXXXOEEEOXXOOEEEXXXXOXXXXXXEOEEEEXEEOEEEEEEEO
(4,3) Depth reached: 8, Nodes searched: 31348
   | 1 | 2 | 3 | 4 | 5 | 6 | 7 | 8 |
---|---|---|---|---|---|---|---|---|---
 1 | 0 | 0 | 0 | 0 | 0 | 0 | 0 | 0 | 1 
---|---|---|---|---|---|---|---|---|---
 2 | X | X | X | 0 | 0 | X | X | X | 2 
---|---|---|---|---|---|---|---|---|---
 3 | 0 | 0 | 0 | 0 | X | X | X | 0 | 3 
---|---|---|---|---|---|---|---|---|---
 4 |   |   | 0 | 0 | X | X | 0 | 0 | 4 
---|---|---|---|---|---|---|---|---|---
 5 |   |   |   | X | X | X | X | 0 | 5 
---|---|---|---|---|---|---|---|---|---
 6 | X | X | X | X | X | X |   | 0 | 6 
---|---|---|---|---|---|---|---|---|---
 7 |   |   |   |   | X |   |   | 0 | 7 
---|---|---|---|---|---|---|---|---|---
 8 |   |   |   |   |   |   |   | 0 | 8 
---|---|---|---|---|---|---|---|---|---
   | 1 | 2 | 3 | 4 | 5 | 6 | 7 | 8 |

It took 8 seconds to make this move...


Black to move
BOOOOOOOOXXXOOXXXOOOOXXXOEEOOXXOOEEEXXXXOXXXXXXEOEEEEXEEOEEEEEEEO
(5,3)
   | 1 | 2 | 3 | 4 | 5 | 6 | 7 | 8 |
---|---|---|---|---|---|---|---|---|---
 1 | 0 | 0 | 0 | 0 | 0 | 0 | 0 | 0 | 1 
---|---|---|---|---|---|---|---|---|---
 2 | X | X | X | 0 | 0 | X | X | X | 2 
---|---|---|---|---|---|---|---|---|---
 3 | 0 | 0 | X | 0 | X | X | X | 0 | 3 
---|---|---|---|---|---|---|---|---|---
 4 |   |   | X | X | X | X | 0 | 0 | 4 
---|---|---|---|---|---|---|---|---|---
 5 |   |   | X | X | X | X | X | 0 | 5 
---|---|---|---|---|---|---|---|---|---
 6 | X | X | X | X | X | X |   | 0 | 6 
---|---|---|---|---|---|---|---|---|---
 7 |   |   |   |   | X |   |   | 0 | 7 
---|---|---|---|---|---|---|---|---|---
 8 |   |   |   |   |   |   |   | 0 | 8 
---|---|---|---|---|---|---|---|---|---
   | 1 | 2 | 3 | 4 | 5 | 6 | 7 | 8 |

It took 0 seconds to make this move...


White to move
WOOOOOOOOXXXOOXXXOOXOXXXOEEXXXXOOEEXXXXXOXXXXXXEOEEEEXEEOEEEEEEEO
(4,2) Depth reached: 8, Nodes searched: 58629
   | 1 | 2 | 3 | 4 | 5 | 6 | 7 | 8 |
---|---|---|---|---|---|---|---|---|---
 1 | 0 | 0 | 0 | 0 | 0 | 0 | 0 | 0 | 1 
---|---|---|---|---|---|---|---|---|---
 2 | X | X | X | 0 | 0 | X | X | X | 2 
---|---|---|---|---|---|---|---|---|---
 3 | 0 | 0 | 0 | 0 | X | X | X | 0 | 3 
---|---|---|---|---|---|---|---|---|---
 4 |   | 0 | 0 | 0 | 0 | 0 | 0 | 0 | 4 
---|---|---|---|---|---|---|---|---|---
 5 |   |   | X | X | X | X | X | 0 | 5 
---|---|---|---|---|---|---|---|---|---
 6 | X | X | X | X | X | X |   | 0 | 6 
---|---|---|---|---|---|---|---|---|---
 7 |   |   |   |   | X |   |   | 0 | 7 
---|---|---|---|---|---|---|---|---|---
 8 |   |   |   |   |   |   |   | 0 | 8 
---|---|---|---|---|---|---|---|---|---
   | 1 | 2 | 3 | 4 | 5 | 6 | 7 | 8 |

It took 8 seconds to make this move...


Black to move
BOOOOOOOOXXXOOXXXOOOOXXXOEOOOOOOOEEXXXXXOXXXXXXEOEEEEXEEOEEEEEEEO
(4,1)
   | 1 | 2 | 3 | 4 | 5 | 6 | 7 | 8 |
---|---|---|---|---|---|---|---|---|---
 1 | 0 | 0 | 0 | 0 | 0 | 0 | 0 | 0 | 1 
---|---|---|---|---|---|---|---|---|---
 2 | X | X | X | 0 | 0 | X | X | X | 2 
---|---|---|---|---|---|---|---|---|---
 3 | X | X | 0 | 0 | X | X | X | 0 | 3 
---|---|---|---|---|---|---|---|---|---
 4 | X | 0 | 0 | 0 | 0 | 0 | 0 | 0 | 4 
---|---|---|---|---|---|---|---|---|---
 5 |   |   | X | X | X | X | X | 0 | 5 
---|---|---|---|---|---|---|---|---|---
 6 | X | X | X | X | X | X |   | 0 | 6 
---|---|---|---|---|---|---|---|---|---
 7 |   |   |   |   | X |   |   | 0 | 7 
---|---|---|---|---|---|---|---|---|---
 8 |   |   |   |   |   |   |   | 0 | 8 
---|---|---|---|---|---|---|---|---|---
   | 1 | 2 | 3 | 4 | 5 | 6 | 7 | 8 |

It took 0 seconds to make this move...


White to move
WOOOOOOOOXXXOOXXXXXOOXXXOXOOOOOOOEEXXXXXOXXXXXXEOEEEEXEEOEEEEEEEO
(6,7) Depth reached: 8, Nodes searched: 100864
   | 1 | 2 | 3 | 4 | 5 | 6 | 7 | 8 |
---|---|---|---|---|---|---|---|---|---
 1 | 0 | 0 | 0 | 0 | 0 | 0 | 0 | 0 | 1 
---|---|---|---|---|---|---|---|---|---
 2 | X | X | X | 0 | 0 | X | X | X | 2 
---|---|---|---|---|---|---|---|---|---
 3 | X | X | 0 | 0 | X | X | X | 0 | 3 
---|---|---|---|---|---|---|---|---|---
 4 | X | 0 | 0 | 0 | 0 | 0 | 0 | 0 | 4 
---|---|---|---|---|---|---|---|---|---
 5 |   |   | X | X | X | 0 | 0 | 0 | 5 
---|---|---|---|---|---|---|---|---|---
 6 | X | X | X | X | X | X | 0 | 0 | 6 
---|---|---|---|---|---|---|---|---|---
 7 |   |   |   |   | X |   |   | 0 | 7 
---|---|---|---|---|---|---|---|---|---
 8 |   |   |   |   |   |   |   | 0 | 8 
---|---|---|---|---|---|---|---|---|---
   | 1 | 2 | 3 | 4 | 5 | 6 | 7 | 8 |

It took 8 seconds to make this move...


Black to move
BOOOOOOOOXXXOOXXXXXOOXXXOXOOOOOOOEEXXXOOOXXXXXXOOEEEEXEEOEEEEEEEO
(5,2)
   | 1 | 2 | 3 | 4 | 5 | 6 | 7 | 8 |
---|---|---|---|---|---|---|---|---|---
 1 | 0 | 0 | 0 | 0 | 0 | 0 | 0 | 0 | 1 
---|---|---|---|---|---|---|---|---|---
 2 | X | X | X | 0 | 0 | X | X | X | 2 
---|---|---|---|---|---|---|---|---|---
 3 | X | X | 0 | 0 | X | X | X | 0 | 3 
---|---|---|---|---|---|---|---|---|---
 4 | X | X | 0 | 0 | 0 | 0 | 0 | 0 | 4 
---|---|---|---|---|---|---|---|---|---
 5 |   | X | X | X | X | 0 | 0 | 0 | 5 
---|---|---|---|---|---|---|---|---|---
 6 | X | X | X | X | X | X | 0 | 0 | 6 
---|---|---|---|---|---|---|---|---|---
 7 |   |   |   |   | X |   |   | 0 | 7 
---|---|---|---|---|---|---|---|---|---
 8 |   |   |   |   |   |   |   | 0 | 8 
---|---|---|---|---|---|---|---|---|---
   | 1 | 2 | 3 | 4 | 5 | 6 | 7 | 8 |

It took 0 seconds to make this move...


White to move
WOOOOOOOOXXXOOXXXXXOOXXXOXXOOOOOOEXXXXOOOXXXXXXOOEEEEXEEOEEEEEEEO
(5,1) Depth reached: 10, Nodes searched: 34966
   | 1 | 2 | 3 | 4 | 5 | 6 | 7 | 8 |
---|---|---|---|---|---|---|---|---|---
 1 | 0 | 0 | 0 | 0 | 0 | 0 | 0 | 0 | 1 
---|---|---|---|---|---|---|---|---|---
 2 | 0 | X | X | 0 | 0 | X | X | X | 2 
---|---|---|---|---|---|---|---|---|---
 3 | 0 | X | 0 | 0 | X | X | X | 0 | 3 
---|---|---|---|---|---|---|---|---|---
 4 | 0 | 0 | 0 | 0 | 0 | 0 | 0 | 0 | 4 
---|---|---|---|---|---|---|---|---|---
 5 | 0 | 0 | 0 | 0 | 0 | 0 | 0 | 0 | 5 
---|---|---|---|---|---|---|---|---|---
 6 | X | X | X | X | X | X | 0 | 0 | 6 
---|---|---|---|---|---|---|---|---|---
 7 |   |   |   |   | X |   |   | 0 | 7 
---|---|---|---|---|---|---|---|---|---
 8 |   |   |   |   |   |   |   | 0 | 8 
---|---|---|---|---|---|---|---|---|---
   | 1 | 2 | 3 | 4 | 5 | 6 | 7 | 8 |

It took 9 seconds to make this move...


Black to move
BOOOOOOOOOXXOOXXXOXOOXXXOOOOOOOOOOOOOOOOOXXXXXXOOEEEEXEEOEEEEEEEO
(7,7)
   | 1 | 2 | 3 | 4 | 5 | 6 | 7 | 8 |
---|---|---|---|---|---|---|---|---|---
 1 | 0 | 0 | 0 | 0 | 0 | 0 | 0 | 0 | 1 
---|---|---|---|---|---|---|---|---|---
 2 | 0 | X | X | 0 | 0 | X | X | X | 2 
---|---|---|---|---|---|---|---|---|---
 3 | 0 | X | 0 | 0 | X | X | X | 0 | 3 
---|---|---|---|---|---|---|---|---|---
 4 | 0 | 0 | 0 | 0 | 0 | 0 | X | 0 | 4 
---|---|---|---|---|---|---|---|---|---
 5 | 0 | 0 | 0 | 0 | 0 | 0 | X | 0 | 5 
---|---|---|---|---|---|---|---|---|---
 6 | X | X | X | X | X | X | X | 0 | 6 
---|---|---|---|---|---|---|---|---|---
 7 |   |   |   |   | X |   | X | 0 | 7 
---|---|---|---|---|---|---|---|---|---
 8 |   |   |   |   |   |   |   | 0 | 8 
---|---|---|---|---|---|---|---|---|---
   | 1 | 2 | 3 | 4 | 5 | 6 | 7 | 8 |

It took 0 seconds to make this move...


White to move
WOOOOOOOOOXXOOXXXOXOOXXXOOOOOOOXOOOOOOOXOXXXXXXXOEEEEXEXOEEEEEEEO
(7,1) Depth reached: 10, Nodes searched: 89118
   | 1 | 2 | 3 | 4 | 5 | 6 | 7 | 8 |
---|---|---|---|---|---|---|---|---|---
 1 | 0 | 0 | 0 | 0 | 0 | 0 | 0 | 0 | 1 
---|---|---|---|---|---|---|---|---|---
 2 | 0 | X | X | 0 | 0 | X | X | X | 2 
---|---|---|---|---|---|---|---|---|---
 3 | 0 | X | 0 | 0 | X | X | X | 0 | 3 
---|---|---|---|---|---|---|---|---|---
 4 | 0 | 0 | 0 | 0 | 0 | 0 | X | 0 | 4 
---|---|---|---|---|---|---|---|---|---
 5 | 0 | 0 | 0 | 0 | 0 | 0 | X | 0 | 5 
---|---|---|---|---|---|---|---|---|---
 6 | 0 | 0 | X | X | X | X | X | 0 | 6 
---|---|---|---|---|---|---|---|---|---
 7 | 0 |   |   |   | X |   | X | 0 | 7 
---|---|---|---|---|---|---|---|---|---
 8 |   |   |   |   |   |   |   | 0 | 8 
---|---|---|---|---|---|---|---|---|---
   | 1 | 2 | 3 | 4 | 5 | 6 | 7 | 8 |

It took 8 seconds to make this move...


Black to move
BOOOOOOOOOXXOOXXXOXOOXXXOOOOOOOXOOOOOOOXOOOXXXXXOOEEEXEXOEEEEEEEO
(7,2)
   | 1 | 2 | 3 | 4 | 5 | 6 | 7 | 8 |
---|---|---|---|---|---|---|---|---|---
 1 | 0 | 0 | 0 | 0 | 0 | 0 | 0 | 0 | 1 
---|---|---|---|---|---|---|---|---|---
 2 | 0 | X | X | 0 | 0 | X | X | X | 2 
---|---|---|---|---|---|---|---|---|---
 3 | 0 | X | 0 | 0 | X | X | X | 0 | 3 
---|---|---|---|---|---|---|---|---|---
 4 | 0 | X | 0 | 0 | 0 | 0 | X | 0 | 4 
---|---|---|---|---|---|---|---|---|---
 5 | 0 | X | 0 | 0 | 0 | 0 | X | 0 | 5 
---|---|---|---|---|---|---|---|---|---
 6 | 0 | X | X | X | X | X | X | 0 | 6 
---|---|---|---|---|---|---|---|---|---
 7 | 0 | X |   |   | X |   | X | 0 | 7 
---|---|---|---|---|---|---|---|---|---
 8 |   |   |   |   |   |   |   | 0 | 8 
---|---|---|---|---|---|---|---|---|---
   | 1 | 2 | 3 | 4 | 5 | 6 | 7 | 8 |

It took 0 seconds to make this move...


White to move
WOOOOOOOOOXXOOXXXOXOOXXXOOXOOOOXOOXOOOOXOOXXXXXXOOXEEXEXOEEEEEEEO
(8,2) Depth reached: 13, Nodes searched: 26584
   | 1 | 2 | 3 | 4 | 5 | 6 | 7 | 8 |
---|---|---|---|---|---|---|---|---|---
 1 | 0 | 0 | 0 | 0 | 0 | 0 | 0 | 0 | 1 
---|---|---|---|---|---|---|---|---|---
 2 | 0 | 0 | X | 0 | 0 | X | X | X | 2 
---|---|---|---|---|---|---|---|---|---
 3 | 0 | 0 | 0 | 0 | X | X | X | 0 | 3 
---|---|---|---|---|---|---|---|---|---
 4 | 0 | 0 | 0 | 0 | 0 | 0 | X | 0 | 4 
---|---|---|---|---|---|---|---|---|---
 5 | 0 | 0 | 0 | 0 | 0 | 0 | X | 0 | 5 
---|---|---|---|---|---|---|---|---|---
 6 | 0 | 0 | X | X | X | X | X | 0 | 6 
---|---|---|---|---|---|---|---|---|---
 7 | 0 | 0 |   |   | X |   | X | 0 | 7 
---|---|---|---|---|---|---|---|---|---
 8 |   | 0 |   |   |   |   |   | 0 | 8 
---|---|---|---|---|---|---|---|---|---
   | 1 | 2 | 3 | 4 | 5 | 6 | 7 | 8 |

It took 8 seconds to make this move...


Black to move
BOOOOOOOOOOXOOXXXOOOOXXXOOOOOOOXOOOOOOOXOOOXXXXXOOOEEXEXOEOEEEEEO
(8,1)
   | 1 | 2 | 3 | 4 | 5 | 6 | 7 | 8 |
---|---|---|---|---|---|---|---|---|---
 1 | 0 | 0 | 0 | 0 | 0 | 0 | 0 | 0 | 1 
---|---|---|---|---|---|---|---|---|---
 2 | 0 | 0 | X | 0 | 0 | X | X | X | 2 
---|---|---|---|---|---|---|---|---|---
 3 | 0 | 0 | 0 | 0 | X | X | X | 0 | 3 
---|---|---|---|---|---|---|---|---|---
 4 | 0 | 0 | 0 | 0 | 0 | 0 | X | 0 | 4 
---|---|---|---|---|---|---|---|---|---
 5 | 0 | 0 | 0 | 0 | 0 | 0 | X | 0 | 5 
---|---|---|---|---|---|---|---|---|---
 6 | 0 | 0 | X | X | X | X | X | 0 | 6 
---|---|---|---|---|---|---|---|---|---
 7 | 0 | X |   |   | X |   | X | 0 | 7 
---|---|---|---|---|---|---|---|---|---
 8 | X | 0 |   |   |   |   |   | 0 | 8 
---|---|---|---|---|---|---|---|---|---
   | 1 | 2 | 3 | 4 | 5 | 6 | 7 | 8 |

It took 0 seconds to make this move...


White to move
WOOOOOOOOOOXOOXXXOOOOXXXOOOOOOOXOOOOOOOXOOOXXXXXOOXEEXEXOXOEEEEEO
(8,3) Depth reached: 49, Nodes searched: 8503
   | 1 | 2 | 3 | 4 | 5 | 6 | 7 | 8 |
---|---|---|---|---|---|---|---|---|---
 1 | 0 | 0 | 0 | 0 | 0 | 0 | 0 | 0 | 1 
---|---|---|---|---|---|---|---|---|---
 2 | 0 | 0 | X | 0 | 0 | X | X | X | 2 
---|---|---|---|---|---|---|---|---|---
 3 | 0 | 0 | 0 | 0 | X | X | X | 0 | 3 
---|---|---|---|---|---|---|---|---|---
 4 | 0 | 0 | 0 | 0 | 0 | 0 | X | 0 | 4 
---|---|---|---|---|---|---|---|---|---
 5 | 0 | 0 | 0 | 0 | 0 | 0 | X | 0 | 5 
---|---|---|---|---|---|---|---|---|---
 6 | 0 | 0 | X | X | X | X | X | 0 | 6 
---|---|---|---|---|---|---|---|---|---
 7 | 0 | 0 |   |   | X |   | X | 0 | 7 
---|---|---|---|---|---|---|---|---|---
 8 | X | 0 | 0 |   |   |   |   | 0 | 8 
---|---|---|---|---|---|---|---|---|---
   | 1 | 2 | 3 | 4 | 5 | 6 | 7 | 8 |

It took 8 seconds to make this move...


Black to move
BOOOOOOOOOOXOOXXXOOOOXXXOOOOOOOXOOOOOOOXOOOXXXXXOOOEEXEXOXOOEEEEO
(8,4)
   | 1 | 2 | 3 | 4 | 5 | 6 | 7 | 8 |
---|---|---|---|---|---|---|---|---|---
 1 | 0 | 0 | 0 | 0 | 0 | 0 | 0 | 0 | 1 
---|---|---|---|---|---|---|---|---|---
 2 | 0 | 0 | X | 0 | 0 | X | X | X | 2 
---|---|---|---|---|---|---|---|---|---
 3 | 0 | 0 | 0 | 0 | X | X | X | 0 | 3 
---|---|---|---|---|---|---|---|---|---
 4 | 0 | 0 | 0 | 0 | 0 | 0 | X | 0 | 4 
---|---|---|---|---|---|---|---|---|---
 5 | 0 | 0 | 0 | 0 | 0 | 0 | X | 0 | 5 
---|---|---|---|---|---|---|---|---|---
 6 | 0 | 0 | X | X | X | X | X | 0 | 6 
---|---|---|---|---|---|---|---|---|---
 7 | 0 | 0 |   |   | X |   | X | 0 | 7 
---|---|---|---|---|---|---|---|---|---
 8 | X | X | X | X |   |   |   | 0 | 8 
---|---|---|---|---|---|---|---|---|---
   | 1 | 2 | 3 | 4 | 5 | 6 | 7 | 8 |

It took 0 seconds to make this move...


White to move
WOOOOOOOOOOXOOXXXOOOOXXXOOOOOOOXOOOOOOOXOOOXXXXXOOOEEXEXOXXXXEEEO
(7,4) Depth reached: 99, Nodes searched: 2809
   | 1 | 2 | 3 | 4 | 5 | 6 | 7 | 8 |
---|---|---|---|---|---|---|---|---|---
 1 | 0 | 0 | 0 | 0 | 0 | 0 | 0 | 0 | 1 
---|---|---|---|---|---|---|---|---|---
 2 | 0 | 0 | X | 0 | 0 | X | X | X | 2 
---|---|---|---|---|---|---|---|---|---
 3 | 0 | 0 | 0 | 0 | X | X | X | 0 | 3 
---|---|---|---|---|---|---|---|---|---
 4 | 0 | 0 | 0 | 0 | 0 | 0 | X | 0 | 4 
---|---|---|---|---|---|---|---|---|---
 5 | 0 | 0 | 0 | 0 | 0 | 0 | X | 0 | 5 
---|---|---|---|---|---|---|---|---|---
 6 | 0 | 0 | 0 | 0 | 0 | X | X | 0 | 6 
---|---|---|---|---|---|---|---|---|---
 7 | 0 | 0 |   | 0 | X |   | X | 0 | 7 
---|---|---|---|---|---|---|---|---|---
 8 | X | X | X | X |   |   |   | 0 | 8 
---|---|---|---|---|---|---|---|---|---
   | 1 | 2 | 3 | 4 | 5 | 6 | 7 | 8 |

It took 8 seconds to make this move...


Black to move
BOOOOOOOOOOXOOXXXOOOOXXXOOOOOOOXOOOOOOOXOOOOOOXXOOOEOXEXOXXXXEEEO
(7,3)
   | 1 | 2 | 3 | 4 | 5 | 6 | 7 | 8 |
---|---|---|---|---|---|---|---|---|---
 1 | 0 | 0 | 0 | 0 | 0 | 0 | 0 | 0 | 1 
---|---|---|---|---|---|---|---|---|---
 2 | 0 | 0 | X | 0 | 0 | X | X | X | 2 
---|---|---|---|---|---|---|---|---|---
 3 | 0 | 0 | X | 0 | X | X | X | 0 | 3 
---|---|---|---|---|---|---|---|---|---
 4 | 0 | 0 | X | 0 | 0 | X | X | 0 | 4 
---|---|---|---|---|---|---|---|---|---
 5 | 0 | 0 | X | 0 | X | 0 | X | 0 | 5 
---|---|---|---|---|---|---|---|---|---
 6 | 0 | 0 | X | X | 0 | X | X | 0 | 6 
---|---|---|---|---|---|---|---|---|---
 7 | 0 | 0 | X | X | X |   | X | 0 | 7 
---|---|---|---|---|---|---|---|---|---
 8 | X | X | X | X |   |   |   | 0 | 8 
---|---|---|---|---|---|---|---|---|---
   | 1 | 2 | 3 | 4 | 5 | 6 | 7 | 8 |

It took 0 seconds to make this move...


White to move
WOOOOOOOOOOXOOXXXOOXOXXXOOOXOOXXOOOXOXOXOOOXXOXXOOOXXXEXOXXXXEEEO
(8,7) Depth reached: 316, Nodes searched: 2413
   | 1 | 2 | 3 | 4 | 5 | 6 | 7 | 8 |
---|---|---|---|---|---|---|---|---|---
 1 | 0 | 0 | 0 | 0 | 0 | 0 | 0 | 0 | 1 
---|---|---|---|---|---|---|---|---|---
 2 | 0 | 0 | X | 0 | 0 | X | 0 | X | 2 
---|---|---|---|---|---|---|---|---|---
 3 | 0 | 0 | X | 0 | X | X | 0 | 0 | 3 
---|---|---|---|---|---|---|---|---|---
 4 | 0 | 0 | X | 0 | 0 | X | 0 | 0 | 4 
---|---|---|---|---|---|---|---|---|---
 5 | 0 | 0 | X | 0 | X | 0 | 0 | 0 | 5 
---|---|---|---|---|---|---|---|---|---
 6 | 0 | 0 | X | X | 0 | X | 0 | 0 | 6 
---|---|---|---|---|---|---|---|---|---
 7 | 0 | 0 | X | X | X |   | 0 | 0 | 7 
---|---|---|---|---|---|---|---|---|---
 8 | X | X | X | X |   |   | 0 | 0 | 8 
---|---|---|---|---|---|---|---|---|---
   | 1 | 2 | 3 | 4 | 5 | 6 | 7 | 8 |

It took 9 seconds to make this move...


Black to move
BOOOOOOOOOOXOOXOXOOXOXXOOOOXOOXOOOOXOXOOOOOXXOXOOOOXXXEOOXXXXEEOO
(7,6)
   | 1 | 2 | 3 | 4 | 5 | 6 | 7 | 8 |
---|---|---|---|---|---|---|---|---|---
 1 | 0 | 0 | 0 | 0 | 0 | 0 | 0 | 0 | 1 
---|---|---|---|---|---|---|---|---|---
 2 | 0 | 0 | X | 0 | 0 | X | 0 | X | 2 
---|---|---|---|---|---|---|---|---|---
 3 | 0 | 0 | X | 0 | X | X | 0 | 0 | 3 
---|---|---|---|---|---|---|---|---|---
 4 | 0 | 0 | X | 0 | 0 | X | 0 | 0 | 4 
---|---|---|---|---|---|---|---|---|---
 5 | 0 | 0 | X | X | X | 0 | 0 | 0 | 5 
---|---|---|---|---|---|---|---|---|---
 6 | 0 | 0 | X | X | X | X | 0 | 0 | 6 
---|---|---|---|---|---|---|---|---|---
 7 | 0 | 0 | X | X | X | X | 0 | 0 | 7 
---|---|---|---|---|---|---|---|---|---
 8 | X | X | X | X |   |   | 0 | 0 | 8 
---|---|---|---|---|---|---|---|---|---
   | 1 | 2 | 3 | 4 | 5 | 6 | 7 | 8 |

It took 0 seconds to make this move...


White to move
WOOOOOOOOOOXOOXOXOOXOXXOOOOXOOXOOOOXXXOOOOOXXXXOOOOXXXXOOXXXXEEOO
(8,6) Depth reached: 632, Nodes searched: 660
   | 1 | 2 | 3 | 4 | 5 | 6 | 7 | 8 |
---|---|---|---|---|---|---|---|---|---
 1 | 0 | 0 | 0 | 0 | 0 | 0 | 0 | 0 | 1 
---|---|---|---|---|---|---|---|---|---
 2 | 0 | 0 | X | 0 | 0 | X | 0 | X | 2 
---|---|---|---|---|---|---|---|---|---
 3 | 0 | 0 | X | 0 | X | X | 0 | 0 | 3 
---|---|---|---|---|---|---|---|---|---
 4 | 0 | 0 | X | 0 | 0 | X | 0 | 0 | 4 
---|---|---|---|---|---|---|---|---|---
 5 | 0 | 0 | 0 | X | X | 0 | 0 | 0 | 5 
---|---|---|---|---|---|---|---|---|---
 6 | 0 | 0 | X | 0 | X | 0 | 0 | 0 | 6 
---|---|---|---|---|---|---|---|---|---
 7 | 0 | 0 | X | X | 0 | 0 | 0 | 0 | 7 
---|---|---|---|---|---|---|---|---|---
 8 | X | X | X | X |   | 0 | 0 | 0 | 8 
---|---|---|---|---|---|---|---|---|---
   | 1 | 2 | 3 | 4 | 5 | 6 | 7 | 8 |

It took 8 seconds to make this move...


Black to move
BOOOOOOOOOOXOOXOXOOXOXXOOOOXOOXOOOOOXXOOOOOXOXOOOOOXXOOOOXXXXEOOO
(8,5)
   | 1 | 2 | 3 | 4 | 5 | 6 | 7 | 8 |
---|---|---|---|---|---|---|---|---|---
 1 | 0 | 0 | 0 | 0 | 0 | 0 | 0 | 0 | 1 
---|---|---|---|---|---|---|---|---|---
 2 | 0 | 0 | X | 0 | 0 | X | 0 | X | 2 
---|---|---|---|---|---|---|---|---|---
 3 | 0 | 0 | X | 0 | X | X | 0 | 0 | 3 
---|---|---|---|---|---|---|---|---|---
 4 | 0 | 0 | X | 0 | 0 | X | 0 | 0 | 4 
---|---|---|---|---|---|---|---|---|---
 5 | 0 | 0 | 0 | X | X | 0 | 0 | 0 | 5 
---|---|---|---|---|---|---|---|---|---
 6 | 0 | 0 | X | 0 | X | 0 | 0 | 0 | 6 
---|---|---|---|---|---|---|---|---|---
 7 | 0 | 0 | X | X | X | 0 | 0 | 0 | 7 
---|---|---|---|---|---|---|---|---|---
 8 | X | X | X | X | X | 0 | 0 | 0 | 8 
---|---|---|---|---|---|---|---|---|---
   | 1 | 2 | 3 | 4 | 5 | 6 | 7 | 8 |

It took 0 seconds to make this move...


White to move
WOOOOOOOOOOXOOXOXOOXOXXOOOOXOOXOOOOOXXOOOOOXOXOOOOOXXXOOOXXXXXOOO
pass
   | 1 | 2 | 3 | 4 | 5 | 6 | 7 | 8 |
---|---|---|---|---|---|---|---|---|---
 1 | 0 | 0 | 0 | 0 | 0 | 0 | 0 | 0 | 1 
---|---|---|---|---|---|---|---|---|---
 2 | 0 | 0 | X | 0 | 0 | X | 0 | X | 2 
---|---|---|---|---|---|---|---|---|---
 3 | 0 | 0 | X | 0 | X | X | 0 | 0 | 3 
---|---|---|---|---|---|---|---|---|---
 4 | 0 | 0 | X | 0 | 0 | X | 0 | 0 | 4 
---|---|---|---|---|---|---|---|---|---
 5 | 0 | 0 | 0 | X | X | 0 | 0 | 0 | 5 
---|---|---|---|---|---|---|---|---|---
 6 | 0 | 0 | X | 0 | X | 0 | 0 | 0 | 6 
---|---|---|---|---|---|---|---|---|---
 7 | 0 | 0 | X | X | X | 0 | 0 | 0 | 7 
---|---|---|---|---|---|---|---|---|---
 8 | X | X | X | X | X | 0 | 0 | 0 | 8 
---|---|---|---|---|---|---|---|---|---
   | 1 | 2 | 3 | 4 | 5 | 6 | 7 | 8 |

It took 8 seconds to make this move...


Black to move
BOOOOOOOOOOXOOXOXOOXOXXOOOOXOOXOOOOOXXOOOOOXOXOOOOOXXXOOOXXXXXOOO
pass
   | 1 | 2 | 3 | 4 | 5 | 6 | 7 | 8 |
---|---|---|---|---|---|---|---|---|---
 1 | 0 | 0 | 0 | 0 | 0 | 0 | 0 | 0 | 1 
---|---|---|---|---|---|---|---|---|---
 2 | 0 | 0 | X | 0 | 0 | X | 0 | X | 2 
---|---|---|---|---|---|---|---|---|---
 3 | 0 | 0 | X | 0 | X | X | 0 | 0 | 3 
---|---|---|---|---|---|---|---|---|---
 4 | 0 | 0 | X | 0 | 0 | X | 0 | 0 | 4 
---|---|---|---|---|---|---|---|---|---
 5 | 0 | 0 | 0 | X | X | 0 | 0 | 0 | 5 
---|---|---|---|---|---|---|---|---|---
 6 | 0 | 0 | X | 0 | X | 0 | 0 | 0 | 6 
---|---|---|---|---|---|---|---|---|---
 7 | 0 | 0 | X | X | X | 0 | 0 | 0 | 7 
---|---|---|---|---|---|---|---|---|---
 8 | X | X | X | X | X | 0 | 0 | 0 | 8 
---|---|---|---|---|---|---|---|---|---
   | 1 | 2 | 3 | 4 | 5 | 6 | 7 | 8 |

It took 0 seconds to make this move...
***************************************
Results for ../Python/othello.sh vs. ./othello_naive.sh:
White won with 24 points
Average time for white: 8.2 s (max: 9 s)
Average time for black: 0.1 s (max: 1 s)
***************************************
