   | 1 | 2 | 3 | 4 | 5 | 6 | 7 | 8 |
---|---|---|---|---|---|---|---|---|---
 1 |   |   |   |   |   |   |   |   | 1 
---|---|---|---|---|---|---|---|---|---
 2 |   |   |   |   |   |   |   |   | 2 
---|---|---|---|---|---|---|---|---|---
 3 |   |   |   |   |   |   |   |   | 3 
---|---|---|---|---|---|---|---|---|---
 4 |   |   |   | 0 | X |   |   |   | 4 
---|---|---|---|---|---|---|---|---|---
 5 |   |   |   | X | 0 |   |   |   | 5 
---|---|---|---|---|---|---|---|---|---
 6 |   |   |   |   |   |   |   |   | 6 
---|---|---|---|---|---|---|---|---|---
 7 |   |   |   |   |   |   |   |   | 7 
---|---|---|---|---|---|---|---|---|---
 8 |   |   |   |   |   |   |   |   | 8 
---|---|---|---|---|---|---|---|---|---
   | 1 | 2 | 3 | 4 | 5 | 6 | 7 | 8 |



White to move
WEEEEEEEEEEEEEEEEEEEEEEEEEEEOXEEEEEEXOEEEEEEEEEEEEEEEEEEEEEEEEEEE
(3,5)
   | 1 | 2 | 3 | 4 | 5 | 6 | 7 | 8 |
---|---|---|---|---|---|---|---|---|---
 1 |   |   |   |   |   |   |   |   | 1 
---|---|---|---|---|---|---|---|---|---
 2 |   |   |   |   |   |   |   |   | 2 
---|---|---|---|---|---|---|---|---|---
 3 |   |   |   |   | 0 |   |   |   | 3 
---|---|---|---|---|---|---|---|---|---
 4 |   |   |   | 0 | 0 |   |   |   | 4 
---|---|---|---|---|---|---|---|---|---
 5 |   |   |   | X | 0 |   |   |   | 5 
---|---|---|---|---|---|---|---|---|---
 6 |   |   |   |   |   |   |   |   | 6 
---|---|---|---|---|---|---|---|---|---
 7 |   |   |   |   |   |   |   |   | 7 
---|---|---|---|---|---|---|---|---|---
 8 |   |   |   |   |   |   |   |   | 8 
---|---|---|---|---|---|---|---|---|---
   | 1 | 2 | 3 | 4 | 5 | 6 | 7 | 8 |

It took 0 seconds to make this move...


Black to move
BEEEEEEEEEEEEEEEEEEEEOEEEEEEOOEEEEEEXOEEEEEEEEEEEEEEEEEEEEEEEEEEE
(3,6) Depth reached: 6
   | 1 | 2 | 3 | 4 | 5 | 6 | 7 | 8 |
---|---|---|---|---|---|---|---|---|---
 1 |   |   |   |   |   |   |   |   | 1 
---|---|---|---|---|---|---|---|---|---
 2 |   |   |   |   |   |   |   |   | 2 
---|---|---|---|---|---|---|---|---|---
 3 |   |   |   |   | 0 | X |   |   | 3 
---|---|---|---|---|---|---|---|---|---
 4 |   |   |   | 0 | X |   |   |   | 4 
---|---|---|---|---|---|---|---|---|---
 5 |   |   |   | X | 0 |   |   |   | 5 
---|---|---|---|---|---|---|---|---|---
 6 |   |   |   |   |   |   |   |   | 6 
---|---|---|---|---|---|---|---|---|---
 7 |   |   |   |   |   |   |   |   | 7 
---|---|---|---|---|---|---|---|---|---
 8 |   |   |   |   |   |   |   |   | 8 
---|---|---|---|---|---|---|---|---|---
   | 1 | 2 | 3 | 4 | 5 | 6 | 7 | 8 |

It took 1 seconds to make this move...


White to move
WEEEEEEEEEEEEEEEEEEEEOXEEEEEOXEEEEEEXOEEEEEEEEEEEEEEEEEEEEEEEEEEE
(5,3)
   | 1 | 2 | 3 | 4 | 5 | 6 | 7 | 8 |
---|---|---|---|---|---|---|---|---|---
 1 |   |   |   |   |   |   |   |   | 1 
---|---|---|---|---|---|---|---|---|---
 2 |   |   |   |   |   |   |   |   | 2 
---|---|---|---|---|---|---|---|---|---
 3 |   |   |   |   | 0 | X |   |   | 3 
---|---|---|---|---|---|---|---|---|---
 4 |   |   |   | 0 | X |   |   |   | 4 
---|---|---|---|---|---|---|---|---|---
 5 |   |   | 0 | 0 | 0 |   |   |   | 5 
---|---|---|---|---|---|---|---|---|---
 6 |   |   |   |   |   |   |   |   | 6 
---|---|---|---|---|---|---|---|---|---
 7 |   |   |   |   |   |   |   |   | 7 
---|---|---|---|---|---|---|---|---|---
 8 |   |   |   |   |   |   |   |   | 8 
---|---|---|---|---|---|---|---|---|---
   | 1 | 2 | 3 | 4 | 5 | 6 | 7 | 8 |

It took 0 seconds to make this move...


Black to move
BEEEEEEEEEEEEEEEEEEEEOXEEEEEOXEEEEEOOOEEEEEEEEEEEEEEEEEEEEEEEEEEE
(3,4) Depth reached: 6
   | 1 | 2 | 3 | 4 | 5 | 6 | 7 | 8 |
---|---|---|---|---|---|---|---|---|---
 1 |   |   |   |   |   |   |   |   | 1 
---|---|---|---|---|---|---|---|---|---
 2 |   |   |   |   |   |   |   |   | 2 
---|---|---|---|---|---|---|---|---|---
 3 |   |   |   | X | X | X |   |   | 3 
---|---|---|---|---|---|---|---|---|---
 4 |   |   |   | 0 | X |   |   |   | 4 
---|---|---|---|---|---|---|---|---|---
 5 |   |   | 0 | 0 | 0 |   |   |   | 5 
---|---|---|---|---|---|---|---|---|---
 6 |   |   |   |   |   |   |   |   | 6 
---|---|---|---|---|---|---|---|---|---
 7 |   |   |   |   |   |   |   |   | 7 
---|---|---|---|---|---|---|---|---|---
 8 |   |   |   |   |   |   |   |   | 8 
---|---|---|---|---|---|---|---|---|---
   | 1 | 2 | 3 | 4 | 5 | 6 | 7 | 8 |

It took 1 seconds to make this move...


White to move
WEEEEEEEEEEEEEEEEEEEXXXEEEEEOXEEEEEOOOEEEEEEEEEEEEEEEEEEEEEEEEEEE
(2,4)
   | 1 | 2 | 3 | 4 | 5 | 6 | 7 | 8 |
---|---|---|---|---|---|---|---|---|---
 1 |   |   |   |   |   |   |   |   | 1 
---|---|---|---|---|---|---|---|---|---
 2 |   |   |   | 0 |   |   |   |   | 2 
---|---|---|---|---|---|---|---|---|---
 3 |   |   |   | 0 | X | X |   |   | 3 
---|---|---|---|---|---|---|---|---|---
 4 |   |   |   | 0 | X |   |   |   | 4 
---|---|---|---|---|---|---|---|---|---
 5 |   |   | 0 | 0 | 0 |   |   |   | 5 
---|---|---|---|---|---|---|---|---|---
 6 |   |   |   |   |   |   |   |   | 6 
---|---|---|---|---|---|---|---|---|---
 7 |   |   |   |   |   |   |   |   | 7 
---|---|---|---|---|---|---|---|---|---
 8 |   |   |   |   |   |   |   |   | 8 
---|---|---|---|---|---|---|---|---|---
   | 1 | 2 | 3 | 4 | 5 | 6 | 7 | 8 |

It took 0 seconds to make this move...


Black to move
BEEEEEEEEEEEOEEEEEEEOXXEEEEEOXEEEEEOOOEEEEEEEEEEEEEEEEEEEEEEEEEEE
(1,3) Depth reached: 5
   | 1 | 2 | 3 | 4 | 5 | 6 | 7 | 8 |
---|---|---|---|---|---|---|---|---|---
 1 |   |   | X |   |   |   |   |   | 1 
---|---|---|---|---|---|---|---|---|---
 2 |   |   |   | X |   |   |   |   | 2 
---|---|---|---|---|---|---|---|---|---
 3 |   |   |   | 0 | X | X |   |   | 3 
---|---|---|---|---|---|---|---|---|---
 4 |   |   |   | 0 | X |   |   |   | 4 
---|---|---|---|---|---|---|---|---|---
 5 |   |   | 0 | 0 | 0 |   |   |   | 5 
---|---|---|---|---|---|---|---|---|---
 6 |   |   |   |   |   |   |   |   | 6 
---|---|---|---|---|---|---|---|---|---
 7 |   |   |   |   |   |   |   |   | 7 
---|---|---|---|---|---|---|---|---|---
 8 |   |   |   |   |   |   |   |   | 8 
---|---|---|---|---|---|---|---|---|---
   | 1 | 2 | 3 | 4 | 5 | 6 | 7 | 8 |

It took 1 seconds to make this move...


White to move
WEEXEEEEEEEEXEEEEEEEOXXEEEEEOXEEEEEOOOEEEEEEEEEEEEEEEEEEEEEEEEEEE
(2,5)
   | 1 | 2 | 3 | 4 | 5 | 6 | 7 | 8 |
---|---|---|---|---|---|---|---|---|---
 1 |   |   | X |   |   |   |   |   | 1 
---|---|---|---|---|---|---|---|---|---
 2 |   |   |   | X | 0 |   |   |   | 2 
---|---|---|---|---|---|---|---|---|---
 3 |   |   |   | 0 | 0 | X |   |   | 3 
---|---|---|---|---|---|---|---|---|---
 4 |   |   |   | 0 | 0 |   |   |   | 4 
---|---|---|---|---|---|---|---|---|---
 5 |   |   | 0 | 0 | 0 |   |   |   | 5 
---|---|---|---|---|---|---|---|---|---
 6 |   |   |   |   |   |   |   |   | 6 
---|---|---|---|---|---|---|---|---|---
 7 |   |   |   |   |   |   |   |   | 7 
---|---|---|---|---|---|---|---|---|---
 8 |   |   |   |   |   |   |   |   | 8 
---|---|---|---|---|---|---|---|---|---
   | 1 | 2 | 3 | 4 | 5 | 6 | 7 | 8 |

It took 0 seconds to make this move...


Black to move
BEEXEEEEEEEEXOEEEEEEOOXEEEEEOOEEEEEOOOEEEEEEEEEEEEEEEEEEEEEEEEEEE
(1,4) Depth reached: 5
   | 1 | 2 | 3 | 4 | 5 | 6 | 7 | 8 |
---|---|---|---|---|---|---|---|---|---
 1 |   |   | X | X |   |   |   |   | 1 
---|---|---|---|---|---|---|---|---|---
 2 |   |   |   | X | X |   |   |   | 2 
---|---|---|---|---|---|---|---|---|---
 3 |   |   |   | 0 | 0 | X |   |   | 3 
---|---|---|---|---|---|---|---|---|---
 4 |   |   |   | 0 | 0 |   |   |   | 4 
---|---|---|---|---|---|---|---|---|---
 5 |   |   | 0 | 0 | 0 |   |   |   | 5 
---|---|---|---|---|---|---|---|---|---
 6 |   |   |   |   |   |   |   |   | 6 
---|---|---|---|---|---|---|---|---|---
 7 |   |   |   |   |   |   |   |   | 7 
---|---|---|---|---|---|---|---|---|---
 8 |   |   |   |   |   |   |   |   | 8 
---|---|---|---|---|---|---|---|---|---
   | 1 | 2 | 3 | 4 | 5 | 6 | 7 | 8 |

It took 1 seconds to make this move...


White to move
WEEXXEEEEEEEXXEEEEEEOOXEEEEEOOEEEEEOOOEEEEEEEEEEEEEEEEEEEEEEEEEEE
(1,6)
   | 1 | 2 | 3 | 4 | 5 | 6 | 7 | 8 |
---|---|---|---|---|---|---|---|---|---
 1 |   |   | X | X |   | 0 |   |   | 1 
---|---|---|---|---|---|---|---|---|---
 2 |   |   |   | X | 0 |   |   |   | 2 
---|---|---|---|---|---|---|---|---|---
 3 |   |   |   | 0 | 0 | X |   |   | 3 
---|---|---|---|---|---|---|---|---|---
 4 |   |   |   | 0 | 0 |   |   |   | 4 
---|---|---|---|---|---|---|---|---|---
 5 |   |   | 0 | 0 | 0 |   |   |   | 5 
---|---|---|---|---|---|---|---|---|---
 6 |   |   |   |   |   |   |   |   | 6 
---|---|---|---|---|---|---|---|---|---
 7 |   |   |   |   |   |   |   |   | 7 
---|---|---|---|---|---|---|---|---|---
 8 |   |   |   |   |   |   |   |   | 8 
---|---|---|---|---|---|---|---|---|---
   | 1 | 2 | 3 | 4 | 5 | 6 | 7 | 8 |

It took 0 seconds to make this move...


Black to move
BEEXXEOEEEEEXOEEEEEEOOXEEEEEOOEEEEEOOOEEEEEEEEEEEEEEEEEEEEEEEEEEE
(3,3) Depth reached: 5
   | 1 | 2 | 3 | 4 | 5 | 6 | 7 | 8 |
---|---|---|---|---|---|---|---|---|---
 1 |   |   | X | X |   | 0 |   |   | 1 
---|---|---|---|---|---|---|---|---|---
 2 |   |   |   | X | 0 |   |   |   | 2 
---|---|---|---|---|---|---|---|---|---
 3 |   |   | X | X | X | X |   |   | 3 
---|---|---|---|---|---|---|---|---|---
 4 |   |   |   | 0 | 0 |   |   |   | 4 
---|---|---|---|---|---|---|---|---|---
 5 |   |   | 0 | 0 | 0 |   |   |   | 5 
---|---|---|---|---|---|---|---|---|---
 6 |   |   |   |   |   |   |   |   | 6 
---|---|---|---|---|---|---|---|---|---
 7 |   |   |   |   |   |   |   |   | 7 
---|---|---|---|---|---|---|---|---|---
 8 |   |   |   |   |   |   |   |   | 8 
---|---|---|---|---|---|---|---|---|---
   | 1 | 2 | 3 | 4 | 5 | 6 | 7 | 8 |

It took 1 seconds to make this move...


White to move
WEEXXEOEEEEEXOEEEEEXXXXEEEEEOOEEEEEOOOEEEEEEEEEEEEEEEEEEEEEEEEEEE
(2,2)
   | 1 | 2 | 3 | 4 | 5 | 6 | 7 | 8 |
---|---|---|---|---|---|---|---|---|---
 1 |   |   | X | X |   | 0 |   |   | 1 
---|---|---|---|---|---|---|---|---|---
 2 |   | 0 |   | X | 0 |   |   |   | 2 
---|---|---|---|---|---|---|---|---|---
 3 |   |   | 0 | X | X | X |   |   | 3 
---|---|---|---|---|---|---|---|---|---
 4 |   |   |   | 0 | 0 |   |   |   | 4 
---|---|---|---|---|---|---|---|---|---
 5 |   |   | 0 | 0 | 0 |   |   |   | 5 
---|---|---|---|---|---|---|---|---|---
 6 |   |   |   |   |   |   |   |   | 6 
---|---|---|---|---|---|---|---|---|---
 7 |   |   |   |   |   |   |   |   | 7 
---|---|---|---|---|---|---|---|---|---
 8 |   |   |   |   |   |   |   |   | 8 
---|---|---|---|---|---|---|---|---|---
   | 1 | 2 | 3 | 4 | 5 | 6 | 7 | 8 |

It took 0 seconds to make this move...


Black to move
BEEXXEOEEEOEXOEEEEEOXXXEEEEEOOEEEEEOOOEEEEEEEEEEEEEEEEEEEEEEEEEEE
(3,2) Depth reached: 4
   | 1 | 2 | 3 | 4 | 5 | 6 | 7 | 8 |
---|---|---|---|---|---|---|---|---|---
 1 |   |   | X | X |   | 0 |   |   | 1 
---|---|---|---|---|---|---|---|---|---
 2 |   | 0 |   | X | 0 |   |   |   | 2 
---|---|---|---|---|---|---|---|---|---
 3 |   | X | X | X | X | X |   |   | 3 
---|---|---|---|---|---|---|---|---|---
 4 |   |   |   | 0 | 0 |   |   |   | 4 
---|---|---|---|---|---|---|---|---|---
 5 |   |   | 0 | 0 | 0 |   |   |   | 5 
---|---|---|---|---|---|---|---|---|---
 6 |   |   |   |   |   |   |   |   | 6 
---|---|---|---|---|---|---|---|---|---
 7 |   |   |   |   |   |   |   |   | 7 
---|---|---|---|---|---|---|---|---|---
 8 |   |   |   |   |   |   |   |   | 8 
---|---|---|---|---|---|---|---|---|---
   | 1 | 2 | 3 | 4 | 5 | 6 | 7 | 8 |

It took 1 seconds to make this move...


White to move
WEEXXEOEEEOEXOEEEEXXXXXEEEEEOOEEEEEOOOEEEEEEEEEEEEEEEEEEEEEEEEEEE
(2,3)
   | 1 | 2 | 3 | 4 | 5 | 6 | 7 | 8 |
---|---|---|---|---|---|---|---|---|---
 1 |   |   | X | X |   | 0 |   |   | 1 
---|---|---|---|---|---|---|---|---|---
 2 |   | 0 | 0 | 0 | 0 |   |   |   | 2 
---|---|---|---|---|---|---|---|---|---
 3 |   | X | X | 0 | X | X |   |   | 3 
---|---|---|---|---|---|---|---|---|---
 4 |   |   |   | 0 | 0 |   |   |   | 4 
---|---|---|---|---|---|---|---|---|---
 5 |   |   | 0 | 0 | 0 |   |   |   | 5 
---|---|---|---|---|---|---|---|---|---
 6 |   |   |   |   |   |   |   |   | 6 
---|---|---|---|---|---|---|---|---|---
 7 |   |   |   |   |   |   |   |   | 7 
---|---|---|---|---|---|---|---|---|---
 8 |   |   |   |   |   |   |   |   | 8 
---|---|---|---|---|---|---|---|---|---
   | 1 | 2 | 3 | 4 | 5 | 6 | 7 | 8 |

It took 1 seconds to make this move...


Black to move
BEEXXEOEEEOOOOEEEEXXOXXEEEEEOOEEEEEOOOEEEEEEEEEEEEEEEEEEEEEEEEEEE
(1,1) Depth reached: 5
   | 1 | 2 | 3 | 4 | 5 | 6 | 7 | 8 |
---|---|---|---|---|---|---|---|---|---
 1 | X |   | X | X |   | 0 |   |   | 1 
---|---|---|---|---|---|---|---|---|---
 2 |   | X | 0 | 0 | 0 |   |   |   | 2 
---|---|---|---|---|---|---|---|---|---
 3 |   | X | X | 0 | X | X |   |   | 3 
---|---|---|---|---|---|---|---|---|---
 4 |   |   |   | 0 | 0 |   |   |   | 4 
---|---|---|---|---|---|---|---|---|---
 5 |   |   | 0 | 0 | 0 |   |   |   | 5 
---|---|---|---|---|---|---|---|---|---
 6 |   |   |   |   |   |   |   |   | 6 
---|---|---|---|---|---|---|---|---|---
 7 |   |   |   |   |   |   |   |   | 7 
---|---|---|---|---|---|---|---|---|---
 8 |   |   |   |   |   |   |   |   | 8 
---|---|---|---|---|---|---|---|---|---
   | 1 | 2 | 3 | 4 | 5 | 6 | 7 | 8 |

It took 1 seconds to make this move...


White to move
WXEXXEOEEEXOOOEEEEXXOXXEEEEEOOEEEEEOOOEEEEEEEEEEEEEEEEEEEEEEEEEEE
(2,6)
   | 1 | 2 | 3 | 4 | 5 | 6 | 7 | 8 |
---|---|---|---|---|---|---|---|---|---
 1 | X |   | X | X |   | 0 |   |   | 1 
---|---|---|---|---|---|---|---|---|---
 2 |   | X | 0 | 0 | 0 | 0 |   |   | 2 
---|---|---|---|---|---|---|---|---|---
 3 |   | X | X | 0 | 0 | X |   |   | 3 
---|---|---|---|---|---|---|---|---|---
 4 |   |   |   | 0 | 0 |   |   |   | 4 
---|---|---|---|---|---|---|---|---|---
 5 |   |   | 0 | 0 | 0 |   |   |   | 5 
---|---|---|---|---|---|---|---|---|---
 6 |   |   |   |   |   |   |   |   | 6 
---|---|---|---|---|---|---|---|---|---
 7 |   |   |   |   |   |   |   |   | 7 
---|---|---|---|---|---|---|---|---|---
 8 |   |   |   |   |   |   |   |   | 8 
---|---|---|---|---|---|---|---|---|---
   | 1 | 2 | 3 | 4 | 5 | 6 | 7 | 8 |

It took 0 seconds to make this move...


Black to move
BXEXXEOEEEXOOOOEEEXXOOXEEEEEOOEEEEEOOOEEEEEEEEEEEEEEEEEEEEEEEEEEE
(1,5) Depth reached: 5
   | 1 | 2 | 3 | 4 | 5 | 6 | 7 | 8 |
---|---|---|---|---|---|---|---|---|---
 1 | X |   | X | X | X | 0 |   |   | 1 
---|---|---|---|---|---|---|---|---|---
 2 |   | X | 0 | X | 0 | 0 |   |   | 2 
---|---|---|---|---|---|---|---|---|---
 3 |   | X | X | 0 | 0 | X |   |   | 3 
---|---|---|---|---|---|---|---|---|---
 4 |   |   |   | 0 | 0 |   |   |   | 4 
---|---|---|---|---|---|---|---|---|---
 5 |   |   | 0 | 0 | 0 |   |   |   | 5 
---|---|---|---|---|---|---|---|---|---
 6 |   |   |   |   |   |   |   |   | 6 
---|---|---|---|---|---|---|---|---|---
 7 |   |   |   |   |   |   |   |   | 7 
---|---|---|---|---|---|---|---|---|---
 8 |   |   |   |   |   |   |   |   | 8 
---|---|---|---|---|---|---|---|---|---
   | 1 | 2 | 3 | 4 | 5 | 6 | 7 | 8 |

It took 1 seconds to make this move...


White to move
WXEXXXOEEEXOXOOEEEXXOOXEEEEEOOEEEEEOOOEEEEEEEEEEEEEEEEEEEEEEEEEEE
(3,1)
   | 1 | 2 | 3 | 4 | 5 | 6 | 7 | 8 |
---|---|---|---|---|---|---|---|---|---
 1 | X |   | X | X | X | 0 |   |   | 1 
---|---|---|---|---|---|---|---|---|---
 2 |   | X | 0 | X | 0 | 0 |   |   | 2 
---|---|---|---|---|---|---|---|---|---
 3 | 0 | 0 | 0 | 0 | 0 | X |   |   | 3 
---|---|---|---|---|---|---|---|---|---
 4 |   |   |   | 0 | 0 |   |   |   | 4 
---|---|---|---|---|---|---|---|---|---
 5 |   |   | 0 | 0 | 0 |   |   |   | 5 
---|---|---|---|---|---|---|---|---|---
 6 |   |   |   |   |   |   |   |   | 6 
---|---|---|---|---|---|---|---|---|---
 7 |   |   |   |   |   |   |   |   | 7 
---|---|---|---|---|---|---|---|---|---
 8 |   |   |   |   |   |   |   |   | 8 
---|---|---|---|---|---|---|---|---|---
   | 1 | 2 | 3 | 4 | 5 | 6 | 7 | 8 |

It took 1 seconds to make this move...


Black to move
BXEXXXOEEEXOXOOEEOOOOOXEEEEEOOEEEEEOOOEEEEEEEEEEEEEEEEEEEEEEEEEEE
(1,7) Depth reached: 4
   | 1 | 2 | 3 | 4 | 5 | 6 | 7 | 8 |
---|---|---|---|---|---|---|---|---|---
 1 | X |   | X | X | X | X | X |   | 1 
---|---|---|---|---|---|---|---|---|---
 2 |   | X | 0 | X | 0 | 0 |   |   | 2 
---|---|---|---|---|---|---|---|---|---
 3 | 0 | 0 | 0 | 0 | 0 | X |   |   | 3 
---|---|---|---|---|---|---|---|---|---
 4 |   |   |   | 0 | 0 |   |   |   | 4 
---|---|---|---|---|---|---|---|---|---
 5 |   |   | 0 | 0 | 0 |   |   |   | 5 
---|---|---|---|---|---|---|---|---|---
 6 |   |   |   |   |   |   |   |   | 6 
---|---|---|---|---|---|---|---|---|---
 7 |   |   |   |   |   |   |   |   | 7 
---|---|---|---|---|---|---|---|---|---
 8 |   |   |   |   |   |   |   |   | 8 
---|---|---|---|---|---|---|---|---|---
   | 1 | 2 | 3 | 4 | 5 | 6 | 7 | 8 |

It took 1 seconds to make this move...


White to move
WXEXXXXXEEXOXOOEEOOOOOXEEEEEOOEEEEEOOOEEEEEEEEEEEEEEEEEEEEEEEEEEE
(1,2)
   | 1 | 2 | 3 | 4 | 5 | 6 | 7 | 8 |
---|---|---|---|---|---|---|---|---|---
 1 | X | 0 | X | X | X | X | X |   | 1 
---|---|---|---|---|---|---|---|---|---
 2 |   | 0 | 0 | X | 0 | 0 |   |   | 2 
---|---|---|---|---|---|---|---|---|---
 3 | 0 | 0 | 0 | 0 | 0 | X |   |   | 3 
---|---|---|---|---|---|---|---|---|---
 4 |   |   |   | 0 | 0 |   |   |   | 4 
---|---|---|---|---|---|---|---|---|---
 5 |   |   | 0 | 0 | 0 |   |   |   | 5 
---|---|---|---|---|---|---|---|---|---
 6 |   |   |   |   |   |   |   |   | 6 
---|---|---|---|---|---|---|---|---|---
 7 |   |   |   |   |   |   |   |   | 7 
---|---|---|---|---|---|---|---|---|---
 8 |   |   |   |   |   |   |   |   | 8 
---|---|---|---|---|---|---|---|---|---
   | 1 | 2 | 3 | 4 | 5 | 6 | 7 | 8 |

It took 0 seconds to make this move...


Black to move
BXOXXXXXEEOOXOOEEOOOOOXEEEEEOOEEEEEOOOEEEEEEEEEEEEEEEEEEEEEEEEEEE
(2,1) Depth reached: 5
   | 1 | 2 | 3 | 4 | 5 | 6 | 7 | 8 |
---|---|---|---|---|---|---|---|---|---
 1 | X | 0 | X | X | X | X | X |   | 1 
---|---|---|---|---|---|---|---|---|---
 2 | X | X | X | X | 0 | 0 |   |   | 2 
---|---|---|---|---|---|---|---|---|---
 3 | 0 | 0 | 0 | 0 | 0 | X |   |   | 3 
---|---|---|---|---|---|---|---|---|---
 4 |   |   |   | 0 | 0 |   |   |   | 4 
---|---|---|---|---|---|---|---|---|---
 5 |   |   | 0 | 0 | 0 |   |   |   | 5 
---|---|---|---|---|---|---|---|---|---
 6 |   |   |   |   |   |   |   |   | 6 
---|---|---|---|---|---|---|---|---|---
 7 |   |   |   |   |   |   |   |   | 7 
---|---|---|---|---|---|---|---|---|---
 8 |   |   |   |   |   |   |   |   | 8 
---|---|---|---|---|---|---|---|---|---
   | 1 | 2 | 3 | 4 | 5 | 6 | 7 | 8 |

It took 1 seconds to make this move...


White to move
WXOXXXXXEXXXXOOEEOOOOOXEEEEEOOEEEEEOOOEEEEEEEEEEEEEEEEEEEEEEEEEEE
(1,8)
   | 1 | 2 | 3 | 4 | 5 | 6 | 7 | 8 |
---|---|---|---|---|---|---|---|---|---
 1 | X | 0 | 0 | 0 | 0 | 0 | 0 | 0 | 1 
---|---|---|---|---|---|---|---|---|---
 2 | X | X | X | X | 0 | 0 |   |   | 2 
---|---|---|---|---|---|---|---|---|---
 3 | 0 | 0 | 0 | 0 | 0 | X |   |   | 3 
---|---|---|---|---|---|---|---|---|---
 4 |   |   |   | 0 | 0 |   |   |   | 4 
---|---|---|---|---|---|---|---|---|---
 5 |   |   | 0 | 0 | 0 |   |   |   | 5 
---|---|---|---|---|---|---|---|---|---
 6 |   |   |   |   |   |   |   |   | 6 
---|---|---|---|---|---|---|---|---|---
 7 |   |   |   |   |   |   |   |   | 7 
---|---|---|---|---|---|---|---|---|---
 8 |   |   |   |   |   |   |   |   | 8 
---|---|---|---|---|---|---|---|---|---
   | 1 | 2 | 3 | 4 | 5 | 6 | 7 | 8 |

It took 0 seconds to make this move...


Black to move
BXOOOOOOOXXXXOOEEOOOOOXEEEEEOOEEEEEOOOEEEEEEEEEEEEEEEEEEEEEEEEEEE
(2,7) Depth reached: 5
   | 1 | 2 | 3 | 4 | 5 | 6 | 7 | 8 |
---|---|---|---|---|---|---|---|---|---
 1 | X | 0 | 0 | 0 | 0 | 0 | 0 | 0 | 1 
---|---|---|---|---|---|---|---|---|---
 2 | X | X | X | X | X | X | X |   | 2 
---|---|---|---|---|---|---|---|---|---
 3 | 0 | 0 | 0 | 0 | 0 | X |   |   | 3 
---|---|---|---|---|---|---|---|---|---
 4 |   |   |   | 0 | 0 |   |   |   | 4 
---|---|---|---|---|---|---|---|---|---
 5 |   |   | 0 | 0 | 0 |   |   |   | 5 
---|---|---|---|---|---|---|---|---|---
 6 |   |   |   |   |   |   |   |   | 6 
---|---|---|---|---|---|---|---|---|---
 7 |   |   |   |   |   |   |   |   | 7 
---|---|---|---|---|---|---|---|---|---
 8 |   |   |   |   |   |   |   |   | 8 
---|---|---|---|---|---|---|---|---|---
   | 1 | 2 | 3 | 4 | 5 | 6 | 7 | 8 |

It took 1 seconds to make this move...


White to move
WXOOOOOOOXXXXXXXEOOOOOXEEEEEOOEEEEEOOOEEEEEEEEEEEEEEEEEEEEEEEEEEE
(4,7)
   | 1 | 2 | 3 | 4 | 5 | 6 | 7 | 8 |
---|---|---|---|---|---|---|---|---|---
 1 | X | 0 | 0 | 0 | 0 | 0 | 0 | 0 | 1 
---|---|---|---|---|---|---|---|---|---
 2 | X | X | X | X | 0 | X | X |   | 2 
---|---|---|---|---|---|---|---|---|---
 3 | 0 | 0 | 0 | 0 | 0 | 0 |   |   | 3 
---|---|---|---|---|---|---|---|---|---
 4 |   |   |   | 0 | 0 |   | 0 |   | 4 
---|---|---|---|---|---|---|---|---|---
 5 |   |   | 0 | 0 | 0 |   |   |   | 5 
---|---|---|---|---|---|---|---|---|---
 6 |   |   |   |   |   |   |   |   | 6 
---|---|---|---|---|---|---|---|---|---
 7 |   |   |   |   |   |   |   |   | 7 
---|---|---|---|---|---|---|---|---|---
 8 |   |   |   |   |   |   |   |   | 8 
---|---|---|---|---|---|---|---|---|---
   | 1 | 2 | 3 | 4 | 5 | 6 | 7 | 8 |

It took 1 seconds to make this move...


Black to move
BXOOOOOOOXXXXOXXEOOOOOOEEEEEOOEOEEEOOOEEEEEEEEEEEEEEEEEEEEEEEEEEE
(6,3) Depth reached: 5
   | 1 | 2 | 3 | 4 | 5 | 6 | 7 | 8 |
---|---|---|---|---|---|---|---|---|---
 1 | X | 0 | 0 | 0 | 0 | 0 | 0 | 0 | 1 
---|---|---|---|---|---|---|---|---|---
 2 | X | X | X | X | 0 | X | X |   | 2 
---|---|---|---|---|---|---|---|---|---
 3 | 0 | 0 | 0 | 0 | 0 | X |   |   | 3 
---|---|---|---|---|---|---|---|---|---
 4 |   |   |   | 0 | X |   | 0 |   | 4 
---|---|---|---|---|---|---|---|---|---
 5 |   |   | 0 | X | 0 |   |   |   | 5 
---|---|---|---|---|---|---|---|---|---
 6 |   |   | X |   |   |   |   |   | 6 
---|---|---|---|---|---|---|---|---|---
 7 |   |   |   |   |   |   |   |   | 7 
---|---|---|---|---|---|---|---|---|---
 8 |   |   |   |   |   |   |   |   | 8 
---|---|---|---|---|---|---|---|---|---
   | 1 | 2 | 3 | 4 | 5 | 6 | 7 | 8 |

It took 1 seconds to make this move...


White to move
WXOOOOOOOXXXXOXXEOOOOOXEEEEEOXEOEEEOXOEEEEEXEEEEEEEEEEEEEEEEEEEEE
(2,8)
   | 1 | 2 | 3 | 4 | 5 | 6 | 7 | 8 |
---|---|---|---|---|---|---|---|---|---
 1 | X | 0 | 0 | 0 | 0 | 0 | 0 | 0 | 1 
---|---|---|---|---|---|---|---|---|---
 2 | X | X | X | X | 0 | 0 | 0 | 0 | 2 
---|---|---|---|---|---|---|---|---|---
 3 | 0 | 0 | 0 | 0 | 0 | X |   |   | 3 
---|---|---|---|---|---|---|---|---|---
 4 |   |   |   | 0 | X |   | 0 |   | 4 
---|---|---|---|---|---|---|---|---|---
 5 |   |   | 0 | X | 0 |   |   |   | 5 
---|---|---|---|---|---|---|---|---|---
 6 |   |   | X |   |   |   |   |   | 6 
---|---|---|---|---|---|---|---|---|---
 7 |   |   |   |   |   |   |   |   | 7 
---|---|---|---|---|---|---|---|---|---
 8 |   |   |   |   |   |   |   |   | 8 
---|---|---|---|---|---|---|---|---|---
   | 1 | 2 | 3 | 4 | 5 | 6 | 7 | 8 |

It took 0 seconds to make this move...


Black to move
BXOOOOOOOXXXXOOOOOOOOOXEEEEEOXEOEEEOXOEEEEEXEEEEEEEEEEEEEEEEEEEEE
(5,8) Depth reached: 5
   | 1 | 2 | 3 | 4 | 5 | 6 | 7 | 8 |
---|---|---|---|---|---|---|---|---|---
 1 | X | 0 | 0 | 0 | 0 | 0 | 0 | 0 | 1 
---|---|---|---|---|---|---|---|---|---
 2 | X | X | X | X | 0 | 0 | 0 | 0 | 2 
---|---|---|---|---|---|---|---|---|---
 3 | 0 | 0 | 0 | 0 | 0 | X |   |   | 3 
---|---|---|---|---|---|---|---|---|---
 4 |   |   |   | 0 | X |   | X |   | 4 
---|---|---|---|---|---|---|---|---|---
 5 |   |   | 0 | X | 0 |   |   | X | 5 
---|---|---|---|---|---|---|---|---|---
 6 |   |   | X |   |   |   |   |   | 6 
---|---|---|---|---|---|---|---|---|---
 7 |   |   |   |   |   |   |   |   | 7 
---|---|---|---|---|---|---|---|---|---
 8 |   |   |   |   |   |   |   |   | 8 
---|---|---|---|---|---|---|---|---|---
   | 1 | 2 | 3 | 4 | 5 | 6 | 7 | 8 |

It took 1 seconds to make this move...


White to move
WXOOOOOOOXXXXOOOOOOOOOXEEEEEOXEXEEEOXOEEXEEXEEEEEEEEEEEEEEEEEEEEE
(3,7)
   | 1 | 2 | 3 | 4 | 5 | 6 | 7 | 8 |
---|---|---|---|---|---|---|---|---|---
 1 | X | 0 | 0 | 0 | 0 | 0 | 0 | 0 | 1 
---|---|---|---|---|---|---|---|---|---
 2 | X | X | X | X | 0 | 0 | 0 | 0 | 2 
---|---|---|---|---|---|---|---|---|---
 3 | 0 | 0 | 0 | 0 | 0 | 0 | 0 |   | 3 
---|---|---|---|---|---|---|---|---|---
 4 |   |   |   | 0 | X |   | X |   | 4 
---|---|---|---|---|---|---|---|---|---
 5 |   |   | 0 | X | 0 |   |   | X | 5 
---|---|---|---|---|---|---|---|---|---
 6 |   |   | X |   |   |   |   |   | 6 
---|---|---|---|---|---|---|---|---|---
 7 |   |   |   |   |   |   |   |   | 7 
---|---|---|---|---|---|---|---|---|---
 8 |   |   |   |   |   |   |   |   | 8 
---|---|---|---|---|---|---|---|---|---
   | 1 | 2 | 3 | 4 | 5 | 6 | 7 | 8 |

It took 0 seconds to make this move...


Black to move
BXOOOOOOOXXXXOOOOOOOOOOOEEEEOXEXEEEOXOEEXEEXEEEEEEEEEEEEEEEEEEEEE
(4,1) Depth reached: 6
   | 1 | 2 | 3 | 4 | 5 | 6 | 7 | 8 |
---|---|---|---|---|---|---|---|---|---
 1 | X | 0 | 0 | 0 | 0 | 0 | 0 | 0 | 1 
---|---|---|---|---|---|---|---|---|---
 2 | X | X | X | X | 0 | 0 | 0 | 0 | 2 
---|---|---|---|---|---|---|---|---|---
 3 | X | X | 0 | 0 | 0 | 0 | 0 |   | 3 
---|---|---|---|---|---|---|---|---|---
 4 | X |   |   | 0 | X |   | X |   | 4 
---|---|---|---|---|---|---|---|---|---
 5 |   |   | 0 | X | 0 |   |   | X | 5 
---|---|---|---|---|---|---|---|---|---
 6 |   |   | X |   |   |   |   |   | 6 
---|---|---|---|---|---|---|---|---|---
 7 |   |   |   |   |   |   |   |   | 7 
---|---|---|---|---|---|---|---|---|---
 8 |   |   |   |   |   |   |   |   | 8 
---|---|---|---|---|---|---|---|---|---
   | 1 | 2 | 3 | 4 | 5 | 6 | 7 | 8 |

It took 1 seconds to make this move...


White to move
WXOOOOOOOXXXXOOOOXXOOOOOEXEEOXEXEEEOXOEEXEEXEEEEEEEEEEEEEEEEEEEEE
(7,2)
   | 1 | 2 | 3 | 4 | 5 | 6 | 7 | 8 |
---|---|---|---|---|---|---|---|---|---
 1 | X | 0 | 0 | 0 | 0 | 0 | 0 | 0 | 1 
---|---|---|---|---|---|---|---|---|---
 2 | X | X | X | X | 0 | 0 | 0 | 0 | 2 
---|---|---|---|---|---|---|---|---|---
 3 | X | X | 0 | 0 | 0 | 0 | 0 |   | 3 
---|---|---|---|---|---|---|---|---|---
 4 | X |   |   | 0 | 0 |   | X |   | 4 
---|---|---|---|---|---|---|---|---|---
 5 |   |   | 0 | 0 | 0 |   |   | X | 5 
---|---|---|---|---|---|---|---|---|---
 6 |   |   | 0 |   |   |   |   |   | 6 
---|---|---|---|---|---|---|---|---|---
 7 |   | 0 |   |   |   |   |   |   | 7 
---|---|---|---|---|---|---|---|---|---
 8 |   |   |   |   |   |   |   |   | 8 
---|---|---|---|---|---|---|---|---|---
   | 1 | 2 | 3 | 4 | 5 | 6 | 7 | 8 |

It took 1 seconds to make this move...


Black to move
BXOOOOOOOXXXXOOOOXXOOOOOEXEEOOEXEEEOOOEEXEEOEEEEEEOEEEEEEEEEEEEEE
(4,3) Depth reached: 5
   | 1 | 2 | 3 | 4 | 5 | 6 | 7 | 8 |
---|---|---|---|---|---|---|---|---|---
 1 | X | 0 | 0 | 0 | 0 | 0 | 0 | 0 | 1 
---|---|---|---|---|---|---|---|---|---
 2 | X | X | X | X | 0 | 0 | 0 | 0 | 2 
---|---|---|---|---|---|---|---|---|---
 3 | X | X | X | 0 | 0 | 0 | 0 |   | 3 
---|---|---|---|---|---|---|---|---|---
 4 | X |   | X | 0 | 0 |   | X |   | 4 
---|---|---|---|---|---|---|---|---|---
 5 |   |   | 0 | 0 | 0 |   |   | X | 5 
---|---|---|---|---|---|---|---|---|---
 6 |   |   | 0 |   |   |   |   |   | 6 
---|---|---|---|---|---|---|---|---|---
 7 |   | 0 |   |   |   |   |   |   | 7 
---|---|---|---|---|---|---|---|---|---
 8 |   |   |   |   |   |   |   |   | 8 
---|---|---|---|---|---|---|---|---|---
   | 1 | 2 | 3 | 4 | 5 | 6 | 7 | 8 |

It took 1 seconds to make this move...


White to move
WXOOOOOOOXXXXOOOOXXXOOOOEXEXOOEXEEEOOOEEXEEOEEEEEEOEEEEEEEEEEEEEE
(5,7)
   | 1 | 2 | 3 | 4 | 5 | 6 | 7 | 8 |
---|---|---|---|---|---|---|---|---|---
 1 | X | 0 | 0 | 0 | 0 | 0 | 0 | 0 | 1 
---|---|---|---|---|---|---|---|---|---
 2 | X | X | X | X | 0 | 0 | 0 | 0 | 2 
---|---|---|---|---|---|---|---|---|---
 3 | X | X | X | 0 | 0 | 0 | 0 |   | 3 
---|---|---|---|---|---|---|---|---|---
 4 | X |   | X | 0 | 0 |   | 0 |   | 4 
---|---|---|---|---|---|---|---|---|---
 5 |   |   | 0 | 0 | 0 |   | 0 | X | 5 
---|---|---|---|---|---|---|---|---|---
 6 |   |   | 0 |   |   |   |   |   | 6 
---|---|---|---|---|---|---|---|---|---
 7 |   | 0 |   |   |   |   |   |   | 7 
---|---|---|---|---|---|---|---|---|---
 8 |   |   |   |   |   |   |   |   | 8 
---|---|---|---|---|---|---|---|---|---
   | 1 | 2 | 3 | 4 | 5 | 6 | 7 | 8 |

It took 0 seconds to make this move...


Black to move
BXOOOOOOOXXXXOOOOXXXOOOOEXEXOOEOEEEOOOEOXEEOEEEEEEOEEEEEEEEEEEEEE
(6,4) Depth reached: 6
   | 1 | 2 | 3 | 4 | 5 | 6 | 7 | 8 |
---|---|---|---|---|---|---|---|---|---
 1 | X | 0 | 0 | 0 | 0 | 0 | 0 | 0 | 1 
---|---|---|---|---|---|---|---|---|---
 2 | X | X | X | X | 0 | 0 | 0 | 0 | 2 
---|---|---|---|---|---|---|---|---|---
 3 | X | X | X | X | 0 | 0 | 0 |   | 3 
---|---|---|---|---|---|---|---|---|---
 4 | X |   | X | X | 0 |   | 0 |   | 4 
---|---|---|---|---|---|---|---|---|---
 5 |   |   | 0 | X | 0 |   | 0 | X | 5 
---|---|---|---|---|---|---|---|---|---
 6 |   |   | 0 | X |   |   |   |   | 6 
---|---|---|---|---|---|---|---|---|---
 7 |   | 0 |   |   |   |   |   |   | 7 
---|---|---|---|---|---|---|---|---|---
 8 |   |   |   |   |   |   |   |   | 8 
---|---|---|---|---|---|---|---|---|---
   | 1 | 2 | 3 | 4 | 5 | 6 | 7 | 8 |

It took 1 seconds to make this move...


White to move
WXOOOOOOOXXXXOOOOXXXXOOOEXEXXOEOEEEOXOEOXEEOXEEEEEOEEEEEEEEEEEEEE
(7,4)
   | 1 | 2 | 3 | 4 | 5 | 6 | 7 | 8 |
---|---|---|---|---|---|---|---|---|---
 1 | X | 0 | 0 | 0 | 0 | 0 | 0 | 0 | 1 
---|---|---|---|---|---|---|---|---|---
 2 | X | X | X | 0 | 0 | 0 | 0 | 0 | 2 
---|---|---|---|---|---|---|---|---|---
 3 | X | X | X | 0 | 0 | 0 | 0 |   | 3 
---|---|---|---|---|---|---|---|---|---
 4 | X |   | X | 0 | 0 |   | 0 |   | 4 
---|---|---|---|---|---|---|---|---|---
 5 |   |   | 0 | 0 | 0 |   | 0 | X | 5 
---|---|---|---|---|---|---|---|---|---
 6 |   |   | 0 | 0 |   |   |   |   | 6 
---|---|---|---|---|---|---|---|---|---
 7 |   | 0 |   | 0 |   |   |   |   | 7 
---|---|---|---|---|---|---|---|---|---
 8 |   |   |   |   |   |   |   |   | 8 
---|---|---|---|---|---|---|---|---|---
   | 1 | 2 | 3 | 4 | 5 | 6 | 7 | 8 |

It took 1 seconds to make this move...


Black to move
BXOOOOOOOXXXOOOOOXXXOOOOEXEXOOEOEEEOOOEOXEEOOEEEEEOEOEEEEEEEEEEEE
(4,6) Depth reached: 6
   | 1 | 2 | 3 | 4 | 5 | 6 | 7 | 8 |
---|---|---|---|---|---|---|---|---|---
 1 | X | 0 | 0 | 0 | 0 | 0 | 0 | 0 | 1 
---|---|---|---|---|---|---|---|---|---
 2 | X | X | X | 0 | 0 | 0 | 0 | 0 | 2 
---|---|---|---|---|---|---|---|---|---
 3 | X | X | X | 0 | 0 | 0 | 0 |   | 3 
---|---|---|---|---|---|---|---|---|---
 4 | X |   | X | X | X | X | 0 |   | 4 
---|---|---|---|---|---|---|---|---|---
 5 |   |   | 0 | 0 | 0 |   | 0 | X | 5 
---|---|---|---|---|---|---|---|---|---
 6 |   |   | 0 | 0 |   |   |   |   | 6 
---|---|---|---|---|---|---|---|---|---
 7 |   | 0 |   | 0 |   |   |   |   | 7 
---|---|---|---|---|---|---|---|---|---
 8 |   |   |   |   |   |   |   |   | 8 
---|---|---|---|---|---|---|---|---|---
   | 1 | 2 | 3 | 4 | 5 | 6 | 7 | 8 |

It took 1 seconds to make this move...


White to move
WXOOOOOOOXXXOOOOOXXXOOOOEXEXXXXOEEEOOOEOXEEOOEEEEEOEOEEEEEEEEEEEE
(4,2)
   | 1 | 2 | 3 | 4 | 5 | 6 | 7 | 8 |
---|---|---|---|---|---|---|---|---|---
 1 | X | 0 | 0 | 0 | 0 | 0 | 0 | 0 | 1 
---|---|---|---|---|---|---|---|---|---
 2 | X | 0 | X | 0 | 0 | 0 | 0 | 0 | 2 
---|---|---|---|---|---|---|---|---|---
 3 | X | 0 | 0 | 0 | 0 | 0 | 0 |   | 3 
---|---|---|---|---|---|---|---|---|---
 4 | X | 0 | 0 | 0 | 0 | 0 | 0 |   | 4 
---|---|---|---|---|---|---|---|---|---
 5 |   |   | 0 | 0 | 0 |   | 0 | X | 5 
---|---|---|---|---|---|---|---|---|---
 6 |   |   | 0 | 0 |   |   |   |   | 6 
---|---|---|---|---|---|---|---|---|---
 7 |   | 0 |   | 0 |   |   |   |   | 7 
---|---|---|---|---|---|---|---|---|---
 8 |   |   |   |   |   |   |   |   | 8 
---|---|---|---|---|---|---|---|---|---
   | 1 | 2 | 3 | 4 | 5 | 6 | 7 | 8 |

It took 0 seconds to make this move...


Black to move
BXOOOOOOOXOXOOOOOXOOOOOOEXOOOOOOEEEOOOEOXEEOOEEEEEOEOEEEEEEEEEEEE
(6,5) Depth reached: 5
   | 1 | 2 | 3 | 4 | 5 | 6 | 7 | 8 |
---|---|---|---|---|---|---|---|---|---
 1 | X | 0 | 0 | 0 | 0 | 0 | 0 | 0 | 1 
---|---|---|---|---|---|---|---|---|---
 2 | X | 0 | X | 0 | 0 | 0 | 0 | 0 | 2 
---|---|---|---|---|---|---|---|---|---
 3 | X | X | 0 | 0 | 0 | 0 | 0 |   | 3 
---|---|---|---|---|---|---|---|---|---
 4 | X | 0 | X | 0 | 0 | 0 | 0 |   | 4 
---|---|---|---|---|---|---|---|---|---
 5 |   |   | 0 | X | 0 |   | 0 | X | 5 
---|---|---|---|---|---|---|---|---|---
 6 |   |   | 0 | 0 | X |   |   |   | 6 
---|---|---|---|---|---|---|---|---|---
 7 |   | 0 |   | 0 |   |   |   |   | 7 
---|---|---|---|---|---|---|---|---|---
 8 |   |   |   |   |   |   |   |   | 8 
---|---|---|---|---|---|---|---|---|---
   | 1 | 2 | 3 | 4 | 5 | 6 | 7 | 8 |

It took 1 seconds to make this move...


White to move
WXOOOOOOOXOXOOOOOXXOOOOOEXOXOOOOEEEOXOEOXEEOOXEEEEOEOEEEEEEEEEEEE
(5,2)
   | 1 | 2 | 3 | 4 | 5 | 6 | 7 | 8 |
---|---|---|---|---|---|---|---|---|---
 1 | X | 0 | 0 | 0 | 0 | 0 | 0 | 0 | 1 
---|---|---|---|---|---|---|---|---|---
 2 | X | 0 | X | 0 | 0 | 0 | 0 | 0 | 2 
---|---|---|---|---|---|---|---|---|---
 3 | X | X | 0 | 0 | 0 | 0 | 0 |   | 3 
---|---|---|---|---|---|---|---|---|---
 4 | X | 0 | 0 | 0 | 0 | 0 | 0 |   | 4 
---|---|---|---|---|---|---|---|---|---
 5 |   | 0 | 0 | X | 0 |   | 0 | X | 5 
---|---|---|---|---|---|---|---|---|---
 6 |   |   | 0 | 0 | X |   |   |   | 6 
---|---|---|---|---|---|---|---|---|---
 7 |   | 0 |   | 0 |   |   |   |   | 7 
---|---|---|---|---|---|---|---|---|---
 8 |   |   |   |   |   |   |   |   | 8 
---|---|---|---|---|---|---|---|---|---
   | 1 | 2 | 3 | 4 | 5 | 6 | 7 | 8 |

It took 0 seconds to make this move...


Black to move
BXOOOOOOOXOXOOOOOXXOOOOOEXOOOOOOEEOOXOEOXEEOOXEEEEOEOEEEEEEEEEEEE
(8,1) Depth reached: 5
   | 1 | 2 | 3 | 4 | 5 | 6 | 7 | 8 |
---|---|---|---|---|---|---|---|---|---
 1 | X | 0 | 0 | 0 | 0 | 0 | 0 | 0 | 1 
---|---|---|---|---|---|---|---|---|---
 2 | X | 0 | X | 0 | 0 | 0 | 0 | 0 | 2 
---|---|---|---|---|---|---|---|---|---
 3 | X | X | 0 | 0 | 0 | 0 | 0 |   | 3 
---|---|---|---|---|---|---|---|---|---
 4 | X | 0 | 0 | 0 | 0 | 0 | 0 |   | 4 
---|---|---|---|---|---|---|---|---|---
 5 |   | 0 | 0 | X | 0 |   | 0 | X | 5 
---|---|---|---|---|---|---|---|---|---
 6 |   |   | X | 0 | X |   |   |   | 6 
---|---|---|---|---|---|---|---|---|---
 7 |   | X |   | 0 |   |   |   |   | 7 
---|---|---|---|---|---|---|---|---|---
 8 | X |   |   |   |   |   |   |   | 8 
---|---|---|---|---|---|---|---|---|---
   | 1 | 2 | 3 | 4 | 5 | 6 | 7 | 8 |

It took 1 seconds to make this move...


White to move
WXOOOOOOOXOXOOOOOXXOOOOOEXOOOOOOEEOOXOEOXEEXOXEEEEXEOEEEEXEEEEEEE
(5,6)
   | 1 | 2 | 3 | 4 | 5 | 6 | 7 | 8 |
---|---|---|---|---|---|---|---|---|---
 1 | X | 0 | 0 | 0 | 0 | 0 | 0 | 0 | 1 
---|---|---|---|---|---|---|---|---|---
 2 | X | 0 | X | 0 | 0 | 0 | 0 | 0 | 2 
---|---|---|---|---|---|---|---|---|---
 3 | X | X | 0 | 0 | 0 | 0 | 0 |   | 3 
---|---|---|---|---|---|---|---|---|---
 4 | X | 0 | 0 | 0 | 0 | 0 | 0 |   | 4 
---|---|---|---|---|---|---|---|---|---
 5 |   | 0 | 0 | X | 0 | 0 | 0 | X | 5 
---|---|---|---|---|---|---|---|---|---
 6 |   |   | X | 0 | 0 |   |   |   | 6 
---|---|---|---|---|---|---|---|---|---
 7 |   | X |   | 0 |   |   |   |   | 7 
---|---|---|---|---|---|---|---|---|---
 8 | X |   |   |   |   |   |   |   | 8 
---|---|---|---|---|---|---|---|---|---
   | 1 | 2 | 3 | 4 | 5 | 6 | 7 | 8 |

It took 1 seconds to make this move...


Black to move
BXOOOOOOOXOXOOOOOXXOOOOOEXOOOOOOEEOOXOOOXEEXOOEEEEXEOEEEEXEEEEEEE
(5,1) Depth reached: 5
   | 1 | 2 | 3 | 4 | 5 | 6 | 7 | 8 |
---|---|---|---|---|---|---|---|---|---
 1 | X | 0 | 0 | 0 | 0 | 0 | 0 | 0 | 1 
---|---|---|---|---|---|---|---|---|---
 2 | X | 0 | X | 0 | 0 | 0 | 0 | 0 | 2 
---|---|---|---|---|---|---|---|---|---
 3 | X | X | 0 | 0 | 0 | 0 | 0 |   | 3 
---|---|---|---|---|---|---|---|---|---
 4 | X | 0 | 0 | 0 | 0 | 0 | 0 |   | 4 
---|---|---|---|---|---|---|---|---|---
 5 | X | X | X | X | 0 | 0 | 0 | X | 5 
---|---|---|---|---|---|---|---|---|---
 6 |   |   | X | 0 | 0 |   |   |   | 6 
---|---|---|---|---|---|---|---|---|---
 7 |   | X |   | 0 |   |   |   |   | 7 
---|---|---|---|---|---|---|---|---|---
 8 | X |   |   |   |   |   |   |   | 8 
---|---|---|---|---|---|---|---|---|---
   | 1 | 2 | 3 | 4 | 5 | 6 | 7 | 8 |

It took 1 seconds to make this move...


White to move
WXOOOOOOOXOXOOOOOXXOOOOOEXOOOOOOEXXXXOOOXEEXOOEEEEXEOEEEEXEEEEEEE
(7,3)
   | 1 | 2 | 3 | 4 | 5 | 6 | 7 | 8 |
---|---|---|---|---|---|---|---|---|---
 1 | X | 0 | 0 | 0 | 0 | 0 | 0 | 0 | 1 
---|---|---|---|---|---|---|---|---|---
 2 | X | 0 | X | 0 | 0 | 0 | 0 | 0 | 2 
---|---|---|---|---|---|---|---|---|---
 3 | X | X | 0 | 0 | 0 | 0 | 0 |   | 3 
---|---|---|---|---|---|---|---|---|---
 4 | X | 0 | 0 | 0 | 0 | 0 | 0 |   | 4 
---|---|---|---|---|---|---|---|---|---
 5 | X | X | 0 | X | 0 | 0 | 0 | X | 5 
---|---|---|---|---|---|---|---|---|---
 6 |   |   | 0 | 0 | 0 |   |   |   | 6 
---|---|---|---|---|---|---|---|---|---
 7 |   | X | 0 | 0 |   |   |   |   | 7 
---|---|---|---|---|---|---|---|---|---
 8 | X |   |   |   |   |   |   |   | 8 
---|---|---|---|---|---|---|---|---|---
   | 1 | 2 | 3 | 4 | 5 | 6 | 7 | 8 |

It took 0 seconds to make this move...


Black to move
BXOOOOOOOXOXOOOOOXXOOOOOEXOOOOOOEXXOXOOOXEEOOOEEEEXOOEEEEXEEEEEEE
(6,6) Depth reached: 5
   | 1 | 2 | 3 | 4 | 5 | 6 | 7 | 8 |
---|---|---|---|---|---|---|---|---|---
 1 | X | 0 | 0 | 0 | 0 | 0 | 0 | 0 | 1 
---|---|---|---|---|---|---|---|---|---
 2 | X | X | X | 0 | 0 | 0 | 0 | 0 | 2 
---|---|---|---|---|---|---|---|---|---
 3 | X | X | X | 0 | 0 | 0 | 0 |   | 3 
---|---|---|---|---|---|---|---|---|---
 4 | X | 0 | 0 | X | 0 | 0 | 0 |   | 4 
---|---|---|---|---|---|---|---|---|---
 5 | X | X | 0 | X | X | 0 | 0 | X | 5 
---|---|---|---|---|---|---|---|---|---
 6 |   |   | 0 | 0 | 0 | X |   |   | 6 
---|---|---|---|---|---|---|---|---|---
 7 |   | X | 0 | 0 |   |   |   |   | 7 
---|---|---|---|---|---|---|---|---|---
 8 | X |   |   |   |   |   |   |   | 8 
---|---|---|---|---|---|---|---|---|---
   | 1 | 2 | 3 | 4 | 5 | 6 | 7 | 8 |

It took 1 seconds to make this move...


White to move
WXOOOOOOOXXXOOOOOXXXOOOOEXOOXOOOEXXOXXOOXEEOOOXEEEXOOEEEEXEEEEEEE
(6,7)
   | 1 | 2 | 3 | 4 | 5 | 6 | 7 | 8 |
---|---|---|---|---|---|---|---|---|---
 1 | X | 0 | 0 | 0 | 0 | 0 | 0 | 0 | 1 
---|---|---|---|---|---|---|---|---|---
 2 | X | X | X | 0 | 0 | 0 | 0 | 0 | 2 
---|---|---|---|---|---|---|---|---|---
 3 | X | X | X | 0 | 0 | 0 | 0 |   | 3 
---|---|---|---|---|---|---|---|---|---
 4 | X | 0 | 0 | X | 0 | 0 | 0 |   | 4 
---|---|---|---|---|---|---|---|---|---
 5 | X | X | 0 | X | X | 0 | 0 | X | 5 
---|---|---|---|---|---|---|---|---|---
 6 |   |   | 0 | 0 | 0 | 0 | 0 |   | 6 
---|---|---|---|---|---|---|---|---|---
 7 |   | X | 0 | 0 |   |   |   |   | 7 
---|---|---|---|---|---|---|---|---|---
 8 | X |   |   |   |   |   |   |   | 8 
---|---|---|---|---|---|---|---|---|---
   | 1 | 2 | 3 | 4 | 5 | 6 | 7 | 8 |

It took 0 seconds to make this move...


Black to move
BXOOOOOOOXXXOOOOOXXXOOOOEXOOXOOOEXXOXXOOXEEOOOOOEEXOOEEEEXEEEEEEE
(8,2) Depth reached: 5
   | 1 | 2 | 3 | 4 | 5 | 6 | 7 | 8 |
---|---|---|---|---|---|---|---|---|---
 1 | X | 0 | 0 | 0 | 0 | 0 | 0 | 0 | 1 
---|---|---|---|---|---|---|---|---|---
 2 | X | X | X | 0 | 0 | 0 | 0 | 0 | 2 
---|---|---|---|---|---|---|---|---|---
 3 | X | X | X | 0 | 0 | 0 | 0 |   | 3 
---|---|---|---|---|---|---|---|---|---
 4 | X | 0 | 0 | X | 0 | 0 | 0 |   | 4 
---|---|---|---|---|---|---|---|---|---
 5 | X | X | 0 | X | X | 0 | 0 | X | 5 
---|---|---|---|---|---|---|---|---|---
 6 |   |   | 0 | X | 0 | 0 | 0 |   | 6 
---|---|---|---|---|---|---|---|---|---
 7 |   | X | X | 0 |   |   |   |   | 7 
---|---|---|---|---|---|---|---|---|---
 8 | X | X |   |   |   |   |   |   | 8 
---|---|---|---|---|---|---|---|---|---
   | 1 | 2 | 3 | 4 | 5 | 6 | 7 | 8 |

It took 1 seconds to make this move...


White to move
WXOOOOOOOXXXOOOOOXXXOOOOEXOOXOOOEXXOXXOOXEEOXOOOEEXXOEEEEXXEEEEEE
(6,2)
   | 1 | 2 | 3 | 4 | 5 | 6 | 7 | 8 |
---|---|---|---|---|---|---|---|---|---
 1 | X | 0 | 0 | 0 | 0 | 0 | 0 | 0 | 1 
---|---|---|---|---|---|---|---|---|---
 2 | X | X | X | 0 | 0 | 0 | 0 | 0 | 2 
---|---|---|---|---|---|---|---|---|---
 3 | X | X | X | 0 | 0 | 0 | 0 |   | 3 
---|---|---|---|---|---|---|---|---|---
 4 | X | 0 | 0 | X | 0 | 0 | 0 |   | 4 
---|---|---|---|---|---|---|---|---|---
 5 | X | 0 | 0 | X | X | 0 | 0 | X | 5 
---|---|---|---|---|---|---|---|---|---
 6 |   | 0 | 0 | X | 0 | 0 | 0 |   | 6 
---|---|---|---|---|---|---|---|---|---
 7 |   | X | X | 0 |   |   |   |   | 7 
---|---|---|---|---|---|---|---|---|---
 8 | X | X |   |   |   |   |   |   | 8 
---|---|---|---|---|---|---|---|---|---
   | 1 | 2 | 3 | 4 | 5 | 6 | 7 | 8 |

It took 0 seconds to make this move...


Black to move
BXOOOOOOOXXXOOOOOXXXOOOOEXOOXOOOEXOOXXOOXEOOXOOOEEXXOEEEEXXEEEEEE
(7,1) Depth reached: 5
   | 1 | 2 | 3 | 4 | 5 | 6 | 7 | 8 |
---|---|---|---|---|---|---|---|---|---
 1 | X | 0 | 0 | 0 | 0 | 0 | 0 | 0 | 1 
---|---|---|---|---|---|---|---|---|---
 2 | X | X | X | 0 | 0 | 0 | 0 | 0 | 2 
---|---|---|---|---|---|---|---|---|---
 3 | X | X | X | 0 | 0 | 0 | 0 |   | 3 
---|---|---|---|---|---|---|---|---|---
 4 | X | 0 | 0 | X | 0 | 0 | 0 |   | 4 
---|---|---|---|---|---|---|---|---|---
 5 | X | 0 | X | X | X | 0 | 0 | X | 5 
---|---|---|---|---|---|---|---|---|---
 6 |   | X | 0 | X | 0 | 0 | 0 |   | 6 
---|---|---|---|---|---|---|---|---|---
 7 | X | X | X | 0 |   |   |   |   | 7 
---|---|---|---|---|---|---|---|---|---
 8 | X | X |   |   |   |   |   |   | 8 
---|---|---|---|---|---|---|---|---|---
   | 1 | 2 | 3 | 4 | 5 | 6 | 7 | 8 |

It took 1 seconds to make this move...


White to move
WXOOOOOOOXXXOOOOOXXXOOOOEXOOXOOOEXOXXXOOXEXOXOOOEXXXOEEEEXXEEEEEE
(6,1)
   | 1 | 2 | 3 | 4 | 5 | 6 | 7 | 8 |
---|---|---|---|---|---|---|---|---|---
 1 | X | 0 | 0 | 0 | 0 | 0 | 0 | 0 | 1 
---|---|---|---|---|---|---|---|---|---
 2 | X | X | X | 0 | 0 | 0 | 0 | 0 | 2 
---|---|---|---|---|---|---|---|---|---
 3 | X | X | X | 0 | 0 | 0 | 0 |   | 3 
---|---|---|---|---|---|---|---|---|---
 4 | X | 0 | 0 | X | 0 | 0 | 0 |   | 4 
---|---|---|---|---|---|---|---|---|---
 5 | X | 0 | X | X | X | 0 | 0 | X | 5 
---|---|---|---|---|---|---|---|---|---
 6 | 0 | 0 | 0 | X | 0 | 0 | 0 |   | 6 
---|---|---|---|---|---|---|---|---|---
 7 | X | X | X | 0 |   |   |   |   | 7 
---|---|---|---|---|---|---|---|---|---
 8 | X | X |   |   |   |   |   |   | 8 
---|---|---|---|---|---|---|---|---|---
   | 1 | 2 | 3 | 4 | 5 | 6 | 7 | 8 |

It took 0 seconds to make this move...


Black to move
BXOOOOOOOXXXOOOOOXXXOOOOEXOOXOOOEXOXXXOOXOOOXOOOEXXXOEEEEXXEEEEEE
(8,5) Depth reached: 6
   | 1 | 2 | 3 | 4 | 5 | 6 | 7 | 8 |
---|---|---|---|---|---|---|---|---|---
 1 | X | 0 | 0 | 0 | 0 | 0 | 0 | 0 | 1 
---|---|---|---|---|---|---|---|---|---
 2 | X | X | X | 0 | 0 | 0 | 0 | 0 | 2 
---|---|---|---|---|---|---|---|---|---
 3 | X | X | X | 0 | 0 | 0 | 0 |   | 3 
---|---|---|---|---|---|---|---|---|---
 4 | X | 0 | 0 | X | 0 | 0 | 0 |   | 4 
---|---|---|---|---|---|---|---|---|---
 5 | X | X | X | X | X | 0 | 0 | X | 5 
---|---|---|---|---|---|---|---|---|---
 6 | 0 | 0 | X | X | 0 | 0 | 0 |   | 6 
---|---|---|---|---|---|---|---|---|---
 7 | X | X | X | X |   |   |   |   | 7 
---|---|---|---|---|---|---|---|---|---
 8 | X | X |   |   | X |   |   |   | 8 
---|---|---|---|---|---|---|---|---|---
   | 1 | 2 | 3 | 4 | 5 | 6 | 7 | 8 |

It took 1 seconds to make this move...


White to move
WXOOOOOOOXXXOOOOOXXXOOOOEXOOXOOOEXXXXXOOXOOXXOOOEXXXXEEEEXXEEXEEE
(7,5)
   | 1 | 2 | 3 | 4 | 5 | 6 | 7 | 8 |
---|---|---|---|---|---|---|---|---|---
 1 | X | 0 | 0 | 0 | 0 | 0 | 0 | 0 | 1 
---|---|---|---|---|---|---|---|---|---
 2 | X | X | X | 0 | 0 | 0 | 0 | 0 | 2 
---|---|---|---|---|---|---|---|---|---
 3 | X | X | X | 0 | 0 | 0 | 0 |   | 3 
---|---|---|---|---|---|---|---|---|---
 4 | X | 0 | 0 | X | 0 | 0 | 0 |   | 4 
---|---|---|---|---|---|---|---|---|---
 5 | X | X | 0 | X | X | 0 | 0 | X | 5 
---|---|---|---|---|---|---|---|---|---
 6 | 0 | 0 | X | 0 | 0 | 0 | 0 |   | 6 
---|---|---|---|---|---|---|---|---|---
 7 | X | X | X | X | 0 |   |   |   | 7 
---|---|---|---|---|---|---|---|---|---
 8 | X | X |   |   | X |   |   |   | 8 
---|---|---|---|---|---|---|---|---|---
   | 1 | 2 | 3 | 4 | 5 | 6 | 7 | 8 |

It took 0 seconds to make this move...


Black to move
BXOOOOOOOXXXOOOOOXXXOOOOEXOOXOOOEXXOXXOOXOOXOOOOEXXXXOEEEXXEEXEEE
(8,6) Depth reached: 7
   | 1 | 2 | 3 | 4 | 5 | 6 | 7 | 8 |
---|---|---|---|---|---|---|---|---|---
 1 | X | 0 | 0 | 0 | 0 | 0 | 0 | 0 | 1 
---|---|---|---|---|---|---|---|---|---
 2 | X | X | X | 0 | 0 | 0 | 0 | 0 | 2 
---|---|---|---|---|---|---|---|---|---
 3 | X | X | X | 0 | 0 | 0 | 0 |   | 3 
---|---|---|---|---|---|---|---|---|---
 4 | X | X | 0 | X | 0 | 0 | 0 |   | 4 
---|---|---|---|---|---|---|---|---|---
 5 | X | X | X | X | X | 0 | 0 | X | 5 
---|---|---|---|---|---|---|---|---|---
 6 | 0 | 0 | X | X | 0 | 0 | 0 |   | 6 
---|---|---|---|---|---|---|---|---|---
 7 | X | X | X | X | X |   |   |   | 7 
---|---|---|---|---|---|---|---|---|---
 8 | X | X |   |   | X | X |   |   | 8 
---|---|---|---|---|---|---|---|---|---
   | 1 | 2 | 3 | 4 | 5 | 6 | 7 | 8 |

It took 1 seconds to make this move...


White to move
WXOOOOOOOXXXOOOOOXXXOOOOEXXOXOOOEXXXXXOOXOOXXOOOEXXXXXEEEXXEEXXEE
(8,4)
   | 1 | 2 | 3 | 4 | 5 | 6 | 7 | 8 |
---|---|---|---|---|---|---|---|---|---
 1 | X | 0 | 0 | 0 | 0 | 0 | 0 | 0 | 1 
---|---|---|---|---|---|---|---|---|---
 2 | X | X | X | 0 | 0 | 0 | 0 | 0 | 2 
---|---|---|---|---|---|---|---|---|---
 3 | X | X | X | 0 | 0 | 0 | 0 |   | 3 
---|---|---|---|---|---|---|---|---|---
 4 | X | X | 0 | 0 | 0 | 0 | 0 |   | 4 
---|---|---|---|---|---|---|---|---|---
 5 | X | X | X | 0 | X | 0 | 0 | X | 5 
---|---|---|---|---|---|---|---|---|---
 6 | 0 | 0 | X | 0 | 0 | 0 | 0 |   | 6 
---|---|---|---|---|---|---|---|---|---
 7 | X | X | 0 | 0 | 0 |   |   |   | 7 
---|---|---|---|---|---|---|---|---|---
 8 | X | X |   | 0 | X | X |   |   | 8 
---|---|---|---|---|---|---|---|---|---
   | 1 | 2 | 3 | 4 | 5 | 6 | 7 | 8 |

It took 0 seconds to make this move...


Black to move
BXOOOOOOOXXXOOOOOXXXOOOOEXXOOOOOEXXXOXOOXOOXOOOOEXXOOOEEEXXEOXXEE
(3,8) Depth reached: 12
   | 1 | 2 | 3 | 4 | 5 | 6 | 7 | 8 |
---|---|---|---|---|---|---|---|---|---
 1 | X | 0 | 0 | 0 | 0 | 0 | 0 | 0 | 1 
---|---|---|---|---|---|---|---|---|---
 2 | X | X | X | 0 | 0 | 0 | 0 | 0 | 2 
---|---|---|---|---|---|---|---|---|---
 3 | X | X | X | X | X | X | X | X | 3 
---|---|---|---|---|---|---|---|---|---
 4 | X | X | 0 | 0 | 0 | 0 | 0 |   | 4 
---|---|---|---|---|---|---|---|---|---
 5 | X | X | X | 0 | X | 0 | 0 | X | 5 
---|---|---|---|---|---|---|---|---|---
 6 | 0 | 0 | X | 0 | 0 | 0 | 0 |   | 6 
---|---|---|---|---|---|---|---|---|---
 7 | X | X | 0 | 0 | 0 |   |   |   | 7 
---|---|---|---|---|---|---|---|---|---
 8 | X | X |   | 0 | X | X |   |   | 8 
---|---|---|---|---|---|---|---|---|---
   | 1 | 2 | 3 | 4 | 5 | 6 | 7 | 8 |

It took 1 seconds to make this move...


White to move
WXOOOOOOOXXXOOOOOXXXXXXXXXXOOOOOEXXXOXOOXOOXOOOOEXXOOOEEEXXEOXXEE
(8,7)
   | 1 | 2 | 3 | 4 | 5 | 6 | 7 | 8 |
---|---|---|---|---|---|---|---|---|---
 1 | X | 0 | 0 | 0 | 0 | 0 | 0 | 0 | 1 
---|---|---|---|---|---|---|---|---|---
 2 | X | X | X | 0 | 0 | 0 | 0 | 0 | 2 
---|---|---|---|---|---|---|---|---|---
 3 | X | X | X | X | X | X | X | X | 3 
---|---|---|---|---|---|---|---|---|---
 4 | X | X | 0 | 0 | 0 | 0 | 0 |   | 4 
---|---|---|---|---|---|---|---|---|---
 5 | X | X | X | 0 | X | 0 | 0 | X | 5 
---|---|---|---|---|---|---|---|---|---
 6 | 0 | 0 | X | 0 | 0 | 0 | 0 |   | 6 
---|---|---|---|---|---|---|---|---|---
 7 | X | X | 0 | 0 | 0 |   |   |   | 7 
---|---|---|---|---|---|---|---|---|---
 8 | X | X |   | 0 | 0 | 0 | 0 |   | 8 
---|---|---|---|---|---|---|---|---|---
   | 1 | 2 | 3 | 4 | 5 | 6 | 7 | 8 |

It took 0 seconds to make this move...


Black to move
BXOOOOOOOXXXOOOOOXXXXXXXXXXOOOOOEXXXOXOOXOOXOOOOEXXOOOEEEXXEOOOOE
(4,8) Depth reached: 29
   | 1 | 2 | 3 | 4 | 5 | 6 | 7 | 8 |
---|---|---|---|---|---|---|---|---|---
 1 | X | 0 | 0 | 0 | 0 | 0 | 0 | 0 | 1 
---|---|---|---|---|---|---|---|---|---
 2 | X | X | X | 0 | 0 | 0 | 0 | 0 | 2 
---|---|---|---|---|---|---|---|---|---
 3 | X | X | X | X | X | X | X | X | 3 
---|---|---|---|---|---|---|---|---|---
 4 | X | X | X | X | X | X | X | X | 4 
---|---|---|---|---|---|---|---|---|---
 5 | X | X | X | 0 | X | 0 | 0 | X | 5 
---|---|---|---|---|---|---|---|---|---
 6 | 0 | 0 | X | 0 | 0 | 0 | 0 |   | 6 
---|---|---|---|---|---|---|---|---|---
 7 | X | X | 0 | 0 | 0 |   |   |   | 7 
---|---|---|---|---|---|---|---|---|---
 8 | X | X |   | 0 | 0 | 0 | 0 |   | 8 
---|---|---|---|---|---|---|---|---|---
   | 1 | 2 | 3 | 4 | 5 | 6 | 7 | 8 |

It took 1 seconds to make this move...


White to move
WXOOOOOOOXXXOOOOOXXXXXXXXXXXXXXXXXXXOXOOXOOXOOOOEXXOOOEEEXXEOOOOE
(6,8)
   | 1 | 2 | 3 | 4 | 5 | 6 | 7 | 8 |
---|---|---|---|---|---|---|---|---|---
 1 | X | 0 | 0 | 0 | 0 | 0 | 0 | 0 | 1 
---|---|---|---|---|---|---|---|---|---
 2 | X | X | X | 0 | 0 | 0 | 0 | 0 | 2 
---|---|---|---|---|---|---|---|---|---
 3 | X | X | X | X | X | X | X | 0 | 3 
---|---|---|---|---|---|---|---|---|---
 4 | X | X | X | X | X | X | X | 0 | 4 
---|---|---|---|---|---|---|---|---|---
 5 | X | X | X | 0 | X | 0 | 0 | 0 | 5 
---|---|---|---|---|---|---|---|---|---
 6 | 0 | 0 | X | 0 | 0 | 0 | 0 | 0 | 6 
---|---|---|---|---|---|---|---|---|---
 7 | X | X | 0 | 0 | 0 |   |   |   | 7 
---|---|---|---|---|---|---|---|---|---
 8 | X | X |   | 0 | 0 | 0 | 0 |   | 8 
---|---|---|---|---|---|---|---|---|---
   | 1 | 2 | 3 | 4 | 5 | 6 | 7 | 8 |

It took 0 seconds to make this move...


Black to move
BXOOOOOOOXXXOOOOOXXXXXXXOXXXXXXXOXXXOXOOOOOXOOOOOXXOOOEEEXXEOOOOE
(8,3) Depth reached: 62
   | 1 | 2 | 3 | 4 | 5 | 6 | 7 | 8 |
---|---|---|---|---|---|---|---|---|---
 1 | X | 0 | 0 | 0 | 0 | 0 | 0 | 0 | 1 
---|---|---|---|---|---|---|---|---|---
 2 | X | X | X | 0 | 0 | 0 | 0 | 0 | 2 
---|---|---|---|---|---|---|---|---|---
 3 | X | X | X | X | X | X | X | 0 | 3 
---|---|---|---|---|---|---|---|---|---
 4 | X | X | X | X | X | X | X | 0 | 4 
---|---|---|---|---|---|---|---|---|---
 5 | X | X | X | 0 | X | X | 0 | 0 | 5 
---|---|---|---|---|---|---|---|---|---
 6 | 0 | 0 | X | 0 | X | 0 | 0 | 0 | 6 
---|---|---|---|---|---|---|---|---|---
 7 | X | X | X | X | 0 |   |   |   | 7 
---|---|---|---|---|---|---|---|---|---
 8 | X | X | X | 0 | 0 | 0 | 0 |   | 8 
---|---|---|---|---|---|---|---|---|---
   | 1 | 2 | 3 | 4 | 5 | 6 | 7 | 8 |

It took 1 seconds to make this move...


White to move
WXOOOOOOOXXXOOOOOXXXXXXXOXXXXXXXOXXXOXXOOOOXOXOOOXXXXOEEEXXXOOOOE
(7,6)
   | 1 | 2 | 3 | 4 | 5 | 6 | 7 | 8 |
---|---|---|---|---|---|---|---|---|---
 1 | X | 0 | 0 | 0 | 0 | 0 | 0 | 0 | 1 
---|---|---|---|---|---|---|---|---|---
 2 | X | X | X | 0 | 0 | 0 | 0 | 0 | 2 
---|---|---|---|---|---|---|---|---|---
 3 | X | X | X | X | X | X | X | 0 | 3 
---|---|---|---|---|---|---|---|---|---
 4 | X | X | X | X | X | X | X | 0 | 4 
---|---|---|---|---|---|---|---|---|---
 5 | X | X | X | 0 | X | X | 0 | 0 | 5 
---|---|---|---|---|---|---|---|---|---
 6 | 0 | 0 | X | 0 | 0 | 0 | 0 | 0 | 6 
---|---|---|---|---|---|---|---|---|---
 7 | X | X | X | X | 0 | 0 |   |   | 7 
---|---|---|---|---|---|---|---|---|---
 8 | X | X | X | 0 | 0 | 0 | 0 |   | 8 
---|---|---|---|---|---|---|---|---|---
   | 1 | 2 | 3 | 4 | 5 | 6 | 7 | 8 |

It took 0 seconds to make this move...


Black to move
BXOOOOOOOXXXOOOOOXXXXXXXOXXXXXXXOXXXOXXOOOOXOOOOOXXXXOOEEXXXOOOOE
(8,8) Depth reached: 114
   | 1 | 2 | 3 | 4 | 5 | 6 | 7 | 8 |
---|---|---|---|---|---|---|---|---|---
 1 | X | 0 | 0 | 0 | 0 | 0 | 0 | 0 | 1 
---|---|---|---|---|---|---|---|---|---
 2 | X | X | X | 0 | 0 | 0 | 0 | 0 | 2 
---|---|---|---|---|---|---|---|---|---
 3 | X | X | X | X | X | X | X | 0 | 3 
---|---|---|---|---|---|---|---|---|---
 4 | X | X | X | X | X | X | X | 0 | 4 
---|---|---|---|---|---|---|---|---|---
 5 | X | X | X | 0 | X | X | 0 | 0 | 5 
---|---|---|---|---|---|---|---|---|---
 6 | 0 | 0 | X | 0 | 0 | 0 | 0 | 0 | 6 
---|---|---|---|---|---|---|---|---|---
 7 | X | X | X | X | 0 | 0 |   |   | 7 
---|---|---|---|---|---|---|---|---|---
 8 | X | X | X | X | X | X | X | X | 8 
---|---|---|---|---|---|---|---|---|---
   | 1 | 2 | 3 | 4 | 5 | 6 | 7 | 8 |

It took 1 seconds to make this move...


White to move
WXOOOOOOOXXXOOOOOXXXXXXXOXXXXXXXOXXXOXXOOOOXOOOOOXXXXOOEEXXXXXXXX
pass
   | 1 | 2 | 3 | 4 | 5 | 6 | 7 | 8 |
---|---|---|---|---|---|---|---|---|---
 1 | X | 0 | 0 | 0 | 0 | 0 | 0 | 0 | 1 
---|---|---|---|---|---|---|---|---|---
 2 | X | X | X | 0 | 0 | 0 | 0 | 0 | 2 
---|---|---|---|---|---|---|---|---|---
 3 | X | X | X | X | X | X | X | 0 | 3 
---|---|---|---|---|---|---|---|---|---
 4 | X | X | X | X | X | X | X | 0 | 4 
---|---|---|---|---|---|---|---|---|---
 5 | X | X | X | 0 | X | X | 0 | 0 | 5 
---|---|---|---|---|---|---|---|---|---
 6 | 0 | 0 | X | 0 | 0 | 0 | 0 | 0 | 6 
---|---|---|---|---|---|---|---|---|---
 7 | X | X | X | X | 0 | 0 |   |   | 7 
---|---|---|---|---|---|---|---|---|---
 8 | X | X | X | X | X | X | X | X | 8 
---|---|---|---|---|---|---|---|---|---
   | 1 | 2 | 3 | 4 | 5 | 6 | 7 | 8 |

It took 0 seconds to make this move...


Black to move
BXOOOOOOOXXXOOOOOXXXXXXXOXXXXXXXOXXXOXXOOOOXOOOOOXXXXOOEEXXXXXXXX
(7,8) Depth reached: 183
   | 1 | 2 | 3 | 4 | 5 | 6 | 7 | 8 |
---|---|---|---|---|---|---|---|---|---
 1 | X | 0 | 0 | 0 | 0 | 0 | 0 | 0 | 1 
---|---|---|---|---|---|---|---|---|---
 2 | X | X | X | 0 | 0 | 0 | 0 | 0 | 2 
---|---|---|---|---|---|---|---|---|---
 3 | X | X | X | X | X | X | X | 0 | 3 
---|---|---|---|---|---|---|---|---|---
 4 | X | X | X | X | X | X | X | 0 | 4 
---|---|---|---|---|---|---|---|---|---
 5 | X | X | X | 0 | X | X | 0 | 0 | 5 
---|---|---|---|---|---|---|---|---|---
 6 | 0 | 0 | X | 0 | 0 | 0 | X | 0 | 6 
---|---|---|---|---|---|---|---|---|---
 7 | X | X | X | X | 0 | 0 |   | X | 7 
---|---|---|---|---|---|---|---|---|---
 8 | X | X | X | X | X | X | X | X | 8 
---|---|---|---|---|---|---|---|---|---
   | 1 | 2 | 3 | 4 | 5 | 6 | 7 | 8 |

It took 1 seconds to make this move...


White to move
WXOOOOOOOXXXOOOOOXXXXXXXOXXXXXXXOXXXOXXOOOOXOOOXOXXXXOOEXXXXXXXXX
(7,7)
   | 1 | 2 | 3 | 4 | 5 | 6 | 7 | 8 |
---|---|---|---|---|---|---|---|---|---
 1 | X | 0 | 0 | 0 | 0 | 0 | 0 | 0 | 1 
---|---|---|---|---|---|---|---|---|---
 2 | X | X | X | 0 | 0 | 0 | 0 | 0 | 2 
---|---|---|---|---|---|---|---|---|---
 3 | X | X | X | X | X | X | X | 0 | 3 
---|---|---|---|---|---|---|---|---|---
 4 | X | X | X | X | X | X | X | 0 | 4 
---|---|---|---|---|---|---|---|---|---
 5 | X | X | X | 0 | X | X | 0 | 0 | 5 
---|---|---|---|---|---|---|---|---|---
 6 | 0 | 0 | X | 0 | 0 | 0 | 0 | 0 | 6 
---|---|---|---|---|---|---|---|---|---
 7 | X | X | X | X | 0 | 0 | 0 | X | 7 
---|---|---|---|---|---|---|---|---|---
 8 | X | X | X | X | X | X | X | X | 8 
---|---|---|---|---|---|---|---|---|---
   | 1 | 2 | 3 | 4 | 5 | 6 | 7 | 8 |

It took 0 seconds to make this move...


Black to move
BXOOOOOOOXXXOOOOOXXXXXXXOXXXXXXXOXXXOXXOOOOXOOOOOXXXXOOOXXXXXXXXX
pass
   | 1 | 2 | 3 | 4 | 5 | 6 | 7 | 8 |
---|---|---|---|---|---|---|---|---|---
 1 | X | 0 | 0 | 0 | 0 | 0 | 0 | 0 | 1 
---|---|---|---|---|---|---|---|---|---
 2 | X | X | X | 0 | 0 | 0 | 0 | 0 | 2 
---|---|---|---|---|---|---|---|---|---
 3 | X | X | X | X | X | X | X | 0 | 3 
---|---|---|---|---|---|---|---|---|---
 4 | X | X | X | X | X | X | X | 0 | 4 
---|---|---|---|---|---|---|---|---|---
 5 | X | X | X | 0 | X | X | 0 | 0 | 5 
---|---|---|---|---|---|---|---|---|---
 6 | 0 | 0 | X | 0 | 0 | 0 | 0 | 0 | 6 
---|---|---|---|---|---|---|---|---|---
 7 | X | X | X | X | 0 | 0 | 0 | X | 7 
---|---|---|---|---|---|---|---|---|---
 8 | X | X | X | X | X | X | X | X | 8 
---|---|---|---|---|---|---|---|---|---
   | 1 | 2 | 3 | 4 | 5 | 6 | 7 | 8 |

It took 1 seconds to make this move...


White to move
WXOOOOOOOXXXOOOOOXXXXXXXOXXXXXXXOXXXOXXOOOOXOOOOOXXXXOOOXXXXXXXXX
pass
   | 1 | 2 | 3 | 4 | 5 | 6 | 7 | 8 |
---|---|---|---|---|---|---|---|---|---
 1 | X | 0 | 0 | 0 | 0 | 0 | 0 | 0 | 1 
---|---|---|---|---|---|---|---|---|---
 2 | X | X | X | 0 | 0 | 0 | 0 | 0 | 2 
---|---|---|---|---|---|---|---|---|---
 3 | X | X | X | X | X | X | X | 0 | 3 
---|---|---|---|---|---|---|---|---|---
 4 | X | X | X | X | X | X | X | 0 | 4 
---|---|---|---|---|---|---|---|---|---
 5 | X | X | X | 0 | X | X | 0 | 0 | 5 
---|---|---|---|---|---|---|---|---|---
 6 | 0 | 0 | X | 0 | 0 | 0 | 0 | 0 | 6 
---|---|---|---|---|---|---|---|---|---
 7 | X | X | X | X | 0 | 0 | 0 | X | 7 
---|---|---|---|---|---|---|---|---|---
 8 | X | X | X | X | X | X | X | X | 8 
---|---|---|---|---|---|---|---|---|---
   | 1 | 2 | 3 | 4 | 5 | 6 | 7 | 8 |

It took 0 seconds to make this move...
***************************************
Results for ./othello_naive.sh vs. ../Python/othello.sh:
Black won with 10 points
Average time for white: 0.2 s (max: 1 s)
Average time for black: 1.0 s (max: 1 s)
***************************************
