   | 1 | 2 | 3 | 4 | 5 | 6 | 7 | 8 |
---|---|---|---|---|---|---|---|---|---
 1 |   |   |   |   |   |   |   |   | 1 
---|---|---|---|---|---|---|---|---|---
 2 |   |   |   |   |   |   |   |   | 2 
---|---|---|---|---|---|---|---|---|---
 3 |   |   |   |   |   |   |   |   | 3 
---|---|---|---|---|---|---|---|---|---
 4 |   |   |   | 0 | X |   |   |   | 4 
---|---|---|---|---|---|---|---|---|---
 5 |   |   |   | X | 0 |   |   |   | 5 
---|---|---|---|---|---|---|---|---|---
 6 |   |   |   |   |   |   |   |   | 6 
---|---|---|---|---|---|---|---|---|---
 7 |   |   |   |   |   |   |   |   | 7 
---|---|---|---|---|---|---|---|---|---
 8 |   |   |   |   |   |   |   |   | 8 
---|---|---|---|---|---|---|---|---|---
   | 1 | 2 | 3 | 4 | 5 | 6 | 7 | 8 |



White to move
WEEEEEEEEEEEEEEEEEEEEEEEEEEEOXEEEEEEXOEEEEEEEEEEEEEEEEEEEEEEEEEEE
(3,5) Depth reached: 6
   | 1 | 2 | 3 | 4 | 5 | 6 | 7 | 8 |
---|---|---|---|---|---|---|---|---|---
 1 |   |   |   |   |   |   |   |   | 1 
---|---|---|---|---|---|---|---|---|---
 2 |   |   |   |   |   |   |   |   | 2 
---|---|---|---|---|---|---|---|---|---
 3 |   |   |   |   | 0 |   |   |   | 3 
---|---|---|---|---|---|---|---|---|---
 4 |   |   |   | 0 | 0 |   |   |   | 4 
---|---|---|---|---|---|---|---|---|---
 5 |   |   |   | X | 0 |   |   |   | 5 
---|---|---|---|---|---|---|---|---|---
 6 |   |   |   |   |   |   |   |   | 6 
---|---|---|---|---|---|---|---|---|---
 7 |   |   |   |   |   |   |   |   | 7 
---|---|---|---|---|---|---|---|---|---
 8 |   |   |   |   |   |   |   |   | 8 
---|---|---|---|---|---|---|---|---|---
   | 1 | 2 | 3 | 4 | 5 | 6 | 7 | 8 |

It took 1 seconds to make this move...


Black to move
BEEEEEEEEEEEEEEEEEEEEOEEEEEEOOEEEEEEXOEEEEEEEEEEEEEEEEEEEEEEEEEEE
(3,4)
   | 1 | 2 | 3 | 4 | 5 | 6 | 7 | 8 |
---|---|---|---|---|---|---|---|---|---
 1 |   |   |   |   |   |   |   |   | 1 
---|---|---|---|---|---|---|---|---|---
 2 |   |   |   |   |   |   |   |   | 2 
---|---|---|---|---|---|---|---|---|---
 3 |   |   |   | X | 0 |   |   |   | 3 
---|---|---|---|---|---|---|---|---|---
 4 |   |   |   | X | 0 |   |   |   | 4 
---|---|---|---|---|---|---|---|---|---
 5 |   |   |   | X | 0 |   |   |   | 5 
---|---|---|---|---|---|---|---|---|---
 6 |   |   |   |   |   |   |   |   | 6 
---|---|---|---|---|---|---|---|---|---
 7 |   |   |   |   |   |   |   |   | 7 
---|---|---|---|---|---|---|---|---|---
 8 |   |   |   |   |   |   |   |   | 8 
---|---|---|---|---|---|---|---|---|---
   | 1 | 2 | 3 | 4 | 5 | 6 | 7 | 8 |

It took 0 seconds to make this move...


White to move
WEEEEEEEEEEEEEEEEEEEXOEEEEEEXOEEEEEEXOEEEEEEEEEEEEEEEEEEEEEEEEEEE
(4,3) Depth reached: 6
   | 1 | 2 | 3 | 4 | 5 | 6 | 7 | 8 |
---|---|---|---|---|---|---|---|---|---
 1 |   |   |   |   |   |   |   |   | 1 
---|---|---|---|---|---|---|---|---|---
 2 |   |   |   |   |   |   |   |   | 2 
---|---|---|---|---|---|---|---|---|---
 3 |   |   |   | X | 0 |   |   |   | 3 
---|---|---|---|---|---|---|---|---|---
 4 |   |   | 0 | 0 | 0 |   |   |   | 4 
---|---|---|---|---|---|---|---|---|---
 5 |   |   |   | X | 0 |   |   |   | 5 
---|---|---|---|---|---|---|---|---|---
 6 |   |   |   |   |   |   |   |   | 6 
---|---|---|---|---|---|---|---|---|---
 7 |   |   |   |   |   |   |   |   | 7 
---|---|---|---|---|---|---|---|---|---
 8 |   |   |   |   |   |   |   |   | 8 
---|---|---|---|---|---|---|---|---|---
   | 1 | 2 | 3 | 4 | 5 | 6 | 7 | 8 |

It took 1 seconds to make this move...


Black to move
BEEEEEEEEEEEEEEEEEEEXOEEEEEOOOEEEEEEXOEEEEEEEEEEEEEEEEEEEEEEEEEEE
(3,2)
   | 1 | 2 | 3 | 4 | 5 | 6 | 7 | 8 |
---|---|---|---|---|---|---|---|---|---
 1 |   |   |   |   |   |   |   |   | 1 
---|---|---|---|---|---|---|---|---|---
 2 |   |   |   |   |   |   |   |   | 2 
---|---|---|---|---|---|---|---|---|---
 3 |   | X |   | X | 0 |   |   |   | 3 
---|---|---|---|---|---|---|---|---|---
 4 |   |   | X | 0 | 0 |   |   |   | 4 
---|---|---|---|---|---|---|---|---|---
 5 |   |   |   | X | 0 |   |   |   | 5 
---|---|---|---|---|---|---|---|---|---
 6 |   |   |   |   |   |   |   |   | 6 
---|---|---|---|---|---|---|---|---|---
 7 |   |   |   |   |   |   |   |   | 7 
---|---|---|---|---|---|---|---|---|---
 8 |   |   |   |   |   |   |   |   | 8 
---|---|---|---|---|---|---|---|---|---
   | 1 | 2 | 3 | 4 | 5 | 6 | 7 | 8 |

It took 0 seconds to make this move...


White to move
WEEEEEEEEEEEEEEEEEXEXOEEEEEXOOEEEEEEXOEEEEEEEEEEEEEEEEEEEEEEEEEEE
(4,2) Depth reached: 5
   | 1 | 2 | 3 | 4 | 5 | 6 | 7 | 8 |
---|---|---|---|---|---|---|---|---|---
 1 |   |   |   |   |   |   |   |   | 1 
---|---|---|---|---|---|---|---|---|---
 2 |   |   |   |   |   |   |   |   | 2 
---|---|---|---|---|---|---|---|---|---
 3 |   | X |   | X | 0 |   |   |   | 3 
---|---|---|---|---|---|---|---|---|---
 4 |   | 0 | 0 | 0 | 0 |   |   |   | 4 
---|---|---|---|---|---|---|---|---|---
 5 |   |   |   | X | 0 |   |   |   | 5 
---|---|---|---|---|---|---|---|---|---
 6 |   |   |   |   |   |   |   |   | 6 
---|---|---|---|---|---|---|---|---|---
 7 |   |   |   |   |   |   |   |   | 7 
---|---|---|---|---|---|---|---|---|---
 8 |   |   |   |   |   |   |   |   | 8 
---|---|---|---|---|---|---|---|---|---
   | 1 | 2 | 3 | 4 | 5 | 6 | 7 | 8 |

It took 1 seconds to make this move...


Black to move
BEEEEEEEEEEEEEEEEEXEXOEEEEOOOOEEEEEEXOEEEEEEEEEEEEEEEEEEEEEEEEEEE
(5,6)
   | 1 | 2 | 3 | 4 | 5 | 6 | 7 | 8 |
---|---|---|---|---|---|---|---|---|---
 1 |   |   |   |   |   |   |   |   | 1 
---|---|---|---|---|---|---|---|---|---
 2 |   |   |   |   |   |   |   |   | 2 
---|---|---|---|---|---|---|---|---|---
 3 |   | X |   | X | 0 |   |   |   | 3 
---|---|---|---|---|---|---|---|---|---
 4 |   | 0 | 0 | 0 | X |   |   |   | 4 
---|---|---|---|---|---|---|---|---|---
 5 |   |   |   | X | X | X |   |   | 5 
---|---|---|---|---|---|---|---|---|---
 6 |   |   |   |   |   |   |   |   | 6 
---|---|---|---|---|---|---|---|---|---
 7 |   |   |   |   |   |   |   |   | 7 
---|---|---|---|---|---|---|---|---|---
 8 |   |   |   |   |   |   |   |   | 8 
---|---|---|---|---|---|---|---|---|---
   | 1 | 2 | 3 | 4 | 5 | 6 | 7 | 8 |

It took 0 seconds to make this move...


White to move
WEEEEEEEEEEEEEEEEEXEXOEEEEOOOXEEEEEEXXXEEEEEEEEEEEEEEEEEEEEEEEEEE
(6,5) Depth reached: 5
   | 1 | 2 | 3 | 4 | 5 | 6 | 7 | 8 |
---|---|---|---|---|---|---|---|---|---
 1 |   |   |   |   |   |   |   |   | 1 
---|---|---|---|---|---|---|---|---|---
 2 |   |   |   |   |   |   |   |   | 2 
---|---|---|---|---|---|---|---|---|---
 3 |   | X |   | X | 0 |   |   |   | 3 
---|---|---|---|---|---|---|---|---|---
 4 |   | 0 | 0 | 0 | 0 |   |   |   | 4 
---|---|---|---|---|---|---|---|---|---
 5 |   |   |   | 0 | 0 | X |   |   | 5 
---|---|---|---|---|---|---|---|---|---
 6 |   |   |   |   | 0 |   |   |   | 6 
---|---|---|---|---|---|---|---|---|---
 7 |   |   |   |   |   |   |   |   | 7 
---|---|---|---|---|---|---|---|---|---
 8 |   |   |   |   |   |   |   |   | 8 
---|---|---|---|---|---|---|---|---|---
   | 1 | 2 | 3 | 4 | 5 | 6 | 7 | 8 |

It took 1 seconds to make this move...


Black to move
BEEEEEEEEEEEEEEEEEXEXOEEEEOOOOEEEEEEOOXEEEEEEOEEEEEEEEEEEEEEEEEEE
(3,6)
   | 1 | 2 | 3 | 4 | 5 | 6 | 7 | 8 |
---|---|---|---|---|---|---|---|---|---
 1 |   |   |   |   |   |   |   |   | 1 
---|---|---|---|---|---|---|---|---|---
 2 |   |   |   |   |   |   |   |   | 2 
---|---|---|---|---|---|---|---|---|---
 3 |   | X |   | X | X | X |   |   | 3 
---|---|---|---|---|---|---|---|---|---
 4 |   | 0 | 0 | 0 | 0 |   |   |   | 4 
---|---|---|---|---|---|---|---|---|---
 5 |   |   |   | 0 | 0 | X |   |   | 5 
---|---|---|---|---|---|---|---|---|---
 6 |   |   |   |   | 0 |   |   |   | 6 
---|---|---|---|---|---|---|---|---|---
 7 |   |   |   |   |   |   |   |   | 7 
---|---|---|---|---|---|---|---|---|---
 8 |   |   |   |   |   |   |   |   | 8 
---|---|---|---|---|---|---|---|---|---
   | 1 | 2 | 3 | 4 | 5 | 6 | 7 | 8 |

It took 0 seconds to make this move...


White to move
WEEEEEEEEEEEEEEEEEXEXXXEEEOOOOEEEEEEOOXEEEEEEOEEEEEEEEEEEEEEEEEEE
(2,6) Depth reached: 4
   | 1 | 2 | 3 | 4 | 5 | 6 | 7 | 8 |
---|---|---|---|---|---|---|---|---|---
 1 |   |   |   |   |   |   |   |   | 1 
---|---|---|---|---|---|---|---|---|---
 2 |   |   |   |   |   | 0 |   |   | 2 
---|---|---|---|---|---|---|---|---|---
 3 |   | X |   | X | 0 | X |   |   | 3 
---|---|---|---|---|---|---|---|---|---
 4 |   | 0 | 0 | 0 | 0 |   |   |   | 4 
---|---|---|---|---|---|---|---|---|---
 5 |   |   |   | 0 | 0 | X |   |   | 5 
---|---|---|---|---|---|---|---|---|---
 6 |   |   |   |   | 0 |   |   |   | 6 
---|---|---|---|---|---|---|---|---|---
 7 |   |   |   |   |   |   |   |   | 7 
---|---|---|---|---|---|---|---|---|---
 8 |   |   |   |   |   |   |   |   | 8 
---|---|---|---|---|---|---|---|---|---
   | 1 | 2 | 3 | 4 | 5 | 6 | 7 | 8 |

It took 1 seconds to make this move...


Black to move
BEEEEEEEEEEEEEOEEEXEXOXEEEOOOOEEEEEEOOXEEEEEEOEEEEEEEEEEEEEEEEEEE
(1,6)
   | 1 | 2 | 3 | 4 | 5 | 6 | 7 | 8 |
---|---|---|---|---|---|---|---|---|---
 1 |   |   |   |   |   | X |   |   | 1 
---|---|---|---|---|---|---|---|---|---
 2 |   |   |   |   |   | X |   |   | 2 
---|---|---|---|---|---|---|---|---|---
 3 |   | X |   | X | 0 | X |   |   | 3 
---|---|---|---|---|---|---|---|---|---
 4 |   | 0 | 0 | 0 | 0 |   |   |   | 4 
---|---|---|---|---|---|---|---|---|---
 5 |   |   |   | 0 | 0 | X |   |   | 5 
---|---|---|---|---|---|---|---|---|---
 6 |   |   |   |   | 0 |   |   |   | 6 
---|---|---|---|---|---|---|---|---|---
 7 |   |   |   |   |   |   |   |   | 7 
---|---|---|---|---|---|---|---|---|---
 8 |   |   |   |   |   |   |   |   | 8 
---|---|---|---|---|---|---|---|---|---
   | 1 | 2 | 3 | 4 | 5 | 6 | 7 | 8 |

It took 1 seconds to make this move...


White to move
WEEEEEXEEEEEEEXEEEXEXOXEEEOOOOEEEEEEOOXEEEEEEOEEEEEEEEEEEEEEEEEEE
(2,1) Depth reached: 5
   | 1 | 2 | 3 | 4 | 5 | 6 | 7 | 8 |
---|---|---|---|---|---|---|---|---|---
 1 |   |   |   |   |   | X |   |   | 1 
---|---|---|---|---|---|---|---|---|---
 2 | 0 |   |   |   |   | X |   |   | 2 
---|---|---|---|---|---|---|---|---|---
 3 |   | 0 |   | X | 0 | X |   |   | 3 
---|---|---|---|---|---|---|---|---|---
 4 |   | 0 | 0 | 0 | 0 |   |   |   | 4 
---|---|---|---|---|---|---|---|---|---
 5 |   |   |   | 0 | 0 | X |   |   | 5 
---|---|---|---|---|---|---|---|---|---
 6 |   |   |   |   | 0 |   |   |   | 6 
---|---|---|---|---|---|---|---|---|---
 7 |   |   |   |   |   |   |   |   | 7 
---|---|---|---|---|---|---|---|---|---
 8 |   |   |   |   |   |   |   |   | 8 
---|---|---|---|---|---|---|---|---|---
   | 1 | 2 | 3 | 4 | 5 | 6 | 7 | 8 |

It took 1 seconds to make this move...


Black to move
BEEEEEXEEOEEEEXEEEOEXOXEEEOOOOEEEEEEOOXEEEEEEOEEEEEEEEEEEEEEEEEEE
(5,3)
   | 1 | 2 | 3 | 4 | 5 | 6 | 7 | 8 |
---|---|---|---|---|---|---|---|---|---
 1 |   |   |   |   |   | X |   |   | 1 
---|---|---|---|---|---|---|---|---|---
 2 | 0 |   |   |   |   | X |   |   | 2 
---|---|---|---|---|---|---|---|---|---
 3 |   | 0 |   | X | X | X |   |   | 3 
---|---|---|---|---|---|---|---|---|---
 4 |   | 0 | 0 | X | 0 |   |   |   | 4 
---|---|---|---|---|---|---|---|---|---
 5 |   |   | X | X | X | X |   |   | 5 
---|---|---|---|---|---|---|---|---|---
 6 |   |   |   |   | 0 |   |   |   | 6 
---|---|---|---|---|---|---|---|---|---
 7 |   |   |   |   |   |   |   |   | 7 
---|---|---|---|---|---|---|---|---|---
 8 |   |   |   |   |   |   |   |   | 8 
---|---|---|---|---|---|---|---|---|---
   | 1 | 2 | 3 | 4 | 5 | 6 | 7 | 8 |

It took 0 seconds to make this move...


White to move
WEEEEEXEEOEEEEXEEEOEXXXEEEOOXOEEEEEXXXXEEEEEEOEEEEEEEEEEEEEEEEEEE
(6,4) Depth reached: 5
   | 1 | 2 | 3 | 4 | 5 | 6 | 7 | 8 |
---|---|---|---|---|---|---|---|---|---
 1 |   |   |   |   |   | X |   |   | 1 
---|---|---|---|---|---|---|---|---|---
 2 | 0 |   |   |   |   | X |   |   | 2 
---|---|---|---|---|---|---|---|---|---
 3 |   | 0 |   | X | X | X |   |   | 3 
---|---|---|---|---|---|---|---|---|---
 4 |   | 0 | 0 | X | 0 |   |   |   | 4 
---|---|---|---|---|---|---|---|---|---
 5 |   |   | 0 | X | X | X |   |   | 5 
---|---|---|---|---|---|---|---|---|---
 6 |   |   |   | 0 | 0 |   |   |   | 6 
---|---|---|---|---|---|---|---|---|---
 7 |   |   |   |   |   |   |   |   | 7 
---|---|---|---|---|---|---|---|---|---
 8 |   |   |   |   |   |   |   |   | 8 
---|---|---|---|---|---|---|---|---|---
   | 1 | 2 | 3 | 4 | 5 | 6 | 7 | 8 |

It took 1 seconds to make this move...


Black to move
BEEEEEXEEOEEEEXEEEOEXXXEEEOOXOEEEEEOXXXEEEEEOOEEEEEEEEEEEEEEEEEEE
(4,1)
   | 1 | 2 | 3 | 4 | 5 | 6 | 7 | 8 |
---|---|---|---|---|---|---|---|---|---
 1 |   |   |   |   |   | X |   |   | 1 
---|---|---|---|---|---|---|---|---|---
 2 | 0 |   |   |   |   | X |   |   | 2 
---|---|---|---|---|---|---|---|---|---
 3 |   | 0 |   | X | X | X |   |   | 3 
---|---|---|---|---|---|---|---|---|---
 4 | X | X | X | X | 0 |   |   |   | 4 
---|---|---|---|---|---|---|---|---|---
 5 |   |   | 0 | X | X | X |   |   | 5 
---|---|---|---|---|---|---|---|---|---
 6 |   |   |   | 0 | 0 |   |   |   | 6 
---|---|---|---|---|---|---|---|---|---
 7 |   |   |   |   |   |   |   |   | 7 
---|---|---|---|---|---|---|---|---|---
 8 |   |   |   |   |   |   |   |   | 8 
---|---|---|---|---|---|---|---|---|---
   | 1 | 2 | 3 | 4 | 5 | 6 | 7 | 8 |

It took 0 seconds to make this move...


White to move
WEEEEEXEEOEEEEXEEEOEXXXEEXXXXOEEEEEOXXXEEEEEOOEEEEEEEEEEEEEEEEEEE
(2,4) Depth reached: 4
   | 1 | 2 | 3 | 4 | 5 | 6 | 7 | 8 |
---|---|---|---|---|---|---|---|---|---
 1 |   |   |   |   |   | X |   |   | 1 
---|---|---|---|---|---|---|---|---|---
 2 | 0 |   |   | 0 |   | X |   |   | 2 
---|---|---|---|---|---|---|---|---|---
 3 |   | 0 |   | 0 | X | X |   |   | 3 
---|---|---|---|---|---|---|---|---|---
 4 | X | X | X | 0 | 0 |   |   |   | 4 
---|---|---|---|---|---|---|---|---|---
 5 |   |   | 0 | 0 | X | X |   |   | 5 
---|---|---|---|---|---|---|---|---|---
 6 |   |   |   | 0 | 0 |   |   |   | 6 
---|---|---|---|---|---|---|---|---|---
 7 |   |   |   |   |   |   |   |   | 7 
---|---|---|---|---|---|---|---|---|---
 8 |   |   |   |   |   |   |   |   | 8 
---|---|---|---|---|---|---|---|---|---
   | 1 | 2 | 3 | 4 | 5 | 6 | 7 | 8 |

It took 0 seconds to make this move...


Black to move
BEEEEEXEEOEEOEXEEEOEOXXEEXXXOOEEEEEOOXXEEEEEOOEEEEEEEEEEEEEEEEEEE
(1,3)
   | 1 | 2 | 3 | 4 | 5 | 6 | 7 | 8 |
---|---|---|---|---|---|---|---|---|---
 1 |   |   | X |   |   | X |   |   | 1 
---|---|---|---|---|---|---|---|---|---
 2 | 0 |   |   | X |   | X |   |   | 2 
---|---|---|---|---|---|---|---|---|---
 3 |   | 0 |   | 0 | X | X |   |   | 3 
---|---|---|---|---|---|---|---|---|---
 4 | X | X | X | 0 | 0 |   |   |   | 4 
---|---|---|---|---|---|---|---|---|---
 5 |   |   | 0 | 0 | X | X |   |   | 5 
---|---|---|---|---|---|---|---|---|---
 6 |   |   |   | 0 | 0 |   |   |   | 6 
---|---|---|---|---|---|---|---|---|---
 7 |   |   |   |   |   |   |   |   | 7 
---|---|---|---|---|---|---|---|---|---
 8 |   |   |   |   |   |   |   |   | 8 
---|---|---|---|---|---|---|---|---|---
   | 1 | 2 | 3 | 4 | 5 | 6 | 7 | 8 |

It took 0 seconds to make this move...


White to move
WEEXEEXEEOEEXEXEEEOEOXXEEXXXOOEEEEEOOXXEEEEEOOEEEEEEEEEEEEEEEEEEE
(3,3) Depth reached: 4
   | 1 | 2 | 3 | 4 | 5 | 6 | 7 | 8 |
---|---|---|---|---|---|---|---|---|---
 1 |   |   | X |   |   | X |   |   | 1 
---|---|---|---|---|---|---|---|---|---
 2 | 0 |   |   | X |   | X |   |   | 2 
---|---|---|---|---|---|---|---|---|---
 3 |   | 0 | 0 | 0 | X | X |   |   | 3 
---|---|---|---|---|---|---|---|---|---
 4 | X | X | 0 | 0 | 0 |   |   |   | 4 
---|---|---|---|---|---|---|---|---|---
 5 |   |   | 0 | 0 | X | X |   |   | 5 
---|---|---|---|---|---|---|---|---|---
 6 |   |   |   | 0 | 0 |   |   |   | 6 
---|---|---|---|---|---|---|---|---|---
 7 |   |   |   |   |   |   |   |   | 7 
---|---|---|---|---|---|---|---|---|---
 8 |   |   |   |   |   |   |   |   | 8 
---|---|---|---|---|---|---|---|---|---
   | 1 | 2 | 3 | 4 | 5 | 6 | 7 | 8 |

It took 1 seconds to make this move...


Black to move
BEEXEEXEEOEEXEXEEEOOOXXEEXXOOOEEEEEOOXXEEEEEOOEEEEEEEEEEEEEEEEEEE
(7,4)
   | 1 | 2 | 3 | 4 | 5 | 6 | 7 | 8 |
---|---|---|---|---|---|---|---|---|---
 1 |   |   | X |   |   | X |   |   | 1 
---|---|---|---|---|---|---|---|---|---
 2 | 0 |   |   | X |   | X |   |   | 2 
---|---|---|---|---|---|---|---|---|---
 3 |   | 0 | 0 | X | X | X |   |   | 3 
---|---|---|---|---|---|---|---|---|---
 4 | X | X | 0 | X | 0 |   |   |   | 4 
---|---|---|---|---|---|---|---|---|---
 5 |   |   | 0 | X | X | X |   |   | 5 
---|---|---|---|---|---|---|---|---|---
 6 |   |   |   | X | X |   |   |   | 6 
---|---|---|---|---|---|---|---|---|---
 7 |   |   |   | X |   |   |   |   | 7 
---|---|---|---|---|---|---|---|---|---
 8 |   |   |   |   |   |   |   |   | 8 
---|---|---|---|---|---|---|---|---|---
   | 1 | 2 | 3 | 4 | 5 | 6 | 7 | 8 |

It took 1 seconds to make this move...


White to move
WEEXEEXEEOEEXEXEEEOOXXXEEXXOXOEEEEEOXXXEEEEEXXEEEEEEXEEEEEEEEEEEE
(7,6) Depth reached: 4
   | 1 | 2 | 3 | 4 | 5 | 6 | 7 | 8 |
---|---|---|---|---|---|---|---|---|---
 1 |   |   | X |   |   | X |   |   | 1 
---|---|---|---|---|---|---|---|---|---
 2 | 0 |   |   | X |   | X |   |   | 2 
---|---|---|---|---|---|---|---|---|---
 3 |   | 0 | 0 | X | X | X |   |   | 3 
---|---|---|---|---|---|---|---|---|---
 4 | X | X | 0 | X | 0 |   |   |   | 4 
---|---|---|---|---|---|---|---|---|---
 5 |   |   | 0 | 0 | X | X |   |   | 5 
---|---|---|---|---|---|---|---|---|---
 6 |   |   |   | X | 0 |   |   |   | 6 
---|---|---|---|---|---|---|---|---|---
 7 |   |   |   | X |   | 0 |   |   | 7 
---|---|---|---|---|---|---|---|---|---
 8 |   |   |   |   |   |   |   |   | 8 
---|---|---|---|---|---|---|---|---|---
   | 1 | 2 | 3 | 4 | 5 | 6 | 7 | 8 |

It took 1 seconds to make this move...


Black to move
BEEXEEXEEOEEXEXEEEOOXXXEEXXOXOEEEEEOOXXEEEEEXOEEEEEEXEOEEEEEEEEEE
(2,2)
   | 1 | 2 | 3 | 4 | 5 | 6 | 7 | 8 |
---|---|---|---|---|---|---|---|---|---
 1 |   |   | X |   |   | X |   |   | 1 
---|---|---|---|---|---|---|---|---|---
 2 | 0 | X |   | X |   | X |   |   | 2 
---|---|---|---|---|---|---|---|---|---
 3 |   | X | X | X | X | X |   |   | 3 
---|---|---|---|---|---|---|---|---|---
 4 | X | X | 0 | X | 0 |   |   |   | 4 
---|---|---|---|---|---|---|---|---|---
 5 |   |   | 0 | 0 | X | X |   |   | 5 
---|---|---|---|---|---|---|---|---|---
 6 |   |   |   | X | 0 |   |   |   | 6 
---|---|---|---|---|---|---|---|---|---
 7 |   |   |   | X |   | 0 |   |   | 7 
---|---|---|---|---|---|---|---|---|---
 8 |   |   |   |   |   |   |   |   | 8 
---|---|---|---|---|---|---|---|---|---
   | 1 | 2 | 3 | 4 | 5 | 6 | 7 | 8 |

It took 0 seconds to make this move...


White to move
WEEXEEXEEOXEXEXEEEXXXXXEEXXOXOEEEEEOOXXEEEEEXOEEEEEEXEOEEEEEEEEEE
(1,4) Depth reached: 5
   | 1 | 2 | 3 | 4 | 5 | 6 | 7 | 8 |
---|---|---|---|---|---|---|---|---|---
 1 |   |   | X | 0 |   | X |   |   | 1 
---|---|---|---|---|---|---|---|---|---
 2 | 0 | X |   | 0 |   | X |   |   | 2 
---|---|---|---|---|---|---|---|---|---
 3 |   | X | X | 0 | X | X |   |   | 3 
---|---|---|---|---|---|---|---|---|---
 4 | X | X | 0 | 0 | 0 |   |   |   | 4 
---|---|---|---|---|---|---|---|---|---
 5 |   |   | 0 | 0 | X | X |   |   | 5 
---|---|---|---|---|---|---|---|---|---
 6 |   |   |   | X | 0 |   |   |   | 6 
---|---|---|---|---|---|---|---|---|---
 7 |   |   |   | X |   | 0 |   |   | 7 
---|---|---|---|---|---|---|---|---|---
 8 |   |   |   |   |   |   |   |   | 8 
---|---|---|---|---|---|---|---|---|---
   | 1 | 2 | 3 | 4 | 5 | 6 | 7 | 8 |

It took 1 seconds to make this move...


Black to move
BEEXOEXEEOXEOEXEEEXXOXXEEXXOOOEEEEEOOXXEEEEEXOEEEEEEXEOEEEEEEEEEE
(1,5)
   | 1 | 2 | 3 | 4 | 5 | 6 | 7 | 8 |
---|---|---|---|---|---|---|---|---|---
 1 |   |   | X | X | X | X |   |   | 1 
---|---|---|---|---|---|---|---|---|---
 2 | 0 | X |   | X |   | X |   |   | 2 
---|---|---|---|---|---|---|---|---|---
 3 |   | X | X | 0 | X | X |   |   | 3 
---|---|---|---|---|---|---|---|---|---
 4 | X | X | 0 | 0 | 0 |   |   |   | 4 
---|---|---|---|---|---|---|---|---|---
 5 |   |   | 0 | 0 | X | X |   |   | 5 
---|---|---|---|---|---|---|---|---|---
 6 |   |   |   | X | 0 |   |   |   | 6 
---|---|---|---|---|---|---|---|---|---
 7 |   |   |   | X |   | 0 |   |   | 7 
---|---|---|---|---|---|---|---|---|---
 8 |   |   |   |   |   |   |   |   | 8 
---|---|---|---|---|---|---|---|---|---
   | 1 | 2 | 3 | 4 | 5 | 6 | 7 | 8 |

It took 0 seconds to make this move...


White to move
WEEXXXXEEOXEXEXEEEXXOXXEEXXOOOEEEEEOOXXEEEEEXOEEEEEEXEOEEEEEEEEEE
(1,1) Depth reached: 5
   | 1 | 2 | 3 | 4 | 5 | 6 | 7 | 8 |
---|---|---|---|---|---|---|---|---|---
 1 | 0 |   | X | X | X | X |   |   | 1 
---|---|---|---|---|---|---|---|---|---
 2 | 0 | 0 |   | X |   | X |   |   | 2 
---|---|---|---|---|---|---|---|---|---
 3 |   | X | 0 | 0 | X | X |   |   | 3 
---|---|---|---|---|---|---|---|---|---
 4 | X | X | 0 | 0 | 0 |   |   |   | 4 
---|---|---|---|---|---|---|---|---|---
 5 |   |   | 0 | 0 | X | X |   |   | 5 
---|---|---|---|---|---|---|---|---|---
 6 |   |   |   | X | 0 |   |   |   | 6 
---|---|---|---|---|---|---|---|---|---
 7 |   |   |   | X |   | 0 |   |   | 7 
---|---|---|---|---|---|---|---|---|---
 8 |   |   |   |   |   |   |   |   | 8 
---|---|---|---|---|---|---|---|---|---
   | 1 | 2 | 3 | 4 | 5 | 6 | 7 | 8 |

It took 1 seconds to make this move...


Black to move
BOEXXXXEEOOEXEXEEEXOOXXEEXXOOOEEEEEOOXXEEEEEXOEEEEEEXEOEEEEEEEEEE
(6,2)
   | 1 | 2 | 3 | 4 | 5 | 6 | 7 | 8 |
---|---|---|---|---|---|---|---|---|---
 1 | 0 |   | X | X | X | X |   |   | 1 
---|---|---|---|---|---|---|---|---|---
 2 | 0 | 0 |   | X |   | X |   |   | 2 
---|---|---|---|---|---|---|---|---|---
 3 |   | X | 0 | 0 | X | X |   |   | 3 
---|---|---|---|---|---|---|---|---|---
 4 | X | X | 0 | X | 0 |   |   |   | 4 
---|---|---|---|---|---|---|---|---|---
 5 |   |   | X | 0 | X | X |   |   | 5 
---|---|---|---|---|---|---|---|---|---
 6 |   | X |   | X | 0 |   |   |   | 6 
---|---|---|---|---|---|---|---|---|---
 7 |   |   |   | X |   | 0 |   |   | 7 
---|---|---|---|---|---|---|---|---|---
 8 |   |   |   |   |   |   |   |   | 8 
---|---|---|---|---|---|---|---|---|---
   | 1 | 2 | 3 | 4 | 5 | 6 | 7 | 8 |

It took 1 seconds to make this move...


White to move
WOEXXXXEEOOEXEXEEEXOOXXEEXXOXOEEEEEXOXXEEEXEXOEEEEEEXEOEEEEEEEEEE
(3,1) Depth reached: 4
   | 1 | 2 | 3 | 4 | 5 | 6 | 7 | 8 |
---|---|---|---|---|---|---|---|---|---
 1 | 0 |   | X | X | X | X |   |   | 1 
---|---|---|---|---|---|---|---|---|---
 2 | 0 | 0 |   | X |   | X |   |   | 2 
---|---|---|---|---|---|---|---|---|---
 3 | 0 | 0 | 0 | 0 | X | X |   |   | 3 
---|---|---|---|---|---|---|---|---|---
 4 | X | X | 0 | X | 0 |   |   |   | 4 
---|---|---|---|---|---|---|---|---|---
 5 |   |   | X | 0 | X | X |   |   | 5 
---|---|---|---|---|---|---|---|---|---
 6 |   | X |   | X | 0 |   |   |   | 6 
---|---|---|---|---|---|---|---|---|---
 7 |   |   |   | X |   | 0 |   |   | 7 
---|---|---|---|---|---|---|---|---|---
 8 |   |   |   |   |   |   |   |   | 8 
---|---|---|---|---|---|---|---|---|---
   | 1 | 2 | 3 | 4 | 5 | 6 | 7 | 8 |

It took 1 seconds to make this move...


Black to move
BOEXXXXEEOOEXEXEEOOOOXXEEXXOXOEEEEEXOXXEEEXEXOEEEEEEXEOEEEEEEEEEE
(2,3)
   | 1 | 2 | 3 | 4 | 5 | 6 | 7 | 8 |
---|---|---|---|---|---|---|---|---|---
 1 | 0 |   | X | X | X | X |   |   | 1 
---|---|---|---|---|---|---|---|---|---
 2 | 0 | 0 | X | X |   | X |   |   | 2 
---|---|---|---|---|---|---|---|---|---
 3 | 0 | X | X | X | X | X |   |   | 3 
---|---|---|---|---|---|---|---|---|---
 4 | X | X | X | X | X |   |   |   | 4 
---|---|---|---|---|---|---|---|---|---
 5 |   |   | X | 0 | X | X |   |   | 5 
---|---|---|---|---|---|---|---|---|---
 6 |   | X |   | X | 0 |   |   |   | 6 
---|---|---|---|---|---|---|---|---|---
 7 |   |   |   | X |   | 0 |   |   | 7 
---|---|---|---|---|---|---|---|---|---
 8 |   |   |   |   |   |   |   |   | 8 
---|---|---|---|---|---|---|---|---|---
   | 1 | 2 | 3 | 4 | 5 | 6 | 7 | 8 |

It took 0 seconds to make this move...


White to move
WOEXXXXEEOOXXEXEEOXXXXXEEXXXXXEEEEEXOXXEEEXEXOEEEEEEXEOEEEEEEEEEE
(5,1) Depth reached: 5
   | 1 | 2 | 3 | 4 | 5 | 6 | 7 | 8 |
---|---|---|---|---|---|---|---|---|---
 1 | 0 |   | X | X | X | X |   |   | 1 
---|---|---|---|---|---|---|---|---|---
 2 | 0 | 0 | X | X |   | X |   |   | 2 
---|---|---|---|---|---|---|---|---|---
 3 | 0 | X | X | X | X | X |   |   | 3 
---|---|---|---|---|---|---|---|---|---
 4 | 0 | X | X | X | X |   |   |   | 4 
---|---|---|---|---|---|---|---|---|---
 5 | 0 |   | X | 0 | X | X |   |   | 5 
---|---|---|---|---|---|---|---|---|---
 6 |   | X |   | X | 0 |   |   |   | 6 
---|---|---|---|---|---|---|---|---|---
 7 |   |   |   | X |   | 0 |   |   | 7 
---|---|---|---|---|---|---|---|---|---
 8 |   |   |   |   |   |   |   |   | 8 
---|---|---|---|---|---|---|---|---|---
   | 1 | 2 | 3 | 4 | 5 | 6 | 7 | 8 |

It took 1 seconds to make this move...


Black to move
BOEXXXXEEOOXXEXEEOXXXXXEEOXXXXEEEOEXOXXEEEXEXOEEEEEEXEOEEEEEEEEEE
(8,7)
   | 1 | 2 | 3 | 4 | 5 | 6 | 7 | 8 |
---|---|---|---|---|---|---|---|---|---
 1 | 0 |   | X | X | X | X |   |   | 1 
---|---|---|---|---|---|---|---|---|---
 2 | 0 | 0 | X | X |   | X |   |   | 2 
---|---|---|---|---|---|---|---|---|---
 3 | 0 | X | X | X | X | X |   |   | 3 
---|---|---|---|---|---|---|---|---|---
 4 | 0 | X | X | X | X |   |   |   | 4 
---|---|---|---|---|---|---|---|---|---
 5 | 0 |   | X | X | X | X |   |   | 5 
---|---|---|---|---|---|---|---|---|---
 6 |   | X |   | X | X |   |   |   | 6 
---|---|---|---|---|---|---|---|---|---
 7 |   |   |   | X |   | X |   |   | 7 
---|---|---|---|---|---|---|---|---|---
 8 |   |   |   |   |   |   | X |   | 8 
---|---|---|---|---|---|---|---|---|---
   | 1 | 2 | 3 | 4 | 5 | 6 | 7 | 8 |

It took 0 seconds to make this move...


White to move
WOEXXXXEEOOXXEXEEOXXXXXEEOXXXXEEEOEXXXXEEEXEXXEEEEEEXEXEEEEEEEEXE
(2,5) Depth reached: 5
   | 1 | 2 | 3 | 4 | 5 | 6 | 7 | 8 |
---|---|---|---|---|---|---|---|---|---
 1 | 0 |   | X | X | X | X |   |   | 1 
---|---|---|---|---|---|---|---|---|---
 2 | 0 | 0 | 0 | 0 | 0 | X |   |   | 2 
---|---|---|---|---|---|---|---|---|---
 3 | 0 | X | X | X | X | X |   |   | 3 
---|---|---|---|---|---|---|---|---|---
 4 | 0 | X | X | X | X |   |   |   | 4 
---|---|---|---|---|---|---|---|---|---
 5 | 0 |   | X | X | X | X |   |   | 5 
---|---|---|---|---|---|---|---|---|---
 6 |   | X |   | X | X |   |   |   | 6 
---|---|---|---|---|---|---|---|---|---
 7 |   |   |   | X |   | X |   |   | 7 
---|---|---|---|---|---|---|---|---|---
 8 |   |   |   |   |   |   | X |   | 8 
---|---|---|---|---|---|---|---|---|---
   | 1 | 2 | 3 | 4 | 5 | 6 | 7 | 8 |

It took 1 seconds to make this move...


Black to move
BOEXXXXEEOOOOOXEEOXXXXXEEOXXXXEEEOEXXXXEEEXEXXEEEEEEXEXEEEEEEEEXE
(1,2)
   | 1 | 2 | 3 | 4 | 5 | 6 | 7 | 8 |
---|---|---|---|---|---|---|---|---|---
 1 | 0 | X | X | X | X | X |   |   | 1 
---|---|---|---|---|---|---|---|---|---
 2 | 0 | X | X | 0 | 0 | X |   |   | 2 
---|---|---|---|---|---|---|---|---|---
 3 | 0 | X | X | X | X | X |   |   | 3 
---|---|---|---|---|---|---|---|---|---
 4 | 0 | X | X | X | X |   |   |   | 4 
---|---|---|---|---|---|---|---|---|---
 5 | 0 |   | X | X | X | X |   |   | 5 
---|---|---|---|---|---|---|---|---|---
 6 |   | X |   | X | X |   |   |   | 6 
---|---|---|---|---|---|---|---|---|---
 7 |   |   |   | X |   | X |   |   | 7 
---|---|---|---|---|---|---|---|---|---
 8 |   |   |   |   |   |   | X |   | 8 
---|---|---|---|---|---|---|---|---|---
   | 1 | 2 | 3 | 4 | 5 | 6 | 7 | 8 |

It took 0 seconds to make this move...


White to move
WOXXXXXEEOXXOOXEEOXXXXXEEOXXXXEEEOEXXXXEEEXEXXEEEEEEXEXEEEEEEEEXE
(1,7) Depth reached: 5
   | 1 | 2 | 3 | 4 | 5 | 6 | 7 | 8 |
---|---|---|---|---|---|---|---|---|---
 1 | 0 | 0 | 0 | 0 | 0 | 0 | 0 |   | 1 
---|---|---|---|---|---|---|---|---|---
 2 | 0 | X | X | 0 | 0 | X |   |   | 2 
---|---|---|---|---|---|---|---|---|---
 3 | 0 | X | X | X | X | X |   |   | 3 
---|---|---|---|---|---|---|---|---|---
 4 | 0 | X | X | X | X |   |   |   | 4 
---|---|---|---|---|---|---|---|---|---
 5 | 0 |   | X | X | X | X |   |   | 5 
---|---|---|---|---|---|---|---|---|---
 6 |   | X |   | X | X |   |   |   | 6 
---|---|---|---|---|---|---|---|---|---
 7 |   |   |   | X |   | X |   |   | 7 
---|---|---|---|---|---|---|---|---|---
 8 |   |   |   |   |   |   | X |   | 8 
---|---|---|---|---|---|---|---|---|---
   | 1 | 2 | 3 | 4 | 5 | 6 | 7 | 8 |

It took 1 seconds to make this move...


Black to move
BOOOOOOOEOXXOOXEEOXXXXXEEOXXXXEEEOEXXXXEEEXEXXEEEEEEXEXEEEEEEEEXE
pass
   | 1 | 2 | 3 | 4 | 5 | 6 | 7 | 8 |
---|---|---|---|---|---|---|---|---|---
 1 | 0 | 0 | 0 | 0 | 0 | 0 | 0 |   | 1 
---|---|---|---|---|---|---|---|---|---
 2 | 0 | X | X | 0 | 0 | X |   |   | 2 
---|---|---|---|---|---|---|---|---|---
 3 | 0 | X | X | X | X | X |   |   | 3 
---|---|---|---|---|---|---|---|---|---
 4 | 0 | X | X | X | X |   |   |   | 4 
---|---|---|---|---|---|---|---|---|---
 5 | 0 |   | X | X | X | X |   |   | 5 
---|---|---|---|---|---|---|---|---|---
 6 |   | X |   | X | X |   |   |   | 6 
---|---|---|---|---|---|---|---|---|---
 7 |   |   |   | X |   | X |   |   | 7 
---|---|---|---|---|---|---|---|---|---
 8 |   |   |   |   |   |   | X |   | 8 
---|---|---|---|---|---|---|---|---|---
   | 1 | 2 | 3 | 4 | 5 | 6 | 7 | 8 |

It took 0 seconds to make this move...


White to move
WOOOOOOOEOXXOOXEEOXXXXXEEOXXXXEEEOEXXXXEEEXEXXEEEEEEXEXEEEEEEEEXE
(5,2) Depth reached: 5
   | 1 | 2 | 3 | 4 | 5 | 6 | 7 | 8 |
---|---|---|---|---|---|---|---|---|---
 1 | 0 | 0 | 0 | 0 | 0 | 0 | 0 |   | 1 
---|---|---|---|---|---|---|---|---|---
 2 | 0 | 0 | X | 0 | 0 | X |   |   | 2 
---|---|---|---|---|---|---|---|---|---
 3 | 0 | 0 | X | 0 | X | X |   |   | 3 
---|---|---|---|---|---|---|---|---|---
 4 | 0 | 0 | 0 | X | X |   |   |   | 4 
---|---|---|---|---|---|---|---|---|---
 5 | 0 | 0 | X | X | X | X |   |   | 5 
---|---|---|---|---|---|---|---|---|---
 6 |   | X |   | X | X |   |   |   | 6 
---|---|---|---|---|---|---|---|---|---
 7 |   |   |   | X |   | X |   |   | 7 
---|---|---|---|---|---|---|---|---|---
 8 |   |   |   |   |   |   | X |   | 8 
---|---|---|---|---|---|---|---|---|---
   | 1 | 2 | 3 | 4 | 5 | 6 | 7 | 8 |

It took 1 seconds to make this move...


Black to move
BOOOOOOOEOOXOOXEEOOXOXXEEOOOXXEEEOOXXXXEEEXEXXEEEEEEXEXEEEEEEEEXE
pass
   | 1 | 2 | 3 | 4 | 5 | 6 | 7 | 8 |
---|---|---|---|---|---|---|---|---|---
 1 | 0 | 0 | 0 | 0 | 0 | 0 | 0 |   | 1 
---|---|---|---|---|---|---|---|---|---
 2 | 0 | 0 | X | 0 | 0 | X |   |   | 2 
---|---|---|---|---|---|---|---|---|---
 3 | 0 | 0 | X | 0 | X | X |   |   | 3 
---|---|---|---|---|---|---|---|---|---
 4 | 0 | 0 | 0 | X | X |   |   |   | 4 
---|---|---|---|---|---|---|---|---|---
 5 | 0 | 0 | X | X | X | X |   |   | 5 
---|---|---|---|---|---|---|---|---|---
 6 |   | X |   | X | X |   |   |   | 6 
---|---|---|---|---|---|---|---|---|---
 7 |   |   |   | X |   | X |   |   | 7 
---|---|---|---|---|---|---|---|---|---
 8 |   |   |   |   |   |   | X |   | 8 
---|---|---|---|---|---|---|---|---|---
   | 1 | 2 | 3 | 4 | 5 | 6 | 7 | 8 |

It took 0 seconds to make this move...


White to move
WOOOOOOOEOOXOOXEEOOXOXXEEOOOXXEEEOOXXXXEEEXEXXEEEEEEXEXEEEEEEEEXE
(6,6) Depth reached: 5
   | 1 | 2 | 3 | 4 | 5 | 6 | 7 | 8 |
---|---|---|---|---|---|---|---|---|---
 1 | 0 | 0 | 0 | 0 | 0 | 0 | 0 |   | 1 
---|---|---|---|---|---|---|---|---|---
 2 | 0 | 0 | X | 0 | 0 | X |   |   | 2 
---|---|---|---|---|---|---|---|---|---
 3 | 0 | 0 | 0 | 0 | X | X |   |   | 3 
---|---|---|---|---|---|---|---|---|---
 4 | 0 | 0 | 0 | 0 | X |   |   |   | 4 
---|---|---|---|---|---|---|---|---|---
 5 | 0 | 0 | X | X | 0 | X |   |   | 5 
---|---|---|---|---|---|---|---|---|---
 6 |   | X |   | X | X | 0 |   |   | 6 
---|---|---|---|---|---|---|---|---|---
 7 |   |   |   | X |   | X |   |   | 7 
---|---|---|---|---|---|---|---|---|---
 8 |   |   |   |   |   |   | X |   | 8 
---|---|---|---|---|---|---|---|---|---
   | 1 | 2 | 3 | 4 | 5 | 6 | 7 | 8 |

It took 1 seconds to make this move...


Black to move
BOOOOOOOEOOXOOXEEOOOOXXEEOOOOXEEEOOXXOXEEEXEXXOEEEEEXEXEEEEEEEEXE
(6,7)
   | 1 | 2 | 3 | 4 | 5 | 6 | 7 | 8 |
---|---|---|---|---|---|---|---|---|---
 1 | 0 | 0 | 0 | 0 | 0 | 0 | 0 |   | 1 
---|---|---|---|---|---|---|---|---|---
 2 | 0 | 0 | X | 0 | 0 | X |   |   | 2 
---|---|---|---|---|---|---|---|---|---
 3 | 0 | 0 | 0 | 0 | X | X |   |   | 3 
---|---|---|---|---|---|---|---|---|---
 4 | 0 | 0 | 0 | 0 | X |   |   |   | 4 
---|---|---|---|---|---|---|---|---|---
 5 | 0 | 0 | X | X | 0 | X |   |   | 5 
---|---|---|---|---|---|---|---|---|---
 6 |   | X |   | X | X | X | X |   | 6 
---|---|---|---|---|---|---|---|---|---
 7 |   |   |   | X |   | X |   |   | 7 
---|---|---|---|---|---|---|---|---|---
 8 |   |   |   |   |   |   | X |   | 8 
---|---|---|---|---|---|---|---|---|---
   | 1 | 2 | 3 | 4 | 5 | 6 | 7 | 8 |

It took 0 seconds to make this move...


White to move
WOOOOOOOEOOXOOXEEOOOOXXEEOOOOXEEEOOXXOXEEEXEXXXXEEEEXEXEEEEEEEEXE
(8,4) Depth reached: 5
   | 1 | 2 | 3 | 4 | 5 | 6 | 7 | 8 |
---|---|---|---|---|---|---|---|---|---
 1 | 0 | 0 | 0 | 0 | 0 | 0 | 0 |   | 1 
---|---|---|---|---|---|---|---|---|---
 2 | 0 | 0 | X | 0 | 0 | X |   |   | 2 
---|---|---|---|---|---|---|---|---|---
 3 | 0 | 0 | 0 | 0 | X | X |   |   | 3 
---|---|---|---|---|---|---|---|---|---
 4 | 0 | 0 | 0 | 0 | X |   |   |   | 4 
---|---|---|---|---|---|---|---|---|---
 5 | 0 | 0 | X | 0 | 0 | X |   |   | 5 
---|---|---|---|---|---|---|---|---|---
 6 |   | X |   | 0 | X | X | X |   | 6 
---|---|---|---|---|---|---|---|---|---
 7 |   |   |   | 0 |   | X |   |   | 7 
---|---|---|---|---|---|---|---|---|---
 8 |   |   |   | 0 |   |   | X |   | 8 
---|---|---|---|---|---|---|---|---|---
   | 1 | 2 | 3 | 4 | 5 | 6 | 7 | 8 |

It took 1 seconds to make this move...


Black to move
BOOOOOOOEOOXOOXEEOOOOXXEEOOOOXEEEOOXOOXEEEXEOXXXEEEEOEXEEEEEOEEXE
(6,3)
   | 1 | 2 | 3 | 4 | 5 | 6 | 7 | 8 |
---|---|---|---|---|---|---|---|---|---
 1 | 0 | 0 | 0 | 0 | 0 | 0 | 0 |   | 1 
---|---|---|---|---|---|---|---|---|---
 2 | 0 | 0 | X | 0 | 0 | X |   |   | 2 
---|---|---|---|---|---|---|---|---|---
 3 | 0 | 0 | 0 | 0 | X | X |   |   | 3 
---|---|---|---|---|---|---|---|---|---
 4 | 0 | 0 | 0 | 0 | X |   |   |   | 4 
---|---|---|---|---|---|---|---|---|---
 5 | 0 | 0 | X | X | 0 | X |   |   | 5 
---|---|---|---|---|---|---|---|---|---
 6 |   | X | X | X | X | X | X |   | 6 
---|---|---|---|---|---|---|---|---|---
 7 |   |   |   | 0 |   | X |   |   | 7 
---|---|---|---|---|---|---|---|---|---
 8 |   |   |   | 0 |   |   | X |   | 8 
---|---|---|---|---|---|---|---|---|---
   | 1 | 2 | 3 | 4 | 5 | 6 | 7 | 8 |

It took 0 seconds to make this move...


White to move
WOOOOOOOEOOXOOXEEOOOOXXEEOOOOXEEEOOXXOXEEEXXXXXXEEEEOEXEEEEEOEEXE
(7,8) Depth reached: 5
   | 1 | 2 | 3 | 4 | 5 | 6 | 7 | 8 |
---|---|---|---|---|---|---|---|---|---
 1 | 0 | 0 | 0 | 0 | 0 | 0 | 0 |   | 1 
---|---|---|---|---|---|---|---|---|---
 2 | 0 | 0 | X | 0 | 0 | X |   |   | 2 
---|---|---|---|---|---|---|---|---|---
 3 | 0 | 0 | 0 | 0 | X | X |   |   | 3 
---|---|---|---|---|---|---|---|---|---
 4 | 0 | 0 | 0 | 0 | 0 |   |   |   | 4 
---|---|---|---|---|---|---|---|---|---
 5 | 0 | 0 | X | X | 0 | 0 |   |   | 5 
---|---|---|---|---|---|---|---|---|---
 6 |   | X | X | X | X | X | 0 |   | 6 
---|---|---|---|---|---|---|---|---|---
 7 |   |   |   | 0 |   | X |   | 0 | 7 
---|---|---|---|---|---|---|---|---|---
 8 |   |   |   | 0 |   |   | X |   | 8 
---|---|---|---|---|---|---|---|---|---
   | 1 | 2 | 3 | 4 | 5 | 6 | 7 | 8 |

It took 1 seconds to make this move...


Black to move
BOOOOOOOEOOXOOXEEOOOOXXEEOOOOOEEEOOXXOOEEEXXXXXOEEEEOEXEOEEEOEEXE
(5,8)
   | 1 | 2 | 3 | 4 | 5 | 6 | 7 | 8 |
---|---|---|---|---|---|---|---|---|---
 1 | 0 | 0 | 0 | 0 | 0 | 0 | 0 |   | 1 
---|---|---|---|---|---|---|---|---|---
 2 | 0 | 0 | X | 0 | 0 | X |   |   | 2 
---|---|---|---|---|---|---|---|---|---
 3 | 0 | 0 | 0 | 0 | X | X |   |   | 3 
---|---|---|---|---|---|---|---|---|---
 4 | 0 | 0 | 0 | 0 | 0 |   |   |   | 4 
---|---|---|---|---|---|---|---|---|---
 5 | 0 | 0 | X | X | 0 | 0 |   | X | 5 
---|---|---|---|---|---|---|---|---|---
 6 |   | X | X | X | X | X | X |   | 6 
---|---|---|---|---|---|---|---|---|---
 7 |   |   |   | 0 |   | X |   | 0 | 7 
---|---|---|---|---|---|---|---|---|---
 8 |   |   |   | 0 |   |   | X |   | 8 
---|---|---|---|---|---|---|---|---|---
   | 1 | 2 | 3 | 4 | 5 | 6 | 7 | 8 |

It took 1 seconds to make this move...


White to move
WOOOOOOOEOOXOOXEEOOOOXXEEOOOOOEEEOOXXOOEXEXXXXXXEEEEOEXEOEEEOEEXE
(8,6) Depth reached: 6
   | 1 | 2 | 3 | 4 | 5 | 6 | 7 | 8 |
---|---|---|---|---|---|---|---|---|---
 1 | 0 | 0 | 0 | 0 | 0 | 0 | 0 |   | 1 
---|---|---|---|---|---|---|---|---|---
 2 | 0 | 0 | X | 0 | 0 | X |   |   | 2 
---|---|---|---|---|---|---|---|---|---
 3 | 0 | 0 | 0 | 0 | X | X |   |   | 3 
---|---|---|---|---|---|---|---|---|---
 4 | 0 | 0 | 0 | 0 | 0 |   |   |   | 4 
---|---|---|---|---|---|---|---|---|---
 5 | 0 | 0 | X | X | 0 | 0 |   | X | 5 
---|---|---|---|---|---|---|---|---|---
 6 |   | X | X | X | X | 0 | X |   | 6 
---|---|---|---|---|---|---|---|---|---
 7 |   |   |   | 0 |   | 0 |   | 0 | 7 
---|---|---|---|---|---|---|---|---|---
 8 |   |   |   | 0 |   | 0 | X |   | 8 
---|---|---|---|---|---|---|---|---|---
   | 1 | 2 | 3 | 4 | 5 | 6 | 7 | 8 |

It took 1 seconds to make this move...


Black to move
BOOOOOOOEOOXOOXEEOOOOXXEEOOOOOEEEOOXXOOEXEXXXXOXEEEEOEOEOEEEOEOXE
(5,7)
   | 1 | 2 | 3 | 4 | 5 | 6 | 7 | 8 |
---|---|---|---|---|---|---|---|---|---
 1 | 0 | 0 | 0 | 0 | 0 | 0 | 0 |   | 1 
---|---|---|---|---|---|---|---|---|---
 2 | 0 | 0 | X | 0 | 0 | X |   |   | 2 
---|---|---|---|---|---|---|---|---|---
 3 | 0 | 0 | 0 | 0 | X | X |   |   | 3 
---|---|---|---|---|---|---|---|---|---
 4 | 0 | 0 | 0 | 0 | 0 |   |   |   | 4 
---|---|---|---|---|---|---|---|---|---
 5 | 0 | 0 | X | X | X | X | X | X | 5 
---|---|---|---|---|---|---|---|---|---
 6 |   | X | X | X | X | 0 | X |   | 6 
---|---|---|---|---|---|---|---|---|---
 7 |   |   |   | 0 |   | 0 |   | 0 | 7 
---|---|---|---|---|---|---|---|---|---
 8 |   |   |   | 0 |   | 0 | X |   | 8 
---|---|---|---|---|---|---|---|---|---
   | 1 | 2 | 3 | 4 | 5 | 6 | 7 | 8 |

It took 0 seconds to make this move...


White to move
WOOOOOOOEOOXOOXEEOOOOXXEEOOOOOEEEOOXXXXXXEXXXXOXEEEEOEOEOEEEOEOXE
(8,8) Depth reached: 5
   | 1 | 2 | 3 | 4 | 5 | 6 | 7 | 8 |
---|---|---|---|---|---|---|---|---|---
 1 | 0 | 0 | 0 | 0 | 0 | 0 | 0 |   | 1 
---|---|---|---|---|---|---|---|---|---
 2 | 0 | 0 | X | 0 | 0 | X |   |   | 2 
---|---|---|---|---|---|---|---|---|---
 3 | 0 | 0 | 0 | 0 | X | X |   |   | 3 
---|---|---|---|---|---|---|---|---|---
 4 | 0 | 0 | 0 | 0 | 0 |   |   |   | 4 
---|---|---|---|---|---|---|---|---|---
 5 | 0 | 0 | X | X | X | X | X | X | 5 
---|---|---|---|---|---|---|---|---|---
 6 |   | X | X | X | X | 0 | X |   | 6 
---|---|---|---|---|---|---|---|---|---
 7 |   |   |   | 0 |   | 0 |   | 0 | 7 
---|---|---|---|---|---|---|---|---|---
 8 |   |   |   | 0 |   | 0 | 0 | 0 | 8 
---|---|---|---|---|---|---|---|---|---
   | 1 | 2 | 3 | 4 | 5 | 6 | 7 | 8 |

It took 1 seconds to make this move...


Black to move
BOOOOOOOEOOXOOXEEOOOOXXEEOOOOOEEEOOXXXXXXEXXXXOXEEEEOEOEOEEEOEOOO
(7,5)
   | 1 | 2 | 3 | 4 | 5 | 6 | 7 | 8 |
---|---|---|---|---|---|---|---|---|---
 1 | 0 | 0 | 0 | 0 | 0 | 0 | 0 |   | 1 
---|---|---|---|---|---|---|---|---|---
 2 | 0 | 0 | X | 0 | 0 | X |   |   | 2 
---|---|---|---|---|---|---|---|---|---
 3 | 0 | 0 | 0 | 0 | X | X |   |   | 3 
---|---|---|---|---|---|---|---|---|---
 4 | 0 | 0 | 0 | 0 | 0 |   |   |   | 4 
---|---|---|---|---|---|---|---|---|---
 5 | 0 | 0 | X | X | X | X | X | X | 5 
---|---|---|---|---|---|---|---|---|---
 6 |   | X | X | X | X | X | X |   | 6 
---|---|---|---|---|---|---|---|---|---
 7 |   |   |   | 0 | X | 0 |   | 0 | 7 
---|---|---|---|---|---|---|---|---|---
 8 |   |   |   | 0 |   | 0 | 0 | 0 | 8 
---|---|---|---|---|---|---|---|---|---
   | 1 | 2 | 3 | 4 | 5 | 6 | 7 | 8 |

It took 1 seconds to make this move...


White to move
WOOOOOOOEOOXOOXEEOOOOXXEEOOOOOEEEOOXXXXXXEXXXXXXEEEEOXOEOEEEOEOOO
(8,5) Depth reached: 6
   | 1 | 2 | 3 | 4 | 5 | 6 | 7 | 8 |
---|---|---|---|---|---|---|---|---|---
 1 | 0 | 0 | 0 | 0 | 0 | 0 | 0 |   | 1 
---|---|---|---|---|---|---|---|---|---
 2 | 0 | 0 | X | 0 | 0 | X |   |   | 2 
---|---|---|---|---|---|---|---|---|---
 3 | 0 | 0 | 0 | 0 | X | X |   |   | 3 
---|---|---|---|---|---|---|---|---|---
 4 | 0 | 0 | 0 | 0 | 0 |   |   |   | 4 
---|---|---|---|---|---|---|---|---|---
 5 | 0 | 0 | X | X | 0 | X | X | X | 5 
---|---|---|---|---|---|---|---|---|---
 6 |   | X | X | X | 0 | X | X |   | 6 
---|---|---|---|---|---|---|---|---|---
 7 |   |   |   | 0 | 0 | 0 |   | 0 | 7 
---|---|---|---|---|---|---|---|---|---
 8 |   |   |   | 0 | 0 | 0 | 0 | 0 | 8 
---|---|---|---|---|---|---|---|---|---
   | 1 | 2 | 3 | 4 | 5 | 6 | 7 | 8 |

It took 1 seconds to make this move...


Black to move
BOOOOOOOEOOXOOXEEOOOOXXEEOOOOOEEEOOXXOXXXEXXXOXXEEEEOOOEOEEEOOOOO
(4,6)
   | 1 | 2 | 3 | 4 | 5 | 6 | 7 | 8 |
---|---|---|---|---|---|---|---|---|---
 1 | 0 | 0 | 0 | 0 | 0 | 0 | 0 |   | 1 
---|---|---|---|---|---|---|---|---|---
 2 | 0 | 0 | X | 0 | 0 | X |   |   | 2 
---|---|---|---|---|---|---|---|---|---
 3 | 0 | 0 | 0 | 0 | X | X |   |   | 3 
---|---|---|---|---|---|---|---|---|---
 4 | 0 | 0 | 0 | 0 | 0 | X |   |   | 4 
---|---|---|---|---|---|---|---|---|---
 5 | 0 | 0 | X | X | X | X | X | X | 5 
---|---|---|---|---|---|---|---|---|---
 6 |   | X | X | X | 0 | X | X |   | 6 
---|---|---|---|---|---|---|---|---|---
 7 |   |   |   | 0 | 0 | 0 |   | 0 | 7 
---|---|---|---|---|---|---|---|---|---
 8 |   |   |   | 0 | 0 | 0 | 0 | 0 | 8 
---|---|---|---|---|---|---|---|---|---
   | 1 | 2 | 3 | 4 | 5 | 6 | 7 | 8 |

It took 0 seconds to make this move...


White to move
WOOOOOOOEOOXOOXEEOOOOXXEEOOOOOXEEOOXXXXXXEXXXOXXEEEEOOOEOEEEOOOOO
(7,7) Depth reached: 6
   | 1 | 2 | 3 | 4 | 5 | 6 | 7 | 8 |
---|---|---|---|---|---|---|---|---|---
 1 | 0 | 0 | 0 | 0 | 0 | 0 | 0 |   | 1 
---|---|---|---|---|---|---|---|---|---
 2 | 0 | 0 | X | 0 | 0 | X |   |   | 2 
---|---|---|---|---|---|---|---|---|---
 3 | 0 | 0 | 0 | 0 | X | X |   |   | 3 
---|---|---|---|---|---|---|---|---|---
 4 | 0 | 0 | 0 | 0 | 0 | X |   |   | 4 
---|---|---|---|---|---|---|---|---|---
 5 | 0 | 0 | X | X | 0 | X | X | X | 5 
---|---|---|---|---|---|---|---|---|---
 6 |   | X | X | X | 0 | 0 | X |   | 6 
---|---|---|---|---|---|---|---|---|---
 7 |   |   |   | 0 | 0 | 0 | 0 | 0 | 7 
---|---|---|---|---|---|---|---|---|---
 8 |   |   |   | 0 | 0 | 0 | 0 | 0 | 8 
---|---|---|---|---|---|---|---|---|---
   | 1 | 2 | 3 | 4 | 5 | 6 | 7 | 8 |

It took 1 seconds to make this move...


Black to move
BOOOOOOOEOOXOOXEEOOOOXXEEOOOOOXEEOOXXOXXXEXXXOOXEEEEOOOOOEEEOOOOO
(8,3)
   | 1 | 2 | 3 | 4 | 5 | 6 | 7 | 8 |
---|---|---|---|---|---|---|---|---|---
 1 | 0 | 0 | 0 | 0 | 0 | 0 | 0 |   | 1 
---|---|---|---|---|---|---|---|---|---
 2 | 0 | 0 | X | 0 | 0 | X |   |   | 2 
---|---|---|---|---|---|---|---|---|---
 3 | 0 | 0 | 0 | 0 | X | X |   |   | 3 
---|---|---|---|---|---|---|---|---|---
 4 | 0 | 0 | 0 | 0 | 0 | X |   |   | 4 
---|---|---|---|---|---|---|---|---|---
 5 | 0 | 0 | X | X | 0 | X | X | X | 5 
---|---|---|---|---|---|---|---|---|---
 6 |   | X | X | X | X | 0 | X |   | 6 
---|---|---|---|---|---|---|---|---|---
 7 |   |   |   | X | 0 | 0 | 0 | 0 | 7 
---|---|---|---|---|---|---|---|---|---
 8 |   |   | X | 0 | 0 | 0 | 0 | 0 | 8 
---|---|---|---|---|---|---|---|---|---
   | 1 | 2 | 3 | 4 | 5 | 6 | 7 | 8 |

It took 0 seconds to make this move...


White to move
WOOOOOOOEOOXOOXEEOOOOXXEEOOOOOXEEOOXXOXXXEXXXXOXEEEEXOOOOEEXOOOOO
(6,8) Depth reached: 6
   | 1 | 2 | 3 | 4 | 5 | 6 | 7 | 8 |
---|---|---|---|---|---|---|---|---|---
 1 | 0 | 0 | 0 | 0 | 0 | 0 | 0 |   | 1 
---|---|---|---|---|---|---|---|---|---
 2 | 0 | 0 | X | 0 | 0 | X |   |   | 2 
---|---|---|---|---|---|---|---|---|---
 3 | 0 | 0 | 0 | 0 | 0 | X |   |   | 3 
---|---|---|---|---|---|---|---|---|---
 4 | 0 | 0 | 0 | 0 | 0 | 0 |   |   | 4 
---|---|---|---|---|---|---|---|---|---
 5 | 0 | 0 | X | X | 0 | X | 0 | X | 5 
---|---|---|---|---|---|---|---|---|---
 6 |   | X | X | X | X | 0 | 0 | 0 | 6 
---|---|---|---|---|---|---|---|---|---
 7 |   |   |   | X | 0 | 0 | 0 | 0 | 7 
---|---|---|---|---|---|---|---|---|---
 8 |   |   | X | 0 | 0 | 0 | 0 | 0 | 8 
---|---|---|---|---|---|---|---|---|---
   | 1 | 2 | 3 | 4 | 5 | 6 | 7 | 8 |

It took 1 seconds to make this move...


Black to move
BOOOOOOOEOOXOOXEEOOOOOXEEOOOOOOEEOOXXOXOXEXXXXOOOEEEXOOOOEEXOOOOO
(3,7)
   | 1 | 2 | 3 | 4 | 5 | 6 | 7 | 8 |
---|---|---|---|---|---|---|---|---|---
 1 | 0 | 0 | 0 | 0 | 0 | 0 | 0 |   | 1 
---|---|---|---|---|---|---|---|---|---
 2 | 0 | 0 | X | 0 | 0 | X |   |   | 2 
---|---|---|---|---|---|---|---|---|---
 3 | 0 | 0 | 0 | 0 | 0 | X | X |   | 3 
---|---|---|---|---|---|---|---|---|---
 4 | 0 | 0 | 0 | 0 | 0 | X |   |   | 4 
---|---|---|---|---|---|---|---|---|---
 5 | 0 | 0 | X | X | X | X | 0 | X | 5 
---|---|---|---|---|---|---|---|---|---
 6 |   | X | X | X | X | 0 | 0 | 0 | 6 
---|---|---|---|---|---|---|---|---|---
 7 |   |   |   | X | 0 | 0 | 0 | 0 | 7 
---|---|---|---|---|---|---|---|---|---
 8 |   |   | X | 0 | 0 | 0 | 0 | 0 | 8 
---|---|---|---|---|---|---|---|---|---
   | 1 | 2 | 3 | 4 | 5 | 6 | 7 | 8 |

It took 0 seconds to make this move...


White to move
WOOOOOOOEOOXOOXEEOOOOOXXEOOOOOXEEOOXXXXOXEXXXXOOOEEEXOOOOEEXOOOOO
(8,2) Depth reached: 6
   | 1 | 2 | 3 | 4 | 5 | 6 | 7 | 8 |
---|---|---|---|---|---|---|---|---|---
 1 | 0 | 0 | 0 | 0 | 0 | 0 | 0 |   | 1 
---|---|---|---|---|---|---|---|---|---
 2 | 0 | 0 | X | 0 | 0 | X |   |   | 2 
---|---|---|---|---|---|---|---|---|---
 3 | 0 | 0 | 0 | 0 | 0 | X | X |   | 3 
---|---|---|---|---|---|---|---|---|---
 4 | 0 | 0 | 0 | 0 | 0 | X |   |   | 4 
---|---|---|---|---|---|---|---|---|---
 5 | 0 | 0 | X | X | X | X | 0 | X | 5 
---|---|---|---|---|---|---|---|---|---
 6 |   | X | X | X | X | 0 | 0 | 0 | 6 
---|---|---|---|---|---|---|---|---|---
 7 |   |   |   | X | 0 | 0 | 0 | 0 | 7 
---|---|---|---|---|---|---|---|---|---
 8 |   | 0 | 0 | 0 | 0 | 0 | 0 | 0 | 8 
---|---|---|---|---|---|---|---|---|---
   | 1 | 2 | 3 | 4 | 5 | 6 | 7 | 8 |

It took 1 seconds to make this move...


Black to move
BOOOOOOOEOOXOOXEEOOOOOXXEOOOOOXEEOOXXXXOXEXXXXOOOEEEXOOOOEOOOOOOO
pass
   | 1 | 2 | 3 | 4 | 5 | 6 | 7 | 8 |
---|---|---|---|---|---|---|---|---|---
 1 | 0 | 0 | 0 | 0 | 0 | 0 | 0 |   | 1 
---|---|---|---|---|---|---|---|---|---
 2 | 0 | 0 | X | 0 | 0 | X |   |   | 2 
---|---|---|---|---|---|---|---|---|---
 3 | 0 | 0 | 0 | 0 | 0 | X | X |   | 3 
---|---|---|---|---|---|---|---|---|---
 4 | 0 | 0 | 0 | 0 | 0 | X |   |   | 4 
---|---|---|---|---|---|---|---|---|---
 5 | 0 | 0 | X | X | X | X | 0 | X | 5 
---|---|---|---|---|---|---|---|---|---
 6 |   | X | X | X | X | 0 | 0 | 0 | 6 
---|---|---|---|---|---|---|---|---|---
 7 |   |   |   | X | 0 | 0 | 0 | 0 | 7 
---|---|---|---|---|---|---|---|---|---
 8 |   | 0 | 0 | 0 | 0 | 0 | 0 | 0 | 8 
---|---|---|---|---|---|---|---|---|---
   | 1 | 2 | 3 | 4 | 5 | 6 | 7 | 8 |

It took 0 seconds to make this move...


White to move
WOOOOOOOEOOXOOXEEOOOOOXXEOOOOOXEEOOXXXXOXEXXXXOOOEEEXOOOOEOOOOOOO
(6,1) Depth reached: 7
   | 1 | 2 | 3 | 4 | 5 | 6 | 7 | 8 |
---|---|---|---|---|---|---|---|---|---
 1 | 0 | 0 | 0 | 0 | 0 | 0 | 0 |   | 1 
---|---|---|---|---|---|---|---|---|---
 2 | 0 | 0 | X | 0 | 0 | X |   |   | 2 
---|---|---|---|---|---|---|---|---|---
 3 | 0 | 0 | 0 | 0 | 0 | X | X |   | 3 
---|---|---|---|---|---|---|---|---|---
 4 | 0 | 0 | 0 | 0 | 0 | X |   |   | 4 
---|---|---|---|---|---|---|---|---|---
 5 | 0 | 0 | X | X | X | X | 0 | X | 5 
---|---|---|---|---|---|---|---|---|---
 6 | 0 | 0 | 0 | 0 | 0 | 0 | 0 | 0 | 6 
---|---|---|---|---|---|---|---|---|---
 7 |   |   |   | X | 0 | 0 | 0 | 0 | 7 
---|---|---|---|---|---|---|---|---|---
 8 |   | 0 | 0 | 0 | 0 | 0 | 0 | 0 | 8 
---|---|---|---|---|---|---|---|---|---
   | 1 | 2 | 3 | 4 | 5 | 6 | 7 | 8 |

It took 1 seconds to make this move...


Black to move
BOOOOOOOEOOXOOXEEOOOOOXXEOOOOOXEEOOXXXXOXOOOOOOOOEEEXOOOOEOOOOOOO
(7,3)
   | 1 | 2 | 3 | 4 | 5 | 6 | 7 | 8 |
---|---|---|---|---|---|---|---|---|---
 1 | 0 | 0 | 0 | 0 | 0 | 0 | 0 |   | 1 
---|---|---|---|---|---|---|---|---|---
 2 | 0 | 0 | X | 0 | 0 | X |   |   | 2 
---|---|---|---|---|---|---|---|---|---
 3 | 0 | 0 | 0 | 0 | 0 | X | X |   | 3 
---|---|---|---|---|---|---|---|---|---
 4 | 0 | 0 | 0 | 0 | 0 | X |   |   | 4 
---|---|---|---|---|---|---|---|---|---
 5 | 0 | 0 | X | X | X | X | 0 | X | 5 
---|---|---|---|---|---|---|---|---|---
 6 | 0 | 0 | X | X | 0 | 0 | 0 | 0 | 6 
---|---|---|---|---|---|---|---|---|---
 7 |   |   | X | X | 0 | 0 | 0 | 0 | 7 
---|---|---|---|---|---|---|---|---|---
 8 |   | 0 | 0 | 0 | 0 | 0 | 0 | 0 | 8 
---|---|---|---|---|---|---|---|---|---
   | 1 | 2 | 3 | 4 | 5 | 6 | 7 | 8 |

It took 0 seconds to make this move...


White to move
WOOOOOOOEOOXOOXEEOOOOOXXEOOOOOXEEOOXXXXOXOOXXOOOOEEXXOOOOEOOOOOOO
(2,8) Depth reached: 9
   | 1 | 2 | 3 | 4 | 5 | 6 | 7 | 8 |
---|---|---|---|---|---|---|---|---|---
 1 | 0 | 0 | 0 | 0 | 0 | 0 | 0 |   | 1 
---|---|---|---|---|---|---|---|---|---
 2 | 0 | 0 | X | 0 | 0 | X |   | 0 | 2 
---|---|---|---|---|---|---|---|---|---
 3 | 0 | 0 | 0 | 0 | 0 | X | 0 |   | 3 
---|---|---|---|---|---|---|---|---|---
 4 | 0 | 0 | 0 | 0 | 0 | 0 |   |   | 4 
---|---|---|---|---|---|---|---|---|---
 5 | 0 | 0 | X | X | 0 | X | 0 | X | 5 
---|---|---|---|---|---|---|---|---|---
 6 | 0 | 0 | X | 0 | 0 | 0 | 0 | 0 | 6 
---|---|---|---|---|---|---|---|---|---
 7 |   |   | 0 | X | 0 | 0 | 0 | 0 | 7 
---|---|---|---|---|---|---|---|---|---
 8 |   | 0 | 0 | 0 | 0 | 0 | 0 | 0 | 8 
---|---|---|---|---|---|---|---|---|---
   | 1 | 2 | 3 | 4 | 5 | 6 | 7 | 8 |

It took 1 seconds to make this move...


Black to move
BOOOOOOOEOOXOOXEOOOOOOXOEOOOOOOEEOOXXOXOXOOXOOOOOEEOXOOOOEOOOOOOO
(7,1)
   | 1 | 2 | 3 | 4 | 5 | 6 | 7 | 8 |
---|---|---|---|---|---|---|---|---|---
 1 | 0 | 0 | 0 | 0 | 0 | 0 | 0 |   | 1 
---|---|---|---|---|---|---|---|---|---
 2 | 0 | 0 | X | 0 | 0 | X |   | 0 | 2 
---|---|---|---|---|---|---|---|---|---
 3 | 0 | 0 | 0 | 0 | 0 | X | 0 |   | 3 
---|---|---|---|---|---|---|---|---|---
 4 | 0 | 0 | 0 | 0 | 0 | 0 |   |   | 4 
---|---|---|---|---|---|---|---|---|---
 5 | 0 | 0 | X | X | 0 | X | 0 | X | 5 
---|---|---|---|---|---|---|---|---|---
 6 | 0 | X | X | 0 | 0 | 0 | 0 | 0 | 6 
---|---|---|---|---|---|---|---|---|---
 7 | X |   | 0 | X | 0 | 0 | 0 | 0 | 7 
---|---|---|---|---|---|---|---|---|---
 8 |   | 0 | 0 | 0 | 0 | 0 | 0 | 0 | 8 
---|---|---|---|---|---|---|---|---|---
   | 1 | 2 | 3 | 4 | 5 | 6 | 7 | 8 |

It took 0 seconds to make this move...


White to move
WOOOOOOOEOOXOOXEOOOOOOXOEOOOOOOEEOOXXOXOXOXXOOOOOXEOXOOOOEOOOOOOO
(8,1) Depth reached: 24
   | 1 | 2 | 3 | 4 | 5 | 6 | 7 | 8 |
---|---|---|---|---|---|---|---|---|---
 1 | 0 | 0 | 0 | 0 | 0 | 0 | 0 |   | 1 
---|---|---|---|---|---|---|---|---|---
 2 | 0 | 0 | X | 0 | 0 | X |   | 0 | 2 
---|---|---|---|---|---|---|---|---|---
 3 | 0 | 0 | 0 | 0 | 0 | X | 0 |   | 3 
---|---|---|---|---|---|---|---|---|---
 4 | 0 | 0 | 0 | 0 | 0 | 0 |   |   | 4 
---|---|---|---|---|---|---|---|---|---
 5 | 0 | 0 | X | X | 0 | X | 0 | X | 5 
---|---|---|---|---|---|---|---|---|---
 6 | 0 | X | X | 0 | 0 | 0 | 0 | 0 | 6 
---|---|---|---|---|---|---|---|---|---
 7 | 0 |   | 0 | X | 0 | 0 | 0 | 0 | 7 
---|---|---|---|---|---|---|---|---|---
 8 | 0 | 0 | 0 | 0 | 0 | 0 | 0 | 0 | 8 
---|---|---|---|---|---|---|---|---|---
   | 1 | 2 | 3 | 4 | 5 | 6 | 7 | 8 |

It took 1 seconds to make this move...


Black to move
BOOOOOOOEOOXOOXEOOOOOOXOEOOOOOOEEOOXXOXOXOXXOOOOOOEOXOOOOOOOOOOOO
(3,8)
   | 1 | 2 | 3 | 4 | 5 | 6 | 7 | 8 |
---|---|---|---|---|---|---|---|---|---
 1 | 0 | 0 | 0 | 0 | 0 | 0 | 0 |   | 1 
---|---|---|---|---|---|---|---|---|---
 2 | 0 | 0 | X | 0 | 0 | X |   | 0 | 2 
---|---|---|---|---|---|---|---|---|---
 3 | 0 | 0 | 0 | 0 | 0 | X | X | X | 3 
---|---|---|---|---|---|---|---|---|---
 4 | 0 | 0 | 0 | 0 | 0 | 0 |   |   | 4 
---|---|---|---|---|---|---|---|---|---
 5 | 0 | 0 | X | X | 0 | X | 0 | X | 5 
---|---|---|---|---|---|---|---|---|---
 6 | 0 | X | X | 0 | 0 | 0 | 0 | 0 | 6 
---|---|---|---|---|---|---|---|---|---
 7 | 0 |   | 0 | X | 0 | 0 | 0 | 0 | 7 
---|---|---|---|---|---|---|---|---|---
 8 | 0 | 0 | 0 | 0 | 0 | 0 | 0 | 0 | 8 
---|---|---|---|---|---|---|---|---|---
   | 1 | 2 | 3 | 4 | 5 | 6 | 7 | 8 |

It took 1 seconds to make this move...


White to move
WOOOOOOOEOOXOOXEOOOOOOXXXOOOOOOEEOOXXOXOXOXXOOOOOOEOXOOOOOOOOOOOO
(4,8) Depth reached: 57
   | 1 | 2 | 3 | 4 | 5 | 6 | 7 | 8 |
---|---|---|---|---|---|---|---|---|---
 1 | 0 | 0 | 0 | 0 | 0 | 0 | 0 |   | 1 
---|---|---|---|---|---|---|---|---|---
 2 | 0 | 0 | X | 0 | 0 | 0 |   | 0 | 2 
---|---|---|---|---|---|---|---|---|---
 3 | 0 | 0 | 0 | 0 | 0 | X | 0 | 0 | 3 
---|---|---|---|---|---|---|---|---|---
 4 | 0 | 0 | 0 | 0 | 0 | 0 |   | 0 | 4 
---|---|---|---|---|---|---|---|---|---
 5 | 0 | 0 | X | X | 0 | X | 0 | 0 | 5 
---|---|---|---|---|---|---|---|---|---
 6 | 0 | X | X | 0 | 0 | 0 | 0 | 0 | 6 
---|---|---|---|---|---|---|---|---|---
 7 | 0 |   | 0 | X | 0 | 0 | 0 | 0 | 7 
---|---|---|---|---|---|---|---|---|---
 8 | 0 | 0 | 0 | 0 | 0 | 0 | 0 | 0 | 8 
---|---|---|---|---|---|---|---|---|---
   | 1 | 2 | 3 | 4 | 5 | 6 | 7 | 8 |

It took 1 seconds to make this move...


Black to move
BOOOOOOOEOOXOOOEOOOOOOXOOOOOOOOEOOOXXOXOOOXXOOOOOOEOXOOOOOOOOOOOO
(2,7)
   | 1 | 2 | 3 | 4 | 5 | 6 | 7 | 8 |
---|---|---|---|---|---|---|---|---|---
 1 | 0 | 0 | 0 | 0 | 0 | 0 | 0 |   | 1 
---|---|---|---|---|---|---|---|---|---
 2 | 0 | 0 | X | X | X | X | X | 0 | 2 
---|---|---|---|---|---|---|---|---|---
 3 | 0 | 0 | 0 | 0 | 0 | X | 0 | 0 | 3 
---|---|---|---|---|---|---|---|---|---
 4 | 0 | 0 | 0 | 0 | 0 | 0 |   | 0 | 4 
---|---|---|---|---|---|---|---|---|---
 5 | 0 | 0 | X | X | 0 | X | 0 | 0 | 5 
---|---|---|---|---|---|---|---|---|---
 6 | 0 | X | X | 0 | 0 | 0 | 0 | 0 | 6 
---|---|---|---|---|---|---|---|---|---
 7 | 0 |   | 0 | X | 0 | 0 | 0 | 0 | 7 
---|---|---|---|---|---|---|---|---|---
 8 | 0 | 0 | 0 | 0 | 0 | 0 | 0 | 0 | 8 
---|---|---|---|---|---|---|---|---|---
   | 1 | 2 | 3 | 4 | 5 | 6 | 7 | 8 |

It took 0 seconds to make this move...


White to move
WOOOOOOOEOOXXXXXOOOOOOXOOOOOOOOEOOOXXOXOOOXXOOOOOOEOXOOOOOOOOOOOO
(7,2) Depth reached: 130
   | 1 | 2 | 3 | 4 | 5 | 6 | 7 | 8 |
---|---|---|---|---|---|---|---|---|---
 1 | 0 | 0 | 0 | 0 | 0 | 0 | 0 |   | 1 
---|---|---|---|---|---|---|---|---|---
 2 | 0 | 0 | X | X | X | X | X | 0 | 2 
---|---|---|---|---|---|---|---|---|---
 3 | 0 | 0 | 0 | 0 | 0 | X | 0 | 0 | 3 
---|---|---|---|---|---|---|---|---|---
 4 | 0 | 0 | 0 | 0 | 0 | 0 |   | 0 | 4 
---|---|---|---|---|---|---|---|---|---
 5 | 0 | 0 | X | 0 | 0 | X | 0 | 0 | 5 
---|---|---|---|---|---|---|---|---|---
 6 | 0 | 0 | 0 | 0 | 0 | 0 | 0 | 0 | 6 
---|---|---|---|---|---|---|---|---|---
 7 | 0 | 0 | 0 | X | 0 | 0 | 0 | 0 | 7 
---|---|---|---|---|---|---|---|---|---
 8 | 0 | 0 | 0 | 0 | 0 | 0 | 0 | 0 | 8 
---|---|---|---|---|---|---|---|---|---
   | 1 | 2 | 3 | 4 | 5 | 6 | 7 | 8 |

It took 1 seconds to make this move...


Black to move
BOOOOOOOEOOXXXXXOOOOOOXOOOOOOOOEOOOXOOXOOOOOOOOOOOOOXOOOOOOOOOOOO
(4,7)
   | 1 | 2 | 3 | 4 | 5 | 6 | 7 | 8 |
---|---|---|---|---|---|---|---|---|---
 1 | 0 | 0 | 0 | 0 | 0 | 0 | 0 |   | 1 
---|---|---|---|---|---|---|---|---|---
 2 | 0 | 0 | X | X | X | X | X | 0 | 2 
---|---|---|---|---|---|---|---|---|---
 3 | 0 | 0 | 0 | 0 | 0 | X | X | 0 | 3 
---|---|---|---|---|---|---|---|---|---
 4 | 0 | 0 | 0 | 0 | 0 | 0 | X | 0 | 4 
---|---|---|---|---|---|---|---|---|---
 5 | 0 | 0 | X | 0 | 0 | X | 0 | 0 | 5 
---|---|---|---|---|---|---|---|---|---
 6 | 0 | 0 | 0 | 0 | 0 | 0 | 0 | 0 | 6 
---|---|---|---|---|---|---|---|---|---
 7 | 0 | 0 | 0 | X | 0 | 0 | 0 | 0 | 7 
---|---|---|---|---|---|---|---|---|---
 8 | 0 | 0 | 0 | 0 | 0 | 0 | 0 | 0 | 8 
---|---|---|---|---|---|---|---|---|---
   | 1 | 2 | 3 | 4 | 5 | 6 | 7 | 8 |

It took 0 seconds to make this move...


White to move
WOOOOOOOEOOXXXXXOOOOOOXXOOOOOOOXOOOXOOXOOOOOOOOOOOOOXOOOOOOOOOOOO
(1,8) Depth reached: 300
   | 1 | 2 | 3 | 4 | 5 | 6 | 7 | 8 |
---|---|---|---|---|---|---|---|---|---
 1 | 0 | 0 | 0 | 0 | 0 | 0 | 0 | 0 | 1 
---|---|---|---|---|---|---|---|---|---
 2 | 0 | 0 | X | X | X | X | 0 | 0 | 2 
---|---|---|---|---|---|---|---|---|---
 3 | 0 | 0 | 0 | 0 | 0 | 0 | X | 0 | 3 
---|---|---|---|---|---|---|---|---|---
 4 | 0 | 0 | 0 | 0 | 0 | 0 | X | 0 | 4 
---|---|---|---|---|---|---|---|---|---
 5 | 0 | 0 | X | 0 | 0 | X | 0 | 0 | 5 
---|---|---|---|---|---|---|---|---|---
 6 | 0 | 0 | 0 | 0 | 0 | 0 | 0 | 0 | 6 
---|---|---|---|---|---|---|---|---|---
 7 | 0 | 0 | 0 | X | 0 | 0 | 0 | 0 | 7 
---|---|---|---|---|---|---|---|---|---
 8 | 0 | 0 | 0 | 0 | 0 | 0 | 0 | 0 | 8 
---|---|---|---|---|---|---|---|---|---
   | 1 | 2 | 3 | 4 | 5 | 6 | 7 | 8 |

It took 1 seconds to make this move...


Black to move
BOOOOOOOOOOXXXXOOOOOOOOXOOOOOOOXOOOXOOXOOOOOOOOOOOOOXOOOOOOOOOOOO
pass
   | 1 | 2 | 3 | 4 | 5 | 6 | 7 | 8 |
---|---|---|---|---|---|---|---|---|---
 1 | 0 | 0 | 0 | 0 | 0 | 0 | 0 | 0 | 1 
---|---|---|---|---|---|---|---|---|---
 2 | 0 | 0 | X | X | X | X | 0 | 0 | 2 
---|---|---|---|---|---|---|---|---|---
 3 | 0 | 0 | 0 | 0 | 0 | 0 | X | 0 | 3 
---|---|---|---|---|---|---|---|---|---
 4 | 0 | 0 | 0 | 0 | 0 | 0 | X | 0 | 4 
---|---|---|---|---|---|---|---|---|---
 5 | 0 | 0 | X | 0 | 0 | X | 0 | 0 | 5 
---|---|---|---|---|---|---|---|---|---
 6 | 0 | 0 | 0 | 0 | 0 | 0 | 0 | 0 | 6 
---|---|---|---|---|---|---|---|---|---
 7 | 0 | 0 | 0 | X | 0 | 0 | 0 | 0 | 7 
---|---|---|---|---|---|---|---|---|---
 8 | 0 | 0 | 0 | 0 | 0 | 0 | 0 | 0 | 8 
---|---|---|---|---|---|---|---|---|---
   | 1 | 2 | 3 | 4 | 5 | 6 | 7 | 8 |

It took 0 seconds to make this move...


White to move
WOOOOOOOOOOXXXXOOOOOOOOXOOOOOOOXOOOXOOXOOOOOOOOOOOOOXOOOOOOOOOOOO
pass
   | 1 | 2 | 3 | 4 | 5 | 6 | 7 | 8 |
---|---|---|---|---|---|---|---|---|---
 1 | 0 | 0 | 0 | 0 | 0 | 0 | 0 | 0 | 1 
---|---|---|---|---|---|---|---|---|---
 2 | 0 | 0 | X | X | X | X | 0 | 0 | 2 
---|---|---|---|---|---|---|---|---|---
 3 | 0 | 0 | 0 | 0 | 0 | 0 | X | 0 | 3 
---|---|---|---|---|---|---|---|---|---
 4 | 0 | 0 | 0 | 0 | 0 | 0 | X | 0 | 4 
---|---|---|---|---|---|---|---|---|---
 5 | 0 | 0 | X | 0 | 0 | X | 0 | 0 | 5 
---|---|---|---|---|---|---|---|---|---
 6 | 0 | 0 | 0 | 0 | 0 | 0 | 0 | 0 | 6 
---|---|---|---|---|---|---|---|---|---
 7 | 0 | 0 | 0 | X | 0 | 0 | 0 | 0 | 7 
---|---|---|---|---|---|---|---|---|---
 8 | 0 | 0 | 0 | 0 | 0 | 0 | 0 | 0 | 8 
---|---|---|---|---|---|---|---|---|---
   | 1 | 2 | 3 | 4 | 5 | 6 | 7 | 8 |

It took 1 seconds to make this move...
***************************************
Results for ../Python/othello.sh vs. ./othello_naive.sh:
White won with 46 points
Average time for white: 1.0 s (max: 1 s)
Average time for black: 0.2 s (max: 1 s)
***************************************
