   | 1 | 2 | 3 | 4 | 5 | 6 | 7 | 8 |
---|---|---|---|---|---|---|---|---|---
 1 |   |   |   |   |   |   |   |   | 1 
---|---|---|---|---|---|---|---|---|---
 2 |   |   |   |   |   |   |   |   | 2 
---|---|---|---|---|---|---|---|---|---
 3 |   |   |   |   |   |   |   |   | 3 
---|---|---|---|---|---|---|---|---|---
 4 |   |   |   | 0 | X |   |   |   | 4 
---|---|---|---|---|---|---|---|---|---
 5 |   |   |   | X | 0 |   |   |   | 5 
---|---|---|---|---|---|---|---|---|---
 6 |   |   |   |   |   |   |   |   | 6 
---|---|---|---|---|---|---|---|---|---
 7 |   |   |   |   |   |   |   |   | 7 
---|---|---|---|---|---|---|---|---|---
 8 |   |   |   |   |   |   |   |   | 8 
---|---|---|---|---|---|---|---|---|---
   | 1 | 2 | 3 | 4 | 5 | 6 | 7 | 8 |



White to move
WEEEEEEEEEEEEEEEEEEEEEEEEEEEOXEEEEEEXOEEEEEEEEEEEEEEEEEEEEEEEEEEE
(3,5)
   | 1 | 2 | 3 | 4 | 5 | 6 | 7 | 8 |
---|---|---|---|---|---|---|---|---|---
 1 |   |   |   |   |   |   |   |   | 1 
---|---|---|---|---|---|---|---|---|---
 2 |   |   |   |   |   |   |   |   | 2 
---|---|---|---|---|---|---|---|---|---
 3 |   |   |   |   | 0 |   |   |   | 3 
---|---|---|---|---|---|---|---|---|---
 4 |   |   |   | 0 | 0 |   |   |   | 4 
---|---|---|---|---|---|---|---|---|---
 5 |   |   |   | X | 0 |   |   |   | 5 
---|---|---|---|---|---|---|---|---|---
 6 |   |   |   |   |   |   |   |   | 6 
---|---|---|---|---|---|---|---|---|---
 7 |   |   |   |   |   |   |   |   | 7 
---|---|---|---|---|---|---|---|---|---
 8 |   |   |   |   |   |   |   |   | 8 
---|---|---|---|---|---|---|---|---|---
   | 1 | 2 | 3 | 4 | 5 | 6 | 7 | 8 |

It took 0 seconds to make this move...


Black to move
BEEEEEEEEEEEEEEEEEEEEOEEEEEEOOEEEEEEXOEEEEEEEEEEEEEEEEEEEEEEEEEEE
(3,6) Depth reached: 7
   | 1 | 2 | 3 | 4 | 5 | 6 | 7 | 8 |
---|---|---|---|---|---|---|---|---|---
 1 |   |   |   |   |   |   |   |   | 1 
---|---|---|---|---|---|---|---|---|---
 2 |   |   |   |   |   |   |   |   | 2 
---|---|---|---|---|---|---|---|---|---
 3 |   |   |   |   | 0 | X |   |   | 3 
---|---|---|---|---|---|---|---|---|---
 4 |   |   |   | 0 | X |   |   |   | 4 
---|---|---|---|---|---|---|---|---|---
 5 |   |   |   | X | 0 |   |   |   | 5 
---|---|---|---|---|---|---|---|---|---
 6 |   |   |   |   |   |   |   |   | 6 
---|---|---|---|---|---|---|---|---|---
 7 |   |   |   |   |   |   |   |   | 7 
---|---|---|---|---|---|---|---|---|---
 8 |   |   |   |   |   |   |   |   | 8 
---|---|---|---|---|---|---|---|---|---
   | 1 | 2 | 3 | 4 | 5 | 6 | 7 | 8 |

It took 2 seconds to make this move...


White to move
WEEEEEEEEEEEEEEEEEEEEOXEEEEEOXEEEEEEXOEEEEEEEEEEEEEEEEEEEEEEEEEEE
(5,3)
   | 1 | 2 | 3 | 4 | 5 | 6 | 7 | 8 |
---|---|---|---|---|---|---|---|---|---
 1 |   |   |   |   |   |   |   |   | 1 
---|---|---|---|---|---|---|---|---|---
 2 |   |   |   |   |   |   |   |   | 2 
---|---|---|---|---|---|---|---|---|---
 3 |   |   |   |   | 0 | X |   |   | 3 
---|---|---|---|---|---|---|---|---|---
 4 |   |   |   | 0 | X |   |   |   | 4 
---|---|---|---|---|---|---|---|---|---
 5 |   |   | 0 | 0 | 0 |   |   |   | 5 
---|---|---|---|---|---|---|---|---|---
 6 |   |   |   |   |   |   |   |   | 6 
---|---|---|---|---|---|---|---|---|---
 7 |   |   |   |   |   |   |   |   | 7 
---|---|---|---|---|---|---|---|---|---
 8 |   |   |   |   |   |   |   |   | 8 
---|---|---|---|---|---|---|---|---|---
   | 1 | 2 | 3 | 4 | 5 | 6 | 7 | 8 |

It took 0 seconds to make this move...


Black to move
BEEEEEEEEEEEEEEEEEEEEOXEEEEEOXEEEEEOOOEEEEEEEEEEEEEEEEEEEEEEEEEEE
(3,4) Depth reached: 7
   | 1 | 2 | 3 | 4 | 5 | 6 | 7 | 8 |
---|---|---|---|---|---|---|---|---|---
 1 |   |   |   |   |   |   |   |   | 1 
---|---|---|---|---|---|---|---|---|---
 2 |   |   |   |   |   |   |   |   | 2 
---|---|---|---|---|---|---|---|---|---
 3 |   |   |   | X | X | X |   |   | 3 
---|---|---|---|---|---|---|---|---|---
 4 |   |   |   | 0 | X |   |   |   | 4 
---|---|---|---|---|---|---|---|---|---
 5 |   |   | 0 | 0 | 0 |   |   |   | 5 
---|---|---|---|---|---|---|---|---|---
 6 |   |   |   |   |   |   |   |   | 6 
---|---|---|---|---|---|---|---|---|---
 7 |   |   |   |   |   |   |   |   | 7 
---|---|---|---|---|---|---|---|---|---
 8 |   |   |   |   |   |   |   |   | 8 
---|---|---|---|---|---|---|---|---|---
   | 1 | 2 | 3 | 4 | 5 | 6 | 7 | 8 |

It took 2 seconds to make this move...


White to move
WEEEEEEEEEEEEEEEEEEEXXXEEEEEOXEEEEEOOOEEEEEEEEEEEEEEEEEEEEEEEEEEE
(2,4)
   | 1 | 2 | 3 | 4 | 5 | 6 | 7 | 8 |
---|---|---|---|---|---|---|---|---|---
 1 |   |   |   |   |   |   |   |   | 1 
---|---|---|---|---|---|---|---|---|---
 2 |   |   |   | 0 |   |   |   |   | 2 
---|---|---|---|---|---|---|---|---|---
 3 |   |   |   | 0 | X | X |   |   | 3 
---|---|---|---|---|---|---|---|---|---
 4 |   |   |   | 0 | X |   |   |   | 4 
---|---|---|---|---|---|---|---|---|---
 5 |   |   | 0 | 0 | 0 |   |   |   | 5 
---|---|---|---|---|---|---|---|---|---
 6 |   |   |   |   |   |   |   |   | 6 
---|---|---|---|---|---|---|---|---|---
 7 |   |   |   |   |   |   |   |   | 7 
---|---|---|---|---|---|---|---|---|---
 8 |   |   |   |   |   |   |   |   | 8 
---|---|---|---|---|---|---|---|---|---
   | 1 | 2 | 3 | 4 | 5 | 6 | 7 | 8 |

It took 0 seconds to make this move...


Black to move
BEEEEEEEEEEEOEEEEEEEOXXEEEEEOXEEEEEOOOEEEEEEEEEEEEEEEEEEEEEEEEEEE
(1,3) Depth reached: 6
   | 1 | 2 | 3 | 4 | 5 | 6 | 7 | 8 |
---|---|---|---|---|---|---|---|---|---
 1 |   |   | X |   |   |   |   |   | 1 
---|---|---|---|---|---|---|---|---|---
 2 |   |   |   | X |   |   |   |   | 2 
---|---|---|---|---|---|---|---|---|---
 3 |   |   |   | 0 | X | X |   |   | 3 
---|---|---|---|---|---|---|---|---|---
 4 |   |   |   | 0 | X |   |   |   | 4 
---|---|---|---|---|---|---|---|---|---
 5 |   |   | 0 | 0 | 0 |   |   |   | 5 
---|---|---|---|---|---|---|---|---|---
 6 |   |   |   |   |   |   |   |   | 6 
---|---|---|---|---|---|---|---|---|---
 7 |   |   |   |   |   |   |   |   | 7 
---|---|---|---|---|---|---|---|---|---
 8 |   |   |   |   |   |   |   |   | 8 
---|---|---|---|---|---|---|---|---|---
   | 1 | 2 | 3 | 4 | 5 | 6 | 7 | 8 |

It took 2 seconds to make this move...


White to move
WEEXEEEEEEEEXEEEEEEEOXXEEEEEOXEEEEEOOOEEEEEEEEEEEEEEEEEEEEEEEEEEE
(2,5)
   | 1 | 2 | 3 | 4 | 5 | 6 | 7 | 8 |
---|---|---|---|---|---|---|---|---|---
 1 |   |   | X |   |   |   |   |   | 1 
---|---|---|---|---|---|---|---|---|---
 2 |   |   |   | X | 0 |   |   |   | 2 
---|---|---|---|---|---|---|---|---|---
 3 |   |   |   | 0 | 0 | X |   |   | 3 
---|---|---|---|---|---|---|---|---|---
 4 |   |   |   | 0 | 0 |   |   |   | 4 
---|---|---|---|---|---|---|---|---|---
 5 |   |   | 0 | 0 | 0 |   |   |   | 5 
---|---|---|---|---|---|---|---|---|---
 6 |   |   |   |   |   |   |   |   | 6 
---|---|---|---|---|---|---|---|---|---
 7 |   |   |   |   |   |   |   |   | 7 
---|---|---|---|---|---|---|---|---|---
 8 |   |   |   |   |   |   |   |   | 8 
---|---|---|---|---|---|---|---|---|---
   | 1 | 2 | 3 | 4 | 5 | 6 | 7 | 8 |

It took 0 seconds to make this move...


Black to move
BEEXEEEEEEEEXOEEEEEEOOXEEEEEOOEEEEEOOOEEEEEEEEEEEEEEEEEEEEEEEEEEE
(1,4) Depth reached: 6
   | 1 | 2 | 3 | 4 | 5 | 6 | 7 | 8 |
---|---|---|---|---|---|---|---|---|---
 1 |   |   | X | X |   |   |   |   | 1 
---|---|---|---|---|---|---|---|---|---
 2 |   |   |   | X | X |   |   |   | 2 
---|---|---|---|---|---|---|---|---|---
 3 |   |   |   | 0 | 0 | X |   |   | 3 
---|---|---|---|---|---|---|---|---|---
 4 |   |   |   | 0 | 0 |   |   |   | 4 
---|---|---|---|---|---|---|---|---|---
 5 |   |   | 0 | 0 | 0 |   |   |   | 5 
---|---|---|---|---|---|---|---|---|---
 6 |   |   |   |   |   |   |   |   | 6 
---|---|---|---|---|---|---|---|---|---
 7 |   |   |   |   |   |   |   |   | 7 
---|---|---|---|---|---|---|---|---|---
 8 |   |   |   |   |   |   |   |   | 8 
---|---|---|---|---|---|---|---|---|---
   | 1 | 2 | 3 | 4 | 5 | 6 | 7 | 8 |

It took 2 seconds to make this move...


White to move
WEEXXEEEEEEEXXEEEEEEOOXEEEEEOOEEEEEOOOEEEEEEEEEEEEEEEEEEEEEEEEEEE
(1,6)
   | 1 | 2 | 3 | 4 | 5 | 6 | 7 | 8 |
---|---|---|---|---|---|---|---|---|---
 1 |   |   | X | X |   | 0 |   |   | 1 
---|---|---|---|---|---|---|---|---|---
 2 |   |   |   | X | 0 |   |   |   | 2 
---|---|---|---|---|---|---|---|---|---
 3 |   |   |   | 0 | 0 | X |   |   | 3 
---|---|---|---|---|---|---|---|---|---
 4 |   |   |   | 0 | 0 |   |   |   | 4 
---|---|---|---|---|---|---|---|---|---
 5 |   |   | 0 | 0 | 0 |   |   |   | 5 
---|---|---|---|---|---|---|---|---|---
 6 |   |   |   |   |   |   |   |   | 6 
---|---|---|---|---|---|---|---|---|---
 7 |   |   |   |   |   |   |   |   | 7 
---|---|---|---|---|---|---|---|---|---
 8 |   |   |   |   |   |   |   |   | 8 
---|---|---|---|---|---|---|---|---|---
   | 1 | 2 | 3 | 4 | 5 | 6 | 7 | 8 |

It took 0 seconds to make this move...


Black to move
BEEXXEOEEEEEXOEEEEEEOOXEEEEEOOEEEEEOOOEEEEEEEEEEEEEEEEEEEEEEEEEEE
(3,3) Depth reached: 6
   | 1 | 2 | 3 | 4 | 5 | 6 | 7 | 8 |
---|---|---|---|---|---|---|---|---|---
 1 |   |   | X | X |   | 0 |   |   | 1 
---|---|---|---|---|---|---|---|---|---
 2 |   |   |   | X | 0 |   |   |   | 2 
---|---|---|---|---|---|---|---|---|---
 3 |   |   | X | X | X | X |   |   | 3 
---|---|---|---|---|---|---|---|---|---
 4 |   |   |   | 0 | 0 |   |   |   | 4 
---|---|---|---|---|---|---|---|---|---
 5 |   |   | 0 | 0 | 0 |   |   |   | 5 
---|---|---|---|---|---|---|---|---|---
 6 |   |   |   |   |   |   |   |   | 6 
---|---|---|---|---|---|---|---|---|---
 7 |   |   |   |   |   |   |   |   | 7 
---|---|---|---|---|---|---|---|---|---
 8 |   |   |   |   |   |   |   |   | 8 
---|---|---|---|---|---|---|---|---|---
   | 1 | 2 | 3 | 4 | 5 | 6 | 7 | 8 |

It took 2 seconds to make this move...


White to move
WEEXXEOEEEEEXOEEEEEXXXXEEEEEOOEEEEEOOOEEEEEEEEEEEEEEEEEEEEEEEEEEE
(2,2)
   | 1 | 2 | 3 | 4 | 5 | 6 | 7 | 8 |
---|---|---|---|---|---|---|---|---|---
 1 |   |   | X | X |   | 0 |   |   | 1 
---|---|---|---|---|---|---|---|---|---
 2 |   | 0 |   | X | 0 |   |   |   | 2 
---|---|---|---|---|---|---|---|---|---
 3 |   |   | 0 | X | X | X |   |   | 3 
---|---|---|---|---|---|---|---|---|---
 4 |   |   |   | 0 | 0 |   |   |   | 4 
---|---|---|---|---|---|---|---|---|---
 5 |   |   | 0 | 0 | 0 |   |   |   | 5 
---|---|---|---|---|---|---|---|---|---
 6 |   |   |   |   |   |   |   |   | 6 
---|---|---|---|---|---|---|---|---|---
 7 |   |   |   |   |   |   |   |   | 7 
---|---|---|---|---|---|---|---|---|---
 8 |   |   |   |   |   |   |   |   | 8 
---|---|---|---|---|---|---|---|---|---
   | 1 | 2 | 3 | 4 | 5 | 6 | 7 | 8 |

It took 0 seconds to make this move...


Black to move
BEEXXEOEEEOEXOEEEEEOXXXEEEEEOOEEEEEOOOEEEEEEEEEEEEEEEEEEEEEEEEEEE
(4,2) Depth reached: 5
   | 1 | 2 | 3 | 4 | 5 | 6 | 7 | 8 |
---|---|---|---|---|---|---|---|---|---
 1 |   |   | X | X |   | 0 |   |   | 1 
---|---|---|---|---|---|---|---|---|---
 2 |   | 0 |   | X | 0 |   |   |   | 2 
---|---|---|---|---|---|---|---|---|---
 3 |   |   | X | X | X | X |   |   | 3 
---|---|---|---|---|---|---|---|---|---
 4 |   | X |   | 0 | 0 |   |   |   | 4 
---|---|---|---|---|---|---|---|---|---
 5 |   |   | 0 | 0 | 0 |   |   |   | 5 
---|---|---|---|---|---|---|---|---|---
 6 |   |   |   |   |   |   |   |   | 6 
---|---|---|---|---|---|---|---|---|---
 7 |   |   |   |   |   |   |   |   | 7 
---|---|---|---|---|---|---|---|---|---
 8 |   |   |   |   |   |   |   |   | 8 
---|---|---|---|---|---|---|---|---|---
   | 1 | 2 | 3 | 4 | 5 | 6 | 7 | 8 |

It took 2 seconds to make this move...


White to move
WEEXXEOEEEOEXOEEEEEXXXXEEEXEOOEEEEEOOOEEEEEEEEEEEEEEEEEEEEEEEEEEE
(3,1)
   | 1 | 2 | 3 | 4 | 5 | 6 | 7 | 8 |
---|---|---|---|---|---|---|---|---|---
 1 |   |   | X | X |   | 0 |   |   | 1 
---|---|---|---|---|---|---|---|---|---
 2 |   | 0 |   | X | 0 |   |   |   | 2 
---|---|---|---|---|---|---|---|---|---
 3 | 0 |   | X | X | X | X |   |   | 3 
---|---|---|---|---|---|---|---|---|---
 4 |   | 0 |   | 0 | 0 |   |   |   | 4 
---|---|---|---|---|---|---|---|---|---
 5 |   |   | 0 | 0 | 0 |   |   |   | 5 
---|---|---|---|---|---|---|---|---|---
 6 |   |   |   |   |   |   |   |   | 6 
---|---|---|---|---|---|---|---|---|---
 7 |   |   |   |   |   |   |   |   | 7 
---|---|---|---|---|---|---|---|---|---
 8 |   |   |   |   |   |   |   |   | 8 
---|---|---|---|---|---|---|---|---|---
   | 1 | 2 | 3 | 4 | 5 | 6 | 7 | 8 |

It took 1 seconds to make this move...


Black to move
BEEXXEOEEEOEXOEEEOEXXXXEEEOEOOEEEEEOOOEEEEEEEEEEEEEEEEEEEEEEEEEEE
(1,5) Depth reached: 6
   | 1 | 2 | 3 | 4 | 5 | 6 | 7 | 8 |
---|---|---|---|---|---|---|---|---|---
 1 |   |   | X | X | X | 0 |   |   | 1 
---|---|---|---|---|---|---|---|---|---
 2 |   | 0 |   | X | X |   |   |   | 2 
---|---|---|---|---|---|---|---|---|---
 3 | 0 |   | X | X | X | X |   |   | 3 
---|---|---|---|---|---|---|---|---|---
 4 |   | 0 |   | 0 | 0 |   |   |   | 4 
---|---|---|---|---|---|---|---|---|---
 5 |   |   | 0 | 0 | 0 |   |   |   | 5 
---|---|---|---|---|---|---|---|---|---
 6 |   |   |   |   |   |   |   |   | 6 
---|---|---|---|---|---|---|---|---|---
 7 |   |   |   |   |   |   |   |   | 7 
---|---|---|---|---|---|---|---|---|---
 8 |   |   |   |   |   |   |   |   | 8 
---|---|---|---|---|---|---|---|---|---
   | 1 | 2 | 3 | 4 | 5 | 6 | 7 | 8 |

It took 2 seconds to make this move...


White to move
WEEXXXOEEEOEXXEEEOEXXXXEEEOEOOEEEEEOOOEEEEEEEEEEEEEEEEEEEEEEEEEEE
(4,3)
   | 1 | 2 | 3 | 4 | 5 | 6 | 7 | 8 |
---|---|---|---|---|---|---|---|---|---
 1 |   |   | X | X | X | 0 |   |   | 1 
---|---|---|---|---|---|---|---|---|---
 2 |   | 0 |   | X | 0 |   |   |   | 2 
---|---|---|---|---|---|---|---|---|---
 3 | 0 |   | X | 0 | X | X |   |   | 3 
---|---|---|---|---|---|---|---|---|---
 4 |   | 0 | 0 | 0 | 0 |   |   |   | 4 
---|---|---|---|---|---|---|---|---|---
 5 |   |   | 0 | 0 | 0 |   |   |   | 5 
---|---|---|---|---|---|---|---|---|---
 6 |   |   |   |   |   |   |   |   | 6 
---|---|---|---|---|---|---|---|---|---
 7 |   |   |   |   |   |   |   |   | 7 
---|---|---|---|---|---|---|---|---|---
 8 |   |   |   |   |   |   |   |   | 8 
---|---|---|---|---|---|---|---|---|---
   | 1 | 2 | 3 | 4 | 5 | 6 | 7 | 8 |

It took 0 seconds to make this move...


Black to move
BEEXXXOEEEOEXOEEEOEXOXXEEEOOOOEEEEEOOOEEEEEEEEEEEEEEEEEEEEEEEEEEE
(1,1) Depth reached: 6
   | 1 | 2 | 3 | 4 | 5 | 6 | 7 | 8 |
---|---|---|---|---|---|---|---|---|---
 1 | X |   | X | X | X | 0 |   |   | 1 
---|---|---|---|---|---|---|---|---|---
 2 |   | X |   | X | 0 |   |   |   | 2 
---|---|---|---|---|---|---|---|---|---
 3 | 0 |   | X | 0 | X | X |   |   | 3 
---|---|---|---|---|---|---|---|---|---
 4 |   | 0 | 0 | 0 | 0 |   |   |   | 4 
---|---|---|---|---|---|---|---|---|---
 5 |   |   | 0 | 0 | 0 |   |   |   | 5 
---|---|---|---|---|---|---|---|---|---
 6 |   |   |   |   |   |   |   |   | 6 
---|---|---|---|---|---|---|---|---|---
 7 |   |   |   |   |   |   |   |   | 7 
---|---|---|---|---|---|---|---|---|---
 8 |   |   |   |   |   |   |   |   | 8 
---|---|---|---|---|---|---|---|---|---
   | 1 | 2 | 3 | 4 | 5 | 6 | 7 | 8 |

It took 2 seconds to make this move...


White to move
WXEXXXOEEEXEXOEEEOEXOXXEEEOOOOEEEEEOOOEEEEEEEEEEEEEEEEEEEEEEEEEEE
(2,7)
   | 1 | 2 | 3 | 4 | 5 | 6 | 7 | 8 |
---|---|---|---|---|---|---|---|---|---
 1 | X |   | X | X | X | 0 |   |   | 1 
---|---|---|---|---|---|---|---|---|---
 2 |   | X |   | X | 0 |   | 0 |   | 2 
---|---|---|---|---|---|---|---|---|---
 3 | 0 |   | X | 0 | X | 0 |   |   | 3 
---|---|---|---|---|---|---|---|---|---
 4 |   | 0 | 0 | 0 | 0 |   |   |   | 4 
---|---|---|---|---|---|---|---|---|---
 5 |   |   | 0 | 0 | 0 |   |   |   | 5 
---|---|---|---|---|---|---|---|---|---
 6 |   |   |   |   |   |   |   |   | 6 
---|---|---|---|---|---|---|---|---|---
 7 |   |   |   |   |   |   |   |   | 7 
---|---|---|---|---|---|---|---|---|---
 8 |   |   |   |   |   |   |   |   | 8 
---|---|---|---|---|---|---|---|---|---
   | 1 | 2 | 3 | 4 | 5 | 6 | 7 | 8 |

It took 0 seconds to make this move...


Black to move
BXEXXXOEEEXEXOEOEOEXOXOEEEOOOOEEEEEOOOEEEEEEEEEEEEEEEEEEEEEEEEEEE
(1,7) Depth reached: 5
   | 1 | 2 | 3 | 4 | 5 | 6 | 7 | 8 |
---|---|---|---|---|---|---|---|---|---
 1 | X |   | X | X | X | X | X |   | 1 
---|---|---|---|---|---|---|---|---|---
 2 |   | X |   | X | 0 |   | 0 |   | 2 
---|---|---|---|---|---|---|---|---|---
 3 | 0 |   | X | 0 | X | 0 |   |   | 3 
---|---|---|---|---|---|---|---|---|---
 4 |   | 0 | 0 | 0 | 0 |   |   |   | 4 
---|---|---|---|---|---|---|---|---|---
 5 |   |   | 0 | 0 | 0 |   |   |   | 5 
---|---|---|---|---|---|---|---|---|---
 6 |   |   |   |   |   |   |   |   | 6 
---|---|---|---|---|---|---|---|---|---
 7 |   |   |   |   |   |   |   |   | 7 
---|---|---|---|---|---|---|---|---|---
 8 |   |   |   |   |   |   |   |   | 8 
---|---|---|---|---|---|---|---|---|---
   | 1 | 2 | 3 | 4 | 5 | 6 | 7 | 8 |

It took 2 seconds to make this move...


White to move
WXEXXXXXEEXEXOEOEOEXOXOEEEOOOOEEEEEOOOEEEEEEEEEEEEEEEEEEEEEEEEEEE
(2,3)
   | 1 | 2 | 3 | 4 | 5 | 6 | 7 | 8 |
---|---|---|---|---|---|---|---|---|---
 1 | X |   | X | X | X | X | X |   | 1 
---|---|---|---|---|---|---|---|---|---
 2 |   | X | 0 | 0 | 0 |   | 0 |   | 2 
---|---|---|---|---|---|---|---|---|---
 3 | 0 |   | 0 | 0 | X | 0 |   |   | 3 
---|---|---|---|---|---|---|---|---|---
 4 |   | 0 | 0 | 0 | 0 |   |   |   | 4 
---|---|---|---|---|---|---|---|---|---
 5 |   |   | 0 | 0 | 0 |   |   |   | 5 
---|---|---|---|---|---|---|---|---|---
 6 |   |   |   |   |   |   |   |   | 6 
---|---|---|---|---|---|---|---|---|---
 7 |   |   |   |   |   |   |   |   | 7 
---|---|---|---|---|---|---|---|---|---
 8 |   |   |   |   |   |   |   |   | 8 
---|---|---|---|---|---|---|---|---|---
   | 1 | 2 | 3 | 4 | 5 | 6 | 7 | 8 |

It took 0 seconds to make this move...


Black to move
BXEXXXXXEEXOOOEOEOEOOXOEEEOOOOEEEEEOOOEEEEEEEEEEEEEEEEEEEEEEEEEEE
(6,4) Depth reached: 5
   | 1 | 2 | 3 | 4 | 5 | 6 | 7 | 8 |
---|---|---|---|---|---|---|---|---|---
 1 | X |   | X | X | X | X | X |   | 1 
---|---|---|---|---|---|---|---|---|---
 2 |   | X | 0 | X | 0 |   | 0 |   | 2 
---|---|---|---|---|---|---|---|---|---
 3 | 0 |   | 0 | X | X | 0 |   |   | 3 
---|---|---|---|---|---|---|---|---|---
 4 |   | 0 | 0 | X | 0 |   |   |   | 4 
---|---|---|---|---|---|---|---|---|---
 5 |   |   | 0 | X | 0 |   |   |   | 5 
---|---|---|---|---|---|---|---|---|---
 6 |   |   |   | X |   |   |   |   | 6 
---|---|---|---|---|---|---|---|---|---
 7 |   |   |   |   |   |   |   |   | 7 
---|---|---|---|---|---|---|---|---|---
 8 |   |   |   |   |   |   |   |   | 8 
---|---|---|---|---|---|---|---|---|---
   | 1 | 2 | 3 | 4 | 5 | 6 | 7 | 8 |

It took 2 seconds to make this move...


White to move
WXEXXXXXEEXOXOEOEOEOXXOEEEOOXOEEEEEOXOEEEEEEXEEEEEEEEEEEEEEEEEEEE
(6,5)
   | 1 | 2 | 3 | 4 | 5 | 6 | 7 | 8 |
---|---|---|---|---|---|---|---|---|---
 1 | X |   | X | X | X | X | X |   | 1 
---|---|---|---|---|---|---|---|---|---
 2 |   | X | 0 | X | 0 |   | 0 |   | 2 
---|---|---|---|---|---|---|---|---|---
 3 | 0 |   | 0 | X | X | 0 |   |   | 3 
---|---|---|---|---|---|---|---|---|---
 4 |   | 0 | 0 | X | 0 |   |   |   | 4 
---|---|---|---|---|---|---|---|---|---
 5 |   |   | 0 | 0 | 0 |   |   |   | 5 
---|---|---|---|---|---|---|---|---|---
 6 |   |   |   | X | 0 |   |   |   | 6 
---|---|---|---|---|---|---|---|---|---
 7 |   |   |   |   |   |   |   |   | 7 
---|---|---|---|---|---|---|---|---|---
 8 |   |   |   |   |   |   |   |   | 8 
---|---|---|---|---|---|---|---|---|---
   | 1 | 2 | 3 | 4 | 5 | 6 | 7 | 8 |

It took 0 seconds to make this move...


Black to move
BXEXXXXXEEXOXOEOEOEOXXOEEEOOXOEEEEEOOOEEEEEEXOEEEEEEEEEEEEEEEEEEE
(2,6) Depth reached: 5
   | 1 | 2 | 3 | 4 | 5 | 6 | 7 | 8 |
---|---|---|---|---|---|---|---|---|---
 1 | X |   | X | X | X | X | X |   | 1 
---|---|---|---|---|---|---|---|---|---
 2 |   | X | 0 | X | X | X | 0 |   | 2 
---|---|---|---|---|---|---|---|---|---
 3 | 0 |   | 0 | X | X | 0 |   |   | 3 
---|---|---|---|---|---|---|---|---|---
 4 |   | 0 | 0 | X | 0 |   |   |   | 4 
---|---|---|---|---|---|---|---|---|---
 5 |   |   | 0 | 0 | 0 |   |   |   | 5 
---|---|---|---|---|---|---|---|---|---
 6 |   |   |   | X | 0 |   |   |   | 6 
---|---|---|---|---|---|---|---|---|---
 7 |   |   |   |   |   |   |   |   | 7 
---|---|---|---|---|---|---|---|---|---
 8 |   |   |   |   |   |   |   |   | 8 
---|---|---|---|---|---|---|---|---|---
   | 1 | 2 | 3 | 4 | 5 | 6 | 7 | 8 |

It took 2 seconds to make this move...


White to move
WXEXXXXXEEXOXXXOEOEOXXOEEEOOXOEEEEEOOOEEEEEEXOEEEEEEEEEEEEEEEEEEE
(6,3)
   | 1 | 2 | 3 | 4 | 5 | 6 | 7 | 8 |
---|---|---|---|---|---|---|---|---|---
 1 | X |   | X | X | X | X | X |   | 1 
---|---|---|---|---|---|---|---|---|---
 2 |   | X | 0 | X | X | X | 0 |   | 2 
---|---|---|---|---|---|---|---|---|---
 3 | 0 |   | 0 | X | X | 0 |   |   | 3 
---|---|---|---|---|---|---|---|---|---
 4 |   | 0 | 0 | X | 0 |   |   |   | 4 
---|---|---|---|---|---|---|---|---|---
 5 |   |   | 0 | 0 | 0 |   |   |   | 5 
---|---|---|---|---|---|---|---|---|---
 6 |   |   | 0 | 0 | 0 |   |   |   | 6 
---|---|---|---|---|---|---|---|---|---
 7 |   |   |   |   |   |   |   |   | 7 
---|---|---|---|---|---|---|---|---|---
 8 |   |   |   |   |   |   |   |   | 8 
---|---|---|---|---|---|---|---|---|---
   | 1 | 2 | 3 | 4 | 5 | 6 | 7 | 8 |

It took 0 seconds to make this move...


Black to move
BXEXXXXXEEXOXXXOEOEOXXOEEEOOXOEEEEEOOOEEEEEOOOEEEEEEEEEEEEEEEEEEE
(1,2) Depth reached: 5
   | 1 | 2 | 3 | 4 | 5 | 6 | 7 | 8 |
---|---|---|---|---|---|---|---|---|---
 1 | X | X | X | X | X | X | X |   | 1 
---|---|---|---|---|---|---|---|---|---
 2 |   | X | X | X | X | X | 0 |   | 2 
---|---|---|---|---|---|---|---|---|---
 3 | 0 |   | 0 | X | X | 0 |   |   | 3 
---|---|---|---|---|---|---|---|---|---
 4 |   | 0 | 0 | X | 0 |   |   |   | 4 
---|---|---|---|---|---|---|---|---|---
 5 |   |   | 0 | 0 | 0 |   |   |   | 5 
---|---|---|---|---|---|---|---|---|---
 6 |   |   | 0 | 0 | 0 |   |   |   | 6 
---|---|---|---|---|---|---|---|---|---
 7 |   |   |   |   |   |   |   |   | 7 
---|---|---|---|---|---|---|---|---|---
 8 |   |   |   |   |   |   |   |   | 8 
---|---|---|---|---|---|---|---|---|---
   | 1 | 2 | 3 | 4 | 5 | 6 | 7 | 8 |

It took 2 seconds to make this move...


White to move
WXXXXXXXEEXXXXXOEOEOXXOEEEOOXOEEEEEOOOEEEEEOOOEEEEEEEEEEEEEEEEEEE
(2,1)
   | 1 | 2 | 3 | 4 | 5 | 6 | 7 | 8 |
---|---|---|---|---|---|---|---|---|---
 1 | X | X | X | X | X | X | X |   | 1 
---|---|---|---|---|---|---|---|---|---
 2 | 0 | 0 | 0 | 0 | 0 | 0 | 0 |   | 2 
---|---|---|---|---|---|---|---|---|---
 3 | 0 |   | 0 | X | X | 0 |   |   | 3 
---|---|---|---|---|---|---|---|---|---
 4 |   | 0 | 0 | X | 0 |   |   |   | 4 
---|---|---|---|---|---|---|---|---|---
 5 |   |   | 0 | 0 | 0 |   |   |   | 5 
---|---|---|---|---|---|---|---|---|---
 6 |   |   | 0 | 0 | 0 |   |   |   | 6 
---|---|---|---|---|---|---|---|---|---
 7 |   |   |   |   |   |   |   |   | 7 
---|---|---|---|---|---|---|---|---|---
 8 |   |   |   |   |   |   |   |   | 8 
---|---|---|---|---|---|---|---|---|---
   | 1 | 2 | 3 | 4 | 5 | 6 | 7 | 8 |

It took 0 seconds to make this move...


Black to move
BXXXXXXXEOOOOOOOEOEOXXOEEEOOXOEEEEEOOOEEEEEOOOEEEEEEEEEEEEEEEEEEE
(3,2) Depth reached: 5
   | 1 | 2 | 3 | 4 | 5 | 6 | 7 | 8 |
---|---|---|---|---|---|---|---|---|---
 1 | X | X | X | X | X | X | X |   | 1 
---|---|---|---|---|---|---|---|---|---
 2 | 0 | X | X | 0 | 0 | 0 | 0 |   | 2 
---|---|---|---|---|---|---|---|---|---
 3 | 0 | X | X | X | X | 0 |   |   | 3 
---|---|---|---|---|---|---|---|---|---
 4 |   | 0 | 0 | X | 0 |   |   |   | 4 
---|---|---|---|---|---|---|---|---|---
 5 |   |   | 0 | 0 | 0 |   |   |   | 5 
---|---|---|---|---|---|---|---|---|---
 6 |   |   | 0 | 0 | 0 |   |   |   | 6 
---|---|---|---|---|---|---|---|---|---
 7 |   |   |   |   |   |   |   |   | 7 
---|---|---|---|---|---|---|---|---|---
 8 |   |   |   |   |   |   |   |   | 8 
---|---|---|---|---|---|---|---|---|---
   | 1 | 2 | 3 | 4 | 5 | 6 | 7 | 8 |

It took 2 seconds to make this move...


White to move
WXXXXXXXEOXXOOOOEOXXXXOEEEOOXOEEEEEOOOEEEEEOOOEEEEEEEEEEEEEEEEEEE
(4,6)
   | 1 | 2 | 3 | 4 | 5 | 6 | 7 | 8 |
---|---|---|---|---|---|---|---|---|---
 1 | X | X | X | X | X | X | X |   | 1 
---|---|---|---|---|---|---|---|---|---
 2 | 0 | X | X | 0 | 0 | 0 | 0 |   | 2 
---|---|---|---|---|---|---|---|---|---
 3 | 0 | X | X | X | 0 | 0 |   |   | 3 
---|---|---|---|---|---|---|---|---|---
 4 |   | 0 | 0 | X | 0 | 0 |   |   | 4 
---|---|---|---|---|---|---|---|---|---
 5 |   |   | 0 | 0 | 0 |   |   |   | 5 
---|---|---|---|---|---|---|---|---|---
 6 |   |   | 0 | 0 | 0 |   |   |   | 6 
---|---|---|---|---|---|---|---|---|---
 7 |   |   |   |   |   |   |   |   | 7 
---|---|---|---|---|---|---|---|---|---
 8 |   |   |   |   |   |   |   |   | 8 
---|---|---|---|---|---|---|---|---|---
   | 1 | 2 | 3 | 4 | 5 | 6 | 7 | 8 |

It took 1 seconds to make this move...


Black to move
BXXXXXXXEOXXOOOOEOXXXOOEEEOOXOOEEEEOOOEEEEEOOOEEEEEEEEEEEEEEEEEEE
(7,5) Depth reached: 5
   | 1 | 2 | 3 | 4 | 5 | 6 | 7 | 8 |
---|---|---|---|---|---|---|---|---|---
 1 | X | X | X | X | X | X | X |   | 1 
---|---|---|---|---|---|---|---|---|---
 2 | 0 | X | X | 0 | X | 0 | 0 |   | 2 
---|---|---|---|---|---|---|---|---|---
 3 | 0 | X | X | X | X | 0 |   |   | 3 
---|---|---|---|---|---|---|---|---|---
 4 |   | 0 | 0 | X | X | 0 |   |   | 4 
---|---|---|---|---|---|---|---|---|---
 5 |   |   | 0 | 0 | X |   |   |   | 5 
---|---|---|---|---|---|---|---|---|---
 6 |   |   | 0 | 0 | X |   |   |   | 6 
---|---|---|---|---|---|---|---|---|---
 7 |   |   |   |   | X |   |   |   | 7 
---|---|---|---|---|---|---|---|---|---
 8 |   |   |   |   |   |   |   |   | 8 
---|---|---|---|---|---|---|---|---|---
   | 1 | 2 | 3 | 4 | 5 | 6 | 7 | 8 |

It took 2 seconds to make this move...


White to move
WXXXXXXXEOXXOXOOEOXXXXOEEEOOXXOEEEEOOXEEEEEOOXEEEEEEEXEEEEEEEEEEE
(5,6)
   | 1 | 2 | 3 | 4 | 5 | 6 | 7 | 8 |
---|---|---|---|---|---|---|---|---|---
 1 | X | X | X | X | X | X | X |   | 1 
---|---|---|---|---|---|---|---|---|---
 2 | 0 | X | X | 0 | X | 0 | 0 |   | 2 
---|---|---|---|---|---|---|---|---|---
 3 | 0 | X | X | X | X | 0 |   |   | 3 
---|---|---|---|---|---|---|---|---|---
 4 |   | 0 | 0 | X | X | 0 |   |   | 4 
---|---|---|---|---|---|---|---|---|---
 5 |   |   | 0 | 0 | 0 | 0 |   |   | 5 
---|---|---|---|---|---|---|---|---|---
 6 |   |   | 0 | 0 | X |   |   |   | 6 
---|---|---|---|---|---|---|---|---|---
 7 |   |   |   |   | X |   |   |   | 7 
---|---|---|---|---|---|---|---|---|---
 8 |   |   |   |   |   |   |   |   | 8 
---|---|---|---|---|---|---|---|---|---
   | 1 | 2 | 3 | 4 | 5 | 6 | 7 | 8 |

It took 0 seconds to make this move...


Black to move
BXXXXXXXEOXXOXOOEOXXXXOEEEOOXXOEEEEOOOOEEEEOOXEEEEEEEXEEEEEEEEEEE
(4,1) Depth reached: 5
   | 1 | 2 | 3 | 4 | 5 | 6 | 7 | 8 |
---|---|---|---|---|---|---|---|---|---
 1 | X | X | X | X | X | X | X |   | 1 
---|---|---|---|---|---|---|---|---|---
 2 | X | X | X | 0 | X | 0 | 0 |   | 2 
---|---|---|---|---|---|---|---|---|---
 3 | X | X | X | X | X | 0 |   |   | 3 
---|---|---|---|---|---|---|---|---|---
 4 | X | X | X | X | X | 0 |   |   | 4 
---|---|---|---|---|---|---|---|---|---
 5 |   |   | 0 | 0 | 0 | 0 |   |   | 5 
---|---|---|---|---|---|---|---|---|---
 6 |   |   | 0 | 0 | X |   |   |   | 6 
---|---|---|---|---|---|---|---|---|---
 7 |   |   |   |   | X |   |   |   | 7 
---|---|---|---|---|---|---|---|---|---
 8 |   |   |   |   |   |   |   |   | 8 
---|---|---|---|---|---|---|---|---|---
   | 1 | 2 | 3 | 4 | 5 | 6 | 7 | 8 |

It took 2 seconds to make this move...


White to move
WXXXXXXXEXXXOXOOEXXXXXOEEXXXXXOEEEEOOOOEEEEOOXEEEEEEEXEEEEEEEEEEE
(5,1)
   | 1 | 2 | 3 | 4 | 5 | 6 | 7 | 8 |
---|---|---|---|---|---|---|---|---|---
 1 | X | X | X | X | X | X | X |   | 1 
---|---|---|---|---|---|---|---|---|---
 2 | X | X | X | 0 | X | 0 | 0 |   | 2 
---|---|---|---|---|---|---|---|---|---
 3 | X | X | 0 | X | X | 0 |   |   | 3 
---|---|---|---|---|---|---|---|---|---
 4 | X | 0 | X | X | X | 0 |   |   | 4 
---|---|---|---|---|---|---|---|---|---
 5 | 0 |   | 0 | 0 | 0 | 0 |   |   | 5 
---|---|---|---|---|---|---|---|---|---
 6 |   |   | 0 | 0 | X |   |   |   | 6 
---|---|---|---|---|---|---|---|---|---
 7 |   |   |   |   | X |   |   |   | 7 
---|---|---|---|---|---|---|---|---|---
 8 |   |   |   |   |   |   |   |   | 8 
---|---|---|---|---|---|---|---|---|---
   | 1 | 2 | 3 | 4 | 5 | 6 | 7 | 8 |

It took 0 seconds to make this move...


Black to move
BXXXXXXXEXXXOXOOEXXOXXOEEXOXXXOEEOEOOOOEEEEOOXEEEEEEEXEEEEEEEEEEE
(6,1) Depth reached: 5
   | 1 | 2 | 3 | 4 | 5 | 6 | 7 | 8 |
---|---|---|---|---|---|---|---|---|---
 1 | X | X | X | X | X | X | X |   | 1 
---|---|---|---|---|---|---|---|---|---
 2 | X | X | X | 0 | X | 0 | 0 |   | 2 
---|---|---|---|---|---|---|---|---|---
 3 | X | X | 0 | X | X | 0 |   |   | 3 
---|---|---|---|---|---|---|---|---|---
 4 | X | 0 | X | X | X | 0 |   |   | 4 
---|---|---|---|---|---|---|---|---|---
 5 | X |   | 0 | 0 | 0 | 0 |   |   | 5 
---|---|---|---|---|---|---|---|---|---
 6 | X |   | 0 | 0 | X |   |   |   | 6 
---|---|---|---|---|---|---|---|---|---
 7 |   |   |   |   | X |   |   |   | 7 
---|---|---|---|---|---|---|---|---|---
 8 |   |   |   |   |   |   |   |   | 8 
---|---|---|---|---|---|---|---|---|---
   | 1 | 2 | 3 | 4 | 5 | 6 | 7 | 8 |

It took 2 seconds to make this move...


White to move
WXXXXXXXEXXXOXOOEXXOXXOEEXOXXXOEEXEOOOOEEXEOOXEEEEEEEXEEEEEEEEEEE
(7,4)
   | 1 | 2 | 3 | 4 | 5 | 6 | 7 | 8 |
---|---|---|---|---|---|---|---|---|---
 1 | X | X | X | X | X | X | X |   | 1 
---|---|---|---|---|---|---|---|---|---
 2 | X | X | X | 0 | X | 0 | 0 |   | 2 
---|---|---|---|---|---|---|---|---|---
 3 | X | X | 0 | X | X | 0 |   |   | 3 
---|---|---|---|---|---|---|---|---|---
 4 | X | 0 | X | X | X | 0 |   |   | 4 
---|---|---|---|---|---|---|---|---|---
 5 | X |   | 0 | 0 | 0 | 0 |   |   | 5 
---|---|---|---|---|---|---|---|---|---
 6 | X |   | 0 | 0 | 0 |   |   |   | 6 
---|---|---|---|---|---|---|---|---|---
 7 |   |   |   | 0 | X |   |   |   | 7 
---|---|---|---|---|---|---|---|---|---
 8 |   |   |   |   |   |   |   |   | 8 
---|---|---|---|---|---|---|---|---|---
   | 1 | 2 | 3 | 4 | 5 | 6 | 7 | 8 |

It took 0 seconds to make this move...


Black to move
BXXXXXXXEXXXOXOOEXXOXXOEEXOXXXOEEXEOOOOEEXEOOOEEEEEEOXEEEEEEEEEEE
(1,8) Depth reached: 6
   | 1 | 2 | 3 | 4 | 5 | 6 | 7 | 8 |
---|---|---|---|---|---|---|---|---|---
 1 | X | X | X | X | X | X | X | X | 1 
---|---|---|---|---|---|---|---|---|---
 2 | X | X | X | 0 | X | 0 | X |   | 2 
---|---|---|---|---|---|---|---|---|---
 3 | X | X | 0 | X | X | X |   |   | 3 
---|---|---|---|---|---|---|---|---|---
 4 | X | 0 | X | X | X | 0 |   |   | 4 
---|---|---|---|---|---|---|---|---|---
 5 | X |   | 0 | 0 | 0 | 0 |   |   | 5 
---|---|---|---|---|---|---|---|---|---
 6 | X |   | 0 | 0 | 0 |   |   |   | 6 
---|---|---|---|---|---|---|---|---|---
 7 |   |   |   | 0 | X |   |   |   | 7 
---|---|---|---|---|---|---|---|---|---
 8 |   |   |   |   |   |   |   |   | 8 
---|---|---|---|---|---|---|---|---|---
   | 1 | 2 | 3 | 4 | 5 | 6 | 7 | 8 |

It took 2 seconds to make this move...


White to move
WXXXXXXXXXXXOXOXEXXOXXXEEXOXXXOEEXEOOOOEEXEOOOEEEEEEOXEEEEEEEEEEE
(2,8)
   | 1 | 2 | 3 | 4 | 5 | 6 | 7 | 8 |
---|---|---|---|---|---|---|---|---|---
 1 | X | X | X | X | X | X | X | X | 1 
---|---|---|---|---|---|---|---|---|---
 2 | X | X | X | 0 | X | 0 | 0 | 0 | 2 
---|---|---|---|---|---|---|---|---|---
 3 | X | X | 0 | X | X | X |   |   | 3 
---|---|---|---|---|---|---|---|---|---
 4 | X | 0 | X | X | X | 0 |   |   | 4 
---|---|---|---|---|---|---|---|---|---
 5 | X |   | 0 | 0 | 0 | 0 |   |   | 5 
---|---|---|---|---|---|---|---|---|---
 6 | X |   | 0 | 0 | 0 |   |   |   | 6 
---|---|---|---|---|---|---|---|---|---
 7 |   |   |   | 0 | X |   |   |   | 7 
---|---|---|---|---|---|---|---|---|---
 8 |   |   |   |   |   |   |   |   | 8 
---|---|---|---|---|---|---|---|---|---
   | 1 | 2 | 3 | 4 | 5 | 6 | 7 | 8 |

It took 0 seconds to make this move...


Black to move
BXXXXXXXXXXXOXOOOXXOXXXEEXOXXXOEEXEOOOOEEXEOOOEEEEEEOXEEEEEEEEEEE
(3,8) Depth reached: 6
   | 1 | 2 | 3 | 4 | 5 | 6 | 7 | 8 |
---|---|---|---|---|---|---|---|---|---
 1 | X | X | X | X | X | X | X | X | 1 
---|---|---|---|---|---|---|---|---|---
 2 | X | X | X | 0 | X | 0 | X | X | 2 
---|---|---|---|---|---|---|---|---|---
 3 | X | X | 0 | X | X | X |   | X | 3 
---|---|---|---|---|---|---|---|---|---
 4 | X | 0 | X | X | X | 0 |   |   | 4 
---|---|---|---|---|---|---|---|---|---
 5 | X |   | 0 | 0 | 0 | 0 |   |   | 5 
---|---|---|---|---|---|---|---|---|---
 6 | X |   | 0 | 0 | 0 |   |   |   | 6 
---|---|---|---|---|---|---|---|---|---
 7 |   |   |   | 0 | X |   |   |   | 7 
---|---|---|---|---|---|---|---|---|---
 8 |   |   |   |   |   |   |   |   | 8 
---|---|---|---|---|---|---|---|---|---
   | 1 | 2 | 3 | 4 | 5 | 6 | 7 | 8 |

It took 2 seconds to make this move...


White to move
WXXXXXXXXXXXOXOXXXXOXXXEXXOXXXOEEXEOOOOEEXEOOOEEEEEEOXEEEEEEEEEEE
(3,7)
   | 1 | 2 | 3 | 4 | 5 | 6 | 7 | 8 |
---|---|---|---|---|---|---|---|---|---
 1 | X | X | X | X | X | X | X | X | 1 
---|---|---|---|---|---|---|---|---|---
 2 | X | X | X | 0 | X | 0 | X | X | 2 
---|---|---|---|---|---|---|---|---|---
 3 | X | X | 0 | 0 | 0 | 0 | 0 | X | 3 
---|---|---|---|---|---|---|---|---|---
 4 | X | 0 | X | X | X | 0 |   |   | 4 
---|---|---|---|---|---|---|---|---|---
 5 | X |   | 0 | 0 | 0 | 0 |   |   | 5 
---|---|---|---|---|---|---|---|---|---
 6 | X |   | 0 | 0 | 0 |   |   |   | 6 
---|---|---|---|---|---|---|---|---|---
 7 |   |   |   | 0 | X |   |   |   | 7 
---|---|---|---|---|---|---|---|---|---
 8 |   |   |   |   |   |   |   |   | 8 
---|---|---|---|---|---|---|---|---|---
   | 1 | 2 | 3 | 4 | 5 | 6 | 7 | 8 |

It took 0 seconds to make this move...


Black to move
BXXXXXXXXXXXOXOXXXXOOOOOXXOXXXOEEXEOOOOEEXEOOOEEEEEEOXEEEEEEEEEEE
(5,2) Depth reached: 7
   | 1 | 2 | 3 | 4 | 5 | 6 | 7 | 8 |
---|---|---|---|---|---|---|---|---|---
 1 | X | X | X | X | X | X | X | X | 1 
---|---|---|---|---|---|---|---|---|---
 2 | X | X | X | 0 | X | 0 | X | X | 2 
---|---|---|---|---|---|---|---|---|---
 3 | X | X | 0 | 0 | 0 | 0 | 0 | X | 3 
---|---|---|---|---|---|---|---|---|---
 4 | X | X | X | X | X | 0 |   |   | 4 
---|---|---|---|---|---|---|---|---|---
 5 | X | X | 0 | 0 | 0 | 0 |   |   | 5 
---|---|---|---|---|---|---|---|---|---
 6 | X |   | 0 | 0 | 0 |   |   |   | 6 
---|---|---|---|---|---|---|---|---|---
 7 |   |   |   | 0 | X |   |   |   | 7 
---|---|---|---|---|---|---|---|---|---
 8 |   |   |   |   |   |   |   |   | 8 
---|---|---|---|---|---|---|---|---|---
   | 1 | 2 | 3 | 4 | 5 | 6 | 7 | 8 |

It took 1 seconds to make this move...


White to move
WXXXXXXXXXXXOXOXXXXOOOOOXXXXXXOEEXXOOOOEEXEOOOEEEEEEOXEEEEEEEEEEE
(7,6)
   | 1 | 2 | 3 | 4 | 5 | 6 | 7 | 8 |
---|---|---|---|---|---|---|---|---|---
 1 | X | X | X | X | X | X | X | X | 1 
---|---|---|---|---|---|---|---|---|---
 2 | X | X | X | 0 | X | 0 | X | X | 2 
---|---|---|---|---|---|---|---|---|---
 3 | X | X | 0 | 0 | 0 | 0 | 0 | X | 3 
---|---|---|---|---|---|---|---|---|---
 4 | X | X | X | X | X | 0 |   |   | 4 
---|---|---|---|---|---|---|---|---|---
 5 | X | X | 0 | 0 | 0 | 0 |   |   | 5 
---|---|---|---|---|---|---|---|---|---
 6 | X |   | 0 | 0 | 0 |   |   |   | 6 
---|---|---|---|---|---|---|---|---|---
 7 |   |   |   | 0 | 0 | 0 |   |   | 7 
---|---|---|---|---|---|---|---|---|---
 8 |   |   |   |   |   |   |   |   | 8 
---|---|---|---|---|---|---|---|---|---
   | 1 | 2 | 3 | 4 | 5 | 6 | 7 | 8 |

It took 1 seconds to make this move...


Black to move
BXXXXXXXXXXXOXOXXXXOOOOOXXXXXXOEEXXOOOOEEXEOOOEEEEEEOOOEEEEEEEEEE
(6,2) Depth reached: 7
   | 1 | 2 | 3 | 4 | 5 | 6 | 7 | 8 |
---|---|---|---|---|---|---|---|---|---
 1 | X | X | X | X | X | X | X | X | 1 
---|---|---|---|---|---|---|---|---|---
 2 | X | X | X | 0 | X | 0 | X | X | 2 
---|---|---|---|---|---|---|---|---|---
 3 | X | X | 0 | 0 | 0 | 0 | 0 | X | 3 
---|---|---|---|---|---|---|---|---|---
 4 | X | X | X | X | X | 0 |   |   | 4 
---|---|---|---|---|---|---|---|---|---
 5 | X | X | X | 0 | 0 | 0 |   |   | 5 
---|---|---|---|---|---|---|---|---|---
 6 | X | X | 0 | 0 | 0 |   |   |   | 6 
---|---|---|---|---|---|---|---|---|---
 7 |   |   |   | 0 | 0 | 0 |   |   | 7 
---|---|---|---|---|---|---|---|---|---
 8 |   |   |   |   |   |   |   |   | 8 
---|---|---|---|---|---|---|---|---|---
   | 1 | 2 | 3 | 4 | 5 | 6 | 7 | 8 |

It took 2 seconds to make this move...


White to move
WXXXXXXXXXXXOXOXXXXOOOOOXXXXXXOEEXXXOOOEEXXOOOEEEEEEOOOEEEEEEEEEE
(7,1)
   | 1 | 2 | 3 | 4 | 5 | 6 | 7 | 8 |
---|---|---|---|---|---|---|---|---|---
 1 | X | X | X | X | X | X | X | X | 1 
---|---|---|---|---|---|---|---|---|---
 2 | X | X | X | 0 | X | 0 | X | X | 2 
---|---|---|---|---|---|---|---|---|---
 3 | X | X | 0 | 0 | 0 | 0 | 0 | X | 3 
---|---|---|---|---|---|---|---|---|---
 4 | X | X | X | 0 | X | 0 |   |   | 4 
---|---|---|---|---|---|---|---|---|---
 5 | X | X | 0 | 0 | 0 | 0 |   |   | 5 
---|---|---|---|---|---|---|---|---|---
 6 | X | 0 | 0 | 0 | 0 |   |   |   | 6 
---|---|---|---|---|---|---|---|---|---
 7 | 0 |   |   | 0 | 0 | 0 |   |   | 7 
---|---|---|---|---|---|---|---|---|---
 8 |   |   |   |   |   |   |   |   | 8 
---|---|---|---|---|---|---|---|---|---
   | 1 | 2 | 3 | 4 | 5 | 6 | 7 | 8 |

It took 0 seconds to make this move...


Black to move
BXXXXXXXXXXXOXOXXXXOOOOOXXXXOXOEEXXOOOOEEXOOOOEEEOEEOOOEEEEEEEEEE
(8,1) Depth reached: 7
   | 1 | 2 | 3 | 4 | 5 | 6 | 7 | 8 |
---|---|---|---|---|---|---|---|---|---
 1 | X | X | X | X | X | X | X | X | 1 
---|---|---|---|---|---|---|---|---|---
 2 | X | X | X | 0 | X | 0 | X | X | 2 
---|---|---|---|---|---|---|---|---|---
 3 | X | X | 0 | 0 | 0 | 0 | 0 | X | 3 
---|---|---|---|---|---|---|---|---|---
 4 | X | X | X | 0 | X | 0 |   |   | 4 
---|---|---|---|---|---|---|---|---|---
 5 | X | X | 0 | 0 | 0 | 0 |   |   | 5 
---|---|---|---|---|---|---|---|---|---
 6 | X | 0 | 0 | 0 | 0 |   |   |   | 6 
---|---|---|---|---|---|---|---|---|---
 7 | X |   |   | 0 | 0 | 0 |   |   | 7 
---|---|---|---|---|---|---|---|---|---
 8 | X |   |   |   |   |   |   |   | 8 
---|---|---|---|---|---|---|---|---|---
   | 1 | 2 | 3 | 4 | 5 | 6 | 7 | 8 |

It took 2 seconds to make this move...


White to move
WXXXXXXXXXXXOXOXXXXOOOOOXXXXOXOEEXXOOOOEEXOOOOEEEXEEOOOEEXEEEEEEE
pass
   | 1 | 2 | 3 | 4 | 5 | 6 | 7 | 8 |
---|---|---|---|---|---|---|---|---|---
 1 | X | X | X | X | X | X | X | X | 1 
---|---|---|---|---|---|---|---|---|---
 2 | X | X | X | 0 | X | 0 | X | X | 2 
---|---|---|---|---|---|---|---|---|---
 3 | X | X | 0 | 0 | 0 | 0 | 0 | X | 3 
---|---|---|---|---|---|---|---|---|---
 4 | X | X | X | 0 | X | 0 |   |   | 4 
---|---|---|---|---|---|---|---|---|---
 5 | X | X | 0 | 0 | 0 | 0 |   |   | 5 
---|---|---|---|---|---|---|---|---|---
 6 | X | 0 | 0 | 0 | 0 |   |   |   | 6 
---|---|---|---|---|---|---|---|---|---
 7 | X |   |   | 0 | 0 | 0 |   |   | 7 
---|---|---|---|---|---|---|---|---|---
 8 | X |   |   |   |   |   |   |   | 8 
---|---|---|---|---|---|---|---|---|---
   | 1 | 2 | 3 | 4 | 5 | 6 | 7 | 8 |

It took 0 seconds to make this move...


Black to move
BXXXXXXXXXXXOXOXXXXOOOOOXXXXOXOEEXXOOOOEEXOOOOEEEXEEOOOEEXEEEEEEE
(4,8) Depth reached: 7
   | 1 | 2 | 3 | 4 | 5 | 6 | 7 | 8 |
---|---|---|---|---|---|---|---|---|---
 1 | X | X | X | X | X | X | X | X | 1 
---|---|---|---|---|---|---|---|---|---
 2 | X | X | X | 0 | X | X | X | X | 2 
---|---|---|---|---|---|---|---|---|---
 3 | X | X | 0 | 0 | 0 | 0 | X | X | 3 
---|---|---|---|---|---|---|---|---|---
 4 | X | X | X | 0 | X | 0 |   | X | 4 
---|---|---|---|---|---|---|---|---|---
 5 | X | X | 0 | 0 | 0 | 0 |   |   | 5 
---|---|---|---|---|---|---|---|---|---
 6 | X | 0 | 0 | 0 | 0 |   |   |   | 6 
---|---|---|---|---|---|---|---|---|---
 7 | X |   |   | 0 | 0 | 0 |   |   | 7 
---|---|---|---|---|---|---|---|---|---
 8 | X |   |   |   |   |   |   |   | 8 
---|---|---|---|---|---|---|---|---|---
   | 1 | 2 | 3 | 4 | 5 | 6 | 7 | 8 |

It took 2 seconds to make this move...


White to move
WXXXXXXXXXXXOXXXXXXOOOOXXXXXOXOEXXXOOOOEEXOOOOEEEXEEOOOEEXEEEEEEE
pass
   | 1 | 2 | 3 | 4 | 5 | 6 | 7 | 8 |
---|---|---|---|---|---|---|---|---|---
 1 | X | X | X | X | X | X | X | X | 1 
---|---|---|---|---|---|---|---|---|---
 2 | X | X | X | 0 | X | X | X | X | 2 
---|---|---|---|---|---|---|---|---|---
 3 | X | X | 0 | 0 | 0 | 0 | X | X | 3 
---|---|---|---|---|---|---|---|---|---
 4 | X | X | X | 0 | X | 0 |   | X | 4 
---|---|---|---|---|---|---|---|---|---
 5 | X | X | 0 | 0 | 0 | 0 |   |   | 5 
---|---|---|---|---|---|---|---|---|---
 6 | X | 0 | 0 | 0 | 0 |   |   |   | 6 
---|---|---|---|---|---|---|---|---|---
 7 | X |   |   | 0 | 0 | 0 |   |   | 7 
---|---|---|---|---|---|---|---|---|---
 8 | X |   |   |   |   |   |   |   | 8 
---|---|---|---|---|---|---|---|---|---
   | 1 | 2 | 3 | 4 | 5 | 6 | 7 | 8 |

It took 0 seconds to make this move...


Black to move
BXXXXXXXXXXXOXXXXXXOOOOXXXXXOXOEXXXOOOOEEXOOOOEEEXEEOOOEEXEEEEEEE
(8,4) Depth reached: 7
   | 1 | 2 | 3 | 4 | 5 | 6 | 7 | 8 |
---|---|---|---|---|---|---|---|---|---
 1 | X | X | X | X | X | X | X | X | 1 
---|---|---|---|---|---|---|---|---|---
 2 | X | X | X | X | X | X | X | X | 2 
---|---|---|---|---|---|---|---|---|---
 3 | X | X | 0 | X | 0 | 0 | X | X | 3 
---|---|---|---|---|---|---|---|---|---
 4 | X | X | X | X | X | 0 |   | X | 4 
---|---|---|---|---|---|---|---|---|---
 5 | X | X | 0 | X | 0 | 0 |   |   | 5 
---|---|---|---|---|---|---|---|---|---
 6 | X | 0 | 0 | X | 0 |   |   |   | 6 
---|---|---|---|---|---|---|---|---|---
 7 | X |   |   | X | 0 | 0 |   |   | 7 
---|---|---|---|---|---|---|---|---|---
 8 | X |   |   | X |   |   |   |   | 8 
---|---|---|---|---|---|---|---|---|---
   | 1 | 2 | 3 | 4 | 5 | 6 | 7 | 8 |

It took 2 seconds to make this move...


White to move
WXXXXXXXXXXXXXXXXXXOXOOXXXXXXXOEXXXOXOOEEXOOXOEEEXEEXOOEEXEEXEEEE
(8,3)
   | 1 | 2 | 3 | 4 | 5 | 6 | 7 | 8 |
---|---|---|---|---|---|---|---|---|---
 1 | X | X | X | X | X | X | X | X | 1 
---|---|---|---|---|---|---|---|---|---
 2 | X | X | X | X | X | X | X | X | 2 
---|---|---|---|---|---|---|---|---|---
 3 | X | X | 0 | X | 0 | 0 | X | X | 3 
---|---|---|---|---|---|---|---|---|---
 4 | X | X | X | X | X | 0 |   | X | 4 
---|---|---|---|---|---|---|---|---|---
 5 | X | X | 0 | X | 0 | 0 |   |   | 5 
---|---|---|---|---|---|---|---|---|---
 6 | X | 0 | 0 | X | 0 |   |   |   | 6 
---|---|---|---|---|---|---|---|---|---
 7 | X |   |   | 0 | 0 | 0 |   |   | 7 
---|---|---|---|---|---|---|---|---|---
 8 | X |   | 0 | X |   |   |   |   | 8 
---|---|---|---|---|---|---|---|---|---
   | 1 | 2 | 3 | 4 | 5 | 6 | 7 | 8 |

It took 0 seconds to make this move...


Black to move
BXXXXXXXXXXXXXXXXXXOXOOXXXXXXXOEXXXOXOOEEXOOXOEEEXEEOOOEEXEOXEEEE
(8,2) Depth reached: 7
   | 1 | 2 | 3 | 4 | 5 | 6 | 7 | 8 |
---|---|---|---|---|---|---|---|---|---
 1 | X | X | X | X | X | X | X | X | 1 
---|---|---|---|---|---|---|---|---|---
 2 | X | X | X | X | X | X | X | X | 2 
---|---|---|---|---|---|---|---|---|---
 3 | X | X | 0 | X | 0 | 0 | X | X | 3 
---|---|---|---|---|---|---|---|---|---
 4 | X | X | X | X | X | 0 |   | X | 4 
---|---|---|---|---|---|---|---|---|---
 5 | X | X | 0 | X | 0 | 0 |   |   | 5 
---|---|---|---|---|---|---|---|---|---
 6 | X | 0 | 0 | X | 0 |   |   |   | 6 
---|---|---|---|---|---|---|---|---|---
 7 | X |   |   | 0 | 0 | 0 |   |   | 7 
---|---|---|---|---|---|---|---|---|---
 8 | X | X | X | X |   |   |   |   | 8 
---|---|---|---|---|---|---|---|---|---
   | 1 | 2 | 3 | 4 | 5 | 6 | 7 | 8 |

It took 2 seconds to make this move...


White to move
WXXXXXXXXXXXXXXXXXXOXOOXXXXXXXOEXXXOXOOEEXOOXOEEEXEEOOOEEXXXXEEEE
(7,3)
   | 1 | 2 | 3 | 4 | 5 | 6 | 7 | 8 |
---|---|---|---|---|---|---|---|---|---
 1 | X | X | X | X | X | X | X | X | 1 
---|---|---|---|---|---|---|---|---|---
 2 | X | X | X | X | X | X | X | X | 2 
---|---|---|---|---|---|---|---|---|---
 3 | X | X | 0 | X | 0 | 0 | X | X | 3 
---|---|---|---|---|---|---|---|---|---
 4 | X | X | X | X | X | 0 |   | X | 4 
---|---|---|---|---|---|---|---|---|---
 5 | X | X | 0 | X | 0 | 0 |   |   | 5 
---|---|---|---|---|---|---|---|---|---
 6 | X | 0 | 0 | 0 | 0 |   |   |   | 6 
---|---|---|---|---|---|---|---|---|---
 7 | X |   | 0 | 0 | 0 | 0 |   |   | 7 
---|---|---|---|---|---|---|---|---|---
 8 | X | X | X | X |   |   |   |   | 8 
---|---|---|---|---|---|---|---|---|---
   | 1 | 2 | 3 | 4 | 5 | 6 | 7 | 8 |

It took 0 seconds to make this move...


Black to move
BXXXXXXXXXXXXXXXXXXOXOOXXXXXXXOEXXXOXOOEEXOOOOEEEXEOOOOEEXXXXEEEE
(8,6) Depth reached: 8
   | 1 | 2 | 3 | 4 | 5 | 6 | 7 | 8 |
---|---|---|---|---|---|---|---|---|---
 1 | X | X | X | X | X | X | X | X | 1 
---|---|---|---|---|---|---|---|---|---
 2 | X | X | X | X | X | X | X | X | 2 
---|---|---|---|---|---|---|---|---|---
 3 | X | X | 0 | X | 0 | 0 | X | X | 3 
---|---|---|---|---|---|---|---|---|---
 4 | X | X | X | X | X | 0 |   | X | 4 
---|---|---|---|---|---|---|---|---|---
 5 | X | X | X | X | 0 | 0 |   |   | 5 
---|---|---|---|---|---|---|---|---|---
 6 | X | 0 | 0 | X | 0 |   |   |   | 6 
---|---|---|---|---|---|---|---|---|---
 7 | X |   | 0 | 0 | X | 0 |   |   | 7 
---|---|---|---|---|---|---|---|---|---
 8 | X | X | X | X |   | X |   |   | 8 
---|---|---|---|---|---|---|---|---|---
   | 1 | 2 | 3 | 4 | 5 | 6 | 7 | 8 |

It took 2 seconds to make this move...


White to move
WXXXXXXXXXXXXXXXXXXOXOOXXXXXXXOEXXXXXOOEEXOOXOEEEXEOOXOEEXXXXEXEE
(8,5)
   | 1 | 2 | 3 | 4 | 5 | 6 | 7 | 8 |
---|---|---|---|---|---|---|---|---|---
 1 | X | X | X | X | X | X | X | X | 1 
---|---|---|---|---|---|---|---|---|---
 2 | X | X | X | X | X | X | X | X | 2 
---|---|---|---|---|---|---|---|---|---
 3 | X | X | 0 | X | 0 | 0 | X | X | 3 
---|---|---|---|---|---|---|---|---|---
 4 | X | X | X | X | X | 0 |   | X | 4 
---|---|---|---|---|---|---|---|---|---
 5 | X | X | X | X | 0 | 0 |   |   | 5 
---|---|---|---|---|---|---|---|---|---
 6 | X | 0 | 0 | X | 0 |   |   |   | 6 
---|---|---|---|---|---|---|---|---|---
 7 | X |   | 0 | 0 | 0 | 0 |   |   | 7 
---|---|---|---|---|---|---|---|---|---
 8 | X | X | X | X | 0 | X |   |   | 8 
---|---|---|---|---|---|---|---|---|---
   | 1 | 2 | 3 | 4 | 5 | 6 | 7 | 8 |

It took 0 seconds to make this move...


Black to move
BXXXXXXXXXXXXXXXXXXOXOOXXXXXXXOEXXXXXOOEEXOOXOEEEXEOOOOEEXXXXOXEE
(7,2) Depth reached: 9
   | 1 | 2 | 3 | 4 | 5 | 6 | 7 | 8 |
---|---|---|---|---|---|---|---|---|---
 1 | X | X | X | X | X | X | X | X | 1 
---|---|---|---|---|---|---|---|---|---
 2 | X | X | X | X | X | X | X | X | 2 
---|---|---|---|---|---|---|---|---|---
 3 | X | X | 0 | X | 0 | 0 | X | X | 3 
---|---|---|---|---|---|---|---|---|---
 4 | X | X | X | X | X | 0 |   | X | 4 
---|---|---|---|---|---|---|---|---|---
 5 | X | X | X | X | 0 | 0 |   |   | 5 
---|---|---|---|---|---|---|---|---|---
 6 | X | X | X | X | 0 |   |   |   | 6 
---|---|---|---|---|---|---|---|---|---
 7 | X | X | 0 | 0 | 0 | 0 |   |   | 7 
---|---|---|---|---|---|---|---|---|---
 8 | X | X | X | X | 0 | X |   |   | 8 
---|---|---|---|---|---|---|---|---|---
   | 1 | 2 | 3 | 4 | 5 | 6 | 7 | 8 |

It took 2 seconds to make this move...


White to move
WXXXXXXXXXXXXXXXXXXOXOOXXXXXXXOEXXXXXOOEEXXXXOEEEXXOOOOEEXXXXOXEE
(8,7)
   | 1 | 2 | 3 | 4 | 5 | 6 | 7 | 8 |
---|---|---|---|---|---|---|---|---|---
 1 | X | X | X | X | X | X | X | X | 1 
---|---|---|---|---|---|---|---|---|---
 2 | X | X | X | X | X | X | X | X | 2 
---|---|---|---|---|---|---|---|---|---
 3 | X | X | 0 | X | 0 | 0 | X | X | 3 
---|---|---|---|---|---|---|---|---|---
 4 | X | X | X | X | X | 0 |   | X | 4 
---|---|---|---|---|---|---|---|---|---
 5 | X | X | X | X | 0 | 0 |   |   | 5 
---|---|---|---|---|---|---|---|---|---
 6 | X | X | X | X | 0 |   |   |   | 6 
---|---|---|---|---|---|---|---|---|---
 7 | X | X | 0 | 0 | 0 | 0 |   |   | 7 
---|---|---|---|---|---|---|---|---|---
 8 | X | X | X | X | 0 | 0 | 0 |   | 8 
---|---|---|---|---|---|---|---|---|---
   | 1 | 2 | 3 | 4 | 5 | 6 | 7 | 8 |

It took 0 seconds to make this move...


Black to move
BXXXXXXXXXXXXXXXXXXOXOOXXXXXXXOEXXXXXOOEEXXXXOEEEXXOOOOEEXXXXOOOE
(4,7) Depth reached: 13
   | 1 | 2 | 3 | 4 | 5 | 6 | 7 | 8 |
---|---|---|---|---|---|---|---|---|---
 1 | X | X | X | X | X | X | X | X | 1 
---|---|---|---|---|---|---|---|---|---
 2 | X | X | X | X | X | X | X | X | 2 
---|---|---|---|---|---|---|---|---|---
 3 | X | X | 0 | X | 0 | X | X | X | 3 
---|---|---|---|---|---|---|---|---|---
 4 | X | X | X | X | X | X | X | X | 4 
---|---|---|---|---|---|---|---|---|---
 5 | X | X | X | X | 0 | X |   |   | 5 
---|---|---|---|---|---|---|---|---|---
 6 | X | X | X | X | X |   |   |   | 6 
---|---|---|---|---|---|---|---|---|---
 7 | X | X | 0 | X | 0 | 0 |   |   | 7 
---|---|---|---|---|---|---|---|---|---
 8 | X | X | X | X | 0 | 0 | 0 |   | 8 
---|---|---|---|---|---|---|---|---|---
   | 1 | 2 | 3 | 4 | 5 | 6 | 7 | 8 |

It took 2 seconds to make this move...


White to move
WXXXXXXXXXXXXXXXXXXOXOXXXXXXXXXXXXXXXOXEEXXXXXEEEXXOXOOEEXXXXOOOE
(5,7)
   | 1 | 2 | 3 | 4 | 5 | 6 | 7 | 8 |
---|---|---|---|---|---|---|---|---|---
 1 | X | X | X | X | X | X | X | X | 1 
---|---|---|---|---|---|---|---|---|---
 2 | X | X | X | X | X | X | X | X | 2 
---|---|---|---|---|---|---|---|---|---
 3 | X | X | 0 | X | 0 | X | X | X | 3 
---|---|---|---|---|---|---|---|---|---
 4 | X | X | X | X | X | 0 | X | X | 4 
---|---|---|---|---|---|---|---|---|---
 5 | X | X | X | X | 0 | 0 | 0 |   | 5 
---|---|---|---|---|---|---|---|---|---
 6 | X | X | X | X | X |   |   |   | 6 
---|---|---|---|---|---|---|---|---|---
 7 | X | X | 0 | X | 0 | 0 |   |   | 7 
---|---|---|---|---|---|---|---|---|---
 8 | X | X | X | X | 0 | 0 | 0 |   | 8 
---|---|---|---|---|---|---|---|---|---
   | 1 | 2 | 3 | 4 | 5 | 6 | 7 | 8 |

It took 0 seconds to make this move...


Black to move
BXXXXXXXXXXXXXXXXXXOXOXXXXXXXXOXXXXXXOOOEXXXXXEEEXXOXOOEEXXXXOOOE
(6,8) Depth reached: 30
   | 1 | 2 | 3 | 4 | 5 | 6 | 7 | 8 |
---|---|---|---|---|---|---|---|---|---
 1 | X | X | X | X | X | X | X | X | 1 
---|---|---|---|---|---|---|---|---|---
 2 | X | X | X | X | X | X | X | X | 2 
---|---|---|---|---|---|---|---|---|---
 3 | X | X | 0 | X | X | X | X | X | 3 
---|---|---|---|---|---|---|---|---|---
 4 | X | X | X | X | X | X | X | X | 4 
---|---|---|---|---|---|---|---|---|---
 5 | X | X | X | X | 0 | 0 | X |   | 5 
---|---|---|---|---|---|---|---|---|---
 6 | X | X | X | X | X |   |   | X | 6 
---|---|---|---|---|---|---|---|---|---
 7 | X | X | 0 | X | 0 | 0 |   |   | 7 
---|---|---|---|---|---|---|---|---|---
 8 | X | X | X | X | 0 | 0 | 0 |   | 8 
---|---|---|---|---|---|---|---|---|---
   | 1 | 2 | 3 | 4 | 5 | 6 | 7 | 8 |

It took 2 seconds to make this move...


White to move
WXXXXXXXXXXXXXXXXXXOXXXXXXXXXXXXXXXXXOOXEXXXXXEEXXXOXOOEEXXXXOOOE
(5,8)
   | 1 | 2 | 3 | 4 | 5 | 6 | 7 | 8 |
---|---|---|---|---|---|---|---|---|---
 1 | X | X | X | X | X | X | X | X | 1 
---|---|---|---|---|---|---|---|---|---
 2 | X | X | X | X | X | X | X | X | 2 
---|---|---|---|---|---|---|---|---|---
 3 | X | X | 0 | X | X | X | X | X | 3 
---|---|---|---|---|---|---|---|---|---
 4 | X | X | X | X | X | X | X | X | 4 
---|---|---|---|---|---|---|---|---|---
 5 | X | X | X | X | 0 | 0 | 0 | 0 | 5 
---|---|---|---|---|---|---|---|---|---
 6 | X | X | X | X | X |   |   | X | 6 
---|---|---|---|---|---|---|---|---|---
 7 | X | X | 0 | X | 0 | 0 |   |   | 7 
---|---|---|---|---|---|---|---|---|---
 8 | X | X | X | X | 0 | 0 | 0 |   | 8 
---|---|---|---|---|---|---|---|---|---
   | 1 | 2 | 3 | 4 | 5 | 6 | 7 | 8 |

It took 0 seconds to make this move...


Black to move
BXXXXXXXXXXXXXXXXXXOXXXXXXXXXXXXXXXXXOOOOXXXXXEEXXXOXOOEEXXXXOOOE
(6,7) Depth reached: 100
   | 1 | 2 | 3 | 4 | 5 | 6 | 7 | 8 |
---|---|---|---|---|---|---|---|---|---
 1 | X | X | X | X | X | X | X | X | 1 
---|---|---|---|---|---|---|---|---|---
 2 | X | X | X | X | X | X | X | X | 2 
---|---|---|---|---|---|---|---|---|---
 3 | X | X | 0 | X | X | X | X | X | 3 
---|---|---|---|---|---|---|---|---|---
 4 | X | X | X | X | X | X | X | X | 4 
---|---|---|---|---|---|---|---|---|---
 5 | X | X | X | X | 0 | X | X | 0 | 5 
---|---|---|---|---|---|---|---|---|---
 6 | X | X | X | X | X |   | X | X | 6 
---|---|---|---|---|---|---|---|---|---
 7 | X | X | 0 | X | 0 | 0 |   |   | 7 
---|---|---|---|---|---|---|---|---|---
 8 | X | X | X | X | 0 | 0 | 0 |   | 8 
---|---|---|---|---|---|---|---|---|---
   | 1 | 2 | 3 | 4 | 5 | 6 | 7 | 8 |

It took 2 seconds to make this move...


White to move
WXXXXXXXXXXXXXXXXXXOXXXXXXXXXXXXXXXXXOXXOXXXXXEXXXXOXOOEEXXXXOOOE
(7,8)
   | 1 | 2 | 3 | 4 | 5 | 6 | 7 | 8 |
---|---|---|---|---|---|---|---|---|---
 1 | X | X | X | X | X | X | X | X | 1 
---|---|---|---|---|---|---|---|---|---
 2 | X | X | X | X | X | X | X | X | 2 
---|---|---|---|---|---|---|---|---|---
 3 | X | X | 0 | X | X | X | X | X | 3 
---|---|---|---|---|---|---|---|---|---
 4 | X | X | X | X | X | X | X | X | 4 
---|---|---|---|---|---|---|---|---|---
 5 | X | X | X | X | 0 | X | X | 0 | 5 
---|---|---|---|---|---|---|---|---|---
 6 | X | X | X | X | X |   | X | 0 | 6 
---|---|---|---|---|---|---|---|---|---
 7 | X | X | 0 | X | 0 | 0 |   | 0 | 7 
---|---|---|---|---|---|---|---|---|---
 8 | X | X | X | X | 0 | 0 | 0 |   | 8 
---|---|---|---|---|---|---|---|---|---
   | 1 | 2 | 3 | 4 | 5 | 6 | 7 | 8 |

It took 0 seconds to make this move...


Black to move
BXXXXXXXXXXXXXXXXXXOXXXXXXXXXXXXXXXXXOXXOXXXXXEXOXXOXOOEOXXXXOOOE
(8,8) Depth reached: 209
   | 1 | 2 | 3 | 4 | 5 | 6 | 7 | 8 |
---|---|---|---|---|---|---|---|---|---
 1 | X | X | X | X | X | X | X | X | 1 
---|---|---|---|---|---|---|---|---|---
 2 | X | X | X | X | X | X | X | X | 2 
---|---|---|---|---|---|---|---|---|---
 3 | X | X | 0 | X | X | X | X | X | 3 
---|---|---|---|---|---|---|---|---|---
 4 | X | X | X | X | X | X | X | X | 4 
---|---|---|---|---|---|---|---|---|---
 5 | X | X | X | X | 0 | X | X | X | 5 
---|---|---|---|---|---|---|---|---|---
 6 | X | X | X | X | X |   | X | X | 6 
---|---|---|---|---|---|---|---|---|---
 7 | X | X | 0 | X | 0 | 0 |   | X | 7 
---|---|---|---|---|---|---|---|---|---
 8 | X | X | X | X | X | X | X | X | 8 
---|---|---|---|---|---|---|---|---|---
   | 1 | 2 | 3 | 4 | 5 | 6 | 7 | 8 |

It took 1 seconds to make this move...


White to move
WXXXXXXXXXXXXXXXXXXOXXXXXXXXXXXXXXXXXOXXXXXXXXEXXXXOXOOEXXXXXXXXX
pass
   | 1 | 2 | 3 | 4 | 5 | 6 | 7 | 8 |
---|---|---|---|---|---|---|---|---|---
 1 | X | X | X | X | X | X | X | X | 1 
---|---|---|---|---|---|---|---|---|---
 2 | X | X | X | X | X | X | X | X | 2 
---|---|---|---|---|---|---|---|---|---
 3 | X | X | 0 | X | X | X | X | X | 3 
---|---|---|---|---|---|---|---|---|---
 4 | X | X | X | X | X | X | X | X | 4 
---|---|---|---|---|---|---|---|---|---
 5 | X | X | X | X | 0 | X | X | X | 5 
---|---|---|---|---|---|---|---|---|---
 6 | X | X | X | X | X |   | X | X | 6 
---|---|---|---|---|---|---|---|---|---
 7 | X | X | 0 | X | 0 | 0 |   | X | 7 
---|---|---|---|---|---|---|---|---|---
 8 | X | X | X | X | X | X | X | X | 8 
---|---|---|---|---|---|---|---|---|---
   | 1 | 2 | 3 | 4 | 5 | 6 | 7 | 8 |

It took 1 seconds to make this move...


Black to move
BXXXXXXXXXXXXXXXXXXOXXXXXXXXXXXXXXXXXOXXXXXXXXEXXXXOXOOEXXXXXXXXX
(7,7) Depth reached: 294
   | 1 | 2 | 3 | 4 | 5 | 6 | 7 | 8 |
---|---|---|---|---|---|---|---|---|---
 1 | X | X | X | X | X | X | X | X | 1 
---|---|---|---|---|---|---|---|---|---
 2 | X | X | X | X | X | X | X | X | 2 
---|---|---|---|---|---|---|---|---|---
 3 | X | X | 0 | X | X | X | X | X | 3 
---|---|---|---|---|---|---|---|---|---
 4 | X | X | X | X | X | X | X | X | 4 
---|---|---|---|---|---|---|---|---|---
 5 | X | X | X | X | 0 | X | X | X | 5 
---|---|---|---|---|---|---|---|---|---
 6 | X | X | X | X | X |   | X | X | 6 
---|---|---|---|---|---|---|---|---|---
 7 | X | X | 0 | X | X | X | X | X | 7 
---|---|---|---|---|---|---|---|---|---
 8 | X | X | X | X | X | X | X | X | 8 
---|---|---|---|---|---|---|---|---|---
   | 1 | 2 | 3 | 4 | 5 | 6 | 7 | 8 |

It took 1 seconds to make this move...


White to move
WXXXXXXXXXXXXXXXXXXOXXXXXXXXXXXXXXXXXOXXXXXXXXEXXXXOXXXXXXXXXXXXX
pass
   | 1 | 2 | 3 | 4 | 5 | 6 | 7 | 8 |
---|---|---|---|---|---|---|---|---|---
 1 | X | X | X | X | X | X | X | X | 1 
---|---|---|---|---|---|---|---|---|---
 2 | X | X | X | X | X | X | X | X | 2 
---|---|---|---|---|---|---|---|---|---
 3 | X | X | 0 | X | X | X | X | X | 3 
---|---|---|---|---|---|---|---|---|---
 4 | X | X | X | X | X | X | X | X | 4 
---|---|---|---|---|---|---|---|---|---
 5 | X | X | X | X | 0 | X | X | X | 5 
---|---|---|---|---|---|---|---|---|---
 6 | X | X | X | X | X |   | X | X | 6 
---|---|---|---|---|---|---|---|---|---
 7 | X | X | 0 | X | X | X | X | X | 7 
---|---|---|---|---|---|---|---|---|---
 8 | X | X | X | X | X | X | X | X | 8 
---|---|---|---|---|---|---|---|---|---
   | 1 | 2 | 3 | 4 | 5 | 6 | 7 | 8 |

It took 0 seconds to make this move...


Black to move
BXXXXXXXXXXXXXXXXXXOXXXXXXXXXXXXXXXXXOXXXXXXXXEXXXXOXXXXXXXXXXXXX
(6,6) Depth reached: 414
   | 1 | 2 | 3 | 4 | 5 | 6 | 7 | 8 |
---|---|---|---|---|---|---|---|---|---
 1 | X | X | X | X | X | X | X | X | 1 
---|---|---|---|---|---|---|---|---|---
 2 | X | X | X | X | X | X | X | X | 2 
---|---|---|---|---|---|---|---|---|---
 3 | X | X | 0 | X | X | X | X | X | 3 
---|---|---|---|---|---|---|---|---|---
 4 | X | X | X | X | X | X | X | X | 4 
---|---|---|---|---|---|---|---|---|---
 5 | X | X | X | X | X | X | X | X | 5 
---|---|---|---|---|---|---|---|---|---
 6 | X | X | X | X | X | X | X | X | 6 
---|---|---|---|---|---|---|---|---|---
 7 | X | X | 0 | X | X | X | X | X | 7 
---|---|---|---|---|---|---|---|---|---
 8 | X | X | X | X | X | X | X | X | 8 
---|---|---|---|---|---|---|---|---|---
   | 1 | 2 | 3 | 4 | 5 | 6 | 7 | 8 |

It took 2 seconds to make this move...


White to move
WXXXXXXXXXXXXXXXXXXOXXXXXXXXXXXXXXXXXXXXXXXXXXXXXXXOXXXXXXXXXXXXX
pass
   | 1 | 2 | 3 | 4 | 5 | 6 | 7 | 8 |
---|---|---|---|---|---|---|---|---|---
 1 | X | X | X | X | X | X | X | X | 1 
---|---|---|---|---|---|---|---|---|---
 2 | X | X | X | X | X | X | X | X | 2 
---|---|---|---|---|---|---|---|---|---
 3 | X | X | 0 | X | X | X | X | X | 3 
---|---|---|---|---|---|---|---|---|---
 4 | X | X | X | X | X | X | X | X | 4 
---|---|---|---|---|---|---|---|---|---
 5 | X | X | X | X | X | X | X | X | 5 
---|---|---|---|---|---|---|---|---|---
 6 | X | X | X | X | X | X | X | X | 6 
---|---|---|---|---|---|---|---|---|---
 7 | X | X | 0 | X | X | X | X | X | 7 
---|---|---|---|---|---|---|---|---|---
 8 | X | X | X | X | X | X | X | X | 8 
---|---|---|---|---|---|---|---|---|---
   | 1 | 2 | 3 | 4 | 5 | 6 | 7 | 8 |

It took 0 seconds to make this move...


Black to move
BXXXXXXXXXXXXXXXXXXOXXXXXXXXXXXXXXXXXXXXXXXXXXXXXXXOXXXXXXXXXXXXX
pass
   | 1 | 2 | 3 | 4 | 5 | 6 | 7 | 8 |
---|---|---|---|---|---|---|---|---|---
 1 | X | X | X | X | X | X | X | X | 1 
---|---|---|---|---|---|---|---|---|---
 2 | X | X | X | X | X | X | X | X | 2 
---|---|---|---|---|---|---|---|---|---
 3 | X | X | 0 | X | X | X | X | X | 3 
---|---|---|---|---|---|---|---|---|---
 4 | X | X | X | X | X | X | X | X | 4 
---|---|---|---|---|---|---|---|---|---
 5 | X | X | X | X | X | X | X | X | 5 
---|---|---|---|---|---|---|---|---|---
 6 | X | X | X | X | X | X | X | X | 6 
---|---|---|---|---|---|---|---|---|---
 7 | X | X | 0 | X | X | X | X | X | 7 
---|---|---|---|---|---|---|---|---|---
 8 | X | X | X | X | X | X | X | X | 8 
---|---|---|---|---|---|---|---|---|---
   | 1 | 2 | 3 | 4 | 5 | 6 | 7 | 8 |

It took 2 seconds to make this move...
***************************************
Results for ./othello_naive.sh vs. ../Python/othello.sh:
Black won with 60 points
Average time for white: 0.1 s (max: 1 s)
Average time for black: 1.9 s (max: 2 s)
***************************************
