   | 1 | 2 | 3 | 4 | 5 | 6 | 7 | 8 |
---|---|---|---|---|---|---|---|---|---
 1 |   |   |   |   |   |   |   |   | 1 
---|---|---|---|---|---|---|---|---|---
 2 |   |   |   |   |   |   |   |   | 2 
---|---|---|---|---|---|---|---|---|---
 3 |   |   |   |   |   |   |   |   | 3 
---|---|---|---|---|---|---|---|---|---
 4 |   |   |   | 0 | X |   |   |   | 4 
---|---|---|---|---|---|---|---|---|---
 5 |   |   |   | X | 0 |   |   |   | 5 
---|---|---|---|---|---|---|---|---|---
 6 |   |   |   |   |   |   |   |   | 6 
---|---|---|---|---|---|---|---|---|---
 7 |   |   |   |   |   |   |   |   | 7 
---|---|---|---|---|---|---|---|---|---
 8 |   |   |   |   |   |   |   |   | 8 
---|---|---|---|---|---|---|---|---|---
   | 1 | 2 | 3 | 4 | 5 | 6 | 7 | 8 |



White to move
WEEEEEEEEEEEEEEEEEEEEEEEEEEEOXEEEEEEXOEEEEEEEEEEEEEEEEEEEEEEEEEEE
(3,5)
   | 1 | 2 | 3 | 4 | 5 | 6 | 7 | 8 |
---|---|---|---|---|---|---|---|---|---
 1 |   |   |   |   |   |   |   |   | 1 
---|---|---|---|---|---|---|---|---|---
 2 |   |   |   |   |   |   |   |   | 2 
---|---|---|---|---|---|---|---|---|---
 3 |   |   |   |   | 0 |   |   |   | 3 
---|---|---|---|---|---|---|---|---|---
 4 |   |   |   | 0 | 0 |   |   |   | 4 
---|---|---|---|---|---|---|---|---|---
 5 |   |   |   | X | 0 |   |   |   | 5 
---|---|---|---|---|---|---|---|---|---
 6 |   |   |   |   |   |   |   |   | 6 
---|---|---|---|---|---|---|---|---|---
 7 |   |   |   |   |   |   |   |   | 7 
---|---|---|---|---|---|---|---|---|---
 8 |   |   |   |   |   |   |   |   | 8 
---|---|---|---|---|---|---|---|---|---
   | 1 | 2 | 3 | 4 | 5 | 6 | 7 | 8 |

It took 0 seconds to make this move...


Black to move
BEEEEEEEEEEEEEEEEEEEEOEEEEEEOOEEEEEEXOEEEEEEEEEEEEEEEEEEEEEEEEEEE
(3,6) Depth reached: 7
   | 1 | 2 | 3 | 4 | 5 | 6 | 7 | 8 |
---|---|---|---|---|---|---|---|---|---
 1 |   |   |   |   |   |   |   |   | 1 
---|---|---|---|---|---|---|---|---|---
 2 |   |   |   |   |   |   |   |   | 2 
---|---|---|---|---|---|---|---|---|---
 3 |   |   |   |   | 0 | X |   |   | 3 
---|---|---|---|---|---|---|---|---|---
 4 |   |   |   | 0 | X |   |   |   | 4 
---|---|---|---|---|---|---|---|---|---
 5 |   |   |   | X | 0 |   |   |   | 5 
---|---|---|---|---|---|---|---|---|---
 6 |   |   |   |   |   |   |   |   | 6 
---|---|---|---|---|---|---|---|---|---
 7 |   |   |   |   |   |   |   |   | 7 
---|---|---|---|---|---|---|---|---|---
 8 |   |   |   |   |   |   |   |   | 8 
---|---|---|---|---|---|---|---|---|---
   | 1 | 2 | 3 | 4 | 5 | 6 | 7 | 8 |

It took 3 seconds to make this move...


White to move
WEEEEEEEEEEEEEEEEEEEEOXEEEEEOXEEEEEEXOEEEEEEEEEEEEEEEEEEEEEEEEEEE
(5,3)
   | 1 | 2 | 3 | 4 | 5 | 6 | 7 | 8 |
---|---|---|---|---|---|---|---|---|---
 1 |   |   |   |   |   |   |   |   | 1 
---|---|---|---|---|---|---|---|---|---
 2 |   |   |   |   |   |   |   |   | 2 
---|---|---|---|---|---|---|---|---|---
 3 |   |   |   |   | 0 | X |   |   | 3 
---|---|---|---|---|---|---|---|---|---
 4 |   |   |   | 0 | X |   |   |   | 4 
---|---|---|---|---|---|---|---|---|---
 5 |   |   | 0 | 0 | 0 |   |   |   | 5 
---|---|---|---|---|---|---|---|---|---
 6 |   |   |   |   |   |   |   |   | 6 
---|---|---|---|---|---|---|---|---|---
 7 |   |   |   |   |   |   |   |   | 7 
---|---|---|---|---|---|---|---|---|---
 8 |   |   |   |   |   |   |   |   | 8 
---|---|---|---|---|---|---|---|---|---
   | 1 | 2 | 3 | 4 | 5 | 6 | 7 | 8 |

It took 0 seconds to make this move...


Black to move
BEEEEEEEEEEEEEEEEEEEEOXEEEEEOXEEEEEOOOEEEEEEEEEEEEEEEEEEEEEEEEEEE
(3,4) Depth reached: 7
   | 1 | 2 | 3 | 4 | 5 | 6 | 7 | 8 |
---|---|---|---|---|---|---|---|---|---
 1 |   |   |   |   |   |   |   |   | 1 
---|---|---|---|---|---|---|---|---|---
 2 |   |   |   |   |   |   |   |   | 2 
---|---|---|---|---|---|---|---|---|---
 3 |   |   |   | X | X | X |   |   | 3 
---|---|---|---|---|---|---|---|---|---
 4 |   |   |   | 0 | X |   |   |   | 4 
---|---|---|---|---|---|---|---|---|---
 5 |   |   | 0 | 0 | 0 |   |   |   | 5 
---|---|---|---|---|---|---|---|---|---
 6 |   |   |   |   |   |   |   |   | 6 
---|---|---|---|---|---|---|---|---|---
 7 |   |   |   |   |   |   |   |   | 7 
---|---|---|---|---|---|---|---|---|---
 8 |   |   |   |   |   |   |   |   | 8 
---|---|---|---|---|---|---|---|---|---
   | 1 | 2 | 3 | 4 | 5 | 6 | 7 | 8 |

It took 3 seconds to make this move...


White to move
WEEEEEEEEEEEEEEEEEEEXXXEEEEEOXEEEEEOOOEEEEEEEEEEEEEEEEEEEEEEEEEEE
(2,4)
   | 1 | 2 | 3 | 4 | 5 | 6 | 7 | 8 |
---|---|---|---|---|---|---|---|---|---
 1 |   |   |   |   |   |   |   |   | 1 
---|---|---|---|---|---|---|---|---|---
 2 |   |   |   | 0 |   |   |   |   | 2 
---|---|---|---|---|---|---|---|---|---
 3 |   |   |   | 0 | X | X |   |   | 3 
---|---|---|---|---|---|---|---|---|---
 4 |   |   |   | 0 | X |   |   |   | 4 
---|---|---|---|---|---|---|---|---|---
 5 |   |   | 0 | 0 | 0 |   |   |   | 5 
---|---|---|---|---|---|---|---|---|---
 6 |   |   |   |   |   |   |   |   | 6 
---|---|---|---|---|---|---|---|---|---
 7 |   |   |   |   |   |   |   |   | 7 
---|---|---|---|---|---|---|---|---|---
 8 |   |   |   |   |   |   |   |   | 8 
---|---|---|---|---|---|---|---|---|---
   | 1 | 2 | 3 | 4 | 5 | 6 | 7 | 8 |

It took 0 seconds to make this move...


Black to move
BEEEEEEEEEEEOEEEEEEEOXXEEEEEOXEEEEEOOOEEEEEEEEEEEEEEEEEEEEEEEEEEE
(1,3) Depth reached: 6
   | 1 | 2 | 3 | 4 | 5 | 6 | 7 | 8 |
---|---|---|---|---|---|---|---|---|---
 1 |   |   | X |   |   |   |   |   | 1 
---|---|---|---|---|---|---|---|---|---
 2 |   |   |   | X |   |   |   |   | 2 
---|---|---|---|---|---|---|---|---|---
 3 |   |   |   | 0 | X | X |   |   | 3 
---|---|---|---|---|---|---|---|---|---
 4 |   |   |   | 0 | X |   |   |   | 4 
---|---|---|---|---|---|---|---|---|---
 5 |   |   | 0 | 0 | 0 |   |   |   | 5 
---|---|---|---|---|---|---|---|---|---
 6 |   |   |   |   |   |   |   |   | 6 
---|---|---|---|---|---|---|---|---|---
 7 |   |   |   |   |   |   |   |   | 7 
---|---|---|---|---|---|---|---|---|---
 8 |   |   |   |   |   |   |   |   | 8 
---|---|---|---|---|---|---|---|---|---
   | 1 | 2 | 3 | 4 | 5 | 6 | 7 | 8 |

It took 3 seconds to make this move...


White to move
WEEXEEEEEEEEXEEEEEEEOXXEEEEEOXEEEEEOOOEEEEEEEEEEEEEEEEEEEEEEEEEEE
(2,5)
   | 1 | 2 | 3 | 4 | 5 | 6 | 7 | 8 |
---|---|---|---|---|---|---|---|---|---
 1 |   |   | X |   |   |   |   |   | 1 
---|---|---|---|---|---|---|---|---|---
 2 |   |   |   | X | 0 |   |   |   | 2 
---|---|---|---|---|---|---|---|---|---
 3 |   |   |   | 0 | 0 | X |   |   | 3 
---|---|---|---|---|---|---|---|---|---
 4 |   |   |   | 0 | 0 |   |   |   | 4 
---|---|---|---|---|---|---|---|---|---
 5 |   |   | 0 | 0 | 0 |   |   |   | 5 
---|---|---|---|---|---|---|---|---|---
 6 |   |   |   |   |   |   |   |   | 6 
---|---|---|---|---|---|---|---|---|---
 7 |   |   |   |   |   |   |   |   | 7 
---|---|---|---|---|---|---|---|---|---
 8 |   |   |   |   |   |   |   |   | 8 
---|---|---|---|---|---|---|---|---|---
   | 1 | 2 | 3 | 4 | 5 | 6 | 7 | 8 |

It took 0 seconds to make this move...


Black to move
BEEXEEEEEEEEXOEEEEEEOOXEEEEEOOEEEEEOOOEEEEEEEEEEEEEEEEEEEEEEEEEEE
(3,3) Depth reached: 7
   | 1 | 2 | 3 | 4 | 5 | 6 | 7 | 8 |
---|---|---|---|---|---|---|---|---|---
 1 |   |   | X |   |   |   |   |   | 1 
---|---|---|---|---|---|---|---|---|---
 2 |   |   |   | X | 0 |   |   |   | 2 
---|---|---|---|---|---|---|---|---|---
 3 |   |   | X | X | X | X |   |   | 3 
---|---|---|---|---|---|---|---|---|---
 4 |   |   |   | 0 | 0 |   |   |   | 4 
---|---|---|---|---|---|---|---|---|---
 5 |   |   | 0 | 0 | 0 |   |   |   | 5 
---|---|---|---|---|---|---|---|---|---
 6 |   |   |   |   |   |   |   |   | 6 
---|---|---|---|---|---|---|---|---|---
 7 |   |   |   |   |   |   |   |   | 7 
---|---|---|---|---|---|---|---|---|---
 8 |   |   |   |   |   |   |   |   | 8 
---|---|---|---|---|---|---|---|---|---
   | 1 | 2 | 3 | 4 | 5 | 6 | 7 | 8 |

It took 2 seconds to make this move...


White to move
WEEXEEEEEEEEXOEEEEEXXXXEEEEEOOEEEEEOOOEEEEEEEEEEEEEEEEEEEEEEEEEEE
(2,2)
   | 1 | 2 | 3 | 4 | 5 | 6 | 7 | 8 |
---|---|---|---|---|---|---|---|---|---
 1 |   |   | X |   |   |   |   |   | 1 
---|---|---|---|---|---|---|---|---|---
 2 |   | 0 |   | X | 0 |   |   |   | 2 
---|---|---|---|---|---|---|---|---|---
 3 |   |   | 0 | X | X | X |   |   | 3 
---|---|---|---|---|---|---|---|---|---
 4 |   |   |   | 0 | 0 |   |   |   | 4 
---|---|---|---|---|---|---|---|---|---
 5 |   |   | 0 | 0 | 0 |   |   |   | 5 
---|---|---|---|---|---|---|---|---|---
 6 |   |   |   |   |   |   |   |   | 6 
---|---|---|---|---|---|---|---|---|---
 7 |   |   |   |   |   |   |   |   | 7 
---|---|---|---|---|---|---|---|---|---
 8 |   |   |   |   |   |   |   |   | 8 
---|---|---|---|---|---|---|---|---|---
   | 1 | 2 | 3 | 4 | 5 | 6 | 7 | 8 |

It took 1 seconds to make this move...


Black to move
BEEXEEEEEEOEXOEEEEEOXXXEEEEEOOEEEEEOOOEEEEEEEEEEEEEEEEEEEEEEEEEEE
(1,4) Depth reached: 6
   | 1 | 2 | 3 | 4 | 5 | 6 | 7 | 8 |
---|---|---|---|---|---|---|---|---|---
 1 |   |   | X | X |   |   |   |   | 1 
---|---|---|---|---|---|---|---|---|---
 2 |   | 0 |   | X | X |   |   |   | 2 
---|---|---|---|---|---|---|---|---|---
 3 |   |   | 0 | X | X | X |   |   | 3 
---|---|---|---|---|---|---|---|---|---
 4 |   |   |   | 0 | 0 |   |   |   | 4 
---|---|---|---|---|---|---|---|---|---
 5 |   |   | 0 | 0 | 0 |   |   |   | 5 
---|---|---|---|---|---|---|---|---|---
 6 |   |   |   |   |   |   |   |   | 6 
---|---|---|---|---|---|---|---|---|---
 7 |   |   |   |   |   |   |   |   | 7 
---|---|---|---|---|---|---|---|---|---
 8 |   |   |   |   |   |   |   |   | 8 
---|---|---|---|---|---|---|---|---|---
   | 1 | 2 | 3 | 4 | 5 | 6 | 7 | 8 |

It took 3 seconds to make this move...


White to move
WEEXXEEEEEOEXXEEEEEOXXXEEEEEOOEEEEEOOOEEEEEEEEEEEEEEEEEEEEEEEEEEE
(2,3)
   | 1 | 2 | 3 | 4 | 5 | 6 | 7 | 8 |
---|---|---|---|---|---|---|---|---|---
 1 |   |   | X | X |   |   |   |   | 1 
---|---|---|---|---|---|---|---|---|---
 2 |   | 0 | 0 | X | X |   |   |   | 2 
---|---|---|---|---|---|---|---|---|---
 3 |   |   | 0 | 0 | X | X |   |   | 3 
---|---|---|---|---|---|---|---|---|---
 4 |   |   |   | 0 | 0 |   |   |   | 4 
---|---|---|---|---|---|---|---|---|---
 5 |   |   | 0 | 0 | 0 |   |   |   | 5 
---|---|---|---|---|---|---|---|---|---
 6 |   |   |   |   |   |   |   |   | 6 
---|---|---|---|---|---|---|---|---|---
 7 |   |   |   |   |   |   |   |   | 7 
---|---|---|---|---|---|---|---|---|---
 8 |   |   |   |   |   |   |   |   | 8 
---|---|---|---|---|---|---|---|---|---
   | 1 | 2 | 3 | 4 | 5 | 6 | 7 | 8 |

It took 0 seconds to make this move...


Black to move
BEEXXEEEEEOOXXEEEEEOOXXEEEEEOOEEEEEOOOEEEEEEEEEEEEEEEEEEEEEEEEEEE
(4,3) Depth reached: 6
   | 1 | 2 | 3 | 4 | 5 | 6 | 7 | 8 |
---|---|---|---|---|---|---|---|---|---
 1 |   |   | X | X |   |   |   |   | 1 
---|---|---|---|---|---|---|---|---|---
 2 |   | 0 | X | X | X |   |   |   | 2 
---|---|---|---|---|---|---|---|---|---
 3 |   |   | X | X | X | X |   |   | 3 
---|---|---|---|---|---|---|---|---|---
 4 |   |   | X | 0 | 0 |   |   |   | 4 
---|---|---|---|---|---|---|---|---|---
 5 |   |   | 0 | 0 | 0 |   |   |   | 5 
---|---|---|---|---|---|---|---|---|---
 6 |   |   |   |   |   |   |   |   | 6 
---|---|---|---|---|---|---|---|---|---
 7 |   |   |   |   |   |   |   |   | 7 
---|---|---|---|---|---|---|---|---|---
 8 |   |   |   |   |   |   |   |   | 8 
---|---|---|---|---|---|---|---|---|---
   | 1 | 2 | 3 | 4 | 5 | 6 | 7 | 8 |

It took 3 seconds to make this move...


White to move
WEEXXEEEEEOXXXEEEEEXXXXEEEEXOOEEEEEOOOEEEEEEEEEEEEEEEEEEEEEEEEEEE
(2,6)
   | 1 | 2 | 3 | 4 | 5 | 6 | 7 | 8 |
---|---|---|---|---|---|---|---|---|---
 1 |   |   | X | X |   |   |   |   | 1 
---|---|---|---|---|---|---|---|---|---
 2 |   | 0 | 0 | 0 | 0 | 0 |   |   | 2 
---|---|---|---|---|---|---|---|---|---
 3 |   |   | X | X | 0 | X |   |   | 3 
---|---|---|---|---|---|---|---|---|---
 4 |   |   | X | 0 | 0 |   |   |   | 4 
---|---|---|---|---|---|---|---|---|---
 5 |   |   | 0 | 0 | 0 |   |   |   | 5 
---|---|---|---|---|---|---|---|---|---
 6 |   |   |   |   |   |   |   |   | 6 
---|---|---|---|---|---|---|---|---|---
 7 |   |   |   |   |   |   |   |   | 7 
---|---|---|---|---|---|---|---|---|---
 8 |   |   |   |   |   |   |   |   | 8 
---|---|---|---|---|---|---|---|---|---
   | 1 | 2 | 3 | 4 | 5 | 6 | 7 | 8 |

It took 0 seconds to make this move...


Black to move
BEEXXEEEEEOOOOOEEEEXXOXEEEEXOOEEEEEOOOEEEEEEEEEEEEEEEEEEEEEEEEEEE
(1,1) Depth reached: 6
   | 1 | 2 | 3 | 4 | 5 | 6 | 7 | 8 |
---|---|---|---|---|---|---|---|---|---
 1 | X |   | X | X |   |   |   |   | 1 
---|---|---|---|---|---|---|---|---|---
 2 |   | X | 0 | 0 | 0 | 0 |   |   | 2 
---|---|---|---|---|---|---|---|---|---
 3 |   |   | X | X | 0 | X |   |   | 3 
---|---|---|---|---|---|---|---|---|---
 4 |   |   | X | 0 | 0 |   |   |   | 4 
---|---|---|---|---|---|---|---|---|---
 5 |   |   | 0 | 0 | 0 |   |   |   | 5 
---|---|---|---|---|---|---|---|---|---
 6 |   |   |   |   |   |   |   |   | 6 
---|---|---|---|---|---|---|---|---|---
 7 |   |   |   |   |   |   |   |   | 7 
---|---|---|---|---|---|---|---|---|---
 8 |   |   |   |   |   |   |   |   | 8 
---|---|---|---|---|---|---|---|---|---
   | 1 | 2 | 3 | 4 | 5 | 6 | 7 | 8 |

It took 3 seconds to make this move...


White to move
WXEXXEEEEEXOOOOEEEEXXOXEEEEXOOEEEEEOOOEEEEEEEEEEEEEEEEEEEEEEEEEEE
(3,2)
   | 1 | 2 | 3 | 4 | 5 | 6 | 7 | 8 |
---|---|---|---|---|---|---|---|---|---
 1 | X |   | X | X |   |   |   |   | 1 
---|---|---|---|---|---|---|---|---|---
 2 |   | X | 0 | 0 | 0 | 0 |   |   | 2 
---|---|---|---|---|---|---|---|---|---
 3 |   | 0 | 0 | 0 | 0 | X |   |   | 3 
---|---|---|---|---|---|---|---|---|---
 4 |   |   | 0 | 0 | 0 |   |   |   | 4 
---|---|---|---|---|---|---|---|---|---
 5 |   |   | 0 | 0 | 0 |   |   |   | 5 
---|---|---|---|---|---|---|---|---|---
 6 |   |   |   |   |   |   |   |   | 6 
---|---|---|---|---|---|---|---|---|---
 7 |   |   |   |   |   |   |   |   | 7 
---|---|---|---|---|---|---|---|---|---
 8 |   |   |   |   |   |   |   |   | 8 
---|---|---|---|---|---|---|---|---|---
   | 1 | 2 | 3 | 4 | 5 | 6 | 7 | 8 |

It took 0 seconds to make this move...


Black to move
BXEXXEEEEEXOOOOEEEOOOOXEEEEOOOEEEEEOOOEEEEEEEEEEEEEEEEEEEEEEEEEEE
(6,6) Depth reached: 6
   | 1 | 2 | 3 | 4 | 5 | 6 | 7 | 8 |
---|---|---|---|---|---|---|---|---|---
 1 | X |   | X | X |   |   |   |   | 1 
---|---|---|---|---|---|---|---|---|---
 2 |   | X | 0 | 0 | 0 | 0 |   |   | 2 
---|---|---|---|---|---|---|---|---|---
 3 |   | 0 | X | 0 | 0 | X |   |   | 3 
---|---|---|---|---|---|---|---|---|---
 4 |   |   | 0 | X | 0 |   |   |   | 4 
---|---|---|---|---|---|---|---|---|---
 5 |   |   | 0 | 0 | X |   |   |   | 5 
---|---|---|---|---|---|---|---|---|---
 6 |   |   |   |   |   | X |   |   | 6 
---|---|---|---|---|---|---|---|---|---
 7 |   |   |   |   |   |   |   |   | 7 
---|---|---|---|---|---|---|---|---|---
 8 |   |   |   |   |   |   |   |   | 8 
---|---|---|---|---|---|---|---|---|---
   | 1 | 2 | 3 | 4 | 5 | 6 | 7 | 8 |

It took 3 seconds to make this move...


White to move
WXEXXEEEEEXOOOOEEEOXOOXEEEEOXOEEEEEOOXEEEEEEEEXEEEEEEEEEEEEEEEEEE
(1,2)
   | 1 | 2 | 3 | 4 | 5 | 6 | 7 | 8 |
---|---|---|---|---|---|---|---|---|---
 1 | X | 0 | X | X |   |   |   |   | 1 
---|---|---|---|---|---|---|---|---|---
 2 |   | 0 | 0 | 0 | 0 | 0 |   |   | 2 
---|---|---|---|---|---|---|---|---|---
 3 |   | 0 | X | 0 | 0 | X |   |   | 3 
---|---|---|---|---|---|---|---|---|---
 4 |   |   | 0 | X | 0 |   |   |   | 4 
---|---|---|---|---|---|---|---|---|---
 5 |   |   | 0 | 0 | X |   |   |   | 5 
---|---|---|---|---|---|---|---|---|---
 6 |   |   |   |   |   | X |   |   | 6 
---|---|---|---|---|---|---|---|---|---
 7 |   |   |   |   |   |   |   |   | 7 
---|---|---|---|---|---|---|---|---|---
 8 |   |   |   |   |   |   |   |   | 8 
---|---|---|---|---|---|---|---|---|---
   | 1 | 2 | 3 | 4 | 5 | 6 | 7 | 8 |

It took 0 seconds to make this move...


Black to move
BXOXXEEEEEOOOOOEEEOXOOXEEEEOXOEEEEEOOXEEEEEEEEXEEEEEEEEEEEEEEEEEE
(1,5) Depth reached: 6
   | 1 | 2 | 3 | 4 | 5 | 6 | 7 | 8 |
---|---|---|---|---|---|---|---|---|---
 1 | X | 0 | X | X | X |   |   |   | 1 
---|---|---|---|---|---|---|---|---|---
 2 |   | 0 | 0 | X | X | 0 |   |   | 2 
---|---|---|---|---|---|---|---|---|---
 3 |   | 0 | X | 0 | X | X |   |   | 3 
---|---|---|---|---|---|---|---|---|---
 4 |   |   | 0 | X | X |   |   |   | 4 
---|---|---|---|---|---|---|---|---|---
 5 |   |   | 0 | 0 | X |   |   |   | 5 
---|---|---|---|---|---|---|---|---|---
 6 |   |   |   |   |   | X |   |   | 6 
---|---|---|---|---|---|---|---|---|---
 7 |   |   |   |   |   |   |   |   | 7 
---|---|---|---|---|---|---|---|---|---
 8 |   |   |   |   |   |   |   |   | 8 
---|---|---|---|---|---|---|---|---|---
   | 1 | 2 | 3 | 4 | 5 | 6 | 7 | 8 |

It took 2 seconds to make this move...


White to move
WXOXXXEEEEOOXXOEEEOXOXXEEEEOXXEEEEEOOXEEEEEEEEXEEEEEEEEEEEEEEEEEE
(2,7)
   | 1 | 2 | 3 | 4 | 5 | 6 | 7 | 8 |
---|---|---|---|---|---|---|---|---|---
 1 | X | 0 | X | X | X |   |   |   | 1 
---|---|---|---|---|---|---|---|---|---
 2 |   | 0 | 0 | X | X | 0 | 0 |   | 2 
---|---|---|---|---|---|---|---|---|---
 3 |   | 0 | X | 0 | X | 0 |   |   | 3 
---|---|---|---|---|---|---|---|---|---
 4 |   |   | 0 | X | 0 |   |   |   | 4 
---|---|---|---|---|---|---|---|---|---
 5 |   |   | 0 | 0 | X |   |   |   | 5 
---|---|---|---|---|---|---|---|---|---
 6 |   |   |   |   |   | X |   |   | 6 
---|---|---|---|---|---|---|---|---|---
 7 |   |   |   |   |   |   |   |   | 7 
---|---|---|---|---|---|---|---|---|---
 8 |   |   |   |   |   |   |   |   | 8 
---|---|---|---|---|---|---|---|---|---
   | 1 | 2 | 3 | 4 | 5 | 6 | 7 | 8 |

It took 0 seconds to make this move...


Black to move
BXOXXXEEEEOOXXOOEEOXOXOEEEEOXOEEEEEOOXEEEEEEEEXEEEEEEEEEEEEEEEEEE
(2,1) Depth reached: 5
   | 1 | 2 | 3 | 4 | 5 | 6 | 7 | 8 |
---|---|---|---|---|---|---|---|---|---
 1 | X | 0 | X | X | X |   |   |   | 1 
---|---|---|---|---|---|---|---|---|---
 2 | X | X | X | X | X | 0 | 0 |   | 2 
---|---|---|---|---|---|---|---|---|---
 3 |   | 0 | X | 0 | X | 0 |   |   | 3 
---|---|---|---|---|---|---|---|---|---
 4 |   |   | 0 | X | 0 |   |   |   | 4 
---|---|---|---|---|---|---|---|---|---
 5 |   |   | 0 | 0 | X |   |   |   | 5 
---|---|---|---|---|---|---|---|---|---
 6 |   |   |   |   |   | X |   |   | 6 
---|---|---|---|---|---|---|---|---|---
 7 |   |   |   |   |   |   |   |   | 7 
---|---|---|---|---|---|---|---|---|---
 8 |   |   |   |   |   |   |   |   | 8 
---|---|---|---|---|---|---|---|---|---
   | 1 | 2 | 3 | 4 | 5 | 6 | 7 | 8 |

It took 3 seconds to make this move...


White to move
WXOXXXEEEXXXXXOOEEOXOXOEEEEOXOEEEEEOOXEEEEEEEEXEEEEEEEEEEEEEEEEEE
(5,6)
   | 1 | 2 | 3 | 4 | 5 | 6 | 7 | 8 |
---|---|---|---|---|---|---|---|---|---
 1 | X | 0 | X | X | X |   |   |   | 1 
---|---|---|---|---|---|---|---|---|---
 2 | X | X | X | X | X | 0 | 0 |   | 2 
---|---|---|---|---|---|---|---|---|---
 3 |   | 0 | X | 0 | X | 0 |   |   | 3 
---|---|---|---|---|---|---|---|---|---
 4 |   |   | 0 | X | 0 |   |   |   | 4 
---|---|---|---|---|---|---|---|---|---
 5 |   |   | 0 | 0 | 0 | 0 |   |   | 5 
---|---|---|---|---|---|---|---|---|---
 6 |   |   |   |   |   | X |   |   | 6 
---|---|---|---|---|---|---|---|---|---
 7 |   |   |   |   |   |   |   |   | 7 
---|---|---|---|---|---|---|---|---|---
 8 |   |   |   |   |   |   |   |   | 8 
---|---|---|---|---|---|---|---|---|---
   | 1 | 2 | 3 | 4 | 5 | 6 | 7 | 8 |

It took 0 seconds to make this move...


Black to move
BXOXXXEEEXXXXXOOEEOXOXOEEEEOXOEEEEEOOOOEEEEEEEXEEEEEEEEEEEEEEEEEE
(3,1) Depth reached: 5
   | 1 | 2 | 3 | 4 | 5 | 6 | 7 | 8 |
---|---|---|---|---|---|---|---|---|---
 1 | X | 0 | X | X | X |   |   |   | 1 
---|---|---|---|---|---|---|---|---|---
 2 | X | X | X | X | X | 0 | 0 |   | 2 
---|---|---|---|---|---|---|---|---|---
 3 | X | X | X | 0 | X | 0 |   |   | 3 
---|---|---|---|---|---|---|---|---|---
 4 |   |   | 0 | X | 0 |   |   |   | 4 
---|---|---|---|---|---|---|---|---|---
 5 |   |   | 0 | 0 | 0 | 0 |   |   | 5 
---|---|---|---|---|---|---|---|---|---
 6 |   |   |   |   |   | X |   |   | 6 
---|---|---|---|---|---|---|---|---|---
 7 |   |   |   |   |   |   |   |   | 7 
---|---|---|---|---|---|---|---|---|---
 8 |   |   |   |   |   |   |   |   | 8 
---|---|---|---|---|---|---|---|---|---
   | 1 | 2 | 3 | 4 | 5 | 6 | 7 | 8 |

It took 3 seconds to make this move...


White to move
WXOXXXEEEXXXXXOOEXXXOXOEEEEOXOEEEEEOOOOEEEEEEEXEEEEEEEEEEEEEEEEEE
(4,2)
   | 1 | 2 | 3 | 4 | 5 | 6 | 7 | 8 |
---|---|---|---|---|---|---|---|---|---
 1 | X | 0 | X | X | X |   |   |   | 1 
---|---|---|---|---|---|---|---|---|---
 2 | X | 0 | X | X | X | 0 | 0 |   | 2 
---|---|---|---|---|---|---|---|---|---
 3 | X | 0 | X | 0 | X | 0 |   |   | 3 
---|---|---|---|---|---|---|---|---|---
 4 |   | 0 | 0 | X | 0 |   |   |   | 4 
---|---|---|---|---|---|---|---|---|---
 5 |   |   | 0 | 0 | 0 | 0 |   |   | 5 
---|---|---|---|---|---|---|---|---|---
 6 |   |   |   |   |   | X |   |   | 6 
---|---|---|---|---|---|---|---|---|---
 7 |   |   |   |   |   |   |   |   | 7 
---|---|---|---|---|---|---|---|---|---
 8 |   |   |   |   |   |   |   |   | 8 
---|---|---|---|---|---|---|---|---|---
   | 1 | 2 | 3 | 4 | 5 | 6 | 7 | 8 |

It took 0 seconds to make this move...


Black to move
BXOXXXEEEXOXXXOOEXOXOXOEEEOOXOEEEEEOOOOEEEEEEEXEEEEEEEEEEEEEEEEEE
(4,1) Depth reached: 6
   | 1 | 2 | 3 | 4 | 5 | 6 | 7 | 8 |
---|---|---|---|---|---|---|---|---|---
 1 | X | 0 | X | X | X |   |   |   | 1 
---|---|---|---|---|---|---|---|---|---
 2 | X | 0 | X | X | X | 0 | 0 |   | 2 
---|---|---|---|---|---|---|---|---|---
 3 | X | X | X | 0 | X | 0 |   |   | 3 
---|---|---|---|---|---|---|---|---|---
 4 | X | X | X | X | 0 |   |   |   | 4 
---|---|---|---|---|---|---|---|---|---
 5 |   |   | 0 | 0 | 0 | 0 |   |   | 5 
---|---|---|---|---|---|---|---|---|---
 6 |   |   |   |   |   | X |   |   | 6 
---|---|---|---|---|---|---|---|---|---
 7 |   |   |   |   |   |   |   |   | 7 
---|---|---|---|---|---|---|---|---|---
 8 |   |   |   |   |   |   |   |   | 8 
---|---|---|---|---|---|---|---|---|---
   | 1 | 2 | 3 | 4 | 5 | 6 | 7 | 8 |

It took 3 seconds to make this move...


White to move
WXOXXXEEEXOXXXOOEXXXOXOEEXXXXOEEEEEOOOOEEEEEEEXEEEEEEEEEEEEEEEEEE
(7,6)
   | 1 | 2 | 3 | 4 | 5 | 6 | 7 | 8 |
---|---|---|---|---|---|---|---|---|---
 1 | X | 0 | X | X | X |   |   |   | 1 
---|---|---|---|---|---|---|---|---|---
 2 | X | 0 | X | X | X | 0 | 0 |   | 2 
---|---|---|---|---|---|---|---|---|---
 3 | X | X | X | 0 | X | 0 |   |   | 3 
---|---|---|---|---|---|---|---|---|---
 4 | X | X | X | X | 0 |   |   |   | 4 
---|---|---|---|---|---|---|---|---|---
 5 |   |   | 0 | 0 | 0 | 0 |   |   | 5 
---|---|---|---|---|---|---|---|---|---
 6 |   |   |   |   |   | 0 |   |   | 6 
---|---|---|---|---|---|---|---|---|---
 7 |   |   |   |   |   | 0 |   |   | 7 
---|---|---|---|---|---|---|---|---|---
 8 |   |   |   |   |   |   |   |   | 8 
---|---|---|---|---|---|---|---|---|---
   | 1 | 2 | 3 | 4 | 5 | 6 | 7 | 8 |

It took 0 seconds to make this move...


Black to move
BXOXXXEEEXOXXXOOEXXXOXOEEXXXXOEEEEEOOOOEEEEEEEOEEEEEEEOEEEEEEEEEE
(4,6) Depth reached: 6
   | 1 | 2 | 3 | 4 | 5 | 6 | 7 | 8 |
---|---|---|---|---|---|---|---|---|---
 1 | X | 0 | X | X | X |   |   |   | 1 
---|---|---|---|---|---|---|---|---|---
 2 | X | 0 | X | X | X | 0 | 0 |   | 2 
---|---|---|---|---|---|---|---|---|---
 3 | X | X | X | 0 | X | 0 |   |   | 3 
---|---|---|---|---|---|---|---|---|---
 4 | X | X | X | X | X | X |   |   | 4 
---|---|---|---|---|---|---|---|---|---
 5 |   |   | 0 | 0 | 0 | 0 |   |   | 5 
---|---|---|---|---|---|---|---|---|---
 6 |   |   |   |   |   | 0 |   |   | 6 
---|---|---|---|---|---|---|---|---|---
 7 |   |   |   |   |   | 0 |   |   | 7 
---|---|---|---|---|---|---|---|---|---
 8 |   |   |   |   |   |   |   |   | 8 
---|---|---|---|---|---|---|---|---|---
   | 1 | 2 | 3 | 4 | 5 | 6 | 7 | 8 |

It took 3 seconds to make this move...


White to move
WXOXXXEEEXOXXXOOEXXXOXOEEXXXXXXEEEEOOOOEEEEEEEOEEEEEEEOEEEEEEEEEE
(5,2)
   | 1 | 2 | 3 | 4 | 5 | 6 | 7 | 8 |
---|---|---|---|---|---|---|---|---|---
 1 | X | 0 | X | X | X |   |   |   | 1 
---|---|---|---|---|---|---|---|---|---
 2 | X | 0 | X | X | X | 0 | 0 |   | 2 
---|---|---|---|---|---|---|---|---|---
 3 | X | 0 | X | 0 | X | 0 |   |   | 3 
---|---|---|---|---|---|---|---|---|---
 4 | X | 0 | 0 | X | X | X |   |   | 4 
---|---|---|---|---|---|---|---|---|---
 5 |   | 0 | 0 | 0 | 0 | 0 |   |   | 5 
---|---|---|---|---|---|---|---|---|---
 6 |   |   |   |   |   | 0 |   |   | 6 
---|---|---|---|---|---|---|---|---|---
 7 |   |   |   |   |   | 0 |   |   | 7 
---|---|---|---|---|---|---|---|---|---
 8 |   |   |   |   |   |   |   |   | 8 
---|---|---|---|---|---|---|---|---|---
   | 1 | 2 | 3 | 4 | 5 | 6 | 7 | 8 |

It took 0 seconds to make this move...


Black to move
BXOXXXEEEXOXXXOOEXOXOXOEEXOOXXXEEEOOOOOEEEEEEEOEEEEEEEOEEEEEEEEEE
(1,8) Depth reached: 6
   | 1 | 2 | 3 | 4 | 5 | 6 | 7 | 8 |
---|---|---|---|---|---|---|---|---|---
 1 | X | 0 | X | X | X |   |   | X | 1 
---|---|---|---|---|---|---|---|---|---
 2 | X | 0 | X | X | X | 0 | X |   | 2 
---|---|---|---|---|---|---|---|---|---
 3 | X | 0 | X | 0 | X | X |   |   | 3 
---|---|---|---|---|---|---|---|---|---
 4 | X | 0 | 0 | X | X | X |   |   | 4 
---|---|---|---|---|---|---|---|---|---
 5 |   | 0 | 0 | 0 | 0 | 0 |   |   | 5 
---|---|---|---|---|---|---|---|---|---
 6 |   |   |   |   |   | 0 |   |   | 6 
---|---|---|---|---|---|---|---|---|---
 7 |   |   |   |   |   | 0 |   |   | 7 
---|---|---|---|---|---|---|---|---|---
 8 |   |   |   |   |   |   |   |   | 8 
---|---|---|---|---|---|---|---|---|---
   | 1 | 2 | 3 | 4 | 5 | 6 | 7 | 8 |

It took 2 seconds to make this move...


White to move
WXOXXXEEXXOXXXOXEXOXOXXEEXOOXXXEEEOOOOOEEEEEEEOEEEEEEEOEEEEEEEEEE
(3,7)
   | 1 | 2 | 3 | 4 | 5 | 6 | 7 | 8 |
---|---|---|---|---|---|---|---|---|---
 1 | X | 0 | X | X | X |   |   | X | 1 
---|---|---|---|---|---|---|---|---|---
 2 | X | 0 | X | X | X | 0 | X |   | 2 
---|---|---|---|---|---|---|---|---|---
 3 | X | 0 | X | 0 | 0 | 0 | 0 |   | 3 
---|---|---|---|---|---|---|---|---|---
 4 | X | 0 | 0 | X | X | 0 |   |   | 4 
---|---|---|---|---|---|---|---|---|---
 5 |   | 0 | 0 | 0 | 0 | 0 |   |   | 5 
---|---|---|---|---|---|---|---|---|---
 6 |   |   |   |   |   | 0 |   |   | 6 
---|---|---|---|---|---|---|---|---|---
 7 |   |   |   |   |   | 0 |   |   | 7 
---|---|---|---|---|---|---|---|---|---
 8 |   |   |   |   |   |   |   |   | 8 
---|---|---|---|---|---|---|---|---|---
   | 1 | 2 | 3 | 4 | 5 | 6 | 7 | 8 |

It took 1 seconds to make this move...


Black to move
BXOXXXEEXXOXXXOXEXOXOOOOEXOOXXOEEEOOOOOEEEEEEEOEEEEEEEOEEEEEEEEEE
(5,1) Depth reached: 6
   | 1 | 2 | 3 | 4 | 5 | 6 | 7 | 8 |
---|---|---|---|---|---|---|---|---|---
 1 | X | 0 | X | X | X |   |   | X | 1 
---|---|---|---|---|---|---|---|---|---
 2 | X | 0 | X | X | X | 0 | X |   | 2 
---|---|---|---|---|---|---|---|---|---
 3 | X | 0 | X | 0 | 0 | 0 | 0 |   | 3 
---|---|---|---|---|---|---|---|---|---
 4 | X | X | 0 | X | X | 0 |   |   | 4 
---|---|---|---|---|---|---|---|---|---
 5 | X | 0 | 0 | 0 | 0 | 0 |   |   | 5 
---|---|---|---|---|---|---|---|---|---
 6 |   |   |   |   |   | 0 |   |   | 6 
---|---|---|---|---|---|---|---|---|---
 7 |   |   |   |   |   | 0 |   |   | 7 
---|---|---|---|---|---|---|---|---|---
 8 |   |   |   |   |   |   |   |   | 8 
---|---|---|---|---|---|---|---|---|---
   | 1 | 2 | 3 | 4 | 5 | 6 | 7 | 8 |

It took 2 seconds to make this move...


White to move
WXOXXXEEXXOXXXOXEXOXOOOOEXXOXXOEEXOOOOOEEEEEEEOEEEEEEEOEEEEEEEEEE
(1,7)
   | 1 | 2 | 3 | 4 | 5 | 6 | 7 | 8 |
---|---|---|---|---|---|---|---|---|---
 1 | X | 0 | X | X | X |   | 0 | X | 1 
---|---|---|---|---|---|---|---|---|---
 2 | X | 0 | X | X | X | 0 | 0 |   | 2 
---|---|---|---|---|---|---|---|---|---
 3 | X | 0 | X | 0 | 0 | 0 | 0 |   | 3 
---|---|---|---|---|---|---|---|---|---
 4 | X | X | 0 | X | X | 0 |   |   | 4 
---|---|---|---|---|---|---|---|---|---
 5 | X | 0 | 0 | 0 | 0 | 0 |   |   | 5 
---|---|---|---|---|---|---|---|---|---
 6 |   |   |   |   |   | 0 |   |   | 6 
---|---|---|---|---|---|---|---|---|---
 7 |   |   |   |   |   | 0 |   |   | 7 
---|---|---|---|---|---|---|---|---|---
 8 |   |   |   |   |   |   |   |   | 8 
---|---|---|---|---|---|---|---|---|---
   | 1 | 2 | 3 | 4 | 5 | 6 | 7 | 8 |

It took 0 seconds to make this move...


Black to move
BXOXXXEOXXOXXXOOEXOXOOOOEXXOXXOEEXOOOOOEEEEEEEOEEEEEEEOEEEEEEEEEE
(1,6) Depth reached: 7
   | 1 | 2 | 3 | 4 | 5 | 6 | 7 | 8 |
---|---|---|---|---|---|---|---|---|---
 1 | X | 0 | X | X | X | X | X | X | 1 
---|---|---|---|---|---|---|---|---|---
 2 | X | 0 | X | X | X | 0 | 0 |   | 2 
---|---|---|---|---|---|---|---|---|---
 3 | X | 0 | X | 0 | 0 | 0 | 0 |   | 3 
---|---|---|---|---|---|---|---|---|---
 4 | X | X | 0 | X | X | 0 |   |   | 4 
---|---|---|---|---|---|---|---|---|---
 5 | X | 0 | 0 | 0 | 0 | 0 |   |   | 5 
---|---|---|---|---|---|---|---|---|---
 6 |   |   |   |   |   | 0 |   |   | 6 
---|---|---|---|---|---|---|---|---|---
 7 |   |   |   |   |   | 0 |   |   | 7 
---|---|---|---|---|---|---|---|---|---
 8 |   |   |   |   |   |   |   |   | 8 
---|---|---|---|---|---|---|---|---|---
   | 1 | 2 | 3 | 4 | 5 | 6 | 7 | 8 |

It took 3 seconds to make this move...


White to move
WXOXXXXXXXOXXXOOEXOXOOOOEXXOXXOEEXOOOOOEEEEEEEOEEEEEEEOEEEEEEEEEE
pass
   | 1 | 2 | 3 | 4 | 5 | 6 | 7 | 8 |
---|---|---|---|---|---|---|---|---|---
 1 | X | 0 | X | X | X | X | X | X | 1 
---|---|---|---|---|---|---|---|---|---
 2 | X | 0 | X | X | X | 0 | 0 |   | 2 
---|---|---|---|---|---|---|---|---|---
 3 | X | 0 | X | 0 | 0 | 0 | 0 |   | 3 
---|---|---|---|---|---|---|---|---|---
 4 | X | X | 0 | X | X | 0 |   |   | 4 
---|---|---|---|---|---|---|---|---|---
 5 | X | 0 | 0 | 0 | 0 | 0 |   |   | 5 
---|---|---|---|---|---|---|---|---|---
 6 |   |   |   |   |   | 0 |   |   | 6 
---|---|---|---|---|---|---|---|---|---
 7 |   |   |   |   |   | 0 |   |   | 7 
---|---|---|---|---|---|---|---|---|---
 8 |   |   |   |   |   |   |   |   | 8 
---|---|---|---|---|---|---|---|---|---
   | 1 | 2 | 3 | 4 | 5 | 6 | 7 | 8 |

It took 0 seconds to make this move...


Black to move
BXOXXXXXXXOXXXOOEXOXOOOOEXXOXXOEEXOOOOOEEEEEEEOEEEEEEEOEEEEEEEEEE
(2,8) Depth reached: 7
   | 1 | 2 | 3 | 4 | 5 | 6 | 7 | 8 |
---|---|---|---|---|---|---|---|---|---
 1 | X | 0 | X | X | X | X | X | X | 1 
---|---|---|---|---|---|---|---|---|---
 2 | X | 0 | X | X | X | X | X | X | 2 
---|---|---|---|---|---|---|---|---|---
 3 | X | 0 | X | 0 | 0 | 0 | 0 |   | 3 
---|---|---|---|---|---|---|---|---|---
 4 | X | X | 0 | X | X | 0 |   |   | 4 
---|---|---|---|---|---|---|---|---|---
 5 | X | 0 | 0 | 0 | 0 | 0 |   |   | 5 
---|---|---|---|---|---|---|---|---|---
 6 |   |   |   |   |   | 0 |   |   | 6 
---|---|---|---|---|---|---|---|---|---
 7 |   |   |   |   |   | 0 |   |   | 7 
---|---|---|---|---|---|---|---|---|---
 8 |   |   |   |   |   |   |   |   | 8 
---|---|---|---|---|---|---|---|---|---
   | 1 | 2 | 3 | 4 | 5 | 6 | 7 | 8 |

It took 3 seconds to make this move...


White to move
WXOXXXXXXXOXXXXXXXOXOOOOEXXOXXOEEXOOOOOEEEEEEEOEEEEEEEOEEEEEEEEEE
pass
   | 1 | 2 | 3 | 4 | 5 | 6 | 7 | 8 |
---|---|---|---|---|---|---|---|---|---
 1 | X | 0 | X | X | X | X | X | X | 1 
---|---|---|---|---|---|---|---|---|---
 2 | X | 0 | X | X | X | X | X | X | 2 
---|---|---|---|---|---|---|---|---|---
 3 | X | 0 | X | 0 | 0 | 0 | 0 |   | 3 
---|---|---|---|---|---|---|---|---|---
 4 | X | X | 0 | X | X | 0 |   |   | 4 
---|---|---|---|---|---|---|---|---|---
 5 | X | 0 | 0 | 0 | 0 | 0 |   |   | 5 
---|---|---|---|---|---|---|---|---|---
 6 |   |   |   |   |   | 0 |   |   | 6 
---|---|---|---|---|---|---|---|---|---
 7 |   |   |   |   |   | 0 |   |   | 7 
---|---|---|---|---|---|---|---|---|---
 8 |   |   |   |   |   |   |   |   | 8 
---|---|---|---|---|---|---|---|---|---
   | 1 | 2 | 3 | 4 | 5 | 6 | 7 | 8 |

It took 0 seconds to make this move...


Black to move
BXOXXXXXXXOXXXXXXXOXOOOOEXXOXXOEEXOOOOOEEEEEEEOEEEEEEEOEEEEEEEEEE
(3,8) Depth reached: 7
   | 1 | 2 | 3 | 4 | 5 | 6 | 7 | 8 |
---|---|---|---|---|---|---|---|---|---
 1 | X | 0 | X | X | X | X | X | X | 1 
---|---|---|---|---|---|---|---|---|---
 2 | X | 0 | X | X | X | X | X | X | 2 
---|---|---|---|---|---|---|---|---|---
 3 | X | 0 | X | X | X | X | X | X | 3 
---|---|---|---|---|---|---|---|---|---
 4 | X | X | 0 | X | X | 0 |   |   | 4 
---|---|---|---|---|---|---|---|---|---
 5 | X | 0 | 0 | 0 | 0 | 0 |   |   | 5 
---|---|---|---|---|---|---|---|---|---
 6 |   |   |   |   |   | 0 |   |   | 6 
---|---|---|---|---|---|---|---|---|---
 7 |   |   |   |   |   | 0 |   |   | 7 
---|---|---|---|---|---|---|---|---|---
 8 |   |   |   |   |   |   |   |   | 8 
---|---|---|---|---|---|---|---|---|---
   | 1 | 2 | 3 | 4 | 5 | 6 | 7 | 8 |

It took 3 seconds to make this move...


White to move
WXOXXXXXXXOXXXXXXXOXXXXXXXXOXXOEEXOOOOOEEEEEEEOEEEEEEEOEEEEEEEEEE
pass
   | 1 | 2 | 3 | 4 | 5 | 6 | 7 | 8 |
---|---|---|---|---|---|---|---|---|---
 1 | X | 0 | X | X | X | X | X | X | 1 
---|---|---|---|---|---|---|---|---|---
 2 | X | 0 | X | X | X | X | X | X | 2 
---|---|---|---|---|---|---|---|---|---
 3 | X | 0 | X | X | X | X | X | X | 3 
---|---|---|---|---|---|---|---|---|---
 4 | X | X | 0 | X | X | 0 |   |   | 4 
---|---|---|---|---|---|---|---|---|---
 5 | X | 0 | 0 | 0 | 0 | 0 |   |   | 5 
---|---|---|---|---|---|---|---|---|---
 6 |   |   |   |   |   | 0 |   |   | 6 
---|---|---|---|---|---|---|---|---|---
 7 |   |   |   |   |   | 0 |   |   | 7 
---|---|---|---|---|---|---|---|---|---
 8 |   |   |   |   |   |   |   |   | 8 
---|---|---|---|---|---|---|---|---|---
   | 1 | 2 | 3 | 4 | 5 | 6 | 7 | 8 |

It took 0 seconds to make this move...


Black to move
BXOXXXXXXXOXXXXXXXOXXXXXXXXOXXOEEXOOOOOEEEEEEEOEEEEEEEOEEEEEEEEEE
(6,1) Depth reached: 7
   | 1 | 2 | 3 | 4 | 5 | 6 | 7 | 8 |
---|---|---|---|---|---|---|---|---|---
 1 | X | 0 | X | X | X | X | X | X | 1 
---|---|---|---|---|---|---|---|---|---
 2 | X | 0 | X | X | X | X | X | X | 2 
---|---|---|---|---|---|---|---|---|---
 3 | X | 0 | X | X | X | X | X | X | 3 
---|---|---|---|---|---|---|---|---|---
 4 | X | X | X | X | X | 0 |   |   | 4 
---|---|---|---|---|---|---|---|---|---
 5 | X | X | 0 | 0 | 0 | 0 |   |   | 5 
---|---|---|---|---|---|---|---|---|---
 6 | X |   |   |   |   | 0 |   |   | 6 
---|---|---|---|---|---|---|---|---|---
 7 |   |   |   |   |   | 0 |   |   | 7 
---|---|---|---|---|---|---|---|---|---
 8 |   |   |   |   |   |   |   |   | 8 
---|---|---|---|---|---|---|---|---|---
   | 1 | 2 | 3 | 4 | 5 | 6 | 7 | 8 |

It took 3 seconds to make this move...


White to move
WXOXXXXXXXOXXXXXXXOXXXXXXXXXXXOEEXXOOOOEEXEEEEOEEEEEEEOEEEEEEEEEE
(6,2)
   | 1 | 2 | 3 | 4 | 5 | 6 | 7 | 8 |
---|---|---|---|---|---|---|---|---|---
 1 | X | 0 | X | X | X | X | X | X | 1 
---|---|---|---|---|---|---|---|---|---
 2 | X | 0 | X | X | X | X | X | X | 2 
---|---|---|---|---|---|---|---|---|---
 3 | X | 0 | X | X | X | X | X | X | 3 
---|---|---|---|---|---|---|---|---|---
 4 | X | 0 | X | X | X | 0 |   |   | 4 
---|---|---|---|---|---|---|---|---|---
 5 | X | 0 | 0 | 0 | 0 | 0 |   |   | 5 
---|---|---|---|---|---|---|---|---|---
 6 | X | 0 |   |   |   | 0 |   |   | 6 
---|---|---|---|---|---|---|---|---|---
 7 |   |   |   |   |   | 0 |   |   | 7 
---|---|---|---|---|---|---|---|---|---
 8 |   |   |   |   |   |   |   |   | 8 
---|---|---|---|---|---|---|---|---|---
   | 1 | 2 | 3 | 4 | 5 | 6 | 7 | 8 |

It took 0 seconds to make this move...


Black to move
BXOXXXXXXXOXXXXXXXOXXXXXXXOXXXOEEXOOOOOEEXOEEEOEEEEEEEOEEEEEEEEEE
(6,4) Depth reached: 7
   | 1 | 2 | 3 | 4 | 5 | 6 | 7 | 8 |
---|---|---|---|---|---|---|---|---|---
 1 | X | 0 | X | X | X | X | X | X | 1 
---|---|---|---|---|---|---|---|---|---
 2 | X | 0 | X | X | X | X | X | X | 2 
---|---|---|---|---|---|---|---|---|---
 3 | X | 0 | X | X | X | X | X | X | 3 
---|---|---|---|---|---|---|---|---|---
 4 | X | X | X | X | X | X |   |   | 4 
---|---|---|---|---|---|---|---|---|---
 5 | X | 0 | X | X | X | 0 |   |   | 5 
---|---|---|---|---|---|---|---|---|---
 6 | X | 0 |   | X |   | 0 |   |   | 6 
---|---|---|---|---|---|---|---|---|---
 7 |   |   |   |   |   | 0 |   |   | 7 
---|---|---|---|---|---|---|---|---|---
 8 |   |   |   |   |   |   |   |   | 8 
---|---|---|---|---|---|---|---|---|---
   | 1 | 2 | 3 | 4 | 5 | 6 | 7 | 8 |

It took 3 seconds to make this move...


White to move
WXOXXXXXXXOXXXXXXXOXXXXXXXXXXXXEEXOXXXOEEXOEXEOEEEEEEEOEEEEEEEEEE
(6,5)
   | 1 | 2 | 3 | 4 | 5 | 6 | 7 | 8 |
---|---|---|---|---|---|---|---|---|---
 1 | X | 0 | X | X | X | X | X | X | 1 
---|---|---|---|---|---|---|---|---|---
 2 | X | 0 | X | X | X | X | X | X | 2 
---|---|---|---|---|---|---|---|---|---
 3 | X | 0 | X | X | X | X | X | X | 3 
---|---|---|---|---|---|---|---|---|---
 4 | X | X | 0 | X | X | X |   |   | 4 
---|---|---|---|---|---|---|---|---|---
 5 | X | 0 | X | 0 | X | 0 |   |   | 5 
---|---|---|---|---|---|---|---|---|---
 6 | X | 0 |   | X | 0 | 0 |   |   | 6 
---|---|---|---|---|---|---|---|---|---
 7 |   |   |   |   |   | 0 |   |   | 7 
---|---|---|---|---|---|---|---|---|---
 8 |   |   |   |   |   |   |   |   | 8 
---|---|---|---|---|---|---|---|---|---
   | 1 | 2 | 3 | 4 | 5 | 6 | 7 | 8 |

It took 0 seconds to make this move...


Black to move
BXOXXXXXXXOXXXXXXXOXXXXXXXXOXXXEEXOXOXOEEXOEXOOEEEEEEEOEEEEEEEEEE
(8,7) Depth reached: 7
   | 1 | 2 | 3 | 4 | 5 | 6 | 7 | 8 |
---|---|---|---|---|---|---|---|---|---
 1 | X | 0 | X | X | X | X | X | X | 1 
---|---|---|---|---|---|---|---|---|---
 2 | X | 0 | X | X | X | X | X | X | 2 
---|---|---|---|---|---|---|---|---|---
 3 | X | X | X | X | X | X | X | X | 3 
---|---|---|---|---|---|---|---|---|---
 4 | X | X | X | X | X | X |   |   | 4 
---|---|---|---|---|---|---|---|---|---
 5 | X | 0 | X | X | X | 0 |   |   | 5 
---|---|---|---|---|---|---|---|---|---
 6 | X | 0 |   | X | X | 0 |   |   | 6 
---|---|---|---|---|---|---|---|---|---
 7 |   |   |   |   |   | X |   |   | 7 
---|---|---|---|---|---|---|---|---|---
 8 |   |   |   |   |   |   | X |   | 8 
---|---|---|---|---|---|---|---|---|---
   | 1 | 2 | 3 | 4 | 5 | 6 | 7 | 8 |

It took 3 seconds to make this move...


White to move
WXOXXXXXXXOXXXXXXXXXXXXXXXXXXXXEEXOXXXOEEXOEXXOEEEEEEEXEEEEEEEEXE
(6,3)
   | 1 | 2 | 3 | 4 | 5 | 6 | 7 | 8 |
---|---|---|---|---|---|---|---|---|---
 1 | X | 0 | X | X | X | X | X | X | 1 
---|---|---|---|---|---|---|---|---|---
 2 | X | 0 | X | X | X | X | X | X | 2 
---|---|---|---|---|---|---|---|---|---
 3 | X | X | X | X | X | X | X | X | 3 
---|---|---|---|---|---|---|---|---|---
 4 | X | X | X | X | X | X |   |   | 4 
---|---|---|---|---|---|---|---|---|---
 5 | X | 0 | X | X | X | 0 |   |   | 5 
---|---|---|---|---|---|---|---|---|---
 6 | X | 0 | 0 | 0 | 0 | 0 |   |   | 6 
---|---|---|---|---|---|---|---|---|---
 7 |   |   |   |   |   | X |   |   | 7 
---|---|---|---|---|---|---|---|---|---
 8 |   |   |   |   |   |   | X |   | 8 
---|---|---|---|---|---|---|---|---|---
   | 1 | 2 | 3 | 4 | 5 | 6 | 7 | 8 |

It took 0 seconds to make this move...


Black to move
BXOXXXXXXXOXXXXXXXXXXXXXXXXXXXXEEXOXXXOEEXOOOOOEEEEEEEXEEEEEEEEXE
(7,1) Depth reached: 7
   | 1 | 2 | 3 | 4 | 5 | 6 | 7 | 8 |
---|---|---|---|---|---|---|---|---|---
 1 | X | 0 | X | X | X | X | X | X | 1 
---|---|---|---|---|---|---|---|---|---
 2 | X | 0 | X | X | X | X | X | X | 2 
---|---|---|---|---|---|---|---|---|---
 3 | X | X | X | X | X | X | X | X | 3 
---|---|---|---|---|---|---|---|---|---
 4 | X | X | X | X | X | X |   |   | 4 
---|---|---|---|---|---|---|---|---|---
 5 | X | 0 | X | X | X | 0 |   |   | 5 
---|---|---|---|---|---|---|---|---|---
 6 | X | X | 0 | 0 | 0 | 0 |   |   | 6 
---|---|---|---|---|---|---|---|---|---
 7 | X |   |   |   |   | X |   |   | 7 
---|---|---|---|---|---|---|---|---|---
 8 |   |   |   |   |   |   | X |   | 8 
---|---|---|---|---|---|---|---|---|---
   | 1 | 2 | 3 | 4 | 5 | 6 | 7 | 8 |

It took 3 seconds to make this move...


White to move
WXOXXXXXXXOXXXXXXXXXXXXXXXXXXXXEEXOXXXOEEXXOOOOEEXEEEEXEEEEEEEEXE
(7,2)
   | 1 | 2 | 3 | 4 | 5 | 6 | 7 | 8 |
---|---|---|---|---|---|---|---|---|---
 1 | X | 0 | X | X | X | X | X | X | 1 
---|---|---|---|---|---|---|---|---|---
 2 | X | 0 | X | X | X | X | X | X | 2 
---|---|---|---|---|---|---|---|---|---
 3 | X | X | X | X | X | X | X | X | 3 
---|---|---|---|---|---|---|---|---|---
 4 | X | X | X | X | X | X |   |   | 4 
---|---|---|---|---|---|---|---|---|---
 5 | X | 0 | X | X | X | 0 |   |   | 5 
---|---|---|---|---|---|---|---|---|---
 6 | X | 0 | 0 | 0 | 0 | 0 |   |   | 6 
---|---|---|---|---|---|---|---|---|---
 7 | X | 0 |   |   |   | X |   |   | 7 
---|---|---|---|---|---|---|---|---|---
 8 |   |   |   |   |   |   | X |   | 8 
---|---|---|---|---|---|---|---|---|---
   | 1 | 2 | 3 | 4 | 5 | 6 | 7 | 8 |

It took 0 seconds to make this move...


Black to move
BXOXXXXXXXOXXXXXXXXXXXXXXXXXXXXEEXOXXXOEEXOOOOOEEXOEEEXEEEEEEEEXE
(7,4) Depth reached: 8
   | 1 | 2 | 3 | 4 | 5 | 6 | 7 | 8 |
---|---|---|---|---|---|---|---|---|---
 1 | X | 0 | X | X | X | X | X | X | 1 
---|---|---|---|---|---|---|---|---|---
 2 | X | 0 | X | X | X | X | X | X | 2 
---|---|---|---|---|---|---|---|---|---
 3 | X | X | X | X | X | X | X | X | 3 
---|---|---|---|---|---|---|---|---|---
 4 | X | X | X | X | X | X |   |   | 4 
---|---|---|---|---|---|---|---|---|---
 5 | X | X | X | X | X | 0 |   |   | 5 
---|---|---|---|---|---|---|---|---|---
 6 | X | 0 | X | X | 0 | 0 |   |   | 6 
---|---|---|---|---|---|---|---|---|---
 7 | X | 0 |   | X |   | X |   |   | 7 
---|---|---|---|---|---|---|---|---|---
 8 |   |   |   |   |   |   | X |   | 8 
---|---|---|---|---|---|---|---|---|---
   | 1 | 2 | 3 | 4 | 5 | 6 | 7 | 8 |

It took 3 seconds to make this move...


White to move
WXOXXXXXXXOXXXXXXXXXXXXXXXXXXXXEEXXXXXOEEXOXXOOEEXOEXEXEEEEEEEEXE
(8,3)
   | 1 | 2 | 3 | 4 | 5 | 6 | 7 | 8 |
---|---|---|---|---|---|---|---|---|---
 1 | X | 0 | X | X | X | X | X | X | 1 
---|---|---|---|---|---|---|---|---|---
 2 | X | 0 | X | X | X | X | X | X | 2 
---|---|---|---|---|---|---|---|---|---
 3 | X | X | X | X | X | X | X | X | 3 
---|---|---|---|---|---|---|---|---|---
 4 | X | X | X | X | X | X |   |   | 4 
---|---|---|---|---|---|---|---|---|---
 5 | X | X | X | X | X | 0 |   |   | 5 
---|---|---|---|---|---|---|---|---|---
 6 | X | 0 | X | X | 0 | 0 |   |   | 6 
---|---|---|---|---|---|---|---|---|---
 7 | X | 0 |   | 0 |   | X |   |   | 7 
---|---|---|---|---|---|---|---|---|---
 8 |   |   | 0 |   |   |   | X |   | 8 
---|---|---|---|---|---|---|---|---|---
   | 1 | 2 | 3 | 4 | 5 | 6 | 7 | 8 |

It took 0 seconds to make this move...


Black to move
BXOXXXXXXXOXXXXXXXXXXXXXXXXXXXXEEXXXXXOEEXOXXOOEEXOEOEXEEEEOEEEXE
(8,1) Depth reached: 9
   | 1 | 2 | 3 | 4 | 5 | 6 | 7 | 8 |
---|---|---|---|---|---|---|---|---|---
 1 | X | 0 | X | X | X | X | X | X | 1 
---|---|---|---|---|---|---|---|---|---
 2 | X | 0 | X | X | X | X | X | X | 2 
---|---|---|---|---|---|---|---|---|---
 3 | X | X | X | X | X | X | X | X | 3 
---|---|---|---|---|---|---|---|---|---
 4 | X | X | X | X | X | X |   |   | 4 
---|---|---|---|---|---|---|---|---|---
 5 | X | X | X | X | X | 0 |   |   | 5 
---|---|---|---|---|---|---|---|---|---
 6 | X | 0 | X | X | 0 | 0 |   |   | 6 
---|---|---|---|---|---|---|---|---|---
 7 | X | X |   | 0 |   | X |   |   | 7 
---|---|---|---|---|---|---|---|---|---
 8 | X |   | 0 |   |   |   | X |   | 8 
---|---|---|---|---|---|---|---|---|---
   | 1 | 2 | 3 | 4 | 5 | 6 | 7 | 8 |

It took 3 seconds to make this move...


White to move
WXOXXXXXXXOXXXXXXXXXXXXXXXXXXXXEEXXXXXOEEXOXXOOEEXXEOEXEEXEOEEEXE
(8,6)
   | 1 | 2 | 3 | 4 | 5 | 6 | 7 | 8 |
---|---|---|---|---|---|---|---|---|---
 1 | X | 0 | X | X | X | X | X | X | 1 
---|---|---|---|---|---|---|---|---|---
 2 | X | 0 | X | X | X | X | X | X | 2 
---|---|---|---|---|---|---|---|---|---
 3 | X | X | X | X | X | X | X | X | 3 
---|---|---|---|---|---|---|---|---|---
 4 | X | X | X | X | X | X |   |   | 4 
---|---|---|---|---|---|---|---|---|---
 5 | X | X | X | X | X | 0 |   |   | 5 
---|---|---|---|---|---|---|---|---|---
 6 | X | 0 | X | X | 0 | 0 |   |   | 6 
---|---|---|---|---|---|---|---|---|---
 7 | X | X |   | 0 |   | 0 |   |   | 7 
---|---|---|---|---|---|---|---|---|---
 8 | X |   | 0 |   |   | 0 | X |   | 8 
---|---|---|---|---|---|---|---|---|---
   | 1 | 2 | 3 | 4 | 5 | 6 | 7 | 8 |

It took 0 seconds to make this move...


Black to move
BXOXXXXXXXOXXXXXXXXXXXXXXXXXXXXEEXXXXXOEEXOXXOOEEXXEOEOEEXEOEEOXE
(8,5) Depth reached: 9
   | 1 | 2 | 3 | 4 | 5 | 6 | 7 | 8 |
---|---|---|---|---|---|---|---|---|---
 1 | X | 0 | X | X | X | X | X | X | 1 
---|---|---|---|---|---|---|---|---|---
 2 | X | 0 | X | X | X | X | X | X | 2 
---|---|---|---|---|---|---|---|---|---
 3 | X | X | X | X | X | X | X | X | 3 
---|---|---|---|---|---|---|---|---|---
 4 | X | X | X | X | X | X |   |   | 4 
---|---|---|---|---|---|---|---|---|---
 5 | X | X | X | X | X | 0 |   |   | 5 
---|---|---|---|---|---|---|---|---|---
 6 | X | 0 | X | X | 0 | 0 |   |   | 6 
---|---|---|---|---|---|---|---|---|---
 7 | X | X |   | X |   | 0 |   |   | 7 
---|---|---|---|---|---|---|---|---|---
 8 | X |   | 0 |   | X | X | X |   | 8 
---|---|---|---|---|---|---|---|---|---
   | 1 | 2 | 3 | 4 | 5 | 6 | 7 | 8 |

It took 3 seconds to make this move...


White to move
WXOXXXXXXXOXXXXXXXXXXXXXXXXXXXXEEXXXXXOEEXOXXOOEEXXEXEOEEXEOEXXXE
(8,2)
   | 1 | 2 | 3 | 4 | 5 | 6 | 7 | 8 |
---|---|---|---|---|---|---|---|---|---
 1 | X | 0 | X | X | X | X | X | X | 1 
---|---|---|---|---|---|---|---|---|---
 2 | X | 0 | X | X | X | X | X | X | 2 
---|---|---|---|---|---|---|---|---|---
 3 | X | X | X | X | X | X | X | X | 3 
---|---|---|---|---|---|---|---|---|---
 4 | X | X | X | X | X | X |   |   | 4 
---|---|---|---|---|---|---|---|---|---
 5 | X | X | X | X | X | 0 |   |   | 5 
---|---|---|---|---|---|---|---|---|---
 6 | X | 0 | X | X | 0 | 0 |   |   | 6 
---|---|---|---|---|---|---|---|---|---
 7 | X | 0 |   | X |   | 0 |   |   | 7 
---|---|---|---|---|---|---|---|---|---
 8 | X | 0 | 0 |   | X | X | X |   | 8 
---|---|---|---|---|---|---|---|---|---
   | 1 | 2 | 3 | 4 | 5 | 6 | 7 | 8 |

It took 0 seconds to make this move...


Black to move
BXOXXXXXXXOXXXXXXXXXXXXXXXXXXXXEEXXXXXOEEXOXXOOEEXOEXEOEEXOOEXXXE
(8,4) Depth reached: 9
   | 1 | 2 | 3 | 4 | 5 | 6 | 7 | 8 |
---|---|---|---|---|---|---|---|---|---
 1 | X | 0 | X | X | X | X | X | X | 1 
---|---|---|---|---|---|---|---|---|---
 2 | X | 0 | X | X | X | X | X | X | 2 
---|---|---|---|---|---|---|---|---|---
 3 | X | X | X | X | X | X | X | X | 3 
---|---|---|---|---|---|---|---|---|---
 4 | X | X | X | X | X | X |   |   | 4 
---|---|---|---|---|---|---|---|---|---
 5 | X | X | X | X | X | 0 |   |   | 5 
---|---|---|---|---|---|---|---|---|---
 6 | X | 0 | X | X | 0 | 0 |   |   | 6 
---|---|---|---|---|---|---|---|---|---
 7 | X | 0 |   | X |   | 0 |   |   | 7 
---|---|---|---|---|---|---|---|---|---
 8 | X | X | X | X | X | X | X |   | 8 
---|---|---|---|---|---|---|---|---|---
   | 1 | 2 | 3 | 4 | 5 | 6 | 7 | 8 |

It took 3 seconds to make this move...


White to move
WXOXXXXXXXOXXXXXXXXXXXXXXXXXXXXEEXXXXXOEEXOXXOOEEXOEXEOEEXXXXXXXE
pass
   | 1 | 2 | 3 | 4 | 5 | 6 | 7 | 8 |
---|---|---|---|---|---|---|---|---|---
 1 | X | 0 | X | X | X | X | X | X | 1 
---|---|---|---|---|---|---|---|---|---
 2 | X | 0 | X | X | X | X | X | X | 2 
---|---|---|---|---|---|---|---|---|---
 3 | X | X | X | X | X | X | X | X | 3 
---|---|---|---|---|---|---|---|---|---
 4 | X | X | X | X | X | X |   |   | 4 
---|---|---|---|---|---|---|---|---|---
 5 | X | X | X | X | X | 0 |   |   | 5 
---|---|---|---|---|---|---|---|---|---
 6 | X | 0 | X | X | 0 | 0 |   |   | 6 
---|---|---|---|---|---|---|---|---|---
 7 | X | 0 |   | X |   | 0 |   |   | 7 
---|---|---|---|---|---|---|---|---|---
 8 | X | X | X | X | X | X | X |   | 8 
---|---|---|---|---|---|---|---|---|---
   | 1 | 2 | 3 | 4 | 5 | 6 | 7 | 8 |

It took 0 seconds to make this move...


Black to move
BXOXXXXXXXOXXXXXXXXXXXXXXXXXXXXEEXXXXXOEEXOXXOOEEXOEXEOEEXXXXXXXE
(5,7) Depth reached: 11
   | 1 | 2 | 3 | 4 | 5 | 6 | 7 | 8 |
---|---|---|---|---|---|---|---|---|---
 1 | X | 0 | X | X | X | X | X | X | 1 
---|---|---|---|---|---|---|---|---|---
 2 | X | 0 | X | X | X | X | X | X | 2 
---|---|---|---|---|---|---|---|---|---
 3 | X | X | X | X | X | X | X | X | 3 
---|---|---|---|---|---|---|---|---|---
 4 | X | X | X | X | X | X |   |   | 4 
---|---|---|---|---|---|---|---|---|---
 5 | X | X | X | X | X | X | X |   | 5 
---|---|---|---|---|---|---|---|---|---
 6 | X | 0 | X | X | 0 | 0 |   |   | 6 
---|---|---|---|---|---|---|---|---|---
 7 | X | 0 |   | X |   | 0 |   |   | 7 
---|---|---|---|---|---|---|---|---|---
 8 | X | X | X | X | X | X | X |   | 8 
---|---|---|---|---|---|---|---|---|---
   | 1 | 2 | 3 | 4 | 5 | 6 | 7 | 8 |

It took 3 seconds to make this move...


White to move
WXOXXXXXXXOXXXXXXXXXXXXXXXXXXXXEEXXXXXXXEXOXXOOEEXOEXEOEEXXXXXXXE
(6,7)
   | 1 | 2 | 3 | 4 | 5 | 6 | 7 | 8 |
---|---|---|---|---|---|---|---|---|---
 1 | X | 0 | X | X | X | X | X | X | 1 
---|---|---|---|---|---|---|---|---|---
 2 | X | 0 | 0 | X | X | X | X | X | 2 
---|---|---|---|---|---|---|---|---|---
 3 | X | X | X | 0 | X | X | X | X | 3 
---|---|---|---|---|---|---|---|---|---
 4 | X | X | X | X | 0 | X |   |   | 4 
---|---|---|---|---|---|---|---|---|---
 5 | X | X | X | X | X | 0 | X |   | 5 
---|---|---|---|---|---|---|---|---|---
 6 | X | 0 | X | X | 0 | 0 | 0 |   | 6 
---|---|---|---|---|---|---|---|---|---
 7 | X | 0 |   | X |   | 0 |   |   | 7 
---|---|---|---|---|---|---|---|---|---
 8 | X | X | X | X | X | X | X |   | 8 
---|---|---|---|---|---|---|---|---|---
   | 1 | 2 | 3 | 4 | 5 | 6 | 7 | 8 |

It took 0 seconds to make this move...


Black to move
BXOXXXXXXXOOXXXXXXXXOXXXXXXXXOXEEXXXXXOXEXOXXOOOEXOEXEOEEXXXXXXXE
(7,3) Depth reached: 16
   | 1 | 2 | 3 | 4 | 5 | 6 | 7 | 8 |
---|---|---|---|---|---|---|---|---|---
 1 | X | 0 | X | X | X | X | X | X | 1 
---|---|---|---|---|---|---|---|---|---
 2 | X | 0 | 0 | X | X | X | X | X | 2 
---|---|---|---|---|---|---|---|---|---
 3 | X | X | X | 0 | X | X | X | X | 3 
---|---|---|---|---|---|---|---|---|---
 4 | X | X | X | X | 0 | X |   |   | 4 
---|---|---|---|---|---|---|---|---|---
 5 | X | X | X | X | X | 0 | X |   | 5 
---|---|---|---|---|---|---|---|---|---
 6 | X | X | X | X | 0 | 0 | 0 |   | 6 
---|---|---|---|---|---|---|---|---|---
 7 | X | X | X | X |   | 0 |   |   | 7 
---|---|---|---|---|---|---|---|---|---
 8 | X | X | X | X | X | X | X |   | 8 
---|---|---|---|---|---|---|---|---|---
   | 1 | 2 | 3 | 4 | 5 | 6 | 7 | 8 |

It took 3 seconds to make this move...


White to move
WXOXXXXXXXOOXXXXXXXXOXXXXXXXXOXEEXXXXXOXEXXXXOOOEXXXXEOEEXXXXXXXE
(4,7)
   | 1 | 2 | 3 | 4 | 5 | 6 | 7 | 8 |
---|---|---|---|---|---|---|---|---|---
 1 | X | 0 | X | X | X | X | X | X | 1 
---|---|---|---|---|---|---|---|---|---
 2 | X | 0 | 0 | X | X | X | X | X | 2 
---|---|---|---|---|---|---|---|---|---
 3 | X | X | X | 0 | X | X | X | X | 3 
---|---|---|---|---|---|---|---|---|---
 4 | X | X | X | X | 0 | 0 | 0 |   | 4 
---|---|---|---|---|---|---|---|---|---
 5 | X | X | X | X | X | 0 | 0 |   | 5 
---|---|---|---|---|---|---|---|---|---
 6 | X | X | X | X | 0 | 0 | 0 |   | 6 
---|---|---|---|---|---|---|---|---|---
 7 | X | X | X | X |   | 0 |   |   | 7 
---|---|---|---|---|---|---|---|---|---
 8 | X | X | X | X | X | X | X |   | 8 
---|---|---|---|---|---|---|---|---|---
   | 1 | 2 | 3 | 4 | 5 | 6 | 7 | 8 |

It took 0 seconds to make this move...


Black to move
BXOXXXXXXXOOXXXXXXXXOXXXXXXXXOOOEXXXXXOOEXXXXOOOEXXXXEOEEXXXXXXXE
(4,8) Depth reached: 56
   | 1 | 2 | 3 | 4 | 5 | 6 | 7 | 8 |
---|---|---|---|---|---|---|---|---|---
 1 | X | 0 | X | X | X | X | X | X | 1 
---|---|---|---|---|---|---|---|---|---
 2 | X | 0 | 0 | X | X | X | X | X | 2 
---|---|---|---|---|---|---|---|---|---
 3 | X | X | X | 0 | X | X | X | X | 3 
---|---|---|---|---|---|---|---|---|---
 4 | X | X | X | X | X | X | X | X | 4 
---|---|---|---|---|---|---|---|---|---
 5 | X | X | X | X | X | 0 | 0 |   | 5 
---|---|---|---|---|---|---|---|---|---
 6 | X | X | X | X | 0 | 0 | 0 |   | 6 
---|---|---|---|---|---|---|---|---|---
 7 | X | X | X | X |   | 0 |   |   | 7 
---|---|---|---|---|---|---|---|---|---
 8 | X | X | X | X | X | X | X |   | 8 
---|---|---|---|---|---|---|---|---|---
   | 1 | 2 | 3 | 4 | 5 | 6 | 7 | 8 |

It took 3 seconds to make this move...


White to move
WXOXXXXXXXOOXXXXXXXXOXXXXXXXXXXXXXXXXXOOEXXXXOOOEXXXXEOEEXXXXXXXE
pass
   | 1 | 2 | 3 | 4 | 5 | 6 | 7 | 8 |
---|---|---|---|---|---|---|---|---|---
 1 | X | 0 | X | X | X | X | X | X | 1 
---|---|---|---|---|---|---|---|---|---
 2 | X | 0 | 0 | X | X | X | X | X | 2 
---|---|---|---|---|---|---|---|---|---
 3 | X | X | X | 0 | X | X | X | X | 3 
---|---|---|---|---|---|---|---|---|---
 4 | X | X | X | X | X | X | X | X | 4 
---|---|---|---|---|---|---|---|---|---
 5 | X | X | X | X | X | 0 | 0 |   | 5 
---|---|---|---|---|---|---|---|---|---
 6 | X | X | X | X | 0 | 0 | 0 |   | 6 
---|---|---|---|---|---|---|---|---|---
 7 | X | X | X | X |   | 0 |   |   | 7 
---|---|---|---|---|---|---|---|---|---
 8 | X | X | X | X | X | X | X |   | 8 
---|---|---|---|---|---|---|---|---|---
   | 1 | 2 | 3 | 4 | 5 | 6 | 7 | 8 |

It took 0 seconds to make this move...


Black to move
BXOXXXXXXXOOXXXXXXXXOXXXXXXXXXXXXXXXXXOOEXXXXOOOEXXXXEOEEXXXXXXXE
(7,5) Depth reached: 77
   | 1 | 2 | 3 | 4 | 5 | 6 | 7 | 8 |
---|---|---|---|---|---|---|---|---|---
 1 | X | 0 | X | X | X | X | X | X | 1 
---|---|---|---|---|---|---|---|---|---
 2 | X | 0 | 0 | X | X | X | X | X | 2 
---|---|---|---|---|---|---|---|---|---
 3 | X | X | X | 0 | X | X | X | X | 3 
---|---|---|---|---|---|---|---|---|---
 4 | X | X | X | X | X | X | X | X | 4 
---|---|---|---|---|---|---|---|---|---
 5 | X | X | X | X | X | 0 | X |   | 5 
---|---|---|---|---|---|---|---|---|---
 6 | X | X | X | X | X | X | 0 |   | 6 
---|---|---|---|---|---|---|---|---|---
 7 | X | X | X | X | X | 0 |   |   | 7 
---|---|---|---|---|---|---|---|---|---
 8 | X | X | X | X | X | X | X |   | 8 
---|---|---|---|---|---|---|---|---|---
   | 1 | 2 | 3 | 4 | 5 | 6 | 7 | 8 |

It took 3 seconds to make this move...


White to move
WXOXXXXXXXOOXXXXXXXXOXXXXXXXXXXXXXXXXXOXEXXXXXXOEXXXXXOEEXXXXXXXE
(5,8)
   | 1 | 2 | 3 | 4 | 5 | 6 | 7 | 8 |
---|---|---|---|---|---|---|---|---|---
 1 | X | 0 | X | X | X | X | X | X | 1 
---|---|---|---|---|---|---|---|---|---
 2 | X | 0 | 0 | X | X | X | X | X | 2 
---|---|---|---|---|---|---|---|---|---
 3 | X | X | X | 0 | X | X | X | X | 3 
---|---|---|---|---|---|---|---|---|---
 4 | X | X | X | X | X | X | X | X | 4 
---|---|---|---|---|---|---|---|---|---
 5 | X | X | X | X | X | 0 | 0 | 0 | 5 
---|---|---|---|---|---|---|---|---|---
 6 | X | X | X | X | X | X | 0 |   | 6 
---|---|---|---|---|---|---|---|---|---
 7 | X | X | X | X | X | 0 |   |   | 7 
---|---|---|---|---|---|---|---|---|---
 8 | X | X | X | X | X | X | X |   | 8 
---|---|---|---|---|---|---|---|---|---
   | 1 | 2 | 3 | 4 | 5 | 6 | 7 | 8 |

It took 0 seconds to make this move...


Black to move
BXOXXXXXXXOOXXXXXXXXOXXXXXXXXXXXXXXXXXOOOXXXXXXOEXXXXXOEEXXXXXXXE
(7,8) Depth reached: 196
   | 1 | 2 | 3 | 4 | 5 | 6 | 7 | 8 |
---|---|---|---|---|---|---|---|---|---
 1 | X | 0 | X | X | X | X | X | X | 1 
---|---|---|---|---|---|---|---|---|---
 2 | X | 0 | 0 | X | X | X | X | X | 2 
---|---|---|---|---|---|---|---|---|---
 3 | X | X | X | 0 | X | X | X | X | 3 
---|---|---|---|---|---|---|---|---|---
 4 | X | X | X | X | X | X | X | X | 4 
---|---|---|---|---|---|---|---|---|---
 5 | X | X | X | X | X | X | 0 | 0 | 5 
---|---|---|---|---|---|---|---|---|---
 6 | X | X | X | X | X | X | X |   | 6 
---|---|---|---|---|---|---|---|---|---
 7 | X | X | X | X | X | 0 |   | X | 7 
---|---|---|---|---|---|---|---|---|---
 8 | X | X | X | X | X | X | X |   | 8 
---|---|---|---|---|---|---|---|---|---
   | 1 | 2 | 3 | 4 | 5 | 6 | 7 | 8 |

It took 3 seconds to make this move...


White to move
WXOXXXXXXXOOXXXXXXXXOXXXXXXXXXXXXXXXXXXOOXXXXXXXEXXXXXOEXXXXXXXXE
(7,7)
   | 1 | 2 | 3 | 4 | 5 | 6 | 7 | 8 |
---|---|---|---|---|---|---|---|---|---
 1 | X | 0 | X | X | X | X | X | X | 1 
---|---|---|---|---|---|---|---|---|---
 2 | X | 0 | 0 | X | X | X | X | X | 2 
---|---|---|---|---|---|---|---|---|---
 3 | X | X | 0 | 0 | X | X | X | X | 3 
---|---|---|---|---|---|---|---|---|---
 4 | X | X | X | 0 | X | X | X | X | 4 
---|---|---|---|---|---|---|---|---|---
 5 | X | X | X | X | 0 | X | 0 | 0 | 5 
---|---|---|---|---|---|---|---|---|---
 6 | X | X | X | X | X | 0 | 0 |   | 6 
---|---|---|---|---|---|---|---|---|---
 7 | X | X | X | X | X | 0 | 0 | X | 7 
---|---|---|---|---|---|---|---|---|---
 8 | X | X | X | X | X | X | X |   | 8 
---|---|---|---|---|---|---|---|---|---
   | 1 | 2 | 3 | 4 | 5 | 6 | 7 | 8 |

It took 0 seconds to make this move...


Black to move
BXOXXXXXXXOOXXXXXXXOOXXXXXXXOXXXXXXXXOXOOXXXXXOOEXXXXXOOXXXXXXXXE
(8,8) Depth reached: 367
   | 1 | 2 | 3 | 4 | 5 | 6 | 7 | 8 |
---|---|---|---|---|---|---|---|---|---
 1 | X | 0 | X | X | X | X | X | X | 1 
---|---|---|---|---|---|---|---|---|---
 2 | X | X | 0 | X | X | X | X | X | 2 
---|---|---|---|---|---|---|---|---|---
 3 | X | X | X | 0 | X | X | X | X | 3 
---|---|---|---|---|---|---|---|---|---
 4 | X | X | X | X | X | X | X | X | 4 
---|---|---|---|---|---|---|---|---|---
 5 | X | X | X | X | X | X | 0 | 0 | 5 
---|---|---|---|---|---|---|---|---|---
 6 | X | X | X | X | X | X | 0 |   | 6 
---|---|---|---|---|---|---|---|---|---
 7 | X | X | X | X | X | 0 | X | X | 7 
---|---|---|---|---|---|---|---|---|---
 8 | X | X | X | X | X | X | X | X | 8 
---|---|---|---|---|---|---|---|---|---
   | 1 | 2 | 3 | 4 | 5 | 6 | 7 | 8 |

It took 2 seconds to make this move...


White to move
WXOXXXXXXXXOXXXXXXXXOXXXXXXXXXXXXXXXXXXOOXXXXXXOEXXXXXOXXXXXXXXXX
pass
   | 1 | 2 | 3 | 4 | 5 | 6 | 7 | 8 |
---|---|---|---|---|---|---|---|---|---
 1 | X | 0 | X | X | X | X | X | X | 1 
---|---|---|---|---|---|---|---|---|---
 2 | X | X | 0 | X | X | X | X | X | 2 
---|---|---|---|---|---|---|---|---|---
 3 | X | X | X | 0 | X | X | X | X | 3 
---|---|---|---|---|---|---|---|---|---
 4 | X | X | X | X | X | X | X | X | 4 
---|---|---|---|---|---|---|---|---|---
 5 | X | X | X | X | X | X | 0 | 0 | 5 
---|---|---|---|---|---|---|---|---|---
 6 | X | X | X | X | X | X | 0 |   | 6 
---|---|---|---|---|---|---|---|---|---
 7 | X | X | X | X | X | 0 | X | X | 7 
---|---|---|---|---|---|---|---|---|---
 8 | X | X | X | X | X | X | X | X | 8 
---|---|---|---|---|---|---|---|---|---
   | 1 | 2 | 3 | 4 | 5 | 6 | 7 | 8 |

It took 0 seconds to make this move...


Black to move
BXOXXXXXXXXOXXXXXXXXOXXXXXXXXXXXXXXXXXXOOXXXXXXOEXXXXXOXXXXXXXXXX
(6,8) Depth reached: 522
   | 1 | 2 | 3 | 4 | 5 | 6 | 7 | 8 |
---|---|---|---|---|---|---|---|---|---
 1 | X | 0 | X | X | X | X | X | X | 1 
---|---|---|---|---|---|---|---|---|---
 2 | X | X | 0 | X | X | X | X | X | 2 
---|---|---|---|---|---|---|---|---|---
 3 | X | X | X | 0 | X | X | X | X | 3 
---|---|---|---|---|---|---|---|---|---
 4 | X | X | X | X | X | X | X | X | 4 
---|---|---|---|---|---|---|---|---|---
 5 | X | X | X | X | X | X | X | X | 5 
---|---|---|---|---|---|---|---|---|---
 6 | X | X | X | X | X | X | X | X | 6 
---|---|---|---|---|---|---|---|---|---
 7 | X | X | X | X | X | 0 | X | X | 7 
---|---|---|---|---|---|---|---|---|---
 8 | X | X | X | X | X | X | X | X | 8 
---|---|---|---|---|---|---|---|---|---
   | 1 | 2 | 3 | 4 | 5 | 6 | 7 | 8 |

It took 3 seconds to make this move...


White to move
WXOXXXXXXXXOXXXXXXXXOXXXXXXXXXXXXXXXXXXXXXXXXXXXXXXXXXOXXXXXXXXXX
pass
   | 1 | 2 | 3 | 4 | 5 | 6 | 7 | 8 |
---|---|---|---|---|---|---|---|---|---
 1 | X | 0 | X | X | X | X | X | X | 1 
---|---|---|---|---|---|---|---|---|---
 2 | X | X | 0 | X | X | X | X | X | 2 
---|---|---|---|---|---|---|---|---|---
 3 | X | X | X | 0 | X | X | X | X | 3 
---|---|---|---|---|---|---|---|---|---
 4 | X | X | X | X | X | X | X | X | 4 
---|---|---|---|---|---|---|---|---|---
 5 | X | X | X | X | X | X | X | X | 5 
---|---|---|---|---|---|---|---|---|---
 6 | X | X | X | X | X | X | X | X | 6 
---|---|---|---|---|---|---|---|---|---
 7 | X | X | X | X | X | 0 | X | X | 7 
---|---|---|---|---|---|---|---|---|---
 8 | X | X | X | X | X | X | X | X | 8 
---|---|---|---|---|---|---|---|---|---
   | 1 | 2 | 3 | 4 | 5 | 6 | 7 | 8 |

It took 0 seconds to make this move...


Black to move
BXOXXXXXXXXOXXXXXXXXOXXXXXXXXXXXXXXXXXXXXXXXXXXXXXXXXXOXXXXXXXXXX
pass
   | 1 | 2 | 3 | 4 | 5 | 6 | 7 | 8 |
---|---|---|---|---|---|---|---|---|---
 1 | X | 0 | X | X | X | X | X | X | 1 
---|---|---|---|---|---|---|---|---|---
 2 | X | X | 0 | X | X | X | X | X | 2 
---|---|---|---|---|---|---|---|---|---
 3 | X | X | X | 0 | X | X | X | X | 3 
---|---|---|---|---|---|---|---|---|---
 4 | X | X | X | X | X | X | X | X | 4 
---|---|---|---|---|---|---|---|---|---
 5 | X | X | X | X | X | X | X | X | 5 
---|---|---|---|---|---|---|---|---|---
 6 | X | X | X | X | X | X | X | X | 6 
---|---|---|---|---|---|---|---|---|---
 7 | X | X | X | X | X | 0 | X | X | 7 
---|---|---|---|---|---|---|---|---|---
 8 | X | X | X | X | X | X | X | X | 8 
---|---|---|---|---|---|---|---|---|---
   | 1 | 2 | 3 | 4 | 5 | 6 | 7 | 8 |

It took 2 seconds to make this move...
***************************************
Results for ./othello_naive.sh vs. ../Python/othello.sh:
Black won with 56 points
Average time for white: 0.1 s (max: 1 s)
Average time for black: 2.8 s (max: 3 s)
***************************************
