   | 1 | 2 | 3 | 4 | 5 | 6 | 7 | 8 |
---|---|---|---|---|---|---|---|---|---
 1 |   |   |   |   |   |   |   |   | 1 
---|---|---|---|---|---|---|---|---|---
 2 |   |   |   |   |   |   |   |   | 2 
---|---|---|---|---|---|---|---|---|---
 3 |   |   |   |   |   |   |   |   | 3 
---|---|---|---|---|---|---|---|---|---
 4 |   |   |   | 0 | X |   |   |   | 4 
---|---|---|---|---|---|---|---|---|---
 5 |   |   |   | X | 0 |   |   |   | 5 
---|---|---|---|---|---|---|---|---|---
 6 |   |   |   |   |   |   |   |   | 6 
---|---|---|---|---|---|---|---|---|---
 7 |   |   |   |   |   |   |   |   | 7 
---|---|---|---|---|---|---|---|---|---
 8 |   |   |   |   |   |   |   |   | 8 
---|---|---|---|---|---|---|---|---|---
   | 1 | 2 | 3 | 4 | 5 | 6 | 7 | 8 |



White to move
WEEEEEEEEEEEEEEEEEEEEEEEEEEEOXEEEEEEXOEEEEEEEEEEEEEEEEEEEEEEEEEEE
(3,5) Depth reached: 7
   | 1 | 2 | 3 | 4 | 5 | 6 | 7 | 8 |
---|---|---|---|---|---|---|---|---|---
 1 |   |   |   |   |   |   |   |   | 1 
---|---|---|---|---|---|---|---|---|---
 2 |   |   |   |   |   |   |   |   | 2 
---|---|---|---|---|---|---|---|---|---
 3 |   |   |   |   | 0 |   |   |   | 3 
---|---|---|---|---|---|---|---|---|---
 4 |   |   |   | 0 | 0 |   |   |   | 4 
---|---|---|---|---|---|---|---|---|---
 5 |   |   |   | X | 0 |   |   |   | 5 
---|---|---|---|---|---|---|---|---|---
 6 |   |   |   |   |   |   |   |   | 6 
---|---|---|---|---|---|---|---|---|---
 7 |   |   |   |   |   |   |   |   | 7 
---|---|---|---|---|---|---|---|---|---
 8 |   |   |   |   |   |   |   |   | 8 
---|---|---|---|---|---|---|---|---|---
   | 1 | 2 | 3 | 4 | 5 | 6 | 7 | 8 |

It took 4 seconds to make this move...


Black to move
BEEEEEEEEEEEEEEEEEEEEOEEEEEEOOEEEEEEXOEEEEEEEEEEEEEEEEEEEEEEEEEEE
(3,4)
   | 1 | 2 | 3 | 4 | 5 | 6 | 7 | 8 |
---|---|---|---|---|---|---|---|---|---
 1 |   |   |   |   |   |   |   |   | 1 
---|---|---|---|---|---|---|---|---|---
 2 |   |   |   |   |   |   |   |   | 2 
---|---|---|---|---|---|---|---|---|---
 3 |   |   |   | X | 0 |   |   |   | 3 
---|---|---|---|---|---|---|---|---|---
 4 |   |   |   | X | 0 |   |   |   | 4 
---|---|---|---|---|---|---|---|---|---
 5 |   |   |   | X | 0 |   |   |   | 5 
---|---|---|---|---|---|---|---|---|---
 6 |   |   |   |   |   |   |   |   | 6 
---|---|---|---|---|---|---|---|---|---
 7 |   |   |   |   |   |   |   |   | 7 
---|---|---|---|---|---|---|---|---|---
 8 |   |   |   |   |   |   |   |   | 8 
---|---|---|---|---|---|---|---|---|---
   | 1 | 2 | 3 | 4 | 5 | 6 | 7 | 8 |

It took 0 seconds to make this move...


White to move
WEEEEEEEEEEEEEEEEEEEXOEEEEEEXOEEEEEEXOEEEEEEEEEEEEEEEEEEEEEEEEEEE
(3,3) Depth reached: 7
   | 1 | 2 | 3 | 4 | 5 | 6 | 7 | 8 |
---|---|---|---|---|---|---|---|---|---
 1 |   |   |   |   |   |   |   |   | 1 
---|---|---|---|---|---|---|---|---|---
 2 |   |   |   |   |   |   |   |   | 2 
---|---|---|---|---|---|---|---|---|---
 3 |   |   | 0 | 0 | 0 |   |   |   | 3 
---|---|---|---|---|---|---|---|---|---
 4 |   |   |   | 0 | 0 |   |   |   | 4 
---|---|---|---|---|---|---|---|---|---
 5 |   |   |   | X | 0 |   |   |   | 5 
---|---|---|---|---|---|---|---|---|---
 6 |   |   |   |   |   |   |   |   | 6 
---|---|---|---|---|---|---|---|---|---
 7 |   |   |   |   |   |   |   |   | 7 
---|---|---|---|---|---|---|---|---|---
 8 |   |   |   |   |   |   |   |   | 8 
---|---|---|---|---|---|---|---|---|---
   | 1 | 2 | 3 | 4 | 5 | 6 | 7 | 8 |

It took 4 seconds to make this move...


Black to move
BEEEEEEEEEEEEEEEEEEOOOEEEEEEOOEEEEEEXOEEEEEEEEEEEEEEEEEEEEEEEEEEE
(3,6)
   | 1 | 2 | 3 | 4 | 5 | 6 | 7 | 8 |
---|---|---|---|---|---|---|---|---|---
 1 |   |   |   |   |   |   |   |   | 1 
---|---|---|---|---|---|---|---|---|---
 2 |   |   |   |   |   |   |   |   | 2 
---|---|---|---|---|---|---|---|---|---
 3 |   |   | 0 | 0 | 0 | X |   |   | 3 
---|---|---|---|---|---|---|---|---|---
 4 |   |   |   | 0 | X |   |   |   | 4 
---|---|---|---|---|---|---|---|---|---
 5 |   |   |   | X | 0 |   |   |   | 5 
---|---|---|---|---|---|---|---|---|---
 6 |   |   |   |   |   |   |   |   | 6 
---|---|---|---|---|---|---|---|---|---
 7 |   |   |   |   |   |   |   |   | 7 
---|---|---|---|---|---|---|---|---|---
 8 |   |   |   |   |   |   |   |   | 8 
---|---|---|---|---|---|---|---|---|---
   | 1 | 2 | 3 | 4 | 5 | 6 | 7 | 8 |

It took 0 seconds to make this move...


White to move
WEEEEEEEEEEEEEEEEEEOOOXEEEEEOXEEEEEEXOEEEEEEEEEEEEEEEEEEEEEEEEEEE
(5,6) Depth reached: 7
   | 1 | 2 | 3 | 4 | 5 | 6 | 7 | 8 |
---|---|---|---|---|---|---|---|---|---
 1 |   |   |   |   |   |   |   |   | 1 
---|---|---|---|---|---|---|---|---|---
 2 |   |   |   |   |   |   |   |   | 2 
---|---|---|---|---|---|---|---|---|---
 3 |   |   | 0 | 0 | 0 | X |   |   | 3 
---|---|---|---|---|---|---|---|---|---
 4 |   |   |   | 0 | 0 |   |   |   | 4 
---|---|---|---|---|---|---|---|---|---
 5 |   |   |   | X | 0 | 0 |   |   | 5 
---|---|---|---|---|---|---|---|---|---
 6 |   |   |   |   |   |   |   |   | 6 
---|---|---|---|---|---|---|---|---|---
 7 |   |   |   |   |   |   |   |   | 7 
---|---|---|---|---|---|---|---|---|---
 8 |   |   |   |   |   |   |   |   | 8 
---|---|---|---|---|---|---|---|---|---
   | 1 | 2 | 3 | 4 | 5 | 6 | 7 | 8 |

It took 4 seconds to make this move...


Black to move
BEEEEEEEEEEEEEEEEEEOOOXEEEEEOOEEEEEEXOOEEEEEEEEEEEEEEEEEEEEEEEEEE
(2,4)
   | 1 | 2 | 3 | 4 | 5 | 6 | 7 | 8 |
---|---|---|---|---|---|---|---|---|---
 1 |   |   |   |   |   |   |   |   | 1 
---|---|---|---|---|---|---|---|---|---
 2 |   |   |   | X |   |   |   |   | 2 
---|---|---|---|---|---|---|---|---|---
 3 |   |   | 0 | X | 0 | X |   |   | 3 
---|---|---|---|---|---|---|---|---|---
 4 |   |   |   | X | 0 |   |   |   | 4 
---|---|---|---|---|---|---|---|---|---
 5 |   |   |   | X | 0 | 0 |   |   | 5 
---|---|---|---|---|---|---|---|---|---
 6 |   |   |   |   |   |   |   |   | 6 
---|---|---|---|---|---|---|---|---|---
 7 |   |   |   |   |   |   |   |   | 7 
---|---|---|---|---|---|---|---|---|---
 8 |   |   |   |   |   |   |   |   | 8 
---|---|---|---|---|---|---|---|---|---
   | 1 | 2 | 3 | 4 | 5 | 6 | 7 | 8 |

It took 0 seconds to make this move...


White to move
WEEEEEEEEEEEXEEEEEEOXOXEEEEEXOEEEEEEXOOEEEEEEEEEEEEEEEEEEEEEEEEEE
(1,3) Depth reached: 7
   | 1 | 2 | 3 | 4 | 5 | 6 | 7 | 8 |
---|---|---|---|---|---|---|---|---|---
 1 |   |   | 0 |   |   |   |   |   | 1 
---|---|---|---|---|---|---|---|---|---
 2 |   |   |   | 0 |   |   |   |   | 2 
---|---|---|---|---|---|---|---|---|---
 3 |   |   | 0 | X | 0 | X |   |   | 3 
---|---|---|---|---|---|---|---|---|---
 4 |   |   |   | X | 0 |   |   |   | 4 
---|---|---|---|---|---|---|---|---|---
 5 |   |   |   | X | 0 | 0 |   |   | 5 
---|---|---|---|---|---|---|---|---|---
 6 |   |   |   |   |   |   |   |   | 6 
---|---|---|---|---|---|---|---|---|---
 7 |   |   |   |   |   |   |   |   | 7 
---|---|---|---|---|---|---|---|---|---
 8 |   |   |   |   |   |   |   |   | 8 
---|---|---|---|---|---|---|---|---|---
   | 1 | 2 | 3 | 4 | 5 | 6 | 7 | 8 |

It took 4 seconds to make this move...


Black to move
BEEOEEEEEEEEOEEEEEEOXOXEEEEEXOEEEEEEXOOEEEEEEEEEEEEEEEEEEEEEEEEEE
(1,4)
   | 1 | 2 | 3 | 4 | 5 | 6 | 7 | 8 |
---|---|---|---|---|---|---|---|---|---
 1 |   |   | 0 | X |   |   |   |   | 1 
---|---|---|---|---|---|---|---|---|---
 2 |   |   |   | X |   |   |   |   | 2 
---|---|---|---|---|---|---|---|---|---
 3 |   |   | 0 | X | 0 | X |   |   | 3 
---|---|---|---|---|---|---|---|---|---
 4 |   |   |   | X | 0 |   |   |   | 4 
---|---|---|---|---|---|---|---|---|---
 5 |   |   |   | X | 0 | 0 |   |   | 5 
---|---|---|---|---|---|---|---|---|---
 6 |   |   |   |   |   |   |   |   | 6 
---|---|---|---|---|---|---|---|---|---
 7 |   |   |   |   |   |   |   |   | 7 
---|---|---|---|---|---|---|---|---|---
 8 |   |   |   |   |   |   |   |   | 8 
---|---|---|---|---|---|---|---|---|---
   | 1 | 2 | 3 | 4 | 5 | 6 | 7 | 8 |

It took 0 seconds to make this move...


White to move
WEEOXEEEEEEEXEEEEEEOXOXEEEEEXOEEEEEEXOOEEEEEEEEEEEEEEEEEEEEEEEEEE
(1,5) Depth reached: 7
   | 1 | 2 | 3 | 4 | 5 | 6 | 7 | 8 |
---|---|---|---|---|---|---|---|---|---
 1 |   |   | 0 | 0 | 0 |   |   |   | 1 
---|---|---|---|---|---|---|---|---|---
 2 |   |   |   | 0 |   |   |   |   | 2 
---|---|---|---|---|---|---|---|---|---
 3 |   |   | 0 | X | 0 | X |   |   | 3 
---|---|---|---|---|---|---|---|---|---
 4 |   |   |   | X | 0 |   |   |   | 4 
---|---|---|---|---|---|---|---|---|---
 5 |   |   |   | X | 0 | 0 |   |   | 5 
---|---|---|---|---|---|---|---|---|---
 6 |   |   |   |   |   |   |   |   | 6 
---|---|---|---|---|---|---|---|---|---
 7 |   |   |   |   |   |   |   |   | 7 
---|---|---|---|---|---|---|---|---|---
 8 |   |   |   |   |   |   |   |   | 8 
---|---|---|---|---|---|---|---|---|---
   | 1 | 2 | 3 | 4 | 5 | 6 | 7 | 8 |

It took 4 seconds to make this move...


Black to move
BEEOOOEEEEEEOEEEEEEOXOXEEEEEXOEEEEEEXOOEEEEEEEEEEEEEEEEEEEEEEEEEE
(5,7)
   | 1 | 2 | 3 | 4 | 5 | 6 | 7 | 8 |
---|---|---|---|---|---|---|---|---|---
 1 |   |   | 0 | 0 | 0 |   |   |   | 1 
---|---|---|---|---|---|---|---|---|---
 2 |   |   |   | 0 |   |   |   |   | 2 
---|---|---|---|---|---|---|---|---|---
 3 |   |   | 0 | X | 0 | X |   |   | 3 
---|---|---|---|---|---|---|---|---|---
 4 |   |   |   | X | 0 |   |   |   | 4 
---|---|---|---|---|---|---|---|---|---
 5 |   |   |   | X | X | X | X |   | 5 
---|---|---|---|---|---|---|---|---|---
 6 |   |   |   |   |   |   |   |   | 6 
---|---|---|---|---|---|---|---|---|---
 7 |   |   |   |   |   |   |   |   | 7 
---|---|---|---|---|---|---|---|---|---
 8 |   |   |   |   |   |   |   |   | 8 
---|---|---|---|---|---|---|---|---|---
   | 1 | 2 | 3 | 4 | 5 | 6 | 7 | 8 |

It took 0 seconds to make this move...


White to move
WEEOOOEEEEEEOEEEEEEOXOXEEEEEXOEEEEEEXXXXEEEEEEEEEEEEEEEEEEEEEEEEE
(6,6) Depth reached: 7
   | 1 | 2 | 3 | 4 | 5 | 6 | 7 | 8 |
---|---|---|---|---|---|---|---|---|---
 1 |   |   | 0 | 0 | 0 |   |   |   | 1 
---|---|---|---|---|---|---|---|---|---
 2 |   |   |   | 0 |   |   |   |   | 2 
---|---|---|---|---|---|---|---|---|---
 3 |   |   | 0 | X | 0 | X |   |   | 3 
---|---|---|---|---|---|---|---|---|---
 4 |   |   |   | 0 | 0 |   |   |   | 4 
---|---|---|---|---|---|---|---|---|---
 5 |   |   |   | X | 0 | X | X |   | 5 
---|---|---|---|---|---|---|---|---|---
 6 |   |   |   |   |   | 0 |   |   | 6 
---|---|---|---|---|---|---|---|---|---
 7 |   |   |   |   |   |   |   |   | 7 
---|---|---|---|---|---|---|---|---|---
 8 |   |   |   |   |   |   |   |   | 8 
---|---|---|---|---|---|---|---|---|---
   | 1 | 2 | 3 | 4 | 5 | 6 | 7 | 8 |

It took 4 seconds to make this move...


Black to move
BEEOOOEEEEEEOEEEEEEOXOXEEEEEOOEEEEEEXOXXEEEEEEOEEEEEEEEEEEEEEEEEE
(7,5)
   | 1 | 2 | 3 | 4 | 5 | 6 | 7 | 8 |
---|---|---|---|---|---|---|---|---|---
 1 |   |   | 0 | 0 | 0 |   |   |   | 1 
---|---|---|---|---|---|---|---|---|---
 2 |   |   |   | 0 |   |   |   |   | 2 
---|---|---|---|---|---|---|---|---|---
 3 |   |   | 0 | X | 0 | X |   |   | 3 
---|---|---|---|---|---|---|---|---|---
 4 |   |   |   | 0 | 0 |   |   |   | 4 
---|---|---|---|---|---|---|---|---|---
 5 |   |   |   | X | 0 | X | X |   | 5 
---|---|---|---|---|---|---|---|---|---
 6 |   |   |   |   |   | X |   |   | 6 
---|---|---|---|---|---|---|---|---|---
 7 |   |   |   |   | X |   |   |   | 7 
---|---|---|---|---|---|---|---|---|---
 8 |   |   |   |   |   |   |   |   | 8 
---|---|---|---|---|---|---|---|---|---
   | 1 | 2 | 3 | 4 | 5 | 6 | 7 | 8 |

It took 0 seconds to make this move...


White to move
WEEOOOEEEEEEOEEEEEEOXOXEEEEEOOEEEEEEXOXXEEEEEEXEEEEEEXEEEEEEEEEEE
(2,3) Depth reached: 7
   | 1 | 2 | 3 | 4 | 5 | 6 | 7 | 8 |
---|---|---|---|---|---|---|---|---|---
 1 |   |   | 0 | 0 | 0 |   |   |   | 1 
---|---|---|---|---|---|---|---|---|---
 2 |   |   | 0 | 0 |   |   |   |   | 2 
---|---|---|---|---|---|---|---|---|---
 3 |   |   | 0 | 0 | 0 | X |   |   | 3 
---|---|---|---|---|---|---|---|---|---
 4 |   |   |   | 0 | 0 |   |   |   | 4 
---|---|---|---|---|---|---|---|---|---
 5 |   |   |   | X | 0 | X | X |   | 5 
---|---|---|---|---|---|---|---|---|---
 6 |   |   |   |   |   | X |   |   | 6 
---|---|---|---|---|---|---|---|---|---
 7 |   |   |   |   | X |   |   |   | 7 
---|---|---|---|---|---|---|---|---|---
 8 |   |   |   |   |   |   |   |   | 8 
---|---|---|---|---|---|---|---|---|---
   | 1 | 2 | 3 | 4 | 5 | 6 | 7 | 8 |

It took 4 seconds to make this move...


Black to move
BEEOOOEEEEEOOEEEEEEOOOXEEEEEOOEEEEEEXOXXEEEEEEXEEEEEEXEEEEEEEEEEE
(1,2)
   | 1 | 2 | 3 | 4 | 5 | 6 | 7 | 8 |
---|---|---|---|---|---|---|---|---|---
 1 |   | X | 0 | 0 | 0 |   |   |   | 1 
---|---|---|---|---|---|---|---|---|---
 2 |   |   | X | 0 |   |   |   |   | 2 
---|---|---|---|---|---|---|---|---|---
 3 |   |   | 0 | X | 0 | X |   |   | 3 
---|---|---|---|---|---|---|---|---|---
 4 |   |   |   | 0 | X |   |   |   | 4 
---|---|---|---|---|---|---|---|---|---
 5 |   |   |   | X | 0 | X | X |   | 5 
---|---|---|---|---|---|---|---|---|---
 6 |   |   |   |   |   | X |   |   | 6 
---|---|---|---|---|---|---|---|---|---
 7 |   |   |   |   | X |   |   |   | 7 
---|---|---|---|---|---|---|---|---|---
 8 |   |   |   |   |   |   |   |   | 8 
---|---|---|---|---|---|---|---|---|---
   | 1 | 2 | 3 | 4 | 5 | 6 | 7 | 8 |

It took 0 seconds to make this move...


White to move
WEXOOOEEEEEXOEEEEEEOXOXEEEEEOXEEEEEEXOXXEEEEEEXEEEEEEXEEEEEEEEEEE
(1,1) Depth reached: 7
   | 1 | 2 | 3 | 4 | 5 | 6 | 7 | 8 |
---|---|---|---|---|---|---|---|---|---
 1 | 0 | 0 | 0 | 0 | 0 |   |   |   | 1 
---|---|---|---|---|---|---|---|---|---
 2 |   |   | X | 0 |   |   |   |   | 2 
---|---|---|---|---|---|---|---|---|---
 3 |   |   | 0 | X | 0 | X |   |   | 3 
---|---|---|---|---|---|---|---|---|---
 4 |   |   |   | 0 | X |   |   |   | 4 
---|---|---|---|---|---|---|---|---|---
 5 |   |   |   | X | 0 | X | X |   | 5 
---|---|---|---|---|---|---|---|---|---
 6 |   |   |   |   |   | X |   |   | 6 
---|---|---|---|---|---|---|---|---|---
 7 |   |   |   |   | X |   |   |   | 7 
---|---|---|---|---|---|---|---|---|---
 8 |   |   |   |   |   |   |   |   | 8 
---|---|---|---|---|---|---|---|---|---
   | 1 | 2 | 3 | 4 | 5 | 6 | 7 | 8 |

It took 4 seconds to make this move...


Black to move
BOOOOOEEEEEXOEEEEEEOXOXEEEEEOXEEEEEEXOXXEEEEEEXEEEEEEXEEEEEEEEEEE
(2,5)
   | 1 | 2 | 3 | 4 | 5 | 6 | 7 | 8 |
---|---|---|---|---|---|---|---|---|---
 1 | 0 | 0 | 0 | 0 | 0 |   |   |   | 1 
---|---|---|---|---|---|---|---|---|---
 2 |   |   | X | X | X |   |   |   | 2 
---|---|---|---|---|---|---|---|---|---
 3 |   |   | 0 | X | X | X |   |   | 3 
---|---|---|---|---|---|---|---|---|---
 4 |   |   |   | 0 | X |   |   |   | 4 
---|---|---|---|---|---|---|---|---|---
 5 |   |   |   | X | 0 | X | X |   | 5 
---|---|---|---|---|---|---|---|---|---
 6 |   |   |   |   |   | X |   |   | 6 
---|---|---|---|---|---|---|---|---|---
 7 |   |   |   |   | X |   |   |   | 7 
---|---|---|---|---|---|---|---|---|---
 8 |   |   |   |   |   |   |   |   | 8 
---|---|---|---|---|---|---|---|---|---
   | 1 | 2 | 3 | 4 | 5 | 6 | 7 | 8 |

It took 0 seconds to make this move...


White to move
WOOOOOEEEEEXXXEEEEEOXXXEEEEEOXEEEEEEXOXXEEEEEEXEEEEEEXEEEEEEEEEEE
(4,6) Depth reached: 6
   | 1 | 2 | 3 | 4 | 5 | 6 | 7 | 8 |
---|---|---|---|---|---|---|---|---|---
 1 | 0 | 0 | 0 | 0 | 0 |   |   |   | 1 
---|---|---|---|---|---|---|---|---|---
 2 |   |   | X | 0 | X |   |   |   | 2 
---|---|---|---|---|---|---|---|---|---
 3 |   |   | 0 | X | 0 | X |   |   | 3 
---|---|---|---|---|---|---|---|---|---
 4 |   |   |   | 0 | 0 | 0 |   |   | 4 
---|---|---|---|---|---|---|---|---|---
 5 |   |   |   | X | 0 | X | X |   | 5 
---|---|---|---|---|---|---|---|---|---
 6 |   |   |   |   |   | X |   |   | 6 
---|---|---|---|---|---|---|---|---|---
 7 |   |   |   |   | X |   |   |   | 7 
---|---|---|---|---|---|---|---|---|---
 8 |   |   |   |   |   |   |   |   | 8 
---|---|---|---|---|---|---|---|---|---
   | 1 | 2 | 3 | 4 | 5 | 6 | 7 | 8 |

It took 4 seconds to make this move...


Black to move
BOOOOOEEEEEXOXEEEEEOXOXEEEEEOOOEEEEEXOXXEEEEEEXEEEEEEXEEEEEEEEEEE
(4,3)
   | 1 | 2 | 3 | 4 | 5 | 6 | 7 | 8 |
---|---|---|---|---|---|---|---|---|---
 1 | 0 | 0 | 0 | 0 | 0 |   |   |   | 1 
---|---|---|---|---|---|---|---|---|---
 2 |   |   | X | 0 | X |   |   |   | 2 
---|---|---|---|---|---|---|---|---|---
 3 |   |   | X | X | 0 | X |   |   | 3 
---|---|---|---|---|---|---|---|---|---
 4 |   |   | X | 0 | 0 | 0 |   |   | 4 
---|---|---|---|---|---|---|---|---|---
 5 |   |   |   | X | 0 | X | X |   | 5 
---|---|---|---|---|---|---|---|---|---
 6 |   |   |   |   |   | X |   |   | 6 
---|---|---|---|---|---|---|---|---|---
 7 |   |   |   |   | X |   |   |   | 7 
---|---|---|---|---|---|---|---|---|---
 8 |   |   |   |   |   |   |   |   | 8 
---|---|---|---|---|---|---|---|---|---
   | 1 | 2 | 3 | 4 | 5 | 6 | 7 | 8 |

It took 0 seconds to make this move...


White to move
WOOOOOEEEEEXOXEEEEEXXOXEEEEXOOOEEEEEXOXXEEEEEEXEEEEEEXEEEEEEEEEEE
(5,8) Depth reached: 6
   | 1 | 2 | 3 | 4 | 5 | 6 | 7 | 8 |
---|---|---|---|---|---|---|---|---|---
 1 | 0 | 0 | 0 | 0 | 0 |   |   |   | 1 
---|---|---|---|---|---|---|---|---|---
 2 |   |   | X | 0 | X |   |   |   | 2 
---|---|---|---|---|---|---|---|---|---
 3 |   |   | X | X | 0 | X |   |   | 3 
---|---|---|---|---|---|---|---|---|---
 4 |   |   | X | 0 | 0 | 0 |   |   | 4 
---|---|---|---|---|---|---|---|---|---
 5 |   |   |   | X | 0 | 0 | 0 | 0 | 5 
---|---|---|---|---|---|---|---|---|---
 6 |   |   |   |   |   | X |   |   | 6 
---|---|---|---|---|---|---|---|---|---
 7 |   |   |   |   | X |   |   |   | 7 
---|---|---|---|---|---|---|---|---|---
 8 |   |   |   |   |   |   |   |   | 8 
---|---|---|---|---|---|---|---|---|---
   | 1 | 2 | 3 | 4 | 5 | 6 | 7 | 8 |

It took 4 seconds to make this move...


Black to move
BOOOOOEEEEEXOXEEEEEXXOXEEEEXOOOEEEEEXOOOOEEEEEXEEEEEEXEEEEEEEEEEE
(4,7)
   | 1 | 2 | 3 | 4 | 5 | 6 | 7 | 8 |
---|---|---|---|---|---|---|---|---|---
 1 | 0 | 0 | 0 | 0 | 0 |   |   |   | 1 
---|---|---|---|---|---|---|---|---|---
 2 |   |   | X | 0 | X |   |   |   | 2 
---|---|---|---|---|---|---|---|---|---
 3 |   |   | X | X | 0 | X |   |   | 3 
---|---|---|---|---|---|---|---|---|---
 4 |   |   | X | X | X | X | X |   | 4 
---|---|---|---|---|---|---|---|---|---
 5 |   |   |   | X | 0 | 0 | 0 | 0 | 5 
---|---|---|---|---|---|---|---|---|---
 6 |   |   |   |   |   | X |   |   | 6 
---|---|---|---|---|---|---|---|---|---
 7 |   |   |   |   | X |   |   |   | 7 
---|---|---|---|---|---|---|---|---|---
 8 |   |   |   |   |   |   |   |   | 8 
---|---|---|---|---|---|---|---|---|---
   | 1 | 2 | 3 | 4 | 5 | 6 | 7 | 8 |

It took 0 seconds to make this move...


White to move
WOOOOOEEEEEXOXEEEEEXXOXEEEEXXXXXEEEEXOOOOEEEEEXEEEEEEXEEEEEEEEEEE
(6,4) Depth reached: 6
   | 1 | 2 | 3 | 4 | 5 | 6 | 7 | 8 |
---|---|---|---|---|---|---|---|---|---
 1 | 0 | 0 | 0 | 0 | 0 |   |   |   | 1 
---|---|---|---|---|---|---|---|---|---
 2 |   |   | X | 0 | X |   |   |   | 2 
---|---|---|---|---|---|---|---|---|---
 3 |   |   | X | 0 | 0 | X |   |   | 3 
---|---|---|---|---|---|---|---|---|---
 4 |   |   | X | 0 | X | X | X |   | 4 
---|---|---|---|---|---|---|---|---|---
 5 |   |   |   | 0 | 0 | 0 | 0 | 0 | 5 
---|---|---|---|---|---|---|---|---|---
 6 |   |   |   | 0 |   | X |   |   | 6 
---|---|---|---|---|---|---|---|---|---
 7 |   |   |   |   | X |   |   |   | 7 
---|---|---|---|---|---|---|---|---|---
 8 |   |   |   |   |   |   |   |   | 8 
---|---|---|---|---|---|---|---|---|---
   | 1 | 2 | 3 | 4 | 5 | 6 | 7 | 8 |

It took 4 seconds to make this move...


Black to move
BOOOOOEEEEEXOXEEEEEXOOXEEEEXOXXXEEEEOOOOOEEEOEXEEEEEEXEEEEEEEEEEE
(6,8)
   | 1 | 2 | 3 | 4 | 5 | 6 | 7 | 8 |
---|---|---|---|---|---|---|---|---|---
 1 | 0 | 0 | 0 | 0 | 0 |   |   |   | 1 
---|---|---|---|---|---|---|---|---|---
 2 |   |   | X | 0 | X |   |   |   | 2 
---|---|---|---|---|---|---|---|---|---
 3 |   |   | X | 0 | 0 | X |   |   | 3 
---|---|---|---|---|---|---|---|---|---
 4 |   |   | X | 0 | X | X | X |   | 4 
---|---|---|---|---|---|---|---|---|---
 5 |   |   |   | 0 | 0 | 0 | X | 0 | 5 
---|---|---|---|---|---|---|---|---|---
 6 |   |   |   | 0 |   | X |   | X | 6 
---|---|---|---|---|---|---|---|---|---
 7 |   |   |   |   | X |   |   |   | 7 
---|---|---|---|---|---|---|---|---|---
 8 |   |   |   |   |   |   |   |   | 8 
---|---|---|---|---|---|---|---|---|---
   | 1 | 2 | 3 | 4 | 5 | 6 | 7 | 8 |

It took 0 seconds to make this move...


White to move
WOOOOOEEEEEXOXEEEEEXOOXEEEEXOXXXEEEEOOOXOEEEOEXEXEEEEXEEEEEEEEEEE
(7,8) Depth reached: 6
   | 1 | 2 | 3 | 4 | 5 | 6 | 7 | 8 |
---|---|---|---|---|---|---|---|---|---
 1 | 0 | 0 | 0 | 0 | 0 |   |   |   | 1 
---|---|---|---|---|---|---|---|---|---
 2 |   |   | X | 0 | X |   |   |   | 2 
---|---|---|---|---|---|---|---|---|---
 3 |   |   | X | 0 | 0 | X |   |   | 3 
---|---|---|---|---|---|---|---|---|---
 4 |   |   | X | 0 | X | X | X |   | 4 
---|---|---|---|---|---|---|---|---|---
 5 |   |   |   | 0 | 0 | 0 | X | 0 | 5 
---|---|---|---|---|---|---|---|---|---
 6 |   |   |   | 0 |   | X |   | 0 | 6 
---|---|---|---|---|---|---|---|---|---
 7 |   |   |   |   | X |   |   | 0 | 7 
---|---|---|---|---|---|---|---|---|---
 8 |   |   |   |   |   |   |   |   | 8 
---|---|---|---|---|---|---|---|---|---
   | 1 | 2 | 3 | 4 | 5 | 6 | 7 | 8 |

It took 4 seconds to make this move...


Black to move
BOOOOOEEEEEXOXEEEEEXOOXEEEEXOXXXEEEEOOOXOEEEOEXEOEEEEXEEOEEEEEEEE
(5,3)
   | 1 | 2 | 3 | 4 | 5 | 6 | 7 | 8 |
---|---|---|---|---|---|---|---|---|---
 1 | 0 | 0 | 0 | 0 | 0 |   |   |   | 1 
---|---|---|---|---|---|---|---|---|---
 2 |   |   | X | 0 | X |   |   |   | 2 
---|---|---|---|---|---|---|---|---|---
 3 |   |   | X | 0 | 0 | X |   |   | 3 
---|---|---|---|---|---|---|---|---|---
 4 |   |   | X | 0 | X | X | X |   | 4 
---|---|---|---|---|---|---|---|---|---
 5 |   |   | X | X | X | X | X | 0 | 5 
---|---|---|---|---|---|---|---|---|---
 6 |   |   |   | X |   | X |   | 0 | 6 
---|---|---|---|---|---|---|---|---|---
 7 |   |   |   |   | X |   |   | 0 | 7 
---|---|---|---|---|---|---|---|---|---
 8 |   |   |   |   |   |   |   |   | 8 
---|---|---|---|---|---|---|---|---|---
   | 1 | 2 | 3 | 4 | 5 | 6 | 7 | 8 |

It took 0 seconds to make this move...


White to move
WOOOOOEEEEEXOXEEEEEXOOXEEEEXOXXXEEEXXXXXOEEEXEXEOEEEEXEEOEEEEEEEE
(4,8) Depth reached: 6
   | 1 | 2 | 3 | 4 | 5 | 6 | 7 | 8 |
---|---|---|---|---|---|---|---|---|---
 1 | 0 | 0 | 0 | 0 | 0 |   |   |   | 1 
---|---|---|---|---|---|---|---|---|---
 2 |   |   | X | 0 | X |   |   |   | 2 
---|---|---|---|---|---|---|---|---|---
 3 |   |   | X | 0 | 0 | X |   |   | 3 
---|---|---|---|---|---|---|---|---|---
 4 |   |   | X | 0 | 0 | 0 | 0 | 0 | 4 
---|---|---|---|---|---|---|---|---|---
 5 |   |   | X | X | X | X | X | 0 | 5 
---|---|---|---|---|---|---|---|---|---
 6 |   |   |   | X |   | X |   | 0 | 6 
---|---|---|---|---|---|---|---|---|---
 7 |   |   |   |   | X |   |   | 0 | 7 
---|---|---|---|---|---|---|---|---|---
 8 |   |   |   |   |   |   |   |   | 8 
---|---|---|---|---|---|---|---|---|---
   | 1 | 2 | 3 | 4 | 5 | 6 | 7 | 8 |

It took 4 seconds to make this move...


Black to move
BOOOOOEEEEEXOXEEEEEXOOXEEEEXOOOOOEEXXXXXOEEEXEXEOEEEEXEEOEEEEEEEE
(3,7)
   | 1 | 2 | 3 | 4 | 5 | 6 | 7 | 8 |
---|---|---|---|---|---|---|---|---|---
 1 | 0 | 0 | 0 | 0 | 0 |   |   |   | 1 
---|---|---|---|---|---|---|---|---|---
 2 |   |   | X | 0 | X |   |   |   | 2 
---|---|---|---|---|---|---|---|---|---
 3 |   |   | X | 0 | 0 | X | X |   | 3 
---|---|---|---|---|---|---|---|---|---
 4 |   |   | X | 0 | 0 | X | X | 0 | 4 
---|---|---|---|---|---|---|---|---|---
 5 |   |   | X | X | X | X | X | 0 | 5 
---|---|---|---|---|---|---|---|---|---
 6 |   |   |   | X |   | X |   | 0 | 6 
---|---|---|---|---|---|---|---|---|---
 7 |   |   |   |   | X |   |   | 0 | 7 
---|---|---|---|---|---|---|---|---|---
 8 |   |   |   |   |   |   |   |   | 8 
---|---|---|---|---|---|---|---|---|---
   | 1 | 2 | 3 | 4 | 5 | 6 | 7 | 8 |

It took 0 seconds to make this move...


White to move
WOOOOOEEEEEXOXEEEEEXOOXXEEEXOOXXOEEXXXXXOEEEXEXEOEEEEXEEOEEEEEEEE
(1,6) Depth reached: 6
   | 1 | 2 | 3 | 4 | 5 | 6 | 7 | 8 |
---|---|---|---|---|---|---|---|---|---
 1 | 0 | 0 | 0 | 0 | 0 | 0 |   |   | 1 
---|---|---|---|---|---|---|---|---|---
 2 |   |   | X | 0 | 0 |   |   |   | 2 
---|---|---|---|---|---|---|---|---|---
 3 |   |   | X | 0 | 0 | X | X |   | 3 
---|---|---|---|---|---|---|---|---|---
 4 |   |   | X | 0 | 0 | X | X | 0 | 4 
---|---|---|---|---|---|---|---|---|---
 5 |   |   | X | X | X | X | X | 0 | 5 
---|---|---|---|---|---|---|---|---|---
 6 |   |   |   | X |   | X |   | 0 | 6 
---|---|---|---|---|---|---|---|---|---
 7 |   |   |   |   | X |   |   | 0 | 7 
---|---|---|---|---|---|---|---|---|---
 8 |   |   |   |   |   |   |   |   | 8 
---|---|---|---|---|---|---|---|---|---
   | 1 | 2 | 3 | 4 | 5 | 6 | 7 | 8 |

It took 4 seconds to make this move...


Black to move
BOOOOOOEEEEXOOEEEEEXOOXXEEEXOOXXOEEXXXXXOEEEXEXEOEEEEXEEOEEEEEEEE
(2,6)
   | 1 | 2 | 3 | 4 | 5 | 6 | 7 | 8 |
---|---|---|---|---|---|---|---|---|---
 1 | 0 | 0 | 0 | 0 | 0 | 0 |   |   | 1 
---|---|---|---|---|---|---|---|---|---
 2 |   |   | X | X | X | X |   |   | 2 
---|---|---|---|---|---|---|---|---|---
 3 |   |   | X | 0 | X | X | X |   | 3 
---|---|---|---|---|---|---|---|---|---
 4 |   |   | X | X | 0 | X | X | 0 | 4 
---|---|---|---|---|---|---|---|---|---
 5 |   |   | X | X | X | X | X | 0 | 5 
---|---|---|---|---|---|---|---|---|---
 6 |   |   |   | X |   | X |   | 0 | 6 
---|---|---|---|---|---|---|---|---|---
 7 |   |   |   |   | X |   |   | 0 | 7 
---|---|---|---|---|---|---|---|---|---
 8 |   |   |   |   |   |   |   |   | 8 
---|---|---|---|---|---|---|---|---|---
   | 1 | 2 | 3 | 4 | 5 | 6 | 7 | 8 |

It took 0 seconds to make this move...


White to move
WOOOOOOEEEEXXXXEEEEXOXXXEEEXXOXXOEEXXXXXOEEEXEXEOEEEEXEEOEEEEEEEE
(3,8) Depth reached: 7
   | 1 | 2 | 3 | 4 | 5 | 6 | 7 | 8 |
---|---|---|---|---|---|---|---|---|---
 1 | 0 | 0 | 0 | 0 | 0 | 0 |   |   | 1 
---|---|---|---|---|---|---|---|---|---
 2 |   |   | X | X | X | X |   |   | 2 
---|---|---|---|---|---|---|---|---|---
 3 |   |   | X | 0 | 0 | 0 | 0 | 0 | 3 
---|---|---|---|---|---|---|---|---|---
 4 |   |   | X | X | 0 | X | X | 0 | 4 
---|---|---|---|---|---|---|---|---|---
 5 |   |   | X | X | X | X | X | 0 | 5 
---|---|---|---|---|---|---|---|---|---
 6 |   |   |   | X |   | X |   | 0 | 6 
---|---|---|---|---|---|---|---|---|---
 7 |   |   |   |   | X |   |   | 0 | 7 
---|---|---|---|---|---|---|---|---|---
 8 |   |   |   |   |   |   |   |   | 8 
---|---|---|---|---|---|---|---|---|---
   | 1 | 2 | 3 | 4 | 5 | 6 | 7 | 8 |

It took 4 seconds to make this move...


Black to move
BOOOOOOEEEEXXXXEEEEXOOOOOEEXXOXXOEEXXXXXOEEEXEXEOEEEEXEEOEEEEEEEE
(2,7)
   | 1 | 2 | 3 | 4 | 5 | 6 | 7 | 8 |
---|---|---|---|---|---|---|---|---|---
 1 | 0 | 0 | 0 | 0 | 0 | 0 |   |   | 1 
---|---|---|---|---|---|---|---|---|---
 2 |   |   | X | X | X | X | X |   | 2 
---|---|---|---|---|---|---|---|---|---
 3 |   |   | X | 0 | 0 | X | X | 0 | 3 
---|---|---|---|---|---|---|---|---|---
 4 |   |   | X | X | X | X | X | 0 | 4 
---|---|---|---|---|---|---|---|---|---
 5 |   |   | X | X | X | X | X | 0 | 5 
---|---|---|---|---|---|---|---|---|---
 6 |   |   |   | X |   | X |   | 0 | 6 
---|---|---|---|---|---|---|---|---|---
 7 |   |   |   |   | X |   |   | 0 | 7 
---|---|---|---|---|---|---|---|---|---
 8 |   |   |   |   |   |   |   |   | 8 
---|---|---|---|---|---|---|---|---|---
   | 1 | 2 | 3 | 4 | 5 | 6 | 7 | 8 |

It took 0 seconds to make this move...


White to move
WOOOOOOEEEEXXXXXEEEXOOXXOEEXXXXXOEEXXXXXOEEEXEXEOEEEEXEEOEEEEEEEE
(1,7) Depth reached: 6
   | 1 | 2 | 3 | 4 | 5 | 6 | 7 | 8 |
---|---|---|---|---|---|---|---|---|---
 1 | 0 | 0 | 0 | 0 | 0 | 0 | 0 |   | 1 
---|---|---|---|---|---|---|---|---|---
 2 |   |   | X | X | X | 0 | X |   | 2 
---|---|---|---|---|---|---|---|---|---
 3 |   |   | X | 0 | 0 | X | X | 0 | 3 
---|---|---|---|---|---|---|---|---|---
 4 |   |   | X | X | X | X | X | 0 | 4 
---|---|---|---|---|---|---|---|---|---
 5 |   |   | X | X | X | X | X | 0 | 5 
---|---|---|---|---|---|---|---|---|---
 6 |   |   |   | X |   | X |   | 0 | 6 
---|---|---|---|---|---|---|---|---|---
 7 |   |   |   |   | X |   |   | 0 | 7 
---|---|---|---|---|---|---|---|---|---
 8 |   |   |   |   |   |   |   |   | 8 
---|---|---|---|---|---|---|---|---|---
   | 1 | 2 | 3 | 4 | 5 | 6 | 7 | 8 |

It took 4 seconds to make this move...


Black to move
BOOOOOOOEEEXXXOXEEEXOOXXOEEXXXXXOEEXXXXXOEEEXEXEOEEEEXEEOEEEEEEEE
pass
   | 1 | 2 | 3 | 4 | 5 | 6 | 7 | 8 |
---|---|---|---|---|---|---|---|---|---
 1 | 0 | 0 | 0 | 0 | 0 | 0 | 0 |   | 1 
---|---|---|---|---|---|---|---|---|---
 2 |   |   | X | X | X | 0 | X |   | 2 
---|---|---|---|---|---|---|---|---|---
 3 |   |   | X | 0 | 0 | X | X | 0 | 3 
---|---|---|---|---|---|---|---|---|---
 4 |   |   | X | X | X | X | X | 0 | 4 
---|---|---|---|---|---|---|---|---|---
 5 |   |   | X | X | X | X | X | 0 | 5 
---|---|---|---|---|---|---|---|---|---
 6 |   |   |   | X |   | X |   | 0 | 6 
---|---|---|---|---|---|---|---|---|---
 7 |   |   |   |   | X |   |   | 0 | 7 
---|---|---|---|---|---|---|---|---|---
 8 |   |   |   |   |   |   |   |   | 8 
---|---|---|---|---|---|---|---|---|---
   | 1 | 2 | 3 | 4 | 5 | 6 | 7 | 8 |

It took 0 seconds to make this move...


White to move
WOOOOOOOEEEXXXOXEEEXOOXXOEEXXXXXOEEXXXXXOEEEXEXEOEEEEXEEOEEEEEEEE
(4,2) Depth reached: 6
   | 1 | 2 | 3 | 4 | 5 | 6 | 7 | 8 |
---|---|---|---|---|---|---|---|---|---
 1 | 0 | 0 | 0 | 0 | 0 | 0 | 0 |   | 1 
---|---|---|---|---|---|---|---|---|---
 2 |   |   | X | 0 | X | 0 | X |   | 2 
---|---|---|---|---|---|---|---|---|---
 3 |   |   | 0 | 0 | 0 | X | X | 0 | 3 
---|---|---|---|---|---|---|---|---|---
 4 |   | 0 | 0 | 0 | 0 | 0 | 0 | 0 | 4 
---|---|---|---|---|---|---|---|---|---
 5 |   |   | X | X | X | X | X | 0 | 5 
---|---|---|---|---|---|---|---|---|---
 6 |   |   |   | X |   | X |   | 0 | 6 
---|---|---|---|---|---|---|---|---|---
 7 |   |   |   |   | X |   |   | 0 | 7 
---|---|---|---|---|---|---|---|---|---
 8 |   |   |   |   |   |   |   |   | 8 
---|---|---|---|---|---|---|---|---|---
   | 1 | 2 | 3 | 4 | 5 | 6 | 7 | 8 |

It took 4 seconds to make this move...


Black to move
BOOOOOOOEEEXOXOXEEEOOOXXOEOOOOOOOEEXXXXXOEEEXEXEOEEEEXEEOEEEEEEEE
(3,1)
   | 1 | 2 | 3 | 4 | 5 | 6 | 7 | 8 |
---|---|---|---|---|---|---|---|---|---
 1 | 0 | 0 | 0 | 0 | 0 | 0 | 0 |   | 1 
---|---|---|---|---|---|---|---|---|---
 2 |   |   | X | 0 | X | 0 | X |   | 2 
---|---|---|---|---|---|---|---|---|---
 3 | X |   | 0 | 0 | 0 | X | X | 0 | 3 
---|---|---|---|---|---|---|---|---|---
 4 |   | X | 0 | 0 | 0 | 0 | 0 | 0 | 4 
---|---|---|---|---|---|---|---|---|---
 5 |   |   | X | X | X | X | X | 0 | 5 
---|---|---|---|---|---|---|---|---|---
 6 |   |   |   | X |   | X |   | 0 | 6 
---|---|---|---|---|---|---|---|---|---
 7 |   |   |   |   | X |   |   | 0 | 7 
---|---|---|---|---|---|---|---|---|---
 8 |   |   |   |   |   |   |   |   | 8 
---|---|---|---|---|---|---|---|---|---
   | 1 | 2 | 3 | 4 | 5 | 6 | 7 | 8 |

It took 0 seconds to make this move...


White to move
WOOOOOOOEEEXOXOXEXEOOOXXOEXOOOOOOEEXXXXXOEEEXEXEOEEEEXEEOEEEEEEEE
(5,1) Depth reached: 6
   | 1 | 2 | 3 | 4 | 5 | 6 | 7 | 8 |
---|---|---|---|---|---|---|---|---|---
 1 | 0 | 0 | 0 | 0 | 0 | 0 | 0 |   | 1 
---|---|---|---|---|---|---|---|---|---
 2 |   |   | X | 0 | X | 0 | X |   | 2 
---|---|---|---|---|---|---|---|---|---
 3 | X |   | 0 | 0 | 0 | X | X | 0 | 3 
---|---|---|---|---|---|---|---|---|---
 4 |   | 0 | 0 | 0 | 0 | 0 | 0 | 0 | 4 
---|---|---|---|---|---|---|---|---|---
 5 | 0 |   | X | X | X | X | X | 0 | 5 
---|---|---|---|---|---|---|---|---|---
 6 |   |   |   | X |   | X |   | 0 | 6 
---|---|---|---|---|---|---|---|---|---
 7 |   |   |   |   | X |   |   | 0 | 7 
---|---|---|---|---|---|---|---|---|---
 8 |   |   |   |   |   |   |   |   | 8 
---|---|---|---|---|---|---|---|---|---
   | 1 | 2 | 3 | 4 | 5 | 6 | 7 | 8 |

It took 4 seconds to make this move...


Black to move
BOOOOOOOEEEXOXOXEXEOOOXXOEOOOOOOOOEXXXXXOEEEXEXEOEEEEXEEOEEEEEEEE
(3,2)
   | 1 | 2 | 3 | 4 | 5 | 6 | 7 | 8 |
---|---|---|---|---|---|---|---|---|---
 1 | 0 | 0 | 0 | 0 | 0 | 0 | 0 |   | 1 
---|---|---|---|---|---|---|---|---|---
 2 |   |   | X | 0 | X | 0 | X |   | 2 
---|---|---|---|---|---|---|---|---|---
 3 | X | X | X | X | X | X | X | 0 | 3 
---|---|---|---|---|---|---|---|---|---
 4 |   | 0 | X | 0 | 0 | 0 | 0 | 0 | 4 
---|---|---|---|---|---|---|---|---|---
 5 | 0 |   | X | X | X | X | X | 0 | 5 
---|---|---|---|---|---|---|---|---|---
 6 |   |   |   | X |   | X |   | 0 | 6 
---|---|---|---|---|---|---|---|---|---
 7 |   |   |   |   | X |   |   | 0 | 7 
---|---|---|---|---|---|---|---|---|---
 8 |   |   |   |   |   |   |   |   | 8 
---|---|---|---|---|---|---|---|---|---
   | 1 | 2 | 3 | 4 | 5 | 6 | 7 | 8 |

It took 0 seconds to make this move...


White to move
WOOOOOOOEEEXOXOXEXXXXXXXOEOXOOOOOOEXXXXXOEEEXEXEOEEEEXEEOEEEEEEEE
(2,2) Depth reached: 6
   | 1 | 2 | 3 | 4 | 5 | 6 | 7 | 8 |
---|---|---|---|---|---|---|---|---|---
 1 | 0 | 0 | 0 | 0 | 0 | 0 | 0 |   | 1 
---|---|---|---|---|---|---|---|---|---
 2 |   | 0 | 0 | 0 | X | 0 | X |   | 2 
---|---|---|---|---|---|---|---|---|---
 3 | X | 0 | 0 | X | X | X | X | 0 | 3 
---|---|---|---|---|---|---|---|---|---
 4 |   | 0 | X | 0 | 0 | 0 | 0 | 0 | 4 
---|---|---|---|---|---|---|---|---|---
 5 | 0 |   | X | X | X | X | X | 0 | 5 
---|---|---|---|---|---|---|---|---|---
 6 |   |   |   | X |   | X |   | 0 | 6 
---|---|---|---|---|---|---|---|---|---
 7 |   |   |   |   | X |   |   | 0 | 7 
---|---|---|---|---|---|---|---|---|---
 8 |   |   |   |   |   |   |   |   | 8 
---|---|---|---|---|---|---|---|---|---
   | 1 | 2 | 3 | 4 | 5 | 6 | 7 | 8 |

It took 4 seconds to make this move...


Black to move
BOOOOOOOEEOOOXOXEXOOXXXXOEOXOOOOOOEXXXXXOEEEXEXEOEEEEXEEOEEEEEEEE
(4,1)
   | 1 | 2 | 3 | 4 | 5 | 6 | 7 | 8 |
---|---|---|---|---|---|---|---|---|---
 1 | 0 | 0 | 0 | 0 | 0 | 0 | 0 |   | 1 
---|---|---|---|---|---|---|---|---|---
 2 |   | 0 | 0 | 0 | X | 0 | X |   | 2 
---|---|---|---|---|---|---|---|---|---
 3 | X | 0 | 0 | X | X | X | X | 0 | 3 
---|---|---|---|---|---|---|---|---|---
 4 | X | X | X | 0 | 0 | 0 | 0 | 0 | 4 
---|---|---|---|---|---|---|---|---|---
 5 | 0 |   | X | X | X | X | X | 0 | 5 
---|---|---|---|---|---|---|---|---|---
 6 |   |   |   | X |   | X |   | 0 | 6 
---|---|---|---|---|---|---|---|---|---
 7 |   |   |   |   | X |   |   | 0 | 7 
---|---|---|---|---|---|---|---|---|---
 8 |   |   |   |   |   |   |   |   | 8 
---|---|---|---|---|---|---|---|---|---
   | 1 | 2 | 3 | 4 | 5 | 6 | 7 | 8 |

It took 0 seconds to make this move...


White to move
WOOOOOOOEEOOOXOXEXOOXXXXOXXXOOOOOOEXXXXXOEEEXEXEOEEEEXEEOEEEEEEEE
(2,1) Depth reached: 6
   | 1 | 2 | 3 | 4 | 5 | 6 | 7 | 8 |
---|---|---|---|---|---|---|---|---|---
 1 | 0 | 0 | 0 | 0 | 0 | 0 | 0 |   | 1 
---|---|---|---|---|---|---|---|---|---
 2 | 0 | 0 | 0 | 0 | X | 0 | X |   | 2 
---|---|---|---|---|---|---|---|---|---
 3 | 0 | 0 | 0 | X | X | X | X | 0 | 3 
---|---|---|---|---|---|---|---|---|---
 4 | 0 | X | X | 0 | 0 | 0 | 0 | 0 | 4 
---|---|---|---|---|---|---|---|---|---
 5 | 0 |   | X | X | X | X | X | 0 | 5 
---|---|---|---|---|---|---|---|---|---
 6 |   |   |   | X |   | X |   | 0 | 6 
---|---|---|---|---|---|---|---|---|---
 7 |   |   |   |   | X |   |   | 0 | 7 
---|---|---|---|---|---|---|---|---|---
 8 |   |   |   |   |   |   |   |   | 8 
---|---|---|---|---|---|---|---|---|---
   | 1 | 2 | 3 | 4 | 5 | 6 | 7 | 8 |

It took 4 seconds to make this move...


Black to move
BOOOOOOOEOOOOXOXEOOOXXXXOOXXOOOOOOEXXXXXOEEEXEXEOEEEEXEEOEEEEEEEE
pass
   | 1 | 2 | 3 | 4 | 5 | 6 | 7 | 8 |
---|---|---|---|---|---|---|---|---|---
 1 | 0 | 0 | 0 | 0 | 0 | 0 | 0 |   | 1 
---|---|---|---|---|---|---|---|---|---
 2 | 0 | 0 | 0 | 0 | X | 0 | X |   | 2 
---|---|---|---|---|---|---|---|---|---
 3 | 0 | 0 | 0 | X | X | X | X | 0 | 3 
---|---|---|---|---|---|---|---|---|---
 4 | 0 | X | X | 0 | 0 | 0 | 0 | 0 | 4 
---|---|---|---|---|---|---|---|---|---
 5 | 0 |   | X | X | X | X | X | 0 | 5 
---|---|---|---|---|---|---|---|---|---
 6 |   |   |   | X |   | X |   | 0 | 6 
---|---|---|---|---|---|---|---|---|---
 7 |   |   |   |   | X |   |   | 0 | 7 
---|---|---|---|---|---|---|---|---|---
 8 |   |   |   |   |   |   |   |   | 8 
---|---|---|---|---|---|---|---|---|---
   | 1 | 2 | 3 | 4 | 5 | 6 | 7 | 8 |

It took 0 seconds to make this move...


White to move
WOOOOOOOEOOOOXOXEOOOXXXXOOXXOOOOOOEXXXXXOEEEXEXEOEEEEXEEOEEEEEEEE
(5,2) Depth reached: 7
   | 1 | 2 | 3 | 4 | 5 | 6 | 7 | 8 |
---|---|---|---|---|---|---|---|---|---
 1 | 0 | 0 | 0 | 0 | 0 | 0 | 0 |   | 1 
---|---|---|---|---|---|---|---|---|---
 2 | 0 | 0 | 0 | 0 | 0 | 0 | X |   | 2 
---|---|---|---|---|---|---|---|---|---
 3 | 0 | 0 | 0 | 0 | X | X | X | 0 | 3 
---|---|---|---|---|---|---|---|---|---
 4 | 0 | 0 | 0 | 0 | 0 | 0 | 0 | 0 | 4 
---|---|---|---|---|---|---|---|---|---
 5 | 0 | 0 | 0 | 0 | 0 | 0 | 0 | 0 | 5 
---|---|---|---|---|---|---|---|---|---
 6 |   |   |   | X |   | X |   | 0 | 6 
---|---|---|---|---|---|---|---|---|---
 7 |   |   |   |   | X |   |   | 0 | 7 
---|---|---|---|---|---|---|---|---|---
 8 |   |   |   |   |   |   |   |   | 8 
---|---|---|---|---|---|---|---|---|---
   | 1 | 2 | 3 | 4 | 5 | 6 | 7 | 8 |

It took 3 seconds to make this move...


Black to move
BOOOOOOOEOOOOOOXEOOOOXXXOOOOOOOOOOOOOOOOOEEEXEXEOEEEEXEEOEEEEEEEE
(6,3)
   | 1 | 2 | 3 | 4 | 5 | 6 | 7 | 8 |
---|---|---|---|---|---|---|---|---|---
 1 | 0 | 0 | 0 | 0 | 0 | 0 | 0 |   | 1 
---|---|---|---|---|---|---|---|---|---
 2 | 0 | 0 | 0 | 0 | 0 | 0 | X |   | 2 
---|---|---|---|---|---|---|---|---|---
 3 | 0 | 0 | 0 | 0 | X | X | X | 0 | 3 
---|---|---|---|---|---|---|---|---|---
 4 | 0 | 0 | 0 | 0 | X | 0 | 0 | 0 | 4 
---|---|---|---|---|---|---|---|---|---
 5 | 0 | 0 | 0 | X | 0 | 0 | 0 | 0 | 5 
---|---|---|---|---|---|---|---|---|---
 6 |   |   | X | X |   | X |   | 0 | 6 
---|---|---|---|---|---|---|---|---|---
 7 |   |   |   |   | X |   |   | 0 | 7 
---|---|---|---|---|---|---|---|---|---
 8 |   |   |   |   |   |   |   |   | 8 
---|---|---|---|---|---|---|---|---|---
   | 1 | 2 | 3 | 4 | 5 | 6 | 7 | 8 |

It took 1 seconds to make this move...


White to move
WOOOOOOOEOOOOOOXEOOOOXXXOOOOOXOOOOOOXOOOOEEXXEXEOEEEEXEEOEEEEEEEE
(6,5) Depth reached: 7
   | 1 | 2 | 3 | 4 | 5 | 6 | 7 | 8 |
---|---|---|---|---|---|---|---|---|---
 1 | 0 | 0 | 0 | 0 | 0 | 0 | 0 |   | 1 
---|---|---|---|---|---|---|---|---|---
 2 | 0 | 0 | 0 | 0 | 0 | 0 | X |   | 2 
---|---|---|---|---|---|---|---|---|---
 3 | 0 | 0 | 0 | 0 | X | X | X | 0 | 3 
---|---|---|---|---|---|---|---|---|---
 4 | 0 | 0 | 0 | 0 | X | 0 | 0 | 0 | 4 
---|---|---|---|---|---|---|---|---|---
 5 | 0 | 0 | 0 | 0 | 0 | 0 | 0 | 0 | 5 
---|---|---|---|---|---|---|---|---|---
 6 |   |   | X | X | 0 | X |   | 0 | 6 
---|---|---|---|---|---|---|---|---|---
 7 |   |   |   |   | X |   |   | 0 | 7 
---|---|---|---|---|---|---|---|---|---
 8 |   |   |   |   |   |   |   |   | 8 
---|---|---|---|---|---|---|---|---|---
   | 1 | 2 | 3 | 4 | 5 | 6 | 7 | 8 |

It took 3 seconds to make this move...


Black to move
BOOOOOOOEOOOOOOXEOOOOXXXOOOOOXOOOOOOOOOOOEEXXOXEOEEEEXEEOEEEEEEEE
(6,7)
   | 1 | 2 | 3 | 4 | 5 | 6 | 7 | 8 |
---|---|---|---|---|---|---|---|---|---
 1 | 0 | 0 | 0 | 0 | 0 | 0 | 0 |   | 1 
---|---|---|---|---|---|---|---|---|---
 2 | 0 | 0 | 0 | 0 | 0 | 0 | X |   | 2 
---|---|---|---|---|---|---|---|---|---
 3 | 0 | 0 | 0 | 0 | X | X | X | 0 | 3 
---|---|---|---|---|---|---|---|---|---
 4 | 0 | 0 | 0 | 0 | X | 0 | X | 0 | 4 
---|---|---|---|---|---|---|---|---|---
 5 | 0 | 0 | 0 | 0 | 0 | X | X | 0 | 5 
---|---|---|---|---|---|---|---|---|---
 6 |   |   | X | X | 0 | X | X | 0 | 6 
---|---|---|---|---|---|---|---|---|---
 7 |   |   |   |   | X |   |   | 0 | 7 
---|---|---|---|---|---|---|---|---|---
 8 |   |   |   |   |   |   |   |   | 8 
---|---|---|---|---|---|---|---|---|---
   | 1 | 2 | 3 | 4 | 5 | 6 | 7 | 8 |

It took 0 seconds to make this move...


White to move
WOOOOOOOEOOOOOOXEOOOOXXXOOOOOXOXOOOOOOXXOEEXXOXXOEEEEXEEOEEEEEEEE
(1,8) Depth reached: 8
   | 1 | 2 | 3 | 4 | 5 | 6 | 7 | 8 |
---|---|---|---|---|---|---|---|---|---
 1 | 0 | 0 | 0 | 0 | 0 | 0 | 0 | 0 | 1 
---|---|---|---|---|---|---|---|---|---
 2 | 0 | 0 | 0 | 0 | 0 | 0 | 0 |   | 2 
---|---|---|---|---|---|---|---|---|---
 3 | 0 | 0 | 0 | 0 | X | 0 | X | 0 | 3 
---|---|---|---|---|---|---|---|---|---
 4 | 0 | 0 | 0 | 0 | 0 | 0 | X | 0 | 4 
---|---|---|---|---|---|---|---|---|---
 5 | 0 | 0 | 0 | 0 | 0 | X | X | 0 | 5 
---|---|---|---|---|---|---|---|---|---
 6 |   |   | X | X | 0 | X | X | 0 | 6 
---|---|---|---|---|---|---|---|---|---
 7 |   |   |   |   | X |   |   | 0 | 7 
---|---|---|---|---|---|---|---|---|---
 8 |   |   |   |   |   |   |   |   | 8 
---|---|---|---|---|---|---|---|---|---
   | 1 | 2 | 3 | 4 | 5 | 6 | 7 | 8 |

It took 3 seconds to make this move...


Black to move
BOOOOOOOOOOOOOOOEOOOOXOXOOOOOOOXOOOOOOXXOEEXXOXXOEEEEXEEOEEEEEEEE
(7,4)
   | 1 | 2 | 3 | 4 | 5 | 6 | 7 | 8 |
---|---|---|---|---|---|---|---|---|---
 1 | 0 | 0 | 0 | 0 | 0 | 0 | 0 | 0 | 1 
---|---|---|---|---|---|---|---|---|---
 2 | 0 | 0 | 0 | 0 | 0 | 0 | 0 |   | 2 
---|---|---|---|---|---|---|---|---|---
 3 | 0 | 0 | 0 | 0 | X | 0 | X | 0 | 3 
---|---|---|---|---|---|---|---|---|---
 4 | 0 | 0 | 0 | 0 | 0 | 0 | X | 0 | 4 
---|---|---|---|---|---|---|---|---|---
 5 | 0 | 0 | 0 | 0 | 0 | X | X | 0 | 5 
---|---|---|---|---|---|---|---|---|---
 6 |   |   | X | X | X | X | X | 0 | 6 
---|---|---|---|---|---|---|---|---|---
 7 |   |   |   | X | X |   |   | 0 | 7 
---|---|---|---|---|---|---|---|---|---
 8 |   |   |   |   |   |   |   |   | 8 
---|---|---|---|---|---|---|---|---|---
   | 1 | 2 | 3 | 4 | 5 | 6 | 7 | 8 |

It took 0 seconds to make this move...


White to move
WOOOOOOOOOOOOOOOEOOOOXOXOOOOOOOXOOOOOOXXOEEXXXXXOEEEXXEEOEEEEEEEE
(2,8) Depth reached: 8
   | 1 | 2 | 3 | 4 | 5 | 6 | 7 | 8 |
---|---|---|---|---|---|---|---|---|---
 1 | 0 | 0 | 0 | 0 | 0 | 0 | 0 | 0 | 1 
---|---|---|---|---|---|---|---|---|---
 2 | 0 | 0 | 0 | 0 | 0 | 0 | 0 | 0 | 2 
---|---|---|---|---|---|---|---|---|---
 3 | 0 | 0 | 0 | 0 | X | 0 | 0 | 0 | 3 
---|---|---|---|---|---|---|---|---|---
 4 | 0 | 0 | 0 | 0 | 0 | 0 | X | 0 | 4 
---|---|---|---|---|---|---|---|---|---
 5 | 0 | 0 | 0 | 0 | 0 | X | X | 0 | 5 
---|---|---|---|---|---|---|---|---|---
 6 |   |   | X | X | X | X | X | 0 | 6 
---|---|---|---|---|---|---|---|---|---
 7 |   |   |   | X | X |   |   | 0 | 7 
---|---|---|---|---|---|---|---|---|---
 8 |   |   |   |   |   |   |   |   | 8 
---|---|---|---|---|---|---|---|---|---
   | 1 | 2 | 3 | 4 | 5 | 6 | 7 | 8 |

It took 4 seconds to make this move...


Black to move
BOOOOOOOOOOOOOOOOOOOOXOOOOOOOOOXOOOOOOXXOEEXXXXXOEEEXXEEOEEEEEEEE
(6,2)
   | 1 | 2 | 3 | 4 | 5 | 6 | 7 | 8 |
---|---|---|---|---|---|---|---|---|---
 1 | 0 | 0 | 0 | 0 | 0 | 0 | 0 | 0 | 1 
---|---|---|---|---|---|---|---|---|---
 2 | 0 | 0 | 0 | 0 | 0 | 0 | 0 | 0 | 2 
---|---|---|---|---|---|---|---|---|---
 3 | 0 | 0 | 0 | 0 | X | 0 | 0 | 0 | 3 
---|---|---|---|---|---|---|---|---|---
 4 | 0 | 0 | 0 | X | 0 | 0 | X | 0 | 4 
---|---|---|---|---|---|---|---|---|---
 5 | 0 | 0 | X | 0 | 0 | X | X | 0 | 5 
---|---|---|---|---|---|---|---|---|---
 6 |   | X | X | X | X | X | X | 0 | 6 
---|---|---|---|---|---|---|---|---|---
 7 |   |   |   | X | X |   |   | 0 | 7 
---|---|---|---|---|---|---|---|---|---
 8 |   |   |   |   |   |   |   |   | 8 
---|---|---|---|---|---|---|---|---|---
   | 1 | 2 | 3 | 4 | 5 | 6 | 7 | 8 |

It took 0 seconds to make this move...


White to move
WOOOOOOOOOOOOOOOOOOOOXOOOOOOXOOXOOOXOOXXOEXXXXXXOEEEXXEEOEEEEEEEE
(7,6) Depth reached: 9
   | 1 | 2 | 3 | 4 | 5 | 6 | 7 | 8 |
---|---|---|---|---|---|---|---|---|---
 1 | 0 | 0 | 0 | 0 | 0 | 0 | 0 | 0 | 1 
---|---|---|---|---|---|---|---|---|---
 2 | 0 | 0 | 0 | 0 | 0 | 0 | 0 | 0 | 2 
---|---|---|---|---|---|---|---|---|---
 3 | 0 | 0 | 0 | 0 | X | 0 | 0 | 0 | 3 
---|---|---|---|---|---|---|---|---|---
 4 | 0 | 0 | 0 | X | 0 | 0 | X | 0 | 4 
---|---|---|---|---|---|---|---|---|---
 5 | 0 | 0 | X | 0 | 0 | 0 | X | 0 | 5 
---|---|---|---|---|---|---|---|---|---
 6 |   | X | X | X | 0 | 0 | 0 | 0 | 6 
---|---|---|---|---|---|---|---|---|---
 7 |   |   |   | X | X | 0 |   | 0 | 7 
---|---|---|---|---|---|---|---|---|---
 8 |   |   |   |   |   |   |   |   | 8 
---|---|---|---|---|---|---|---|---|---
   | 1 | 2 | 3 | 4 | 5 | 6 | 7 | 8 |

It took 4 seconds to make this move...


Black to move
BOOOOOOOOOOOOOOOOOOOOXOOOOOOXOOXOOOXOOOXOEXXXOOOOEEEXXOEOEEEEEEEE
(7,7)
   | 1 | 2 | 3 | 4 | 5 | 6 | 7 | 8 |
---|---|---|---|---|---|---|---|---|---
 1 | 0 | 0 | 0 | 0 | 0 | 0 | 0 | 0 | 1 
---|---|---|---|---|---|---|---|---|---
 2 | 0 | 0 | 0 | 0 | 0 | 0 | 0 | 0 | 2 
---|---|---|---|---|---|---|---|---|---
 3 | 0 | 0 | 0 | 0 | X | 0 | 0 | 0 | 3 
---|---|---|---|---|---|---|---|---|---
 4 | 0 | 0 | 0 | X | 0 | 0 | X | 0 | 4 
---|---|---|---|---|---|---|---|---|---
 5 | 0 | 0 | X | 0 | X | 0 | X | 0 | 5 
---|---|---|---|---|---|---|---|---|---
 6 |   | X | X | X | 0 | X | X | 0 | 6 
---|---|---|---|---|---|---|---|---|---
 7 |   |   |   | X | X | X | X | 0 | 7 
---|---|---|---|---|---|---|---|---|---
 8 |   |   |   |   |   |   |   |   | 8 
---|---|---|---|---|---|---|---|---|---
   | 1 | 2 | 3 | 4 | 5 | 6 | 7 | 8 |

It took 0 seconds to make this move...


White to move
WOOOOOOOOOOOOOOOOOOOOXOOOOOOXOOXOOOXOXOXOEXXXOXXOEEEXXXXOEEEEEEEE
(8,8) Depth reached: 10
   | 1 | 2 | 3 | 4 | 5 | 6 | 7 | 8 |
---|---|---|---|---|---|---|---|---|---
 1 | 0 | 0 | 0 | 0 | 0 | 0 | 0 | 0 | 1 
---|---|---|---|---|---|---|---|---|---
 2 | 0 | 0 | 0 | 0 | 0 | 0 | 0 | 0 | 2 
---|---|---|---|---|---|---|---|---|---
 3 | 0 | 0 | 0 | 0 | X | 0 | 0 | 0 | 3 
---|---|---|---|---|---|---|---|---|---
 4 | 0 | 0 | 0 | 0 | 0 | 0 | X | 0 | 4 
---|---|---|---|---|---|---|---|---|---
 5 | 0 | 0 | X | 0 | 0 | 0 | X | 0 | 5 
---|---|---|---|---|---|---|---|---|---
 6 |   | X | X | X | 0 | 0 | X | 0 | 6 
---|---|---|---|---|---|---|---|---|---
 7 |   |   |   | X | X | X | 0 | 0 | 7 
---|---|---|---|---|---|---|---|---|---
 8 |   |   |   |   |   |   |   | 0 | 8 
---|---|---|---|---|---|---|---|---|---
   | 1 | 2 | 3 | 4 | 5 | 6 | 7 | 8 |

It took 4 seconds to make this move...


Black to move
BOOOOOOOOOOOOOOOOOOOOXOOOOOOOOOXOOOXOOOXOEXXXOOXOEEEXXXOOEEEEEEEO
(8,7)
   | 1 | 2 | 3 | 4 | 5 | 6 | 7 | 8 |
---|---|---|---|---|---|---|---|---|---
 1 | 0 | 0 | 0 | 0 | 0 | 0 | 0 | 0 | 1 
---|---|---|---|---|---|---|---|---|---
 2 | 0 | 0 | 0 | 0 | 0 | 0 | 0 | 0 | 2 
---|---|---|---|---|---|---|---|---|---
 3 | 0 | 0 | 0 | 0 | X | 0 | 0 | 0 | 3 
---|---|---|---|---|---|---|---|---|---
 4 | 0 | 0 | 0 | 0 | 0 | 0 | X | 0 | 4 
---|---|---|---|---|---|---|---|---|---
 5 | 0 | 0 | X | 0 | 0 | 0 | X | 0 | 5 
---|---|---|---|---|---|---|---|---|---
 6 |   | X | X | X | 0 | 0 | X | 0 | 6 
---|---|---|---|---|---|---|---|---|---
 7 |   |   |   | X | X | X | X | 0 | 7 
---|---|---|---|---|---|---|---|---|---
 8 |   |   |   |   |   |   | X | 0 | 8 
---|---|---|---|---|---|---|---|---|---
   | 1 | 2 | 3 | 4 | 5 | 6 | 7 | 8 |

It took 0 seconds to make this move...


White to move
WOOOOOOOOOOOOOOOOOOOOXOOOOOOOOOXOOOXOOOXOEXXXOOXOEEEXXXXOEEEEEEXO
(8,5) Depth reached: 13
   | 1 | 2 | 3 | 4 | 5 | 6 | 7 | 8 |
---|---|---|---|---|---|---|---|---|---
 1 | 0 | 0 | 0 | 0 | 0 | 0 | 0 | 0 | 1 
---|---|---|---|---|---|---|---|---|---
 2 | 0 | 0 | 0 | 0 | 0 | 0 | 0 | 0 | 2 
---|---|---|---|---|---|---|---|---|---
 3 | 0 | 0 | 0 | 0 | X | 0 | 0 | 0 | 3 
---|---|---|---|---|---|---|---|---|---
 4 | 0 | 0 | 0 | 0 | 0 | 0 | X | 0 | 4 
---|---|---|---|---|---|---|---|---|---
 5 | 0 | 0 | X | 0 | 0 | 0 | X | 0 | 5 
---|---|---|---|---|---|---|---|---|---
 6 |   | X | 0 | X | 0 | 0 | 0 | 0 | 6 
---|---|---|---|---|---|---|---|---|---
 7 |   |   |   | 0 | 0 | 0 | X | 0 | 7 
---|---|---|---|---|---|---|---|---|---
 8 |   |   |   |   | 0 |   | X | 0 | 8 
---|---|---|---|---|---|---|---|---|---
   | 1 | 2 | 3 | 4 | 5 | 6 | 7 | 8 |

It took 4 seconds to make this move...


Black to move
BOOOOOOOOOOOOOOOOOOOOXOOOOOOOOOXOOOXOOOXOEXOXOOOOEEEOOOXOEEEEOEXO
(8,6)
   | 1 | 2 | 3 | 4 | 5 | 6 | 7 | 8 |
---|---|---|---|---|---|---|---|---|---
 1 | 0 | 0 | 0 | 0 | 0 | 0 | 0 | 0 | 1 
---|---|---|---|---|---|---|---|---|---
 2 | 0 | 0 | 0 | 0 | 0 | 0 | 0 | 0 | 2 
---|---|---|---|---|---|---|---|---|---
 3 | 0 | 0 | 0 | 0 | X | 0 | 0 | 0 | 3 
---|---|---|---|---|---|---|---|---|---
 4 | 0 | 0 | 0 | 0 | 0 | 0 | X | 0 | 4 
---|---|---|---|---|---|---|---|---|---
 5 | 0 | 0 | X | 0 | 0 | 0 | X | 0 | 5 
---|---|---|---|---|---|---|---|---|---
 6 |   | X | 0 | X | 0 | 0 | 0 | 0 | 6 
---|---|---|---|---|---|---|---|---|---
 7 |   |   |   | 0 | X | 0 | X | 0 | 7 
---|---|---|---|---|---|---|---|---|---
 8 |   |   |   |   | 0 | X | X | 0 | 8 
---|---|---|---|---|---|---|---|---|---
   | 1 | 2 | 3 | 4 | 5 | 6 | 7 | 8 |

It took 0 seconds to make this move...


White to move
WOOOOOOOOOOOOOOOOOOOOXOOOOOOOOOXOOOXOOOXOEXOXOOOOEEEOXOXOEEEEOXXO
(8,4) Depth reached: 42
   | 1 | 2 | 3 | 4 | 5 | 6 | 7 | 8 |
---|---|---|---|---|---|---|---|---|---
 1 | 0 | 0 | 0 | 0 | 0 | 0 | 0 | 0 | 1 
---|---|---|---|---|---|---|---|---|---
 2 | 0 | 0 | 0 | 0 | 0 | 0 | 0 | 0 | 2 
---|---|---|---|---|---|---|---|---|---
 3 | 0 | 0 | 0 | 0 | X | 0 | 0 | 0 | 3 
---|---|---|---|---|---|---|---|---|---
 4 | 0 | 0 | 0 | 0 | 0 | 0 | X | 0 | 4 
---|---|---|---|---|---|---|---|---|---
 5 | 0 | 0 | X | 0 | 0 | 0 | X | 0 | 5 
---|---|---|---|---|---|---|---|---|---
 6 |   | X | 0 | X | 0 | 0 | 0 | 0 | 6 
---|---|---|---|---|---|---|---|---|---
 7 |   |   |   | 0 | 0 | 0 | X | 0 | 7 
---|---|---|---|---|---|---|---|---|---
 8 |   |   |   | 0 | 0 | X | X | 0 | 8 
---|---|---|---|---|---|---|---|---|---
   | 1 | 2 | 3 | 4 | 5 | 6 | 7 | 8 |

It took 4 seconds to make this move...


Black to move
BOOOOOOOOOOOOOOOOOOOOXOOOOOOOOOXOOOXOOOXOEXOXOOOOEEEOOOXOEEEOOXXO
(7,3)
   | 1 | 2 | 3 | 4 | 5 | 6 | 7 | 8 |
---|---|---|---|---|---|---|---|---|---
 1 | 0 | 0 | 0 | 0 | 0 | 0 | 0 | 0 | 1 
---|---|---|---|---|---|---|---|---|---
 2 | 0 | 0 | 0 | 0 | 0 | 0 | 0 | 0 | 2 
---|---|---|---|---|---|---|---|---|---
 3 | 0 | 0 | 0 | 0 | X | 0 | 0 | 0 | 3 
---|---|---|---|---|---|---|---|---|---
 4 | 0 | 0 | 0 | 0 | 0 | 0 | X | 0 | 4 
---|---|---|---|---|---|---|---|---|---
 5 | 0 | 0 | X | 0 | 0 | 0 | X | 0 | 5 
---|---|---|---|---|---|---|---|---|---
 6 |   | X | X | X | 0 | 0 | 0 | 0 | 6 
---|---|---|---|---|---|---|---|---|---
 7 |   |   | X | X | X | X | X | 0 | 7 
---|---|---|---|---|---|---|---|---|---
 8 |   |   |   | 0 | 0 | X | X | 0 | 8 
---|---|---|---|---|---|---|---|---|---
   | 1 | 2 | 3 | 4 | 5 | 6 | 7 | 8 |

It took 0 seconds to make this move...


White to move
WOOOOOOOOOOOOOOOOOOOOXOOOOOOOOOXOOOXOOOXOEXXXOOOOEEXXXXXOEEEOOXXO
(6,1) Depth reached: 116
   | 1 | 2 | 3 | 4 | 5 | 6 | 7 | 8 |
---|---|---|---|---|---|---|---|---|---
 1 | 0 | 0 | 0 | 0 | 0 | 0 | 0 | 0 | 1 
---|---|---|---|---|---|---|---|---|---
 2 | 0 | 0 | 0 | 0 | 0 | 0 | 0 | 0 | 2 
---|---|---|---|---|---|---|---|---|---
 3 | 0 | 0 | 0 | 0 | X | 0 | 0 | 0 | 3 
---|---|---|---|---|---|---|---|---|---
 4 | 0 | 0 | 0 | 0 | 0 | 0 | X | 0 | 4 
---|---|---|---|---|---|---|---|---|---
 5 | 0 | 0 | X | 0 | 0 | 0 | X | 0 | 5 
---|---|---|---|---|---|---|---|---|---
 6 | 0 | 0 | 0 | 0 | 0 | 0 | 0 | 0 | 6 
---|---|---|---|---|---|---|---|---|---
 7 |   |   | X | X | X | X | X | 0 | 7 
---|---|---|---|---|---|---|---|---|---
 8 |   |   |   | 0 | 0 | X | X | 0 | 8 
---|---|---|---|---|---|---|---|---|---
   | 1 | 2 | 3 | 4 | 5 | 6 | 7 | 8 |

It took 4 seconds to make this move...


Black to move
BOOOOOOOOOOOOOOOOOOOOXOOOOOOOOOXOOOXOOOXOOOOOOOOOEEXXXXXOEEEOOXXO
(7,1)
   | 1 | 2 | 3 | 4 | 5 | 6 | 7 | 8 |
---|---|---|---|---|---|---|---|---|---
 1 | 0 | 0 | 0 | 0 | 0 | 0 | 0 | 0 | 1 
---|---|---|---|---|---|---|---|---|---
 2 | 0 | 0 | 0 | 0 | 0 | 0 | 0 | 0 | 2 
---|---|---|---|---|---|---|---|---|---
 3 | 0 | 0 | 0 | 0 | X | 0 | 0 | 0 | 3 
---|---|---|---|---|---|---|---|---|---
 4 | 0 | 0 | 0 | 0 | 0 | 0 | X | 0 | 4 
---|---|---|---|---|---|---|---|---|---
 5 | 0 | 0 | X | 0 | 0 | 0 | X | 0 | 5 
---|---|---|---|---|---|---|---|---|---
 6 | 0 | X | 0 | 0 | 0 | 0 | 0 | 0 | 6 
---|---|---|---|---|---|---|---|---|---
 7 | X |   | X | X | X | X | X | 0 | 7 
---|---|---|---|---|---|---|---|---|---
 8 |   |   |   | 0 | 0 | X | X | 0 | 8 
---|---|---|---|---|---|---|---|---|---
   | 1 | 2 | 3 | 4 | 5 | 6 | 7 | 8 |

It took 0 seconds to make this move...


White to move
WOOOOOOOOOOOOOOOOOOOOXOOOOOOOOOXOOOXOOOXOOXOOOOOOXEXXXXXOEEEOOXXO
(8,1) Depth reached: 212
   | 1 | 2 | 3 | 4 | 5 | 6 | 7 | 8 |
---|---|---|---|---|---|---|---|---|---
 1 | 0 | 0 | 0 | 0 | 0 | 0 | 0 | 0 | 1 
---|---|---|---|---|---|---|---|---|---
 2 | 0 | 0 | 0 | 0 | 0 | 0 | 0 | 0 | 2 
---|---|---|---|---|---|---|---|---|---
 3 | 0 | 0 | 0 | 0 | X | 0 | 0 | 0 | 3 
---|---|---|---|---|---|---|---|---|---
 4 | 0 | 0 | 0 | 0 | 0 | 0 | X | 0 | 4 
---|---|---|---|---|---|---|---|---|---
 5 | 0 | 0 | X | 0 | 0 | 0 | X | 0 | 5 
---|---|---|---|---|---|---|---|---|---
 6 | 0 | X | 0 | 0 | 0 | 0 | 0 | 0 | 6 
---|---|---|---|---|---|---|---|---|---
 7 | 0 |   | X | X | X | X | X | 0 | 7 
---|---|---|---|---|---|---|---|---|---
 8 | 0 |   |   | 0 | 0 | X | X | 0 | 8 
---|---|---|---|---|---|---|---|---|---
   | 1 | 2 | 3 | 4 | 5 | 6 | 7 | 8 |

It took 3 seconds to make this move...


Black to move
BOOOOOOOOOOOOOOOOOOOOXOOOOOOOOOXOOOXOOOXOOXOOOOOOOEXXXXXOOEEOOXXO
(8,3)
   | 1 | 2 | 3 | 4 | 5 | 6 | 7 | 8 |
---|---|---|---|---|---|---|---|---|---
 1 | 0 | 0 | 0 | 0 | 0 | 0 | 0 | 0 | 1 
---|---|---|---|---|---|---|---|---|---
 2 | 0 | 0 | 0 | 0 | 0 | 0 | 0 | 0 | 2 
---|---|---|---|---|---|---|---|---|---
 3 | 0 | 0 | 0 | 0 | X | 0 | 0 | 0 | 3 
---|---|---|---|---|---|---|---|---|---
 4 | 0 | 0 | 0 | 0 | 0 | 0 | X | 0 | 4 
---|---|---|---|---|---|---|---|---|---
 5 | 0 | 0 | X | 0 | 0 | 0 | X | 0 | 5 
---|---|---|---|---|---|---|---|---|---
 6 | 0 | X | 0 | 0 | 0 | 0 | 0 | 0 | 6 
---|---|---|---|---|---|---|---|---|---
 7 | 0 |   | X | X | X | X | X | 0 | 7 
---|---|---|---|---|---|---|---|---|---
 8 | 0 |   | X | X | X | X | X | 0 | 8 
---|---|---|---|---|---|---|---|---|---
   | 1 | 2 | 3 | 4 | 5 | 6 | 7 | 8 |

It took 1 seconds to make this move...


White to move
WOOOOOOOOOOOOOOOOOOOOXOOOOOOOOOXOOOXOOOXOOXOOOOOOOEXXXXXOOEXXXXXO
(7,2) Depth reached: 426
   | 1 | 2 | 3 | 4 | 5 | 6 | 7 | 8 |
---|---|---|---|---|---|---|---|---|---
 1 | 0 | 0 | 0 | 0 | 0 | 0 | 0 | 0 | 1 
---|---|---|---|---|---|---|---|---|---
 2 | 0 | 0 | 0 | 0 | 0 | 0 | 0 | 0 | 2 
---|---|---|---|---|---|---|---|---|---
 3 | 0 | 0 | 0 | 0 | X | 0 | 0 | 0 | 3 
---|---|---|---|---|---|---|---|---|---
 4 | 0 | 0 | 0 | 0 | 0 | 0 | X | 0 | 4 
---|---|---|---|---|---|---|---|---|---
 5 | 0 | 0 | X | 0 | 0 | 0 | X | 0 | 5 
---|---|---|---|---|---|---|---|---|---
 6 | 0 | 0 | 0 | 0 | 0 | 0 | 0 | 0 | 6 
---|---|---|---|---|---|---|---|---|---
 7 | 0 | 0 | 0 | 0 | 0 | 0 | 0 | 0 | 7 
---|---|---|---|---|---|---|---|---|---
 8 | 0 |   | X | X | X | X | X | 0 | 8 
---|---|---|---|---|---|---|---|---|---
   | 1 | 2 | 3 | 4 | 5 | 6 | 7 | 8 |

It took 3 seconds to make this move...


Black to move
BOOOOOOOOOOOOOOOOOOOOXOOOOOOOOOXOOOXOOOXOOOOOOOOOOOOOOOOOOEXXXXXO
pass
   | 1 | 2 | 3 | 4 | 5 | 6 | 7 | 8 |
---|---|---|---|---|---|---|---|---|---
 1 | 0 | 0 | 0 | 0 | 0 | 0 | 0 | 0 | 1 
---|---|---|---|---|---|---|---|---|---
 2 | 0 | 0 | 0 | 0 | 0 | 0 | 0 | 0 | 2 
---|---|---|---|---|---|---|---|---|---
 3 | 0 | 0 | 0 | 0 | X | 0 | 0 | 0 | 3 
---|---|---|---|---|---|---|---|---|---
 4 | 0 | 0 | 0 | 0 | 0 | 0 | X | 0 | 4 
---|---|---|---|---|---|---|---|---|---
 5 | 0 | 0 | X | 0 | 0 | 0 | X | 0 | 5 
---|---|---|---|---|---|---|---|---|---
 6 | 0 | 0 | 0 | 0 | 0 | 0 | 0 | 0 | 6 
---|---|---|---|---|---|---|---|---|---
 7 | 0 | 0 | 0 | 0 | 0 | 0 | 0 | 0 | 7 
---|---|---|---|---|---|---|---|---|---
 8 | 0 |   | X | X | X | X | X | 0 | 8 
---|---|---|---|---|---|---|---|---|---
   | 1 | 2 | 3 | 4 | 5 | 6 | 7 | 8 |

It took 0 seconds to make this move...


White to move
WOOOOOOOOOOOOOOOOOOOOXOOOOOOOOOXOOOXOOOXOOOOOOOOOOOOOOOOOOEXXXXXO
(8,2) Depth reached: 602
   | 1 | 2 | 3 | 4 | 5 | 6 | 7 | 8 |
---|---|---|---|---|---|---|---|---|---
 1 | 0 | 0 | 0 | 0 | 0 | 0 | 0 | 0 | 1 
---|---|---|---|---|---|---|---|---|---
 2 | 0 | 0 | 0 | 0 | 0 | 0 | 0 | 0 | 2 
---|---|---|---|---|---|---|---|---|---
 3 | 0 | 0 | 0 | 0 | X | 0 | 0 | 0 | 3 
---|---|---|---|---|---|---|---|---|---
 4 | 0 | 0 | 0 | 0 | 0 | 0 | X | 0 | 4 
---|---|---|---|---|---|---|---|---|---
 5 | 0 | 0 | X | 0 | 0 | 0 | X | 0 | 5 
---|---|---|---|---|---|---|---|---|---
 6 | 0 | 0 | 0 | 0 | 0 | 0 | 0 | 0 | 6 
---|---|---|---|---|---|---|---|---|---
 7 | 0 | 0 | 0 | 0 | 0 | 0 | 0 | 0 | 7 
---|---|---|---|---|---|---|---|---|---
 8 | 0 | 0 | 0 | 0 | 0 | 0 | 0 | 0 | 8 
---|---|---|---|---|---|---|---|---|---
   | 1 | 2 | 3 | 4 | 5 | 6 | 7 | 8 |

It took 4 seconds to make this move...


Black to move
BOOOOOOOOOOOOOOOOOOOOXOOOOOOOOOXOOOXOOOXOOOOOOOOOOOOOOOOOOOOOOOOO
pass
   | 1 | 2 | 3 | 4 | 5 | 6 | 7 | 8 |
---|---|---|---|---|---|---|---|---|---
 1 | 0 | 0 | 0 | 0 | 0 | 0 | 0 | 0 | 1 
---|---|---|---|---|---|---|---|---|---
 2 | 0 | 0 | 0 | 0 | 0 | 0 | 0 | 0 | 2 
---|---|---|---|---|---|---|---|---|---
 3 | 0 | 0 | 0 | 0 | X | 0 | 0 | 0 | 3 
---|---|---|---|---|---|---|---|---|---
 4 | 0 | 0 | 0 | 0 | 0 | 0 | X | 0 | 4 
---|---|---|---|---|---|---|---|---|---
 5 | 0 | 0 | X | 0 | 0 | 0 | X | 0 | 5 
---|---|---|---|---|---|---|---|---|---
 6 | 0 | 0 | 0 | 0 | 0 | 0 | 0 | 0 | 6 
---|---|---|---|---|---|---|---|---|---
 7 | 0 | 0 | 0 | 0 | 0 | 0 | 0 | 0 | 7 
---|---|---|---|---|---|---|---|---|---
 8 | 0 | 0 | 0 | 0 | 0 | 0 | 0 | 0 | 8 
---|---|---|---|---|---|---|---|---|---
   | 1 | 2 | 3 | 4 | 5 | 6 | 7 | 8 |

It took 0 seconds to make this move...


White to move
WOOOOOOOOOOOOOOOOOOOOXOOOOOOOOOXOOOXOOOXOOOOOOOOOOOOOOOOOOOOOOOOO
pass
   | 1 | 2 | 3 | 4 | 5 | 6 | 7 | 8 |
---|---|---|---|---|---|---|---|---|---
 1 | 0 | 0 | 0 | 0 | 0 | 0 | 0 | 0 | 1 
---|---|---|---|---|---|---|---|---|---
 2 | 0 | 0 | 0 | 0 | 0 | 0 | 0 | 0 | 2 
---|---|---|---|---|---|---|---|---|---
 3 | 0 | 0 | 0 | 0 | X | 0 | 0 | 0 | 3 
---|---|---|---|---|---|---|---|---|---
 4 | 0 | 0 | 0 | 0 | 0 | 0 | X | 0 | 4 
---|---|---|---|---|---|---|---|---|---
 5 | 0 | 0 | X | 0 | 0 | 0 | X | 0 | 5 
---|---|---|---|---|---|---|---|---|---
 6 | 0 | 0 | 0 | 0 | 0 | 0 | 0 | 0 | 6 
---|---|---|---|---|---|---|---|---|---
 7 | 0 | 0 | 0 | 0 | 0 | 0 | 0 | 0 | 7 
---|---|---|---|---|---|---|---|---|---
 8 | 0 | 0 | 0 | 0 | 0 | 0 | 0 | 0 | 8 
---|---|---|---|---|---|---|---|---|---
   | 1 | 2 | 3 | 4 | 5 | 6 | 7 | 8 |

It took 4 seconds to make this move...
***************************************
Results for ../Python/othello.sh vs. ./othello_naive.sh:
White won with 56 points
Average time for white: 3.8 s (max: 4 s)
Average time for black: 0.1 s (max: 1 s)
***************************************
