   | 1 | 2 | 3 | 4 | 5 | 6 | 7 | 8 |
---|---|---|---|---|---|---|---|---|---
 1 |   |   |   |   |   |   |   |   | 1 
---|---|---|---|---|---|---|---|---|---
 2 |   |   |   |   |   |   |   |   | 2 
---|---|---|---|---|---|---|---|---|---
 3 |   |   |   |   |   |   |   |   | 3 
---|---|---|---|---|---|---|---|---|---
 4 |   |   |   | 0 | X |   |   |   | 4 
---|---|---|---|---|---|---|---|---|---
 5 |   |   |   | X | 0 |   |   |   | 5 
---|---|---|---|---|---|---|---|---|---
 6 |   |   |   |   |   |   |   |   | 6 
---|---|---|---|---|---|---|---|---|---
 7 |   |   |   |   |   |   |   |   | 7 
---|---|---|---|---|---|---|---|---|---
 8 |   |   |   |   |   |   |   |   | 8 
---|---|---|---|---|---|---|---|---|---
   | 1 | 2 | 3 | 4 | 5 | 6 | 7 | 8 |



White to move
WEEEEEEEEEEEEEEEEEEEEEEEEEEEOXEEEEEEXOEEEEEEEEEEEEEEEEEEEEEEEEEEE
(3,5) Depth reached: 6, Nodes searched: 1145
   | 1 | 2 | 3 | 4 | 5 | 6 | 7 | 8 |
---|---|---|---|---|---|---|---|---|---
 1 |   |   |   |   |   |   |   |   | 1 
---|---|---|---|---|---|---|---|---|---
 2 |   |   |   |   |   |   |   |   | 2 
---|---|---|---|---|---|---|---|---|---
 3 |   |   |   |   | 0 |   |   |   | 3 
---|---|---|---|---|---|---|---|---|---
 4 |   |   |   | 0 | 0 |   |   |   | 4 
---|---|---|---|---|---|---|---|---|---
 5 |   |   |   | X | 0 |   |   |   | 5 
---|---|---|---|---|---|---|---|---|---
 6 |   |   |   |   |   |   |   |   | 6 
---|---|---|---|---|---|---|---|---|---
 7 |   |   |   |   |   |   |   |   | 7 
---|---|---|---|---|---|---|---|---|---
 8 |   |   |   |   |   |   |   |   | 8 
---|---|---|---|---|---|---|---|---|---
   | 1 | 2 | 3 | 4 | 5 | 6 | 7 | 8 |

It took 2 seconds to make this move...


Black to move
BEEEEEEEEEEEEEEEEEEEEOEEEEEEOOEEEEEEXOEEEEEEEEEEEEEEEEEEEEEEEEEEE
(3,4)
   | 1 | 2 | 3 | 4 | 5 | 6 | 7 | 8 |
---|---|---|---|---|---|---|---|---|---
 1 |   |   |   |   |   |   |   |   | 1 
---|---|---|---|---|---|---|---|---|---
 2 |   |   |   |   |   |   |   |   | 2 
---|---|---|---|---|---|---|---|---|---
 3 |   |   |   | X | 0 |   |   |   | 3 
---|---|---|---|---|---|---|---|---|---
 4 |   |   |   | X | 0 |   |   |   | 4 
---|---|---|---|---|---|---|---|---|---
 5 |   |   |   | X | 0 |   |   |   | 5 
---|---|---|---|---|---|---|---|---|---
 6 |   |   |   |   |   |   |   |   | 6 
---|---|---|---|---|---|---|---|---|---
 7 |   |   |   |   |   |   |   |   | 7 
---|---|---|---|---|---|---|---|---|---
 8 |   |   |   |   |   |   |   |   | 8 
---|---|---|---|---|---|---|---|---|---
   | 1 | 2 | 3 | 4 | 5 | 6 | 7 | 8 |

It took 0 seconds to make this move...


White to move
WEEEEEEEEEEEEEEEEEEEXOEEEEEEXOEEEEEEXOEEEEEEEEEEEEEEEEEEEEEEEEEEE
(3,3) Depth reached: 6, Nodes searched: 1158
   | 1 | 2 | 3 | 4 | 5 | 6 | 7 | 8 |
---|---|---|---|---|---|---|---|---|---
 1 |   |   |   |   |   |   |   |   | 1 
---|---|---|---|---|---|---|---|---|---
 2 |   |   |   |   |   |   |   |   | 2 
---|---|---|---|---|---|---|---|---|---
 3 |   |   | 0 | 0 | 0 |   |   |   | 3 
---|---|---|---|---|---|---|---|---|---
 4 |   |   |   | 0 | 0 |   |   |   | 4 
---|---|---|---|---|---|---|---|---|---
 5 |   |   |   | X | 0 |   |   |   | 5 
---|---|---|---|---|---|---|---|---|---
 6 |   |   |   |   |   |   |   |   | 6 
---|---|---|---|---|---|---|---|---|---
 7 |   |   |   |   |   |   |   |   | 7 
---|---|---|---|---|---|---|---|---|---
 8 |   |   |   |   |   |   |   |   | 8 
---|---|---|---|---|---|---|---|---|---
   | 1 | 2 | 3 | 4 | 5 | 6 | 7 | 8 |

It took 2 seconds to make this move...


Black to move
BEEEEEEEEEEEEEEEEEEOOOEEEEEEOOEEEEEEXOEEEEEEEEEEEEEEEEEEEEEEEEEEE
(3,6)
   | 1 | 2 | 3 | 4 | 5 | 6 | 7 | 8 |
---|---|---|---|---|---|---|---|---|---
 1 |   |   |   |   |   |   |   |   | 1 
---|---|---|---|---|---|---|---|---|---
 2 |   |   |   |   |   |   |   |   | 2 
---|---|---|---|---|---|---|---|---|---
 3 |   |   | 0 | 0 | 0 | X |   |   | 3 
---|---|---|---|---|---|---|---|---|---
 4 |   |   |   | 0 | X |   |   |   | 4 
---|---|---|---|---|---|---|---|---|---
 5 |   |   |   | X | 0 |   |   |   | 5 
---|---|---|---|---|---|---|---|---|---
 6 |   |   |   |   |   |   |   |   | 6 
---|---|---|---|---|---|---|---|---|---
 7 |   |   |   |   |   |   |   |   | 7 
---|---|---|---|---|---|---|---|---|---
 8 |   |   |   |   |   |   |   |   | 8 
---|---|---|---|---|---|---|---|---|---
   | 1 | 2 | 3 | 4 | 5 | 6 | 7 | 8 |

It took 0 seconds to make this move...


White to move
WEEEEEEEEEEEEEEEEEEOOOXEEEEEOXEEEEEEXOEEEEEEEEEEEEEEEEEEEEEEEEEEE
(5,6) Depth reached: 5, Nodes searched: 2224
   | 1 | 2 | 3 | 4 | 5 | 6 | 7 | 8 |
---|---|---|---|---|---|---|---|---|---
 1 |   |   |   |   |   |   |   |   | 1 
---|---|---|---|---|---|---|---|---|---
 2 |   |   |   |   |   |   |   |   | 2 
---|---|---|---|---|---|---|---|---|---
 3 |   |   | 0 | 0 | 0 | X |   |   | 3 
---|---|---|---|---|---|---|---|---|---
 4 |   |   |   | 0 | 0 |   |   |   | 4 
---|---|---|---|---|---|---|---|---|---
 5 |   |   |   | X | 0 | 0 |   |   | 5 
---|---|---|---|---|---|---|---|---|---
 6 |   |   |   |   |   |   |   |   | 6 
---|---|---|---|---|---|---|---|---|---
 7 |   |   |   |   |   |   |   |   | 7 
---|---|---|---|---|---|---|---|---|---
 8 |   |   |   |   |   |   |   |   | 8 
---|---|---|---|---|---|---|---|---|---
   | 1 | 2 | 3 | 4 | 5 | 6 | 7 | 8 |

It took 2 seconds to make this move...


Black to move
BEEEEEEEEEEEEEEEEEEOOOXEEEEEOOEEEEEEXOOEEEEEEEEEEEEEEEEEEEEEEEEEE
(2,4)
   | 1 | 2 | 3 | 4 | 5 | 6 | 7 | 8 |
---|---|---|---|---|---|---|---|---|---
 1 |   |   |   |   |   |   |   |   | 1 
---|---|---|---|---|---|---|---|---|---
 2 |   |   |   | X |   |   |   |   | 2 
---|---|---|---|---|---|---|---|---|---
 3 |   |   | 0 | X | 0 | X |   |   | 3 
---|---|---|---|---|---|---|---|---|---
 4 |   |   |   | X | 0 |   |   |   | 4 
---|---|---|---|---|---|---|---|---|---
 5 |   |   |   | X | 0 | 0 |   |   | 5 
---|---|---|---|---|---|---|---|---|---
 6 |   |   |   |   |   |   |   |   | 6 
---|---|---|---|---|---|---|---|---|---
 7 |   |   |   |   |   |   |   |   | 7 
---|---|---|---|---|---|---|---|---|---
 8 |   |   |   |   |   |   |   |   | 8 
---|---|---|---|---|---|---|---|---|---
   | 1 | 2 | 3 | 4 | 5 | 6 | 7 | 8 |

It took 0 seconds to make this move...


White to move
WEEEEEEEEEEEXEEEEEEOXOXEEEEEXOEEEEEEXOOEEEEEEEEEEEEEEEEEEEEEEEEEE
(4,3) Depth reached: 5, Nodes searched: 816
   | 1 | 2 | 3 | 4 | 5 | 6 | 7 | 8 |
---|---|---|---|---|---|---|---|---|---
 1 |   |   |   |   |   |   |   |   | 1 
---|---|---|---|---|---|---|---|---|---
 2 |   |   |   | X |   |   |   |   | 2 
---|---|---|---|---|---|---|---|---|---
 3 |   |   | 0 | X | 0 | X |   |   | 3 
---|---|---|---|---|---|---|---|---|---
 4 |   |   | 0 | 0 | 0 |   |   |   | 4 
---|---|---|---|---|---|---|---|---|---
 5 |   |   |   | X | 0 | 0 |   |   | 5 
---|---|---|---|---|---|---|---|---|---
 6 |   |   |   |   |   |   |   |   | 6 
---|---|---|---|---|---|---|---|---|---
 7 |   |   |   |   |   |   |   |   | 7 
---|---|---|---|---|---|---|---|---|---
 8 |   |   |   |   |   |   |   |   | 8 
---|---|---|---|---|---|---|---|---|---
   | 1 | 2 | 3 | 4 | 5 | 6 | 7 | 8 |

It took 2 seconds to make this move...


Black to move
BEEEEEEEEEEEXEEEEEEOXOXEEEEOOOEEEEEEXOOEEEEEEEEEEEEEEEEEEEEEEEEEE
(5,2)
   | 1 | 2 | 3 | 4 | 5 | 6 | 7 | 8 |
---|---|---|---|---|---|---|---|---|---
 1 |   |   |   |   |   |   |   |   | 1 
---|---|---|---|---|---|---|---|---|---
 2 |   |   |   | X |   |   |   |   | 2 
---|---|---|---|---|---|---|---|---|---
 3 |   |   | 0 | X | 0 | X |   |   | 3 
---|---|---|---|---|---|---|---|---|---
 4 |   |   | X | 0 | 0 |   |   |   | 4 
---|---|---|---|---|---|---|---|---|---
 5 |   | X |   | X | 0 | 0 |   |   | 5 
---|---|---|---|---|---|---|---|---|---
 6 |   |   |   |   |   |   |   |   | 6 
---|---|---|---|---|---|---|---|---|---
 7 |   |   |   |   |   |   |   |   | 7 
---|---|---|---|---|---|---|---|---|---
 8 |   |   |   |   |   |   |   |   | 8 
---|---|---|---|---|---|---|---|---|---
   | 1 | 2 | 3 | 4 | 5 | 6 | 7 | 8 |

It took 0 seconds to make this move...


White to move
WEEEEEEEEEEEXEEEEEEOXOXEEEEXOOEEEEXEXOOEEEEEEEEEEEEEEEEEEEEEEEEEE
(1,4) Depth reached: 5, Nodes searched: 527
   | 1 | 2 | 3 | 4 | 5 | 6 | 7 | 8 |
---|---|---|---|---|---|---|---|---|---
 1 |   |   |   | 0 |   |   |   |   | 1 
---|---|---|---|---|---|---|---|---|---
 2 |   |   |   | 0 |   |   |   |   | 2 
---|---|---|---|---|---|---|---|---|---
 3 |   |   | 0 | 0 | 0 | X |   |   | 3 
---|---|---|---|---|---|---|---|---|---
 4 |   |   | X | 0 | 0 |   |   |   | 4 
---|---|---|---|---|---|---|---|---|---
 5 |   | X |   | X | 0 | 0 |   |   | 5 
---|---|---|---|---|---|---|---|---|---
 6 |   |   |   |   |   |   |   |   | 6 
---|---|---|---|---|---|---|---|---|---
 7 |   |   |   |   |   |   |   |   | 7 
---|---|---|---|---|---|---|---|---|---
 8 |   |   |   |   |   |   |   |   | 8 
---|---|---|---|---|---|---|---|---|---
   | 1 | 2 | 3 | 4 | 5 | 6 | 7 | 8 |

It took 2 seconds to make this move...


Black to move
BEEEOEEEEEEEOEEEEEEOOOXEEEEXOOEEEEXEXOOEEEEEEEEEEEEEEEEEEEEEEEEEE
(3,2)
   | 1 | 2 | 3 | 4 | 5 | 6 | 7 | 8 |
---|---|---|---|---|---|---|---|---|---
 1 |   |   |   | 0 |   |   |   |   | 1 
---|---|---|---|---|---|---|---|---|---
 2 |   |   |   | 0 |   |   |   |   | 2 
---|---|---|---|---|---|---|---|---|---
 3 |   | X | X | X | X | X |   |   | 3 
---|---|---|---|---|---|---|---|---|---
 4 |   |   | X | 0 | 0 |   |   |   | 4 
---|---|---|---|---|---|---|---|---|---
 5 |   | X |   | X | 0 | 0 |   |   | 5 
---|---|---|---|---|---|---|---|---|---
 6 |   |   |   |   |   |   |   |   | 6 
---|---|---|---|---|---|---|---|---|---
 7 |   |   |   |   |   |   |   |   | 7 
---|---|---|---|---|---|---|---|---|---
 8 |   |   |   |   |   |   |   |   | 8 
---|---|---|---|---|---|---|---|---|---
   | 1 | 2 | 3 | 4 | 5 | 6 | 7 | 8 |

It took 0 seconds to make this move...


White to move
WEEEOEEEEEEEOEEEEEXXXXXEEEEXOOEEEEXEXOOEEEEEEEEEEEEEEEEEEEEEEEEEE
(4,6) Depth reached: 4, Nodes searched: 2530
   | 1 | 2 | 3 | 4 | 5 | 6 | 7 | 8 |
---|---|---|---|---|---|---|---|---|---
 1 |   |   |   | 0 |   |   |   |   | 1 
---|---|---|---|---|---|---|---|---|---
 2 |   |   |   | 0 |   |   |   |   | 2 
---|---|---|---|---|---|---|---|---|---
 3 |   | X | X | X | 0 | X |   |   | 3 
---|---|---|---|---|---|---|---|---|---
 4 |   |   | X | 0 | 0 | 0 |   |   | 4 
---|---|---|---|---|---|---|---|---|---
 5 |   | X |   | X | 0 | 0 |   |   | 5 
---|---|---|---|---|---|---|---|---|---
 6 |   |   |   |   |   |   |   |   | 6 
---|---|---|---|---|---|---|---|---|---
 7 |   |   |   |   |   |   |   |   | 7 
---|---|---|---|---|---|---|---|---|---
 8 |   |   |   |   |   |   |   |   | 8 
---|---|---|---|---|---|---|---|---|---
   | 1 | 2 | 3 | 4 | 5 | 6 | 7 | 8 |

It took 1 seconds to make this move...


Black to move
BEEEOEEEEEEEOEEEEEXXXOXEEEEXOOOEEEXEXOOEEEEEEEEEEEEEEEEEEEEEEEEEE
(6,6)
   | 1 | 2 | 3 | 4 | 5 | 6 | 7 | 8 |
---|---|---|---|---|---|---|---|---|---
 1 |   |   |   | 0 |   |   |   |   | 1 
---|---|---|---|---|---|---|---|---|---
 2 |   |   |   | 0 |   |   |   |   | 2 
---|---|---|---|---|---|---|---|---|---
 3 |   | X | X | X | 0 | X |   |   | 3 
---|---|---|---|---|---|---|---|---|---
 4 |   |   | X | X | 0 | X |   |   | 4 
---|---|---|---|---|---|---|---|---|---
 5 |   | X |   | X | X | X |   |   | 5 
---|---|---|---|---|---|---|---|---|---
 6 |   |   |   |   |   | X |   |   | 6 
---|---|---|---|---|---|---|---|---|---
 7 |   |   |   |   |   |   |   |   | 7 
---|---|---|---|---|---|---|---|---|---
 8 |   |   |   |   |   |   |   |   | 8 
---|---|---|---|---|---|---|---|---|---
   | 1 | 2 | 3 | 4 | 5 | 6 | 7 | 8 |

It took 1 seconds to make this move...


White to move
WEEEOEEEEEEEOEEEEEXXXOXEEEEXXOXEEEXEXXXEEEEEEEXEEEEEEEEEEEEEEEEEE
(6,4) Depth reached: 4, Nodes searched: 2221
   | 1 | 2 | 3 | 4 | 5 | 6 | 7 | 8 |
---|---|---|---|---|---|---|---|---|---
 1 |   |   |   | 0 |   |   |   |   | 1 
---|---|---|---|---|---|---|---|---|---
 2 |   |   |   | 0 |   |   |   |   | 2 
---|---|---|---|---|---|---|---|---|---
 3 |   | X | X | 0 | 0 | X |   |   | 3 
---|---|---|---|---|---|---|---|---|---
 4 |   |   | X | 0 | 0 | X |   |   | 4 
---|---|---|---|---|---|---|---|---|---
 5 |   | X |   | 0 | X | X |   |   | 5 
---|---|---|---|---|---|---|---|---|---
 6 |   |   |   | 0 |   | X |   |   | 6 
---|---|---|---|---|---|---|---|---|---
 7 |   |   |   |   |   |   |   |   | 7 
---|---|---|---|---|---|---|---|---|---
 8 |   |   |   |   |   |   |   |   | 8 
---|---|---|---|---|---|---|---|---|---
   | 1 | 2 | 3 | 4 | 5 | 6 | 7 | 8 |

It took 2 seconds to make this move...


Black to move
BEEEOEEEEEEEOEEEEEXXOOXEEEEXOOXEEEXEOXXEEEEEOEXEEEEEEEEEEEEEEEEEE
(1,3)
   | 1 | 2 | 3 | 4 | 5 | 6 | 7 | 8 |
---|---|---|---|---|---|---|---|---|---
 1 |   |   | X | 0 |   |   |   |   | 1 
---|---|---|---|---|---|---|---|---|---
 2 |   |   |   | X |   |   |   |   | 2 
---|---|---|---|---|---|---|---|---|---
 3 |   | X | X | 0 | X | X |   |   | 3 
---|---|---|---|---|---|---|---|---|---
 4 |   |   | X | 0 | 0 | X |   |   | 4 
---|---|---|---|---|---|---|---|---|---
 5 |   | X |   | 0 | X | X |   |   | 5 
---|---|---|---|---|---|---|---|---|---
 6 |   |   |   | 0 |   | X |   |   | 6 
---|---|---|---|---|---|---|---|---|---
 7 |   |   |   |   |   |   |   |   | 7 
---|---|---|---|---|---|---|---|---|---
 8 |   |   |   |   |   |   |   |   | 8 
---|---|---|---|---|---|---|---|---|---
   | 1 | 2 | 3 | 4 | 5 | 6 | 7 | 8 |

It took 0 seconds to make this move...


White to move
WEEXOEEEEEEEXEEEEEXXOXXEEEEXOOXEEEXEOXXEEEEEOEXEEEEEEEEEEEEEEEEEE
(1,2) Depth reached: 4, Nodes searched: 2266
   | 1 | 2 | 3 | 4 | 5 | 6 | 7 | 8 |
---|---|---|---|---|---|---|---|---|---
 1 |   | 0 | 0 | 0 |   |   |   |   | 1 
---|---|---|---|---|---|---|---|---|---
 2 |   |   |   | X |   |   |   |   | 2 
---|---|---|---|---|---|---|---|---|---
 3 |   | X | X | 0 | X | X |   |   | 3 
---|---|---|---|---|---|---|---|---|---
 4 |   |   | X | 0 | 0 | X |   |   | 4 
---|---|---|---|---|---|---|---|---|---
 5 |   | X |   | 0 | X | X |   |   | 5 
---|---|---|---|---|---|---|---|---|---
 6 |   |   |   | 0 |   | X |   |   | 6 
---|---|---|---|---|---|---|---|---|---
 7 |   |   |   |   |   |   |   |   | 7 
---|---|---|---|---|---|---|---|---|---
 8 |   |   |   |   |   |   |   |   | 8 
---|---|---|---|---|---|---|---|---|---
   | 1 | 2 | 3 | 4 | 5 | 6 | 7 | 8 |

It took 2 seconds to make this move...


Black to move
BEOOOEEEEEEEXEEEEEXXOXXEEEEXOOXEEEXEOXXEEEEEOEXEEEEEEEEEEEEEEEEEE
(6,3)
   | 1 | 2 | 3 | 4 | 5 | 6 | 7 | 8 |
---|---|---|---|---|---|---|---|---|---
 1 |   | 0 | 0 | 0 |   |   |   |   | 1 
---|---|---|---|---|---|---|---|---|---
 2 |   |   |   | X |   |   |   |   | 2 
---|---|---|---|---|---|---|---|---|---
 3 |   | X | X | 0 | X | X |   |   | 3 
---|---|---|---|---|---|---|---|---|---
 4 |   |   | X | 0 | X | X |   |   | 4 
---|---|---|---|---|---|---|---|---|---
 5 |   | X |   | X | X | X |   |   | 5 
---|---|---|---|---|---|---|---|---|---
 6 |   |   | X | 0 |   | X |   |   | 6 
---|---|---|---|---|---|---|---|---|---
 7 |   |   |   |   |   |   |   |   | 7 
---|---|---|---|---|---|---|---|---|---
 8 |   |   |   |   |   |   |   |   | 8 
---|---|---|---|---|---|---|---|---|---
   | 1 | 2 | 3 | 4 | 5 | 6 | 7 | 8 |

It took 0 seconds to make this move...


White to move
WEOOOEEEEEEEXEEEEEXXOXXEEEEXOXXEEEXEXXXEEEEXOEXEEEEEEEEEEEEEEEEEE
(6,2) Depth reached: 4, Nodes searched: 1971
   | 1 | 2 | 3 | 4 | 5 | 6 | 7 | 8 |
---|---|---|---|---|---|---|---|---|---
 1 |   | 0 | 0 | 0 |   |   |   |   | 1 
---|---|---|---|---|---|---|---|---|---
 2 |   |   |   | X |   |   |   |   | 2 
---|---|---|---|---|---|---|---|---|---
 3 |   | X | X | 0 | X | X |   |   | 3 
---|---|---|---|---|---|---|---|---|---
 4 |   |   | X | 0 | X | X |   |   | 4 
---|---|---|---|---|---|---|---|---|---
 5 |   | X |   | X | X | X |   |   | 5 
---|---|---|---|---|---|---|---|---|---
 6 |   | 0 | 0 | 0 |   | X |   |   | 6 
---|---|---|---|---|---|---|---|---|---
 7 |   |   |   |   |   |   |   |   | 7 
---|---|---|---|---|---|---|---|---|---
 8 |   |   |   |   |   |   |   |   | 8 
---|---|---|---|---|---|---|---|---|---
   | 1 | 2 | 3 | 4 | 5 | 6 | 7 | 8 |

It took 2 seconds to make this move...


Black to move
BEOOOEEEEEEEXEEEEEXXOXXEEEEXOXXEEEXEXXXEEEOOOEXEEEEEEEEEEEEEEEEEE
(7,2)
   | 1 | 2 | 3 | 4 | 5 | 6 | 7 | 8 |
---|---|---|---|---|---|---|---|---|---
 1 |   | 0 | 0 | 0 |   |   |   |   | 1 
---|---|---|---|---|---|---|---|---|---
 2 |   |   |   | X |   |   |   |   | 2 
---|---|---|---|---|---|---|---|---|---
 3 |   | X | X | 0 | X | X |   |   | 3 
---|---|---|---|---|---|---|---|---|---
 4 |   |   | X | 0 | X | X |   |   | 4 
---|---|---|---|---|---|---|---|---|---
 5 |   | X |   | X | X | X |   |   | 5 
---|---|---|---|---|---|---|---|---|---
 6 |   | X | X | 0 |   | X |   |   | 6 
---|---|---|---|---|---|---|---|---|---
 7 |   | X |   |   |   |   |   |   | 7 
---|---|---|---|---|---|---|---|---|---
 8 |   |   |   |   |   |   |   |   | 8 
---|---|---|---|---|---|---|---|---|---
   | 1 | 2 | 3 | 4 | 5 | 6 | 7 | 8 |

It took 0 seconds to make this move...


White to move
WEOOOEEEEEEEXEEEEEXXOXXEEEEXOXXEEEXEXXXEEEXXOEXEEEXEEEEEEEEEEEEEE
(6,1) Depth reached: 4, Nodes searched: 2552
   | 1 | 2 | 3 | 4 | 5 | 6 | 7 | 8 |
---|---|---|---|---|---|---|---|---|---
 1 |   | 0 | 0 | 0 |   |   |   |   | 1 
---|---|---|---|---|---|---|---|---|---
 2 |   |   |   | X |   |   |   |   | 2 
---|---|---|---|---|---|---|---|---|---
 3 |   | X | X | 0 | X | X |   |   | 3 
---|---|---|---|---|---|---|---|---|---
 4 |   |   | 0 | 0 | X | X |   |   | 4 
---|---|---|---|---|---|---|---|---|---
 5 |   | 0 |   | X | X | X |   |   | 5 
---|---|---|---|---|---|---|---|---|---
 6 | 0 | 0 | 0 | 0 |   | X |   |   | 6 
---|---|---|---|---|---|---|---|---|---
 7 |   | X |   |   |   |   |   |   | 7 
---|---|---|---|---|---|---|---|---|---
 8 |   |   |   |   |   |   |   |   | 8 
---|---|---|---|---|---|---|---|---|---
   | 1 | 2 | 3 | 4 | 5 | 6 | 7 | 8 |

It took 2 seconds to make this move...


Black to move
BEOOOEEEEEEEXEEEEEXXOXXEEEEOOXXEEEOEXXXEEOOOOEXEEEXEEEEEEEEEEEEEE
(4,2)
   | 1 | 2 | 3 | 4 | 5 | 6 | 7 | 8 |
---|---|---|---|---|---|---|---|---|---
 1 |   | 0 | 0 | 0 |   |   |   |   | 1 
---|---|---|---|---|---|---|---|---|---
 2 |   |   |   | X |   |   |   |   | 2 
---|---|---|---|---|---|---|---|---|---
 3 |   | X | X | 0 | X | X |   |   | 3 
---|---|---|---|---|---|---|---|---|---
 4 |   | X | X | X | X | X |   |   | 4 
---|---|---|---|---|---|---|---|---|---
 5 |   | X |   | X | X | X |   |   | 5 
---|---|---|---|---|---|---|---|---|---
 6 | 0 | X | 0 | 0 |   | X |   |   | 6 
---|---|---|---|---|---|---|---|---|---
 7 |   | X |   |   |   |   |   |   | 7 
---|---|---|---|---|---|---|---|---|---
 8 |   |   |   |   |   |   |   |   | 8 
---|---|---|---|---|---|---|---|---|---
   | 1 | 2 | 3 | 4 | 5 | 6 | 7 | 8 |

It took 1 seconds to make this move...


White to move
WEOOOEEEEEEEXEEEEEXXOXXEEEXXXXXEEEXEXXXEEOXOOEXEEEXEEEEEEEEEEEEEE
(8,1) Depth reached: 5, Nodes searched: 1386
   | 1 | 2 | 3 | 4 | 5 | 6 | 7 | 8 |
---|---|---|---|---|---|---|---|---|---
 1 |   | 0 | 0 | 0 |   |   |   |   | 1 
---|---|---|---|---|---|---|---|---|---
 2 |   |   |   | X |   |   |   |   | 2 
---|---|---|---|---|---|---|---|---|---
 3 |   | X | X | 0 | X | X |   |   | 3 
---|---|---|---|---|---|---|---|---|---
 4 |   | X | X | X | X | X |   |   | 4 
---|---|---|---|---|---|---|---|---|---
 5 |   | X |   | X | X | X |   |   | 5 
---|---|---|---|---|---|---|---|---|---
 6 | 0 | X | 0 | 0 |   | X |   |   | 6 
---|---|---|---|---|---|---|---|---|---
 7 |   | 0 |   |   |   |   |   |   | 7 
---|---|---|---|---|---|---|---|---|---
 8 | 0 |   |   |   |   |   |   |   | 8 
---|---|---|---|---|---|---|---|---|---
   | 1 | 2 | 3 | 4 | 5 | 6 | 7 | 8 |

It took 2 seconds to make this move...


Black to move
BEOOOEEEEEEEXEEEEEXXOXXEEEXXXXXEEEXEXXXEEOXOOEXEEEOEEEEEEOEEEEEEE
(7,3)
   | 1 | 2 | 3 | 4 | 5 | 6 | 7 | 8 |
---|---|---|---|---|---|---|---|---|---
 1 |   | 0 | 0 | 0 |   |   |   |   | 1 
---|---|---|---|---|---|---|---|---|---
 2 |   |   |   | X |   |   |   |   | 2 
---|---|---|---|---|---|---|---|---|---
 3 |   | X | X | 0 | X | X |   |   | 3 
---|---|---|---|---|---|---|---|---|---
 4 |   | X | X | X | X | X |   |   | 4 
---|---|---|---|---|---|---|---|---|---
 5 |   | X |   | X | X | X |   |   | 5 
---|---|---|---|---|---|---|---|---|---
 6 | 0 | X | 0 | X |   | X |   |   | 6 
---|---|---|---|---|---|---|---|---|---
 7 |   | 0 | X |   |   |   |   |   | 7 
---|---|---|---|---|---|---|---|---|---
 8 | 0 |   |   |   |   |   |   |   | 8 
---|---|---|---|---|---|---|---|---|---
   | 1 | 2 | 3 | 4 | 5 | 6 | 7 | 8 |

It took 0 seconds to make this move...


White to move
WEOOOEEEEEEEXEEEEEXXOXXEEEXXXXXEEEXEXXXEEOXOXEXEEEOXEEEEEOEEEEEEE
(6,7) Depth reached: 4, Nodes searched: 2682
   | 1 | 2 | 3 | 4 | 5 | 6 | 7 | 8 |
---|---|---|---|---|---|---|---|---|---
 1 |   | 0 | 0 | 0 |   |   |   |   | 1 
---|---|---|---|---|---|---|---|---|---
 2 |   |   |   | X |   |   |   |   | 2 
---|---|---|---|---|---|---|---|---|---
 3 |   | X | X | 0 | X | X |   |   | 3 
---|---|---|---|---|---|---|---|---|---
 4 |   | X | X | X | 0 | X |   |   | 4 
---|---|---|---|---|---|---|---|---|---
 5 |   | X |   | X | X | 0 |   |   | 5 
---|---|---|---|---|---|---|---|---|---
 6 | 0 | X | 0 | X |   | X | 0 |   | 6 
---|---|---|---|---|---|---|---|---|---
 7 |   | 0 | X |   |   |   |   |   | 7 
---|---|---|---|---|---|---|---|---|---
 8 | 0 |   |   |   |   |   |   |   | 8 
---|---|---|---|---|---|---|---|---|---
   | 1 | 2 | 3 | 4 | 5 | 6 | 7 | 8 |

It took 2 seconds to make this move...


Black to move
BEOOOEEEEEEEXEEEEEXXOXXEEEXXXOXEEEXEXXOEEOXOXEXOEEOXEEEEEOEEEEEEE
(7,1)
   | 1 | 2 | 3 | 4 | 5 | 6 | 7 | 8 |
---|---|---|---|---|---|---|---|---|---
 1 |   | 0 | 0 | 0 |   |   |   |   | 1 
---|---|---|---|---|---|---|---|---|---
 2 |   |   |   | X |   |   |   |   | 2 
---|---|---|---|---|---|---|---|---|---
 3 |   | X | X | 0 | X | X |   |   | 3 
---|---|---|---|---|---|---|---|---|---
 4 |   | X | X | X | 0 | X |   |   | 4 
---|---|---|---|---|---|---|---|---|---
 5 |   | X |   | X | X | 0 |   |   | 5 
---|---|---|---|---|---|---|---|---|---
 6 | 0 | X | 0 | X |   | X | 0 |   | 6 
---|---|---|---|---|---|---|---|---|---
 7 | X | X | X |   |   |   |   |   | 7 
---|---|---|---|---|---|---|---|---|---
 8 | 0 |   |   |   |   |   |   |   | 8 
---|---|---|---|---|---|---|---|---|---
   | 1 | 2 | 3 | 4 | 5 | 6 | 7 | 8 |

It took 0 seconds to make this move...


White to move
WEOOOEEEEEEEXEEEEEXXOXXEEEXXXOXEEEXEXXOEEOXOXEXOEXXXEEEEEOEEEEEEE
(3,1) Depth reached: 4, Nodes searched: 2632
   | 1 | 2 | 3 | 4 | 5 | 6 | 7 | 8 |
---|---|---|---|---|---|---|---|---|---
 1 |   | 0 | 0 | 0 |   |   |   |   | 1 
---|---|---|---|---|---|---|---|---|---
 2 |   |   |   | X |   |   |   |   | 2 
---|---|---|---|---|---|---|---|---|---
 3 | 0 | 0 | 0 | 0 | X | X |   |   | 3 
---|---|---|---|---|---|---|---|---|---
 4 |   | X | X | X | 0 | X |   |   | 4 
---|---|---|---|---|---|---|---|---|---
 5 |   | X |   | X | X | 0 |   |   | 5 
---|---|---|---|---|---|---|---|---|---
 6 | 0 | X | 0 | X |   | X | 0 |   | 6 
---|---|---|---|---|---|---|---|---|---
 7 | X | X | X |   |   |   |   |   | 7 
---|---|---|---|---|---|---|---|---|---
 8 | 0 |   |   |   |   |   |   |   | 8 
---|---|---|---|---|---|---|---|---|---
   | 1 | 2 | 3 | 4 | 5 | 6 | 7 | 8 |

It took 2 seconds to make this move...


Black to move
BEOOOEEEEEEEXEEEEOOOOXXEEEXXXOXEEEXEXXOEEOXOXEXOEXXXEEEEEOEEEEEEE
(2,1)
   | 1 | 2 | 3 | 4 | 5 | 6 | 7 | 8 |
---|---|---|---|---|---|---|---|---|---
 1 |   | 0 | 0 | 0 |   |   |   |   | 1 
---|---|---|---|---|---|---|---|---|---
 2 | X |   |   | X |   |   |   |   | 2 
---|---|---|---|---|---|---|---|---|---
 3 | 0 | X | 0 | 0 | X | X |   |   | 3 
---|---|---|---|---|---|---|---|---|---
 4 |   | X | X | X | 0 | X |   |   | 4 
---|---|---|---|---|---|---|---|---|---
 5 |   | X |   | X | X | 0 |   |   | 5 
---|---|---|---|---|---|---|---|---|---
 6 | 0 | X | 0 | X |   | X | 0 |   | 6 
---|---|---|---|---|---|---|---|---|---
 7 | X | X | X |   |   |   |   |   | 7 
---|---|---|---|---|---|---|---|---|---
 8 | 0 |   |   |   |   |   |   |   | 8 
---|---|---|---|---|---|---|---|---|---
   | 1 | 2 | 3 | 4 | 5 | 6 | 7 | 8 |

It took 1 seconds to make this move...


White to move
WEOOOEEEEXEEXEEEEOXOOXXEEEXXXOXEEEXEXXOEEOXOXEXOEXXXEEEEEOEEEEEEE
(1,1) Depth reached: 4, Nodes searched: 3076
   | 1 | 2 | 3 | 4 | 5 | 6 | 7 | 8 |
---|---|---|---|---|---|---|---|---|---
 1 | 0 | 0 | 0 | 0 |   |   |   |   | 1 
---|---|---|---|---|---|---|---|---|---
 2 | 0 |   |   | X |   |   |   |   | 2 
---|---|---|---|---|---|---|---|---|---
 3 | 0 | X | 0 | 0 | X | X |   |   | 3 
---|---|---|---|---|---|---|---|---|---
 4 |   | X | X | X | 0 | X |   |   | 4 
---|---|---|---|---|---|---|---|---|---
 5 |   | X |   | X | X | 0 |   |   | 5 
---|---|---|---|---|---|---|---|---|---
 6 | 0 | X | 0 | X |   | X | 0 |   | 6 
---|---|---|---|---|---|---|---|---|---
 7 | X | X | X |   |   |   |   |   | 7 
---|---|---|---|---|---|---|---|---|---
 8 | 0 |   |   |   |   |   |   |   | 8 
---|---|---|---|---|---|---|---|---|---
   | 1 | 2 | 3 | 4 | 5 | 6 | 7 | 8 |

It took 2 seconds to make this move...


Black to move
BOOOOEEEEOEEXEEEEOXOOXXEEEXXXOXEEEXEXXOEEOXOXEXOEXXXEEEEEOEEEEEEE
(6,8)
   | 1 | 2 | 3 | 4 | 5 | 6 | 7 | 8 |
---|---|---|---|---|---|---|---|---|---
 1 | 0 | 0 | 0 | 0 |   |   |   |   | 1 
---|---|---|---|---|---|---|---|---|---
 2 | 0 |   |   | X |   |   |   |   | 2 
---|---|---|---|---|---|---|---|---|---
 3 | 0 | X | 0 | 0 | X | X |   |   | 3 
---|---|---|---|---|---|---|---|---|---
 4 |   | X | X | X | 0 | X |   |   | 4 
---|---|---|---|---|---|---|---|---|---
 5 |   | X |   | X | X | 0 |   |   | 5 
---|---|---|---|---|---|---|---|---|---
 6 | 0 | X | 0 | X |   | X | X | X | 6 
---|---|---|---|---|---|---|---|---|---
 7 | X | X | X |   |   |   |   |   | 7 
---|---|---|---|---|---|---|---|---|---
 8 | 0 |   |   |   |   |   |   |   | 8 
---|---|---|---|---|---|---|---|---|---
   | 1 | 2 | 3 | 4 | 5 | 6 | 7 | 8 |

It took 0 seconds to make this move...


White to move
WOOOOEEEEOEEXEEEEOXOOXXEEEXXXOXEEEXEXXOEEOXOXEXXXXXXEEEEEOEEEEEEE
(4,1) Depth reached: 4, Nodes searched: 3202
   | 1 | 2 | 3 | 4 | 5 | 6 | 7 | 8 |
---|---|---|---|---|---|---|---|---|---
 1 | 0 | 0 | 0 | 0 |   |   |   |   | 1 
---|---|---|---|---|---|---|---|---|---
 2 | 0 |   |   | X |   |   |   |   | 2 
---|---|---|---|---|---|---|---|---|---
 3 | 0 | X | 0 | 0 | X | X |   |   | 3 
---|---|---|---|---|---|---|---|---|---
 4 | 0 | 0 | 0 | 0 | 0 | X |   |   | 4 
---|---|---|---|---|---|---|---|---|---
 5 |   | 0 |   | X | X | 0 |   |   | 5 
---|---|---|---|---|---|---|---|---|---
 6 | 0 | X | 0 | X |   | X | X | X | 6 
---|---|---|---|---|---|---|---|---|---
 7 | X | X | X |   |   |   |   |   | 7 
---|---|---|---|---|---|---|---|---|---
 8 | 0 |   |   |   |   |   |   |   | 8 
---|---|---|---|---|---|---|---|---|---
   | 1 | 2 | 3 | 4 | 5 | 6 | 7 | 8 |

It took 2 seconds to make this move...


Black to move
BOOOOEEEEOEEXEEEEOXOOXXEEOOOOOXEEEOEXXOEEOXOXEXXXXXXEEEEEOEEEEEEE
(5,1)
   | 1 | 2 | 3 | 4 | 5 | 6 | 7 | 8 |
---|---|---|---|---|---|---|---|---|---
 1 | 0 | 0 | 0 | 0 |   |   |   |   | 1 
---|---|---|---|---|---|---|---|---|---
 2 | 0 |   |   | X |   |   |   |   | 2 
---|---|---|---|---|---|---|---|---|---
 3 | 0 | X | X | 0 | X | X |   |   | 3 
---|---|---|---|---|---|---|---|---|---
 4 | 0 | X | 0 | 0 | 0 | X |   |   | 4 
---|---|---|---|---|---|---|---|---|---
 5 | X | 0 |   | X | X | 0 |   |   | 5 
---|---|---|---|---|---|---|---|---|---
 6 | X | X | 0 | X |   | X | X | X | 6 
---|---|---|---|---|---|---|---|---|---
 7 | X | X | X |   |   |   |   |   | 7 
---|---|---|---|---|---|---|---|---|---
 8 | 0 |   |   |   |   |   |   |   | 8 
---|---|---|---|---|---|---|---|---|---
   | 1 | 2 | 3 | 4 | 5 | 6 | 7 | 8 |

It took 0 seconds to make this move...


White to move
WOOOOEEEEOEEXEEEEOXXOXXEEOXOOOXEEXOEXXOEEXXOXEXXXXXXEEEEEOEEEEEEE
(8,2) Depth reached: 4, Nodes searched: 3221
   | 1 | 2 | 3 | 4 | 5 | 6 | 7 | 8 |
---|---|---|---|---|---|---|---|---|---
 1 | 0 | 0 | 0 | 0 |   |   |   |   | 1 
---|---|---|---|---|---|---|---|---|---
 2 | 0 |   |   | X |   |   |   |   | 2 
---|---|---|---|---|---|---|---|---|---
 3 | 0 | X | X | 0 | X | X |   |   | 3 
---|---|---|---|---|---|---|---|---|---
 4 | 0 | X | 0 | 0 | 0 | X |   |   | 4 
---|---|---|---|---|---|---|---|---|---
 5 | X | 0 |   | X | X | 0 |   |   | 5 
---|---|---|---|---|---|---|---|---|---
 6 | X | 0 | 0 | X |   | X | X | X | 6 
---|---|---|---|---|---|---|---|---|---
 7 | X | 0 | X |   |   |   |   |   | 7 
---|---|---|---|---|---|---|---|---|---
 8 | 0 | 0 |   |   |   |   |   |   | 8 
---|---|---|---|---|---|---|---|---|---
   | 1 | 2 | 3 | 4 | 5 | 6 | 7 | 8 |

It took 2 seconds to make this move...


Black to move
BOOOOEEEEOEEXEEEEOXXOXXEEOXOOOXEEXOEXXOEEXOOXEXXXXOXEEEEEOOEEEEEE
(2,5)
   | 1 | 2 | 3 | 4 | 5 | 6 | 7 | 8 |
---|---|---|---|---|---|---|---|---|---
 1 | 0 | 0 | 0 | 0 |   |   |   |   | 1 
---|---|---|---|---|---|---|---|---|---
 2 | 0 |   |   | X | X |   |   |   | 2 
---|---|---|---|---|---|---|---|---|---
 3 | 0 | X | X | X | X | X |   |   | 3 
---|---|---|---|---|---|---|---|---|---
 4 | 0 | X | X | 0 | 0 | X |   |   | 4 
---|---|---|---|---|---|---|---|---|---
 5 | X | X |   | X | X | 0 |   |   | 5 
---|---|---|---|---|---|---|---|---|---
 6 | X | 0 | 0 | X |   | X | X | X | 6 
---|---|---|---|---|---|---|---|---|---
 7 | X | 0 | X |   |   |   |   |   | 7 
---|---|---|---|---|---|---|---|---|---
 8 | 0 | 0 |   |   |   |   |   |   | 8 
---|---|---|---|---|---|---|---|---|---
   | 1 | 2 | 3 | 4 | 5 | 6 | 7 | 8 |

It took 0 seconds to make this move...


White to move
WOOOOEEEEOEEXXEEEOXXXXXEEOXXOOXEEXXEXXOEEXOOXEXXXXOXEEEEEOOEEEEEE
(2,2) Depth reached: 4, Nodes searched: 3202
   | 1 | 2 | 3 | 4 | 5 | 6 | 7 | 8 |
---|---|---|---|---|---|---|---|---|---
 1 | 0 | 0 | 0 | 0 |   |   |   |   | 1 
---|---|---|---|---|---|---|---|---|---
 2 | 0 | 0 |   | X | X |   |   |   | 2 
---|---|---|---|---|---|---|---|---|---
 3 | 0 | 0 | 0 | X | X | X |   |   | 3 
---|---|---|---|---|---|---|---|---|---
 4 | 0 | 0 | X | 0 | 0 | X |   |   | 4 
---|---|---|---|---|---|---|---|---|---
 5 | X | 0 |   | X | X | 0 |   |   | 5 
---|---|---|---|---|---|---|---|---|---
 6 | X | 0 | 0 | X |   | X | X | X | 6 
---|---|---|---|---|---|---|---|---|---
 7 | X | 0 | X |   |   |   |   |   | 7 
---|---|---|---|---|---|---|---|---|---
 8 | 0 | 0 |   |   |   |   |   |   | 8 
---|---|---|---|---|---|---|---|---|---
   | 1 | 2 | 3 | 4 | 5 | 6 | 7 | 8 |

It took 2 seconds to make this move...


Black to move
BOOOOEEEEOOEXXEEEOOOXXXEEOOXOOXEEXOEXXOEEXOOXEXXXXOXEEEEEOOEEEEEE
(5,3)
   | 1 | 2 | 3 | 4 | 5 | 6 | 7 | 8 |
---|---|---|---|---|---|---|---|---|---
 1 | 0 | 0 | 0 | 0 |   |   |   |   | 1 
---|---|---|---|---|---|---|---|---|---
 2 | 0 | 0 |   | X | X |   |   |   | 2 
---|---|---|---|---|---|---|---|---|---
 3 | 0 | 0 | 0 | X | X | X |   |   | 3 
---|---|---|---|---|---|---|---|---|---
 4 | 0 | 0 | X | X | 0 | X |   |   | 4 
---|---|---|---|---|---|---|---|---|---
 5 | X | X | X | X | X | 0 |   |   | 5 
---|---|---|---|---|---|---|---|---|---
 6 | X | X | X | X |   | X | X | X | 6 
---|---|---|---|---|---|---|---|---|---
 7 | X | 0 | X |   |   |   |   |   | 7 
---|---|---|---|---|---|---|---|---|---
 8 | 0 | 0 |   |   |   |   |   |   | 8 
---|---|---|---|---|---|---|---|---|---
   | 1 | 2 | 3 | 4 | 5 | 6 | 7 | 8 |

It took 0 seconds to make this move...


White to move
WOOOOEEEEOOEXXEEEOOOXXXEEOOXXOXEEXXXXXOEEXXXXEXXXXOXEEEEEOOEEEEEE
(8,3) Depth reached: 5, Nodes searched: 1412
   | 1 | 2 | 3 | 4 | 5 | 6 | 7 | 8 |
---|---|---|---|---|---|---|---|---|---
 1 | 0 | 0 | 0 | 0 |   |   |   |   | 1 
---|---|---|---|---|---|---|---|---|---
 2 | 0 | 0 |   | X | X |   |   |   | 2 
---|---|---|---|---|---|---|---|---|---
 3 | 0 | 0 | 0 | X | X | X |   |   | 3 
---|---|---|---|---|---|---|---|---|---
 4 | 0 | 0 | 0 | X | 0 | X |   |   | 4 
---|---|---|---|---|---|---|---|---|---
 5 | X | X | 0 | X | X | 0 |   |   | 5 
---|---|---|---|---|---|---|---|---|---
 6 | X | X | 0 | X |   | X | X | X | 6 
---|---|---|---|---|---|---|---|---|---
 7 | X | 0 | 0 |   |   |   |   |   | 7 
---|---|---|---|---|---|---|---|---|---
 8 | 0 | 0 | 0 |   |   |   |   |   | 8 
---|---|---|---|---|---|---|---|---|---
   | 1 | 2 | 3 | 4 | 5 | 6 | 7 | 8 |

It took 2 seconds to make this move...


Black to move
BOOOOEEEEOOEXXEEEOOOXXXEEOOOXOXEEXXOXXOEEXXOXEXXXXOOEEEEEOOOEEEEE
(5,7)
   | 1 | 2 | 3 | 4 | 5 | 6 | 7 | 8 |
---|---|---|---|---|---|---|---|---|---
 1 | 0 | 0 | 0 | 0 |   |   |   |   | 1 
---|---|---|---|---|---|---|---|---|---
 2 | 0 | 0 |   | X | X |   |   |   | 2 
---|---|---|---|---|---|---|---|---|---
 3 | 0 | 0 | 0 | X | X | X |   |   | 3 
---|---|---|---|---|---|---|---|---|---
 4 | 0 | 0 | 0 | X | 0 | X |   |   | 4 
---|---|---|---|---|---|---|---|---|---
 5 | X | X | 0 | X | X | X | X |   | 5 
---|---|---|---|---|---|---|---|---|---
 6 | X | X | 0 | X |   | X | X | X | 6 
---|---|---|---|---|---|---|---|---|---
 7 | X | 0 | 0 |   |   |   |   |   | 7 
---|---|---|---|---|---|---|---|---|---
 8 | 0 | 0 | 0 |   |   |   |   |   | 8 
---|---|---|---|---|---|---|---|---|---
   | 1 | 2 | 3 | 4 | 5 | 6 | 7 | 8 |

It took 0 seconds to make this move...


White to move
WOOOOEEEEOOEXXEEEOOOXXXEEOOOXOXEEXXOXXXXEXXOXEXXXXOOEEEEEOOOEEEEE
(2,3) Depth reached: 5, Nodes searched: 1572
   | 1 | 2 | 3 | 4 | 5 | 6 | 7 | 8 |
---|---|---|---|---|---|---|---|---|---
 1 | 0 | 0 | 0 | 0 |   |   |   |   | 1 
---|---|---|---|---|---|---|---|---|---
 2 | 0 | 0 | 0 | X | X |   |   |   | 2 
---|---|---|---|---|---|---|---|---|---
 3 | 0 | 0 | 0 | 0 | X | X |   |   | 3 
---|---|---|---|---|---|---|---|---|---
 4 | 0 | 0 | 0 | X | 0 | X |   |   | 4 
---|---|---|---|---|---|---|---|---|---
 5 | X | X | 0 | X | X | X | X |   | 5 
---|---|---|---|---|---|---|---|---|---
 6 | X | X | 0 | X |   | X | X | X | 6 
---|---|---|---|---|---|---|---|---|---
 7 | X | 0 | 0 |   |   |   |   |   | 7 
---|---|---|---|---|---|---|---|---|---
 8 | 0 | 0 | 0 |   |   |   |   |   | 8 
---|---|---|---|---|---|---|---|---|---
   | 1 | 2 | 3 | 4 | 5 | 6 | 7 | 8 |

It took 1 seconds to make this move...


Black to move
BOOOOEEEEOOOXXEEEOOOOXXEEOOOXOXEEXXOXXXXEXXOXEXXXXOOEEEEEOOOEEEEE
(7,4)
   | 1 | 2 | 3 | 4 | 5 | 6 | 7 | 8 |
---|---|---|---|---|---|---|---|---|---
 1 | 0 | 0 | 0 | 0 |   |   |   |   | 1 
---|---|---|---|---|---|---|---|---|---
 2 | 0 | 0 | 0 | X | X |   |   |   | 2 
---|---|---|---|---|---|---|---|---|---
 3 | 0 | 0 | 0 | 0 | X | X |   |   | 3 
---|---|---|---|---|---|---|---|---|---
 4 | 0 | 0 | 0 | X | 0 | X |   |   | 4 
---|---|---|---|---|---|---|---|---|---
 5 | X | X | 0 | X | X | X | X |   | 5 
---|---|---|---|---|---|---|---|---|---
 6 | X | X | X | X |   | X | X | X | 6 
---|---|---|---|---|---|---|---|---|---
 7 | X | X | X | X |   |   |   |   | 7 
---|---|---|---|---|---|---|---|---|---
 8 | 0 | 0 | 0 |   |   |   |   |   | 8 
---|---|---|---|---|---|---|---|---|---
   | 1 | 2 | 3 | 4 | 5 | 6 | 7 | 8 |

It took 0 seconds to make this move...


White to move
WOOOOEEEEOOOXXEEEOOOOXXEEOOOXOXEEXXOXXXXEXXXXEXXXXXXXEEEEOOOEEEEE
(1,6) Depth reached: 5, Nodes searched: 2577
   | 1 | 2 | 3 | 4 | 5 | 6 | 7 | 8 |
---|---|---|---|---|---|---|---|---|---
 1 | 0 | 0 | 0 | 0 |   | 0 |   |   | 1 
---|---|---|---|---|---|---|---|---|---
 2 | 0 | 0 | 0 | X | 0 |   |   |   | 2 
---|---|---|---|---|---|---|---|---|---
 3 | 0 | 0 | 0 | 0 | X | X |   |   | 3 
---|---|---|---|---|---|---|---|---|---
 4 | 0 | 0 | 0 | X | 0 | X |   |   | 4 
---|---|---|---|---|---|---|---|---|---
 5 | X | X | 0 | X | X | X | X |   | 5 
---|---|---|---|---|---|---|---|---|---
 6 | X | X | X | X |   | X | X | X | 6 
---|---|---|---|---|---|---|---|---|---
 7 | X | X | X | X |   |   |   |   | 7 
---|---|---|---|---|---|---|---|---|---
 8 | 0 | 0 | 0 |   |   |   |   |   | 8 
---|---|---|---|---|---|---|---|---|---
   | 1 | 2 | 3 | 4 | 5 | 6 | 7 | 8 |

It took 2 seconds to make this move...


Black to move
BOOOOEOEEOOOXOEEEOOOOXXEEOOOXOXEEXXOXXXXEXXXXEXXXXXXXEEEEOOOEEEEE
(1,5)
   | 1 | 2 | 3 | 4 | 5 | 6 | 7 | 8 |
---|---|---|---|---|---|---|---|---|---
 1 | 0 | 0 | 0 | 0 | X | 0 |   |   | 1 
---|---|---|---|---|---|---|---|---|---
 2 | 0 | 0 | 0 | X | X |   |   |   | 2 
---|---|---|---|---|---|---|---|---|---
 3 | 0 | 0 | 0 | 0 | X | X |   |   | 3 
---|---|---|---|---|---|---|---|---|---
 4 | 0 | 0 | 0 | X | 0 | X |   |   | 4 
---|---|---|---|---|---|---|---|---|---
 5 | X | X | 0 | X | X | X | X |   | 5 
---|---|---|---|---|---|---|---|---|---
 6 | X | X | X | X |   | X | X | X | 6 
---|---|---|---|---|---|---|---|---|---
 7 | X | X | X | X |   |   |   |   | 7 
---|---|---|---|---|---|---|---|---|---
 8 | 0 | 0 | 0 |   |   |   |   |   | 8 
---|---|---|---|---|---|---|---|---|---
   | 1 | 2 | 3 | 4 | 5 | 6 | 7 | 8 |

It took 0 seconds to make this move...


White to move
WOOOOXOEEOOOXXEEEOOOOXXEEOOOXOXEEXXOXXXXEXXXXEXXXXXXXEEEEOOOEEEEE
(2,6) Depth reached: 6, Nodes searched: 834
   | 1 | 2 | 3 | 4 | 5 | 6 | 7 | 8 |
---|---|---|---|---|---|---|---|---|---
 1 | 0 | 0 | 0 | 0 | X | 0 |   |   | 1 
---|---|---|---|---|---|---|---|---|---
 2 | 0 | 0 | 0 | 0 | 0 | 0 |   |   | 2 
---|---|---|---|---|---|---|---|---|---
 3 | 0 | 0 | 0 | 0 | 0 | X |   |   | 3 
---|---|---|---|---|---|---|---|---|---
 4 | 0 | 0 | 0 | 0 | 0 | X |   |   | 4 
---|---|---|---|---|---|---|---|---|---
 5 | X | X | 0 | X | X | X | X |   | 5 
---|---|---|---|---|---|---|---|---|---
 6 | X | X | X | X |   | X | X | X | 6 
---|---|---|---|---|---|---|---|---|---
 7 | X | X | X | X |   |   |   |   | 7 
---|---|---|---|---|---|---|---|---|---
 8 | 0 | 0 | 0 |   |   |   |   |   | 8 
---|---|---|---|---|---|---|---|---|---
   | 1 | 2 | 3 | 4 | 5 | 6 | 7 | 8 |

It took 2 seconds to make this move...


Black to move
BOOOOXOEEOOOOOOEEOOOOOXEEOOOOOXEEXXOXXXXEXXXXEXXXXXXXEEEEOOOEEEEE
(1,7)
   | 1 | 2 | 3 | 4 | 5 | 6 | 7 | 8 |
---|---|---|---|---|---|---|---|---|---
 1 | 0 | 0 | 0 | 0 | X | X | X |   | 1 
---|---|---|---|---|---|---|---|---|---
 2 | 0 | 0 | 0 | 0 | 0 | X |   |   | 2 
---|---|---|---|---|---|---|---|---|---
 3 | 0 | 0 | 0 | 0 | X | X |   |   | 3 
---|---|---|---|---|---|---|---|---|---
 4 | 0 | 0 | 0 | X | 0 | X |   |   | 4 
---|---|---|---|---|---|---|---|---|---
 5 | X | X | X | X | X | X | X |   | 5 
---|---|---|---|---|---|---|---|---|---
 6 | X | X | X | X |   | X | X | X | 6 
---|---|---|---|---|---|---|---|---|---
 7 | X | X | X | X |   |   |   |   | 7 
---|---|---|---|---|---|---|---|---|---
 8 | 0 | 0 | 0 |   |   |   |   |   | 8 
---|---|---|---|---|---|---|---|---|---
   | 1 | 2 | 3 | 4 | 5 | 6 | 7 | 8 |

It took 0 seconds to make this move...


White to move
WOOOOXXXEOOOOOXEEOOOOXXEEOOOXOXEEXXXXXXXEXXXXEXXXXXXXEEEEOOOEEEEE
(8,5) Depth reached: 6, Nodes searched: 2539
   | 1 | 2 | 3 | 4 | 5 | 6 | 7 | 8 |
---|---|---|---|---|---|---|---|---|---
 1 | 0 | 0 | 0 | 0 | X | X | X |   | 1 
---|---|---|---|---|---|---|---|---|---
 2 | 0 | 0 | 0 | 0 | 0 | X |   |   | 2 
---|---|---|---|---|---|---|---|---|---
 3 | 0 | 0 | 0 | 0 | X | X |   |   | 3 
---|---|---|---|---|---|---|---|---|---
 4 | 0 | 0 | 0 | X | 0 | X |   |   | 4 
---|---|---|---|---|---|---|---|---|---
 5 | X | 0 | X | X | X | X | X |   | 5 
---|---|---|---|---|---|---|---|---|---
 6 | X | X | 0 | X |   | X | X | X | 6 
---|---|---|---|---|---|---|---|---|---
 7 | X | X | X | 0 |   |   |   |   | 7 
---|---|---|---|---|---|---|---|---|---
 8 | 0 | 0 | 0 |   | 0 |   |   |   | 8 
---|---|---|---|---|---|---|---|---|---
   | 1 | 2 | 3 | 4 | 5 | 6 | 7 | 8 |

It took 2 seconds to make this move...


Black to move
BOOOOXXXEOOOOOXEEOOOOXXEEOOOXOXEEXOXXXXXEXXOXEXXXXXXOEEEEOOOEOEEE
(7,5)
   | 1 | 2 | 3 | 4 | 5 | 6 | 7 | 8 |
---|---|---|---|---|---|---|---|---|---
 1 | 0 | 0 | 0 | 0 | X | X | X |   | 1 
---|---|---|---|---|---|---|---|---|---
 2 | 0 | 0 | 0 | 0 | 0 | X |   |   | 2 
---|---|---|---|---|---|---|---|---|---
 3 | 0 | 0 | 0 | 0 | X | X |   |   | 3 
---|---|---|---|---|---|---|---|---|---
 4 | 0 | 0 | 0 | X | 0 | X |   |   | 4 
---|---|---|---|---|---|---|---|---|---
 5 | X | 0 | X | X | X | X | X |   | 5 
---|---|---|---|---|---|---|---|---|---
 6 | X | X | 0 | X |   | X | X | X | 6 
---|---|---|---|---|---|---|---|---|---
 7 | X | X | X | X | X |   |   |   | 7 
---|---|---|---|---|---|---|---|---|---
 8 | 0 | 0 | 0 |   | 0 |   |   |   | 8 
---|---|---|---|---|---|---|---|---|---
   | 1 | 2 | 3 | 4 | 5 | 6 | 7 | 8 |

It took 0 seconds to make this move...


White to move
WOOOOXXXEOOOOOXEEOOOOXXEEOOOXOXEEXOXXXXXEXXOXEXXXXXXXXEEEOOOEOEEE
(1,8) Depth reached: 6, Nodes searched: 4271
   | 1 | 2 | 3 | 4 | 5 | 6 | 7 | 8 |
---|---|---|---|---|---|---|---|---|---
 1 | 0 | 0 | 0 | 0 | 0 | 0 | 0 | 0 | 1 
---|---|---|---|---|---|---|---|---|---
 2 | 0 | 0 | 0 | 0 | 0 | X |   |   | 2 
---|---|---|---|---|---|---|---|---|---
 3 | 0 | 0 | 0 | 0 | X | X |   |   | 3 
---|---|---|---|---|---|---|---|---|---
 4 | 0 | 0 | 0 | X | 0 | X |   |   | 4 
---|---|---|---|---|---|---|---|---|---
 5 | X | 0 | X | X | X | X | X |   | 5 
---|---|---|---|---|---|---|---|---|---
 6 | X | X | 0 | X |   | X | X | X | 6 
---|---|---|---|---|---|---|---|---|---
 7 | X | X | X | X | X |   |   |   | 7 
---|---|---|---|---|---|---|---|---|---
 8 | 0 | 0 | 0 |   | 0 |   |   |   | 8 
---|---|---|---|---|---|---|---|---|---
   | 1 | 2 | 3 | 4 | 5 | 6 | 7 | 8 |

It took 2 seconds to make this move...


Black to move
BOOOOOOOOOOOOOXEEOOOOXXEEOOOXOXEEXOXXXXXEXXOXEXXXXXXXXEEEOOOEOEEE
pass
   | 1 | 2 | 3 | 4 | 5 | 6 | 7 | 8 |
---|---|---|---|---|---|---|---|---|---
 1 | 0 | 0 | 0 | 0 | 0 | 0 | 0 | 0 | 1 
---|---|---|---|---|---|---|---|---|---
 2 | 0 | 0 | 0 | 0 | 0 | X |   |   | 2 
---|---|---|---|---|---|---|---|---|---
 3 | 0 | 0 | 0 | 0 | X | X |   |   | 3 
---|---|---|---|---|---|---|---|---|---
 4 | 0 | 0 | 0 | X | 0 | X |   |   | 4 
---|---|---|---|---|---|---|---|---|---
 5 | X | 0 | X | X | X | X | X |   | 5 
---|---|---|---|---|---|---|---|---|---
 6 | X | X | 0 | X |   | X | X | X | 6 
---|---|---|---|---|---|---|---|---|---
 7 | X | X | X | X | X |   |   |   | 7 
---|---|---|---|---|---|---|---|---|---
 8 | 0 | 0 | 0 |   | 0 |   |   |   | 8 
---|---|---|---|---|---|---|---|---|---
   | 1 | 2 | 3 | 4 | 5 | 6 | 7 | 8 |

It took 0 seconds to make this move...


White to move
WOOOOOOOOOOOOOXEEOOOOXXEEOOOXOXEEXOXXXXXEXXOXEXXXXXXXXEEEOOOEOEEE
(8,4) Depth reached: 6, Nodes searched: 5124
   | 1 | 2 | 3 | 4 | 5 | 6 | 7 | 8 |
---|---|---|---|---|---|---|---|---|---
 1 | 0 | 0 | 0 | 0 | 0 | 0 | 0 | 0 | 1 
---|---|---|---|---|---|---|---|---|---
 2 | 0 | 0 | 0 | 0 | 0 | X |   |   | 2 
---|---|---|---|---|---|---|---|---|---
 3 | 0 | 0 | 0 | 0 | X | X |   |   | 3 
---|---|---|---|---|---|---|---|---|---
 4 | 0 | 0 | 0 | 0 | 0 | X |   |   | 4 
---|---|---|---|---|---|---|---|---|---
 5 | X | 0 | X | 0 | X | X | X |   | 5 
---|---|---|---|---|---|---|---|---|---
 6 | X | X | 0 | 0 |   | X | X | X | 6 
---|---|---|---|---|---|---|---|---|---
 7 | X | X | X | 0 | X |   |   |   | 7 
---|---|---|---|---|---|---|---|---|---
 8 | 0 | 0 | 0 | 0 | 0 |   |   |   | 8 
---|---|---|---|---|---|---|---|---|---
   | 1 | 2 | 3 | 4 | 5 | 6 | 7 | 8 |

It took 2 seconds to make this move...


Black to move
BOOOOOOOOOOOOOXEEOOOOXXEEOOOOOXEEXOXOXXXEXXOOEXXXXXXOXEEEOOOOOEEE
(6,5)
   | 1 | 2 | 3 | 4 | 5 | 6 | 7 | 8 |
---|---|---|---|---|---|---|---|---|---
 1 | 0 | 0 | 0 | 0 | 0 | 0 | 0 | 0 | 1 
---|---|---|---|---|---|---|---|---|---
 2 | 0 | 0 | 0 | 0 | 0 | X |   |   | 2 
---|---|---|---|---|---|---|---|---|---
 3 | 0 | 0 | 0 | 0 | X | X |   |   | 3 
---|---|---|---|---|---|---|---|---|---
 4 | 0 | 0 | 0 | 0 | 0 | X |   |   | 4 
---|---|---|---|---|---|---|---|---|---
 5 | X | 0 | X | 0 | X | X | X |   | 5 
---|---|---|---|---|---|---|---|---|---
 6 | X | X | X | X | X | X | X | X | 6 
---|---|---|---|---|---|---|---|---|---
 7 | X | X | X | 0 | X |   |   |   | 7 
---|---|---|---|---|---|---|---|---|---
 8 | 0 | 0 | 0 | 0 | 0 |   |   |   | 8 
---|---|---|---|---|---|---|---|---|---
   | 1 | 2 | 3 | 4 | 5 | 6 | 7 | 8 |

It took 0 seconds to make this move...


White to move
WOOOOOOOOOOOOOXEEOOOOXXEEOOOOOXEEXOXOXXXEXXXXXXXXXXXOXEEEOOOOOEEE
(8,6) Depth reached: 7, Nodes searched: 431
   | 1 | 2 | 3 | 4 | 5 | 6 | 7 | 8 |
---|---|---|---|---|---|---|---|---|---
 1 | 0 | 0 | 0 | 0 | 0 | 0 | 0 | 0 | 1 
---|---|---|---|---|---|---|---|---|---
 2 | 0 | 0 | 0 | 0 | 0 | X |   |   | 2 
---|---|---|---|---|---|---|---|---|---
 3 | 0 | 0 | 0 | 0 | X | X |   |   | 3 
---|---|---|---|---|---|---|---|---|---
 4 | 0 | 0 | 0 | 0 | 0 | X |   |   | 4 
---|---|---|---|---|---|---|---|---|---
 5 | X | 0 | 0 | 0 | X | X | X |   | 5 
---|---|---|---|---|---|---|---|---|---
 6 | X | X | X | 0 | X | X | X | X | 6 
---|---|---|---|---|---|---|---|---|---
 7 | X | X | X | 0 | 0 |   |   |   | 7 
---|---|---|---|---|---|---|---|---|---
 8 | 0 | 0 | 0 | 0 | 0 | 0 |   |   | 8 
---|---|---|---|---|---|---|---|---|---
   | 1 | 2 | 3 | 4 | 5 | 6 | 7 | 8 |

It took 2 seconds to make this move...


Black to move
BOOOOOOOOOOOOOXEEOOOOXXEEOOOOOXEEXOOOXXXEXXXOXXXXXXXOOEEEOOOOOOEE
(7,6)
   | 1 | 2 | 3 | 4 | 5 | 6 | 7 | 8 |
---|---|---|---|---|---|---|---|---|---
 1 | 0 | 0 | 0 | 0 | 0 | 0 | 0 | 0 | 1 
---|---|---|---|---|---|---|---|---|---
 2 | 0 | 0 | 0 | 0 | 0 | X |   |   | 2 
---|---|---|---|---|---|---|---|---|---
 3 | 0 | 0 | 0 | 0 | X | X |   |   | 3 
---|---|---|---|---|---|---|---|---|---
 4 | 0 | 0 | 0 | 0 | 0 | X |   |   | 4 
---|---|---|---|---|---|---|---|---|---
 5 | X | 0 | 0 | 0 | X | X | X |   | 5 
---|---|---|---|---|---|---|---|---|---
 6 | X | X | X | 0 | X | X | X | X | 6 
---|---|---|---|---|---|---|---|---|---
 7 | X | X | X | X | X | X |   |   | 7 
---|---|---|---|---|---|---|---|---|---
 8 | 0 | 0 | 0 | 0 | 0 | 0 |   |   | 8 
---|---|---|---|---|---|---|---|---|---
   | 1 | 2 | 3 | 4 | 5 | 6 | 7 | 8 |

It took 0 seconds to make this move...


White to move
WOOOOOOOOOOOOOXEEOOOOXXEEOOOOOXEEXOOOXXXEXXXOXXXXXXXXXXEEOOOOOOEE
(8,7) Depth reached: 8, Nodes searched: 1190
   | 1 | 2 | 3 | 4 | 5 | 6 | 7 | 8 |
---|---|---|---|---|---|---|---|---|---
 1 | 0 | 0 | 0 | 0 | 0 | 0 | 0 | 0 | 1 
---|---|---|---|---|---|---|---|---|---
 2 | 0 | 0 | 0 | 0 | 0 | X |   |   | 2 
---|---|---|---|---|---|---|---|---|---
 3 | 0 | 0 | 0 | 0 | X | X |   |   | 3 
---|---|---|---|---|---|---|---|---|---
 4 | 0 | 0 | 0 | 0 | 0 | X |   |   | 4 
---|---|---|---|---|---|---|---|---|---
 5 | X | 0 | 0 | 0 | X | X | X |   | 5 
---|---|---|---|---|---|---|---|---|---
 6 | X | X | X | 0 | 0 | X | X | X | 6 
---|---|---|---|---|---|---|---|---|---
 7 | X | X | X | X | X | 0 |   |   | 7 
---|---|---|---|---|---|---|---|---|---
 8 | 0 | 0 | 0 | 0 | 0 | 0 | 0 |   | 8 
---|---|---|---|---|---|---|---|---|---
   | 1 | 2 | 3 | 4 | 5 | 6 | 7 | 8 |

It took 2 seconds to make this move...


Black to move
BOOOOOOOOOOOOOXEEOOOOXXEEOOOOOXEEXOOOXXXEXXXOOXXXXXXXXOEEOOOOOOOE
(7,7)
   | 1 | 2 | 3 | 4 | 5 | 6 | 7 | 8 |
---|---|---|---|---|---|---|---|---|---
 1 | 0 | 0 | 0 | 0 | 0 | 0 | 0 | 0 | 1 
---|---|---|---|---|---|---|---|---|---
 2 | 0 | 0 | 0 | 0 | 0 | X |   |   | 2 
---|---|---|---|---|---|---|---|---|---
 3 | 0 | 0 | 0 | 0 | X | X |   |   | 3 
---|---|---|---|---|---|---|---|---|---
 4 | 0 | 0 | 0 | 0 | 0 | X |   |   | 4 
---|---|---|---|---|---|---|---|---|---
 5 | X | 0 | 0 | 0 | X | X | X |   | 5 
---|---|---|---|---|---|---|---|---|---
 6 | X | X | X | 0 | 0 | X | X | X | 6 
---|---|---|---|---|---|---|---|---|---
 7 | X | X | X | X | X | X | X |   | 7 
---|---|---|---|---|---|---|---|---|---
 8 | 0 | 0 | 0 | 0 | 0 | 0 | 0 |   | 8 
---|---|---|---|---|---|---|---|---|---
   | 1 | 2 | 3 | 4 | 5 | 6 | 7 | 8 |

It took 0 seconds to make this move...


White to move
WOOOOOOOOOOOOOXEEOOOOXXEEOOOOOXEEXOOOXXXEXXXOOXXXXXXXXXXEOOOOOOOE
(2,7) Depth reached: 16, Nodes searched: 1875
   | 1 | 2 | 3 | 4 | 5 | 6 | 7 | 8 |
---|---|---|---|---|---|---|---|---|---
 1 | 0 | 0 | 0 | 0 | 0 | 0 | 0 | 0 | 1 
---|---|---|---|---|---|---|---|---|---
 2 | 0 | 0 | 0 | 0 | 0 | 0 | 0 |   | 2 
---|---|---|---|---|---|---|---|---|---
 3 | 0 | 0 | 0 | 0 | X | 0 |   |   | 3 
---|---|---|---|---|---|---|---|---|---
 4 | 0 | 0 | 0 | 0 | 0 | X |   |   | 4 
---|---|---|---|---|---|---|---|---|---
 5 | X | 0 | 0 | 0 | X | X | X |   | 5 
---|---|---|---|---|---|---|---|---|---
 6 | X | X | X | 0 | 0 | X | X | X | 6 
---|---|---|---|---|---|---|---|---|---
 7 | X | X | X | X | X | X | X |   | 7 
---|---|---|---|---|---|---|---|---|---
 8 | 0 | 0 | 0 | 0 | 0 | 0 | 0 |   | 8 
---|---|---|---|---|---|---|---|---|---
   | 1 | 2 | 3 | 4 | 5 | 6 | 7 | 8 |

It took 2 seconds to make this move...


Black to move
BOOOOOOOOOOOOOOOEOOOOXOEEOOOOOXEEXOOOXXXEXXXOOXXXXXXXXXXEOOOOOOOE
(3,7)
   | 1 | 2 | 3 | 4 | 5 | 6 | 7 | 8 |
---|---|---|---|---|---|---|---|---|---
 1 | 0 | 0 | 0 | 0 | 0 | 0 | 0 | 0 | 1 
---|---|---|---|---|---|---|---|---|---
 2 | 0 | 0 | 0 | 0 | 0 | 0 | 0 |   | 2 
---|---|---|---|---|---|---|---|---|---
 3 | 0 | 0 | 0 | 0 | X | X | X |   | 3 
---|---|---|---|---|---|---|---|---|---
 4 | 0 | 0 | 0 | 0 | 0 | X |   |   | 4 
---|---|---|---|---|---|---|---|---|---
 5 | X | 0 | 0 | 0 | X | X | X |   | 5 
---|---|---|---|---|---|---|---|---|---
 6 | X | X | X | 0 | 0 | X | X | X | 6 
---|---|---|---|---|---|---|---|---|---
 7 | X | X | X | X | X | X | X |   | 7 
---|---|---|---|---|---|---|---|---|---
 8 | 0 | 0 | 0 | 0 | 0 | 0 | 0 |   | 8 
---|---|---|---|---|---|---|---|---|---
   | 1 | 2 | 3 | 4 | 5 | 6 | 7 | 8 |

It took 0 seconds to make this move...


White to move
WOOOOOOOOOOOOOOOEOOOOXXXEOOOOOXEEXOOOXXXEXXXOOXXXXXXXXXXEOOOOOOOE
(2,8) Depth reached: 31, Nodes searched: 952
   | 1 | 2 | 3 | 4 | 5 | 6 | 7 | 8 |
---|---|---|---|---|---|---|---|---|---
 1 | 0 | 0 | 0 | 0 | 0 | 0 | 0 | 0 | 1 
---|---|---|---|---|---|---|---|---|---
 2 | 0 | 0 | 0 | 0 | 0 | 0 | 0 | 0 | 2 
---|---|---|---|---|---|---|---|---|---
 3 | 0 | 0 | 0 | 0 | X | X | 0 |   | 3 
---|---|---|---|---|---|---|---|---|---
 4 | 0 | 0 | 0 | 0 | 0 | 0 |   |   | 4 
---|---|---|---|---|---|---|---|---|---
 5 | X | 0 | 0 | 0 | 0 | X | X |   | 5 
---|---|---|---|---|---|---|---|---|---
 6 | X | X | X | 0 | 0 | X | X | X | 6 
---|---|---|---|---|---|---|---|---|---
 7 | X | X | X | X | X | X | X |   | 7 
---|---|---|---|---|---|---|---|---|---
 8 | 0 | 0 | 0 | 0 | 0 | 0 | 0 |   | 8 
---|---|---|---|---|---|---|---|---|---
   | 1 | 2 | 3 | 4 | 5 | 6 | 7 | 8 |

It took 2 seconds to make this move...


Black to move
BOOOOOOOOOOOOOOOOOOOOXXOEOOOOOOEEXOOOOXXEXXXOOXXXXXXXXXXEOOOOOOOE
(3,8)
   | 1 | 2 | 3 | 4 | 5 | 6 | 7 | 8 |
---|---|---|---|---|---|---|---|---|---
 1 | 0 | 0 | 0 | 0 | 0 | 0 | 0 | 0 | 1 
---|---|---|---|---|---|---|---|---|---
 2 | 0 | 0 | 0 | 0 | 0 | 0 | 0 | 0 | 2 
---|---|---|---|---|---|---|---|---|---
 3 | 0 | 0 | 0 | 0 | X | X | X | X | 3 
---|---|---|---|---|---|---|---|---|---
 4 | 0 | 0 | 0 | 0 | 0 | 0 |   |   | 4 
---|---|---|---|---|---|---|---|---|---
 5 | X | 0 | 0 | 0 | 0 | X | X |   | 5 
---|---|---|---|---|---|---|---|---|---
 6 | X | X | X | 0 | 0 | X | X | X | 6 
---|---|---|---|---|---|---|---|---|---
 7 | X | X | X | X | X | X | X |   | 7 
---|---|---|---|---|---|---|---|---|---
 8 | 0 | 0 | 0 | 0 | 0 | 0 | 0 |   | 8 
---|---|---|---|---|---|---|---|---|---
   | 1 | 2 | 3 | 4 | 5 | 6 | 7 | 8 |

It took 0 seconds to make this move...


White to move
WOOOOOOOOOOOOOOOOOOOOXXXXOOOOOOEEXOOOOXXEXXXOOXXXXXXXXXXEOOOOOOOE
(4,8) Depth reached: 92, Nodes searched: 1450
   | 1 | 2 | 3 | 4 | 5 | 6 | 7 | 8 |
---|---|---|---|---|---|---|---|---|---
 1 | 0 | 0 | 0 | 0 | 0 | 0 | 0 | 0 | 1 
---|---|---|---|---|---|---|---|---|---
 2 | 0 | 0 | 0 | 0 | 0 | 0 | 0 | 0 | 2 
---|---|---|---|---|---|---|---|---|---
 3 | 0 | 0 | 0 | 0 | X | X | 0 | 0 | 3 
---|---|---|---|---|---|---|---|---|---
 4 | 0 | 0 | 0 | 0 | 0 | 0 |   | 0 | 4 
---|---|---|---|---|---|---|---|---|---
 5 | X | 0 | 0 | 0 | 0 | X | 0 |   | 5 
---|---|---|---|---|---|---|---|---|---
 6 | X | X | X | 0 | 0 | 0 | X | X | 6 
---|---|---|---|---|---|---|---|---|---
 7 | X | X | X | X | 0 | X | X |   | 7 
---|---|---|---|---|---|---|---|---|---
 8 | 0 | 0 | 0 | 0 | 0 | 0 | 0 |   | 8 
---|---|---|---|---|---|---|---|---|---
   | 1 | 2 | 3 | 4 | 5 | 6 | 7 | 8 |

It took 2 seconds to make this move...


Black to move
BOOOOOOOOOOOOOOOOOOOOXXOOOOOOOOEOXOOOOXOEXXXOOOXXXXXXOXXEOOOOOOOE
(4,7)
   | 1 | 2 | 3 | 4 | 5 | 6 | 7 | 8 |
---|---|---|---|---|---|---|---|---|---
 1 | 0 | 0 | 0 | 0 | 0 | 0 | 0 | 0 | 1 
---|---|---|---|---|---|---|---|---|---
 2 | 0 | 0 | 0 | 0 | 0 | 0 | 0 | 0 | 2 
---|---|---|---|---|---|---|---|---|---
 3 | 0 | 0 | 0 | 0 | X | X | 0 | 0 | 3 
---|---|---|---|---|---|---|---|---|---
 4 | 0 | 0 | 0 | 0 | 0 | 0 | X | 0 | 4 
---|---|---|---|---|---|---|---|---|---
 5 | X | 0 | 0 | 0 | 0 | X | X |   | 5 
---|---|---|---|---|---|---|---|---|---
 6 | X | X | X | 0 | 0 | 0 | X | X | 6 
---|---|---|---|---|---|---|---|---|---
 7 | X | X | X | X | 0 | X | X |   | 7 
---|---|---|---|---|---|---|---|---|---
 8 | 0 | 0 | 0 | 0 | 0 | 0 | 0 |   | 8 
---|---|---|---|---|---|---|---|---|---
   | 1 | 2 | 3 | 4 | 5 | 6 | 7 | 8 |

It took 0 seconds to make this move...


White to move
WOOOOOOOOOOOOOOOOOOOOXXOOOOOOOOXOXOOOOXXEXXXOOOXXXXXXOXXEOOOOOOOE
(8,8) Depth reached: 195, Nodes searched: 98
   | 1 | 2 | 3 | 4 | 5 | 6 | 7 | 8 |
---|---|---|---|---|---|---|---|---|---
 1 | 0 | 0 | 0 | 0 | 0 | 0 | 0 | 0 | 1 
---|---|---|---|---|---|---|---|---|---
 2 | 0 | 0 | 0 | 0 | 0 | 0 | 0 | 0 | 2 
---|---|---|---|---|---|---|---|---|---
 3 | 0 | 0 | 0 | 0 | X | X | 0 | 0 | 3 
---|---|---|---|---|---|---|---|---|---
 4 | 0 | 0 | 0 | 0 | 0 | 0 | X | 0 | 4 
---|---|---|---|---|---|---|---|---|---
 5 | X | 0 | 0 | 0 | 0 | X | X |   | 5 
---|---|---|---|---|---|---|---|---|---
 6 | X | X | X | 0 | 0 | 0 | X | X | 6 
---|---|---|---|---|---|---|---|---|---
 7 | X | X | X | X | 0 | X | 0 |   | 7 
---|---|---|---|---|---|---|---|---|---
 8 | 0 | 0 | 0 | 0 | 0 | 0 | 0 | 0 | 8 
---|---|---|---|---|---|---|---|---|---
   | 1 | 2 | 3 | 4 | 5 | 6 | 7 | 8 |

It took 2 seconds to make this move...


Black to move
BOOOOOOOOOOOOOOOOOOOOXXOOOOOOOOXOXOOOOXXEXXXOOOXXXXXXOXOEOOOOOOOO
(7,8)
   | 1 | 2 | 3 | 4 | 5 | 6 | 7 | 8 |
---|---|---|---|---|---|---|---|---|---
 1 | 0 | 0 | 0 | 0 | 0 | 0 | 0 | 0 | 1 
---|---|---|---|---|---|---|---|---|---
 2 | 0 | 0 | 0 | 0 | 0 | 0 | 0 | 0 | 2 
---|---|---|---|---|---|---|---|---|---
 3 | 0 | 0 | 0 | 0 | X | X | 0 | 0 | 3 
---|---|---|---|---|---|---|---|---|---
 4 | 0 | 0 | 0 | 0 | 0 | 0 | X | 0 | 4 
---|---|---|---|---|---|---|---|---|---
 5 | X | 0 | 0 | 0 | 0 | X | X |   | 5 
---|---|---|---|---|---|---|---|---|---
 6 | X | X | X | 0 | 0 | 0 | X | X | 6 
---|---|---|---|---|---|---|---|---|---
 7 | X | X | X | X | 0 | X | X | X | 7 
---|---|---|---|---|---|---|---|---|---
 8 | 0 | 0 | 0 | 0 | 0 | 0 | 0 | 0 | 8 
---|---|---|---|---|---|---|---|---|---
   | 1 | 2 | 3 | 4 | 5 | 6 | 7 | 8 |

It took 0 seconds to make this move...


White to move
WOOOOOOOOOOOOOOOOOOOOXXOOOOOOOOXOXOOOOXXEXXXOOOXXXXXXOXXXOOOOOOOO
(5,8) Depth reached: 418, Nodes searched: 419
   | 1 | 2 | 3 | 4 | 5 | 6 | 7 | 8 |
---|---|---|---|---|---|---|---|---|---
 1 | 0 | 0 | 0 | 0 | 0 | 0 | 0 | 0 | 1 
---|---|---|---|---|---|---|---|---|---
 2 | 0 | 0 | 0 | 0 | 0 | 0 | 0 | 0 | 2 
---|---|---|---|---|---|---|---|---|---
 3 | 0 | 0 | 0 | 0 | X | 0 | 0 | 0 | 3 
---|---|---|---|---|---|---|---|---|---
 4 | 0 | 0 | 0 | 0 | 0 | 0 | 0 | 0 | 4 
---|---|---|---|---|---|---|---|---|---
 5 | X | 0 | 0 | 0 | 0 | 0 | 0 | 0 | 5 
---|---|---|---|---|---|---|---|---|---
 6 | X | X | X | 0 | 0 | 0 | 0 | 0 | 6 
---|---|---|---|---|---|---|---|---|---
 7 | X | X | X | X | 0 | 0 | X | 0 | 7 
---|---|---|---|---|---|---|---|---|---
 8 | 0 | 0 | 0 | 0 | 0 | 0 | 0 | 0 | 8 
---|---|---|---|---|---|---|---|---|---
   | 1 | 2 | 3 | 4 | 5 | 6 | 7 | 8 |

It took 2 seconds to make this move...


Black to move
BOOOOOOOOOOOOOOOOOOOOXOOOOOOOOOOOXOOOOOOOXXXOOOOOXXXXOOXOOOOOOOOO
pass
   | 1 | 2 | 3 | 4 | 5 | 6 | 7 | 8 |
---|---|---|---|---|---|---|---|---|---
 1 | 0 | 0 | 0 | 0 | 0 | 0 | 0 | 0 | 1 
---|---|---|---|---|---|---|---|---|---
 2 | 0 | 0 | 0 | 0 | 0 | 0 | 0 | 0 | 2 
---|---|---|---|---|---|---|---|---|---
 3 | 0 | 0 | 0 | 0 | X | 0 | 0 | 0 | 3 
---|---|---|---|---|---|---|---|---|---
 4 | 0 | 0 | 0 | 0 | 0 | 0 | 0 | 0 | 4 
---|---|---|---|---|---|---|---|---|---
 5 | X | 0 | 0 | 0 | 0 | 0 | 0 | 0 | 5 
---|---|---|---|---|---|---|---|---|---
 6 | X | X | X | 0 | 0 | 0 | 0 | 0 | 6 
---|---|---|---|---|---|---|---|---|---
 7 | X | X | X | X | 0 | 0 | X | 0 | 7 
---|---|---|---|---|---|---|---|---|---
 8 | 0 | 0 | 0 | 0 | 0 | 0 | 0 | 0 | 8 
---|---|---|---|---|---|---|---|---|---
   | 1 | 2 | 3 | 4 | 5 | 6 | 7 | 8 |

It took 0 seconds to make this move...


White to move
WOOOOOOOOOOOOOOOOOOOOXOOOOOOOOOOOXOOOOOOOXXXOOOOOXXXXOOXOOOOOOOOO
pass
   | 1 | 2 | 3 | 4 | 5 | 6 | 7 | 8 |
---|---|---|---|---|---|---|---|---|---
 1 | 0 | 0 | 0 | 0 | 0 | 0 | 0 | 0 | 1 
---|---|---|---|---|---|---|---|---|---
 2 | 0 | 0 | 0 | 0 | 0 | 0 | 0 | 0 | 2 
---|---|---|---|---|---|---|---|---|---
 3 | 0 | 0 | 0 | 0 | X | 0 | 0 | 0 | 3 
---|---|---|---|---|---|---|---|---|---
 4 | 0 | 0 | 0 | 0 | 0 | 0 | 0 | 0 | 4 
---|---|---|---|---|---|---|---|---|---
 5 | X | 0 | 0 | 0 | 0 | 0 | 0 | 0 | 5 
---|---|---|---|---|---|---|---|---|---
 6 | X | X | X | 0 | 0 | 0 | 0 | 0 | 6 
---|---|---|---|---|---|---|---|---|---
 7 | X | X | X | X | 0 | 0 | X | 0 | 7 
---|---|---|---|---|---|---|---|---|---
 8 | 0 | 0 | 0 | 0 | 0 | 0 | 0 | 0 | 8 
---|---|---|---|---|---|---|---|---|---
   | 1 | 2 | 3 | 4 | 5 | 6 | 7 | 8 |

It took 1 seconds to make this move...
***************************************
Results for ../Python/othello.sh vs. ./othello_naive.sh:
White won with 44 points
Average time for white: 1.9 s (max: 2 s)
Average time for black: 0.1 s (max: 1 s)
***************************************
