   | 1 | 2 | 3 | 4 | 5 | 6 | 7 | 8 |
---|---|---|---|---|---|---|---|---|---
 1 |   |   |   |   |   |   |   |   | 1 
---|---|---|---|---|---|---|---|---|---
 2 |   |   |   |   |   |   |   |   | 2 
---|---|---|---|---|---|---|---|---|---
 3 |   |   |   |   |   |   |   |   | 3 
---|---|---|---|---|---|---|---|---|---
 4 |   |   |   | 0 | X |   |   |   | 4 
---|---|---|---|---|---|---|---|---|---
 5 |   |   |   | X | 0 |   |   |   | 5 
---|---|---|---|---|---|---|---|---|---
 6 |   |   |   |   |   |   |   |   | 6 
---|---|---|---|---|---|---|---|---|---
 7 |   |   |   |   |   |   |   |   | 7 
---|---|---|---|---|---|---|---|---|---
 8 |   |   |   |   |   |   |   |   | 8 
---|---|---|---|---|---|---|---|---|---
   | 1 | 2 | 3 | 4 | 5 | 6 | 7 | 8 |



White to move
WEEEEEEEEEEEEEEEEEEEEEEEEEEEOXEEEEEEXOEEEEEEEEEEEEEEEEEEEEEEEEEEE
(3,5)
   | 1 | 2 | 3 | 4 | 5 | 6 | 7 | 8 |
---|---|---|---|---|---|---|---|---|---
 1 |   |   |   |   |   |   |   |   | 1 
---|---|---|---|---|---|---|---|---|---
 2 |   |   |   |   |   |   |   |   | 2 
---|---|---|---|---|---|---|---|---|---
 3 |   |   |   |   | 0 |   |   |   | 3 
---|---|---|---|---|---|---|---|---|---
 4 |   |   |   | 0 | 0 |   |   |   | 4 
---|---|---|---|---|---|---|---|---|---
 5 |   |   |   | X | 0 |   |   |   | 5 
---|---|---|---|---|---|---|---|---|---
 6 |   |   |   |   |   |   |   |   | 6 
---|---|---|---|---|---|---|---|---|---
 7 |   |   |   |   |   |   |   |   | 7 
---|---|---|---|---|---|---|---|---|---
 8 |   |   |   |   |   |   |   |   | 8 
---|---|---|---|---|---|---|---|---|---
   | 1 | 2 | 3 | 4 | 5 | 6 | 7 | 8 |

It took 0 seconds to make this move...


Black to move
BEEEEEEEEEEEEEEEEEEEEOEEEEEEOOEEEEEEXOEEEEEEEEEEEEEEEEEEEEEEEEEEE
(3,6) Depth reached: 6, Nodes searched: 2900
   | 1 | 2 | 3 | 4 | 5 | 6 | 7 | 8 |
---|---|---|---|---|---|---|---|---|---
 1 |   |   |   |   |   |   |   |   | 1 
---|---|---|---|---|---|---|---|---|---
 2 |   |   |   |   |   |   |   |   | 2 
---|---|---|---|---|---|---|---|---|---
 3 |   |   |   |   | 0 | X |   |   | 3 
---|---|---|---|---|---|---|---|---|---
 4 |   |   |   | 0 | X |   |   |   | 4 
---|---|---|---|---|---|---|---|---|---
 5 |   |   |   | X | 0 |   |   |   | 5 
---|---|---|---|---|---|---|---|---|---
 6 |   |   |   |   |   |   |   |   | 6 
---|---|---|---|---|---|---|---|---|---
 7 |   |   |   |   |   |   |   |   | 7 
---|---|---|---|---|---|---|---|---|---
 8 |   |   |   |   |   |   |   |   | 8 
---|---|---|---|---|---|---|---|---|---
   | 1 | 2 | 3 | 4 | 5 | 6 | 7 | 8 |

It took 3 seconds to make this move...


White to move
WEEEEEEEEEEEEEEEEEEEEOXEEEEEOXEEEEEEXOEEEEEEEEEEEEEEEEEEEEEEEEEEE
(5,3)
   | 1 | 2 | 3 | 4 | 5 | 6 | 7 | 8 |
---|---|---|---|---|---|---|---|---|---
 1 |   |   |   |   |   |   |   |   | 1 
---|---|---|---|---|---|---|---|---|---
 2 |   |   |   |   |   |   |   |   | 2 
---|---|---|---|---|---|---|---|---|---
 3 |   |   |   |   | 0 | X |   |   | 3 
---|---|---|---|---|---|---|---|---|---
 4 |   |   |   | 0 | X |   |   |   | 4 
---|---|---|---|---|---|---|---|---|---
 5 |   |   | 0 | 0 | 0 |   |   |   | 5 
---|---|---|---|---|---|---|---|---|---
 6 |   |   |   |   |   |   |   |   | 6 
---|---|---|---|---|---|---|---|---|---
 7 |   |   |   |   |   |   |   |   | 7 
---|---|---|---|---|---|---|---|---|---
 8 |   |   |   |   |   |   |   |   | 8 
---|---|---|---|---|---|---|---|---|---
   | 1 | 2 | 3 | 4 | 5 | 6 | 7 | 8 |

It took 0 seconds to make this move...


Black to move
BEEEEEEEEEEEEEEEEEEEEOXEEEEEOXEEEEEOOOEEEEEEEEEEEEEEEEEEEEEEEEEEE
(3,4) Depth reached: 6, Nodes searched: 2941
   | 1 | 2 | 3 | 4 | 5 | 6 | 7 | 8 |
---|---|---|---|---|---|---|---|---|---
 1 |   |   |   |   |   |   |   |   | 1 
---|---|---|---|---|---|---|---|---|---
 2 |   |   |   |   |   |   |   |   | 2 
---|---|---|---|---|---|---|---|---|---
 3 |   |   |   | X | X | X |   |   | 3 
---|---|---|---|---|---|---|---|---|---
 4 |   |   |   | 0 | X |   |   |   | 4 
---|---|---|---|---|---|---|---|---|---
 5 |   |   | 0 | 0 | 0 |   |   |   | 5 
---|---|---|---|---|---|---|---|---|---
 6 |   |   |   |   |   |   |   |   | 6 
---|---|---|---|---|---|---|---|---|---
 7 |   |   |   |   |   |   |   |   | 7 
---|---|---|---|---|---|---|---|---|---
 8 |   |   |   |   |   |   |   |   | 8 
---|---|---|---|---|---|---|---|---|---
   | 1 | 2 | 3 | 4 | 5 | 6 | 7 | 8 |

It took 2 seconds to make this move...


White to move
WEEEEEEEEEEEEEEEEEEEXXXEEEEEOXEEEEEOOOEEEEEEEEEEEEEEEEEEEEEEEEEEE
(2,4)
   | 1 | 2 | 3 | 4 | 5 | 6 | 7 | 8 |
---|---|---|---|---|---|---|---|---|---
 1 |   |   |   |   |   |   |   |   | 1 
---|---|---|---|---|---|---|---|---|---
 2 |   |   |   | 0 |   |   |   |   | 2 
---|---|---|---|---|---|---|---|---|---
 3 |   |   |   | 0 | X | X |   |   | 3 
---|---|---|---|---|---|---|---|---|---
 4 |   |   |   | 0 | X |   |   |   | 4 
---|---|---|---|---|---|---|---|---|---
 5 |   |   | 0 | 0 | 0 |   |   |   | 5 
---|---|---|---|---|---|---|---|---|---
 6 |   |   |   |   |   |   |   |   | 6 
---|---|---|---|---|---|---|---|---|---
 7 |   |   |   |   |   |   |   |   | 7 
---|---|---|---|---|---|---|---|---|---
 8 |   |   |   |   |   |   |   |   | 8 
---|---|---|---|---|---|---|---|---|---
   | 1 | 2 | 3 | 4 | 5 | 6 | 7 | 8 |

It took 1 seconds to make this move...


Black to move
BEEEEEEEEEEEOEEEEEEEOXXEEEEEOXEEEEEOOOEEEEEEEEEEEEEEEEEEEEEEEEEEE
(1,3) Depth reached: 5, Nodes searched: 4019
   | 1 | 2 | 3 | 4 | 5 | 6 | 7 | 8 |
---|---|---|---|---|---|---|---|---|---
 1 |   |   | X |   |   |   |   |   | 1 
---|---|---|---|---|---|---|---|---|---
 2 |   |   |   | X |   |   |   |   | 2 
---|---|---|---|---|---|---|---|---|---
 3 |   |   |   | 0 | X | X |   |   | 3 
---|---|---|---|---|---|---|---|---|---
 4 |   |   |   | 0 | X |   |   |   | 4 
---|---|---|---|---|---|---|---|---|---
 5 |   |   | 0 | 0 | 0 |   |   |   | 5 
---|---|---|---|---|---|---|---|---|---
 6 |   |   |   |   |   |   |   |   | 6 
---|---|---|---|---|---|---|---|---|---
 7 |   |   |   |   |   |   |   |   | 7 
---|---|---|---|---|---|---|---|---|---
 8 |   |   |   |   |   |   |   |   | 8 
---|---|---|---|---|---|---|---|---|---
   | 1 | 2 | 3 | 4 | 5 | 6 | 7 | 8 |

It took 2 seconds to make this move...


White to move
WEEXEEEEEEEEXEEEEEEEOXXEEEEEOXEEEEEOOOEEEEEEEEEEEEEEEEEEEEEEEEEEE
(2,5)
   | 1 | 2 | 3 | 4 | 5 | 6 | 7 | 8 |
---|---|---|---|---|---|---|---|---|---
 1 |   |   | X |   |   |   |   |   | 1 
---|---|---|---|---|---|---|---|---|---
 2 |   |   |   | X | 0 |   |   |   | 2 
---|---|---|---|---|---|---|---|---|---
 3 |   |   |   | 0 | 0 | X |   |   | 3 
---|---|---|---|---|---|---|---|---|---
 4 |   |   |   | 0 | 0 |   |   |   | 4 
---|---|---|---|---|---|---|---|---|---
 5 |   |   | 0 | 0 | 0 |   |   |   | 5 
---|---|---|---|---|---|---|---|---|---
 6 |   |   |   |   |   |   |   |   | 6 
---|---|---|---|---|---|---|---|---|---
 7 |   |   |   |   |   |   |   |   | 7 
---|---|---|---|---|---|---|---|---|---
 8 |   |   |   |   |   |   |   |   | 8 
---|---|---|---|---|---|---|---|---|---
   | 1 | 2 | 3 | 4 | 5 | 6 | 7 | 8 |

It took 0 seconds to make this move...


Black to move
BEEXEEEEEEEEXOEEEEEEOOXEEEEEOOEEEEEOOOEEEEEEEEEEEEEEEEEEEEEEEEEEE
(1,4) Depth reached: 5, Nodes searched: 4200
   | 1 | 2 | 3 | 4 | 5 | 6 | 7 | 8 |
---|---|---|---|---|---|---|---|---|---
 1 |   |   | X | X |   |   |   |   | 1 
---|---|---|---|---|---|---|---|---|---
 2 |   |   |   | X | X |   |   |   | 2 
---|---|---|---|---|---|---|---|---|---
 3 |   |   |   | 0 | 0 | X |   |   | 3 
---|---|---|---|---|---|---|---|---|---
 4 |   |   |   | 0 | 0 |   |   |   | 4 
---|---|---|---|---|---|---|---|---|---
 5 |   |   | 0 | 0 | 0 |   |   |   | 5 
---|---|---|---|---|---|---|---|---|---
 6 |   |   |   |   |   |   |   |   | 6 
---|---|---|---|---|---|---|---|---|---
 7 |   |   |   |   |   |   |   |   | 7 
---|---|---|---|---|---|---|---|---|---
 8 |   |   |   |   |   |   |   |   | 8 
---|---|---|---|---|---|---|---|---|---
   | 1 | 2 | 3 | 4 | 5 | 6 | 7 | 8 |

It took 3 seconds to make this move...


White to move
WEEXXEEEEEEEXXEEEEEEOOXEEEEEOOEEEEEOOOEEEEEEEEEEEEEEEEEEEEEEEEEEE
(1,6)
   | 1 | 2 | 3 | 4 | 5 | 6 | 7 | 8 |
---|---|---|---|---|---|---|---|---|---
 1 |   |   | X | X |   | 0 |   |   | 1 
---|---|---|---|---|---|---|---|---|---
 2 |   |   |   | X | 0 |   |   |   | 2 
---|---|---|---|---|---|---|---|---|---
 3 |   |   |   | 0 | 0 | X |   |   | 3 
---|---|---|---|---|---|---|---|---|---
 4 |   |   |   | 0 | 0 |   |   |   | 4 
---|---|---|---|---|---|---|---|---|---
 5 |   |   | 0 | 0 | 0 |   |   |   | 5 
---|---|---|---|---|---|---|---|---|---
 6 |   |   |   |   |   |   |   |   | 6 
---|---|---|---|---|---|---|---|---|---
 7 |   |   |   |   |   |   |   |   | 7 
---|---|---|---|---|---|---|---|---|---
 8 |   |   |   |   |   |   |   |   | 8 
---|---|---|---|---|---|---|---|---|---
   | 1 | 2 | 3 | 4 | 5 | 6 | 7 | 8 |

It took 0 seconds to make this move...


Black to move
BEEXXEOEEEEEXOEEEEEEOOXEEEEEOOEEEEEOOOEEEEEEEEEEEEEEEEEEEEEEEEEEE
(3,3) Depth reached: 5, Nodes searched: 3521
   | 1 | 2 | 3 | 4 | 5 | 6 | 7 | 8 |
---|---|---|---|---|---|---|---|---|---
 1 |   |   | X | X |   | 0 |   |   | 1 
---|---|---|---|---|---|---|---|---|---
 2 |   |   |   | X | 0 |   |   |   | 2 
---|---|---|---|---|---|---|---|---|---
 3 |   |   | X | X | X | X |   |   | 3 
---|---|---|---|---|---|---|---|---|---
 4 |   |   |   | 0 | 0 |   |   |   | 4 
---|---|---|---|---|---|---|---|---|---
 5 |   |   | 0 | 0 | 0 |   |   |   | 5 
---|---|---|---|---|---|---|---|---|---
 6 |   |   |   |   |   |   |   |   | 6 
---|---|---|---|---|---|---|---|---|---
 7 |   |   |   |   |   |   |   |   | 7 
---|---|---|---|---|---|---|---|---|---
 8 |   |   |   |   |   |   |   |   | 8 
---|---|---|---|---|---|---|---|---|---
   | 1 | 2 | 3 | 4 | 5 | 6 | 7 | 8 |

It took 3 seconds to make this move...


White to move
WEEXXEOEEEEEXOEEEEEXXXXEEEEEOOEEEEEOOOEEEEEEEEEEEEEEEEEEEEEEEEEEE
(2,2)
   | 1 | 2 | 3 | 4 | 5 | 6 | 7 | 8 |
---|---|---|---|---|---|---|---|---|---
 1 |   |   | X | X |   | 0 |   |   | 1 
---|---|---|---|---|---|---|---|---|---
 2 |   | 0 |   | X | 0 |   |   |   | 2 
---|---|---|---|---|---|---|---|---|---
 3 |   |   | 0 | X | X | X |   |   | 3 
---|---|---|---|---|---|---|---|---|---
 4 |   |   |   | 0 | 0 |   |   |   | 4 
---|---|---|---|---|---|---|---|---|---
 5 |   |   | 0 | 0 | 0 |   |   |   | 5 
---|---|---|---|---|---|---|---|---|---
 6 |   |   |   |   |   |   |   |   | 6 
---|---|---|---|---|---|---|---|---|---
 7 |   |   |   |   |   |   |   |   | 7 
---|---|---|---|---|---|---|---|---|---
 8 |   |   |   |   |   |   |   |   | 8 
---|---|---|---|---|---|---|---|---|---
   | 1 | 2 | 3 | 4 | 5 | 6 | 7 | 8 |

It took 0 seconds to make this move...


Black to move
BEEXXEOEEEOEXOEEEEEOXXXEEEEEOOEEEEEOOOEEEEEEEEEEEEEEEEEEEEEEEEEEE
(4,2) Depth reached: 4, Nodes searched: 3604
   | 1 | 2 | 3 | 4 | 5 | 6 | 7 | 8 |
---|---|---|---|---|---|---|---|---|---
 1 |   |   | X | X |   | 0 |   |   | 1 
---|---|---|---|---|---|---|---|---|---
 2 |   | 0 |   | X | 0 |   |   |   | 2 
---|---|---|---|---|---|---|---|---|---
 3 |   |   | X | X | X | X |   |   | 3 
---|---|---|---|---|---|---|---|---|---
 4 |   | X |   | 0 | 0 |   |   |   | 4 
---|---|---|---|---|---|---|---|---|---
 5 |   |   | 0 | 0 | 0 |   |   |   | 5 
---|---|---|---|---|---|---|---|---|---
 6 |   |   |   |   |   |   |   |   | 6 
---|---|---|---|---|---|---|---|---|---
 7 |   |   |   |   |   |   |   |   | 7 
---|---|---|---|---|---|---|---|---|---
 8 |   |   |   |   |   |   |   |   | 8 
---|---|---|---|---|---|---|---|---|---
   | 1 | 2 | 3 | 4 | 5 | 6 | 7 | 8 |

It took 3 seconds to make this move...


White to move
WEEXXEOEEEOEXOEEEEEXXXXEEEXEOOEEEEEOOOEEEEEEEEEEEEEEEEEEEEEEEEEEE
(3,1)
   | 1 | 2 | 3 | 4 | 5 | 6 | 7 | 8 |
---|---|---|---|---|---|---|---|---|---
 1 |   |   | X | X |   | 0 |   |   | 1 
---|---|---|---|---|---|---|---|---|---
 2 |   | 0 |   | X | 0 |   |   |   | 2 
---|---|---|---|---|---|---|---|---|---
 3 | 0 |   | X | X | X | X |   |   | 3 
---|---|---|---|---|---|---|---|---|---
 4 |   | 0 |   | 0 | 0 |   |   |   | 4 
---|---|---|---|---|---|---|---|---|---
 5 |   |   | 0 | 0 | 0 |   |   |   | 5 
---|---|---|---|---|---|---|---|---|---
 6 |   |   |   |   |   |   |   |   | 6 
---|---|---|---|---|---|---|---|---|---
 7 |   |   |   |   |   |   |   |   | 7 
---|---|---|---|---|---|---|---|---|---
 8 |   |   |   |   |   |   |   |   | 8 
---|---|---|---|---|---|---|---|---|---
   | 1 | 2 | 3 | 4 | 5 | 6 | 7 | 8 |

It took 0 seconds to make this move...


Black to move
BEEXXEOEEEOEXOEEEOEXXXXEEEOEOOEEEEEOOOEEEEEEEEEEEEEEEEEEEEEEEEEEE
(1,5) Depth reached: 5, Nodes searched: 3243
   | 1 | 2 | 3 | 4 | 5 | 6 | 7 | 8 |
---|---|---|---|---|---|---|---|---|---
 1 |   |   | X | X | X | 0 |   |   | 1 
---|---|---|---|---|---|---|---|---|---
 2 |   | 0 |   | X | X |   |   |   | 2 
---|---|---|---|---|---|---|---|---|---
 3 | 0 |   | X | X | X | X |   |   | 3 
---|---|---|---|---|---|---|---|---|---
 4 |   | 0 |   | 0 | 0 |   |   |   | 4 
---|---|---|---|---|---|---|---|---|---
 5 |   |   | 0 | 0 | 0 |   |   |   | 5 
---|---|---|---|---|---|---|---|---|---
 6 |   |   |   |   |   |   |   |   | 6 
---|---|---|---|---|---|---|---|---|---
 7 |   |   |   |   |   |   |   |   | 7 
---|---|---|---|---|---|---|---|---|---
 8 |   |   |   |   |   |   |   |   | 8 
---|---|---|---|---|---|---|---|---|---
   | 1 | 2 | 3 | 4 | 5 | 6 | 7 | 8 |

It took 3 seconds to make this move...


White to move
WEEXXXOEEEOEXXEEEOEXXXXEEEOEOOEEEEEOOOEEEEEEEEEEEEEEEEEEEEEEEEEEE
(4,3)
   | 1 | 2 | 3 | 4 | 5 | 6 | 7 | 8 |
---|---|---|---|---|---|---|---|---|---
 1 |   |   | X | X | X | 0 |   |   | 1 
---|---|---|---|---|---|---|---|---|---
 2 |   | 0 |   | X | 0 |   |   |   | 2 
---|---|---|---|---|---|---|---|---|---
 3 | 0 |   | X | 0 | X | X |   |   | 3 
---|---|---|---|---|---|---|---|---|---
 4 |   | 0 | 0 | 0 | 0 |   |   |   | 4 
---|---|---|---|---|---|---|---|---|---
 5 |   |   | 0 | 0 | 0 |   |   |   | 5 
---|---|---|---|---|---|---|---|---|---
 6 |   |   |   |   |   |   |   |   | 6 
---|---|---|---|---|---|---|---|---|---
 7 |   |   |   |   |   |   |   |   | 7 
---|---|---|---|---|---|---|---|---|---
 8 |   |   |   |   |   |   |   |   | 8 
---|---|---|---|---|---|---|---|---|---
   | 1 | 2 | 3 | 4 | 5 | 6 | 7 | 8 |

It took 0 seconds to make this move...


Black to move
BEEXXXOEEEOEXOEEEOEXOXXEEEOOOOEEEEEOOOEEEEEEEEEEEEEEEEEEEEEEEEEEE
(1,1) Depth reached: 5, Nodes searched: 2914
   | 1 | 2 | 3 | 4 | 5 | 6 | 7 | 8 |
---|---|---|---|---|---|---|---|---|---
 1 | X |   | X | X | X | 0 |   |   | 1 
---|---|---|---|---|---|---|---|---|---
 2 |   | X |   | X | 0 |   |   |   | 2 
---|---|---|---|---|---|---|---|---|---
 3 | 0 |   | X | 0 | X | X |   |   | 3 
---|---|---|---|---|---|---|---|---|---
 4 |   | 0 | 0 | 0 | 0 |   |   |   | 4 
---|---|---|---|---|---|---|---|---|---
 5 |   |   | 0 | 0 | 0 |   |   |   | 5 
---|---|---|---|---|---|---|---|---|---
 6 |   |   |   |   |   |   |   |   | 6 
---|---|---|---|---|---|---|---|---|---
 7 |   |   |   |   |   |   |   |   | 7 
---|---|---|---|---|---|---|---|---|---
 8 |   |   |   |   |   |   |   |   | 8 
---|---|---|---|---|---|---|---|---|---
   | 1 | 2 | 3 | 4 | 5 | 6 | 7 | 8 |

It took 2 seconds to make this move...


White to move
WXEXXXOEEEXEXOEEEOEXOXXEEEOOOOEEEEEOOOEEEEEEEEEEEEEEEEEEEEEEEEEEE
(2,7)
   | 1 | 2 | 3 | 4 | 5 | 6 | 7 | 8 |
---|---|---|---|---|---|---|---|---|---
 1 | X |   | X | X | X | 0 |   |   | 1 
---|---|---|---|---|---|---|---|---|---
 2 |   | X |   | X | 0 |   | 0 |   | 2 
---|---|---|---|---|---|---|---|---|---
 3 | 0 |   | X | 0 | X | 0 |   |   | 3 
---|---|---|---|---|---|---|---|---|---
 4 |   | 0 | 0 | 0 | 0 |   |   |   | 4 
---|---|---|---|---|---|---|---|---|---
 5 |   |   | 0 | 0 | 0 |   |   |   | 5 
---|---|---|---|---|---|---|---|---|---
 6 |   |   |   |   |   |   |   |   | 6 
---|---|---|---|---|---|---|---|---|---
 7 |   |   |   |   |   |   |   |   | 7 
---|---|---|---|---|---|---|---|---|---
 8 |   |   |   |   |   |   |   |   | 8 
---|---|---|---|---|---|---|---|---|---
   | 1 | 2 | 3 | 4 | 5 | 6 | 7 | 8 |

It took 0 seconds to make this move...


Black to move
BXEXXXOEEEXEXOEOEOEXOXOEEEOOOOEEEEEOOOEEEEEEEEEEEEEEEEEEEEEEEEEEE
(1,7) Depth reached: 4, Nodes searched: 4148
   | 1 | 2 | 3 | 4 | 5 | 6 | 7 | 8 |
---|---|---|---|---|---|---|---|---|---
 1 | X |   | X | X | X | X | X |   | 1 
---|---|---|---|---|---|---|---|---|---
 2 |   | X |   | X | 0 |   | 0 |   | 2 
---|---|---|---|---|---|---|---|---|---
 3 | 0 |   | X | 0 | X | 0 |   |   | 3 
---|---|---|---|---|---|---|---|---|---
 4 |   | 0 | 0 | 0 | 0 |   |   |   | 4 
---|---|---|---|---|---|---|---|---|---
 5 |   |   | 0 | 0 | 0 |   |   |   | 5 
---|---|---|---|---|---|---|---|---|---
 6 |   |   |   |   |   |   |   |   | 6 
---|---|---|---|---|---|---|---|---|---
 7 |   |   |   |   |   |   |   |   | 7 
---|---|---|---|---|---|---|---|---|---
 8 |   |   |   |   |   |   |   |   | 8 
---|---|---|---|---|---|---|---|---|---
   | 1 | 2 | 3 | 4 | 5 | 6 | 7 | 8 |

It took 3 seconds to make this move...


White to move
WXEXXXXXEEXEXOEOEOEXOXOEEEOOOOEEEEEOOOEEEEEEEEEEEEEEEEEEEEEEEEEEE
(2,3)
   | 1 | 2 | 3 | 4 | 5 | 6 | 7 | 8 |
---|---|---|---|---|---|---|---|---|---
 1 | X |   | X | X | X | X | X |   | 1 
---|---|---|---|---|---|---|---|---|---
 2 |   | X | 0 | 0 | 0 |   | 0 |   | 2 
---|---|---|---|---|---|---|---|---|---
 3 | 0 |   | 0 | 0 | X | 0 |   |   | 3 
---|---|---|---|---|---|---|---|---|---
 4 |   | 0 | 0 | 0 | 0 |   |   |   | 4 
---|---|---|---|---|---|---|---|---|---
 5 |   |   | 0 | 0 | 0 |   |   |   | 5 
---|---|---|---|---|---|---|---|---|---
 6 |   |   |   |   |   |   |   |   | 6 
---|---|---|---|---|---|---|---|---|---
 7 |   |   |   |   |   |   |   |   | 7 
---|---|---|---|---|---|---|---|---|---
 8 |   |   |   |   |   |   |   |   | 8 
---|---|---|---|---|---|---|---|---|---
   | 1 | 2 | 3 | 4 | 5 | 6 | 7 | 8 |

It took 0 seconds to make this move...


Black to move
BXEXXXXXEEXOOOEOEOEOOXOEEEOOOOEEEEEOOOEEEEEEEEEEEEEEEEEEEEEEEEEEE
(5,1) Depth reached: 5, Nodes searched: 914
   | 1 | 2 | 3 | 4 | 5 | 6 | 7 | 8 |
---|---|---|---|---|---|---|---|---|---
 1 | X |   | X | X | X | X | X |   | 1 
---|---|---|---|---|---|---|---|---|---
 2 |   | X | 0 | X | 0 |   | 0 |   | 2 
---|---|---|---|---|---|---|---|---|---
 3 | 0 |   | X | 0 | X | 0 |   |   | 3 
---|---|---|---|---|---|---|---|---|---
 4 |   | X | 0 | 0 | 0 |   |   |   | 4 
---|---|---|---|---|---|---|---|---|---
 5 | X |   | 0 | 0 | 0 |   |   |   | 5 
---|---|---|---|---|---|---|---|---|---
 6 |   |   |   |   |   |   |   |   | 6 
---|---|---|---|---|---|---|---|---|---
 7 |   |   |   |   |   |   |   |   | 7 
---|---|---|---|---|---|---|---|---|---
 8 |   |   |   |   |   |   |   |   | 8 
---|---|---|---|---|---|---|---|---|---
   | 1 | 2 | 3 | 4 | 5 | 6 | 7 | 8 |

It took 3 seconds to make this move...


White to move
WXEXXXXXEEXOXOEOEOEXOXOEEEXOOOEEEXEOOOEEEEEEEEEEEEEEEEEEEEEEEEEEE
(3,2)
   | 1 | 2 | 3 | 4 | 5 | 6 | 7 | 8 |
---|---|---|---|---|---|---|---|---|---
 1 | X |   | X | X | X | X | X |   | 1 
---|---|---|---|---|---|---|---|---|---
 2 |   | X | 0 | X | 0 |   | 0 |   | 2 
---|---|---|---|---|---|---|---|---|---
 3 | 0 | 0 | 0 | 0 | X | 0 |   |   | 3 
---|---|---|---|---|---|---|---|---|---
 4 |   | X | 0 | 0 | 0 |   |   |   | 4 
---|---|---|---|---|---|---|---|---|---
 5 | X |   | 0 | 0 | 0 |   |   |   | 5 
---|---|---|---|---|---|---|---|---|---
 6 |   |   |   |   |   |   |   |   | 6 
---|---|---|---|---|---|---|---|---|---
 7 |   |   |   |   |   |   |   |   | 7 
---|---|---|---|---|---|---|---|---|---
 8 |   |   |   |   |   |   |   |   | 8 
---|---|---|---|---|---|---|---|---|---
   | 1 | 2 | 3 | 4 | 5 | 6 | 7 | 8 |

It took 0 seconds to make this move...


Black to move
BXEXXXXXEEXOXOEOEOOOOXOEEEXOOOEEEXEOOOEEEEEEEEEEEEEEEEEEEEEEEEEEE
(6,3) Depth reached: 5, Nodes searched: 749
   | 1 | 2 | 3 | 4 | 5 | 6 | 7 | 8 |
---|---|---|---|---|---|---|---|---|---
 1 | X |   | X | X | X | X | X |   | 1 
---|---|---|---|---|---|---|---|---|---
 2 |   | X | X | X | 0 |   | 0 |   | 2 
---|---|---|---|---|---|---|---|---|---
 3 | 0 | 0 | X | 0 | X | 0 |   |   | 3 
---|---|---|---|---|---|---|---|---|---
 4 |   | X | X | 0 | 0 |   |   |   | 4 
---|---|---|---|---|---|---|---|---|---
 5 | X |   | X | 0 | 0 |   |   |   | 5 
---|---|---|---|---|---|---|---|---|---
 6 |   |   | X |   |   |   |   |   | 6 
---|---|---|---|---|---|---|---|---|---
 7 |   |   |   |   |   |   |   |   | 7 
---|---|---|---|---|---|---|---|---|---
 8 |   |   |   |   |   |   |   |   | 8 
---|---|---|---|---|---|---|---|---|---
   | 1 | 2 | 3 | 4 | 5 | 6 | 7 | 8 |

It took 3 seconds to make this move...


White to move
WXEXXXXXEEXXXOEOEOOXOXOEEEXXOOEEEXEXOOEEEEEXEEEEEEEEEEEEEEEEEEEEE
(7,2)
   | 1 | 2 | 3 | 4 | 5 | 6 | 7 | 8 |
---|---|---|---|---|---|---|---|---|---
 1 | X |   | X | X | X | X | X |   | 1 
---|---|---|---|---|---|---|---|---|---
 2 |   | X | X | X | 0 |   | 0 |   | 2 
---|---|---|---|---|---|---|---|---|---
 3 | 0 | 0 | X | 0 | X | 0 |   |   | 3 
---|---|---|---|---|---|---|---|---|---
 4 |   | X | X | 0 | 0 |   |   |   | 4 
---|---|---|---|---|---|---|---|---|---
 5 | X |   | X | 0 | 0 |   |   |   | 5 
---|---|---|---|---|---|---|---|---|---
 6 |   |   | 0 |   |   |   |   |   | 6 
---|---|---|---|---|---|---|---|---|---
 7 |   | 0 |   |   |   |   |   |   | 7 
---|---|---|---|---|---|---|---|---|---
 8 |   |   |   |   |   |   |   |   | 8 
---|---|---|---|---|---|---|---|---|---
   | 1 | 2 | 3 | 4 | 5 | 6 | 7 | 8 |

It took 0 seconds to make this move...


Black to move
BXEXXXXXEEXXXOEOEOOXOXOEEEXXOOEEEXEXOOEEEEEOEEEEEEOEEEEEEEEEEEEEE
(4,6) Depth reached: 4, Nodes searched: 5065
   | 1 | 2 | 3 | 4 | 5 | 6 | 7 | 8 |
---|---|---|---|---|---|---|---|---|---
 1 | X |   | X | X | X | X | X |   | 1 
---|---|---|---|---|---|---|---|---|---
 2 |   | X | X | X | 0 |   | 0 |   | 2 
---|---|---|---|---|---|---|---|---|---
 3 | 0 | 0 | X | 0 | X | 0 |   |   | 3 
---|---|---|---|---|---|---|---|---|---
 4 |   | X | X | X | X | X |   |   | 4 
---|---|---|---|---|---|---|---|---|---
 5 | X |   | X | 0 | 0 |   |   |   | 5 
---|---|---|---|---|---|---|---|---|---
 6 |   |   | 0 |   |   |   |   |   | 6 
---|---|---|---|---|---|---|---|---|---
 7 |   | 0 |   |   |   |   |   |   | 7 
---|---|---|---|---|---|---|---|---|---
 8 |   |   |   |   |   |   |   |   | 8 
---|---|---|---|---|---|---|---|---|---
   | 1 | 2 | 3 | 4 | 5 | 6 | 7 | 8 |

It took 3 seconds to make this move...


White to move
WXEXXXXXEEXXXOEOEOOXOXOEEEXXXXXEEXEXOOEEEEEOEEEEEEOEEEEEEEEEEEEEE
(1,2)
   | 1 | 2 | 3 | 4 | 5 | 6 | 7 | 8 |
---|---|---|---|---|---|---|---|---|---
 1 | X | 0 | X | X | X | X | X |   | 1 
---|---|---|---|---|---|---|---|---|---
 2 |   | 0 | 0 | X | 0 |   | 0 |   | 2 
---|---|---|---|---|---|---|---|---|---
 3 | 0 | 0 | X | 0 | X | 0 |   |   | 3 
---|---|---|---|---|---|---|---|---|---
 4 |   | X | X | X | X | X |   |   | 4 
---|---|---|---|---|---|---|---|---|---
 5 | X |   | X | 0 | 0 |   |   |   | 5 
---|---|---|---|---|---|---|---|---|---
 6 |   |   | 0 |   |   |   |   |   | 6 
---|---|---|---|---|---|---|---|---|---
 7 |   | 0 |   |   |   |   |   |   | 7 
---|---|---|---|---|---|---|---|---|---
 8 |   |   |   |   |   |   |   |   | 8 
---|---|---|---|---|---|---|---|---|---
   | 1 | 2 | 3 | 4 | 5 | 6 | 7 | 8 |

It took 0 seconds to make this move...


Black to move
BXOXXXXXEEOOXOEOEOOXOXOEEEXXXXXEEXEXOOEEEEEOEEEEEEOEEEEEEEEEEEEEE
(1,8) Depth reached: 6, Nodes searched: 3550
   | 1 | 2 | 3 | 4 | 5 | 6 | 7 | 8 |
---|---|---|---|---|---|---|---|---|---
 1 | X | 0 | X | X | X | X | X | X | 1 
---|---|---|---|---|---|---|---|---|---
 2 |   | 0 | 0 | X | 0 |   | X |   | 2 
---|---|---|---|---|---|---|---|---|---
 3 | 0 | 0 | X | 0 | X | X |   |   | 3 
---|---|---|---|---|---|---|---|---|---
 4 |   | X | X | X | X | X |   |   | 4 
---|---|---|---|---|---|---|---|---|---
 5 | X |   | X | 0 | 0 |   |   |   | 5 
---|---|---|---|---|---|---|---|---|---
 6 |   |   | 0 |   |   |   |   |   | 6 
---|---|---|---|---|---|---|---|---|---
 7 |   | 0 |   |   |   |   |   |   | 7 
---|---|---|---|---|---|---|---|---|---
 8 |   |   |   |   |   |   |   |   | 8 
---|---|---|---|---|---|---|---|---|---
   | 1 | 2 | 3 | 4 | 5 | 6 | 7 | 8 |

It took 3 seconds to make this move...


White to move
WXOXXXXXXEOOXOEXEOOXOXXEEEXXXXXEEXEXOOEEEEEOEEEEEEOEEEEEEEEEEEEEE
(3,7)
   | 1 | 2 | 3 | 4 | 5 | 6 | 7 | 8 |
---|---|---|---|---|---|---|---|---|---
 1 | X | 0 | X | X | X | X | X | X | 1 
---|---|---|---|---|---|---|---|---|---
 2 |   | 0 | 0 | X | 0 |   | X |   | 2 
---|---|---|---|---|---|---|---|---|---
 3 | 0 | 0 | X | 0 | 0 | 0 | 0 |   | 3 
---|---|---|---|---|---|---|---|---|---
 4 |   | X | X | X | X | 0 |   |   | 4 
---|---|---|---|---|---|---|---|---|---
 5 | X |   | X | 0 | 0 |   |   |   | 5 
---|---|---|---|---|---|---|---|---|---
 6 |   |   | 0 |   |   |   |   |   | 6 
---|---|---|---|---|---|---|---|---|---
 7 |   | 0 |   |   |   |   |   |   | 7 
---|---|---|---|---|---|---|---|---|---
 8 |   |   |   |   |   |   |   |   | 8 
---|---|---|---|---|---|---|---|---|---
   | 1 | 2 | 3 | 4 | 5 | 6 | 7 | 8 |

It took 1 seconds to make this move...


Black to move
BXOXXXXXXEOOXOEXEOOXOOOOEEXXXXOEEXEXOOEEEEEOEEEEEEOEEEEEEEEEEEEEE
(8,1) Depth reached: 5, Nodes searched: 3835
   | 1 | 2 | 3 | 4 | 5 | 6 | 7 | 8 |
---|---|---|---|---|---|---|---|---|---
 1 | X | 0 | X | X | X | X | X | X | 1 
---|---|---|---|---|---|---|---|---|---
 2 |   | 0 | 0 | X | 0 |   | X |   | 2 
---|---|---|---|---|---|---|---|---|---
 3 | 0 | 0 | X | 0 | 0 | 0 | 0 |   | 3 
---|---|---|---|---|---|---|---|---|---
 4 |   | X | X | X | X | 0 |   |   | 4 
---|---|---|---|---|---|---|---|---|---
 5 | X |   | X | X | 0 |   |   |   | 5 
---|---|---|---|---|---|---|---|---|---
 6 |   |   | X |   |   |   |   |   | 6 
---|---|---|---|---|---|---|---|---|---
 7 |   | X |   |   |   |   |   |   | 7 
---|---|---|---|---|---|---|---|---|---
 8 | X |   |   |   |   |   |   |   | 8 
---|---|---|---|---|---|---|---|---|---
   | 1 | 2 | 3 | 4 | 5 | 6 | 7 | 8 |

It took 2 seconds to make this move...


White to move
WXOXXXXXXEOOXOEXEOOXOOOOEEXXXXOEEXEXXOEEEEEXEEEEEEXEEEEEEXEEEEEEE
(6,5)
   | 1 | 2 | 3 | 4 | 5 | 6 | 7 | 8 |
---|---|---|---|---|---|---|---|---|---
 1 | X | 0 | X | X | X | X | X | X | 1 
---|---|---|---|---|---|---|---|---|---
 2 |   | 0 | 0 | X | 0 |   | X |   | 2 
---|---|---|---|---|---|---|---|---|---
 3 | 0 | 0 | X | 0 | 0 | 0 | 0 |   | 3 
---|---|---|---|---|---|---|---|---|---
 4 |   | X | 0 | X | X | 0 |   |   | 4 
---|---|---|---|---|---|---|---|---|---
 5 | X |   | X | 0 | 0 |   |   |   | 5 
---|---|---|---|---|---|---|---|---|---
 6 |   |   | X |   | 0 |   |   |   | 6 
---|---|---|---|---|---|---|---|---|---
 7 |   | X |   |   |   |   |   |   | 7 
---|---|---|---|---|---|---|---|---|---
 8 | X |   |   |   |   |   |   |   | 8 
---|---|---|---|---|---|---|---|---|---
   | 1 | 2 | 3 | 4 | 5 | 6 | 7 | 8 |

It took 0 seconds to make this move...


Black to move
BXOXXXXXXEOOXOEXEOOXOOOOEEXOXXOEEXEXOOEEEEEXEOEEEEXEEEEEEXEEEEEEE
(3,8) Depth reached: 4, Nodes searched: 6266
   | 1 | 2 | 3 | 4 | 5 | 6 | 7 | 8 |
---|---|---|---|---|---|---|---|---|---
 1 | X | 0 | X | X | X | X | X | X | 1 
---|---|---|---|---|---|---|---|---|---
 2 |   | 0 | 0 | X | 0 |   | X |   | 2 
---|---|---|---|---|---|---|---|---|---
 3 | 0 | 0 | X | X | X | X | X | X | 3 
---|---|---|---|---|---|---|---|---|---
 4 |   | X | 0 | X | X | 0 |   |   | 4 
---|---|---|---|---|---|---|---|---|---
 5 | X |   | X | 0 | 0 |   |   |   | 5 
---|---|---|---|---|---|---|---|---|---
 6 |   |   | X |   | 0 |   |   |   | 6 
---|---|---|---|---|---|---|---|---|---
 7 |   | X |   |   |   |   |   |   | 7 
---|---|---|---|---|---|---|---|---|---
 8 | X |   |   |   |   |   |   |   | 8 
---|---|---|---|---|---|---|---|---|---
   | 1 | 2 | 3 | 4 | 5 | 6 | 7 | 8 |

It took 3 seconds to make this move...


White to move
WXOXXXXXXEOOXOEXEOOXXXXXXEXOXXOEEXEXOOEEEEEXEOEEEEXEEEEEEXEEEEEEE
(2,6)
   | 1 | 2 | 3 | 4 | 5 | 6 | 7 | 8 |
---|---|---|---|---|---|---|---|---|---
 1 | X | 0 | X | X | X | X | X | X | 1 
---|---|---|---|---|---|---|---|---|---
 2 |   | 0 | 0 | X | 0 | 0 | X |   | 2 
---|---|---|---|---|---|---|---|---|---
 3 | 0 | 0 | X | X | X | 0 | X | X | 3 
---|---|---|---|---|---|---|---|---|---
 4 |   | X | 0 | X | X | 0 |   |   | 4 
---|---|---|---|---|---|---|---|---|---
 5 | X |   | X | 0 | 0 |   |   |   | 5 
---|---|---|---|---|---|---|---|---|---
 6 |   |   | X |   | 0 |   |   |   | 6 
---|---|---|---|---|---|---|---|---|---
 7 |   | X |   |   |   |   |   |   | 7 
---|---|---|---|---|---|---|---|---|---
 8 | X |   |   |   |   |   |   |   | 8 
---|---|---|---|---|---|---|---|---|---
   | 1 | 2 | 3 | 4 | 5 | 6 | 7 | 8 |

It took 0 seconds to make this move...


Black to move
BXOXXXXXXEOOXOOXEOOXXXOXXEXOXXOEEXEXOOEEEEEXEOEEEEXEEEEEEXEEEEEEE
(5,6) Depth reached: 5, Nodes searched: 2210
   | 1 | 2 | 3 | 4 | 5 | 6 | 7 | 8 |
---|---|---|---|---|---|---|---|---|---
 1 | X | 0 | X | X | X | X | X | X | 1 
---|---|---|---|---|---|---|---|---|---
 2 |   | 0 | 0 | X | 0 | X | X |   | 2 
---|---|---|---|---|---|---|---|---|---
 3 | 0 | 0 | X | X | X | X | X | X | 3 
---|---|---|---|---|---|---|---|---|---
 4 |   | X | 0 | X | X | X |   |   | 4 
---|---|---|---|---|---|---|---|---|---
 5 | X |   | X | X | X | X |   |   | 5 
---|---|---|---|---|---|---|---|---|---
 6 |   |   | X |   | 0 |   |   |   | 6 
---|---|---|---|---|---|---|---|---|---
 7 |   | X |   |   |   |   |   |   | 7 
---|---|---|---|---|---|---|---|---|---
 8 | X |   |   |   |   |   |   |   | 8 
---|---|---|---|---|---|---|---|---|---
   | 1 | 2 | 3 | 4 | 5 | 6 | 7 | 8 |

It took 3 seconds to make this move...


White to move
WXOXXXXXXEOOXOXXEOOXXXXXXEXOXXXEEXEXXXXEEEEXEOEEEEXEEEEEEXEEEEEEE
(2,8)
   | 1 | 2 | 3 | 4 | 5 | 6 | 7 | 8 |
---|---|---|---|---|---|---|---|---|---
 1 | X | 0 | X | X | X | X | X | X | 1 
---|---|---|---|---|---|---|---|---|---
 2 |   | 0 | 0 | X | 0 | 0 | 0 | 0 | 2 
---|---|---|---|---|---|---|---|---|---
 3 | 0 | 0 | X | X | X | X | X | X | 3 
---|---|---|---|---|---|---|---|---|---
 4 |   | X | 0 | X | X | X |   |   | 4 
---|---|---|---|---|---|---|---|---|---
 5 | X |   | X | X | X | X |   |   | 5 
---|---|---|---|---|---|---|---|---|---
 6 |   |   | X |   | 0 |   |   |   | 6 
---|---|---|---|---|---|---|---|---|---
 7 |   | X |   |   |   |   |   |   | 7 
---|---|---|---|---|---|---|---|---|---
 8 | X |   |   |   |   |   |   |   | 8 
---|---|---|---|---|---|---|---|---|---
   | 1 | 2 | 3 | 4 | 5 | 6 | 7 | 8 |

It took 0 seconds to make this move...


Black to move
BXOXXXXXXEOOXOOOOOOXXXXXXEXOXXXEEXEXXXXEEEEXEOEEEEXEEEEEEXEEEEEEE
(2,1) Depth reached: 5, Nodes searched: 3466
   | 1 | 2 | 3 | 4 | 5 | 6 | 7 | 8 |
---|---|---|---|---|---|---|---|---|---
 1 | X | 0 | X | X | X | X | X | X | 1 
---|---|---|---|---|---|---|---|---|---
 2 | X | X | X | X | 0 | 0 | 0 | 0 | 2 
---|---|---|---|---|---|---|---|---|---
 3 | 0 | X | X | X | X | X | X | X | 3 
---|---|---|---|---|---|---|---|---|---
 4 |   | X | X | X | X | X |   |   | 4 
---|---|---|---|---|---|---|---|---|---
 5 | X |   | X | X | X | X |   |   | 5 
---|---|---|---|---|---|---|---|---|---
 6 |   |   | X |   | 0 |   |   |   | 6 
---|---|---|---|---|---|---|---|---|---
 7 |   | X |   |   |   |   |   |   | 7 
---|---|---|---|---|---|---|---|---|---
 8 | X |   |   |   |   |   |   |   | 8 
---|---|---|---|---|---|---|---|---|---
   | 1 | 2 | 3 | 4 | 5 | 6 | 7 | 8 |

It took 3 seconds to make this move...


White to move
WXOXXXXXXXXXXOOOOOXXXXXXXEXXXXXEEXEXXXXEEEEXEOEEEEXEEEEEEXEEEEEEE
(6,7)
   | 1 | 2 | 3 | 4 | 5 | 6 | 7 | 8 |
---|---|---|---|---|---|---|---|---|---
 1 | X | 0 | X | X | X | X | X | X | 1 
---|---|---|---|---|---|---|---|---|---
 2 | X | X | 0 | X | 0 | 0 | 0 | 0 | 2 
---|---|---|---|---|---|---|---|---|---
 3 | 0 | X | X | 0 | X | X | X | X | 3 
---|---|---|---|---|---|---|---|---|---
 4 |   | X | X | X | 0 | X |   |   | 4 
---|---|---|---|---|---|---|---|---|---
 5 | X |   | X | X | X | 0 |   |   | 5 
---|---|---|---|---|---|---|---|---|---
 6 |   |   | X |   | 0 |   | 0 |   | 6 
---|---|---|---|---|---|---|---|---|---
 7 |   | X |   |   |   |   |   |   | 7 
---|---|---|---|---|---|---|---|---|---
 8 | X |   |   |   |   |   |   |   | 8 
---|---|---|---|---|---|---|---|---|---
   | 1 | 2 | 3 | 4 | 5 | 6 | 7 | 8 |

It took 0 seconds to make this move...


Black to move
BXOXXXXXXXXOXOOOOOXXOXXXXEXXXOXEEXEXXXOEEEEXEOEOEEXEEEEEEXEEEEEEE
(4,1) Depth reached: 6, Nodes searched: 6009
   | 1 | 2 | 3 | 4 | 5 | 6 | 7 | 8 |
---|---|---|---|---|---|---|---|---|---
 1 | X | 0 | X | X | X | X | X | X | 1 
---|---|---|---|---|---|---|---|---|---
 2 | X | X | 0 | X | 0 | 0 | 0 | 0 | 2 
---|---|---|---|---|---|---|---|---|---
 3 | X | X | X | 0 | X | X | X | X | 3 
---|---|---|---|---|---|---|---|---|---
 4 | X | X | X | X | 0 | X |   |   | 4 
---|---|---|---|---|---|---|---|---|---
 5 | X |   | X | X | X | 0 |   |   | 5 
---|---|---|---|---|---|---|---|---|---
 6 |   |   | X |   | 0 |   | 0 |   | 6 
---|---|---|---|---|---|---|---|---|---
 7 |   | X |   |   |   |   |   |   | 7 
---|---|---|---|---|---|---|---|---|---
 8 | X |   |   |   |   |   |   |   | 8 
---|---|---|---|---|---|---|---|---|---
   | 1 | 2 | 3 | 4 | 5 | 6 | 7 | 8 |

It took 3 seconds to make this move...


White to move
WXOXXXXXXXXOXOOOOXXXOXXXXXXXXOXEEXEXXXOEEEEXEOEOEEXEEEEEEXEEEEEEE
(5,2)
   | 1 | 2 | 3 | 4 | 5 | 6 | 7 | 8 |
---|---|---|---|---|---|---|---|---|---
 1 | X | 0 | X | X | X | X | X | X | 1 
---|---|---|---|---|---|---|---|---|---
 2 | X | 0 | 0 | X | 0 | 0 | 0 | 0 | 2 
---|---|---|---|---|---|---|---|---|---
 3 | X | 0 | X | 0 | X | X | X | X | 3 
---|---|---|---|---|---|---|---|---|---
 4 | X | 0 | 0 | X | 0 | X |   |   | 4 
---|---|---|---|---|---|---|---|---|---
 5 | X | 0 | 0 | 0 | 0 | 0 |   |   | 5 
---|---|---|---|---|---|---|---|---|---
 6 |   |   | X |   | 0 |   | 0 |   | 6 
---|---|---|---|---|---|---|---|---|---
 7 |   | X |   |   |   |   |   |   | 7 
---|---|---|---|---|---|---|---|---|---
 8 | X |   |   |   |   |   |   |   | 8 
---|---|---|---|---|---|---|---|---|---
   | 1 | 2 | 3 | 4 | 5 | 6 | 7 | 8 |

It took 0 seconds to make this move...


Black to move
BXOXXXXXXXOOXOOOOXOXOXXXXXOOXOXEEXOOOOOEEEEXEOEOEEXEEEEEEXEEEEEEE
(6,1) Depth reached: 6, Nodes searched: 4650
   | 1 | 2 | 3 | 4 | 5 | 6 | 7 | 8 |
---|---|---|---|---|---|---|---|---|---
 1 | X | 0 | X | X | X | X | X | X | 1 
---|---|---|---|---|---|---|---|---|---
 2 | X | 0 | 0 | X | X | 0 | 0 | 0 | 2 
---|---|---|---|---|---|---|---|---|---
 3 | X | 0 | X | X | X | X | X | X | 3 
---|---|---|---|---|---|---|---|---|---
 4 | X | 0 | X | X | 0 | X |   |   | 4 
---|---|---|---|---|---|---|---|---|---
 5 | X | X | 0 | 0 | 0 | 0 |   |   | 5 
---|---|---|---|---|---|---|---|---|---
 6 | X |   | X |   | 0 |   | 0 |   | 6 
---|---|---|---|---|---|---|---|---|---
 7 |   | X |   |   |   |   |   |   | 7 
---|---|---|---|---|---|---|---|---|---
 8 | X |   |   |   |   |   |   |   | 8 
---|---|---|---|---|---|---|---|---|---
   | 1 | 2 | 3 | 4 | 5 | 6 | 7 | 8 |

It took 3 seconds to make this move...


White to move
WXOXXXXXXXOOXXOOOXOXXXXXXXOXXOXEEXXOOOOEEXEXEOEOEEXEEEEEEXEEEEEEE
(6,2)
   | 1 | 2 | 3 | 4 | 5 | 6 | 7 | 8 |
---|---|---|---|---|---|---|---|---|---
 1 | X | 0 | X | X | X | X | X | X | 1 
---|---|---|---|---|---|---|---|---|---
 2 | X | 0 | 0 | X | X | 0 | 0 | 0 | 2 
---|---|---|---|---|---|---|---|---|---
 3 | X | 0 | X | X | X | X | X | X | 3 
---|---|---|---|---|---|---|---|---|---
 4 | X | 0 | X | X | 0 | X |   |   | 4 
---|---|---|---|---|---|---|---|---|---
 5 | X | 0 | 0 | 0 | 0 | 0 |   |   | 5 
---|---|---|---|---|---|---|---|---|---
 6 | X | 0 | X |   | 0 |   | 0 |   | 6 
---|---|---|---|---|---|---|---|---|---
 7 |   | X |   |   |   |   |   |   | 7 
---|---|---|---|---|---|---|---|---|---
 8 | X |   |   |   |   |   |   |   | 8 
---|---|---|---|---|---|---|---|---|---
   | 1 | 2 | 3 | 4 | 5 | 6 | 7 | 8 |

It took 0 seconds to make this move...


Black to move
BXOXXXXXXXOOXXOOOXOXXXXXXXOXXOXEEXOOOOOEEXOXEOEOEEXEEEEEEXEEEEEEE
(6,4) Depth reached: 6, Nodes searched: 168
   | 1 | 2 | 3 | 4 | 5 | 6 | 7 | 8 |
---|---|---|---|---|---|---|---|---|---
 1 | X | 0 | X | X | X | X | X | X | 1 
---|---|---|---|---|---|---|---|---|---
 2 | X | 0 | 0 | X | X | 0 | 0 | 0 | 2 
---|---|---|---|---|---|---|---|---|---
 3 | X | 0 | X | X | X | X | X | X | 3 
---|---|---|---|---|---|---|---|---|---
 4 | X | X | X | X | 0 | X |   |   | 4 
---|---|---|---|---|---|---|---|---|---
 5 | X | 0 | X | X | X | 0 |   |   | 5 
---|---|---|---|---|---|---|---|---|---
 6 | X | 0 | X | X | 0 |   | 0 |   | 6 
---|---|---|---|---|---|---|---|---|---
 7 |   | X |   |   |   |   |   |   | 7 
---|---|---|---|---|---|---|---|---|---
 8 | X |   |   |   |   |   |   |   | 8 
---|---|---|---|---|---|---|---|---|---
   | 1 | 2 | 3 | 4 | 5 | 6 | 7 | 8 |

It took 3 seconds to make this move...


White to move
WXOXXXXXXXOOXXOOOXOXXXXXXXXXXOXEEXOXXXOEEXOXXOEOEEXEEEEEEXEEEEEEE
(6,6)
   | 1 | 2 | 3 | 4 | 5 | 6 | 7 | 8 |
---|---|---|---|---|---|---|---|---|---
 1 | X | 0 | X | X | X | X | X | X | 1 
---|---|---|---|---|---|---|---|---|---
 2 | X | 0 | 0 | X | X | 0 | 0 | 0 | 2 
---|---|---|---|---|---|---|---|---|---
 3 | X | 0 | 0 | X | X | X | X | X | 3 
---|---|---|---|---|---|---|---|---|---
 4 | X | X | X | 0 | 0 | X |   |   | 4 
---|---|---|---|---|---|---|---|---|---
 5 | X | 0 | X | X | 0 | 0 |   |   | 5 
---|---|---|---|---|---|---|---|---|---
 6 | X | 0 | X | X | 0 | 0 | 0 |   | 6 
---|---|---|---|---|---|---|---|---|---
 7 |   | X |   |   |   |   |   |   | 7 
---|---|---|---|---|---|---|---|---|---
 8 | X |   |   |   |   |   |   |   | 8 
---|---|---|---|---|---|---|---|---|---
   | 1 | 2 | 3 | 4 | 5 | 6 | 7 | 8 |

It took 0 seconds to make this move...


Black to move
BXOXXXXXXXOOXXOOOXOOXXXXXXXXOOXEEXOXXOOEEXOXXOOOEEXEEEEEEXEEEEEEE
(7,1) Depth reached: 5, Nodes searched: 6966
   | 1 | 2 | 3 | 4 | 5 | 6 | 7 | 8 |
---|---|---|---|---|---|---|---|---|---
 1 | X | 0 | X | X | X | X | X | X | 1 
---|---|---|---|---|---|---|---|---|---
 2 | X | 0 | 0 | X | X | 0 | 0 | 0 | 2 
---|---|---|---|---|---|---|---|---|---
 3 | X | 0 | 0 | X | X | X | X | X | 3 
---|---|---|---|---|---|---|---|---|---
 4 | X | X | X | 0 | 0 | X |   |   | 4 
---|---|---|---|---|---|---|---|---|---
 5 | X | 0 | X | X | 0 | 0 |   |   | 5 
---|---|---|---|---|---|---|---|---|---
 6 | X | X | X | X | 0 | 0 | 0 |   | 6 
---|---|---|---|---|---|---|---|---|---
 7 | X | X |   |   |   |   |   |   | 7 
---|---|---|---|---|---|---|---|---|---
 8 | X |   |   |   |   |   |   |   | 8 
---|---|---|---|---|---|---|---|---|---
   | 1 | 2 | 3 | 4 | 5 | 6 | 7 | 8 |

It took 3 seconds to make this move...


White to move
WXOXXXXXXXOOXXOOOXOOXXXXXXXXOOXEEXOXXOOEEXXXXOOOEXXEEEEEEXEEEEEEE
(7,3)
   | 1 | 2 | 3 | 4 | 5 | 6 | 7 | 8 |
---|---|---|---|---|---|---|---|---|---
 1 | X | 0 | X | X | X | X | X | X | 1 
---|---|---|---|---|---|---|---|---|---
 2 | X | 0 | 0 | X | X | 0 | 0 | 0 | 2 
---|---|---|---|---|---|---|---|---|---
 3 | X | 0 | 0 | X | X | X | X | X | 3 
---|---|---|---|---|---|---|---|---|---
 4 | X | X | 0 | 0 | 0 | X |   |   | 4 
---|---|---|---|---|---|---|---|---|---
 5 | X | 0 | 0 | X | 0 | 0 |   |   | 5 
---|---|---|---|---|---|---|---|---|---
 6 | X | X | 0 | 0 | 0 | 0 | 0 |   | 6 
---|---|---|---|---|---|---|---|---|---
 7 | X | X | 0 |   |   |   |   |   | 7 
---|---|---|---|---|---|---|---|---|---
 8 | X |   |   |   |   |   |   |   | 8 
---|---|---|---|---|---|---|---|---|---
   | 1 | 2 | 3 | 4 | 5 | 6 | 7 | 8 |

It took 0 seconds to make this move...


Black to move
BXOXXXXXXXOOXXOOOXOOXXXXXXXOOOXEEXOOXOOEEXXOOOOOEXXOEEEEEXEEEEEEE
(8,4) Depth reached: 5, Nodes searched: 8014
   | 1 | 2 | 3 | 4 | 5 | 6 | 7 | 8 |
---|---|---|---|---|---|---|---|---|---
 1 | X | 0 | X | X | X | X | X | X | 1 
---|---|---|---|---|---|---|---|---|---
 2 | X | 0 | 0 | X | X | 0 | 0 | 0 | 2 
---|---|---|---|---|---|---|---|---|---
 3 | X | 0 | 0 | X | X | X | X | X | 3 
---|---|---|---|---|---|---|---|---|---
 4 | X | X | 0 | 0 | 0 | X |   |   | 4 
---|---|---|---|---|---|---|---|---|---
 5 | X | 0 | 0 | X | 0 | 0 |   |   | 5 
---|---|---|---|---|---|---|---|---|---
 6 | X | X | 0 | 0 | 0 | 0 | 0 |   | 6 
---|---|---|---|---|---|---|---|---|---
 7 | X | X | X |   |   |   |   |   | 7 
---|---|---|---|---|---|---|---|---|---
 8 | X |   |   | X |   |   |   |   | 8 
---|---|---|---|---|---|---|---|---|---
   | 1 | 2 | 3 | 4 | 5 | 6 | 7 | 8 |

It took 3 seconds to make this move...


White to move
WXOXXXXXXXOOXXOOOXOOXXXXXXXOOOXEEXOOXOOEEXXOOOOOEXXXEEEEEXEEXEEEE
(4,8)
   | 1 | 2 | 3 | 4 | 5 | 6 | 7 | 8 |
---|---|---|---|---|---|---|---|---|---
 1 | X | 0 | X | X | X | X | X | X | 1 
---|---|---|---|---|---|---|---|---|---
 2 | X | 0 | 0 | X | X | 0 | 0 | 0 | 2 
---|---|---|---|---|---|---|---|---|---
 3 | X | 0 | 0 | X | X | X | 0 | 0 | 3 
---|---|---|---|---|---|---|---|---|---
 4 | X | X | 0 | 0 | 0 | X |   | 0 | 4 
---|---|---|---|---|---|---|---|---|---
 5 | X | 0 | 0 | X | 0 | 0 |   |   | 5 
---|---|---|---|---|---|---|---|---|---
 6 | X | X | 0 | 0 | 0 | 0 | 0 |   | 6 
---|---|---|---|---|---|---|---|---|---
 7 | X | X | X |   |   |   |   |   | 7 
---|---|---|---|---|---|---|---|---|---
 8 | X |   |   | X |   |   |   |   | 8 
---|---|---|---|---|---|---|---|---|---
   | 1 | 2 | 3 | 4 | 5 | 6 | 7 | 8 |

It took 0 seconds to make this move...


Black to move
BXOXXXXXXXOOXXOOOXOOXXXOOXXOOOXEOXOOXOOEEXXOOOOOEXXXEEEEEXEEXEEEE
(5,8) Depth reached: 7, Nodes searched: 6938
   | 1 | 2 | 3 | 4 | 5 | 6 | 7 | 8 |
---|---|---|---|---|---|---|---|---|---
 1 | X | 0 | X | X | X | X | X | X | 1 
---|---|---|---|---|---|---|---|---|---
 2 | X | 0 | 0 | X | X | 0 | 0 | X | 2 
---|---|---|---|---|---|---|---|---|---
 3 | X | 0 | 0 | X | X | X | 0 | X | 3 
---|---|---|---|---|---|---|---|---|---
 4 | X | X | 0 | 0 | 0 | X |   | X | 4 
---|---|---|---|---|---|---|---|---|---
 5 | X | 0 | 0 | X | 0 | 0 |   | X | 5 
---|---|---|---|---|---|---|---|---|---
 6 | X | X | 0 | 0 | 0 | 0 | 0 |   | 6 
---|---|---|---|---|---|---|---|---|---
 7 | X | X | X |   |   |   |   |   | 7 
---|---|---|---|---|---|---|---|---|---
 8 | X |   |   | X |   |   |   |   | 8 
---|---|---|---|---|---|---|---|---|---
   | 1 | 2 | 3 | 4 | 5 | 6 | 7 | 8 |

It took 3 seconds to make this move...


White to move
WXOXXXXXXXOOXXOOXXOOXXXOXXXOOOXEXXOOXOOEXXXOOOOOEXXXEEEEEXEEXEEEE
(8,3)
   | 1 | 2 | 3 | 4 | 5 | 6 | 7 | 8 |
---|---|---|---|---|---|---|---|---|---
 1 | X | 0 | X | X | X | X | X | X | 1 
---|---|---|---|---|---|---|---|---|---
 2 | X | 0 | 0 | X | X | 0 | 0 | X | 2 
---|---|---|---|---|---|---|---|---|---
 3 | X | 0 | 0 | X | X | X | 0 | X | 3 
---|---|---|---|---|---|---|---|---|---
 4 | X | X | 0 | 0 | 0 | X |   | X | 4 
---|---|---|---|---|---|---|---|---|---
 5 | X | 0 | 0 | X | 0 | 0 |   | X | 5 
---|---|---|---|---|---|---|---|---|---
 6 | X | X | 0 | 0 | 0 | 0 | 0 |   | 6 
---|---|---|---|---|---|---|---|---|---
 7 | X | X | 0 |   |   |   |   |   | 7 
---|---|---|---|---|---|---|---|---|---
 8 | X |   | 0 | X |   |   |   |   | 8 
---|---|---|---|---|---|---|---|---|---
   | 1 | 2 | 3 | 4 | 5 | 6 | 7 | 8 |

It took 0 seconds to make this move...


Black to move
BXOXXXXXXXOOXXOOXXOOXXXOXXXOOOXEXXOOXOOEXXXOOOOOEXXOEEEEEXEOXEEEE
(4,7) Depth reached: 7, Nodes searched: 308
   | 1 | 2 | 3 | 4 | 5 | 6 | 7 | 8 |
---|---|---|---|---|---|---|---|---|---
 1 | X | 0 | X | X | X | X | X | X | 1 
---|---|---|---|---|---|---|---|---|---
 2 | X | 0 | 0 | X | X | 0 | X | X | 2 
---|---|---|---|---|---|---|---|---|---
 3 | X | 0 | 0 | X | X | X | X | X | 3 
---|---|---|---|---|---|---|---|---|---
 4 | X | X | 0 | 0 | 0 | X | X | X | 4 
---|---|---|---|---|---|---|---|---|---
 5 | X | 0 | 0 | X | 0 | 0 |   | X | 5 
---|---|---|---|---|---|---|---|---|---
 6 | X | X | 0 | 0 | 0 | 0 | 0 |   | 6 
---|---|---|---|---|---|---|---|---|---
 7 | X | X | 0 |   |   |   |   |   | 7 
---|---|---|---|---|---|---|---|---|---
 8 | X |   | 0 | X |   |   |   |   | 8 
---|---|---|---|---|---|---|---|---|---
   | 1 | 2 | 3 | 4 | 5 | 6 | 7 | 8 |

It took 3 seconds to make this move...


White to move
WXOXXXXXXXOOXXOXXXOOXXXXXXXOOOXXXXOOXOOEXXXOOOOOEXXOEEEEEXEOXEEEE
(8,2)
   | 1 | 2 | 3 | 4 | 5 | 6 | 7 | 8 |
---|---|---|---|---|---|---|---|---|---
 1 | X | 0 | X | X | X | X | X | X | 1 
---|---|---|---|---|---|---|---|---|---
 2 | X | 0 | 0 | X | X | 0 | X | X | 2 
---|---|---|---|---|---|---|---|---|---
 3 | X | 0 | 0 | X | X | X | X | X | 3 
---|---|---|---|---|---|---|---|---|---
 4 | X | X | 0 | 0 | 0 | X | X | X | 4 
---|---|---|---|---|---|---|---|---|---
 5 | X | 0 | 0 | X | 0 | 0 |   | X | 5 
---|---|---|---|---|---|---|---|---|---
 6 | X | 0 | 0 | 0 | 0 | 0 | 0 |   | 6 
---|---|---|---|---|---|---|---|---|---
 7 | X | 0 | 0 |   |   |   |   |   | 7 
---|---|---|---|---|---|---|---|---|---
 8 | X | 0 | 0 | X |   |   |   |   | 8 
---|---|---|---|---|---|---|---|---|---
   | 1 | 2 | 3 | 4 | 5 | 6 | 7 | 8 |

It took 0 seconds to make this move...


Black to move
BXOXXXXXXXOOXXOXXXOOXXXXXXXOOOXXXXOOXOOEXXOOOOOOEXOOEEEEEXOOXEEEE
(5,7) Depth reached: 8, Nodes searched: 8672
   | 1 | 2 | 3 | 4 | 5 | 6 | 7 | 8 |
---|---|---|---|---|---|---|---|---|---
 1 | X | 0 | X | X | X | X | X | X | 1 
---|---|---|---|---|---|---|---|---|---
 2 | X | 0 | 0 | X | X | 0 | X | X | 2 
---|---|---|---|---|---|---|---|---|---
 3 | X | 0 | 0 | X | X | X | X | X | 3 
---|---|---|---|---|---|---|---|---|---
 4 | X | X | 0 | 0 | 0 | X | X | X | 4 
---|---|---|---|---|---|---|---|---|---
 5 | X | 0 | 0 | X | X | X | X | X | 5 
---|---|---|---|---|---|---|---|---|---
 6 | X | 0 | 0 | 0 | 0 | 0 | 0 |   | 6 
---|---|---|---|---|---|---|---|---|---
 7 | X | 0 | 0 |   |   |   |   |   | 7 
---|---|---|---|---|---|---|---|---|---
 8 | X | 0 | 0 | X |   |   |   |   | 8 
---|---|---|---|---|---|---|---|---|---
   | 1 | 2 | 3 | 4 | 5 | 6 | 7 | 8 |

It took 3 seconds to make this move...


White to move
WXOXXXXXXXOOXXOXXXOOXXXXXXXOOOXXXXOOXXXXXXOOOOOOEXOOEEEEEXOOXEEEE
(8,5)
   | 1 | 2 | 3 | 4 | 5 | 6 | 7 | 8 |
---|---|---|---|---|---|---|---|---|---
 1 | X | 0 | X | X | X | X | X | X | 1 
---|---|---|---|---|---|---|---|---|---
 2 | X | 0 | 0 | X | X | 0 | X | X | 2 
---|---|---|---|---|---|---|---|---|---
 3 | X | 0 | 0 | X | X | X | X | X | 3 
---|---|---|---|---|---|---|---|---|---
 4 | X | X | 0 | 0 | 0 | X | X | X | 4 
---|---|---|---|---|---|---|---|---|---
 5 | X | 0 | 0 | X | X | X | X | X | 5 
---|---|---|---|---|---|---|---|---|---
 6 | X | 0 | 0 | 0 | 0 | 0 | 0 |   | 6 
---|---|---|---|---|---|---|---|---|---
 7 | X | 0 | 0 |   |   |   |   |   | 7 
---|---|---|---|---|---|---|---|---|---
 8 | X | 0 | 0 | 0 | 0 |   |   |   | 8 
---|---|---|---|---|---|---|---|---|---
   | 1 | 2 | 3 | 4 | 5 | 6 | 7 | 8 |

It took 0 seconds to make this move...


Black to move
BXOXXXXXXXOOXXOXXXOOXXXXXXXOOOXXXXOOXXXXXXOOOOOOEXOOEEEEEXOOOOEEE
(7,4) Depth reached: 14, Nodes searched: 8328
   | 1 | 2 | 3 | 4 | 5 | 6 | 7 | 8 |
---|---|---|---|---|---|---|---|---|---
 1 | X | 0 | X | X | X | X | X | X | 1 
---|---|---|---|---|---|---|---|---|---
 2 | X | 0 | 0 | X | X | 0 | X | X | 2 
---|---|---|---|---|---|---|---|---|---
 3 | X | 0 | 0 | X | X | X | X | X | 3 
---|---|---|---|---|---|---|---|---|---
 4 | X | X | 0 | 0 | 0 | X | X | X | 4 
---|---|---|---|---|---|---|---|---|---
 5 | X | X | 0 | X | X | X | X | X | 5 
---|---|---|---|---|---|---|---|---|---
 6 | X | 0 | X | X | X | 0 | 0 |   | 6 
---|---|---|---|---|---|---|---|---|---
 7 | X | X | X | X |   |   |   |   | 7 
---|---|---|---|---|---|---|---|---|---
 8 | X | 0 | 0 | 0 | 0 |   |   |   | 8 
---|---|---|---|---|---|---|---|---|---
   | 1 | 2 | 3 | 4 | 5 | 6 | 7 | 8 |

It took 3 seconds to make this move...


White to move
WXOXXXXXXXOOXXOXXXOOXXXXXXXOOOXXXXXOXXXXXXOXXXOOEXXXXEEEEXOOOOEEE
(7,6)
   | 1 | 2 | 3 | 4 | 5 | 6 | 7 | 8 |
---|---|---|---|---|---|---|---|---|---
 1 | X | 0 | X | X | X | X | X | X | 1 
---|---|---|---|---|---|---|---|---|---
 2 | X | 0 | 0 | X | X | 0 | X | X | 2 
---|---|---|---|---|---|---|---|---|---
 3 | X | 0 | 0 | X | X | X | X | X | 3 
---|---|---|---|---|---|---|---|---|---
 4 | X | X | 0 | 0 | 0 | X | X | X | 4 
---|---|---|---|---|---|---|---|---|---
 5 | X | X | 0 | 0 | X | X | X | X | 5 
---|---|---|---|---|---|---|---|---|---
 6 | X | 0 | X | X | 0 | 0 | 0 |   | 6 
---|---|---|---|---|---|---|---|---|---
 7 | X | X | X | X |   | 0 |   |   | 7 
---|---|---|---|---|---|---|---|---|---
 8 | X | 0 | 0 | 0 | 0 |   |   |   | 8 
---|---|---|---|---|---|---|---|---|---
   | 1 | 2 | 3 | 4 | 5 | 6 | 7 | 8 |

It took 0 seconds to make this move...


Black to move
BXOXXXXXXXOOXXOXXXOOXXXXXXXOOOXXXXXOOXXXXXOXXOOOEXXXXEOEEXOOOOEEE
(7,5) Depth reached: 41, Nodes searched: 2699
   | 1 | 2 | 3 | 4 | 5 | 6 | 7 | 8 |
---|---|---|---|---|---|---|---|---|---
 1 | X | 0 | X | X | X | X | X | X | 1 
---|---|---|---|---|---|---|---|---|---
 2 | X | 0 | 0 | X | X | 0 | X | X | 2 
---|---|---|---|---|---|---|---|---|---
 3 | X | 0 | 0 | X | X | X | X | X | 3 
---|---|---|---|---|---|---|---|---|---
 4 | X | X | 0 | 0 | 0 | X | X | X | 4 
---|---|---|---|---|---|---|---|---|---
 5 | X | X | 0 | 0 | X | X | X | X | 5 
---|---|---|---|---|---|---|---|---|---
 6 | X | 0 | X | X | X | X | 0 |   | 6 
---|---|---|---|---|---|---|---|---|---
 7 | X | X | X | X | X | 0 |   |   | 7 
---|---|---|---|---|---|---|---|---|---
 8 | X | 0 | 0 | 0 | 0 |   |   |   | 8 
---|---|---|---|---|---|---|---|---|---
   | 1 | 2 | 3 | 4 | 5 | 6 | 7 | 8 |

It took 3 seconds to make this move...


White to move
WXOXXXXXXXOOXXOXXXOOXXXXXXXOOOXXXXXOOXXXXXOXXXXOEXXXXXOEEXOOOOEEE
(7,7)
   | 1 | 2 | 3 | 4 | 5 | 6 | 7 | 8 |
---|---|---|---|---|---|---|---|---|---
 1 | X | 0 | X | X | X | X | X | X | 1 
---|---|---|---|---|---|---|---|---|---
 2 | X | 0 | 0 | X | X | 0 | X | X | 2 
---|---|---|---|---|---|---|---|---|---
 3 | X | 0 | 0 | X | X | X | X | X | 3 
---|---|---|---|---|---|---|---|---|---
 4 | X | X | 0 | 0 | 0 | X | X | X | 4 
---|---|---|---|---|---|---|---|---|---
 5 | X | X | 0 | 0 | 0 | X | X | X | 5 
---|---|---|---|---|---|---|---|---|---
 6 | X | 0 | X | X | X | 0 | 0 |   | 6 
---|---|---|---|---|---|---|---|---|---
 7 | X | X | X | X | X | 0 | 0 |   | 7 
---|---|---|---|---|---|---|---|---|---
 8 | X | 0 | 0 | 0 | 0 |   |   |   | 8 
---|---|---|---|---|---|---|---|---|---
   | 1 | 2 | 3 | 4 | 5 | 6 | 7 | 8 |

It took 0 seconds to make this move...


Black to move
BXOXXXXXXXOOXXOXXXOOXXXXXXXOOOXXXXXOOOXXXXOXXXOOEXXXXXOOEXOOOOEEE
(8,8) Depth reached: 116, Nodes searched: 938
   | 1 | 2 | 3 | 4 | 5 | 6 | 7 | 8 |
---|---|---|---|---|---|---|---|---|---
 1 | X | 0 | X | X | X | X | X | X | 1 
---|---|---|---|---|---|---|---|---|---
 2 | X | X | 0 | X | X | 0 | X | X | 2 
---|---|---|---|---|---|---|---|---|---
 3 | X | 0 | X | X | X | X | X | X | 3 
---|---|---|---|---|---|---|---|---|---
 4 | X | X | 0 | X | 0 | X | X | X | 4 
---|---|---|---|---|---|---|---|---|---
 5 | X | X | 0 | 0 | X | X | X | X | 5 
---|---|---|---|---|---|---|---|---|---
 6 | X | 0 | X | X | X | X | 0 |   | 6 
---|---|---|---|---|---|---|---|---|---
 7 | X | X | X | X | X | 0 | X |   | 7 
---|---|---|---|---|---|---|---|---|---
 8 | X | 0 | 0 | 0 | 0 |   |   | X | 8 
---|---|---|---|---|---|---|---|---|---
   | 1 | 2 | 3 | 4 | 5 | 6 | 7 | 8 |

It took 3 seconds to make this move...


White to move
WXOXXXXXXXXOXXOXXXOXXXXXXXXOXOXXXXXOOXXXXXOXXXXOEXXXXXOXEXOOOOEEX
(8,7)
   | 1 | 2 | 3 | 4 | 5 | 6 | 7 | 8 |
---|---|---|---|---|---|---|---|---|---
 1 | X | 0 | X | X | X | X | X | X | 1 
---|---|---|---|---|---|---|---|---|---
 2 | X | X | 0 | X | X | 0 | X | X | 2 
---|---|---|---|---|---|---|---|---|---
 3 | X | 0 | X | X | X | X | X | X | 3 
---|---|---|---|---|---|---|---|---|---
 4 | X | X | 0 | X | 0 | X | X | X | 4 
---|---|---|---|---|---|---|---|---|---
 5 | X | X | 0 | 0 | X | X | X | X | 5 
---|---|---|---|---|---|---|---|---|---
 6 | X | 0 | X | X | X | X | 0 |   | 6 
---|---|---|---|---|---|---|---|---|---
 7 | X | X | X | X | X | 0 | 0 |   | 7 
---|---|---|---|---|---|---|---|---|---
 8 | X | 0 | 0 | 0 | 0 |   | 0 | X | 8 
---|---|---|---|---|---|---|---|---|---
   | 1 | 2 | 3 | 4 | 5 | 6 | 7 | 8 |

It took 0 seconds to make this move...


Black to move
BXOXXXXXXXXOXXOXXXOXXXXXXXXOXOXXXXXOOXXXXXOXXXXOEXXXXXOOEXOOOOEOX
(8,6) Depth reached: 230, Nodes searched: 699
   | 1 | 2 | 3 | 4 | 5 | 6 | 7 | 8 |
---|---|---|---|---|---|---|---|---|---
 1 | X | 0 | X | X | X | X | X | X | 1 
---|---|---|---|---|---|---|---|---|---
 2 | X | X | 0 | X | X | 0 | X | X | 2 
---|---|---|---|---|---|---|---|---|---
 3 | X | 0 | X | X | X | X | X | X | 3 
---|---|---|---|---|---|---|---|---|---
 4 | X | X | 0 | X | 0 | X | X | X | 4 
---|---|---|---|---|---|---|---|---|---
 5 | X | X | 0 | 0 | X | X | X | X | 5 
---|---|---|---|---|---|---|---|---|---
 6 | X | 0 | X | X | X | X | 0 |   | 6 
---|---|---|---|---|---|---|---|---|---
 7 | X | X | X | X | X | X | 0 |   | 7 
---|---|---|---|---|---|---|---|---|---
 8 | X | X | X | X | X | X | X | X | 8 
---|---|---|---|---|---|---|---|---|---
   | 1 | 2 | 3 | 4 | 5 | 6 | 7 | 8 |

It took 3 seconds to make this move...


White to move
WXOXXXXXXXXOXXOXXXOXXXXXXXXOXOXXXXXOOXXXXXOXXXXOEXXXXXXOEXXXXXXXX
pass
   | 1 | 2 | 3 | 4 | 5 | 6 | 7 | 8 |
---|---|---|---|---|---|---|---|---|---
 1 | X | 0 | X | X | X | X | X | X | 1 
---|---|---|---|---|---|---|---|---|---
 2 | X | X | 0 | X | X | 0 | X | X | 2 
---|---|---|---|---|---|---|---|---|---
 3 | X | 0 | X | X | X | X | X | X | 3 
---|---|---|---|---|---|---|---|---|---
 4 | X | X | 0 | X | 0 | X | X | X | 4 
---|---|---|---|---|---|---|---|---|---
 5 | X | X | 0 | 0 | X | X | X | X | 5 
---|---|---|---|---|---|---|---|---|---
 6 | X | 0 | X | X | X | X | 0 |   | 6 
---|---|---|---|---|---|---|---|---|---
 7 | X | X | X | X | X | X | 0 |   | 7 
---|---|---|---|---|---|---|---|---|---
 8 | X | X | X | X | X | X | X | X | 8 
---|---|---|---|---|---|---|---|---|---
   | 1 | 2 | 3 | 4 | 5 | 6 | 7 | 8 |

It took 0 seconds to make this move...


Black to move
BXOXXXXXXXXOXXOXXXOXXXXXXXXOXOXXXXXOOXXXXXOXXXXOEXXXXXXOEXXXXXXXX
(6,8) Depth reached: 362, Nodes searched: 542
   | 1 | 2 | 3 | 4 | 5 | 6 | 7 | 8 |
---|---|---|---|---|---|---|---|---|---
 1 | X | 0 | X | X | X | X | X | X | 1 
---|---|---|---|---|---|---|---|---|---
 2 | X | X | 0 | X | X | 0 | X | X | 2 
---|---|---|---|---|---|---|---|---|---
 3 | X | 0 | X | X | X | X | X | X | 3 
---|---|---|---|---|---|---|---|---|---
 4 | X | X | 0 | X | 0 | X | X | X | 4 
---|---|---|---|---|---|---|---|---|---
 5 | X | X | 0 | 0 | X | X | X | X | 5 
---|---|---|---|---|---|---|---|---|---
 6 | X | 0 | X | X | X | X | X | X | 6 
---|---|---|---|---|---|---|---|---|---
 7 | X | X | X | X | X | X | X |   | 7 
---|---|---|---|---|---|---|---|---|---
 8 | X | X | X | X | X | X | X | X | 8 
---|---|---|---|---|---|---|---|---|---
   | 1 | 2 | 3 | 4 | 5 | 6 | 7 | 8 |

It took 3 seconds to make this move...


White to move
WXOXXXXXXXXOXXOXXXOXXXXXXXXOXOXXXXXOOXXXXXOXXXXXXXXXXXXXEXXXXXXXX
(7,8)
   | 1 | 2 | 3 | 4 | 5 | 6 | 7 | 8 |
---|---|---|---|---|---|---|---|---|---
 1 | X | 0 | X | X | X | X | X | X | 1 
---|---|---|---|---|---|---|---|---|---
 2 | X | X | 0 | X | X | 0 | X | X | 2 
---|---|---|---|---|---|---|---|---|---
 3 | X | 0 | X | X | X | X | X | X | 3 
---|---|---|---|---|---|---|---|---|---
 4 | X | X | 0 | X | 0 | X | X | X | 4 
---|---|---|---|---|---|---|---|---|---
 5 | X | X | 0 | 0 | X | 0 | X | X | 5 
---|---|---|---|---|---|---|---|---|---
 6 | X | 0 | X | X | X | X | 0 | X | 6 
---|---|---|---|---|---|---|---|---|---
 7 | X | X | X | X | X | X | X | 0 | 7 
---|---|---|---|---|---|---|---|---|---
 8 | X | X | X | X | X | X | X | X | 8 
---|---|---|---|---|---|---|---|---|---
   | 1 | 2 | 3 | 4 | 5 | 6 | 7 | 8 |

It took 0 seconds to make this move...


Black to move
BXOXXXXXXXXOXXOXXXOXXXXXXXXOXOXXXXXOOXOXXXOXXXXOXXXXXXXXOXXXXXXXX
pass
   | 1 | 2 | 3 | 4 | 5 | 6 | 7 | 8 |
---|---|---|---|---|---|---|---|---|---
 1 | X | 0 | X | X | X | X | X | X | 1 
---|---|---|---|---|---|---|---|---|---
 2 | X | X | 0 | X | X | 0 | X | X | 2 
---|---|---|---|---|---|---|---|---|---
 3 | X | 0 | X | X | X | X | X | X | 3 
---|---|---|---|---|---|---|---|---|---
 4 | X | X | 0 | X | 0 | X | X | X | 4 
---|---|---|---|---|---|---|---|---|---
 5 | X | X | 0 | 0 | X | 0 | X | X | 5 
---|---|---|---|---|---|---|---|---|---
 6 | X | 0 | X | X | X | X | 0 | X | 6 
---|---|---|---|---|---|---|---|---|---
 7 | X | X | X | X | X | X | X | 0 | 7 
---|---|---|---|---|---|---|---|---|---
 8 | X | X | X | X | X | X | X | X | 8 
---|---|---|---|---|---|---|---|---|---
   | 1 | 2 | 3 | 4 | 5 | 6 | 7 | 8 |

It took 3 seconds to make this move...


White to move
WXOXXXXXXXXOXXOXXXOXXXXXXXXOXOXXXXXOOXOXXXOXXXXOXXXXXXXXOXXXXXXXX
pass
   | 1 | 2 | 3 | 4 | 5 | 6 | 7 | 8 |
---|---|---|---|---|---|---|---|---|---
 1 | X | 0 | X | X | X | X | X | X | 1 
---|---|---|---|---|---|---|---|---|---
 2 | X | X | 0 | X | X | 0 | X | X | 2 
---|---|---|---|---|---|---|---|---|---
 3 | X | 0 | X | X | X | X | X | X | 3 
---|---|---|---|---|---|---|---|---|---
 4 | X | X | 0 | X | 0 | X | X | X | 4 
---|---|---|---|---|---|---|---|---|---
 5 | X | X | 0 | 0 | X | 0 | X | X | 5 
---|---|---|---|---|---|---|---|---|---
 6 | X | 0 | X | X | X | X | 0 | X | 6 
---|---|---|---|---|---|---|---|---|---
 7 | X | X | X | X | X | X | X | 0 | 7 
---|---|---|---|---|---|---|---|---|---
 8 | X | X | X | X | X | X | X | X | 8 
---|---|---|---|---|---|---|---|---|---
   | 1 | 2 | 3 | 4 | 5 | 6 | 7 | 8 |

It took 0 seconds to make this move...
***************************************
Results for ./othello_naive.sh vs. ../Python/othello.sh:
Black won with 40 points
Average time for white: 0.1 s (max: 1 s)
Average time for black: 2.8 s (max: 3 s)
***************************************
