   | 1 | 2 | 3 | 4 | 5 | 6 | 7 | 8 |
---|---|---|---|---|---|---|---|---|---
 1 |   |   |   |   |   |   |   |   | 1 
---|---|---|---|---|---|---|---|---|---
 2 |   |   |   |   |   |   |   |   | 2 
---|---|---|---|---|---|---|---|---|---
 3 |   |   |   |   |   |   |   |   | 3 
---|---|---|---|---|---|---|---|---|---
 4 |   |   |   | 0 | X |   |   |   | 4 
---|---|---|---|---|---|---|---|---|---
 5 |   |   |   | X | 0 |   |   |   | 5 
---|---|---|---|---|---|---|---|---|---
 6 |   |   |   |   |   |   |   |   | 6 
---|---|---|---|---|---|---|---|---|---
 7 |   |   |   |   |   |   |   |   | 7 
---|---|---|---|---|---|---|---|---|---
 8 |   |   |   |   |   |   |   |   | 8 
---|---|---|---|---|---|---|---|---|---
   | 1 | 2 | 3 | 4 | 5 | 6 | 7 | 8 |



White to move
WEEEEEEEEEEEEEEEEEEEEEEEEEEEOXEEEEEEXOEEEEEEEEEEEEEEEEEEEEEEEEEEE
(3,5) Depth reached: 6, Nodes searched: 3188
   | 1 | 2 | 3 | 4 | 5 | 6 | 7 | 8 |
---|---|---|---|---|---|---|---|---|---
 1 |   |   |   |   |   |   |   |   | 1 
---|---|---|---|---|---|---|---|---|---
 2 |   |   |   |   |   |   |   |   | 2 
---|---|---|---|---|---|---|---|---|---
 3 |   |   |   |   | 0 |   |   |   | 3 
---|---|---|---|---|---|---|---|---|---
 4 |   |   |   | 0 | 0 |   |   |   | 4 
---|---|---|---|---|---|---|---|---|---
 5 |   |   |   | X | 0 |   |   |   | 5 
---|---|---|---|---|---|---|---|---|---
 6 |   |   |   |   |   |   |   |   | 6 
---|---|---|---|---|---|---|---|---|---
 7 |   |   |   |   |   |   |   |   | 7 
---|---|---|---|---|---|---|---|---|---
 8 |   |   |   |   |   |   |   |   | 8 
---|---|---|---|---|---|---|---|---|---
   | 1 | 2 | 3 | 4 | 5 | 6 | 7 | 8 |

It took 3 seconds to make this move...


Black to move
BEEEEEEEEEEEEEEEEEEEEOEEEEEEOOEEEEEEXOEEEEEEEEEEEEEEEEEEEEEEEEEEE
(3,4)
   | 1 | 2 | 3 | 4 | 5 | 6 | 7 | 8 |
---|---|---|---|---|---|---|---|---|---
 1 |   |   |   |   |   |   |   |   | 1 
---|---|---|---|---|---|---|---|---|---
 2 |   |   |   |   |   |   |   |   | 2 
---|---|---|---|---|---|---|---|---|---
 3 |   |   |   | X | 0 |   |   |   | 3 
---|---|---|---|---|---|---|---|---|---
 4 |   |   |   | X | 0 |   |   |   | 4 
---|---|---|---|---|---|---|---|---|---
 5 |   |   |   | X | 0 |   |   |   | 5 
---|---|---|---|---|---|---|---|---|---
 6 |   |   |   |   |   |   |   |   | 6 
---|---|---|---|---|---|---|---|---|---
 7 |   |   |   |   |   |   |   |   | 7 
---|---|---|---|---|---|---|---|---|---
 8 |   |   |   |   |   |   |   |   | 8 
---|---|---|---|---|---|---|---|---|---
   | 1 | 2 | 3 | 4 | 5 | 6 | 7 | 8 |

It took 0 seconds to make this move...


White to move
WEEEEEEEEEEEEEEEEEEEXOEEEEEEXOEEEEEEXOEEEEEEEEEEEEEEEEEEEEEEEEEEE
(3,3) Depth reached: 6, Nodes searched: 2901
   | 1 | 2 | 3 | 4 | 5 | 6 | 7 | 8 |
---|---|---|---|---|---|---|---|---|---
 1 |   |   |   |   |   |   |   |   | 1 
---|---|---|---|---|---|---|---|---|---
 2 |   |   |   |   |   |   |   |   | 2 
---|---|---|---|---|---|---|---|---|---
 3 |   |   | 0 | 0 | 0 |   |   |   | 3 
---|---|---|---|---|---|---|---|---|---
 4 |   |   |   | 0 | 0 |   |   |   | 4 
---|---|---|---|---|---|---|---|---|---
 5 |   |   |   | X | 0 |   |   |   | 5 
---|---|---|---|---|---|---|---|---|---
 6 |   |   |   |   |   |   |   |   | 6 
---|---|---|---|---|---|---|---|---|---
 7 |   |   |   |   |   |   |   |   | 7 
---|---|---|---|---|---|---|---|---|---
 8 |   |   |   |   |   |   |   |   | 8 
---|---|---|---|---|---|---|---|---|---
   | 1 | 2 | 3 | 4 | 5 | 6 | 7 | 8 |

It took 3 seconds to make this move...


Black to move
BEEEEEEEEEEEEEEEEEEOOOEEEEEEOOEEEEEEXOEEEEEEEEEEEEEEEEEEEEEEEEEEE
(3,6)
   | 1 | 2 | 3 | 4 | 5 | 6 | 7 | 8 |
---|---|---|---|---|---|---|---|---|---
 1 |   |   |   |   |   |   |   |   | 1 
---|---|---|---|---|---|---|---|---|---
 2 |   |   |   |   |   |   |   |   | 2 
---|---|---|---|---|---|---|---|---|---
 3 |   |   | 0 | 0 | 0 | X |   |   | 3 
---|---|---|---|---|---|---|---|---|---
 4 |   |   |   | 0 | X |   |   |   | 4 
---|---|---|---|---|---|---|---|---|---
 5 |   |   |   | X | 0 |   |   |   | 5 
---|---|---|---|---|---|---|---|---|---
 6 |   |   |   |   |   |   |   |   | 6 
---|---|---|---|---|---|---|---|---|---
 7 |   |   |   |   |   |   |   |   | 7 
---|---|---|---|---|---|---|---|---|---
 8 |   |   |   |   |   |   |   |   | 8 
---|---|---|---|---|---|---|---|---|---
   | 1 | 2 | 3 | 4 | 5 | 6 | 7 | 8 |

It took 0 seconds to make this move...


White to move
WEEEEEEEEEEEEEEEEEEOOOXEEEEEOXEEEEEEXOEEEEEEEEEEEEEEEEEEEEEEEEEEE
(5,6) Depth reached: 6, Nodes searched: 498
   | 1 | 2 | 3 | 4 | 5 | 6 | 7 | 8 |
---|---|---|---|---|---|---|---|---|---
 1 |   |   |   |   |   |   |   |   | 1 
---|---|---|---|---|---|---|---|---|---
 2 |   |   |   |   |   |   |   |   | 2 
---|---|---|---|---|---|---|---|---|---
 3 |   |   | 0 | 0 | 0 | X |   |   | 3 
---|---|---|---|---|---|---|---|---|---
 4 |   |   |   | 0 | 0 |   |   |   | 4 
---|---|---|---|---|---|---|---|---|---
 5 |   |   |   | X | 0 | 0 |   |   | 5 
---|---|---|---|---|---|---|---|---|---
 6 |   |   |   |   |   |   |   |   | 6 
---|---|---|---|---|---|---|---|---|---
 7 |   |   |   |   |   |   |   |   | 7 
---|---|---|---|---|---|---|---|---|---
 8 |   |   |   |   |   |   |   |   | 8 
---|---|---|---|---|---|---|---|---|---
   | 1 | 2 | 3 | 4 | 5 | 6 | 7 | 8 |

It took 3 seconds to make this move...


Black to move
BEEEEEEEEEEEEEEEEEEOOOXEEEEEOOEEEEEEXOOEEEEEEEEEEEEEEEEEEEEEEEEEE
(2,4)
   | 1 | 2 | 3 | 4 | 5 | 6 | 7 | 8 |
---|---|---|---|---|---|---|---|---|---
 1 |   |   |   |   |   |   |   |   | 1 
---|---|---|---|---|---|---|---|---|---
 2 |   |   |   | X |   |   |   |   | 2 
---|---|---|---|---|---|---|---|---|---
 3 |   |   | 0 | X | 0 | X |   |   | 3 
---|---|---|---|---|---|---|---|---|---
 4 |   |   |   | X | 0 |   |   |   | 4 
---|---|---|---|---|---|---|---|---|---
 5 |   |   |   | X | 0 | 0 |   |   | 5 
---|---|---|---|---|---|---|---|---|---
 6 |   |   |   |   |   |   |   |   | 6 
---|---|---|---|---|---|---|---|---|---
 7 |   |   |   |   |   |   |   |   | 7 
---|---|---|---|---|---|---|---|---|---
 8 |   |   |   |   |   |   |   |   | 8 
---|---|---|---|---|---|---|---|---|---
   | 1 | 2 | 3 | 4 | 5 | 6 | 7 | 8 |

It took 0 seconds to make this move...


White to move
WEEEEEEEEEEEXEEEEEEOXOXEEEEEXOEEEEEEXOOEEEEEEEEEEEEEEEEEEEEEEEEEE
(4,3) Depth reached: 5, Nodes searched: 2824
   | 1 | 2 | 3 | 4 | 5 | 6 | 7 | 8 |
---|---|---|---|---|---|---|---|---|---
 1 |   |   |   |   |   |   |   |   | 1 
---|---|---|---|---|---|---|---|---|---
 2 |   |   |   | X |   |   |   |   | 2 
---|---|---|---|---|---|---|---|---|---
 3 |   |   | 0 | X | 0 | X |   |   | 3 
---|---|---|---|---|---|---|---|---|---
 4 |   |   | 0 | 0 | 0 |   |   |   | 4 
---|---|---|---|---|---|---|---|---|---
 5 |   |   |   | X | 0 | 0 |   |   | 5 
---|---|---|---|---|---|---|---|---|---
 6 |   |   |   |   |   |   |   |   | 6 
---|---|---|---|---|---|---|---|---|---
 7 |   |   |   |   |   |   |   |   | 7 
---|---|---|---|---|---|---|---|---|---
 8 |   |   |   |   |   |   |   |   | 8 
---|---|---|---|---|---|---|---|---|---
   | 1 | 2 | 3 | 4 | 5 | 6 | 7 | 8 |

It took 3 seconds to make this move...


Black to move
BEEEEEEEEEEEXEEEEEEOXOXEEEEOOOEEEEEEXOOEEEEEEEEEEEEEEEEEEEEEEEEEE
(5,2)
   | 1 | 2 | 3 | 4 | 5 | 6 | 7 | 8 |
---|---|---|---|---|---|---|---|---|---
 1 |   |   |   |   |   |   |   |   | 1 
---|---|---|---|---|---|---|---|---|---
 2 |   |   |   | X |   |   |   |   | 2 
---|---|---|---|---|---|---|---|---|---
 3 |   |   | 0 | X | 0 | X |   |   | 3 
---|---|---|---|---|---|---|---|---|---
 4 |   |   | X | 0 | 0 |   |   |   | 4 
---|---|---|---|---|---|---|---|---|---
 5 |   | X |   | X | 0 | 0 |   |   | 5 
---|---|---|---|---|---|---|---|---|---
 6 |   |   |   |   |   |   |   |   | 6 
---|---|---|---|---|---|---|---|---|---
 7 |   |   |   |   |   |   |   |   | 7 
---|---|---|---|---|---|---|---|---|---
 8 |   |   |   |   |   |   |   |   | 8 
---|---|---|---|---|---|---|---|---|---
   | 1 | 2 | 3 | 4 | 5 | 6 | 7 | 8 |

It took 0 seconds to make this move...


White to move
WEEEEEEEEEEEXEEEEEEOXOXEEEEXOOEEEEXEXOOEEEEEEEEEEEEEEEEEEEEEEEEEE
(1,4) Depth reached: 5, Nodes searched: 2596
   | 1 | 2 | 3 | 4 | 5 | 6 | 7 | 8 |
---|---|---|---|---|---|---|---|---|---
 1 |   |   |   | 0 |   |   |   |   | 1 
---|---|---|---|---|---|---|---|---|---
 2 |   |   |   | 0 |   |   |   |   | 2 
---|---|---|---|---|---|---|---|---|---
 3 |   |   | 0 | 0 | 0 | X |   |   | 3 
---|---|---|---|---|---|---|---|---|---
 4 |   |   | X | 0 | 0 |   |   |   | 4 
---|---|---|---|---|---|---|---|---|---
 5 |   | X |   | X | 0 | 0 |   |   | 5 
---|---|---|---|---|---|---|---|---|---
 6 |   |   |   |   |   |   |   |   | 6 
---|---|---|---|---|---|---|---|---|---
 7 |   |   |   |   |   |   |   |   | 7 
---|---|---|---|---|---|---|---|---|---
 8 |   |   |   |   |   |   |   |   | 8 
---|---|---|---|---|---|---|---|---|---
   | 1 | 2 | 3 | 4 | 5 | 6 | 7 | 8 |

It took 3 seconds to make this move...


Black to move
BEEEOEEEEEEEOEEEEEEOOOXEEEEXOOEEEEXEXOOEEEEEEEEEEEEEEEEEEEEEEEEEE
(3,2)
   | 1 | 2 | 3 | 4 | 5 | 6 | 7 | 8 |
---|---|---|---|---|---|---|---|---|---
 1 |   |   |   | 0 |   |   |   |   | 1 
---|---|---|---|---|---|---|---|---|---
 2 |   |   |   | 0 |   |   |   |   | 2 
---|---|---|---|---|---|---|---|---|---
 3 |   | X | X | X | X | X |   |   | 3 
---|---|---|---|---|---|---|---|---|---
 4 |   |   | X | 0 | 0 |   |   |   | 4 
---|---|---|---|---|---|---|---|---|---
 5 |   | X |   | X | 0 | 0 |   |   | 5 
---|---|---|---|---|---|---|---|---|---
 6 |   |   |   |   |   |   |   |   | 6 
---|---|---|---|---|---|---|---|---|---
 7 |   |   |   |   |   |   |   |   | 7 
---|---|---|---|---|---|---|---|---|---
 8 |   |   |   |   |   |   |   |   | 8 
---|---|---|---|---|---|---|---|---|---
   | 1 | 2 | 3 | 4 | 5 | 6 | 7 | 8 |

It took 1 seconds to make this move...


White to move
WEEEOEEEEEEEOEEEEEXXXXXEEEEXOOEEEEXEXOOEEEEEEEEEEEEEEEEEEEEEEEEEE
(4,6) Depth reached: 4, Nodes searched: 4471
   | 1 | 2 | 3 | 4 | 5 | 6 | 7 | 8 |
---|---|---|---|---|---|---|---|---|---
 1 |   |   |   | 0 |   |   |   |   | 1 
---|---|---|---|---|---|---|---|---|---
 2 |   |   |   | 0 |   |   |   |   | 2 
---|---|---|---|---|---|---|---|---|---
 3 |   | X | X | X | 0 | X |   |   | 3 
---|---|---|---|---|---|---|---|---|---
 4 |   |   | X | 0 | 0 | 0 |   |   | 4 
---|---|---|---|---|---|---|---|---|---
 5 |   | X |   | X | 0 | 0 |   |   | 5 
---|---|---|---|---|---|---|---|---|---
 6 |   |   |   |   |   |   |   |   | 6 
---|---|---|---|---|---|---|---|---|---
 7 |   |   |   |   |   |   |   |   | 7 
---|---|---|---|---|---|---|---|---|---
 8 |   |   |   |   |   |   |   |   | 8 
---|---|---|---|---|---|---|---|---|---
   | 1 | 2 | 3 | 4 | 5 | 6 | 7 | 8 |

It took 2 seconds to make this move...


Black to move
BEEEOEEEEEEEOEEEEEXXXOXEEEEXOOOEEEXEXOOEEEEEEEEEEEEEEEEEEEEEEEEEE
(6,6)
   | 1 | 2 | 3 | 4 | 5 | 6 | 7 | 8 |
---|---|---|---|---|---|---|---|---|---
 1 |   |   |   | 0 |   |   |   |   | 1 
---|---|---|---|---|---|---|---|---|---
 2 |   |   |   | 0 |   |   |   |   | 2 
---|---|---|---|---|---|---|---|---|---
 3 |   | X | X | X | 0 | X |   |   | 3 
---|---|---|---|---|---|---|---|---|---
 4 |   |   | X | X | 0 | X |   |   | 4 
---|---|---|---|---|---|---|---|---|---
 5 |   | X |   | X | X | X |   |   | 5 
---|---|---|---|---|---|---|---|---|---
 6 |   |   |   |   |   | X |   |   | 6 
---|---|---|---|---|---|---|---|---|---
 7 |   |   |   |   |   |   |   |   | 7 
---|---|---|---|---|---|---|---|---|---
 8 |   |   |   |   |   |   |   |   | 8 
---|---|---|---|---|---|---|---|---|---
   | 1 | 2 | 3 | 4 | 5 | 6 | 7 | 8 |

It took 1 seconds to make this move...


White to move
WEEEOEEEEEEEOEEEEEXXXOXEEEEXXOXEEEXEXXXEEEEEEEXEEEEEEEEEEEEEEEEEE
(6,4) Depth reached: 4, Nodes searched: 4077
   | 1 | 2 | 3 | 4 | 5 | 6 | 7 | 8 |
---|---|---|---|---|---|---|---|---|---
 1 |   |   |   | 0 |   |   |   |   | 1 
---|---|---|---|---|---|---|---|---|---
 2 |   |   |   | 0 |   |   |   |   | 2 
---|---|---|---|---|---|---|---|---|---
 3 |   | X | X | 0 | 0 | X |   |   | 3 
---|---|---|---|---|---|---|---|---|---
 4 |   |   | X | 0 | 0 | X |   |   | 4 
---|---|---|---|---|---|---|---|---|---
 5 |   | X |   | 0 | X | X |   |   | 5 
---|---|---|---|---|---|---|---|---|---
 6 |   |   |   | 0 |   | X |   |   | 6 
---|---|---|---|---|---|---|---|---|---
 7 |   |   |   |   |   |   |   |   | 7 
---|---|---|---|---|---|---|---|---|---
 8 |   |   |   |   |   |   |   |   | 8 
---|---|---|---|---|---|---|---|---|---
   | 1 | 2 | 3 | 4 | 5 | 6 | 7 | 8 |

It took 3 seconds to make this move...


Black to move
BEEEOEEEEEEEOEEEEEXXOOXEEEEXOOXEEEXEOXXEEEEEOEXEEEEEEEEEEEEEEEEEE
(1,3)
   | 1 | 2 | 3 | 4 | 5 | 6 | 7 | 8 |
---|---|---|---|---|---|---|---|---|---
 1 |   |   | X | 0 |   |   |   |   | 1 
---|---|---|---|---|---|---|---|---|---
 2 |   |   |   | X |   |   |   |   | 2 
---|---|---|---|---|---|---|---|---|---
 3 |   | X | X | 0 | X | X |   |   | 3 
---|---|---|---|---|---|---|---|---|---
 4 |   |   | X | 0 | 0 | X |   |   | 4 
---|---|---|---|---|---|---|---|---|---
 5 |   | X |   | 0 | X | X |   |   | 5 
---|---|---|---|---|---|---|---|---|---
 6 |   |   |   | 0 |   | X |   |   | 6 
---|---|---|---|---|---|---|---|---|---
 7 |   |   |   |   |   |   |   |   | 7 
---|---|---|---|---|---|---|---|---|---
 8 |   |   |   |   |   |   |   |   | 8 
---|---|---|---|---|---|---|---|---|---
   | 1 | 2 | 3 | 4 | 5 | 6 | 7 | 8 |

It took 0 seconds to make this move...


White to move
WEEXOEEEEEEEXEEEEEXXOXXEEEEXOOXEEEXEOXXEEEEEOEXEEEEEEEEEEEEEEEEEE
(1,2) Depth reached: 4, Nodes searched: 4130
   | 1 | 2 | 3 | 4 | 5 | 6 | 7 | 8 |
---|---|---|---|---|---|---|---|---|---
 1 |   | 0 | 0 | 0 |   |   |   |   | 1 
---|---|---|---|---|---|---|---|---|---
 2 |   |   |   | X |   |   |   |   | 2 
---|---|---|---|---|---|---|---|---|---
 3 |   | X | X | 0 | X | X |   |   | 3 
---|---|---|---|---|---|---|---|---|---
 4 |   |   | X | 0 | 0 | X |   |   | 4 
---|---|---|---|---|---|---|---|---|---
 5 |   | X |   | 0 | X | X |   |   | 5 
---|---|---|---|---|---|---|---|---|---
 6 |   |   |   | 0 |   | X |   |   | 6 
---|---|---|---|---|---|---|---|---|---
 7 |   |   |   |   |   |   |   |   | 7 
---|---|---|---|---|---|---|---|---|---
 8 |   |   |   |   |   |   |   |   | 8 
---|---|---|---|---|---|---|---|---|---
   | 1 | 2 | 3 | 4 | 5 | 6 | 7 | 8 |

It took 3 seconds to make this move...


Black to move
BEOOOEEEEEEEXEEEEEXXOXXEEEEXOOXEEEXEOXXEEEEEOEXEEEEEEEEEEEEEEEEEE
(6,3)
   | 1 | 2 | 3 | 4 | 5 | 6 | 7 | 8 |
---|---|---|---|---|---|---|---|---|---
 1 |   | 0 | 0 | 0 |   |   |   |   | 1 
---|---|---|---|---|---|---|---|---|---
 2 |   |   |   | X |   |   |   |   | 2 
---|---|---|---|---|---|---|---|---|---
 3 |   | X | X | 0 | X | X |   |   | 3 
---|---|---|---|---|---|---|---|---|---
 4 |   |   | X | 0 | X | X |   |   | 4 
---|---|---|---|---|---|---|---|---|---
 5 |   | X |   | X | X | X |   |   | 5 
---|---|---|---|---|---|---|---|---|---
 6 |   |   | X | 0 |   | X |   |   | 6 
---|---|---|---|---|---|---|---|---|---
 7 |   |   |   |   |   |   |   |   | 7 
---|---|---|---|---|---|---|---|---|---
 8 |   |   |   |   |   |   |   |   | 8 
---|---|---|---|---|---|---|---|---|---
   | 1 | 2 | 3 | 4 | 5 | 6 | 7 | 8 |

It took 0 seconds to make this move...


White to move
WEOOOEEEEEEEXEEEEEXXOXXEEEEXOXXEEEXEXXXEEEEXOEXEEEEEEEEEEEEEEEEEE
(3,1) Depth reached: 5, Nodes searched: 626
   | 1 | 2 | 3 | 4 | 5 | 6 | 7 | 8 |
---|---|---|---|---|---|---|---|---|---
 1 |   | 0 | 0 | 0 |   |   |   |   | 1 
---|---|---|---|---|---|---|---|---|---
 2 |   |   |   | X |   |   |   |   | 2 
---|---|---|---|---|---|---|---|---|---
 3 | 0 | 0 | 0 | 0 | X | X |   |   | 3 
---|---|---|---|---|---|---|---|---|---
 4 |   |   | X | 0 | X | X |   |   | 4 
---|---|---|---|---|---|---|---|---|---
 5 |   | X |   | X | X | X |   |   | 5 
---|---|---|---|---|---|---|---|---|---
 6 |   |   | X | 0 |   | X |   |   | 6 
---|---|---|---|---|---|---|---|---|---
 7 |   |   |   |   |   |   |   |   | 7 
---|---|---|---|---|---|---|---|---|---
 8 |   |   |   |   |   |   |   |   | 8 
---|---|---|---|---|---|---|---|---|---
   | 1 | 2 | 3 | 4 | 5 | 6 | 7 | 8 |

It took 3 seconds to make this move...


Black to move
BEOOOEEEEEEEXEEEEOOOOXXEEEEXOXXEEEXEXXXEEEEXOEXEEEEEEEEEEEEEEEEEE
(2,2)
   | 1 | 2 | 3 | 4 | 5 | 6 | 7 | 8 |
---|---|---|---|---|---|---|---|---|---
 1 |   | 0 | 0 | 0 |   |   |   |   | 1 
---|---|---|---|---|---|---|---|---|---
 2 |   | X |   | X |   |   |   |   | 2 
---|---|---|---|---|---|---|---|---|---
 3 | 0 | 0 | X | 0 | X | X |   |   | 3 
---|---|---|---|---|---|---|---|---|---
 4 |   |   | X | X | X | X |   |   | 4 
---|---|---|---|---|---|---|---|---|---
 5 |   | X |   | X | X | X |   |   | 5 
---|---|---|---|---|---|---|---|---|---
 6 |   |   | X | 0 |   | X |   |   | 6 
---|---|---|---|---|---|---|---|---|---
 7 |   |   |   |   |   |   |   |   | 7 
---|---|---|---|---|---|---|---|---|---
 8 |   |   |   |   |   |   |   |   | 8 
---|---|---|---|---|---|---|---|---|---
   | 1 | 2 | 3 | 4 | 5 | 6 | 7 | 8 |

It took 0 seconds to make this move...


White to move
WEOOOEEEEEXEXEEEEOOXOXXEEEEXXXXEEEXEXXXEEEEXOEXEEEEEEEEEEEEEEEEEE
(6,1) Depth reached: 5, Nodes searched: 3070
   | 1 | 2 | 3 | 4 | 5 | 6 | 7 | 8 |
---|---|---|---|---|---|---|---|---|---
 1 |   | 0 | 0 | 0 |   |   |   |   | 1 
---|---|---|---|---|---|---|---|---|---
 2 |   | X |   | X |   |   |   |   | 2 
---|---|---|---|---|---|---|---|---|---
 3 | 0 | 0 | X | 0 | X | X |   |   | 3 
---|---|---|---|---|---|---|---|---|---
 4 |   |   | 0 | X | X | X |   |   | 4 
---|---|---|---|---|---|---|---|---|---
 5 |   | 0 |   | X | X | X |   |   | 5 
---|---|---|---|---|---|---|---|---|---
 6 | 0 |   | X | 0 |   | X |   |   | 6 
---|---|---|---|---|---|---|---|---|---
 7 |   |   |   |   |   |   |   |   | 7 
---|---|---|---|---|---|---|---|---|---
 8 |   |   |   |   |   |   |   |   | 8 
---|---|---|---|---|---|---|---|---|---
   | 1 | 2 | 3 | 4 | 5 | 6 | 7 | 8 |

It took 3 seconds to make this move...


Black to move
BEOOOEEEEEXEXEEEEOOXOXXEEEEOXXXEEEOEXXXEEOEXOEXEEEEEEEEEEEEEEEEEE
(4,2)
   | 1 | 2 | 3 | 4 | 5 | 6 | 7 | 8 |
---|---|---|---|---|---|---|---|---|---
 1 |   | 0 | 0 | 0 |   |   |   |   | 1 
---|---|---|---|---|---|---|---|---|---
 2 |   | X |   | X |   |   |   |   | 2 
---|---|---|---|---|---|---|---|---|---
 3 | 0 | X | X | 0 | X | X |   |   | 3 
---|---|---|---|---|---|---|---|---|---
 4 |   | X | X | X | X | X |   |   | 4 
---|---|---|---|---|---|---|---|---|---
 5 |   | 0 |   | X | X | X |   |   | 5 
---|---|---|---|---|---|---|---|---|---
 6 | 0 |   | X | 0 |   | X |   |   | 6 
---|---|---|---|---|---|---|---|---|---
 7 |   |   |   |   |   |   |   |   | 7 
---|---|---|---|---|---|---|---|---|---
 8 |   |   |   |   |   |   |   |   | 8 
---|---|---|---|---|---|---|---|---|---
   | 1 | 2 | 3 | 4 | 5 | 6 | 7 | 8 |

It took 1 seconds to make this move...


White to move
WEOOOEEEEEXEXEEEEOXXOXXEEEXXXXXEEEOEXXXEEOEXOEXEEEEEEEEEEEEEEEEEE
(3,7) Depth reached: 5, Nodes searched: 3905
   | 1 | 2 | 3 | 4 | 5 | 6 | 7 | 8 |
---|---|---|---|---|---|---|---|---|---
 1 |   | 0 | 0 | 0 |   |   |   |   | 1 
---|---|---|---|---|---|---|---|---|---
 2 |   | X |   | X |   |   |   |   | 2 
---|---|---|---|---|---|---|---|---|---
 3 | 0 | X | X | 0 | 0 | 0 | 0 |   | 3 
---|---|---|---|---|---|---|---|---|---
 4 |   | X | X | X | X | 0 |   |   | 4 
---|---|---|---|---|---|---|---|---|---
 5 |   | 0 |   | X | 0 | X |   |   | 5 
---|---|---|---|---|---|---|---|---|---
 6 | 0 |   | X | 0 |   | X |   |   | 6 
---|---|---|---|---|---|---|---|---|---
 7 |   |   |   |   |   |   |   |   | 7 
---|---|---|---|---|---|---|---|---|---
 8 |   |   |   |   |   |   |   |   | 8 
---|---|---|---|---|---|---|---|---|---
   | 1 | 2 | 3 | 4 | 5 | 6 | 7 | 8 |

It took 2 seconds to make this move...


Black to move
BEOOOEEEEEXEXEEEEOXXOOOOEEXXXXOEEEOEXOXEEOEXOEXEEEEEEEEEEEEEEEEEE
(3,8)
   | 1 | 2 | 3 | 4 | 5 | 6 | 7 | 8 |
---|---|---|---|---|---|---|---|---|---
 1 |   | 0 | 0 | 0 |   |   |   |   | 1 
---|---|---|---|---|---|---|---|---|---
 2 |   | X |   | X |   |   |   |   | 2 
---|---|---|---|---|---|---|---|---|---
 3 | 0 | X | X | X | X | X | X | X | 3 
---|---|---|---|---|---|---|---|---|---
 4 |   | X | X | X | X | 0 |   |   | 4 
---|---|---|---|---|---|---|---|---|---
 5 |   | 0 |   | X | 0 | X |   |   | 5 
---|---|---|---|---|---|---|---|---|---
 6 | 0 |   | X | 0 |   | X |   |   | 6 
---|---|---|---|---|---|---|---|---|---
 7 |   |   |   |   |   |   |   |   | 7 
---|---|---|---|---|---|---|---|---|---
 8 |   |   |   |   |   |   |   |   | 8 
---|---|---|---|---|---|---|---|---|---
   | 1 | 2 | 3 | 4 | 5 | 6 | 7 | 8 |

It took 1 seconds to make this move...


White to move
WEOOOEEEEEXEXEEEEOXXXXXXXEXXXXOEEEOEXOXEEOEXOEXEEEEEEEEEEEEEEEEEE
(1,1) Depth reached: 5, Nodes searched: 2922
   | 1 | 2 | 3 | 4 | 5 | 6 | 7 | 8 |
---|---|---|---|---|---|---|---|---|---
 1 | 0 | 0 | 0 | 0 |   |   |   |   | 1 
---|---|---|---|---|---|---|---|---|---
 2 |   | 0 |   | X |   |   |   |   | 2 
---|---|---|---|---|---|---|---|---|---
 3 | 0 | X | 0 | X | X | X | X | X | 3 
---|---|---|---|---|---|---|---|---|---
 4 |   | X | X | 0 | X | 0 |   |   | 4 
---|---|---|---|---|---|---|---|---|---
 5 |   | 0 |   | X | 0 | X |   |   | 5 
---|---|---|---|---|---|---|---|---|---
 6 | 0 |   | X | 0 |   | X |   |   | 6 
---|---|---|---|---|---|---|---|---|---
 7 |   |   |   |   |   |   |   |   | 7 
---|---|---|---|---|---|---|---|---|---
 8 |   |   |   |   |   |   |   |   | 8 
---|---|---|---|---|---|---|---|---|---
   | 1 | 2 | 3 | 4 | 5 | 6 | 7 | 8 |

It took 3 seconds to make this move...


Black to move
BOOOOEEEEEOEXEEEEOXOXXXXXEXXOXOEEEOEXOXEEOEXOEXEEEEEEEEEEEEEEEEEE
(6,5)
   | 1 | 2 | 3 | 4 | 5 | 6 | 7 | 8 |
---|---|---|---|---|---|---|---|---|---
 1 | 0 | 0 | 0 | 0 |   |   |   |   | 1 
---|---|---|---|---|---|---|---|---|---
 2 |   | 0 |   | X |   |   |   |   | 2 
---|---|---|---|---|---|---|---|---|---
 3 | 0 | X | 0 | X | X | X | X | X | 3 
---|---|---|---|---|---|---|---|---|---
 4 |   | X | X | 0 | X | 0 |   |   | 4 
---|---|---|---|---|---|---|---|---|---
 5 |   | 0 |   | X | X | X |   |   | 5 
---|---|---|---|---|---|---|---|---|---
 6 | 0 |   | X | X | X | X |   |   | 6 
---|---|---|---|---|---|---|---|---|---
 7 |   |   |   |   |   |   |   |   | 7 
---|---|---|---|---|---|---|---|---|---
 8 |   |   |   |   |   |   |   |   | 8 
---|---|---|---|---|---|---|---|---|---
   | 1 | 2 | 3 | 4 | 5 | 6 | 7 | 8 |

It took 0 seconds to make this move...


White to move
WOOOOEEEEEOEXEEEEOXOXXXXXEXXOXOEEEOEXXXEEOEXXXXEEEEEEEEEEEEEEEEEE
(1,5) Depth reached: 5, Nodes searched: 1872
   | 1 | 2 | 3 | 4 | 5 | 6 | 7 | 8 |
---|---|---|---|---|---|---|---|---|---
 1 | 0 | 0 | 0 | 0 | 0 |   |   |   | 1 
---|---|---|---|---|---|---|---|---|---
 2 |   | 0 |   | 0 |   |   |   |   | 2 
---|---|---|---|---|---|---|---|---|---
 3 | 0 | X | 0 | X | X | X | X | X | 3 
---|---|---|---|---|---|---|---|---|---
 4 |   | X | X | 0 | X | 0 |   |   | 4 
---|---|---|---|---|---|---|---|---|---
 5 |   | 0 |   | X | X | X |   |   | 5 
---|---|---|---|---|---|---|---|---|---
 6 | 0 |   | X | X | X | X |   |   | 6 
---|---|---|---|---|---|---|---|---|---
 7 |   |   |   |   |   |   |   |   | 7 
---|---|---|---|---|---|---|---|---|---
 8 |   |   |   |   |   |   |   |   | 8 
---|---|---|---|---|---|---|---|---|---
   | 1 | 2 | 3 | 4 | 5 | 6 | 7 | 8 |

It took 3 seconds to make this move...


Black to move
BOOOOOEEEEOEOEEEEOXOXXXXXEXXOXOEEEOEXXXEEOEXXXXEEEEEEEEEEEEEEEEEE
(2,3)
   | 1 | 2 | 3 | 4 | 5 | 6 | 7 | 8 |
---|---|---|---|---|---|---|---|---|---
 1 | 0 | 0 | 0 | 0 | 0 |   |   |   | 1 
---|---|---|---|---|---|---|---|---|---
 2 |   | 0 | X | 0 |   |   |   |   | 2 
---|---|---|---|---|---|---|---|---|---
 3 | 0 | X | X | X | X | X | X | X | 3 
---|---|---|---|---|---|---|---|---|---
 4 |   | X | X | 0 | X | 0 |   |   | 4 
---|---|---|---|---|---|---|---|---|---
 5 |   | 0 |   | X | X | X |   |   | 5 
---|---|---|---|---|---|---|---|---|---
 6 | 0 |   | X | X | X | X |   |   | 6 
---|---|---|---|---|---|---|---|---|---
 7 |   |   |   |   |   |   |   |   | 7 
---|---|---|---|---|---|---|---|---|---
 8 |   |   |   |   |   |   |   |   | 8 
---|---|---|---|---|---|---|---|---|---
   | 1 | 2 | 3 | 4 | 5 | 6 | 7 | 8 |

It took 0 seconds to make this move...


White to move
WOOOOOEEEEOXOEEEEOXXXXXXXEXXOXOEEEOEXXXEEOEXXXXEEEEEEEEEEEEEEEEEE
(5,3) Depth reached: 5, Nodes searched: 123
   | 1 | 2 | 3 | 4 | 5 | 6 | 7 | 8 |
---|---|---|---|---|---|---|---|---|---
 1 | 0 | 0 | 0 | 0 | 0 |   |   |   | 1 
---|---|---|---|---|---|---|---|---|---
 2 |   | 0 | 0 | 0 |   |   |   |   | 2 
---|---|---|---|---|---|---|---|---|---
 3 | 0 | X | 0 | X | X | X | X | X | 3 
---|---|---|---|---|---|---|---|---|---
 4 |   | 0 | 0 | 0 | X | 0 |   |   | 4 
---|---|---|---|---|---|---|---|---|---
 5 |   | 0 | 0 | X | X | X |   |   | 5 
---|---|---|---|---|---|---|---|---|---
 6 | 0 |   | X | X | X | X |   |   | 6 
---|---|---|---|---|---|---|---|---|---
 7 |   |   |   |   |   |   |   |   | 7 
---|---|---|---|---|---|---|---|---|---
 8 |   |   |   |   |   |   |   |   | 8 
---|---|---|---|---|---|---|---|---|---
   | 1 | 2 | 3 | 4 | 5 | 6 | 7 | 8 |

It took 3 seconds to make this move...


Black to move
BOOOOOEEEEOOOEEEEOXOXXXXXEOOOXOEEEOOXXXEEOEXXXXEEEEEEEEEEEEEEEEEE
(4,7)
   | 1 | 2 | 3 | 4 | 5 | 6 | 7 | 8 |
---|---|---|---|---|---|---|---|---|---
 1 | 0 | 0 | 0 | 0 | 0 |   |   |   | 1 
---|---|---|---|---|---|---|---|---|---
 2 |   | 0 | 0 | 0 |   |   |   |   | 2 
---|---|---|---|---|---|---|---|---|---
 3 | 0 | X | 0 | X | X | X | X | X | 3 
---|---|---|---|---|---|---|---|---|---
 4 |   | 0 | 0 | 0 | X | X | X |   | 4 
---|---|---|---|---|---|---|---|---|---
 5 |   | 0 | 0 | X | X | X |   |   | 5 
---|---|---|---|---|---|---|---|---|---
 6 | 0 |   | X | X | X | X |   |   | 6 
---|---|---|---|---|---|---|---|---|---
 7 |   |   |   |   |   |   |   |   | 7 
---|---|---|---|---|---|---|---|---|---
 8 |   |   |   |   |   |   |   |   | 8 
---|---|---|---|---|---|---|---|---|---
   | 1 | 2 | 3 | 4 | 5 | 6 | 7 | 8 |

It took 0 seconds to make this move...


White to move
WOOOOOEEEEOOOEEEEOXOXXXXXEOOOXXXEEOOXXXEEOEXXXXEEEEEEEEEEEEEEEEEE
(2,1) Depth reached: 5, Nodes searched: 1395
   | 1 | 2 | 3 | 4 | 5 | 6 | 7 | 8 |
---|---|---|---|---|---|---|---|---|---
 1 | 0 | 0 | 0 | 0 | 0 |   |   |   | 1 
---|---|---|---|---|---|---|---|---|---
 2 | 0 | 0 | 0 | 0 |   |   |   |   | 2 
---|---|---|---|---|---|---|---|---|---
 3 | 0 | 0 | 0 | X | X | X | X | X | 3 
---|---|---|---|---|---|---|---|---|---
 4 |   | 0 | 0 | 0 | X | X | X |   | 4 
---|---|---|---|---|---|---|---|---|---
 5 |   | 0 | 0 | X | X | X |   |   | 5 
---|---|---|---|---|---|---|---|---|---
 6 | 0 |   | X | X | X | X |   |   | 6 
---|---|---|---|---|---|---|---|---|---
 7 |   |   |   |   |   |   |   |   | 7 
---|---|---|---|---|---|---|---|---|---
 8 |   |   |   |   |   |   |   |   | 8 
---|---|---|---|---|---|---|---|---|---
   | 1 | 2 | 3 | 4 | 5 | 6 | 7 | 8 |

It took 3 seconds to make this move...


Black to move
BOOOOOEEEOOOOEEEEOOOXXXXXEOOOXXXEEOOXXXEEOEXXXXEEEEEEEEEEEEEEEEEE
(5,1)
   | 1 | 2 | 3 | 4 | 5 | 6 | 7 | 8 |
---|---|---|---|---|---|---|---|---|---
 1 | 0 | 0 | 0 | 0 | 0 |   |   |   | 1 
---|---|---|---|---|---|---|---|---|---
 2 | 0 | 0 | 0 | 0 |   |   |   |   | 2 
---|---|---|---|---|---|---|---|---|---
 3 | 0 | 0 | 0 | X | X | X | X | X | 3 
---|---|---|---|---|---|---|---|---|---
 4 |   | 0 | 0 | 0 | X | X | X |   | 4 
---|---|---|---|---|---|---|---|---|---
 5 | X | X | X | X | X | X |   |   | 5 
---|---|---|---|---|---|---|---|---|---
 6 | 0 |   | X | X | X | X |   |   | 6 
---|---|---|---|---|---|---|---|---|---
 7 |   |   |   |   |   |   |   |   | 7 
---|---|---|---|---|---|---|---|---|---
 8 |   |   |   |   |   |   |   |   | 8 
---|---|---|---|---|---|---|---|---|---
   | 1 | 2 | 3 | 4 | 5 | 6 | 7 | 8 |

It took 0 seconds to make this move...


White to move
WOOOOOEEEOOOOEEEEOOOXXXXXEOOOXXXEXXXXXXEEOEXXXXEEEEEEEEEEEEEEEEEE
(4,1) Depth reached: 6, Nodes searched: 2797
   | 1 | 2 | 3 | 4 | 5 | 6 | 7 | 8 |
---|---|---|---|---|---|---|---|---|---
 1 | 0 | 0 | 0 | 0 | 0 |   |   |   | 1 
---|---|---|---|---|---|---|---|---|---
 2 | 0 | 0 | 0 | 0 |   |   |   |   | 2 
---|---|---|---|---|---|---|---|---|---
 3 | 0 | 0 | 0 | X | X | X | X | X | 3 
---|---|---|---|---|---|---|---|---|---
 4 | 0 | 0 | 0 | 0 | X | X | X |   | 4 
---|---|---|---|---|---|---|---|---|---
 5 | 0 | X | X | X | X | X |   |   | 5 
---|---|---|---|---|---|---|---|---|---
 6 | 0 |   | X | X | X | X |   |   | 6 
---|---|---|---|---|---|---|---|---|---
 7 |   |   |   |   |   |   |   |   | 7 
---|---|---|---|---|---|---|---|---|---
 8 |   |   |   |   |   |   |   |   | 8 
---|---|---|---|---|---|---|---|---|---
   | 1 | 2 | 3 | 4 | 5 | 6 | 7 | 8 |

It took 3 seconds to make this move...


Black to move
BOOOOOEEEOOOOEEEEOOOXXXXXOOOOXXXEOXXXXXEEOEXXXXEEEEEEEEEEEEEEEEEE
pass
   | 1 | 2 | 3 | 4 | 5 | 6 | 7 | 8 |
---|---|---|---|---|---|---|---|---|---
 1 | 0 | 0 | 0 | 0 | 0 |   |   |   | 1 
---|---|---|---|---|---|---|---|---|---
 2 | 0 | 0 | 0 | 0 |   |   |   |   | 2 
---|---|---|---|---|---|---|---|---|---
 3 | 0 | 0 | 0 | X | X | X | X | X | 3 
---|---|---|---|---|---|---|---|---|---
 4 | 0 | 0 | 0 | 0 | X | X | X |   | 4 
---|---|---|---|---|---|---|---|---|---
 5 | 0 | X | X | X | X | X |   |   | 5 
---|---|---|---|---|---|---|---|---|---
 6 | 0 |   | X | X | X | X |   |   | 6 
---|---|---|---|---|---|---|---|---|---
 7 |   |   |   |   |   |   |   |   | 7 
---|---|---|---|---|---|---|---|---|---
 8 |   |   |   |   |   |   |   |   | 8 
---|---|---|---|---|---|---|---|---|---
   | 1 | 2 | 3 | 4 | 5 | 6 | 7 | 8 |

It took 0 seconds to make this move...


White to move
WOOOOOEEEOOOOEEEEOOOXXXXXOOOOXXXEOXXXXXEEOEXXXXEEEEEEEEEEEEEEEEEE
(6,2) Depth reached: 6, Nodes searched: 1455
   | 1 | 2 | 3 | 4 | 5 | 6 | 7 | 8 |
---|---|---|---|---|---|---|---|---|---
 1 | 0 | 0 | 0 | 0 | 0 |   |   |   | 1 
---|---|---|---|---|---|---|---|---|---
 2 | 0 | 0 | 0 | 0 |   |   |   |   | 2 
---|---|---|---|---|---|---|---|---|---
 3 | 0 | 0 | 0 | X | X | X | X | X | 3 
---|---|---|---|---|---|---|---|---|---
 4 | 0 | 0 | 0 | 0 | X | X | X |   | 4 
---|---|---|---|---|---|---|---|---|---
 5 | 0 | 0 | 0 | X | X | X |   |   | 5 
---|---|---|---|---|---|---|---|---|---
 6 | 0 | 0 | X | X | X | X |   |   | 6 
---|---|---|---|---|---|---|---|---|---
 7 |   |   |   |   |   |   |   |   | 7 
---|---|---|---|---|---|---|---|---|---
 8 |   |   |   |   |   |   |   |   | 8 
---|---|---|---|---|---|---|---|---|---
   | 1 | 2 | 3 | 4 | 5 | 6 | 7 | 8 |

It took 3 seconds to make this move...


Black to move
BOOOOOEEEOOOOEEEEOOOXXXXXOOOOXXXEOOOXXXEEOOXXXXEEEEEEEEEEEEEEEEEE
(7,1)
   | 1 | 2 | 3 | 4 | 5 | 6 | 7 | 8 |
---|---|---|---|---|---|---|---|---|---
 1 | 0 | 0 | 0 | 0 | 0 |   |   |   | 1 
---|---|---|---|---|---|---|---|---|---
 2 | 0 | 0 | 0 | 0 |   |   |   |   | 2 
---|---|---|---|---|---|---|---|---|---
 3 | 0 | 0 | 0 | X | X | X | X | X | 3 
---|---|---|---|---|---|---|---|---|---
 4 | 0 | 0 | 0 | X | X | X | X |   | 4 
---|---|---|---|---|---|---|---|---|---
 5 | 0 | 0 | X | X | X | X |   |   | 5 
---|---|---|---|---|---|---|---|---|---
 6 | 0 | X | X | X | X | X |   |   | 6 
---|---|---|---|---|---|---|---|---|---
 7 | X |   |   |   |   |   |   |   | 7 
---|---|---|---|---|---|---|---|---|---
 8 |   |   |   |   |   |   |   |   | 8 
---|---|---|---|---|---|---|---|---|---
   | 1 | 2 | 3 | 4 | 5 | 6 | 7 | 8 |

It took 0 seconds to make this move...


White to move
WOOOOOEEEOOOOEEEEOOOXXXXXOOOXXXXEOOXXXXEEOXXXXXEEXEEEEEEEEEEEEEEE
(8,1) Depth reached: 6, Nodes searched: 2247
   | 1 | 2 | 3 | 4 | 5 | 6 | 7 | 8 |
---|---|---|---|---|---|---|---|---|---
 1 | 0 | 0 | 0 | 0 | 0 |   |   |   | 1 
---|---|---|---|---|---|---|---|---|---
 2 | 0 | 0 | 0 | 0 |   |   |   |   | 2 
---|---|---|---|---|---|---|---|---|---
 3 | 0 | 0 | 0 | X | X | X | X | X | 3 
---|---|---|---|---|---|---|---|---|---
 4 | 0 | 0 | 0 | X | X | X | X |   | 4 
---|---|---|---|---|---|---|---|---|---
 5 | 0 | 0 | X | X | X | X |   |   | 5 
---|---|---|---|---|---|---|---|---|---
 6 | 0 | X | X | X | X | X |   |   | 6 
---|---|---|---|---|---|---|---|---|---
 7 | 0 |   |   |   |   |   |   |   | 7 
---|---|---|---|---|---|---|---|---|---
 8 | 0 |   |   |   |   |   |   |   | 8 
---|---|---|---|---|---|---|---|---|---
   | 1 | 2 | 3 | 4 | 5 | 6 | 7 | 8 |

It took 3 seconds to make this move...


Black to move
BOOOOOEEEOOOOEEEEOOOXXXXXOOOXXXXEOOXXXXEEOXXXXXEEOEEEEEEEOEEEEEEE
pass
   | 1 | 2 | 3 | 4 | 5 | 6 | 7 | 8 |
---|---|---|---|---|---|---|---|---|---
 1 | 0 | 0 | 0 | 0 | 0 |   |   |   | 1 
---|---|---|---|---|---|---|---|---|---
 2 | 0 | 0 | 0 | 0 |   |   |   |   | 2 
---|---|---|---|---|---|---|---|---|---
 3 | 0 | 0 | 0 | X | X | X | X | X | 3 
---|---|---|---|---|---|---|---|---|---
 4 | 0 | 0 | 0 | X | X | X | X |   | 4 
---|---|---|---|---|---|---|---|---|---
 5 | 0 | 0 | X | X | X | X |   |   | 5 
---|---|---|---|---|---|---|---|---|---
 6 | 0 | X | X | X | X | X |   |   | 6 
---|---|---|---|---|---|---|---|---|---
 7 | 0 |   |   |   |   |   |   |   | 7 
---|---|---|---|---|---|---|---|---|---
 8 | 0 |   |   |   |   |   |   |   | 8 
---|---|---|---|---|---|---|---|---|---
   | 1 | 2 | 3 | 4 | 5 | 6 | 7 | 8 |

It took 0 seconds to make this move...


White to move
WOOOOOEEEOOOOEEEEOOOXXXXXOOOXXXXEOOXXXXEEOXXXXXEEOEEEEEEEOEEEEEEE
(2,6) Depth reached: 6, Nodes searched: 3191
   | 1 | 2 | 3 | 4 | 5 | 6 | 7 | 8 |
---|---|---|---|---|---|---|---|---|---
 1 | 0 | 0 | 0 | 0 | 0 |   |   |   | 1 
---|---|---|---|---|---|---|---|---|---
 2 | 0 | 0 | 0 | 0 |   | 0 |   |   | 2 
---|---|---|---|---|---|---|---|---|---
 3 | 0 | 0 | 0 | X | 0 | X | X | X | 3 
---|---|---|---|---|---|---|---|---|---
 4 | 0 | 0 | 0 | 0 | X | X | X |   | 4 
---|---|---|---|---|---|---|---|---|---
 5 | 0 | 0 | 0 | X | X | X |   |   | 5 
---|---|---|---|---|---|---|---|---|---
 6 | 0 | 0 | X | X | X | X |   |   | 6 
---|---|---|---|---|---|---|---|---|---
 7 | 0 |   |   |   |   |   |   |   | 7 
---|---|---|---|---|---|---|---|---|---
 8 | 0 |   |   |   |   |   |   |   | 8 
---|---|---|---|---|---|---|---|---|---
   | 1 | 2 | 3 | 4 | 5 | 6 | 7 | 8 |

It took 3 seconds to make this move...


Black to move
BOOOOOEEEOOOOEOEEOOOXOXXXOOOOXXXEOOOXXXEEOOXXXXEEOEEEEEEEOEEEEEEE
(1,6)
   | 1 | 2 | 3 | 4 | 5 | 6 | 7 | 8 |
---|---|---|---|---|---|---|---|---|---
 1 | 0 | 0 | 0 | 0 | 0 | X |   |   | 1 
---|---|---|---|---|---|---|---|---|---
 2 | 0 | 0 | 0 | 0 |   | X |   |   | 2 
---|---|---|---|---|---|---|---|---|---
 3 | 0 | 0 | 0 | X | 0 | X | X | X | 3 
---|---|---|---|---|---|---|---|---|---
 4 | 0 | 0 | 0 | 0 | X | X | X |   | 4 
---|---|---|---|---|---|---|---|---|---
 5 | 0 | 0 | 0 | X | X | X |   |   | 5 
---|---|---|---|---|---|---|---|---|---
 6 | 0 | 0 | X | X | X | X |   |   | 6 
---|---|---|---|---|---|---|---|---|---
 7 | 0 |   |   |   |   |   |   |   | 7 
---|---|---|---|---|---|---|---|---|---
 8 | 0 |   |   |   |   |   |   |   | 8 
---|---|---|---|---|---|---|---|---|---
   | 1 | 2 | 3 | 4 | 5 | 6 | 7 | 8 |

It took 0 seconds to make this move...


White to move
WOOOOOXEEOOOOEXEEOOOXOXXXOOOOXXXEOOOXXXEEOOXXXXEEOEEEEEEEOEEEEEEE
(2,5) Depth reached: 6, Nodes searched: 4319
   | 1 | 2 | 3 | 4 | 5 | 6 | 7 | 8 |
---|---|---|---|---|---|---|---|---|---
 1 | 0 | 0 | 0 | 0 | 0 | X |   |   | 1 
---|---|---|---|---|---|---|---|---|---
 2 | 0 | 0 | 0 | 0 | 0 | X |   |   | 2 
---|---|---|---|---|---|---|---|---|---
 3 | 0 | 0 | 0 | 0 | 0 | X | X | X | 3 
---|---|---|---|---|---|---|---|---|---
 4 | 0 | 0 | 0 | 0 | X | X | X |   | 4 
---|---|---|---|---|---|---|---|---|---
 5 | 0 | 0 | 0 | X | X | X |   |   | 5 
---|---|---|---|---|---|---|---|---|---
 6 | 0 | 0 | X | X | X | X |   |   | 6 
---|---|---|---|---|---|---|---|---|---
 7 | 0 |   |   |   |   |   |   |   | 7 
---|---|---|---|---|---|---|---|---|---
 8 | 0 |   |   |   |   |   |   |   | 8 
---|---|---|---|---|---|---|---|---|---
   | 1 | 2 | 3 | 4 | 5 | 6 | 7 | 8 |

It took 3 seconds to make this move...


Black to move
BOOOOOXEEOOOOOXEEOOOOOXXXOOOOXXXEOOOXXXEEOOXXXXEEOEEEEEEEOEEEEEEE
pass
   | 1 | 2 | 3 | 4 | 5 | 6 | 7 | 8 |
---|---|---|---|---|---|---|---|---|---
 1 | 0 | 0 | 0 | 0 | 0 | X |   |   | 1 
---|---|---|---|---|---|---|---|---|---
 2 | 0 | 0 | 0 | 0 | 0 | X |   |   | 2 
---|---|---|---|---|---|---|---|---|---
 3 | 0 | 0 | 0 | 0 | 0 | X | X | X | 3 
---|---|---|---|---|---|---|---|---|---
 4 | 0 | 0 | 0 | 0 | X | X | X |   | 4 
---|---|---|---|---|---|---|---|---|---
 5 | 0 | 0 | 0 | X | X | X |   |   | 5 
---|---|---|---|---|---|---|---|---|---
 6 | 0 | 0 | X | X | X | X |   |   | 6 
---|---|---|---|---|---|---|---|---|---
 7 | 0 |   |   |   |   |   |   |   | 7 
---|---|---|---|---|---|---|---|---|---
 8 | 0 |   |   |   |   |   |   |   | 8 
---|---|---|---|---|---|---|---|---|---
   | 1 | 2 | 3 | 4 | 5 | 6 | 7 | 8 |

It took 0 seconds to make this move...


White to move
WOOOOOXEEOOOOOXEEOOOOOXXXOOOOXXXEOOOXXXEEOOXXXXEEOEEEEEEEOEEEEEEE
(7,3) Depth reached: 6, Nodes searched: 3377
   | 1 | 2 | 3 | 4 | 5 | 6 | 7 | 8 |
---|---|---|---|---|---|---|---|---|---
 1 | 0 | 0 | 0 | 0 | 0 | X |   |   | 1 
---|---|---|---|---|---|---|---|---|---
 2 | 0 | 0 | 0 | 0 | 0 | X |   |   | 2 
---|---|---|---|---|---|---|---|---|---
 3 | 0 | 0 | 0 | 0 | 0 | X | X | X | 3 
---|---|---|---|---|---|---|---|---|---
 4 | 0 | 0 | 0 | 0 | X | X | X |   | 4 
---|---|---|---|---|---|---|---|---|---
 5 | 0 | 0 | 0 | X | X | X |   |   | 5 
---|---|---|---|---|---|---|---|---|---
 6 | 0 | 0 | 0 | X | X | X |   |   | 6 
---|---|---|---|---|---|---|---|---|---
 7 | 0 |   | 0 |   |   |   |   |   | 7 
---|---|---|---|---|---|---|---|---|---
 8 | 0 |   |   |   |   |   |   |   | 8 
---|---|---|---|---|---|---|---|---|---
   | 1 | 2 | 3 | 4 | 5 | 6 | 7 | 8 |

It took 3 seconds to make this move...


Black to move
BOOOOOXEEOOOOOXEEOOOOOXXXOOOOXXXEOOOXXXEEOOOXXXEEOEOEEEEEOEEEEEEE
(7,2)
   | 1 | 2 | 3 | 4 | 5 | 6 | 7 | 8 |
---|---|---|---|---|---|---|---|---|---
 1 | 0 | 0 | 0 | 0 | 0 | X |   |   | 1 
---|---|---|---|---|---|---|---|---|---
 2 | 0 | 0 | 0 | 0 | 0 | X |   |   | 2 
---|---|---|---|---|---|---|---|---|---
 3 | 0 | 0 | 0 | 0 | 0 | X | X | X | 3 
---|---|---|---|---|---|---|---|---|---
 4 | 0 | 0 | 0 | 0 | X | X | X |   | 4 
---|---|---|---|---|---|---|---|---|---
 5 | 0 | 0 | 0 | X | X | X |   |   | 5 
---|---|---|---|---|---|---|---|---|---
 6 | 0 | 0 | X | X | X | X |   |   | 6 
---|---|---|---|---|---|---|---|---|---
 7 | 0 | X | 0 |   |   |   |   |   | 7 
---|---|---|---|---|---|---|---|---|---
 8 | 0 |   |   |   |   |   |   |   | 8 
---|---|---|---|---|---|---|---|---|---
   | 1 | 2 | 3 | 4 | 5 | 6 | 7 | 8 |

It took 0 seconds to make this move...


White to move
WOOOOOXEEOOOOOXEEOOOOOXXXOOOOXXXEOOOXXXEEOOXXXXEEOXOEEEEEOEEEEEEE
(2,7) Depth reached: 6, Nodes searched: 955
   | 1 | 2 | 3 | 4 | 5 | 6 | 7 | 8 |
---|---|---|---|---|---|---|---|---|---
 1 | 0 | 0 | 0 | 0 | 0 | X |   |   | 1 
---|---|---|---|---|---|---|---|---|---
 2 | 0 | 0 | 0 | 0 | 0 | 0 | 0 |   | 2 
---|---|---|---|---|---|---|---|---|---
 3 | 0 | 0 | 0 | 0 | 0 | 0 | X | X | 3 
---|---|---|---|---|---|---|---|---|---
 4 | 0 | 0 | 0 | 0 | 0 | X | X |   | 4 
---|---|---|---|---|---|---|---|---|---
 5 | 0 | 0 | 0 | 0 | X | X |   |   | 5 
---|---|---|---|---|---|---|---|---|---
 6 | 0 | 0 | 0 | X | X | X |   |   | 6 
---|---|---|---|---|---|---|---|---|---
 7 | 0 | 0 | 0 |   |   |   |   |   | 7 
---|---|---|---|---|---|---|---|---|---
 8 | 0 |   |   |   |   |   |   |   | 8 
---|---|---|---|---|---|---|---|---|---
   | 1 | 2 | 3 | 4 | 5 | 6 | 7 | 8 |

It took 3 seconds to make this move...


Black to move
BOOOOOXEEOOOOOOOEOOOOOOXXOOOOOXXEOOOOXXEEOOOXXXEEOOOEEEEEOEEEEEEE
(1,7)
   | 1 | 2 | 3 | 4 | 5 | 6 | 7 | 8 |
---|---|---|---|---|---|---|---|---|---
 1 | 0 | 0 | 0 | 0 | 0 | X | X |   | 1 
---|---|---|---|---|---|---|---|---|---
 2 | 0 | 0 | 0 | 0 | 0 | 0 | X |   | 2 
---|---|---|---|---|---|---|---|---|---
 3 | 0 | 0 | 0 | 0 | 0 | 0 | X | X | 3 
---|---|---|---|---|---|---|---|---|---
 4 | 0 | 0 | 0 | 0 | 0 | X | X |   | 4 
---|---|---|---|---|---|---|---|---|---
 5 | 0 | 0 | 0 | 0 | X | X |   |   | 5 
---|---|---|---|---|---|---|---|---|---
 6 | 0 | 0 | 0 | X | X | X |   |   | 6 
---|---|---|---|---|---|---|---|---|---
 7 | 0 | 0 | 0 |   |   |   |   |   | 7 
---|---|---|---|---|---|---|---|---|---
 8 | 0 |   |   |   |   |   |   |   | 8 
---|---|---|---|---|---|---|---|---|---
   | 1 | 2 | 3 | 4 | 5 | 6 | 7 | 8 |

It took 0 seconds to make this move...


White to move
WOOOOOXXEOOOOOOXEOOOOOOXXOOOOOXXEOOOOXXEEOOOXXXEEOOOEEEEEOEEEEEEE
(1,8) Depth reached: 7, Nodes searched: 230
   | 1 | 2 | 3 | 4 | 5 | 6 | 7 | 8 |
---|---|---|---|---|---|---|---|---|---
 1 | 0 | 0 | 0 | 0 | 0 | 0 | 0 | 0 | 1 
---|---|---|---|---|---|---|---|---|---
 2 | 0 | 0 | 0 | 0 | 0 | 0 | 0 |   | 2 
---|---|---|---|---|---|---|---|---|---
 3 | 0 | 0 | 0 | 0 | 0 | 0 | X | X | 3 
---|---|---|---|---|---|---|---|---|---
 4 | 0 | 0 | 0 | 0 | 0 | X | X |   | 4 
---|---|---|---|---|---|---|---|---|---
 5 | 0 | 0 | 0 | 0 | X | X |   |   | 5 
---|---|---|---|---|---|---|---|---|---
 6 | 0 | 0 | 0 | X | X | X |   |   | 6 
---|---|---|---|---|---|---|---|---|---
 7 | 0 | 0 | 0 |   |   |   |   |   | 7 
---|---|---|---|---|---|---|---|---|---
 8 | 0 |   |   |   |   |   |   |   | 8 
---|---|---|---|---|---|---|---|---|---
   | 1 | 2 | 3 | 4 | 5 | 6 | 7 | 8 |

It took 3 seconds to make this move...


Black to move
BOOOOOOOOOOOOOOOEOOOOOOXXOOOOOXXEOOOOXXEEOOOXXXEEOOOEEEEEOEEEEEEE
(8,2)
   | 1 | 2 | 3 | 4 | 5 | 6 | 7 | 8 |
---|---|---|---|---|---|---|---|---|---
 1 | 0 | 0 | 0 | 0 | 0 | 0 | 0 | 0 | 1 
---|---|---|---|---|---|---|---|---|---
 2 | 0 | 0 | 0 | 0 | 0 | 0 | 0 |   | 2 
---|---|---|---|---|---|---|---|---|---
 3 | 0 | 0 | 0 | 0 | 0 | 0 | X | X | 3 
---|---|---|---|---|---|---|---|---|---
 4 | 0 | 0 | 0 | 0 | 0 | X | X |   | 4 
---|---|---|---|---|---|---|---|---|---
 5 | 0 | 0 | 0 | 0 | X | X |   |   | 5 
---|---|---|---|---|---|---|---|---|---
 6 | 0 | 0 | 0 | X | X | X |   |   | 6 
---|---|---|---|---|---|---|---|---|---
 7 | 0 | 0 | X |   |   |   |   |   | 7 
---|---|---|---|---|---|---|---|---|---
 8 | 0 | X |   |   |   |   |   |   | 8 
---|---|---|---|---|---|---|---|---|---
   | 1 | 2 | 3 | 4 | 5 | 6 | 7 | 8 |

It took 0 seconds to make this move...


White to move
WOOOOOOOOOOOOOOOEOOOOOOXXOOOOOXXEOOOOXXEEOOOXXXEEOOXEEEEEOXEEEEEE
(8,3) Depth reached: 6, Nodes searched: 7622
   | 1 | 2 | 3 | 4 | 5 | 6 | 7 | 8 |
---|---|---|---|---|---|---|---|---|---
 1 | 0 | 0 | 0 | 0 | 0 | 0 | 0 | 0 | 1 
---|---|---|---|---|---|---|---|---|---
 2 | 0 | 0 | 0 | 0 | 0 | 0 | 0 |   | 2 
---|---|---|---|---|---|---|---|---|---
 3 | 0 | 0 | 0 | 0 | 0 | 0 | X | X | 3 
---|---|---|---|---|---|---|---|---|---
 4 | 0 | 0 | 0 | 0 | 0 | X | X |   | 4 
---|---|---|---|---|---|---|---|---|---
 5 | 0 | 0 | 0 | 0 | X | X |   |   | 5 
---|---|---|---|---|---|---|---|---|---
 6 | 0 | 0 | 0 | X | X | X |   |   | 6 
---|---|---|---|---|---|---|---|---|---
 7 | 0 | 0 | 0 |   |   |   |   |   | 7 
---|---|---|---|---|---|---|---|---|---
 8 | 0 | 0 | 0 |   |   |   |   |   | 8 
---|---|---|---|---|---|---|---|---|---
   | 1 | 2 | 3 | 4 | 5 | 6 | 7 | 8 |

It took 3 seconds to make this move...


Black to move
BOOOOOOOOOOOOOOOEOOOOOOXXOOOOOXXEOOOOXXEEOOOXXXEEOOOEEEEEOOOEEEEE
pass
   | 1 | 2 | 3 | 4 | 5 | 6 | 7 | 8 |
---|---|---|---|---|---|---|---|---|---
 1 | 0 | 0 | 0 | 0 | 0 | 0 | 0 | 0 | 1 
---|---|---|---|---|---|---|---|---|---
 2 | 0 | 0 | 0 | 0 | 0 | 0 | 0 |   | 2 
---|---|---|---|---|---|---|---|---|---
 3 | 0 | 0 | 0 | 0 | 0 | 0 | X | X | 3 
---|---|---|---|---|---|---|---|---|---
 4 | 0 | 0 | 0 | 0 | 0 | X | X |   | 4 
---|---|---|---|---|---|---|---|---|---
 5 | 0 | 0 | 0 | 0 | X | X |   |   | 5 
---|---|---|---|---|---|---|---|---|---
 6 | 0 | 0 | 0 | X | X | X |   |   | 6 
---|---|---|---|---|---|---|---|---|---
 7 | 0 | 0 | 0 |   |   |   |   |   | 7 
---|---|---|---|---|---|---|---|---|---
 8 | 0 | 0 | 0 |   |   |   |   |   | 8 
---|---|---|---|---|---|---|---|---|---
   | 1 | 2 | 3 | 4 | 5 | 6 | 7 | 8 |

It took 0 seconds to make this move...


White to move
WOOOOOOOOOOOOOOOEOOOOOOXXOOOOOXXEOOOOXXEEOOOXXXEEOOOEEEEEOOOEEEEE
(7,5) Depth reached: 7, Nodes searched: 7475
   | 1 | 2 | 3 | 4 | 5 | 6 | 7 | 8 |
---|---|---|---|---|---|---|---|---|---
 1 | 0 | 0 | 0 | 0 | 0 | 0 | 0 | 0 | 1 
---|---|---|---|---|---|---|---|---|---
 2 | 0 | 0 | 0 | 0 | 0 | 0 | 0 |   | 2 
---|---|---|---|---|---|---|---|---|---
 3 | 0 | 0 | 0 | 0 | 0 | 0 | X | X | 3 
---|---|---|---|---|---|---|---|---|---
 4 | 0 | 0 | 0 | 0 | 0 | X | X |   | 4 
---|---|---|---|---|---|---|---|---|---
 5 | 0 | 0 | 0 | 0 | 0 | X |   |   | 5 
---|---|---|---|---|---|---|---|---|---
 6 | 0 | 0 | 0 | 0 | 0 | X |   |   | 6 
---|---|---|---|---|---|---|---|---|---
 7 | 0 | 0 | 0 |   | 0 |   |   |   | 7 
---|---|---|---|---|---|---|---|---|---
 8 | 0 | 0 | 0 |   |   |   |   |   | 8 
---|---|---|---|---|---|---|---|---|---
   | 1 | 2 | 3 | 4 | 5 | 6 | 7 | 8 |

It took 3 seconds to make this move...


Black to move
BOOOOOOOOOOOOOOOEOOOOOOXXOOOOOXXEOOOOOXEEOOOOOXEEOOOEOEEEOOOEEEEE
(8,4)
   | 1 | 2 | 3 | 4 | 5 | 6 | 7 | 8 |
---|---|---|---|---|---|---|---|---|---
 1 | 0 | 0 | 0 | 0 | 0 | 0 | 0 | 0 | 1 
---|---|---|---|---|---|---|---|---|---
 2 | 0 | 0 | 0 | 0 | 0 | 0 | 0 |   | 2 
---|---|---|---|---|---|---|---|---|---
 3 | 0 | 0 | 0 | 0 | 0 | 0 | X | X | 3 
---|---|---|---|---|---|---|---|---|---
 4 | 0 | 0 | 0 | 0 | 0 | X | X |   | 4 
---|---|---|---|---|---|---|---|---|---
 5 | 0 | 0 | 0 | 0 | 0 | X |   |   | 5 
---|---|---|---|---|---|---|---|---|---
 6 | 0 | 0 | 0 | 0 | 0 | X |   |   | 6 
---|---|---|---|---|---|---|---|---|---
 7 | 0 | 0 | 0 |   | X |   |   |   | 7 
---|---|---|---|---|---|---|---|---|---
 8 | 0 | 0 | 0 | X |   |   |   |   | 8 
---|---|---|---|---|---|---|---|---|---
   | 1 | 2 | 3 | 4 | 5 | 6 | 7 | 8 |

It took 0 seconds to make this move...


White to move
WOOOOOOOOOOOOOOOEOOOOOOXXOOOOOXXEOOOOOXEEOOOOOXEEOOOEXEEEOOOXEEEE
(2,8) Depth reached: 8, Nodes searched: 2769
   | 1 | 2 | 3 | 4 | 5 | 6 | 7 | 8 |
---|---|---|---|---|---|---|---|---|---
 1 | 0 | 0 | 0 | 0 | 0 | 0 | 0 | 0 | 1 
---|---|---|---|---|---|---|---|---|---
 2 | 0 | 0 | 0 | 0 | 0 | 0 | 0 | 0 | 2 
---|---|---|---|---|---|---|---|---|---
 3 | 0 | 0 | 0 | 0 | 0 | 0 | 0 | X | 3 
---|---|---|---|---|---|---|---|---|---
 4 | 0 | 0 | 0 | 0 | 0 | 0 | X |   | 4 
---|---|---|---|---|---|---|---|---|---
 5 | 0 | 0 | 0 | 0 | 0 | X |   |   | 5 
---|---|---|---|---|---|---|---|---|---
 6 | 0 | 0 | 0 | 0 | 0 | X |   |   | 6 
---|---|---|---|---|---|---|---|---|---
 7 | 0 | 0 | 0 |   | X |   |   |   | 7 
---|---|---|---|---|---|---|---|---|---
 8 | 0 | 0 | 0 | X |   |   |   |   | 8 
---|---|---|---|---|---|---|---|---|---
   | 1 | 2 | 3 | 4 | 5 | 6 | 7 | 8 |

It took 3 seconds to make this move...


Black to move
BOOOOOOOOOOOOOOOOOOOOOOOXOOOOOOXEOOOOOXEEOOOOOXEEOOOEXEEEOOOXEEEE
(7,4)
   | 1 | 2 | 3 | 4 | 5 | 6 | 7 | 8 |
---|---|---|---|---|---|---|---|---|---
 1 | 0 | 0 | 0 | 0 | 0 | 0 | 0 | 0 | 1 
---|---|---|---|---|---|---|---|---|---
 2 | 0 | 0 | 0 | 0 | 0 | 0 | 0 | 0 | 2 
---|---|---|---|---|---|---|---|---|---
 3 | 0 | 0 | 0 | 0 | 0 | 0 | 0 | X | 3 
---|---|---|---|---|---|---|---|---|---
 4 | 0 | 0 | 0 | 0 | 0 | 0 | X |   | 4 
---|---|---|---|---|---|---|---|---|---
 5 | 0 | 0 | 0 | 0 | 0 | X |   |   | 5 
---|---|---|---|---|---|---|---|---|---
 6 | 0 | 0 | 0 | 0 | X | X |   |   | 6 
---|---|---|---|---|---|---|---|---|---
 7 | 0 | 0 | 0 | X | X |   |   |   | 7 
---|---|---|---|---|---|---|---|---|---
 8 | 0 | 0 | 0 | X |   |   |   |   | 8 
---|---|---|---|---|---|---|---|---|---
   | 1 | 2 | 3 | 4 | 5 | 6 | 7 | 8 |

It took 0 seconds to make this move...


White to move
WOOOOOOOOOOOOOOOOOOOOOOOXOOOOOOXEOOOOOXEEOOOOXXEEOOOXXEEEOOOXEEEE
(5,8) Depth reached: 9, Nodes searched: 519
   | 1 | 2 | 3 | 4 | 5 | 6 | 7 | 8 |
---|---|---|---|---|---|---|---|---|---
 1 | 0 | 0 | 0 | 0 | 0 | 0 | 0 | 0 | 1 
---|---|---|---|---|---|---|---|---|---
 2 | 0 | 0 | 0 | 0 | 0 | 0 | 0 | 0 | 2 
---|---|---|---|---|---|---|---|---|---
 3 | 0 | 0 | 0 | 0 | 0 | 0 | 0 | X | 3 
---|---|---|---|---|---|---|---|---|---
 4 | 0 | 0 | 0 | 0 | 0 | 0 | 0 |   | 4 
---|---|---|---|---|---|---|---|---|---
 5 | 0 | 0 | 0 | 0 | 0 | X |   | 0 | 5 
---|---|---|---|---|---|---|---|---|---
 6 | 0 | 0 | 0 | 0 | X | X |   |   | 6 
---|---|---|---|---|---|---|---|---|---
 7 | 0 | 0 | 0 | X | X |   |   |   | 7 
---|---|---|---|---|---|---|---|---|---
 8 | 0 | 0 | 0 | X |   |   |   |   | 8 
---|---|---|---|---|---|---|---|---|---
   | 1 | 2 | 3 | 4 | 5 | 6 | 7 | 8 |

It took 3 seconds to make this move...


Black to move
BOOOOOOOOOOOOOOOOOOOOOOOXOOOOOOOEOOOOOXEOOOOOXXEEOOOXXEEEOOOXEEEE
pass
   | 1 | 2 | 3 | 4 | 5 | 6 | 7 | 8 |
---|---|---|---|---|---|---|---|---|---
 1 | 0 | 0 | 0 | 0 | 0 | 0 | 0 | 0 | 1 
---|---|---|---|---|---|---|---|---|---
 2 | 0 | 0 | 0 | 0 | 0 | 0 | 0 | 0 | 2 
---|---|---|---|---|---|---|---|---|---
 3 | 0 | 0 | 0 | 0 | 0 | 0 | 0 | X | 3 
---|---|---|---|---|---|---|---|---|---
 4 | 0 | 0 | 0 | 0 | 0 | 0 | 0 |   | 4 
---|---|---|---|---|---|---|---|---|---
 5 | 0 | 0 | 0 | 0 | 0 | X |   | 0 | 5 
---|---|---|---|---|---|---|---|---|---
 6 | 0 | 0 | 0 | 0 | X | X |   |   | 6 
---|---|---|---|---|---|---|---|---|---
 7 | 0 | 0 | 0 | X | X |   |   |   | 7 
---|---|---|---|---|---|---|---|---|---
 8 | 0 | 0 | 0 | X |   |   |   |   | 8 
---|---|---|---|---|---|---|---|---|---
   | 1 | 2 | 3 | 4 | 5 | 6 | 7 | 8 |

It took 0 seconds to make this move...


White to move
WOOOOOOOOOOOOOOOOOOOOOOOXOOOOOOOEOOOOOXEOOOOOXXEEOOOXXEEEOOOXEEEE
(7,6) Depth reached: 10, Nodes searched: 5564
   | 1 | 2 | 3 | 4 | 5 | 6 | 7 | 8 |
---|---|---|---|---|---|---|---|---|---
 1 | 0 | 0 | 0 | 0 | 0 | 0 | 0 | 0 | 1 
---|---|---|---|---|---|---|---|---|---
 2 | 0 | 0 | 0 | 0 | 0 | 0 | 0 | 0 | 2 
---|---|---|---|---|---|---|---|---|---
 3 | 0 | 0 | 0 | 0 | 0 | 0 | 0 | X | 3 
---|---|---|---|---|---|---|---|---|---
 4 | 0 | 0 | 0 | 0 | 0 | 0 | 0 |   | 4 
---|---|---|---|---|---|---|---|---|---
 5 | 0 | 0 | 0 | 0 | 0 | 0 |   | 0 | 5 
---|---|---|---|---|---|---|---|---|---
 6 | 0 | 0 | 0 | 0 | 0 | 0 |   |   | 6 
---|---|---|---|---|---|---|---|---|---
 7 | 0 | 0 | 0 | 0 | 0 | 0 |   |   | 7 
---|---|---|---|---|---|---|---|---|---
 8 | 0 | 0 | 0 | X |   |   |   |   | 8 
---|---|---|---|---|---|---|---|---|---
   | 1 | 2 | 3 | 4 | 5 | 6 | 7 | 8 |

It took 3 seconds to make this move...


Black to move
BOOOOOOOOOOOOOOOOOOOOOOOXOOOOOOOEOOOOOOEOOOOOOOEEOOOOOOEEOOOXEEEE
(5,7)
   | 1 | 2 | 3 | 4 | 5 | 6 | 7 | 8 |
---|---|---|---|---|---|---|---|---|---
 1 | 0 | 0 | 0 | 0 | 0 | 0 | 0 | 0 | 1 
---|---|---|---|---|---|---|---|---|---
 2 | 0 | 0 | 0 | 0 | 0 | 0 | 0 | 0 | 2 
---|---|---|---|---|---|---|---|---|---
 3 | 0 | 0 | 0 | 0 | 0 | 0 | 0 | X | 3 
---|---|---|---|---|---|---|---|---|---
 4 | 0 | 0 | 0 | 0 | 0 | 0 | 0 |   | 4 
---|---|---|---|---|---|---|---|---|---
 5 | 0 | 0 | 0 | 0 | 0 | 0 | X | 0 | 5 
---|---|---|---|---|---|---|---|---|---
 6 | 0 | 0 | 0 | 0 | 0 | X |   |   | 6 
---|---|---|---|---|---|---|---|---|---
 7 | 0 | 0 | 0 | 0 | X | 0 |   |   | 7 
---|---|---|---|---|---|---|---|---|---
 8 | 0 | 0 | 0 | X |   |   |   |   | 8 
---|---|---|---|---|---|---|---|---|---
   | 1 | 2 | 3 | 4 | 5 | 6 | 7 | 8 |

It took 0 seconds to make this move...


White to move
WOOOOOOOOOOOOOOOOOOOOOOOXOOOOOOOEOOOOOOXOOOOOOXEEOOOOXOEEOOOXEEEE
(4,8) Depth reached: 15, Nodes searched: 6076
   | 1 | 2 | 3 | 4 | 5 | 6 | 7 | 8 |
---|---|---|---|---|---|---|---|---|---
 1 | 0 | 0 | 0 | 0 | 0 | 0 | 0 | 0 | 1 
---|---|---|---|---|---|---|---|---|---
 2 | 0 | 0 | 0 | 0 | 0 | 0 | 0 | 0 | 2 
---|---|---|---|---|---|---|---|---|---
 3 | 0 | 0 | 0 | 0 | 0 | 0 | 0 | 0 | 3 
---|---|---|---|---|---|---|---|---|---
 4 | 0 | 0 | 0 | 0 | 0 | 0 | 0 | 0 | 4 
---|---|---|---|---|---|---|---|---|---
 5 | 0 | 0 | 0 | 0 | 0 | 0 | X | 0 | 5 
---|---|---|---|---|---|---|---|---|---
 6 | 0 | 0 | 0 | 0 | 0 | X |   |   | 6 
---|---|---|---|---|---|---|---|---|---
 7 | 0 | 0 | 0 | 0 | X | 0 |   |   | 7 
---|---|---|---|---|---|---|---|---|---
 8 | 0 | 0 | 0 | X |   |   |   |   | 8 
---|---|---|---|---|---|---|---|---|---
   | 1 | 2 | 3 | 4 | 5 | 6 | 7 | 8 |

It took 3 seconds to make this move...


Black to move
BOOOOOOOOOOOOOOOOOOOOOOOOOOOOOOOOOOOOOOXOOOOOOXEEOOOOXOEEOOOXEEEE
(7,7)
   | 1 | 2 | 3 | 4 | 5 | 6 | 7 | 8 |
---|---|---|---|---|---|---|---|---|---
 1 | 0 | 0 | 0 | 0 | 0 | 0 | 0 | 0 | 1 
---|---|---|---|---|---|---|---|---|---
 2 | 0 | 0 | 0 | 0 | 0 | 0 | 0 | 0 | 2 
---|---|---|---|---|---|---|---|---|---
 3 | 0 | 0 | 0 | 0 | 0 | 0 | 0 | 0 | 3 
---|---|---|---|---|---|---|---|---|---
 4 | 0 | 0 | 0 | 0 | 0 | 0 | 0 | 0 | 4 
---|---|---|---|---|---|---|---|---|---
 5 | 0 | 0 | 0 | 0 | 0 | 0 | X | 0 | 5 
---|---|---|---|---|---|---|---|---|---
 6 | 0 | 0 | 0 | 0 | 0 | X |   |   | 6 
---|---|---|---|---|---|---|---|---|---
 7 | 0 | 0 | 0 | 0 | X | X | X |   | 7 
---|---|---|---|---|---|---|---|---|---
 8 | 0 | 0 | 0 | X |   |   |   |   | 8 
---|---|---|---|---|---|---|---|---|---
   | 1 | 2 | 3 | 4 | 5 | 6 | 7 | 8 |

It took 0 seconds to make this move...


White to move
WOOOOOOOOOOOOOOOOOOOOOOOOOOOOOOOOOOOOOOXOOOOOOXEEOOOOXXXEOOOXEEEE
(8,8) Depth reached: 24, Nodes searched: 2006
   | 1 | 2 | 3 | 4 | 5 | 6 | 7 | 8 |
---|---|---|---|---|---|---|---|---|---
 1 | 0 | 0 | 0 | 0 | 0 | 0 | 0 | 0 | 1 
---|---|---|---|---|---|---|---|---|---
 2 | 0 | 0 | 0 | 0 | 0 | 0 | 0 | 0 | 2 
---|---|---|---|---|---|---|---|---|---
 3 | 0 | 0 | 0 | 0 | 0 | 0 | 0 | 0 | 3 
---|---|---|---|---|---|---|---|---|---
 4 | 0 | 0 | 0 | 0 | 0 | 0 | 0 | 0 | 4 
---|---|---|---|---|---|---|---|---|---
 5 | 0 | 0 | 0 | 0 | 0 | 0 | X | 0 | 5 
---|---|---|---|---|---|---|---|---|---
 6 | 0 | 0 | 0 | 0 | 0 | 0 |   |   | 6 
---|---|---|---|---|---|---|---|---|---
 7 | 0 | 0 | 0 | 0 | X | X | 0 |   | 7 
---|---|---|---|---|---|---|---|---|---
 8 | 0 | 0 | 0 | X |   |   |   | 0 | 8 
---|---|---|---|---|---|---|---|---|---
   | 1 | 2 | 3 | 4 | 5 | 6 | 7 | 8 |

It took 3 seconds to make this move...


Black to move
BOOOOOOOOOOOOOOOOOOOOOOOOOOOOOOOOOOOOOOXOOOOOOOEEOOOOXXOEOOOXEEEO
(7,8)
   | 1 | 2 | 3 | 4 | 5 | 6 | 7 | 8 |
---|---|---|---|---|---|---|---|---|---
 1 | 0 | 0 | 0 | 0 | 0 | 0 | 0 | 0 | 1 
---|---|---|---|---|---|---|---|---|---
 2 | 0 | 0 | 0 | 0 | 0 | 0 | 0 | 0 | 2 
---|---|---|---|---|---|---|---|---|---
 3 | 0 | 0 | 0 | 0 | 0 | 0 | 0 | 0 | 3 
---|---|---|---|---|---|---|---|---|---
 4 | 0 | 0 | 0 | 0 | 0 | 0 | 0 | 0 | 4 
---|---|---|---|---|---|---|---|---|---
 5 | 0 | 0 | 0 | 0 | 0 | 0 | X | 0 | 5 
---|---|---|---|---|---|---|---|---|---
 6 | 0 | 0 | 0 | 0 | 0 | 0 |   |   | 6 
---|---|---|---|---|---|---|---|---|---
 7 | 0 | 0 | 0 | 0 | X | X | X | X | 7 
---|---|---|---|---|---|---|---|---|---
 8 | 0 | 0 | 0 | X |   |   |   | 0 | 8 
---|---|---|---|---|---|---|---|---|---
   | 1 | 2 | 3 | 4 | 5 | 6 | 7 | 8 |

It took 0 seconds to make this move...


White to move
WOOOOOOOOOOOOOOOOOOOOOOOOOOOOOOOOOOOOOOXOOOOOOOEEOOOOXXXXOOOXEEEO
(6,8) Depth reached: 53, Nodes searched: 334
   | 1 | 2 | 3 | 4 | 5 | 6 | 7 | 8 |
---|---|---|---|---|---|---|---|---|---
 1 | 0 | 0 | 0 | 0 | 0 | 0 | 0 | 0 | 1 
---|---|---|---|---|---|---|---|---|---
 2 | 0 | 0 | 0 | 0 | 0 | 0 | 0 | 0 | 2 
---|---|---|---|---|---|---|---|---|---
 3 | 0 | 0 | 0 | 0 | 0 | 0 | 0 | 0 | 3 
---|---|---|---|---|---|---|---|---|---
 4 | 0 | 0 | 0 | 0 | 0 | 0 | 0 | 0 | 4 
---|---|---|---|---|---|---|---|---|---
 5 | 0 | 0 | 0 | 0 | 0 | 0 | 0 | 0 | 5 
---|---|---|---|---|---|---|---|---|---
 6 | 0 | 0 | 0 | 0 | 0 | 0 |   | 0 | 6 
---|---|---|---|---|---|---|---|---|---
 7 | 0 | 0 | 0 | 0 | X | X | X | 0 | 7 
---|---|---|---|---|---|---|---|---|---
 8 | 0 | 0 | 0 | X |   |   |   | 0 | 8 
---|---|---|---|---|---|---|---|---|---
   | 1 | 2 | 3 | 4 | 5 | 6 | 7 | 8 |

It took 3 seconds to make this move...


Black to move
BOOOOOOOOOOOOOOOOOOOOOOOOOOOOOOOOOOOOOOOOOOOOOOEOOOOOXXXOOOOXEEEO
pass
   | 1 | 2 | 3 | 4 | 5 | 6 | 7 | 8 |
---|---|---|---|---|---|---|---|---|---
 1 | 0 | 0 | 0 | 0 | 0 | 0 | 0 | 0 | 1 
---|---|---|---|---|---|---|---|---|---
 2 | 0 | 0 | 0 | 0 | 0 | 0 | 0 | 0 | 2 
---|---|---|---|---|---|---|---|---|---
 3 | 0 | 0 | 0 | 0 | 0 | 0 | 0 | 0 | 3 
---|---|---|---|---|---|---|---|---|---
 4 | 0 | 0 | 0 | 0 | 0 | 0 | 0 | 0 | 4 
---|---|---|---|---|---|---|---|---|---
 5 | 0 | 0 | 0 | 0 | 0 | 0 | 0 | 0 | 5 
---|---|---|---|---|---|---|---|---|---
 6 | 0 | 0 | 0 | 0 | 0 | 0 |   | 0 | 6 
---|---|---|---|---|---|---|---|---|---
 7 | 0 | 0 | 0 | 0 | X | X | X | 0 | 7 
---|---|---|---|---|---|---|---|---|---
 8 | 0 | 0 | 0 | X |   |   |   | 0 | 8 
---|---|---|---|---|---|---|---|---|---
   | 1 | 2 | 3 | 4 | 5 | 6 | 7 | 8 |

It took 0 seconds to make this move...


White to move
WOOOOOOOOOOOOOOOOOOOOOOOOOOOOOOOOOOOOOOOOOOOOOOEOOOOOXXXOOOOXEEEO
(8,7) Depth reached: 134, Nodes searched: 1366
   | 1 | 2 | 3 | 4 | 5 | 6 | 7 | 8 |
---|---|---|---|---|---|---|---|---|---
 1 | 0 | 0 | 0 | 0 | 0 | 0 | 0 | 0 | 1 
---|---|---|---|---|---|---|---|---|---
 2 | 0 | 0 | 0 | 0 | 0 | 0 | 0 | 0 | 2 
---|---|---|---|---|---|---|---|---|---
 3 | 0 | 0 | 0 | 0 | 0 | 0 | 0 | 0 | 3 
---|---|---|---|---|---|---|---|---|---
 4 | 0 | 0 | 0 | 0 | 0 | 0 | 0 | 0 | 4 
---|---|---|---|---|---|---|---|---|---
 5 | 0 | 0 | 0 | 0 | 0 | 0 | 0 | 0 | 5 
---|---|---|---|---|---|---|---|---|---
 6 | 0 | 0 | 0 | 0 | 0 | 0 |   | 0 | 6 
---|---|---|---|---|---|---|---|---|---
 7 | 0 | 0 | 0 | 0 | X | 0 | X | 0 | 7 
---|---|---|---|---|---|---|---|---|---
 8 | 0 | 0 | 0 | X |   |   | 0 | 0 | 8 
---|---|---|---|---|---|---|---|---|---
   | 1 | 2 | 3 | 4 | 5 | 6 | 7 | 8 |

It took 3 seconds to make this move...


Black to move
BOOOOOOOOOOOOOOOOOOOOOOOOOOOOOOOOOOOOOOOOOOOOOOEOOOOOXOXOOOOXEEOO
pass
   | 1 | 2 | 3 | 4 | 5 | 6 | 7 | 8 |
---|---|---|---|---|---|---|---|---|---
 1 | 0 | 0 | 0 | 0 | 0 | 0 | 0 | 0 | 1 
---|---|---|---|---|---|---|---|---|---
 2 | 0 | 0 | 0 | 0 | 0 | 0 | 0 | 0 | 2 
---|---|---|---|---|---|---|---|---|---
 3 | 0 | 0 | 0 | 0 | 0 | 0 | 0 | 0 | 3 
---|---|---|---|---|---|---|---|---|---
 4 | 0 | 0 | 0 | 0 | 0 | 0 | 0 | 0 | 4 
---|---|---|---|---|---|---|---|---|---
 5 | 0 | 0 | 0 | 0 | 0 | 0 | 0 | 0 | 5 
---|---|---|---|---|---|---|---|---|---
 6 | 0 | 0 | 0 | 0 | 0 | 0 |   | 0 | 6 
---|---|---|---|---|---|---|---|---|---
 7 | 0 | 0 | 0 | 0 | X | 0 | X | 0 | 7 
---|---|---|---|---|---|---|---|---|---
 8 | 0 | 0 | 0 | X |   |   | 0 | 0 | 8 
---|---|---|---|---|---|---|---|---|---
   | 1 | 2 | 3 | 4 | 5 | 6 | 7 | 8 |

It took 0 seconds to make this move...


White to move
WOOOOOOOOOOOOOOOOOOOOOOOOOOOOOOOOOOOOOOOOOOOOOOEOOOOOXOXOOOOXEEOO
(6,7) Depth reached: 206, Nodes searched: 113
   | 1 | 2 | 3 | 4 | 5 | 6 | 7 | 8 |
---|---|---|---|---|---|---|---|---|---
 1 | 0 | 0 | 0 | 0 | 0 | 0 | 0 | 0 | 1 
---|---|---|---|---|---|---|---|---|---
 2 | 0 | 0 | 0 | 0 | 0 | 0 | 0 | 0 | 2 
---|---|---|---|---|---|---|---|---|---
 3 | 0 | 0 | 0 | 0 | 0 | 0 | 0 | 0 | 3 
---|---|---|---|---|---|---|---|---|---
 4 | 0 | 0 | 0 | 0 | 0 | 0 | 0 | 0 | 4 
---|---|---|---|---|---|---|---|---|---
 5 | 0 | 0 | 0 | 0 | 0 | 0 | 0 | 0 | 5 
---|---|---|---|---|---|---|---|---|---
 6 | 0 | 0 | 0 | 0 | 0 | 0 | 0 | 0 | 6 
---|---|---|---|---|---|---|---|---|---
 7 | 0 | 0 | 0 | 0 | X | 0 | 0 | 0 | 7 
---|---|---|---|---|---|---|---|---|---
 8 | 0 | 0 | 0 | X |   |   | 0 | 0 | 8 
---|---|---|---|---|---|---|---|---|---
   | 1 | 2 | 3 | 4 | 5 | 6 | 7 | 8 |

It took 3 seconds to make this move...


Black to move
BOOOOOOOOOOOOOOOOOOOOOOOOOOOOOOOOOOOOOOOOOOOOOOOOOOOOXOOOOOOXEEOO
pass
   | 1 | 2 | 3 | 4 | 5 | 6 | 7 | 8 |
---|---|---|---|---|---|---|---|---|---
 1 | 0 | 0 | 0 | 0 | 0 | 0 | 0 | 0 | 1 
---|---|---|---|---|---|---|---|---|---
 2 | 0 | 0 | 0 | 0 | 0 | 0 | 0 | 0 | 2 
---|---|---|---|---|---|---|---|---|---
 3 | 0 | 0 | 0 | 0 | 0 | 0 | 0 | 0 | 3 
---|---|---|---|---|---|---|---|---|---
 4 | 0 | 0 | 0 | 0 | 0 | 0 | 0 | 0 | 4 
---|---|---|---|---|---|---|---|---|---
 5 | 0 | 0 | 0 | 0 | 0 | 0 | 0 | 0 | 5 
---|---|---|---|---|---|---|---|---|---
 6 | 0 | 0 | 0 | 0 | 0 | 0 | 0 | 0 | 6 
---|---|---|---|---|---|---|---|---|---
 7 | 0 | 0 | 0 | 0 | X | 0 | 0 | 0 | 7 
---|---|---|---|---|---|---|---|---|---
 8 | 0 | 0 | 0 | X |   |   | 0 | 0 | 8 
---|---|---|---|---|---|---|---|---|---
   | 1 | 2 | 3 | 4 | 5 | 6 | 7 | 8 |

It took 0 seconds to make this move...


White to move
WOOOOOOOOOOOOOOOOOOOOOOOOOOOOOOOOOOOOOOOOOOOOOOOOOOOOXOOOOOOXEEOO
(8,6) Depth reached: 340, Nodes searched: 681
   | 1 | 2 | 3 | 4 | 5 | 6 | 7 | 8 |
---|---|---|---|---|---|---|---|---|---
 1 | 0 | 0 | 0 | 0 | 0 | 0 | 0 | 0 | 1 
---|---|---|---|---|---|---|---|---|---
 2 | 0 | 0 | 0 | 0 | 0 | 0 | 0 | 0 | 2 
---|---|---|---|---|---|---|---|---|---
 3 | 0 | 0 | 0 | 0 | 0 | 0 | 0 | 0 | 3 
---|---|---|---|---|---|---|---|---|---
 4 | 0 | 0 | 0 | 0 | 0 | 0 | 0 | 0 | 4 
---|---|---|---|---|---|---|---|---|---
 5 | 0 | 0 | 0 | 0 | 0 | 0 | 0 | 0 | 5 
---|---|---|---|---|---|---|---|---|---
 6 | 0 | 0 | 0 | 0 | 0 | 0 | 0 | 0 | 6 
---|---|---|---|---|---|---|---|---|---
 7 | 0 | 0 | 0 | 0 | 0 | 0 | 0 | 0 | 7 
---|---|---|---|---|---|---|---|---|---
 8 | 0 | 0 | 0 | X |   | 0 | 0 | 0 | 8 
---|---|---|---|---|---|---|---|---|---
   | 1 | 2 | 3 | 4 | 5 | 6 | 7 | 8 |

It took 3 seconds to make this move...


Black to move
BOOOOOOOOOOOOOOOOOOOOOOOOOOOOOOOOOOOOOOOOOOOOOOOOOOOOOOOOOOOXEOOO
pass
   | 1 | 2 | 3 | 4 | 5 | 6 | 7 | 8 |
---|---|---|---|---|---|---|---|---|---
 1 | 0 | 0 | 0 | 0 | 0 | 0 | 0 | 0 | 1 
---|---|---|---|---|---|---|---|---|---
 2 | 0 | 0 | 0 | 0 | 0 | 0 | 0 | 0 | 2 
---|---|---|---|---|---|---|---|---|---
 3 | 0 | 0 | 0 | 0 | 0 | 0 | 0 | 0 | 3 
---|---|---|---|---|---|---|---|---|---
 4 | 0 | 0 | 0 | 0 | 0 | 0 | 0 | 0 | 4 
---|---|---|---|---|---|---|---|---|---
 5 | 0 | 0 | 0 | 0 | 0 | 0 | 0 | 0 | 5 
---|---|---|---|---|---|---|---|---|---
 6 | 0 | 0 | 0 | 0 | 0 | 0 | 0 | 0 | 6 
---|---|---|---|---|---|---|---|---|---
 7 | 0 | 0 | 0 | 0 | 0 | 0 | 0 | 0 | 7 
---|---|---|---|---|---|---|---|---|---
 8 | 0 | 0 | 0 | X |   | 0 | 0 | 0 | 8 
---|---|---|---|---|---|---|---|---|---
   | 1 | 2 | 3 | 4 | 5 | 6 | 7 | 8 |

It took 0 seconds to make this move...


White to move
WOOOOOOOOOOOOOOOOOOOOOOOOOOOOOOOOOOOOOOOOOOOOOOOOOOOOOOOOOOOXEOOO
(8,5) Depth reached: 538, Nodes searched: 97
   | 1 | 2 | 3 | 4 | 5 | 6 | 7 | 8 |
---|---|---|---|---|---|---|---|---|---
 1 | 0 | 0 | 0 | 0 | 0 | 0 | 0 | 0 | 1 
---|---|---|---|---|---|---|---|---|---
 2 | 0 | 0 | 0 | 0 | 0 | 0 | 0 | 0 | 2 
---|---|---|---|---|---|---|---|---|---
 3 | 0 | 0 | 0 | 0 | 0 | 0 | 0 | 0 | 3 
---|---|---|---|---|---|---|---|---|---
 4 | 0 | 0 | 0 | 0 | 0 | 0 | 0 | 0 | 4 
---|---|---|---|---|---|---|---|---|---
 5 | 0 | 0 | 0 | 0 | 0 | 0 | 0 | 0 | 5 
---|---|---|---|---|---|---|---|---|---
 6 | 0 | 0 | 0 | 0 | 0 | 0 | 0 | 0 | 6 
---|---|---|---|---|---|---|---|---|---
 7 | 0 | 0 | 0 | 0 | 0 | 0 | 0 | 0 | 7 
---|---|---|---|---|---|---|---|---|---
 8 | 0 | 0 | 0 | 0 | 0 | 0 | 0 | 0 | 8 
---|---|---|---|---|---|---|---|---|---
   | 1 | 2 | 3 | 4 | 5 | 6 | 7 | 8 |

It took 3 seconds to make this move...


Black to move
BOOOOOOOOOOOOOOOOOOOOOOOOOOOOOOOOOOOOOOOOOOOOOOOOOOOOOOOOOOOOOOOO
pass
   | 1 | 2 | 3 | 4 | 5 | 6 | 7 | 8 |
---|---|---|---|---|---|---|---|---|---
 1 | 0 | 0 | 0 | 0 | 0 | 0 | 0 | 0 | 1 
---|---|---|---|---|---|---|---|---|---
 2 | 0 | 0 | 0 | 0 | 0 | 0 | 0 | 0 | 2 
---|---|---|---|---|---|---|---|---|---
 3 | 0 | 0 | 0 | 0 | 0 | 0 | 0 | 0 | 3 
---|---|---|---|---|---|---|---|---|---
 4 | 0 | 0 | 0 | 0 | 0 | 0 | 0 | 0 | 4 
---|---|---|---|---|---|---|---|---|---
 5 | 0 | 0 | 0 | 0 | 0 | 0 | 0 | 0 | 5 
---|---|---|---|---|---|---|---|---|---
 6 | 0 | 0 | 0 | 0 | 0 | 0 | 0 | 0 | 6 
---|---|---|---|---|---|---|---|---|---
 7 | 0 | 0 | 0 | 0 | 0 | 0 | 0 | 0 | 7 
---|---|---|---|---|---|---|---|---|---
 8 | 0 | 0 | 0 | 0 | 0 | 0 | 0 | 0 | 8 
---|---|---|---|---|---|---|---|---|---
   | 1 | 2 | 3 | 4 | 5 | 6 | 7 | 8 |

It took 0 seconds to make this move...


White to move
WOOOOOOOOOOOOOOOOOOOOOOOOOOOOOOOOOOOOOOOOOOOOOOOOOOOOOOOOOOOOOOOO
pass
   | 1 | 2 | 3 | 4 | 5 | 6 | 7 | 8 |
---|---|---|---|---|---|---|---|---|---
 1 | 0 | 0 | 0 | 0 | 0 | 0 | 0 | 0 | 1 
---|---|---|---|---|---|---|---|---|---
 2 | 0 | 0 | 0 | 0 | 0 | 0 | 0 | 0 | 2 
---|---|---|---|---|---|---|---|---|---
 3 | 0 | 0 | 0 | 0 | 0 | 0 | 0 | 0 | 3 
---|---|---|---|---|---|---|---|---|---
 4 | 0 | 0 | 0 | 0 | 0 | 0 | 0 | 0 | 4 
---|---|---|---|---|---|---|---|---|---
 5 | 0 | 0 | 0 | 0 | 0 | 0 | 0 | 0 | 5 
---|---|---|---|---|---|---|---|---|---
 6 | 0 | 0 | 0 | 0 | 0 | 0 | 0 | 0 | 6 
---|---|---|---|---|---|---|---|---|---
 7 | 0 | 0 | 0 | 0 | 0 | 0 | 0 | 0 | 7 
---|---|---|---|---|---|---|---|---|---
 8 | 0 | 0 | 0 | 0 | 0 | 0 | 0 | 0 | 8 
---|---|---|---|---|---|---|---|---|---
   | 1 | 2 | 3 | 4 | 5 | 6 | 7 | 8 |

It took 3 seconds to make this move...
***************************************
Results for ../Python/othello.sh vs. ./othello_naive.sh:
White won with 64 points
Average time for white: 2.9 s (max: 3 s)
Average time for black: 0.1 s (max: 1 s)
***************************************
