   | 1 | 2 | 3 | 4 | 5 | 6 | 7 | 8 |
---|---|---|---|---|---|---|---|---|---
 1 |   |   |   |   |   |   |   |   | 1 
---|---|---|---|---|---|---|---|---|---
 2 |   |   |   |   |   |   |   |   | 2 
---|---|---|---|---|---|---|---|---|---
 3 |   |   |   |   |   |   |   |   | 3 
---|---|---|---|---|---|---|---|---|---
 4 |   |   |   | 0 | X |   |   |   | 4 
---|---|---|---|---|---|---|---|---|---
 5 |   |   |   | X | 0 |   |   |   | 5 
---|---|---|---|---|---|---|---|---|---
 6 |   |   |   |   |   |   |   |   | 6 
---|---|---|---|---|---|---|---|---|---
 7 |   |   |   |   |   |   |   |   | 7 
---|---|---|---|---|---|---|---|---|---
 8 |   |   |   |   |   |   |   |   | 8 
---|---|---|---|---|---|---|---|---|---
   | 1 | 2 | 3 | 4 | 5 | 6 | 7 | 8 |



White to move
WEEEEEEEEEEEEEEEEEEEEEEEEEEEOXEEEEEEXOEEEEEEEEEEEEEEEEEEEEEEEEEEE
(3,5) Depth reached: 7, Nodes searched: 2187
   | 1 | 2 | 3 | 4 | 5 | 6 | 7 | 8 |
---|---|---|---|---|---|---|---|---|---
 1 |   |   |   |   |   |   |   |   | 1 
---|---|---|---|---|---|---|---|---|---
 2 |   |   |   |   |   |   |   |   | 2 
---|---|---|---|---|---|---|---|---|---
 3 |   |   |   |   | 0 |   |   |   | 3 
---|---|---|---|---|---|---|---|---|---
 4 |   |   |   | 0 | 0 |   |   |   | 4 
---|---|---|---|---|---|---|---|---|---
 5 |   |   |   | X | 0 |   |   |   | 5 
---|---|---|---|---|---|---|---|---|---
 6 |   |   |   |   |   |   |   |   | 6 
---|---|---|---|---|---|---|---|---|---
 7 |   |   |   |   |   |   |   |   | 7 
---|---|---|---|---|---|---|---|---|---
 8 |   |   |   |   |   |   |   |   | 8 
---|---|---|---|---|---|---|---|---|---
   | 1 | 2 | 3 | 4 | 5 | 6 | 7 | 8 |

It took 6 seconds to make this move...


Black to move
BEEEEEEEEEEEEEEEEEEEEOEEEEEEOOEEEEEEXOEEEEEEEEEEEEEEEEEEEEEEEEEEE
(3,4)
   | 1 | 2 | 3 | 4 | 5 | 6 | 7 | 8 |
---|---|---|---|---|---|---|---|---|---
 1 |   |   |   |   |   |   |   |   | 1 
---|---|---|---|---|---|---|---|---|---
 2 |   |   |   |   |   |   |   |   | 2 
---|---|---|---|---|---|---|---|---|---
 3 |   |   |   | X | 0 |   |   |   | 3 
---|---|---|---|---|---|---|---|---|---
 4 |   |   |   | X | 0 |   |   |   | 4 
---|---|---|---|---|---|---|---|---|---
 5 |   |   |   | X | 0 |   |   |   | 5 
---|---|---|---|---|---|---|---|---|---
 6 |   |   |   |   |   |   |   |   | 6 
---|---|---|---|---|---|---|---|---|---
 7 |   |   |   |   |   |   |   |   | 7 
---|---|---|---|---|---|---|---|---|---
 8 |   |   |   |   |   |   |   |   | 8 
---|---|---|---|---|---|---|---|---|---
   | 1 | 2 | 3 | 4 | 5 | 6 | 7 | 8 |

It took 0 seconds to make this move...


White to move
WEEEEEEEEEEEEEEEEEEEXOEEEEEEXOEEEEEEXOEEEEEEEEEEEEEEEEEEEEEEEEEEE
(3,3) Depth reached: 7, Nodes searched: 3535
   | 1 | 2 | 3 | 4 | 5 | 6 | 7 | 8 |
---|---|---|---|---|---|---|---|---|---
 1 |   |   |   |   |   |   |   |   | 1 
---|---|---|---|---|---|---|---|---|---
 2 |   |   |   |   |   |   |   |   | 2 
---|---|---|---|---|---|---|---|---|---
 3 |   |   | 0 | 0 | 0 |   |   |   | 3 
---|---|---|---|---|---|---|---|---|---
 4 |   |   |   | 0 | 0 |   |   |   | 4 
---|---|---|---|---|---|---|---|---|---
 5 |   |   |   | X | 0 |   |   |   | 5 
---|---|---|---|---|---|---|---|---|---
 6 |   |   |   |   |   |   |   |   | 6 
---|---|---|---|---|---|---|---|---|---
 7 |   |   |   |   |   |   |   |   | 7 
---|---|---|---|---|---|---|---|---|---
 8 |   |   |   |   |   |   |   |   | 8 
---|---|---|---|---|---|---|---|---|---
   | 1 | 2 | 3 | 4 | 5 | 6 | 7 | 8 |

It took 6 seconds to make this move...


Black to move
BEEEEEEEEEEEEEEEEEEOOOEEEEEEOOEEEEEEXOEEEEEEEEEEEEEEEEEEEEEEEEEEE
(3,6)
   | 1 | 2 | 3 | 4 | 5 | 6 | 7 | 8 |
---|---|---|---|---|---|---|---|---|---
 1 |   |   |   |   |   |   |   |   | 1 
---|---|---|---|---|---|---|---|---|---
 2 |   |   |   |   |   |   |   |   | 2 
---|---|---|---|---|---|---|---|---|---
 3 |   |   | 0 | 0 | 0 | X |   |   | 3 
---|---|---|---|---|---|---|---|---|---
 4 |   |   |   | 0 | X |   |   |   | 4 
---|---|---|---|---|---|---|---|---|---
 5 |   |   |   | X | 0 |   |   |   | 5 
---|---|---|---|---|---|---|---|---|---
 6 |   |   |   |   |   |   |   |   | 6 
---|---|---|---|---|---|---|---|---|---
 7 |   |   |   |   |   |   |   |   | 7 
---|---|---|---|---|---|---|---|---|---
 8 |   |   |   |   |   |   |   |   | 8 
---|---|---|---|---|---|---|---|---|---
   | 1 | 2 | 3 | 4 | 5 | 6 | 7 | 8 |

It took 0 seconds to make this move...


White to move
WEEEEEEEEEEEEEEEEEEOOOXEEEEEOXEEEEEEXOEEEEEEEEEEEEEEEEEEEEEEEEEEE
(5,6) Depth reached: 6, Nodes searched: 4782
   | 1 | 2 | 3 | 4 | 5 | 6 | 7 | 8 |
---|---|---|---|---|---|---|---|---|---
 1 |   |   |   |   |   |   |   |   | 1 
---|---|---|---|---|---|---|---|---|---
 2 |   |   |   |   |   |   |   |   | 2 
---|---|---|---|---|---|---|---|---|---
 3 |   |   | 0 | 0 | 0 | X |   |   | 3 
---|---|---|---|---|---|---|---|---|---
 4 |   |   |   | 0 | 0 |   |   |   | 4 
---|---|---|---|---|---|---|---|---|---
 5 |   |   |   | X | 0 | 0 |   |   | 5 
---|---|---|---|---|---|---|---|---|---
 6 |   |   |   |   |   |   |   |   | 6 
---|---|---|---|---|---|---|---|---|---
 7 |   |   |   |   |   |   |   |   | 7 
---|---|---|---|---|---|---|---|---|---
 8 |   |   |   |   |   |   |   |   | 8 
---|---|---|---|---|---|---|---|---|---
   | 1 | 2 | 3 | 4 | 5 | 6 | 7 | 8 |

It took 5 seconds to make this move...


Black to move
BEEEEEEEEEEEEEEEEEEOOOXEEEEEOOEEEEEEXOOEEEEEEEEEEEEEEEEEEEEEEEEEE
(2,4)
   | 1 | 2 | 3 | 4 | 5 | 6 | 7 | 8 |
---|---|---|---|---|---|---|---|---|---
 1 |   |   |   |   |   |   |   |   | 1 
---|---|---|---|---|---|---|---|---|---
 2 |   |   |   | X |   |   |   |   | 2 
---|---|---|---|---|---|---|---|---|---
 3 |   |   | 0 | X | 0 | X |   |   | 3 
---|---|---|---|---|---|---|---|---|---
 4 |   |   |   | X | 0 |   |   |   | 4 
---|---|---|---|---|---|---|---|---|---
 5 |   |   |   | X | 0 | 0 |   |   | 5 
---|---|---|---|---|---|---|---|---|---
 6 |   |   |   |   |   |   |   |   | 6 
---|---|---|---|---|---|---|---|---|---
 7 |   |   |   |   |   |   |   |   | 7 
---|---|---|---|---|---|---|---|---|---
 8 |   |   |   |   |   |   |   |   | 8 
---|---|---|---|---|---|---|---|---|---
   | 1 | 2 | 3 | 4 | 5 | 6 | 7 | 8 |

It took 1 seconds to make this move...


White to move
WEEEEEEEEEEEXEEEEEEOXOXEEEEEXOEEEEEEXOOEEEEEEEEEEEEEEEEEEEEEEEEEE
(1,3) Depth reached: 6, Nodes searched: 4421
   | 1 | 2 | 3 | 4 | 5 | 6 | 7 | 8 |
---|---|---|---|---|---|---|---|---|---
 1 |   |   | 0 |   |   |   |   |   | 1 
---|---|---|---|---|---|---|---|---|---
 2 |   |   |   | 0 |   |   |   |   | 2 
---|---|---|---|---|---|---|---|---|---
 3 |   |   | 0 | X | 0 | X |   |   | 3 
---|---|---|---|---|---|---|---|---|---
 4 |   |   |   | X | 0 |   |   |   | 4 
---|---|---|---|---|---|---|---|---|---
 5 |   |   |   | X | 0 | 0 |   |   | 5 
---|---|---|---|---|---|---|---|---|---
 6 |   |   |   |   |   |   |   |   | 6 
---|---|---|---|---|---|---|---|---|---
 7 |   |   |   |   |   |   |   |   | 7 
---|---|---|---|---|---|---|---|---|---
 8 |   |   |   |   |   |   |   |   | 8 
---|---|---|---|---|---|---|---|---|---
   | 1 | 2 | 3 | 4 | 5 | 6 | 7 | 8 |

It took 5 seconds to make this move...


Black to move
BEEOEEEEEEEEOEEEEEEOXOXEEEEEXOEEEEEEXOOEEEEEEEEEEEEEEEEEEEEEEEEEE
(1,4)
   | 1 | 2 | 3 | 4 | 5 | 6 | 7 | 8 |
---|---|---|---|---|---|---|---|---|---
 1 |   |   | 0 | X |   |   |   |   | 1 
---|---|---|---|---|---|---|---|---|---
 2 |   |   |   | X |   |   |   |   | 2 
---|---|---|---|---|---|---|---|---|---
 3 |   |   | 0 | X | 0 | X |   |   | 3 
---|---|---|---|---|---|---|---|---|---
 4 |   |   |   | X | 0 |   |   |   | 4 
---|---|---|---|---|---|---|---|---|---
 5 |   |   |   | X | 0 | 0 |   |   | 5 
---|---|---|---|---|---|---|---|---|---
 6 |   |   |   |   |   |   |   |   | 6 
---|---|---|---|---|---|---|---|---|---
 7 |   |   |   |   |   |   |   |   | 7 
---|---|---|---|---|---|---|---|---|---
 8 |   |   |   |   |   |   |   |   | 8 
---|---|---|---|---|---|---|---|---|---
   | 1 | 2 | 3 | 4 | 5 | 6 | 7 | 8 |

It took 1 seconds to make this move...


White to move
WEEOXEEEEEEEXEEEEEEOXOXEEEEEXOEEEEEEXOOEEEEEEEEEEEEEEEEEEEEEEEEEE
(1,5) Depth reached: 6, Nodes searched: 7035
   | 1 | 2 | 3 | 4 | 5 | 6 | 7 | 8 |
---|---|---|---|---|---|---|---|---|---
 1 |   |   | 0 | 0 | 0 |   |   |   | 1 
---|---|---|---|---|---|---|---|---|---
 2 |   |   |   | 0 |   |   |   |   | 2 
---|---|---|---|---|---|---|---|---|---
 3 |   |   | 0 | X | 0 | X |   |   | 3 
---|---|---|---|---|---|---|---|---|---
 4 |   |   |   | X | 0 |   |   |   | 4 
---|---|---|---|---|---|---|---|---|---
 5 |   |   |   | X | 0 | 0 |   |   | 5 
---|---|---|---|---|---|---|---|---|---
 6 |   |   |   |   |   |   |   |   | 6 
---|---|---|---|---|---|---|---|---|---
 7 |   |   |   |   |   |   |   |   | 7 
---|---|---|---|---|---|---|---|---|---
 8 |   |   |   |   |   |   |   |   | 8 
---|---|---|---|---|---|---|---|---|---
   | 1 | 2 | 3 | 4 | 5 | 6 | 7 | 8 |

It took 5 seconds to make this move...


Black to move
BEEOOOEEEEEEOEEEEEEOXOXEEEEEXOEEEEEEXOOEEEEEEEEEEEEEEEEEEEEEEEEEE
(5,7)
   | 1 | 2 | 3 | 4 | 5 | 6 | 7 | 8 |
---|---|---|---|---|---|---|---|---|---
 1 |   |   | 0 | 0 | 0 |   |   |   | 1 
---|---|---|---|---|---|---|---|---|---
 2 |   |   |   | 0 |   |   |   |   | 2 
---|---|---|---|---|---|---|---|---|---
 3 |   |   | 0 | X | 0 | X |   |   | 3 
---|---|---|---|---|---|---|---|---|---
 4 |   |   |   | X | 0 |   |   |   | 4 
---|---|---|---|---|---|---|---|---|---
 5 |   |   |   | X | X | X | X |   | 5 
---|---|---|---|---|---|---|---|---|---
 6 |   |   |   |   |   |   |   |   | 6 
---|---|---|---|---|---|---|---|---|---
 7 |   |   |   |   |   |   |   |   | 7 
---|---|---|---|---|---|---|---|---|---
 8 |   |   |   |   |   |   |   |   | 8 
---|---|---|---|---|---|---|---|---|---
   | 1 | 2 | 3 | 4 | 5 | 6 | 7 | 8 |

It took 0 seconds to make this move...


White to move
WEEOOOEEEEEEOEEEEEEOXOXEEEEEXOEEEEEEXXXXEEEEEEEEEEEEEEEEEEEEEEEEE
(6,6) Depth reached: 6, Nodes searched: 4918
   | 1 | 2 | 3 | 4 | 5 | 6 | 7 | 8 |
---|---|---|---|---|---|---|---|---|---
 1 |   |   | 0 | 0 | 0 |   |   |   | 1 
---|---|---|---|---|---|---|---|---|---
 2 |   |   |   | 0 |   |   |   |   | 2 
---|---|---|---|---|---|---|---|---|---
 3 |   |   | 0 | X | 0 | X |   |   | 3 
---|---|---|---|---|---|---|---|---|---
 4 |   |   |   | 0 | 0 |   |   |   | 4 
---|---|---|---|---|---|---|---|---|---
 5 |   |   |   | X | 0 | X | X |   | 5 
---|---|---|---|---|---|---|---|---|---
 6 |   |   |   |   |   | 0 |   |   | 6 
---|---|---|---|---|---|---|---|---|---
 7 |   |   |   |   |   |   |   |   | 7 
---|---|---|---|---|---|---|---|---|---
 8 |   |   |   |   |   |   |   |   | 8 
---|---|---|---|---|---|---|---|---|---
   | 1 | 2 | 3 | 4 | 5 | 6 | 7 | 8 |

It took 5 seconds to make this move...


Black to move
BEEOOOEEEEEEOEEEEEEOXOXEEEEEOOEEEEEEXOXXEEEEEEOEEEEEEEEEEEEEEEEEE
(7,5)
   | 1 | 2 | 3 | 4 | 5 | 6 | 7 | 8 |
---|---|---|---|---|---|---|---|---|---
 1 |   |   | 0 | 0 | 0 |   |   |   | 1 
---|---|---|---|---|---|---|---|---|---
 2 |   |   |   | 0 |   |   |   |   | 2 
---|---|---|---|---|---|---|---|---|---
 3 |   |   | 0 | X | 0 | X |   |   | 3 
---|---|---|---|---|---|---|---|---|---
 4 |   |   |   | 0 | 0 |   |   |   | 4 
---|---|---|---|---|---|---|---|---|---
 5 |   |   |   | X | 0 | X | X |   | 5 
---|---|---|---|---|---|---|---|---|---
 6 |   |   |   |   |   | X |   |   | 6 
---|---|---|---|---|---|---|---|---|---
 7 |   |   |   |   | X |   |   |   | 7 
---|---|---|---|---|---|---|---|---|---
 8 |   |   |   |   |   |   |   |   | 8 
---|---|---|---|---|---|---|---|---|---
   | 1 | 2 | 3 | 4 | 5 | 6 | 7 | 8 |

It took 0 seconds to make this move...


White to move
WEEOOOEEEEEEOEEEEEEOXOXEEEEEOOEEEEEEXOXXEEEEEEXEEEEEEXEEEEEEEEEEE
(2,3) Depth reached: 6, Nodes searched: 5796
   | 1 | 2 | 3 | 4 | 5 | 6 | 7 | 8 |
---|---|---|---|---|---|---|---|---|---
 1 |   |   | 0 | 0 | 0 |   |   |   | 1 
---|---|---|---|---|---|---|---|---|---
 2 |   |   | 0 | 0 |   |   |   |   | 2 
---|---|---|---|---|---|---|---|---|---
 3 |   |   | 0 | 0 | 0 | X |   |   | 3 
---|---|---|---|---|---|---|---|---|---
 4 |   |   |   | 0 | 0 |   |   |   | 4 
---|---|---|---|---|---|---|---|---|---
 5 |   |   |   | X | 0 | X | X |   | 5 
---|---|---|---|---|---|---|---|---|---
 6 |   |   |   |   |   | X |   |   | 6 
---|---|---|---|---|---|---|---|---|---
 7 |   |   |   |   | X |   |   |   | 7 
---|---|---|---|---|---|---|---|---|---
 8 |   |   |   |   |   |   |   |   | 8 
---|---|---|---|---|---|---|---|---|---
   | 1 | 2 | 3 | 4 | 5 | 6 | 7 | 8 |

It took 6 seconds to make this move...


Black to move
BEEOOOEEEEEOOEEEEEEOOOXEEEEEOOEEEEEEXOXXEEEEEEXEEEEEEXEEEEEEEEEEE
(1,2)
   | 1 | 2 | 3 | 4 | 5 | 6 | 7 | 8 |
---|---|---|---|---|---|---|---|---|---
 1 |   | X | 0 | 0 | 0 |   |   |   | 1 
---|---|---|---|---|---|---|---|---|---
 2 |   |   | X | 0 |   |   |   |   | 2 
---|---|---|---|---|---|---|---|---|---
 3 |   |   | 0 | X | 0 | X |   |   | 3 
---|---|---|---|---|---|---|---|---|---
 4 |   |   |   | 0 | X |   |   |   | 4 
---|---|---|---|---|---|---|---|---|---
 5 |   |   |   | X | 0 | X | X |   | 5 
---|---|---|---|---|---|---|---|---|---
 6 |   |   |   |   |   | X |   |   | 6 
---|---|---|---|---|---|---|---|---|---
 7 |   |   |   |   | X |   |   |   | 7 
---|---|---|---|---|---|---|---|---|---
 8 |   |   |   |   |   |   |   |   | 8 
---|---|---|---|---|---|---|---|---|---
   | 1 | 2 | 3 | 4 | 5 | 6 | 7 | 8 |

It took 0 seconds to make this move...


White to move
WEXOOOEEEEEXOEEEEEEOXOXEEEEEOXEEEEEEXOXXEEEEEEXEEEEEEXEEEEEEEEEEE
(1,1) Depth reached: 6, Nodes searched: 6939
   | 1 | 2 | 3 | 4 | 5 | 6 | 7 | 8 |
---|---|---|---|---|---|---|---|---|---
 1 | 0 | 0 | 0 | 0 | 0 |   |   |   | 1 
---|---|---|---|---|---|---|---|---|---
 2 |   |   | X | 0 |   |   |   |   | 2 
---|---|---|---|---|---|---|---|---|---
 3 |   |   | 0 | X | 0 | X |   |   | 3 
---|---|---|---|---|---|---|---|---|---
 4 |   |   |   | 0 | X |   |   |   | 4 
---|---|---|---|---|---|---|---|---|---
 5 |   |   |   | X | 0 | X | X |   | 5 
---|---|---|---|---|---|---|---|---|---
 6 |   |   |   |   |   | X |   |   | 6 
---|---|---|---|---|---|---|---|---|---
 7 |   |   |   |   | X |   |   |   | 7 
---|---|---|---|---|---|---|---|---|---
 8 |   |   |   |   |   |   |   |   | 8 
---|---|---|---|---|---|---|---|---|---
   | 1 | 2 | 3 | 4 | 5 | 6 | 7 | 8 |

It took 6 seconds to make this move...


Black to move
BOOOOOEEEEEXOEEEEEEOXOXEEEEEOXEEEEEEXOXXEEEEEEXEEEEEEXEEEEEEEEEEE
(2,5)
   | 1 | 2 | 3 | 4 | 5 | 6 | 7 | 8 |
---|---|---|---|---|---|---|---|---|---
 1 | 0 | 0 | 0 | 0 | 0 |   |   |   | 1 
---|---|---|---|---|---|---|---|---|---
 2 |   |   | X | X | X |   |   |   | 2 
---|---|---|---|---|---|---|---|---|---
 3 |   |   | 0 | X | X | X |   |   | 3 
---|---|---|---|---|---|---|---|---|---
 4 |   |   |   | 0 | X |   |   |   | 4 
---|---|---|---|---|---|---|---|---|---
 5 |   |   |   | X | 0 | X | X |   | 5 
---|---|---|---|---|---|---|---|---|---
 6 |   |   |   |   |   | X |   |   | 6 
---|---|---|---|---|---|---|---|---|---
 7 |   |   |   |   | X |   |   |   | 7 
---|---|---|---|---|---|---|---|---|---
 8 |   |   |   |   |   |   |   |   | 8 
---|---|---|---|---|---|---|---|---|---
   | 1 | 2 | 3 | 4 | 5 | 6 | 7 | 8 |

It took 0 seconds to make this move...


White to move
WOOOOOEEEEEXXXEEEEEOXXXEEEEEOXEEEEEEXOXXEEEEEEXEEEEEEXEEEEEEEEEEE
(4,6) Depth reached: 6, Nodes searched: 1751
   | 1 | 2 | 3 | 4 | 5 | 6 | 7 | 8 |
---|---|---|---|---|---|---|---|---|---
 1 | 0 | 0 | 0 | 0 | 0 |   |   |   | 1 
---|---|---|---|---|---|---|---|---|---
 2 |   |   | X | 0 | X |   |   |   | 2 
---|---|---|---|---|---|---|---|---|---
 3 |   |   | 0 | X | 0 | X |   |   | 3 
---|---|---|---|---|---|---|---|---|---
 4 |   |   |   | 0 | 0 | 0 |   |   | 4 
---|---|---|---|---|---|---|---|---|---
 5 |   |   |   | X | 0 | X | X |   | 5 
---|---|---|---|---|---|---|---|---|---
 6 |   |   |   |   |   | X |   |   | 6 
---|---|---|---|---|---|---|---|---|---
 7 |   |   |   |   | X |   |   |   | 7 
---|---|---|---|---|---|---|---|---|---
 8 |   |   |   |   |   |   |   |   | 8 
---|---|---|---|---|---|---|---|---|---
   | 1 | 2 | 3 | 4 | 5 | 6 | 7 | 8 |

It took 5 seconds to make this move...


Black to move
BOOOOOEEEEEXOXEEEEEOXOXEEEEEOOOEEEEEXOXXEEEEEEXEEEEEEXEEEEEEEEEEE
(4,3)
   | 1 | 2 | 3 | 4 | 5 | 6 | 7 | 8 |
---|---|---|---|---|---|---|---|---|---
 1 | 0 | 0 | 0 | 0 | 0 |   |   |   | 1 
---|---|---|---|---|---|---|---|---|---
 2 |   |   | X | 0 | X |   |   |   | 2 
---|---|---|---|---|---|---|---|---|---
 3 |   |   | X | X | 0 | X |   |   | 3 
---|---|---|---|---|---|---|---|---|---
 4 |   |   | X | 0 | 0 | 0 |   |   | 4 
---|---|---|---|---|---|---|---|---|---
 5 |   |   |   | X | 0 | X | X |   | 5 
---|---|---|---|---|---|---|---|---|---
 6 |   |   |   |   |   | X |   |   | 6 
---|---|---|---|---|---|---|---|---|---
 7 |   |   |   |   | X |   |   |   | 7 
---|---|---|---|---|---|---|---|---|---
 8 |   |   |   |   |   |   |   |   | 8 
---|---|---|---|---|---|---|---|---|---
   | 1 | 2 | 3 | 4 | 5 | 6 | 7 | 8 |

It took 1 seconds to make this move...


White to move
WOOOOOEEEEEXOXEEEEEXXOXEEEEXOOOEEEEEXOXXEEEEEEXEEEEEEXEEEEEEEEEEE
(5,8) Depth reached: 5, Nodes searched: 6690
   | 1 | 2 | 3 | 4 | 5 | 6 | 7 | 8 |
---|---|---|---|---|---|---|---|---|---
 1 | 0 | 0 | 0 | 0 | 0 |   |   |   | 1 
---|---|---|---|---|---|---|---|---|---
 2 |   |   | X | 0 | X |   |   |   | 2 
---|---|---|---|---|---|---|---|---|---
 3 |   |   | X | X | 0 | X |   |   | 3 
---|---|---|---|---|---|---|---|---|---
 4 |   |   | X | 0 | 0 | 0 |   |   | 4 
---|---|---|---|---|---|---|---|---|---
 5 |   |   |   | X | 0 | 0 | 0 | 0 | 5 
---|---|---|---|---|---|---|---|---|---
 6 |   |   |   |   |   | X |   |   | 6 
---|---|---|---|---|---|---|---|---|---
 7 |   |   |   |   | X |   |   |   | 7 
---|---|---|---|---|---|---|---|---|---
 8 |   |   |   |   |   |   |   |   | 8 
---|---|---|---|---|---|---|---|---|---
   | 1 | 2 | 3 | 4 | 5 | 6 | 7 | 8 |

It took 5 seconds to make this move...


Black to move
BOOOOOEEEEEXOXEEEEEXXOXEEEEXOOOEEEEEXOOOOEEEEEXEEEEEEXEEEEEEEEEEE
(4,7)
   | 1 | 2 | 3 | 4 | 5 | 6 | 7 | 8 |
---|---|---|---|---|---|---|---|---|---
 1 | 0 | 0 | 0 | 0 | 0 |   |   |   | 1 
---|---|---|---|---|---|---|---|---|---
 2 |   |   | X | 0 | X |   |   |   | 2 
---|---|---|---|---|---|---|---|---|---
 3 |   |   | X | X | 0 | X |   |   | 3 
---|---|---|---|---|---|---|---|---|---
 4 |   |   | X | X | X | X | X |   | 4 
---|---|---|---|---|---|---|---|---|---
 5 |   |   |   | X | 0 | 0 | 0 | 0 | 5 
---|---|---|---|---|---|---|---|---|---
 6 |   |   |   |   |   | X |   |   | 6 
---|---|---|---|---|---|---|---|---|---
 7 |   |   |   |   | X |   |   |   | 7 
---|---|---|---|---|---|---|---|---|---
 8 |   |   |   |   |   |   |   |   | 8 
---|---|---|---|---|---|---|---|---|---
   | 1 | 2 | 3 | 4 | 5 | 6 | 7 | 8 |

It took 0 seconds to make this move...


White to move
WOOOOOEEEEEXOXEEEEEXXOXEEEEXXXXXEEEEXOOOOEEEEEXEEEEEEXEEEEEEEEEEE
(6,4) Depth reached: 5, Nodes searched: 9807
   | 1 | 2 | 3 | 4 | 5 | 6 | 7 | 8 |
---|---|---|---|---|---|---|---|---|---
 1 | 0 | 0 | 0 | 0 | 0 |   |   |   | 1 
---|---|---|---|---|---|---|---|---|---
 2 |   |   | X | 0 | X |   |   |   | 2 
---|---|---|---|---|---|---|---|---|---
 3 |   |   | X | 0 | 0 | X |   |   | 3 
---|---|---|---|---|---|---|---|---|---
 4 |   |   | X | 0 | X | X | X |   | 4 
---|---|---|---|---|---|---|---|---|---
 5 |   |   |   | 0 | 0 | 0 | 0 | 0 | 5 
---|---|---|---|---|---|---|---|---|---
 6 |   |   |   | 0 |   | X |   |   | 6 
---|---|---|---|---|---|---|---|---|---
 7 |   |   |   |   | X |   |   |   | 7 
---|---|---|---|---|---|---|---|---|---
 8 |   |   |   |   |   |   |   |   | 8 
---|---|---|---|---|---|---|---|---|---
   | 1 | 2 | 3 | 4 | 5 | 6 | 7 | 8 |

It took 6 seconds to make this move...


Black to move
BOOOOOEEEEEXOXEEEEEXOOXEEEEXOXXXEEEEOOOOOEEEOEXEEEEEEXEEEEEEEEEEE
(6,8)
   | 1 | 2 | 3 | 4 | 5 | 6 | 7 | 8 |
---|---|---|---|---|---|---|---|---|---
 1 | 0 | 0 | 0 | 0 | 0 |   |   |   | 1 
---|---|---|---|---|---|---|---|---|---
 2 |   |   | X | 0 | X |   |   |   | 2 
---|---|---|---|---|---|---|---|---|---
 3 |   |   | X | 0 | 0 | X |   |   | 3 
---|---|---|---|---|---|---|---|---|---
 4 |   |   | X | 0 | X | X | X |   | 4 
---|---|---|---|---|---|---|---|---|---
 5 |   |   |   | 0 | 0 | 0 | X | 0 | 5 
---|---|---|---|---|---|---|---|---|---
 6 |   |   |   | 0 |   | X |   | X | 6 
---|---|---|---|---|---|---|---|---|---
 7 |   |   |   |   | X |   |   |   | 7 
---|---|---|---|---|---|---|---|---|---
 8 |   |   |   |   |   |   |   |   | 8 
---|---|---|---|---|---|---|---|---|---
   | 1 | 2 | 3 | 4 | 5 | 6 | 7 | 8 |

It took 0 seconds to make this move...


White to move
WOOOOOEEEEEXOXEEEEEXOOXEEEEXOXXXEEEEOOOXOEEEOEXEXEEEEXEEEEEEEEEEE
(7,8) Depth reached: 5, Nodes searched: 8143
   | 1 | 2 | 3 | 4 | 5 | 6 | 7 | 8 |
---|---|---|---|---|---|---|---|---|---
 1 | 0 | 0 | 0 | 0 | 0 |   |   |   | 1 
---|---|---|---|---|---|---|---|---|---
 2 |   |   | X | 0 | X |   |   |   | 2 
---|---|---|---|---|---|---|---|---|---
 3 |   |   | X | 0 | 0 | X |   |   | 3 
---|---|---|---|---|---|---|---|---|---
 4 |   |   | X | 0 | X | X | X |   | 4 
---|---|---|---|---|---|---|---|---|---
 5 |   |   |   | 0 | 0 | 0 | X | 0 | 5 
---|---|---|---|---|---|---|---|---|---
 6 |   |   |   | 0 |   | X |   | 0 | 6 
---|---|---|---|---|---|---|---|---|---
 7 |   |   |   |   | X |   |   | 0 | 7 
---|---|---|---|---|---|---|---|---|---
 8 |   |   |   |   |   |   |   |   | 8 
---|---|---|---|---|---|---|---|---|---
   | 1 | 2 | 3 | 4 | 5 | 6 | 7 | 8 |

It took 6 seconds to make this move...


Black to move
BOOOOOEEEEEXOXEEEEEXOOXEEEEXOXXXEEEEOOOXOEEEOEXEOEEEEXEEOEEEEEEEE
(5,3)
   | 1 | 2 | 3 | 4 | 5 | 6 | 7 | 8 |
---|---|---|---|---|---|---|---|---|---
 1 | 0 | 0 | 0 | 0 | 0 |   |   |   | 1 
---|---|---|---|---|---|---|---|---|---
 2 |   |   | X | 0 | X |   |   |   | 2 
---|---|---|---|---|---|---|---|---|---
 3 |   |   | X | 0 | 0 | X |   |   | 3 
---|---|---|---|---|---|---|---|---|---
 4 |   |   | X | 0 | X | X | X |   | 4 
---|---|---|---|---|---|---|---|---|---
 5 |   |   | X | X | X | X | X | 0 | 5 
---|---|---|---|---|---|---|---|---|---
 6 |   |   |   | X |   | X |   | 0 | 6 
---|---|---|---|---|---|---|---|---|---
 7 |   |   |   |   | X |   |   | 0 | 7 
---|---|---|---|---|---|---|---|---|---
 8 |   |   |   |   |   |   |   |   | 8 
---|---|---|---|---|---|---|---|---|---
   | 1 | 2 | 3 | 4 | 5 | 6 | 7 | 8 |

It took 0 seconds to make this move...


White to move
WOOOOOEEEEEXOXEEEEEXOOXEEEEXOXXXEEEXXXXXOEEEXEXEOEEEEXEEOEEEEEEEE
(1,6) Depth reached: 6, Nodes searched: 4457
   | 1 | 2 | 3 | 4 | 5 | 6 | 7 | 8 |
---|---|---|---|---|---|---|---|---|---
 1 | 0 | 0 | 0 | 0 | 0 | 0 |   |   | 1 
---|---|---|---|---|---|---|---|---|---
 2 |   |   | X | 0 | 0 |   |   |   | 2 
---|---|---|---|---|---|---|---|---|---
 3 |   |   | X | 0 | 0 | X |   |   | 3 
---|---|---|---|---|---|---|---|---|---
 4 |   |   | X | 0 | X | X | X |   | 4 
---|---|---|---|---|---|---|---|---|---
 5 |   |   | X | X | X | X | X | 0 | 5 
---|---|---|---|---|---|---|---|---|---
 6 |   |   |   | X |   | X |   | 0 | 6 
---|---|---|---|---|---|---|---|---|---
 7 |   |   |   |   | X |   |   | 0 | 7 
---|---|---|---|---|---|---|---|---|---
 8 |   |   |   |   |   |   |   |   | 8 
---|---|---|---|---|---|---|---|---|---
   | 1 | 2 | 3 | 4 | 5 | 6 | 7 | 8 |

It took 6 seconds to make this move...


Black to move
BOOOOOOEEEEXOOEEEEEXOOXEEEEXOXXXEEEXXXXXOEEEXEXEOEEEEXEEOEEEEEEEE
(2,6)
   | 1 | 2 | 3 | 4 | 5 | 6 | 7 | 8 |
---|---|---|---|---|---|---|---|---|---
 1 | 0 | 0 | 0 | 0 | 0 | 0 |   |   | 1 
---|---|---|---|---|---|---|---|---|---
 2 |   |   | X | X | X | X |   |   | 2 
---|---|---|---|---|---|---|---|---|---
 3 |   |   | X | 0 | X | X |   |   | 3 
---|---|---|---|---|---|---|---|---|---
 4 |   |   | X | X | X | X | X |   | 4 
---|---|---|---|---|---|---|---|---|---
 5 |   |   | X | X | X | X | X | 0 | 5 
---|---|---|---|---|---|---|---|---|---
 6 |   |   |   | X |   | X |   | 0 | 6 
---|---|---|---|---|---|---|---|---|---
 7 |   |   |   |   | X |   |   | 0 | 7 
---|---|---|---|---|---|---|---|---|---
 8 |   |   |   |   |   |   |   |   | 8 
---|---|---|---|---|---|---|---|---|---
   | 1 | 2 | 3 | 4 | 5 | 6 | 7 | 8 |

It took 0 seconds to make this move...


White to move
WOOOOOOEEEEXXXXEEEEXOXXEEEEXXXXXEEEXXXXXOEEEXEXEOEEEEXEEOEEEEEEEE
(6,5) Depth reached: 6, Nodes searched: 5391
   | 1 | 2 | 3 | 4 | 5 | 6 | 7 | 8 |
---|---|---|---|---|---|---|---|---|---
 1 | 0 | 0 | 0 | 0 | 0 | 0 |   |   | 1 
---|---|---|---|---|---|---|---|---|---
 2 |   |   | X | X | 0 | X |   |   | 2 
---|---|---|---|---|---|---|---|---|---
 3 |   |   | X | 0 | 0 | X |   |   | 3 
---|---|---|---|---|---|---|---|---|---
 4 |   |   | X | X | 0 | X | X |   | 4 
---|---|---|---|---|---|---|---|---|---
 5 |   |   | X | X | 0 | X | X | 0 | 5 
---|---|---|---|---|---|---|---|---|---
 6 |   |   |   | X | 0 | X |   | 0 | 6 
---|---|---|---|---|---|---|---|---|---
 7 |   |   |   |   | X |   |   | 0 | 7 
---|---|---|---|---|---|---|---|---|---
 8 |   |   |   |   |   |   |   |   | 8 
---|---|---|---|---|---|---|---|---|---
   | 1 | 2 | 3 | 4 | 5 | 6 | 7 | 8 |

It took 5 seconds to make this move...


Black to move
BOOOOOOEEEEXXOXEEEEXOOXEEEEXXOXXEEEXXOXXOEEEXOXEOEEEEXEEOEEEEEEEE
(7,4)
   | 1 | 2 | 3 | 4 | 5 | 6 | 7 | 8 |
---|---|---|---|---|---|---|---|---|---
 1 | 0 | 0 | 0 | 0 | 0 | 0 |   |   | 1 
---|---|---|---|---|---|---|---|---|---
 2 |   |   | X | X | 0 | X |   |   | 2 
---|---|---|---|---|---|---|---|---|---
 3 |   |   | X | 0 | 0 | X |   |   | 3 
---|---|---|---|---|---|---|---|---|---
 4 |   |   | X | X | 0 | X | X |   | 4 
---|---|---|---|---|---|---|---|---|---
 5 |   |   | X | X | 0 | X | X | 0 | 5 
---|---|---|---|---|---|---|---|---|---
 6 |   |   |   | X | X | X |   | 0 | 6 
---|---|---|---|---|---|---|---|---|---
 7 |   |   |   | X | X |   |   | 0 | 7 
---|---|---|---|---|---|---|---|---|---
 8 |   |   |   |   |   |   |   |   | 8 
---|---|---|---|---|---|---|---|---|---
   | 1 | 2 | 3 | 4 | 5 | 6 | 7 | 8 |

It took 1 seconds to make this move...


White to move
WOOOOOOEEEEXXOXEEEEXOOXEEEEXXOXXEEEXXOXXOEEEXXXEOEEEXXEEOEEEEEEEE
(6,7) Depth reached: 5, Nodes searched: 10508
   | 1 | 2 | 3 | 4 | 5 | 6 | 7 | 8 |
---|---|---|---|---|---|---|---|---|---
 1 | 0 | 0 | 0 | 0 | 0 | 0 |   |   | 1 
---|---|---|---|---|---|---|---|---|---
 2 |   |   | X | X | 0 | X |   |   | 2 
---|---|---|---|---|---|---|---|---|---
 3 |   |   | X | 0 | 0 | X |   |   | 3 
---|---|---|---|---|---|---|---|---|---
 4 |   |   | X | X | 0 | X | X |   | 4 
---|---|---|---|---|---|---|---|---|---
 5 |   |   | X | X | 0 | 0 | X | 0 | 5 
---|---|---|---|---|---|---|---|---|---
 6 |   |   |   | X | X | X | 0 | 0 | 6 
---|---|---|---|---|---|---|---|---|---
 7 |   |   |   | X | X |   |   | 0 | 7 
---|---|---|---|---|---|---|---|---|---
 8 |   |   |   |   |   |   |   |   | 8 
---|---|---|---|---|---|---|---|---|---
   | 1 | 2 | 3 | 4 | 5 | 6 | 7 | 8 |

It took 5 seconds to make this move...


Black to move
BOOOOOOEEEEXXOXEEEEXOOXEEEEXXOXXEEEXXOOXOEEEXXXOOEEEXXEEOEEEEEEEE
(7,7)
   | 1 | 2 | 3 | 4 | 5 | 6 | 7 | 8 |
---|---|---|---|---|---|---|---|---|---
 1 | 0 | 0 | 0 | 0 | 0 | 0 |   |   | 1 
---|---|---|---|---|---|---|---|---|---
 2 |   |   | X | X | 0 | X |   |   | 2 
---|---|---|---|---|---|---|---|---|---
 3 |   |   | X | 0 | 0 | X |   |   | 3 
---|---|---|---|---|---|---|---|---|---
 4 |   |   | X | X | 0 | X | X |   | 4 
---|---|---|---|---|---|---|---|---|---
 5 |   |   | X | X | 0 | 0 | X | 0 | 5 
---|---|---|---|---|---|---|---|---|---
 6 |   |   |   | X | X | X | X | 0 | 6 
---|---|---|---|---|---|---|---|---|---
 7 |   |   |   | X | X |   | X | 0 | 7 
---|---|---|---|---|---|---|---|---|---
 8 |   |   |   |   |   |   |   |   | 8 
---|---|---|---|---|---|---|---|---|---
   | 1 | 2 | 3 | 4 | 5 | 6 | 7 | 8 |

It took 0 seconds to make this move...


White to move
WOOOOOOEEEEXXOXEEEEXOOXEEEEXXOXXEEEXXOOXOEEEXXXXOEEEXXEXOEEEEEEEE
(8,5) Depth reached: 6, Nodes searched: 516
   | 1 | 2 | 3 | 4 | 5 | 6 | 7 | 8 |
---|---|---|---|---|---|---|---|---|---
 1 | 0 | 0 | 0 | 0 | 0 | 0 |   |   | 1 
---|---|---|---|---|---|---|---|---|---
 2 |   |   | X | X | 0 | X |   |   | 2 
---|---|---|---|---|---|---|---|---|---
 3 |   |   | X | 0 | 0 | X |   |   | 3 
---|---|---|---|---|---|---|---|---|---
 4 |   |   | X | X | 0 | X | X |   | 4 
---|---|---|---|---|---|---|---|---|---
 5 |   |   | X | X | 0 | 0 | X | 0 | 5 
---|---|---|---|---|---|---|---|---|---
 6 |   |   |   | X | 0 | X | X | 0 | 6 
---|---|---|---|---|---|---|---|---|---
 7 |   |   |   | X | 0 |   | X | 0 | 7 
---|---|---|---|---|---|---|---|---|---
 8 |   |   |   |   | 0 |   |   |   | 8 
---|---|---|---|---|---|---|---|---|---
   | 1 | 2 | 3 | 4 | 5 | 6 | 7 | 8 |

It took 6 seconds to make this move...


Black to move
BOOOOOOEEEEXXOXEEEEXOOXEEEEXXOXXEEEXXOOXOEEEXOXXOEEEXOEXOEEEEOEEE
(7,6)
   | 1 | 2 | 3 | 4 | 5 | 6 | 7 | 8 |
---|---|---|---|---|---|---|---|---|---
 1 | 0 | 0 | 0 | 0 | 0 | 0 |   |   | 1 
---|---|---|---|---|---|---|---|---|---
 2 |   |   | X | X | 0 | X |   |   | 2 
---|---|---|---|---|---|---|---|---|---
 3 |   |   | X | 0 | 0 | X |   |   | 3 
---|---|---|---|---|---|---|---|---|---
 4 |   |   | X | X | 0 | X | X |   | 4 
---|---|---|---|---|---|---|---|---|---
 5 |   |   | X | X | 0 | 0 | X | 0 | 5 
---|---|---|---|---|---|---|---|---|---
 6 |   |   |   | X | X | X | X | 0 | 6 
---|---|---|---|---|---|---|---|---|---
 7 |   |   |   | X | X | X | X | 0 | 7 
---|---|---|---|---|---|---|---|---|---
 8 |   |   |   |   | 0 |   |   |   | 8 
---|---|---|---|---|---|---|---|---|---
   | 1 | 2 | 3 | 4 | 5 | 6 | 7 | 8 |

It took 0 seconds to make this move...


White to move
WOOOOOOEEEEXXOXEEEEXOOXEEEEXXOXXEEEXXOOXOEEEXXXXOEEEXXXXOEEEEOEEE
(8,8) Depth reached: 6, Nodes searched: 7231
   | 1 | 2 | 3 | 4 | 5 | 6 | 7 | 8 |
---|---|---|---|---|---|---|---|---|---
 1 | 0 | 0 | 0 | 0 | 0 | 0 |   |   | 1 
---|---|---|---|---|---|---|---|---|---
 2 |   |   | X | X | 0 | X |   |   | 2 
---|---|---|---|---|---|---|---|---|---
 3 |   |   | X | 0 | 0 | X |   |   | 3 
---|---|---|---|---|---|---|---|---|---
 4 |   |   | X | X | 0 | X | X |   | 4 
---|---|---|---|---|---|---|---|---|---
 5 |   |   | X | X | 0 | 0 | X | 0 | 5 
---|---|---|---|---|---|---|---|---|---
 6 |   |   |   | X | X | 0 | X | 0 | 6 
---|---|---|---|---|---|---|---|---|---
 7 |   |   |   | X | X | X | 0 | 0 | 7 
---|---|---|---|---|---|---|---|---|---
 8 |   |   |   |   | 0 |   |   | 0 | 8 
---|---|---|---|---|---|---|---|---|---
   | 1 | 2 | 3 | 4 | 5 | 6 | 7 | 8 |

It took 6 seconds to make this move...


Black to move
BOOOOOOEEEEXXOXEEEEXOOXEEEEXXOXXEEEXXOOXOEEEXXOXOEEEXXXOOEEEEOEEO
(8,7)
   | 1 | 2 | 3 | 4 | 5 | 6 | 7 | 8 |
---|---|---|---|---|---|---|---|---|---
 1 | 0 | 0 | 0 | 0 | 0 | 0 |   |   | 1 
---|---|---|---|---|---|---|---|---|---
 2 |   |   | X | X | 0 | X |   |   | 2 
---|---|---|---|---|---|---|---|---|---
 3 |   |   | X | 0 | 0 | X |   |   | 3 
---|---|---|---|---|---|---|---|---|---
 4 |   |   | X | X | 0 | X | X |   | 4 
---|---|---|---|---|---|---|---|---|---
 5 |   |   | X | X | 0 | 0 | X | 0 | 5 
---|---|---|---|---|---|---|---|---|---
 6 |   |   |   | X | X | 0 | X | 0 | 6 
---|---|---|---|---|---|---|---|---|---
 7 |   |   |   | X | X | X | X | 0 | 7 
---|---|---|---|---|---|---|---|---|---
 8 |   |   |   |   | 0 |   | X | 0 | 8 
---|---|---|---|---|---|---|---|---|---
   | 1 | 2 | 3 | 4 | 5 | 6 | 7 | 8 |

It took 0 seconds to make this move...


White to move
WOOOOOOEEEEXXOXEEEEXOOXEEEEXXOXXEEEXXOOXOEEEXXOXOEEEXXXXOEEEEOEXO
(8,3) Depth reached: 6, Nodes searched: 7854
   | 1 | 2 | 3 | 4 | 5 | 6 | 7 | 8 |
---|---|---|---|---|---|---|---|---|---
 1 | 0 | 0 | 0 | 0 | 0 | 0 |   |   | 1 
---|---|---|---|---|---|---|---|---|---
 2 |   |   | X | X | 0 | X |   |   | 2 
---|---|---|---|---|---|---|---|---|---
 3 |   |   | X | 0 | 0 | X |   |   | 3 
---|---|---|---|---|---|---|---|---|---
 4 |   |   | X | X | 0 | X | X |   | 4 
---|---|---|---|---|---|---|---|---|---
 5 |   |   | X | X | 0 | 0 | X | 0 | 5 
---|---|---|---|---|---|---|---|---|---
 6 |   |   |   | X | 0 | 0 | X | 0 | 6 
---|---|---|---|---|---|---|---|---|---
 7 |   |   |   | 0 | X | X | X | 0 | 7 
---|---|---|---|---|---|---|---|---|---
 8 |   |   | 0 |   | 0 |   | X | 0 | 8 
---|---|---|---|---|---|---|---|---|---
   | 1 | 2 | 3 | 4 | 5 | 6 | 7 | 8 |

It took 6 seconds to make this move...


Black to move
BOOOOOOEEEEXXOXEEEEXOOXEEEEXXOXXEEEXXOOXOEEEXOOXOEEEOXXXOEEOEOEXO
(7,3)
   | 1 | 2 | 3 | 4 | 5 | 6 | 7 | 8 |
---|---|---|---|---|---|---|---|---|---
 1 | 0 | 0 | 0 | 0 | 0 | 0 |   |   | 1 
---|---|---|---|---|---|---|---|---|---
 2 |   |   | X | X | 0 | X |   |   | 2 
---|---|---|---|---|---|---|---|---|---
 3 |   |   | X | 0 | 0 | X |   |   | 3 
---|---|---|---|---|---|---|---|---|---
 4 |   |   | X | X | 0 | X | X |   | 4 
---|---|---|---|---|---|---|---|---|---
 5 |   |   | X | X | 0 | 0 | X | 0 | 5 
---|---|---|---|---|---|---|---|---|---
 6 |   |   |   | X | 0 | 0 | X | 0 | 6 
---|---|---|---|---|---|---|---|---|---
 7 |   |   | X | X | X | X | X | 0 | 7 
---|---|---|---|---|---|---|---|---|---
 8 |   |   | 0 |   | 0 |   | X | 0 | 8 
---|---|---|---|---|---|---|---|---|---
   | 1 | 2 | 3 | 4 | 5 | 6 | 7 | 8 |

It took 0 seconds to make this move...


White to move
WOOOOOOEEEEXXOXEEEEXOOXEEEEXXOXXEEEXXOOXOEEEXOOXOEEXXXXXOEEOEOEXO
(8,6) Depth reached: 6, Nodes searched: 8874
   | 1 | 2 | 3 | 4 | 5 | 6 | 7 | 8 |
---|---|---|---|---|---|---|---|---|---
 1 | 0 | 0 | 0 | 0 | 0 | 0 |   |   | 1 
---|---|---|---|---|---|---|---|---|---
 2 |   |   | X | X | 0 | X |   |   | 2 
---|---|---|---|---|---|---|---|---|---
 3 |   |   | X | 0 | 0 | X |   |   | 3 
---|---|---|---|---|---|---|---|---|---
 4 |   |   | X | X | 0 | X | X |   | 4 
---|---|---|---|---|---|---|---|---|---
 5 |   |   | X | X | 0 | 0 | X | 0 | 5 
---|---|---|---|---|---|---|---|---|---
 6 |   |   |   | X | 0 | 0 | X | 0 | 6 
---|---|---|---|---|---|---|---|---|---
 7 |   |   | X | X | X | 0 | 0 | 0 | 7 
---|---|---|---|---|---|---|---|---|---
 8 |   |   | 0 |   | 0 | 0 | 0 | 0 | 8 
---|---|---|---|---|---|---|---|---|---
   | 1 | 2 | 3 | 4 | 5 | 6 | 7 | 8 |

It took 5 seconds to make this move...


Black to move
BOOOOOOEEEEXXOXEEEEXOOXEEEEXXOXXEEEXXOOXOEEEXOOXOEEXXXOOOEEOEOOOO
pass
   | 1 | 2 | 3 | 4 | 5 | 6 | 7 | 8 |
---|---|---|---|---|---|---|---|---|---
 1 | 0 | 0 | 0 | 0 | 0 | 0 |   |   | 1 
---|---|---|---|---|---|---|---|---|---
 2 |   |   | X | X | 0 | X |   |   | 2 
---|---|---|---|---|---|---|---|---|---
 3 |   |   | X | 0 | 0 | X |   |   | 3 
---|---|---|---|---|---|---|---|---|---
 4 |   |   | X | X | 0 | X | X |   | 4 
---|---|---|---|---|---|---|---|---|---
 5 |   |   | X | X | 0 | 0 | X | 0 | 5 
---|---|---|---|---|---|---|---|---|---
 6 |   |   |   | X | 0 | 0 | X | 0 | 6 
---|---|---|---|---|---|---|---|---|---
 7 |   |   | X | X | X | 0 | 0 | 0 | 7 
---|---|---|---|---|---|---|---|---|---
 8 |   |   | 0 |   | 0 | 0 | 0 | 0 | 8 
---|---|---|---|---|---|---|---|---|---
   | 1 | 2 | 3 | 4 | 5 | 6 | 7 | 8 |

It took 1 seconds to make this move...


White to move
WOOOOOOEEEEXXOXEEEEXOOXEEEEXXOXXEEEXXOOXOEEEXOOXOEEXXXOOOEEOEOOOO
(8,2) Depth reached: 6, Nodes searched: 12032
   | 1 | 2 | 3 | 4 | 5 | 6 | 7 | 8 |
---|---|---|---|---|---|---|---|---|---
 1 | 0 | 0 | 0 | 0 | 0 | 0 |   |   | 1 
---|---|---|---|---|---|---|---|---|---
 2 |   |   | X | X | 0 | X |   |   | 2 
---|---|---|---|---|---|---|---|---|---
 3 |   |   | X | 0 | 0 | X |   |   | 3 
---|---|---|---|---|---|---|---|---|---
 4 |   |   | X | X | 0 | X | X |   | 4 
---|---|---|---|---|---|---|---|---|---
 5 |   |   | X | X | 0 | 0 | X | 0 | 5 
---|---|---|---|---|---|---|---|---|---
 6 |   |   |   | 0 | 0 | 0 | X | 0 | 6 
---|---|---|---|---|---|---|---|---|---
 7 |   |   | 0 | X | X | 0 | 0 | 0 | 7 
---|---|---|---|---|---|---|---|---|---
 8 |   | 0 | 0 |   | 0 | 0 | 0 | 0 | 8 
---|---|---|---|---|---|---|---|---|---
   | 1 | 2 | 3 | 4 | 5 | 6 | 7 | 8 |

It took 5 seconds to make this move...


Black to move
BOOOOOOEEEEXXOXEEEEXOOXEEEEXXOXXEEEXXOOXOEEEOOOXOEEOXXOOOEOOEOOOO
(6,3)
   | 1 | 2 | 3 | 4 | 5 | 6 | 7 | 8 |
---|---|---|---|---|---|---|---|---|---
 1 | 0 | 0 | 0 | 0 | 0 | 0 |   |   | 1 
---|---|---|---|---|---|---|---|---|---
 2 |   |   | X | X | 0 | X |   |   | 2 
---|---|---|---|---|---|---|---|---|---
 3 |   |   | X | 0 | 0 | X |   |   | 3 
---|---|---|---|---|---|---|---|---|---
 4 |   |   | X | X | 0 | X | X |   | 4 
---|---|---|---|---|---|---|---|---|---
 5 |   |   | X | X | 0 | 0 | X | 0 | 5 
---|---|---|---|---|---|---|---|---|---
 6 |   |   | X | X | X | X | X | 0 | 6 
---|---|---|---|---|---|---|---|---|---
 7 |   |   | 0 | X | X | 0 | 0 | 0 | 7 
---|---|---|---|---|---|---|---|---|---
 8 |   | 0 | 0 |   | 0 | 0 | 0 | 0 | 8 
---|---|---|---|---|---|---|---|---|---
   | 1 | 2 | 3 | 4 | 5 | 6 | 7 | 8 |

It took 0 seconds to make this move...


White to move
WOOOOOOEEEEXXOXEEEEXOOXEEEEXXOXXEEEXXOOXOEEXXXXXOEEOXXOOOEOOEOOOO
(6,2) Depth reached: 6, Nodes searched: 13454
   | 1 | 2 | 3 | 4 | 5 | 6 | 7 | 8 |
---|---|---|---|---|---|---|---|---|---
 1 | 0 | 0 | 0 | 0 | 0 | 0 |   |   | 1 
---|---|---|---|---|---|---|---|---|---
 2 |   |   | X | X | 0 | X |   |   | 2 
---|---|---|---|---|---|---|---|---|---
 3 |   |   | X | 0 | 0 | X |   |   | 3 
---|---|---|---|---|---|---|---|---|---
 4 |   |   | X | 0 | 0 | X | X |   | 4 
---|---|---|---|---|---|---|---|---|---
 5 |   |   | 0 | X | 0 | 0 | X | 0 | 5 
---|---|---|---|---|---|---|---|---|---
 6 |   | 0 | 0 | 0 | 0 | 0 | 0 | 0 | 6 
---|---|---|---|---|---|---|---|---|---
 7 |   |   | 0 | X | X | 0 | 0 | 0 | 7 
---|---|---|---|---|---|---|---|---|---
 8 |   | 0 | 0 |   | 0 | 0 | 0 | 0 | 8 
---|---|---|---|---|---|---|---|---|---
   | 1 | 2 | 3 | 4 | 5 | 6 | 7 | 8 |

It took 6 seconds to make this move...


Black to move
BOOOOOOEEEEXXOXEEEEXOOXEEEEXOOXXEEEOXOOXOEOOOOOOOEEOXXOOOEOOEOOOO
(7,1)
   | 1 | 2 | 3 | 4 | 5 | 6 | 7 | 8 |
---|---|---|---|---|---|---|---|---|---
 1 | 0 | 0 | 0 | 0 | 0 | 0 |   |   | 1 
---|---|---|---|---|---|---|---|---|---
 2 |   |   | X | X | 0 | X |   |   | 2 
---|---|---|---|---|---|---|---|---|---
 3 |   |   | X | 0 | X | X |   |   | 3 
---|---|---|---|---|---|---|---|---|---
 4 |   |   | X | X | 0 | X | X |   | 4 
---|---|---|---|---|---|---|---|---|---
 5 |   |   | X | X | 0 | 0 | X | 0 | 5 
---|---|---|---|---|---|---|---|---|---
 6 |   | X | 0 | 0 | 0 | 0 | 0 | 0 | 6 
---|---|---|---|---|---|---|---|---|---
 7 | X |   | 0 | X | X | 0 | 0 | 0 | 7 
---|---|---|---|---|---|---|---|---|---
 8 |   | 0 | 0 |   | 0 | 0 | 0 | 0 | 8 
---|---|---|---|---|---|---|---|---|---
   | 1 | 2 | 3 | 4 | 5 | 6 | 7 | 8 |

It took 0 seconds to make this move...


White to move
WOOOOOOEEEEXXOXEEEEXOXXEEEEXXOXXEEEXXOOXOEXOOOOOOXEOXXOOOEOOEOOOO
(8,4) Depth reached: 6, Nodes searched: 15510
   | 1 | 2 | 3 | 4 | 5 | 6 | 7 | 8 |
---|---|---|---|---|---|---|---|---|---
 1 | 0 | 0 | 0 | 0 | 0 | 0 |   |   | 1 
---|---|---|---|---|---|---|---|---|---
 2 |   |   | X | X | 0 | X |   |   | 2 
---|---|---|---|---|---|---|---|---|---
 3 |   |   | X | 0 | X | X |   |   | 3 
---|---|---|---|---|---|---|---|---|---
 4 |   |   | X | X | 0 | X | X |   | 4 
---|---|---|---|---|---|---|---|---|---
 5 |   |   | X | X | 0 | 0 | X | 0 | 5 
---|---|---|---|---|---|---|---|---|---
 6 |   | X | 0 | 0 | 0 | 0 | 0 | 0 | 6 
---|---|---|---|---|---|---|---|---|---
 7 | X |   | 0 | 0 | 0 | 0 | 0 | 0 | 7 
---|---|---|---|---|---|---|---|---|---
 8 |   | 0 | 0 | 0 | 0 | 0 | 0 | 0 | 8 
---|---|---|---|---|---|---|---|---|---
   | 1 | 2 | 3 | 4 | 5 | 6 | 7 | 8 |

It took 6 seconds to make this move...


Black to move
BOOOOOOEEEEXXOXEEEEXOXXEEEEXXOXXEEEXXOOXOEXOOOOOOXEOOOOOOEOOOOOOO
(7,2)
   | 1 | 2 | 3 | 4 | 5 | 6 | 7 | 8 |
---|---|---|---|---|---|---|---|---|---
 1 | 0 | 0 | 0 | 0 | 0 | 0 |   |   | 1 
---|---|---|---|---|---|---|---|---|---
 2 |   |   | X | X | 0 | X |   |   | 2 
---|---|---|---|---|---|---|---|---|---
 3 |   |   | X | 0 | X | X |   |   | 3 
---|---|---|---|---|---|---|---|---|---
 4 |   |   | X | X | 0 | X | X |   | 4 
---|---|---|---|---|---|---|---|---|---
 5 |   |   | X | X | 0 | 0 | X | 0 | 5 
---|---|---|---|---|---|---|---|---|---
 6 |   | X | X | 0 | 0 | 0 | 0 | 0 | 6 
---|---|---|---|---|---|---|---|---|---
 7 | X | X | 0 | 0 | 0 | 0 | 0 | 0 | 7 
---|---|---|---|---|---|---|---|---|---
 8 |   | 0 | 0 | 0 | 0 | 0 | 0 | 0 | 8 
---|---|---|---|---|---|---|---|---|---
   | 1 | 2 | 3 | 4 | 5 | 6 | 7 | 8 |

It took 0 seconds to make this move...


White to move
WOOOOOOEEEEXXOXEEEEXOXXEEEEXXOXXEEEXXOOXOEXXOOOOOXXOOOOOOEOOOOOOO
(8,1) Depth reached: 7, Nodes searched: 7431
   | 1 | 2 | 3 | 4 | 5 | 6 | 7 | 8 |
---|---|---|---|---|---|---|---|---|---
 1 | 0 | 0 | 0 | 0 | 0 | 0 |   |   | 1 
---|---|---|---|---|---|---|---|---|---
 2 |   |   | X | X | 0 | X |   |   | 2 
---|---|---|---|---|---|---|---|---|---
 3 |   |   | X | 0 | X | X |   |   | 3 
---|---|---|---|---|---|---|---|---|---
 4 |   |   | X | X | 0 | X | X |   | 4 
---|---|---|---|---|---|---|---|---|---
 5 |   |   | X | 0 | 0 | 0 | X | 0 | 5 
---|---|---|---|---|---|---|---|---|---
 6 |   | X | 0 | 0 | 0 | 0 | 0 | 0 | 6 
---|---|---|---|---|---|---|---|---|---
 7 | X | 0 | 0 | 0 | 0 | 0 | 0 | 0 | 7 
---|---|---|---|---|---|---|---|---|---
 8 | 0 | 0 | 0 | 0 | 0 | 0 | 0 | 0 | 8 
---|---|---|---|---|---|---|---|---|---
   | 1 | 2 | 3 | 4 | 5 | 6 | 7 | 8 |

It took 5 seconds to make this move...


Black to move
BOOOOOOEEEEXXOXEEEEXOXXEEEEXXOXXEEEXOOOXOEXOOOOOOXOOOOOOOOOOOOOOO
pass
   | 1 | 2 | 3 | 4 | 5 | 6 | 7 | 8 |
---|---|---|---|---|---|---|---|---|---
 1 | 0 | 0 | 0 | 0 | 0 | 0 |   |   | 1 
---|---|---|---|---|---|---|---|---|---
 2 |   |   | X | X | 0 | X |   |   | 2 
---|---|---|---|---|---|---|---|---|---
 3 |   |   | X | 0 | X | X |   |   | 3 
---|---|---|---|---|---|---|---|---|---
 4 |   |   | X | X | 0 | X | X |   | 4 
---|---|---|---|---|---|---|---|---|---
 5 |   |   | X | 0 | 0 | 0 | X | 0 | 5 
---|---|---|---|---|---|---|---|---|---
 6 |   | X | 0 | 0 | 0 | 0 | 0 | 0 | 6 
---|---|---|---|---|---|---|---|---|---
 7 | X | 0 | 0 | 0 | 0 | 0 | 0 | 0 | 7 
---|---|---|---|---|---|---|---|---|---
 8 | 0 | 0 | 0 | 0 | 0 | 0 | 0 | 0 | 8 
---|---|---|---|---|---|---|---|---|---
   | 1 | 2 | 3 | 4 | 5 | 6 | 7 | 8 |

It took 1 seconds to make this move...


White to move
WOOOOOOEEEEXXOXEEEEXOXXEEEEXXOXXEEEXOOOXOEXOOOOOOXOOOOOOOOOOOOOOO
(4,8) Depth reached: 7, Nodes searched: 14550
   | 1 | 2 | 3 | 4 | 5 | 6 | 7 | 8 |
---|---|---|---|---|---|---|---|---|---
 1 | 0 | 0 | 0 | 0 | 0 | 0 |   |   | 1 
---|---|---|---|---|---|---|---|---|---
 2 |   |   | X | X | 0 | X |   |   | 2 
---|---|---|---|---|---|---|---|---|---
 3 |   |   | X | 0 | X | X |   |   | 3 
---|---|---|---|---|---|---|---|---|---
 4 |   |   | X | X | 0 | 0 | 0 | 0 | 4 
---|---|---|---|---|---|---|---|---|---
 5 |   |   | X | 0 | 0 | 0 | 0 | 0 | 5 
---|---|---|---|---|---|---|---|---|---
 6 |   | X | 0 | 0 | 0 | 0 | 0 | 0 | 6 
---|---|---|---|---|---|---|---|---|---
 7 | X | 0 | 0 | 0 | 0 | 0 | 0 | 0 | 7 
---|---|---|---|---|---|---|---|---|---
 8 | 0 | 0 | 0 | 0 | 0 | 0 | 0 | 0 | 8 
---|---|---|---|---|---|---|---|---|---
   | 1 | 2 | 3 | 4 | 5 | 6 | 7 | 8 |

It took 5 seconds to make this move...


Black to move
BOOOOOOEEEEXXOXEEEEXOXXEEEEXXOOOOEEXOOOOOEXOOOOOOXOOOOOOOOOOOOOOO
pass
   | 1 | 2 | 3 | 4 | 5 | 6 | 7 | 8 |
---|---|---|---|---|---|---|---|---|---
 1 | 0 | 0 | 0 | 0 | 0 | 0 |   |   | 1 
---|---|---|---|---|---|---|---|---|---
 2 |   |   | X | X | 0 | X |   |   | 2 
---|---|---|---|---|---|---|---|---|---
 3 |   |   | X | 0 | X | X |   |   | 3 
---|---|---|---|---|---|---|---|---|---
 4 |   |   | X | X | 0 | 0 | 0 | 0 | 4 
---|---|---|---|---|---|---|---|---|---
 5 |   |   | X | 0 | 0 | 0 | 0 | 0 | 5 
---|---|---|---|---|---|---|---|---|---
 6 |   | X | 0 | 0 | 0 | 0 | 0 | 0 | 6 
---|---|---|---|---|---|---|---|---|---
 7 | X | 0 | 0 | 0 | 0 | 0 | 0 | 0 | 7 
---|---|---|---|---|---|---|---|---|---
 8 | 0 | 0 | 0 | 0 | 0 | 0 | 0 | 0 | 8 
---|---|---|---|---|---|---|---|---|---
   | 1 | 2 | 3 | 4 | 5 | 6 | 7 | 8 |

It took 0 seconds to make this move...


White to move
WOOOOOOEEEEXXOXEEEEXOXXEEEEXXOOOOEEXOOOOOEXOOOOOOXOOOOOOOOOOOOOOO
(2,7) Depth reached: 8, Nodes searched: 12904
   | 1 | 2 | 3 | 4 | 5 | 6 | 7 | 8 |
---|---|---|---|---|---|---|---|---|---
 1 | 0 | 0 | 0 | 0 | 0 | 0 |   |   | 1 
---|---|---|---|---|---|---|---|---|---
 2 |   |   | X | X | 0 | 0 | 0 |   | 2 
---|---|---|---|---|---|---|---|---|---
 3 |   |   | X | 0 | X | 0 |   |   | 3 
---|---|---|---|---|---|---|---|---|---
 4 |   |   | X | X | 0 | 0 | 0 | 0 | 4 
---|---|---|---|---|---|---|---|---|---
 5 |   |   | X | 0 | 0 | 0 | 0 | 0 | 5 
---|---|---|---|---|---|---|---|---|---
 6 |   | X | 0 | 0 | 0 | 0 | 0 | 0 | 6 
---|---|---|---|---|---|---|---|---|---
 7 | X | 0 | 0 | 0 | 0 | 0 | 0 | 0 | 7 
---|---|---|---|---|---|---|---|---|---
 8 | 0 | 0 | 0 | 0 | 0 | 0 | 0 | 0 | 8 
---|---|---|---|---|---|---|---|---|---
   | 1 | 2 | 3 | 4 | 5 | 6 | 7 | 8 |

It took 6 seconds to make this move...


Black to move
BOOOOOOEEEEXXOOOEEEXOXOEEEEXXOOOOEEXOOOOOEXOOOOOOXOOOOOOOOOOOOOOO
(2,8)
   | 1 | 2 | 3 | 4 | 5 | 6 | 7 | 8 |
---|---|---|---|---|---|---|---|---|---
 1 | 0 | 0 | 0 | 0 | 0 | 0 |   |   | 1 
---|---|---|---|---|---|---|---|---|---
 2 |   |   | X | X | X | X | X | X | 2 
---|---|---|---|---|---|---|---|---|---
 3 |   |   | X | 0 | X | 0 |   |   | 3 
---|---|---|---|---|---|---|---|---|---
 4 |   |   | X | X | 0 | 0 | 0 | 0 | 4 
---|---|---|---|---|---|---|---|---|---
 5 |   |   | X | 0 | 0 | 0 | 0 | 0 | 5 
---|---|---|---|---|---|---|---|---|---
 6 |   | X | 0 | 0 | 0 | 0 | 0 | 0 | 6 
---|---|---|---|---|---|---|---|---|---
 7 | X | 0 | 0 | 0 | 0 | 0 | 0 | 0 | 7 
---|---|---|---|---|---|---|---|---|---
 8 | 0 | 0 | 0 | 0 | 0 | 0 | 0 | 0 | 8 
---|---|---|---|---|---|---|---|---|---
   | 1 | 2 | 3 | 4 | 5 | 6 | 7 | 8 |

It took 0 seconds to make this move...


White to move
WOOOOOOEEEEXXXXXXEEXOXOEEEEXXOOOOEEXOOOOOEXOOOOOOXOOOOOOOOOOOOOOO
(1,8) Depth reached: 8, Nodes searched: 15896
   | 1 | 2 | 3 | 4 | 5 | 6 | 7 | 8 |
---|---|---|---|---|---|---|---|---|---
 1 | 0 | 0 | 0 | 0 | 0 | 0 |   | 0 | 1 
---|---|---|---|---|---|---|---|---|---
 2 |   |   | X | X | X | X | 0 | X | 2 
---|---|---|---|---|---|---|---|---|---
 3 |   |   | X | 0 | X | 0 |   |   | 3 
---|---|---|---|---|---|---|---|---|---
 4 |   |   | X | X | 0 | 0 | 0 | 0 | 4 
---|---|---|---|---|---|---|---|---|---
 5 |   |   | X | 0 | 0 | 0 | 0 | 0 | 5 
---|---|---|---|---|---|---|---|---|---
 6 |   | X | 0 | 0 | 0 | 0 | 0 | 0 | 6 
---|---|---|---|---|---|---|---|---|---
 7 | X | 0 | 0 | 0 | 0 | 0 | 0 | 0 | 7 
---|---|---|---|---|---|---|---|---|---
 8 | 0 | 0 | 0 | 0 | 0 | 0 | 0 | 0 | 8 
---|---|---|---|---|---|---|---|---|---
   | 1 | 2 | 3 | 4 | 5 | 6 | 7 | 8 |

It took 5 seconds to make this move...


Black to move
BOOOOOOEOEEXXXXOXEEXOXOEEEEXXOOOOEEXOOOOOEXOOOOOOXOOOOOOOOOOOOOOO
(3,7)
   | 1 | 2 | 3 | 4 | 5 | 6 | 7 | 8 |
---|---|---|---|---|---|---|---|---|---
 1 | 0 | 0 | 0 | 0 | 0 | 0 |   | 0 | 1 
---|---|---|---|---|---|---|---|---|---
 2 |   |   | X | X | X | X | 0 | X | 2 
---|---|---|---|---|---|---|---|---|---
 3 |   |   | X | 0 | X | X | X |   | 3 
---|---|---|---|---|---|---|---|---|---
 4 |   |   | X | X | 0 | 0 | 0 | 0 | 4 
---|---|---|---|---|---|---|---|---|---
 5 |   |   | X | 0 | 0 | 0 | 0 | 0 | 5 
---|---|---|---|---|---|---|---|---|---
 6 |   | X | 0 | 0 | 0 | 0 | 0 | 0 | 6 
---|---|---|---|---|---|---|---|---|---
 7 | X | 0 | 0 | 0 | 0 | 0 | 0 | 0 | 7 
---|---|---|---|---|---|---|---|---|---
 8 | 0 | 0 | 0 | 0 | 0 | 0 | 0 | 0 | 8 
---|---|---|---|---|---|---|---|---|---
   | 1 | 2 | 3 | 4 | 5 | 6 | 7 | 8 |

It took 0 seconds to make this move...


White to move
WOOOOOOEOEEXXXXOXEEXOXXXEEEXXOOOOEEXOOOOOEXOOOOOOXOOOOOOOOOOOOOOO
(3,8) Depth reached: 10, Nodes searched: 20706
   | 1 | 2 | 3 | 4 | 5 | 6 | 7 | 8 |
---|---|---|---|---|---|---|---|---|---
 1 | 0 | 0 | 0 | 0 | 0 | 0 |   | 0 | 1 
---|---|---|---|---|---|---|---|---|---
 2 |   |   | X | X | X | X | 0 | 0 | 2 
---|---|---|---|---|---|---|---|---|---
 3 |   |   | X | 0 | 0 | 0 | 0 | 0 | 3 
---|---|---|---|---|---|---|---|---|---
 4 |   |   | X | X | 0 | 0 | 0 | 0 | 4 
---|---|---|---|---|---|---|---|---|---
 5 |   |   | X | 0 | 0 | 0 | 0 | 0 | 5 
---|---|---|---|---|---|---|---|---|---
 6 |   | X | 0 | 0 | 0 | 0 | 0 | 0 | 6 
---|---|---|---|---|---|---|---|---|---
 7 | X | 0 | 0 | 0 | 0 | 0 | 0 | 0 | 7 
---|---|---|---|---|---|---|---|---|---
 8 | 0 | 0 | 0 | 0 | 0 | 0 | 0 | 0 | 8 
---|---|---|---|---|---|---|---|---|---
   | 1 | 2 | 3 | 4 | 5 | 6 | 7 | 8 |

It took 5 seconds to make this move...


Black to move
BOOOOOOEOEEXXXXOOEEXOOOOOEEXXOOOOEEXOOOOOEXOOOOOOXOOOOOOOOOOOOOOO
pass
   | 1 | 2 | 3 | 4 | 5 | 6 | 7 | 8 |
---|---|---|---|---|---|---|---|---|---
 1 | 0 | 0 | 0 | 0 | 0 | 0 |   | 0 | 1 
---|---|---|---|---|---|---|---|---|---
 2 |   |   | X | X | X | X | 0 | 0 | 2 
---|---|---|---|---|---|---|---|---|---
 3 |   |   | X | 0 | 0 | 0 | 0 | 0 | 3 
---|---|---|---|---|---|---|---|---|---
 4 |   |   | X | X | 0 | 0 | 0 | 0 | 4 
---|---|---|---|---|---|---|---|---|---
 5 |   |   | X | 0 | 0 | 0 | 0 | 0 | 5 
---|---|---|---|---|---|---|---|---|---
 6 |   | X | 0 | 0 | 0 | 0 | 0 | 0 | 6 
---|---|---|---|---|---|---|---|---|---
 7 | X | 0 | 0 | 0 | 0 | 0 | 0 | 0 | 7 
---|---|---|---|---|---|---|---|---|---
 8 | 0 | 0 | 0 | 0 | 0 | 0 | 0 | 0 | 8 
---|---|---|---|---|---|---|---|---|---
   | 1 | 2 | 3 | 4 | 5 | 6 | 7 | 8 |

It took 0 seconds to make this move...


White to move
WOOOOOOEOEEXXXXOOEEXOOOOOEEXXOOOOEEXOOOOOEXOOOOOOXOOOOOOOOOOOOOOO
(5,1) Depth reached: 14, Nodes searched: 6735
   | 1 | 2 | 3 | 4 | 5 | 6 | 7 | 8 |
---|---|---|---|---|---|---|---|---|---
 1 | 0 | 0 | 0 | 0 | 0 | 0 |   | 0 | 1 
---|---|---|---|---|---|---|---|---|---
 2 |   |   | X | X | X | X | 0 | 0 | 2 
---|---|---|---|---|---|---|---|---|---
 3 |   |   | X | 0 | 0 | 0 | 0 | 0 | 3 
---|---|---|---|---|---|---|---|---|---
 4 |   |   | X | X | 0 | 0 | 0 | 0 | 4 
---|---|---|---|---|---|---|---|---|---
 5 | 0 |   | X | 0 | 0 | 0 | 0 | 0 | 5 
---|---|---|---|---|---|---|---|---|---
 6 |   | 0 | 0 | 0 | 0 | 0 | 0 | 0 | 6 
---|---|---|---|---|---|---|---|---|---
 7 | X | 0 | 0 | 0 | 0 | 0 | 0 | 0 | 7 
---|---|---|---|---|---|---|---|---|---
 8 | 0 | 0 | 0 | 0 | 0 | 0 | 0 | 0 | 8 
---|---|---|---|---|---|---|---|---|---
   | 1 | 2 | 3 | 4 | 5 | 6 | 7 | 8 |

It took 6 seconds to make this move...


Black to move
BOOOOOOEOEEXXXXOOEEXOOOOOEEXXOOOOOEXOOOOOEOOOOOOOXOOOOOOOOOOOOOOO
pass
   | 1 | 2 | 3 | 4 | 5 | 6 | 7 | 8 |
---|---|---|---|---|---|---|---|---|---
 1 | 0 | 0 | 0 | 0 | 0 | 0 |   | 0 | 1 
---|---|---|---|---|---|---|---|---|---
 2 |   |   | X | X | X | X | 0 | 0 | 2 
---|---|---|---|---|---|---|---|---|---
 3 |   |   | X | 0 | 0 | 0 | 0 | 0 | 3 
---|---|---|---|---|---|---|---|---|---
 4 |   |   | X | X | 0 | 0 | 0 | 0 | 4 
---|---|---|---|---|---|---|---|---|---
 5 | 0 |   | X | 0 | 0 | 0 | 0 | 0 | 5 
---|---|---|---|---|---|---|---|---|---
 6 |   | 0 | 0 | 0 | 0 | 0 | 0 | 0 | 6 
---|---|---|---|---|---|---|---|---|---
 7 | X | 0 | 0 | 0 | 0 | 0 | 0 | 0 | 7 
---|---|---|---|---|---|---|---|---|---
 8 | 0 | 0 | 0 | 0 | 0 | 0 | 0 | 0 | 8 
---|---|---|---|---|---|---|---|---|---
   | 1 | 2 | 3 | 4 | 5 | 6 | 7 | 8 |

It took 0 seconds to make this move...


White to move
WOOOOOOEOEEXXXXOOEEXOOOOOEEXXOOOOOEXOOOOOEOOOOOOOXOOOOOOOOOOOOOOO
(4,2) Depth reached: 25, Nodes searched: 459
   | 1 | 2 | 3 | 4 | 5 | 6 | 7 | 8 |
---|---|---|---|---|---|---|---|---|---
 1 | 0 | 0 | 0 | 0 | 0 | 0 |   | 0 | 1 
---|---|---|---|---|---|---|---|---|---
 2 |   |   | X | 0 | X | X | 0 | 0 | 2 
---|---|---|---|---|---|---|---|---|---
 3 |   |   | 0 | 0 | 0 | 0 | 0 | 0 | 3 
---|---|---|---|---|---|---|---|---|---
 4 |   | 0 | 0 | 0 | 0 | 0 | 0 | 0 | 4 
---|---|---|---|---|---|---|---|---|---
 5 | 0 |   | 0 | 0 | 0 | 0 | 0 | 0 | 5 
---|---|---|---|---|---|---|---|---|---
 6 |   | 0 | 0 | 0 | 0 | 0 | 0 | 0 | 6 
---|---|---|---|---|---|---|---|---|---
 7 | X | 0 | 0 | 0 | 0 | 0 | 0 | 0 | 7 
---|---|---|---|---|---|---|---|---|---
 8 | 0 | 0 | 0 | 0 | 0 | 0 | 0 | 0 | 8 
---|---|---|---|---|---|---|---|---|---
   | 1 | 2 | 3 | 4 | 5 | 6 | 7 | 8 |

It took 5 seconds to make this move...


Black to move
BOOOOOOEOEEXOXXOOEEOOOOOOEOOOOOOOOEOOOOOOEOOOOOOOXOOOOOOOOOOOOOOO
(5,2)
   | 1 | 2 | 3 | 4 | 5 | 6 | 7 | 8 |
---|---|---|---|---|---|---|---|---|---
 1 | 0 | 0 | 0 | 0 | 0 | 0 |   | 0 | 1 
---|---|---|---|---|---|---|---|---|---
 2 |   |   | X | 0 | X | X | 0 | 0 | 2 
---|---|---|---|---|---|---|---|---|---
 3 |   |   | 0 | X | 0 | 0 | 0 | 0 | 3 
---|---|---|---|---|---|---|---|---|---
 4 |   | 0 | X | 0 | 0 | 0 | 0 | 0 | 4 
---|---|---|---|---|---|---|---|---|---
 5 | 0 | X | 0 | 0 | 0 | 0 | 0 | 0 | 5 
---|---|---|---|---|---|---|---|---|---
 6 |   | 0 | 0 | 0 | 0 | 0 | 0 | 0 | 6 
---|---|---|---|---|---|---|---|---|---
 7 | X | 0 | 0 | 0 | 0 | 0 | 0 | 0 | 7 
---|---|---|---|---|---|---|---|---|---
 8 | 0 | 0 | 0 | 0 | 0 | 0 | 0 | 0 | 8 
---|---|---|---|---|---|---|---|---|---
   | 1 | 2 | 3 | 4 | 5 | 6 | 7 | 8 |

It took 0 seconds to make this move...


White to move
WOOOOOOEOEEXOXXOOEEOXOOOOEOXOOOOOOXOOOOOOEOOOOOOOXOOOOOOOOOOOOOOO
(6,1) Depth reached: 67, Nodes searched: 5065
   | 1 | 2 | 3 | 4 | 5 | 6 | 7 | 8 |
---|---|---|---|---|---|---|---|---|---
 1 | 0 | 0 | 0 | 0 | 0 | 0 |   | 0 | 1 
---|---|---|---|---|---|---|---|---|---
 2 |   |   | X | 0 | 0 | X | 0 | 0 | 2 
---|---|---|---|---|---|---|---|---|---
 3 |   |   | 0 | 0 | 0 | 0 | 0 | 0 | 3 
---|---|---|---|---|---|---|---|---|---
 4 |   | 0 | 0 | 0 | 0 | 0 | 0 | 0 | 4 
---|---|---|---|---|---|---|---|---|---
 5 | 0 | 0 | 0 | 0 | 0 | 0 | 0 | 0 | 5 
---|---|---|---|---|---|---|---|---|---
 6 | 0 | 0 | 0 | 0 | 0 | 0 | 0 | 0 | 6 
---|---|---|---|---|---|---|---|---|---
 7 | 0 | 0 | 0 | 0 | 0 | 0 | 0 | 0 | 7 
---|---|---|---|---|---|---|---|---|---
 8 | 0 | 0 | 0 | 0 | 0 | 0 | 0 | 0 | 8 
---|---|---|---|---|---|---|---|---|---
   | 1 | 2 | 3 | 4 | 5 | 6 | 7 | 8 |

It took 5 seconds to make this move...


Black to move
BOOOOOOEOEEXOOXOOEEOOOOOOEOOOOOOOOOOOOOOOOOOOOOOOOOOOOOOOOOOOOOOO
pass
   | 1 | 2 | 3 | 4 | 5 | 6 | 7 | 8 |
---|---|---|---|---|---|---|---|---|---
 1 | 0 | 0 | 0 | 0 | 0 | 0 |   | 0 | 1 
---|---|---|---|---|---|---|---|---|---
 2 |   |   | X | 0 | 0 | X | 0 | 0 | 2 
---|---|---|---|---|---|---|---|---|---
 3 |   |   | 0 | 0 | 0 | 0 | 0 | 0 | 3 
---|---|---|---|---|---|---|---|---|---
 4 |   | 0 | 0 | 0 | 0 | 0 | 0 | 0 | 4 
---|---|---|---|---|---|---|---|---|---
 5 | 0 | 0 | 0 | 0 | 0 | 0 | 0 | 0 | 5 
---|---|---|---|---|---|---|---|---|---
 6 | 0 | 0 | 0 | 0 | 0 | 0 | 0 | 0 | 6 
---|---|---|---|---|---|---|---|---|---
 7 | 0 | 0 | 0 | 0 | 0 | 0 | 0 | 0 | 7 
---|---|---|---|---|---|---|---|---|---
 8 | 0 | 0 | 0 | 0 | 0 | 0 | 0 | 0 | 8 
---|---|---|---|---|---|---|---|---|---
   | 1 | 2 | 3 | 4 | 5 | 6 | 7 | 8 |

It took 0 seconds to make this move...


White to move
WOOOOOOEOEEXOOXOOEEOOOOOOEOOOOOOOOOOOOOOOOOOOOOOOOOOOOOOOOOOOOOOO
(3,2) Depth reached: 162, Nodes searched: 1343
   | 1 | 2 | 3 | 4 | 5 | 6 | 7 | 8 |
---|---|---|---|---|---|---|---|---|---
 1 | 0 | 0 | 0 | 0 | 0 | 0 |   | 0 | 1 
---|---|---|---|---|---|---|---|---|---
 2 |   |   | 0 | 0 | 0 | X | 0 | 0 | 2 
---|---|---|---|---|---|---|---|---|---
 3 |   | 0 | 0 | 0 | 0 | 0 | 0 | 0 | 3 
---|---|---|---|---|---|---|---|---|---
 4 |   | 0 | 0 | 0 | 0 | 0 | 0 | 0 | 4 
---|---|---|---|---|---|---|---|---|---
 5 | 0 | 0 | 0 | 0 | 0 | 0 | 0 | 0 | 5 
---|---|---|---|---|---|---|---|---|---
 6 | 0 | 0 | 0 | 0 | 0 | 0 | 0 | 0 | 6 
---|---|---|---|---|---|---|---|---|---
 7 | 0 | 0 | 0 | 0 | 0 | 0 | 0 | 0 | 7 
---|---|---|---|---|---|---|---|---|---
 8 | 0 | 0 | 0 | 0 | 0 | 0 | 0 | 0 | 8 
---|---|---|---|---|---|---|---|---|---
   | 1 | 2 | 3 | 4 | 5 | 6 | 7 | 8 |

It took 6 seconds to make this move...


Black to move
BOOOOOOEOEEOOOXOOEOOOOOOOEOOOOOOOOOOOOOOOOOOOOOOOOOOOOOOOOOOOOOOO
(2,2)
   | 1 | 2 | 3 | 4 | 5 | 6 | 7 | 8 |
---|---|---|---|---|---|---|---|---|---
 1 | 0 | 0 | 0 | 0 | 0 | 0 |   | 0 | 1 
---|---|---|---|---|---|---|---|---|---
 2 |   | X | X | X | X | X | 0 | 0 | 2 
---|---|---|---|---|---|---|---|---|---
 3 |   | 0 | 0 | 0 | 0 | 0 | 0 | 0 | 3 
---|---|---|---|---|---|---|---|---|---
 4 |   | 0 | 0 | 0 | 0 | 0 | 0 | 0 | 4 
---|---|---|---|---|---|---|---|---|---
 5 | 0 | 0 | 0 | 0 | 0 | 0 | 0 | 0 | 5 
---|---|---|---|---|---|---|---|---|---
 6 | 0 | 0 | 0 | 0 | 0 | 0 | 0 | 0 | 6 
---|---|---|---|---|---|---|---|---|---
 7 | 0 | 0 | 0 | 0 | 0 | 0 | 0 | 0 | 7 
---|---|---|---|---|---|---|---|---|---
 8 | 0 | 0 | 0 | 0 | 0 | 0 | 0 | 0 | 8 
---|---|---|---|---|---|---|---|---|---
   | 1 | 2 | 3 | 4 | 5 | 6 | 7 | 8 |

It took 0 seconds to make this move...


White to move
WOOOOOOEOEXXXXXOOEOOOOOOOEOOOOOOOOOOOOOOOOOOOOOOOOOOOOOOOOOOOOOOO
(1,7) Depth reached: 275, Nodes searched: 991
   | 1 | 2 | 3 | 4 | 5 | 6 | 7 | 8 |
---|---|---|---|---|---|---|---|---|---
 1 | 0 | 0 | 0 | 0 | 0 | 0 | 0 | 0 | 1 
---|---|---|---|---|---|---|---|---|---
 2 |   | X | X | X | X | 0 | 0 | 0 | 2 
---|---|---|---|---|---|---|---|---|---
 3 |   | 0 | 0 | 0 | 0 | 0 | 0 | 0 | 3 
---|---|---|---|---|---|---|---|---|---
 4 |   | 0 | 0 | 0 | 0 | 0 | 0 | 0 | 4 
---|---|---|---|---|---|---|---|---|---
 5 | 0 | 0 | 0 | 0 | 0 | 0 | 0 | 0 | 5 
---|---|---|---|---|---|---|---|---|---
 6 | 0 | 0 | 0 | 0 | 0 | 0 | 0 | 0 | 6 
---|---|---|---|---|---|---|---|---|---
 7 | 0 | 0 | 0 | 0 | 0 | 0 | 0 | 0 | 7 
---|---|---|---|---|---|---|---|---|---
 8 | 0 | 0 | 0 | 0 | 0 | 0 | 0 | 0 | 8 
---|---|---|---|---|---|---|---|---|---
   | 1 | 2 | 3 | 4 | 5 | 6 | 7 | 8 |

It took 5 seconds to make this move...


Black to move
BOOOOOOOOEXXXXOOOEOOOOOOOEOOOOOOOOOOOOOOOOOOOOOOOOOOOOOOOOOOOOOOO
(4,1)
   | 1 | 2 | 3 | 4 | 5 | 6 | 7 | 8 |
---|---|---|---|---|---|---|---|---|---
 1 | 0 | 0 | 0 | 0 | 0 | 0 | 0 | 0 | 1 
---|---|---|---|---|---|---|---|---|---
 2 |   | X | X | X | X | 0 | 0 | 0 | 2 
---|---|---|---|---|---|---|---|---|---
 3 |   | X | 0 | 0 | 0 | 0 | 0 | 0 | 3 
---|---|---|---|---|---|---|---|---|---
 4 | X | 0 | 0 | 0 | 0 | 0 | 0 | 0 | 4 
---|---|---|---|---|---|---|---|---|---
 5 | 0 | 0 | 0 | 0 | 0 | 0 | 0 | 0 | 5 
---|---|---|---|---|---|---|---|---|---
 6 | 0 | 0 | 0 | 0 | 0 | 0 | 0 | 0 | 6 
---|---|---|---|---|---|---|---|---|---
 7 | 0 | 0 | 0 | 0 | 0 | 0 | 0 | 0 | 7 
---|---|---|---|---|---|---|---|---|---
 8 | 0 | 0 | 0 | 0 | 0 | 0 | 0 | 0 | 8 
---|---|---|---|---|---|---|---|---|---
   | 1 | 2 | 3 | 4 | 5 | 6 | 7 | 8 |

It took 0 seconds to make this move...


White to move
WOOOOOOOOEXXXXOOOEXOOOOOOXOOOOOOOOOOOOOOOOOOOOOOOOOOOOOOOOOOOOOOO
(2,1) Depth reached: 525, Nodes searched: 133
   | 1 | 2 | 3 | 4 | 5 | 6 | 7 | 8 |
---|---|---|---|---|---|---|---|---|---
 1 | 0 | 0 | 0 | 0 | 0 | 0 | 0 | 0 | 1 
---|---|---|---|---|---|---|---|---|---
 2 | 0 | 0 | 0 | 0 | 0 | 0 | 0 | 0 | 2 
---|---|---|---|---|---|---|---|---|---
 3 |   | 0 | 0 | 0 | 0 | 0 | 0 | 0 | 3 
---|---|---|---|---|---|---|---|---|---
 4 | X | 0 | 0 | 0 | 0 | 0 | 0 | 0 | 4 
---|---|---|---|---|---|---|---|---|---
 5 | 0 | 0 | 0 | 0 | 0 | 0 | 0 | 0 | 5 
---|---|---|---|---|---|---|---|---|---
 6 | 0 | 0 | 0 | 0 | 0 | 0 | 0 | 0 | 6 
---|---|---|---|---|---|---|---|---|---
 7 | 0 | 0 | 0 | 0 | 0 | 0 | 0 | 0 | 7 
---|---|---|---|---|---|---|---|---|---
 8 | 0 | 0 | 0 | 0 | 0 | 0 | 0 | 0 | 8 
---|---|---|---|---|---|---|---|---|---
   | 1 | 2 | 3 | 4 | 5 | 6 | 7 | 8 |

It took 5 seconds to make this move...


Black to move
BOOOOOOOOOOOOOOOOEOOOOOOOXOOOOOOOOOOOOOOOOOOOOOOOOOOOOOOOOOOOOOOO
pass
   | 1 | 2 | 3 | 4 | 5 | 6 | 7 | 8 |
---|---|---|---|---|---|---|---|---|---
 1 | 0 | 0 | 0 | 0 | 0 | 0 | 0 | 0 | 1 
---|---|---|---|---|---|---|---|---|---
 2 | 0 | 0 | 0 | 0 | 0 | 0 | 0 | 0 | 2 
---|---|---|---|---|---|---|---|---|---
 3 |   | 0 | 0 | 0 | 0 | 0 | 0 | 0 | 3 
---|---|---|---|---|---|---|---|---|---
 4 | X | 0 | 0 | 0 | 0 | 0 | 0 | 0 | 4 
---|---|---|---|---|---|---|---|---|---
 5 | 0 | 0 | 0 | 0 | 0 | 0 | 0 | 0 | 5 
---|---|---|---|---|---|---|---|---|---
 6 | 0 | 0 | 0 | 0 | 0 | 0 | 0 | 0 | 6 
---|---|---|---|---|---|---|---|---|---
 7 | 0 | 0 | 0 | 0 | 0 | 0 | 0 | 0 | 7 
---|---|---|---|---|---|---|---|---|---
 8 | 0 | 0 | 0 | 0 | 0 | 0 | 0 | 0 | 8 
---|---|---|---|---|---|---|---|---|---
   | 1 | 2 | 3 | 4 | 5 | 6 | 7 | 8 |

It took 0 seconds to make this move...


White to move
WOOOOOOOOOOOOOOOOEOOOOOOOXOOOOOOOOOOOOOOOOOOOOOOOOOOOOOOOOOOOOOOO
(3,1) Depth reached: 744, Nodes searched: 677
   | 1 | 2 | 3 | 4 | 5 | 6 | 7 | 8 |
---|---|---|---|---|---|---|---|---|---
 1 | 0 | 0 | 0 | 0 | 0 | 0 | 0 | 0 | 1 
---|---|---|---|---|---|---|---|---|---
 2 | 0 | 0 | 0 | 0 | 0 | 0 | 0 | 0 | 2 
---|---|---|---|---|---|---|---|---|---
 3 | 0 | 0 | 0 | 0 | 0 | 0 | 0 | 0 | 3 
---|---|---|---|---|---|---|---|---|---
 4 | 0 | 0 | 0 | 0 | 0 | 0 | 0 | 0 | 4 
---|---|---|---|---|---|---|---|---|---
 5 | 0 | 0 | 0 | 0 | 0 | 0 | 0 | 0 | 5 
---|---|---|---|---|---|---|---|---|---
 6 | 0 | 0 | 0 | 0 | 0 | 0 | 0 | 0 | 6 
---|---|---|---|---|---|---|---|---|---
 7 | 0 | 0 | 0 | 0 | 0 | 0 | 0 | 0 | 7 
---|---|---|---|---|---|---|---|---|---
 8 | 0 | 0 | 0 | 0 | 0 | 0 | 0 | 0 | 8 
---|---|---|---|---|---|---|---|---|---
   | 1 | 2 | 3 | 4 | 5 | 6 | 7 | 8 |

It took 6 seconds to make this move...


Black to move
BOOOOOOOOOOOOOOOOOOOOOOOOOOOOOOOOOOOOOOOOOOOOOOOOOOOOOOOOOOOOOOOO
pass
   | 1 | 2 | 3 | 4 | 5 | 6 | 7 | 8 |
---|---|---|---|---|---|---|---|---|---
 1 | 0 | 0 | 0 | 0 | 0 | 0 | 0 | 0 | 1 
---|---|---|---|---|---|---|---|---|---
 2 | 0 | 0 | 0 | 0 | 0 | 0 | 0 | 0 | 2 
---|---|---|---|---|---|---|---|---|---
 3 | 0 | 0 | 0 | 0 | 0 | 0 | 0 | 0 | 3 
---|---|---|---|---|---|---|---|---|---
 4 | 0 | 0 | 0 | 0 | 0 | 0 | 0 | 0 | 4 
---|---|---|---|---|---|---|---|---|---
 5 | 0 | 0 | 0 | 0 | 0 | 0 | 0 | 0 | 5 
---|---|---|---|---|---|---|---|---|---
 6 | 0 | 0 | 0 | 0 | 0 | 0 | 0 | 0 | 6 
---|---|---|---|---|---|---|---|---|---
 7 | 0 | 0 | 0 | 0 | 0 | 0 | 0 | 0 | 7 
---|---|---|---|---|---|---|---|---|---
 8 | 0 | 0 | 0 | 0 | 0 | 0 | 0 | 0 | 8 
---|---|---|---|---|---|---|---|---|---
   | 1 | 2 | 3 | 4 | 5 | 6 | 7 | 8 |

It took 0 seconds to make this move...


White to move
WOOOOOOOOOOOOOOOOOOOOOOOOOOOOOOOOOOOOOOOOOOOOOOOOOOOOOOOOOOOOOOOO
pass
   | 1 | 2 | 3 | 4 | 5 | 6 | 7 | 8 |
---|---|---|---|---|---|---|---|---|---
 1 | 0 | 0 | 0 | 0 | 0 | 0 | 0 | 0 | 1 
---|---|---|---|---|---|---|---|---|---
 2 | 0 | 0 | 0 | 0 | 0 | 0 | 0 | 0 | 2 
---|---|---|---|---|---|---|---|---|---
 3 | 0 | 0 | 0 | 0 | 0 | 0 | 0 | 0 | 3 
---|---|---|---|---|---|---|---|---|---
 4 | 0 | 0 | 0 | 0 | 0 | 0 | 0 | 0 | 4 
---|---|---|---|---|---|---|---|---|---
 5 | 0 | 0 | 0 | 0 | 0 | 0 | 0 | 0 | 5 
---|---|---|---|---|---|---|---|---|---
 6 | 0 | 0 | 0 | 0 | 0 | 0 | 0 | 0 | 6 
---|---|---|---|---|---|---|---|---|---
 7 | 0 | 0 | 0 | 0 | 0 | 0 | 0 | 0 | 7 
---|---|---|---|---|---|---|---|---|---
 8 | 0 | 0 | 0 | 0 | 0 | 0 | 0 | 0 | 8 
---|---|---|---|---|---|---|---|---|---
   | 1 | 2 | 3 | 4 | 5 | 6 | 7 | 8 |

It took 5 seconds to make this move...
***************************************
Results for ../Python/othello.sh vs. ./othello_naive.sh:
White won with 64 points
Average time for white: 5.5 s (max: 6 s)
Average time for black: 0.2 s (max: 1 s)
***************************************
