   | 1 | 2 | 3 | 4 | 5 | 6 | 7 | 8 |
---|---|---|---|---|---|---|---|---|---
 1 |   |   |   |   |   |   |   |   | 1 
---|---|---|---|---|---|---|---|---|---
 2 |   |   |   |   |   |   |   |   | 2 
---|---|---|---|---|---|---|---|---|---
 3 |   |   |   |   |   |   |   |   | 3 
---|---|---|---|---|---|---|---|---|---
 4 |   |   |   | 0 | X |   |   |   | 4 
---|---|---|---|---|---|---|---|---|---
 5 |   |   |   | X | 0 |   |   |   | 5 
---|---|---|---|---|---|---|---|---|---
 6 |   |   |   |   |   |   |   |   | 6 
---|---|---|---|---|---|---|---|---|---
 7 |   |   |   |   |   |   |   |   | 7 
---|---|---|---|---|---|---|---|---|---
 8 |   |   |   |   |   |   |   |   | 8 
---|---|---|---|---|---|---|---|---|---
   | 1 | 2 | 3 | 4 | 5 | 6 | 7 | 8 |



White to move
WEEEEEEEEEEEEEEEEEEEEEEEEEEEOXEEEEEEXOEEEEEEEEEEEEEEEEEEEEEEEEEEE
(3,5)
   | 1 | 2 | 3 | 4 | 5 | 6 | 7 | 8 |
---|---|---|---|---|---|---|---|---|---
 1 |   |   |   |   |   |   |   |   | 1 
---|---|---|---|---|---|---|---|---|---
 2 |   |   |   |   |   |   |   |   | 2 
---|---|---|---|---|---|---|---|---|---
 3 |   |   |   |   | 0 |   |   |   | 3 
---|---|---|---|---|---|---|---|---|---
 4 |   |   |   | 0 | 0 |   |   |   | 4 
---|---|---|---|---|---|---|---|---|---
 5 |   |   |   | X | 0 |   |   |   | 5 
---|---|---|---|---|---|---|---|---|---
 6 |   |   |   |   |   |   |   |   | 6 
---|---|---|---|---|---|---|---|---|---
 7 |   |   |   |   |   |   |   |   | 7 
---|---|---|---|---|---|---|---|---|---
 8 |   |   |   |   |   |   |   |   | 8 
---|---|---|---|---|---|---|---|---|---
   | 1 | 2 | 3 | 4 | 5 | 6 | 7 | 8 |

It took 0 seconds to make this move...


Black to move
BEEEEEEEEEEEEEEEEEEEEOEEEEEEOOEEEEEEXOEEEEEEEEEEEEEEEEEEEEEEEEEEE
(3,6) Depth reached: 7, Nodes searched: 6403
   | 1 | 2 | 3 | 4 | 5 | 6 | 7 | 8 |
---|---|---|---|---|---|---|---|---|---
 1 |   |   |   |   |   |   |   |   | 1 
---|---|---|---|---|---|---|---|---|---
 2 |   |   |   |   |   |   |   |   | 2 
---|---|---|---|---|---|---|---|---|---
 3 |   |   |   |   | 0 | X |   |   | 3 
---|---|---|---|---|---|---|---|---|---
 4 |   |   |   | 0 | X |   |   |   | 4 
---|---|---|---|---|---|---|---|---|---
 5 |   |   |   | X | 0 |   |   |   | 5 
---|---|---|---|---|---|---|---|---|---
 6 |   |   |   |   |   |   |   |   | 6 
---|---|---|---|---|---|---|---|---|---
 7 |   |   |   |   |   |   |   |   | 7 
---|---|---|---|---|---|---|---|---|---
 8 |   |   |   |   |   |   |   |   | 8 
---|---|---|---|---|---|---|---|---|---
   | 1 | 2 | 3 | 4 | 5 | 6 | 7 | 8 |

It took 6 seconds to make this move...


White to move
WEEEEEEEEEEEEEEEEEEEEOXEEEEEOXEEEEEEXOEEEEEEEEEEEEEEEEEEEEEEEEEEE
(5,3)
   | 1 | 2 | 3 | 4 | 5 | 6 | 7 | 8 |
---|---|---|---|---|---|---|---|---|---
 1 |   |   |   |   |   |   |   |   | 1 
---|---|---|---|---|---|---|---|---|---
 2 |   |   |   |   |   |   |   |   | 2 
---|---|---|---|---|---|---|---|---|---
 3 |   |   |   |   | 0 | X |   |   | 3 
---|---|---|---|---|---|---|---|---|---
 4 |   |   |   | 0 | X |   |   |   | 4 
---|---|---|---|---|---|---|---|---|---
 5 |   |   | 0 | 0 | 0 |   |   |   | 5 
---|---|---|---|---|---|---|---|---|---
 6 |   |   |   |   |   |   |   |   | 6 
---|---|---|---|---|---|---|---|---|---
 7 |   |   |   |   |   |   |   |   | 7 
---|---|---|---|---|---|---|---|---|---
 8 |   |   |   |   |   |   |   |   | 8 
---|---|---|---|---|---|---|---|---|---
   | 1 | 2 | 3 | 4 | 5 | 6 | 7 | 8 |

It took 1 seconds to make this move...


Black to move
BEEEEEEEEEEEEEEEEEEEEOXEEEEEOXEEEEEOOOEEEEEEEEEEEEEEEEEEEEEEEEEEE
(3,4) Depth reached: 7, Nodes searched: 4564
   | 1 | 2 | 3 | 4 | 5 | 6 | 7 | 8 |
---|---|---|---|---|---|---|---|---|---
 1 |   |   |   |   |   |   |   |   | 1 
---|---|---|---|---|---|---|---|---|---
 2 |   |   |   |   |   |   |   |   | 2 
---|---|---|---|---|---|---|---|---|---
 3 |   |   |   | X | X | X |   |   | 3 
---|---|---|---|---|---|---|---|---|---
 4 |   |   |   | 0 | X |   |   |   | 4 
---|---|---|---|---|---|---|---|---|---
 5 |   |   | 0 | 0 | 0 |   |   |   | 5 
---|---|---|---|---|---|---|---|---|---
 6 |   |   |   |   |   |   |   |   | 6 
---|---|---|---|---|---|---|---|---|---
 7 |   |   |   |   |   |   |   |   | 7 
---|---|---|---|---|---|---|---|---|---
 8 |   |   |   |   |   |   |   |   | 8 
---|---|---|---|---|---|---|---|---|---
   | 1 | 2 | 3 | 4 | 5 | 6 | 7 | 8 |

It took 6 seconds to make this move...


White to move
WEEEEEEEEEEEEEEEEEEEXXXEEEEEOXEEEEEOOOEEEEEEEEEEEEEEEEEEEEEEEEEEE
(2,4)
   | 1 | 2 | 3 | 4 | 5 | 6 | 7 | 8 |
---|---|---|---|---|---|---|---|---|---
 1 |   |   |   |   |   |   |   |   | 1 
---|---|---|---|---|---|---|---|---|---
 2 |   |   |   | 0 |   |   |   |   | 2 
---|---|---|---|---|---|---|---|---|---
 3 |   |   |   | 0 | X | X |   |   | 3 
---|---|---|---|---|---|---|---|---|---
 4 |   |   |   | 0 | X |   |   |   | 4 
---|---|---|---|---|---|---|---|---|---
 5 |   |   | 0 | 0 | 0 |   |   |   | 5 
---|---|---|---|---|---|---|---|---|---
 6 |   |   |   |   |   |   |   |   | 6 
---|---|---|---|---|---|---|---|---|---
 7 |   |   |   |   |   |   |   |   | 7 
---|---|---|---|---|---|---|---|---|---
 8 |   |   |   |   |   |   |   |   | 8 
---|---|---|---|---|---|---|---|---|---
   | 1 | 2 | 3 | 4 | 5 | 6 | 7 | 8 |

It took 0 seconds to make this move...


Black to move
BEEEEEEEEEEEOEEEEEEEOXXEEEEEOXEEEEEOOOEEEEEEEEEEEEEEEEEEEEEEEEEEE
(6,2) Depth reached: 6, Nodes searched: 6798
   | 1 | 2 | 3 | 4 | 5 | 6 | 7 | 8 |
---|---|---|---|---|---|---|---|---|---
 1 |   |   |   |   |   |   |   |   | 1 
---|---|---|---|---|---|---|---|---|---
 2 |   |   |   | 0 |   |   |   |   | 2 
---|---|---|---|---|---|---|---|---|---
 3 |   |   |   | 0 | X | X |   |   | 3 
---|---|---|---|---|---|---|---|---|---
 4 |   |   |   | X | X |   |   |   | 4 
---|---|---|---|---|---|---|---|---|---
 5 |   |   | X | 0 | 0 |   |   |   | 5 
---|---|---|---|---|---|---|---|---|---
 6 |   | X |   |   |   |   |   |   | 6 
---|---|---|---|---|---|---|---|---|---
 7 |   |   |   |   |   |   |   |   | 7 
---|---|---|---|---|---|---|---|---|---
 8 |   |   |   |   |   |   |   |   | 8 
---|---|---|---|---|---|---|---|---|---
   | 1 | 2 | 3 | 4 | 5 | 6 | 7 | 8 |

It took 7 seconds to make this move...


White to move
WEEEEEEEEEEEOEEEEEEEOXXEEEEEXXEEEEEXOOEEEEXEEEEEEEEEEEEEEEEEEEEEE
(2,7)
   | 1 | 2 | 3 | 4 | 5 | 6 | 7 | 8 |
---|---|---|---|---|---|---|---|---|---
 1 |   |   |   |   |   |   |   |   | 1 
---|---|---|---|---|---|---|---|---|---
 2 |   |   |   | 0 |   |   | 0 |   | 2 
---|---|---|---|---|---|---|---|---|---
 3 |   |   |   | 0 | X | 0 |   |   | 3 
---|---|---|---|---|---|---|---|---|---
 4 |   |   |   | X | 0 |   |   |   | 4 
---|---|---|---|---|---|---|---|---|---
 5 |   |   | X | 0 | 0 |   |   |   | 5 
---|---|---|---|---|---|---|---|---|---
 6 |   | X |   |   |   |   |   |   | 6 
---|---|---|---|---|---|---|---|---|---
 7 |   |   |   |   |   |   |   |   | 7 
---|---|---|---|---|---|---|---|---|---
 8 |   |   |   |   |   |   |   |   | 8 
---|---|---|---|---|---|---|---|---|---
   | 1 | 2 | 3 | 4 | 5 | 6 | 7 | 8 |

It took 0 seconds to make this move...


Black to move
BEEEEEEEEEEEOEEOEEEEOXOEEEEEXOEEEEEXOOEEEEXEEEEEEEEEEEEEEEEEEEEEE
(6,5) Depth reached: 6, Nodes searched: 1697
   | 1 | 2 | 3 | 4 | 5 | 6 | 7 | 8 |
---|---|---|---|---|---|---|---|---|---
 1 |   |   |   |   |   |   |   |   | 1 
---|---|---|---|---|---|---|---|---|---
 2 |   |   |   | 0 |   |   | 0 |   | 2 
---|---|---|---|---|---|---|---|---|---
 3 |   |   |   | 0 | X | 0 |   |   | 3 
---|---|---|---|---|---|---|---|---|---
 4 |   |   |   | X | X |   |   |   | 4 
---|---|---|---|---|---|---|---|---|---
 5 |   |   | X | 0 | X |   |   |   | 5 
---|---|---|---|---|---|---|---|---|---
 6 |   | X |   |   | X |   |   |   | 6 
---|---|---|---|---|---|---|---|---|---
 7 |   |   |   |   |   |   |   |   | 7 
---|---|---|---|---|---|---|---|---|---
 8 |   |   |   |   |   |   |   |   | 8 
---|---|---|---|---|---|---|---|---|---
   | 1 | 2 | 3 | 4 | 5 | 6 | 7 | 8 |

It took 6 seconds to make this move...


White to move
WEEEEEEEEEEEOEEOEEEEOXOEEEEEXXEEEEEXOXEEEEXEEXEEEEEEEEEEEEEEEEEEE
(4,6)
   | 1 | 2 | 3 | 4 | 5 | 6 | 7 | 8 |
---|---|---|---|---|---|---|---|---|---
 1 |   |   |   |   |   |   |   |   | 1 
---|---|---|---|---|---|---|---|---|---
 2 |   |   |   | 0 |   |   | 0 |   | 2 
---|---|---|---|---|---|---|---|---|---
 3 |   |   |   | 0 | 0 | 0 |   |   | 3 
---|---|---|---|---|---|---|---|---|---
 4 |   |   |   | X | X | 0 |   |   | 4 
---|---|---|---|---|---|---|---|---|---
 5 |   |   | X | 0 | X |   |   |   | 5 
---|---|---|---|---|---|---|---|---|---
 6 |   | X |   |   | X |   |   |   | 6 
---|---|---|---|---|---|---|---|---|---
 7 |   |   |   |   |   |   |   |   | 7 
---|---|---|---|---|---|---|---|---|---
 8 |   |   |   |   |   |   |   |   | 8 
---|---|---|---|---|---|---|---|---|---
   | 1 | 2 | 3 | 4 | 5 | 6 | 7 | 8 |

It took 0 seconds to make this move...


Black to move
BEEEEEEEEEEEOEEOEEEEOOOEEEEEXXOEEEEXOXEEEEXEEXEEEEEEEEEEEEEEEEEEE
(1,8) Depth reached: 6, Nodes searched: 2037
   | 1 | 2 | 3 | 4 | 5 | 6 | 7 | 8 |
---|---|---|---|---|---|---|---|---|---
 1 |   |   |   |   |   |   |   | X | 1 
---|---|---|---|---|---|---|---|---|---
 2 |   |   |   | 0 |   |   | X |   | 2 
---|---|---|---|---|---|---|---|---|---
 3 |   |   |   | 0 | 0 | X |   |   | 3 
---|---|---|---|---|---|---|---|---|---
 4 |   |   |   | X | X | 0 |   |   | 4 
---|---|---|---|---|---|---|---|---|---
 5 |   |   | X | 0 | X |   |   |   | 5 
---|---|---|---|---|---|---|---|---|---
 6 |   | X |   |   | X |   |   |   | 6 
---|---|---|---|---|---|---|---|---|---
 7 |   |   |   |   |   |   |   |   | 7 
---|---|---|---|---|---|---|---|---|---
 8 |   |   |   |   |   |   |   |   | 8 
---|---|---|---|---|---|---|---|---|---
   | 1 | 2 | 3 | 4 | 5 | 6 | 7 | 8 |

It took 6 seconds to make this move...


White to move
WEEEEEEEXEEEOEEXEEEEOOXEEEEEXXOEEEEXOXEEEEXEEXEEEEEEEEEEEEEEEEEEE
(7,1)
   | 1 | 2 | 3 | 4 | 5 | 6 | 7 | 8 |
---|---|---|---|---|---|---|---|---|---
 1 |   |   |   |   |   |   |   | X | 1 
---|---|---|---|---|---|---|---|---|---
 2 |   |   |   | 0 |   |   | X |   | 2 
---|---|---|---|---|---|---|---|---|---
 3 |   |   |   | 0 | 0 | X |   |   | 3 
---|---|---|---|---|---|---|---|---|---
 4 |   |   |   | 0 | X | 0 |   |   | 4 
---|---|---|---|---|---|---|---|---|---
 5 |   |   | 0 | 0 | X |   |   |   | 5 
---|---|---|---|---|---|---|---|---|---
 6 |   | 0 |   |   | X |   |   |   | 6 
---|---|---|---|---|---|---|---|---|---
 7 | 0 |   |   |   |   |   |   |   | 7 
---|---|---|---|---|---|---|---|---|---
 8 |   |   |   |   |   |   |   |   | 8 
---|---|---|---|---|---|---|---|---|---
   | 1 | 2 | 3 | 4 | 5 | 6 | 7 | 8 |

It took 1 seconds to make this move...


Black to move
BEEEEEEEXEEEOEEXEEEEOOXEEEEEOXOEEEEOOXEEEEOEEXEEEOEEEEEEEEEEEEEEE
(3,3) Depth reached: 5, Nodes searched: 10196
   | 1 | 2 | 3 | 4 | 5 | 6 | 7 | 8 |
---|---|---|---|---|---|---|---|---|---
 1 |   |   |   |   |   |   |   | X | 1 
---|---|---|---|---|---|---|---|---|---
 2 |   |   |   | 0 |   |   | X |   | 2 
---|---|---|---|---|---|---|---|---|---
 3 |   |   | X | X | X | X |   |   | 3 
---|---|---|---|---|---|---|---|---|---
 4 |   |   |   | X | X | 0 |   |   | 4 
---|---|---|---|---|---|---|---|---|---
 5 |   |   | 0 | 0 | X |   |   |   | 5 
---|---|---|---|---|---|---|---|---|---
 6 |   | 0 |   |   | X |   |   |   | 6 
---|---|---|---|---|---|---|---|---|---
 7 | 0 |   |   |   |   |   |   |   | 7 
---|---|---|---|---|---|---|---|---|---
 8 |   |   |   |   |   |   |   |   | 8 
---|---|---|---|---|---|---|---|---|---
   | 1 | 2 | 3 | 4 | 5 | 6 | 7 | 8 |

It took 6 seconds to make this move...


White to move
WEEEEEEEXEEEOEEXEEEXXXXEEEEEXXOEEEEOOXEEEEOEEXEEEOEEEEEEEEEEEEEEE
(2,6)
   | 1 | 2 | 3 | 4 | 5 | 6 | 7 | 8 |
---|---|---|---|---|---|---|---|---|---
 1 |   |   |   |   |   |   |   | X | 1 
---|---|---|---|---|---|---|---|---|---
 2 |   |   |   | 0 |   | 0 | X |   | 2 
---|---|---|---|---|---|---|---|---|---
 3 |   |   | X | X | 0 | 0 |   |   | 3 
---|---|---|---|---|---|---|---|---|---
 4 |   |   |   | 0 | X | 0 |   |   | 4 
---|---|---|---|---|---|---|---|---|---
 5 |   |   | 0 | 0 | X |   |   |   | 5 
---|---|---|---|---|---|---|---|---|---
 6 |   | 0 |   |   | X |   |   |   | 6 
---|---|---|---|---|---|---|---|---|---
 7 | 0 |   |   |   |   |   |   |   | 7 
---|---|---|---|---|---|---|---|---|---
 8 |   |   |   |   |   |   |   |   | 8 
---|---|---|---|---|---|---|---|---|---
   | 1 | 2 | 3 | 4 | 5 | 6 | 7 | 8 |

It took 0 seconds to make this move...


Black to move
BEEEEEEEXEEEOEOXEEEXXOOEEEEEOXOEEEEOOXEEEEOEEXEEEOEEEEEEEEEEEEEEE
(1,4) Depth reached: 5, Nodes searched: 9459
   | 1 | 2 | 3 | 4 | 5 | 6 | 7 | 8 |
---|---|---|---|---|---|---|---|---|---
 1 |   |   |   | X |   |   |   | X | 1 
---|---|---|---|---|---|---|---|---|---
 2 |   |   |   | X |   | 0 | X |   | 2 
---|---|---|---|---|---|---|---|---|---
 3 |   |   | X | X | 0 | 0 |   |   | 3 
---|---|---|---|---|---|---|---|---|---
 4 |   |   |   | 0 | X | 0 |   |   | 4 
---|---|---|---|---|---|---|---|---|---
 5 |   |   | 0 | 0 | X |   |   |   | 5 
---|---|---|---|---|---|---|---|---|---
 6 |   | 0 |   |   | X |   |   |   | 6 
---|---|---|---|---|---|---|---|---|---
 7 | 0 |   |   |   |   |   |   |   | 7 
---|---|---|---|---|---|---|---|---|---
 8 |   |   |   |   |   |   |   |   | 8 
---|---|---|---|---|---|---|---|---|---
   | 1 | 2 | 3 | 4 | 5 | 6 | 7 | 8 |

It took 7 seconds to make this move...


White to move
WEEEXEEEXEEEXEOXEEEXXOOEEEEEOXOEEEEOOXEEEEOEEXEEEOEEEEEEEEEEEEEEE
(1,3)
   | 1 | 2 | 3 | 4 | 5 | 6 | 7 | 8 |
---|---|---|---|---|---|---|---|---|---
 1 |   |   | 0 | X |   |   |   | X | 1 
---|---|---|---|---|---|---|---|---|---
 2 |   |   |   | 0 |   | 0 | X |   | 2 
---|---|---|---|---|---|---|---|---|---
 3 |   |   | X | X | 0 | 0 |   |   | 3 
---|---|---|---|---|---|---|---|---|---
 4 |   |   |   | 0 | X | 0 |   |   | 4 
---|---|---|---|---|---|---|---|---|---
 5 |   |   | 0 | 0 | X |   |   |   | 5 
---|---|---|---|---|---|---|---|---|---
 6 |   | 0 |   |   | X |   |   |   | 6 
---|---|---|---|---|---|---|---|---|---
 7 | 0 |   |   |   |   |   |   |   | 7 
---|---|---|---|---|---|---|---|---|---
 8 |   |   |   |   |   |   |   |   | 8 
---|---|---|---|---|---|---|---|---|---
   | 1 | 2 | 3 | 4 | 5 | 6 | 7 | 8 |

It took 0 seconds to make this move...


Black to move
BEEOXEEEXEEEOEOXEEEXXOOEEEEEOXOEEEEOOXEEEEOEEXEEEOEEEEEEEEEEEEEEE
(1,2) Depth reached: 5, Nodes searched: 9382
   | 1 | 2 | 3 | 4 | 5 | 6 | 7 | 8 |
---|---|---|---|---|---|---|---|---|---
 1 |   | X | X | X |   |   |   | X | 1 
---|---|---|---|---|---|---|---|---|---
 2 |   |   |   | 0 |   | 0 | X |   | 2 
---|---|---|---|---|---|---|---|---|---
 3 |   |   | X | X | 0 | 0 |   |   | 3 
---|---|---|---|---|---|---|---|---|---
 4 |   |   |   | 0 | X | 0 |   |   | 4 
---|---|---|---|---|---|---|---|---|---
 5 |   |   | 0 | 0 | X |   |   |   | 5 
---|---|---|---|---|---|---|---|---|---
 6 |   | 0 |   |   | X |   |   |   | 6 
---|---|---|---|---|---|---|---|---|---
 7 | 0 |   |   |   |   |   |   |   | 7 
---|---|---|---|---|---|---|---|---|---
 8 |   |   |   |   |   |   |   |   | 8 
---|---|---|---|---|---|---|---|---|---
   | 1 | 2 | 3 | 4 | 5 | 6 | 7 | 8 |

It took 6 seconds to make this move...


White to move
WEXXXEEEXEEEOEOXEEEXXOOEEEEEOXOEEEEOOXEEEEOEEXEEEOEEEEEEEEEEEEEEE
(6,6)
   | 1 | 2 | 3 | 4 | 5 | 6 | 7 | 8 |
---|---|---|---|---|---|---|---|---|---
 1 |   | X | X | X |   |   |   | X | 1 
---|---|---|---|---|---|---|---|---|---
 2 |   |   |   | 0 |   | 0 | X |   | 2 
---|---|---|---|---|---|---|---|---|---
 3 |   |   | X | X | 0 | 0 |   |   | 3 
---|---|---|---|---|---|---|---|---|---
 4 |   |   |   | 0 | X | 0 |   |   | 4 
---|---|---|---|---|---|---|---|---|---
 5 |   |   | 0 | 0 | 0 |   |   |   | 5 
---|---|---|---|---|---|---|---|---|---
 6 |   | 0 |   |   | X | 0 |   |   | 6 
---|---|---|---|---|---|---|---|---|---
 7 | 0 |   |   |   |   |   |   |   | 7 
---|---|---|---|---|---|---|---|---|---
 8 |   |   |   |   |   |   |   |   | 8 
---|---|---|---|---|---|---|---|---|---
   | 1 | 2 | 3 | 4 | 5 | 6 | 7 | 8 |

It took 1 seconds to make this move...


Black to move
BEXXXEEEXEEEOEOXEEEXXOOEEEEEOXOEEEEOOOEEEEOEEXOEEOEEEEEEEEEEEEEEE
(1,5) Depth reached: 6, Nodes searched: 7043
   | 1 | 2 | 3 | 4 | 5 | 6 | 7 | 8 |
---|---|---|---|---|---|---|---|---|---
 1 |   | X | X | X | X |   |   | X | 1 
---|---|---|---|---|---|---|---|---|---
 2 |   |   |   | X |   | 0 | X |   | 2 
---|---|---|---|---|---|---|---|---|---
 3 |   |   | X | X | 0 | 0 |   |   | 3 
---|---|---|---|---|---|---|---|---|---
 4 |   |   |   | 0 | X | 0 |   |   | 4 
---|---|---|---|---|---|---|---|---|---
 5 |   |   | 0 | 0 | 0 |   |   |   | 5 
---|---|---|---|---|---|---|---|---|---
 6 |   | 0 |   |   | X | 0 |   |   | 6 
---|---|---|---|---|---|---|---|---|---
 7 | 0 |   |   |   |   |   |   |   | 7 
---|---|---|---|---|---|---|---|---|---
 8 |   |   |   |   |   |   |   |   | 8 
---|---|---|---|---|---|---|---|---|---
   | 1 | 2 | 3 | 4 | 5 | 6 | 7 | 8 |

It took 6 seconds to make this move...


White to move
WEXXXXEEXEEEXEOXEEEXXOOEEEEEOXOEEEEOOOEEEEOEEXOEEOEEEEEEEEEEEEEEE
(3,2)
   | 1 | 2 | 3 | 4 | 5 | 6 | 7 | 8 |
---|---|---|---|---|---|---|---|---|---
 1 |   | X | X | X | X |   |   | X | 1 
---|---|---|---|---|---|---|---|---|---
 2 |   |   |   | X |   | 0 | X |   | 2 
---|---|---|---|---|---|---|---|---|---
 3 |   | 0 | 0 | 0 | 0 | 0 |   |   | 3 
---|---|---|---|---|---|---|---|---|---
 4 |   |   |   | 0 | X | 0 |   |   | 4 
---|---|---|---|---|---|---|---|---|---
 5 |   |   | 0 | 0 | 0 |   |   |   | 5 
---|---|---|---|---|---|---|---|---|---
 6 |   | 0 |   |   | X | 0 |   |   | 6 
---|---|---|---|---|---|---|---|---|---
 7 | 0 |   |   |   |   |   |   |   | 7 
---|---|---|---|---|---|---|---|---|---
 8 |   |   |   |   |   |   |   |   | 8 
---|---|---|---|---|---|---|---|---|---
   | 1 | 2 | 3 | 4 | 5 | 6 | 7 | 8 |

It took 0 seconds to make this move...


Black to move
BEXXXXEEXEEEXEOXEEOOOOOEEEEEOXOEEEEOOOEEEEOEEXOEEOEEEEEEEEEEEEEEE
(2,3) Depth reached: 6, Nodes searched: 4214
   | 1 | 2 | 3 | 4 | 5 | 6 | 7 | 8 |
---|---|---|---|---|---|---|---|---|---
 1 |   | X | X | X | X |   |   | X | 1 
---|---|---|---|---|---|---|---|---|---
 2 |   |   | X | X |   | 0 | X |   | 2 
---|---|---|---|---|---|---|---|---|---
 3 |   | 0 | 0 | X | 0 | 0 |   |   | 3 
---|---|---|---|---|---|---|---|---|---
 4 |   |   |   | 0 | X | 0 |   |   | 4 
---|---|---|---|---|---|---|---|---|---
 5 |   |   | 0 | 0 | 0 |   |   |   | 5 
---|---|---|---|---|---|---|---|---|---
 6 |   | 0 |   |   | X | 0 |   |   | 6 
---|---|---|---|---|---|---|---|---|---
 7 | 0 |   |   |   |   |   |   |   | 7 
---|---|---|---|---|---|---|---|---|---
 8 |   |   |   |   |   |   |   |   | 8 
---|---|---|---|---|---|---|---|---|---
   | 1 | 2 | 3 | 4 | 5 | 6 | 7 | 8 |

It took 6 seconds to make this move...


White to move
WEXXXXEEXEEXXEOXEEOOXOOEEEEEOXOEEEEOOOEEEEOEEXOEEOEEEEEEEEEEEEEEE
(2,8)
   | 1 | 2 | 3 | 4 | 5 | 6 | 7 | 8 |
---|---|---|---|---|---|---|---|---|---
 1 |   | X | X | X | X |   |   | X | 1 
---|---|---|---|---|---|---|---|---|---
 2 |   |   | X | X |   | 0 | 0 | 0 | 2 
---|---|---|---|---|---|---|---|---|---
 3 |   | 0 | 0 | X | 0 | 0 |   |   | 3 
---|---|---|---|---|---|---|---|---|---
 4 |   |   |   | 0 | X | 0 |   |   | 4 
---|---|---|---|---|---|---|---|---|---
 5 |   |   | 0 | 0 | 0 |   |   |   | 5 
---|---|---|---|---|---|---|---|---|---
 6 |   | 0 |   |   | X | 0 |   |   | 6 
---|---|---|---|---|---|---|---|---|---
 7 | 0 |   |   |   |   |   |   |   | 7 
---|---|---|---|---|---|---|---|---|---
 8 |   |   |   |   |   |   |   |   | 8 
---|---|---|---|---|---|---|---|---|---
   | 1 | 2 | 3 | 4 | 5 | 6 | 7 | 8 |

It took 0 seconds to make this move...


Black to move
BEXXXXEEXEEXXEOOOEOOXOOEEEEEOXOEEEEOOOEEEEOEEXOEEOEEEEEEEEEEEEEEE
(3,8) Depth reached: 6, Nodes searched: 8268
   | 1 | 2 | 3 | 4 | 5 | 6 | 7 | 8 |
---|---|---|---|---|---|---|---|---|---
 1 |   | X | X | X | X |   |   | X | 1 
---|---|---|---|---|---|---|---|---|---
 2 |   |   | X | X |   | 0 | 0 | X | 2 
---|---|---|---|---|---|---|---|---|---
 3 |   | 0 | 0 | X | 0 | 0 |   | X | 3 
---|---|---|---|---|---|---|---|---|---
 4 |   |   |   | 0 | X | 0 |   |   | 4 
---|---|---|---|---|---|---|---|---|---
 5 |   |   | 0 | 0 | 0 |   |   |   | 5 
---|---|---|---|---|---|---|---|---|---
 6 |   | 0 |   |   | X | 0 |   |   | 6 
---|---|---|---|---|---|---|---|---|---
 7 | 0 |   |   |   |   |   |   |   | 7 
---|---|---|---|---|---|---|---|---|---
 8 |   |   |   |   |   |   |   |   | 8 
---|---|---|---|---|---|---|---|---|---
   | 1 | 2 | 3 | 4 | 5 | 6 | 7 | 8 |

It took 7 seconds to make this move...


White to move
WEXXXXEEXEEXXEOOXEOOXOOEXEEEOXOEEEEOOOEEEEOEEXOEEOEEEEEEEEEEEEEEE
(6,4)
   | 1 | 2 | 3 | 4 | 5 | 6 | 7 | 8 |
---|---|---|---|---|---|---|---|---|---
 1 |   | X | X | X | X |   |   | X | 1 
---|---|---|---|---|---|---|---|---|---
 2 |   |   | X | X |   | 0 | 0 | X | 2 
---|---|---|---|---|---|---|---|---|---
 3 |   | 0 | 0 | X | 0 | 0 |   | X | 3 
---|---|---|---|---|---|---|---|---|---
 4 |   |   |   | 0 | X | 0 |   |   | 4 
---|---|---|---|---|---|---|---|---|---
 5 |   |   | 0 | 0 | 0 |   |   |   | 5 
---|---|---|---|---|---|---|---|---|---
 6 |   | 0 |   | 0 | 0 | 0 |   |   | 6 
---|---|---|---|---|---|---|---|---|---
 7 | 0 |   |   |   |   |   |   |   | 7 
---|---|---|---|---|---|---|---|---|---
 8 |   |   |   |   |   |   |   |   | 8 
---|---|---|---|---|---|---|---|---|---
   | 1 | 2 | 3 | 4 | 5 | 6 | 7 | 8 |

It took 0 seconds to make this move...


Black to move
BEXXXXEEXEEXXEOOXEOOXOOEXEEEOXOEEEEOOOEEEEOEOOOEEOEEEEEEEEEEEEEEE
(1,6) Depth reached: 6, Nodes searched: 8184
   | 1 | 2 | 3 | 4 | 5 | 6 | 7 | 8 |
---|---|---|---|---|---|---|---|---|---
 1 |   | X | X | X | X | X |   | X | 1 
---|---|---|---|---|---|---|---|---|---
 2 |   |   | X | X |   | 0 | X | X | 2 
---|---|---|---|---|---|---|---|---|---
 3 |   | 0 | 0 | X | 0 | 0 |   | X | 3 
---|---|---|---|---|---|---|---|---|---
 4 |   |   |   | 0 | X | 0 |   |   | 4 
---|---|---|---|---|---|---|---|---|---
 5 |   |   | 0 | 0 | 0 |   |   |   | 5 
---|---|---|---|---|---|---|---|---|---
 6 |   | 0 |   | 0 | 0 | 0 |   |   | 6 
---|---|---|---|---|---|---|---|---|---
 7 | 0 |   |   |   |   |   |   |   | 7 
---|---|---|---|---|---|---|---|---|---
 8 |   |   |   |   |   |   |   |   | 8 
---|---|---|---|---|---|---|---|---|---
   | 1 | 2 | 3 | 4 | 5 | 6 | 7 | 8 |

It took 6 seconds to make this move...


White to move
WEXXXXXEXEEXXEOXXEOOXOOEXEEEOXOEEEEOOOEEEEOEOOOEEOEEEEEEEEEEEEEEE
pass
   | 1 | 2 | 3 | 4 | 5 | 6 | 7 | 8 |
---|---|---|---|---|---|---|---|---|---
 1 |   | X | X | X | X | X |   | X | 1 
---|---|---|---|---|---|---|---|---|---
 2 |   |   | X | X |   | 0 | X | X | 2 
---|---|---|---|---|---|---|---|---|---
 3 |   | 0 | 0 | X | 0 | 0 |   | X | 3 
---|---|---|---|---|---|---|---|---|---
 4 |   |   |   | 0 | X | 0 |   |   | 4 
---|---|---|---|---|---|---|---|---|---
 5 |   |   | 0 | 0 | 0 |   |   |   | 5 
---|---|---|---|---|---|---|---|---|---
 6 |   | 0 |   | 0 | 0 | 0 |   |   | 6 
---|---|---|---|---|---|---|---|---|---
 7 | 0 |   |   |   |   |   |   |   | 7 
---|---|---|---|---|---|---|---|---|---
 8 |   |   |   |   |   |   |   |   | 8 
---|---|---|---|---|---|---|---|---|---
   | 1 | 2 | 3 | 4 | 5 | 6 | 7 | 8 |

It took 0 seconds to make this move...


Black to move
BEXXXXXEXEEXXEOXXEOOXOOEXEEEOXOEEEEOOOEEEEOEOOOEEOEEEEEEEEEEEEEEE
(4,1) Depth reached: 6, Nodes searched: 9570
   | 1 | 2 | 3 | 4 | 5 | 6 | 7 | 8 |
---|---|---|---|---|---|---|---|---|---
 1 |   | X | X | X | X | X |   | X | 1 
---|---|---|---|---|---|---|---|---|---
 2 |   |   | X | X |   | 0 | X | X | 2 
---|---|---|---|---|---|---|---|---|---
 3 |   | X | 0 | X | 0 | 0 |   | X | 3 
---|---|---|---|---|---|---|---|---|---
 4 | X |   |   | 0 | X | 0 |   |   | 4 
---|---|---|---|---|---|---|---|---|---
 5 |   |   | 0 | 0 | 0 |   |   |   | 5 
---|---|---|---|---|---|---|---|---|---
 6 |   | 0 |   | 0 | 0 | 0 |   |   | 6 
---|---|---|---|---|---|---|---|---|---
 7 | 0 |   |   |   |   |   |   |   | 7 
---|---|---|---|---|---|---|---|---|---
 8 |   |   |   |   |   |   |   |   | 8 
---|---|---|---|---|---|---|---|---|---
   | 1 | 2 | 3 | 4 | 5 | 6 | 7 | 8 |

It took 6 seconds to make this move...


White to move
WEXXXXXEXEEXXEOXXEXOXOOEXXEEOXOEEEEOOOEEEEOEOOOEEOEEEEEEEEEEEEEEE
(3,1)
   | 1 | 2 | 3 | 4 | 5 | 6 | 7 | 8 |
---|---|---|---|---|---|---|---|---|---
 1 |   | X | X | X | X | X |   | X | 1 
---|---|---|---|---|---|---|---|---|---
 2 |   |   | X | X |   | 0 | X | X | 2 
---|---|---|---|---|---|---|---|---|---
 3 | 0 | 0 | 0 | X | 0 | 0 |   | X | 3 
---|---|---|---|---|---|---|---|---|---
 4 | X |   |   | 0 | X | 0 |   |   | 4 
---|---|---|---|---|---|---|---|---|---
 5 |   |   | 0 | 0 | 0 |   |   |   | 5 
---|---|---|---|---|---|---|---|---|---
 6 |   | 0 |   | 0 | 0 | 0 |   |   | 6 
---|---|---|---|---|---|---|---|---|---
 7 | 0 |   |   |   |   |   |   |   | 7 
---|---|---|---|---|---|---|---|---|---
 8 |   |   |   |   |   |   |   |   | 8 
---|---|---|---|---|---|---|---|---|---
   | 1 | 2 | 3 | 4 | 5 | 6 | 7 | 8 |

It took 0 seconds to make this move...


Black to move
BEXXXXXEXEEXXEOXXOOOXOOEXXEEOXOEEEEOOOEEEEOEOOOEEOEEEEEEEEEEEEEEE
(2,1) Depth reached: 6, Nodes searched: 8985
   | 1 | 2 | 3 | 4 | 5 | 6 | 7 | 8 |
---|---|---|---|---|---|---|---|---|---
 1 |   | X | X | X | X | X |   | X | 1 
---|---|---|---|---|---|---|---|---|---
 2 | X |   | X | X |   | 0 | X | X | 2 
---|---|---|---|---|---|---|---|---|---
 3 | X | 0 | 0 | X | 0 | 0 |   | X | 3 
---|---|---|---|---|---|---|---|---|---
 4 | X |   |   | 0 | X | 0 |   |   | 4 
---|---|---|---|---|---|---|---|---|---
 5 |   |   | 0 | 0 | 0 |   |   |   | 5 
---|---|---|---|---|---|---|---|---|---
 6 |   | 0 |   | 0 | 0 | 0 |   |   | 6 
---|---|---|---|---|---|---|---|---|---
 7 | 0 |   |   |   |   |   |   |   | 7 
---|---|---|---|---|---|---|---|---|---
 8 |   |   |   |   |   |   |   |   | 8 
---|---|---|---|---|---|---|---|---|---
   | 1 | 2 | 3 | 4 | 5 | 6 | 7 | 8 |

It took 6 seconds to make this move...


White to move
WEXXXXXEXXEXXEOXXXOOXOOEXXEEOXOEEEEOOOEEEEOEOOOEEOEEEEEEEEEEEEEEE
pass
   | 1 | 2 | 3 | 4 | 5 | 6 | 7 | 8 |
---|---|---|---|---|---|---|---|---|---
 1 |   | X | X | X | X | X |   | X | 1 
---|---|---|---|---|---|---|---|---|---
 2 | X |   | X | X |   | 0 | X | X | 2 
---|---|---|---|---|---|---|---|---|---
 3 | X | 0 | 0 | X | 0 | 0 |   | X | 3 
---|---|---|---|---|---|---|---|---|---
 4 | X |   |   | 0 | X | 0 |   |   | 4 
---|---|---|---|---|---|---|---|---|---
 5 |   |   | 0 | 0 | 0 |   |   |   | 5 
---|---|---|---|---|---|---|---|---|---
 6 |   | 0 |   | 0 | 0 | 0 |   |   | 6 
---|---|---|---|---|---|---|---|---|---
 7 | 0 |   |   |   |   |   |   |   | 7 
---|---|---|---|---|---|---|---|---|---
 8 |   |   |   |   |   |   |   |   | 8 
---|---|---|---|---|---|---|---|---|---
   | 1 | 2 | 3 | 4 | 5 | 6 | 7 | 8 |

It took 0 seconds to make this move...


Black to move
BEXXXXXEXXEXXEOXXXOOXOOEXXEEOXOEEEEOOOEEEEOEOOOEEOEEEEEEEEEEEEEEE
(4,2) Depth reached: 6, Nodes searched: 9933
   | 1 | 2 | 3 | 4 | 5 | 6 | 7 | 8 |
---|---|---|---|---|---|---|---|---|---
 1 |   | X | X | X | X | X |   | X | 1 
---|---|---|---|---|---|---|---|---|---
 2 | X |   | X | X |   | 0 | X | X | 2 
---|---|---|---|---|---|---|---|---|---
 3 | X | 0 | X | X | 0 | 0 |   | X | 3 
---|---|---|---|---|---|---|---|---|---
 4 | X | X |   | 0 | X | 0 |   |   | 4 
---|---|---|---|---|---|---|---|---|---
 5 |   |   | 0 | 0 | 0 |   |   |   | 5 
---|---|---|---|---|---|---|---|---|---
 6 |   | 0 |   | 0 | 0 | 0 |   |   | 6 
---|---|---|---|---|---|---|---|---|---
 7 | 0 |   |   |   |   |   |   |   | 7 
---|---|---|---|---|---|---|---|---|---
 8 |   |   |   |   |   |   |   |   | 8 
---|---|---|---|---|---|---|---|---|---
   | 1 | 2 | 3 | 4 | 5 | 6 | 7 | 8 |

It took 7 seconds to make this move...


White to move
WEXXXXXEXXEXXEOXXXOXXOOEXXXEOXOEEEEOOOEEEEOEOOOEEOEEEEEEEEEEEEEEE
(2,2)
   | 1 | 2 | 3 | 4 | 5 | 6 | 7 | 8 |
---|---|---|---|---|---|---|---|---|---
 1 |   | X | X | X | X | X |   | X | 1 
---|---|---|---|---|---|---|---|---|---
 2 | X | 0 | X | X |   | 0 | X | X | 2 
---|---|---|---|---|---|---|---|---|---
 3 | X | 0 | 0 | X | 0 | 0 |   | X | 3 
---|---|---|---|---|---|---|---|---|---
 4 | X | X |   | 0 | X | 0 |   |   | 4 
---|---|---|---|---|---|---|---|---|---
 5 |   |   | 0 | 0 | 0 |   |   |   | 5 
---|---|---|---|---|---|---|---|---|---
 6 |   | 0 |   | 0 | 0 | 0 |   |   | 6 
---|---|---|---|---|---|---|---|---|---
 7 | 0 |   |   |   |   |   |   |   | 7 
---|---|---|---|---|---|---|---|---|---
 8 |   |   |   |   |   |   |   |   | 8 
---|---|---|---|---|---|---|---|---|---
   | 1 | 2 | 3 | 4 | 5 | 6 | 7 | 8 |

It took 0 seconds to make this move...


Black to move
BEXXXXXEXXOXXEOXXXOOXOOEXXXEOXOEEEEOOOEEEEOEOOOEEOEEEEEEEEEEEEEEE
(4,3) Depth reached: 6, Nodes searched: 12990
   | 1 | 2 | 3 | 4 | 5 | 6 | 7 | 8 |
---|---|---|---|---|---|---|---|---|---
 1 |   | X | X | X | X | X |   | X | 1 
---|---|---|---|---|---|---|---|---|---
 2 | X | 0 | X | X |   | 0 | X | X | 2 
---|---|---|---|---|---|---|---|---|---
 3 | X | X | X | X | 0 | 0 |   | X | 3 
---|---|---|---|---|---|---|---|---|---
 4 | X | X | X | X | X | 0 |   |   | 4 
---|---|---|---|---|---|---|---|---|---
 5 |   |   | 0 | 0 | 0 |   |   |   | 5 
---|---|---|---|---|---|---|---|---|---
 6 |   | 0 |   | 0 | 0 | 0 |   |   | 6 
---|---|---|---|---|---|---|---|---|---
 7 | 0 |   |   |   |   |   |   |   | 7 
---|---|---|---|---|---|---|---|---|---
 8 |   |   |   |   |   |   |   |   | 8 
---|---|---|---|---|---|---|---|---|---
   | 1 | 2 | 3 | 4 | 5 | 6 | 7 | 8 |

It took 6 seconds to make this move...


White to move
WEXXXXXEXXOXXEOXXXXXXOOEXXXXXXOEEEEOOOEEEEOEOOOEEOEEEEEEEEEEEEEEE
(2,5)
   | 1 | 2 | 3 | 4 | 5 | 6 | 7 | 8 |
---|---|---|---|---|---|---|---|---|---
 1 |   | X | X | X | X | X |   | X | 1 
---|---|---|---|---|---|---|---|---|---
 2 | X | 0 | 0 | 0 | 0 | 0 | X | X | 2 
---|---|---|---|---|---|---|---|---|---
 3 | X | X | X | X | 0 | 0 |   | X | 3 
---|---|---|---|---|---|---|---|---|---
 4 | X | X | X | X | X | 0 |   |   | 4 
---|---|---|---|---|---|---|---|---|---
 5 |   |   | 0 | 0 | 0 |   |   |   | 5 
---|---|---|---|---|---|---|---|---|---
 6 |   | 0 |   | 0 | 0 | 0 |   |   | 6 
---|---|---|---|---|---|---|---|---|---
 7 | 0 |   |   |   |   |   |   |   | 7 
---|---|---|---|---|---|---|---|---|---
 8 |   |   |   |   |   |   |   |   | 8 
---|---|---|---|---|---|---|---|---|---
   | 1 | 2 | 3 | 4 | 5 | 6 | 7 | 8 |

It took 1 seconds to make this move...


Black to move
BEXXXXXEXXOOOOOXXXXXXOOEXXXXXXOEEEEOOOEEEEOEOOOEEOEEEEEEEEEEEEEEE
(1,1) Depth reached: 6, Nodes searched: 12128
   | 1 | 2 | 3 | 4 | 5 | 6 | 7 | 8 |
---|---|---|---|---|---|---|---|---|---
 1 | X | X | X | X | X | X |   | X | 1 
---|---|---|---|---|---|---|---|---|---
 2 | X | X | 0 | 0 | 0 | 0 | X | X | 2 
---|---|---|---|---|---|---|---|---|---
 3 | X | X | X | X | 0 | 0 |   | X | 3 
---|---|---|---|---|---|---|---|---|---
 4 | X | X | X | X | X | 0 |   |   | 4 
---|---|---|---|---|---|---|---|---|---
 5 |   |   | 0 | 0 | 0 |   |   |   | 5 
---|---|---|---|---|---|---|---|---|---
 6 |   | 0 |   | 0 | 0 | 0 |   |   | 6 
---|---|---|---|---|---|---|---|---|---
 7 | 0 |   |   |   |   |   |   |   | 7 
---|---|---|---|---|---|---|---|---|---
 8 |   |   |   |   |   |   |   |   | 8 
---|---|---|---|---|---|---|---|---|---
   | 1 | 2 | 3 | 4 | 5 | 6 | 7 | 8 |

It took 6 seconds to make this move...


White to move
WXXXXXXEXXXOOOOXXXXXXOOEXXXXXXOEEEEOOOEEEEOEOOOEEOEEEEEEEEEEEEEEE
(5,2)
   | 1 | 2 | 3 | 4 | 5 | 6 | 7 | 8 |
---|---|---|---|---|---|---|---|---|---
 1 | X | X | X | X | X | X |   | X | 1 
---|---|---|---|---|---|---|---|---|---
 2 | X | X | 0 | 0 | 0 | 0 | X | X | 2 
---|---|---|---|---|---|---|---|---|---
 3 | X | X | X | 0 | 0 | 0 |   | X | 3 
---|---|---|---|---|---|---|---|---|---
 4 | X | X | 0 | X | X | 0 |   |   | 4 
---|---|---|---|---|---|---|---|---|---
 5 |   | 0 | 0 | 0 | 0 |   |   |   | 5 
---|---|---|---|---|---|---|---|---|---
 6 |   | 0 |   | 0 | 0 | 0 |   |   | 6 
---|---|---|---|---|---|---|---|---|---
 7 | 0 |   |   |   |   |   |   |   | 7 
---|---|---|---|---|---|---|---|---|---
 8 |   |   |   |   |   |   |   |   | 8 
---|---|---|---|---|---|---|---|---|---
   | 1 | 2 | 3 | 4 | 5 | 6 | 7 | 8 |

It took 0 seconds to make this move...


Black to move
BXXXXXXEXXXOOOOXXXXXOOOEXXXOXXOEEEOOOOEEEEOEOOOEEOEEEEEEEEEEEEEEE
(1,7) Depth reached: 6, Nodes searched: 14032
   | 1 | 2 | 3 | 4 | 5 | 6 | 7 | 8 |
---|---|---|---|---|---|---|---|---|---
 1 | X | X | X | X | X | X | X | X | 1 
---|---|---|---|---|---|---|---|---|---
 2 | X | X | 0 | 0 | 0 | X | X | X | 2 
---|---|---|---|---|---|---|---|---|---
 3 | X | X | X | 0 | X | 0 |   | X | 3 
---|---|---|---|---|---|---|---|---|---
 4 | X | X | 0 | X | X | 0 |   |   | 4 
---|---|---|---|---|---|---|---|---|---
 5 |   | 0 | 0 | 0 | 0 |   |   |   | 5 
---|---|---|---|---|---|---|---|---|---
 6 |   | 0 |   | 0 | 0 | 0 |   |   | 6 
---|---|---|---|---|---|---|---|---|---
 7 | 0 |   |   |   |   |   |   |   | 7 
---|---|---|---|---|---|---|---|---|---
 8 |   |   |   |   |   |   |   |   | 8 
---|---|---|---|---|---|---|---|---|---
   | 1 | 2 | 3 | 4 | 5 | 6 | 7 | 8 |

It took 7 seconds to make this move...


White to move
WXXXXXXXXXXOOOXXXXXXOXOEXXXOXXOEEEOOOOEEEEOEOOOEEOEEEEEEEEEEEEEEE
(5,6)
   | 1 | 2 | 3 | 4 | 5 | 6 | 7 | 8 |
---|---|---|---|---|---|---|---|---|---
 1 | X | X | X | X | X | X | X | X | 1 
---|---|---|---|---|---|---|---|---|---
 2 | X | X | 0 | 0 | 0 | X | X | X | 2 
---|---|---|---|---|---|---|---|---|---
 3 | X | X | X | 0 | X | 0 |   | X | 3 
---|---|---|---|---|---|---|---|---|---
 4 | X | X | 0 | X | 0 | 0 |   |   | 4 
---|---|---|---|---|---|---|---|---|---
 5 |   | 0 | 0 | 0 | 0 | 0 |   |   | 5 
---|---|---|---|---|---|---|---|---|---
 6 |   | 0 |   | 0 | 0 | 0 |   |   | 6 
---|---|---|---|---|---|---|---|---|---
 7 | 0 |   |   |   |   |   |   |   | 7 
---|---|---|---|---|---|---|---|---|---
 8 |   |   |   |   |   |   |   |   | 8 
---|---|---|---|---|---|---|---|---|---
   | 1 | 2 | 3 | 4 | 5 | 6 | 7 | 8 |

It took 0 seconds to make this move...


Black to move
BXXXXXXXXXXOOOXXXXXXOXOEXXXOXOOEEEOOOOOEEEOEOOOEEOEEEEEEEEEEEEEEE
(6,1) Depth reached: 7, Nodes searched: 5626
   | 1 | 2 | 3 | 4 | 5 | 6 | 7 | 8 |
---|---|---|---|---|---|---|---|---|---
 1 | X | X | X | X | X | X | X | X | 1 
---|---|---|---|---|---|---|---|---|---
 2 | X | X | 0 | 0 | X | X | X | X | 2 
---|---|---|---|---|---|---|---|---|---
 3 | X | X | X | X | X | 0 |   | X | 3 
---|---|---|---|---|---|---|---|---|---
 4 | X | X | X | X | 0 | 0 |   |   | 4 
---|---|---|---|---|---|---|---|---|---
 5 |   | X | 0 | 0 | 0 | 0 |   |   | 5 
---|---|---|---|---|---|---|---|---|---
 6 | X | 0 |   | 0 | 0 | 0 |   |   | 6 
---|---|---|---|---|---|---|---|---|---
 7 | 0 |   |   |   |   |   |   |   | 7 
---|---|---|---|---|---|---|---|---|---
 8 |   |   |   |   |   |   |   |   | 8 
---|---|---|---|---|---|---|---|---|---
   | 1 | 2 | 3 | 4 | 5 | 6 | 7 | 8 |

It took 6 seconds to make this move...


White to move
WXXXXXXXXXXOOXXXXXXXXXOEXXXXXOOEEEXOOOOEEXOEOOOEEOEEEEEEEEEEEEEEE
(5,1)
   | 1 | 2 | 3 | 4 | 5 | 6 | 7 | 8 |
---|---|---|---|---|---|---|---|---|---
 1 | X | X | X | X | X | X | X | X | 1 
---|---|---|---|---|---|---|---|---|---
 2 | X | X | 0 | 0 | X | X | X | X | 2 
---|---|---|---|---|---|---|---|---|---
 3 | X | X | 0 | X | X | 0 |   | X | 3 
---|---|---|---|---|---|---|---|---|---
 4 | X | 0 | X | X | 0 | 0 |   |   | 4 
---|---|---|---|---|---|---|---|---|---
 5 | 0 | 0 | 0 | 0 | 0 | 0 |   |   | 5 
---|---|---|---|---|---|---|---|---|---
 6 | 0 | 0 |   | 0 | 0 | 0 |   |   | 6 
---|---|---|---|---|---|---|---|---|---
 7 | 0 |   |   |   |   |   |   |   | 7 
---|---|---|---|---|---|---|---|---|---
 8 |   |   |   |   |   |   |   |   | 8 
---|---|---|---|---|---|---|---|---|---
   | 1 | 2 | 3 | 4 | 5 | 6 | 7 | 8 |

It took 0 seconds to make this move...


Black to move
BXXXXXXXXXXOOXXXXXXOXXOEXXOXXOOEEOOOOOOEEOOEOOOEEOEEEEEEEEEEEEEEE
(8,1) Depth reached: 7, Nodes searched: 4346
   | 1 | 2 | 3 | 4 | 5 | 6 | 7 | 8 |
---|---|---|---|---|---|---|---|---|---
 1 | X | X | X | X | X | X | X | X | 1 
---|---|---|---|---|---|---|---|---|---
 2 | X | X | 0 | 0 | X | X | X | X | 2 
---|---|---|---|---|---|---|---|---|---
 3 | X | X | 0 | X | X | 0 |   | X | 3 
---|---|---|---|---|---|---|---|---|---
 4 | X | 0 | X | X | 0 | 0 |   |   | 4 
---|---|---|---|---|---|---|---|---|---
 5 | X | 0 | 0 | 0 | 0 | 0 |   |   | 5 
---|---|---|---|---|---|---|---|---|---
 6 | X | 0 |   | 0 | 0 | 0 |   |   | 6 
---|---|---|---|---|---|---|---|---|---
 7 | X |   |   |   |   |   |   |   | 7 
---|---|---|---|---|---|---|---|---|---
 8 | X |   |   |   |   |   |   |   | 8 
---|---|---|---|---|---|---|---|---|---
   | 1 | 2 | 3 | 4 | 5 | 6 | 7 | 8 |

It took 6 seconds to make this move...


White to move
WXXXXXXXXXXOOXXXXXXOXXOEXXOXXOOEEXOOOOOEEXOEOOOEEXEEEEEEEXEEEEEEE
pass
   | 1 | 2 | 3 | 4 | 5 | 6 | 7 | 8 |
---|---|---|---|---|---|---|---|---|---
 1 | X | X | X | X | X | X | X | X | 1 
---|---|---|---|---|---|---|---|---|---
 2 | X | X | 0 | 0 | X | X | X | X | 2 
---|---|---|---|---|---|---|---|---|---
 3 | X | X | 0 | X | X | 0 |   | X | 3 
---|---|---|---|---|---|---|---|---|---
 4 | X | 0 | X | X | 0 | 0 |   |   | 4 
---|---|---|---|---|---|---|---|---|---
 5 | X | 0 | 0 | 0 | 0 | 0 |   |   | 5 
---|---|---|---|---|---|---|---|---|---
 6 | X | 0 |   | 0 | 0 | 0 |   |   | 6 
---|---|---|---|---|---|---|---|---|---
 7 | X |   |   |   |   |   |   |   | 7 
---|---|---|---|---|---|---|---|---|---
 8 | X |   |   |   |   |   |   |   | 8 
---|---|---|---|---|---|---|---|---|---
   | 1 | 2 | 3 | 4 | 5 | 6 | 7 | 8 |

It took 0 seconds to make this move...


Black to move
BXXXXXXXXXXOOXXXXXXOXXOEXXOXXOOEEXOOOOOEEXOEOOOEEXEEEEEEEXEEEEEEE
(3,7) Depth reached: 7, Nodes searched: 4779
   | 1 | 2 | 3 | 4 | 5 | 6 | 7 | 8 |
---|---|---|---|---|---|---|---|---|---
 1 | X | X | X | X | X | X | X | X | 1 
---|---|---|---|---|---|---|---|---|---
 2 | X | X | 0 | 0 | X | X | X | X | 2 
---|---|---|---|---|---|---|---|---|---
 3 | X | X | 0 | X | X | X | X | X | 3 
---|---|---|---|---|---|---|---|---|---
 4 | X | 0 | X | X | 0 | 0 |   |   | 4 
---|---|---|---|---|---|---|---|---|---
 5 | X | 0 | 0 | 0 | 0 | 0 |   |   | 5 
---|---|---|---|---|---|---|---|---|---
 6 | X | 0 |   | 0 | 0 | 0 |   |   | 6 
---|---|---|---|---|---|---|---|---|---
 7 | X |   |   |   |   |   |   |   | 7 
---|---|---|---|---|---|---|---|---|---
 8 | X |   |   |   |   |   |   |   | 8 
---|---|---|---|---|---|---|---|---|---
   | 1 | 2 | 3 | 4 | 5 | 6 | 7 | 8 |

It took 7 seconds to make this move...


White to move
WXXXXXXXXXXOOXXXXXXOXXXXXXOXXOOEEXOOOOOEEXOEOOOEEXEEEEEEEXEEEEEEE
pass
   | 1 | 2 | 3 | 4 | 5 | 6 | 7 | 8 |
---|---|---|---|---|---|---|---|---|---
 1 | X | X | X | X | X | X | X | X | 1 
---|---|---|---|---|---|---|---|---|---
 2 | X | X | 0 | 0 | X | X | X | X | 2 
---|---|---|---|---|---|---|---|---|---
 3 | X | X | 0 | X | X | X | X | X | 3 
---|---|---|---|---|---|---|---|---|---
 4 | X | 0 | X | X | 0 | 0 |   |   | 4 
---|---|---|---|---|---|---|---|---|---
 5 | X | 0 | 0 | 0 | 0 | 0 |   |   | 5 
---|---|---|---|---|---|---|---|---|---
 6 | X | 0 |   | 0 | 0 | 0 |   |   | 6 
---|---|---|---|---|---|---|---|---|---
 7 | X |   |   |   |   |   |   |   | 7 
---|---|---|---|---|---|---|---|---|---
 8 | X |   |   |   |   |   |   |   | 8 
---|---|---|---|---|---|---|---|---|---
   | 1 | 2 | 3 | 4 | 5 | 6 | 7 | 8 |

It took 0 seconds to make this move...


Black to move
BXXXXXXXXXXOOXXXXXXOXXXXXXOXXOOEEXOOOOOEEXOEOOOEEXEEEEEEEXEEEEEEE
(4,7) Depth reached: 7, Nodes searched: 9293
   | 1 | 2 | 3 | 4 | 5 | 6 | 7 | 8 |
---|---|---|---|---|---|---|---|---|---
 1 | X | X | X | X | X | X | X | X | 1 
---|---|---|---|---|---|---|---|---|---
 2 | X | X | 0 | 0 | X | X | X | X | 2 
---|---|---|---|---|---|---|---|---|---
 3 | X | X | 0 | X | X | X | X | X | 3 
---|---|---|---|---|---|---|---|---|---
 4 | X | 0 | X | X | X | X | X |   | 4 
---|---|---|---|---|---|---|---|---|---
 5 | X | 0 | 0 | 0 | 0 | 0 |   |   | 5 
---|---|---|---|---|---|---|---|---|---
 6 | X | 0 |   | 0 | 0 | 0 |   |   | 6 
---|---|---|---|---|---|---|---|---|---
 7 | X |   |   |   |   |   |   |   | 7 
---|---|---|---|---|---|---|---|---|---
 8 | X |   |   |   |   |   |   |   | 8 
---|---|---|---|---|---|---|---|---|---
   | 1 | 2 | 3 | 4 | 5 | 6 | 7 | 8 |

It took 6 seconds to make this move...


White to move
WXXXXXXXXXXOOXXXXXXOXXXXXXOXXXXXEXOOOOOEEXOEOOOEEXEEEEEEEXEEEEEEE
(5,7)
   | 1 | 2 | 3 | 4 | 5 | 6 | 7 | 8 |
---|---|---|---|---|---|---|---|---|---
 1 | X | X | X | X | X | X | X | X | 1 
---|---|---|---|---|---|---|---|---|---
 2 | X | X | 0 | 0 | X | X | X | X | 2 
---|---|---|---|---|---|---|---|---|---
 3 | X | X | 0 | X | 0 | X | X | X | 3 
---|---|---|---|---|---|---|---|---|---
 4 | X | 0 | X | X | X | 0 | X |   | 4 
---|---|---|---|---|---|---|---|---|---
 5 | X | 0 | 0 | 0 | 0 | 0 | 0 |   | 5 
---|---|---|---|---|---|---|---|---|---
 6 | X | 0 |   | 0 | 0 | 0 |   |   | 6 
---|---|---|---|---|---|---|---|---|---
 7 | X |   |   |   |   |   |   |   | 7 
---|---|---|---|---|---|---|---|---|---
 8 | X |   |   |   |   |   |   |   | 8 
---|---|---|---|---|---|---|---|---|---
   | 1 | 2 | 3 | 4 | 5 | 6 | 7 | 8 |

It took 0 seconds to make this move...


Black to move
BXXXXXXXXXXOOXXXXXXOXOXXXXOXXXOXEXOOOOOOEXOEOOOEEXEEEEEEEXEEEEEEE
(6,8) Depth reached: 7, Nodes searched: 16174
   | 1 | 2 | 3 | 4 | 5 | 6 | 7 | 8 |
---|---|---|---|---|---|---|---|---|---
 1 | X | X | X | X | X | X | X | X | 1 
---|---|---|---|---|---|---|---|---|---
 2 | X | X | 0 | X | X | X | X | X | 2 
---|---|---|---|---|---|---|---|---|---
 3 | X | X | 0 | X | X | X | X | X | 3 
---|---|---|---|---|---|---|---|---|---
 4 | X | 0 | X | X | X | X | X |   | 4 
---|---|---|---|---|---|---|---|---|---
 5 | X | 0 | 0 | 0 | 0 | 0 | X |   | 5 
---|---|---|---|---|---|---|---|---|---
 6 | X | 0 |   | 0 | 0 | 0 |   | X | 6 
---|---|---|---|---|---|---|---|---|---
 7 | X |   |   |   |   |   |   |   | 7 
---|---|---|---|---|---|---|---|---|---
 8 | X |   |   |   |   |   |   |   | 8 
---|---|---|---|---|---|---|---|---|---
   | 1 | 2 | 3 | 4 | 5 | 6 | 7 | 8 |

It took 7 seconds to make this move...


White to move
WXXXXXXXXXXOXXXXXXXOXXXXXXOXXXXXEXOOOOOXEXOEOOOEXXEEEEEEEXEEEEEEE
(5,8)
   | 1 | 2 | 3 | 4 | 5 | 6 | 7 | 8 |
---|---|---|---|---|---|---|---|---|---
 1 | X | X | X | X | X | X | X | X | 1 
---|---|---|---|---|---|---|---|---|---
 2 | X | X | 0 | X | X | X | X | X | 2 
---|---|---|---|---|---|---|---|---|---
 3 | X | X | 0 | X | X | X | X | X | 3 
---|---|---|---|---|---|---|---|---|---
 4 | X | 0 | X | X | X | X | X |   | 4 
---|---|---|---|---|---|---|---|---|---
 5 | X | 0 | 0 | 0 | 0 | 0 | 0 | 0 | 5 
---|---|---|---|---|---|---|---|---|---
 6 | X | 0 |   | 0 | 0 | 0 |   | X | 6 
---|---|---|---|---|---|---|---|---|---
 7 | X |   |   |   |   |   |   |   | 7 
---|---|---|---|---|---|---|---|---|---
 8 | X |   |   |   |   |   |   |   | 8 
---|---|---|---|---|---|---|---|---|---
   | 1 | 2 | 3 | 4 | 5 | 6 | 7 | 8 |

It took 0 seconds to make this move...


Black to move
BXXXXXXXXXXOXXXXXXXOXXXXXXOXXXXXEXOOOOOOOXOEOOOEXXEEEEEEEXEEEEEEE
(4,8) Depth reached: 8, Nodes searched: 20204
   | 1 | 2 | 3 | 4 | 5 | 6 | 7 | 8 |
---|---|---|---|---|---|---|---|---|---
 1 | X | X | X | X | X | X | X | X | 1 
---|---|---|---|---|---|---|---|---|---
 2 | X | X | 0 | X | X | X | X | X | 2 
---|---|---|---|---|---|---|---|---|---
 3 | X | X | 0 | X | X | X | X | X | 3 
---|---|---|---|---|---|---|---|---|---
 4 | X | 0 | X | X | X | X | X | X | 4 
---|---|---|---|---|---|---|---|---|---
 5 | X | 0 | 0 | 0 | 0 | 0 | 0 | X | 5 
---|---|---|---|---|---|---|---|---|---
 6 | X | 0 |   | 0 | 0 | 0 |   | X | 6 
---|---|---|---|---|---|---|---|---|---
 7 | X |   |   |   |   |   |   |   | 7 
---|---|---|---|---|---|---|---|---|---
 8 | X |   |   |   |   |   |   |   | 8 
---|---|---|---|---|---|---|---|---|---
   | 1 | 2 | 3 | 4 | 5 | 6 | 7 | 8 |

It took 6 seconds to make this move...


White to move
WXXXXXXXXXXOXXXXXXXOXXXXXXOXXXXXXXOOOOOOXXOEOOOEXXEEEEEEEXEEEEEEE
pass
   | 1 | 2 | 3 | 4 | 5 | 6 | 7 | 8 |
---|---|---|---|---|---|---|---|---|---
 1 | X | X | X | X | X | X | X | X | 1 
---|---|---|---|---|---|---|---|---|---
 2 | X | X | 0 | X | X | X | X | X | 2 
---|---|---|---|---|---|---|---|---|---
 3 | X | X | 0 | X | X | X | X | X | 3 
---|---|---|---|---|---|---|---|---|---
 4 | X | 0 | X | X | X | X | X | X | 4 
---|---|---|---|---|---|---|---|---|---
 5 | X | 0 | 0 | 0 | 0 | 0 | 0 | X | 5 
---|---|---|---|---|---|---|---|---|---
 6 | X | 0 |   | 0 | 0 | 0 |   | X | 6 
---|---|---|---|---|---|---|---|---|---
 7 | X |   |   |   |   |   |   |   | 7 
---|---|---|---|---|---|---|---|---|---
 8 | X |   |   |   |   |   |   |   | 8 
---|---|---|---|---|---|---|---|---|---
   | 1 | 2 | 3 | 4 | 5 | 6 | 7 | 8 |

It took 0 seconds to make this move...


Black to move
BXXXXXXXXXXOXXXXXXXOXXXXXXOXXXXXXXOOOOOOXXOEOOOEXXEEEEEEEXEEEEEEE
(6,7) Depth reached: 8, Nodes searched: 17103
   | 1 | 2 | 3 | 4 | 5 | 6 | 7 | 8 |
---|---|---|---|---|---|---|---|---|---
 1 | X | X | X | X | X | X | X | X | 1 
---|---|---|---|---|---|---|---|---|---
 2 | X | X | 0 | X | X | X | X | X | 2 
---|---|---|---|---|---|---|---|---|---
 3 | X | X | 0 | X | X | X | X | X | 3 
---|---|---|---|---|---|---|---|---|---
 4 | X | 0 | X | X | X | X | X | X | 4 
---|---|---|---|---|---|---|---|---|---
 5 | X | 0 | 0 | 0 | 0 | X | X | X | 5 
---|---|---|---|---|---|---|---|---|---
 6 | X | 0 |   | 0 | 0 | 0 | X | X | 6 
---|---|---|---|---|---|---|---|---|---
 7 | X |   |   |   |   |   |   |   | 7 
---|---|---|---|---|---|---|---|---|---
 8 | X |   |   |   |   |   |   |   | 8 
---|---|---|---|---|---|---|---|---|---
   | 1 | 2 | 3 | 4 | 5 | 6 | 7 | 8 |

It took 6 seconds to make this move...


White to move
WXXXXXXXXXXOXXXXXXXOXXXXXXOXXXXXXXOOOOXXXXOEOOOXXXEEEEEEEXEEEEEEE
(7,8)
   | 1 | 2 | 3 | 4 | 5 | 6 | 7 | 8 |
---|---|---|---|---|---|---|---|---|---
 1 | X | X | X | X | X | X | X | X | 1 
---|---|---|---|---|---|---|---|---|---
 2 | X | X | 0 | X | X | X | X | X | 2 
---|---|---|---|---|---|---|---|---|---
 3 | X | X | 0 | 0 | X | X | X | X | 3 
---|---|---|---|---|---|---|---|---|---
 4 | X | 0 | X | X | 0 | X | X | X | 4 
---|---|---|---|---|---|---|---|---|---
 5 | X | 0 | 0 | 0 | 0 | 0 | X | X | 5 
---|---|---|---|---|---|---|---|---|---
 6 | X | 0 |   | 0 | 0 | 0 | 0 | X | 6 
---|---|---|---|---|---|---|---|---|---
 7 | X |   |   |   |   |   |   | 0 | 7 
---|---|---|---|---|---|---|---|---|---
 8 | X |   |   |   |   |   |   |   | 8 
---|---|---|---|---|---|---|---|---|---
   | 1 | 2 | 3 | 4 | 5 | 6 | 7 | 8 |

It took 0 seconds to make this move...


Black to move
BXXXXXXXXXXOXXXXXXXOOXXXXXOXXOXXXXOOOOOXXXOEOOOOXXEEEEEEOXEEEEEEE
(8,8) Depth reached: 9, Nodes searched: 5391
   | 1 | 2 | 3 | 4 | 5 | 6 | 7 | 8 |
---|---|---|---|---|---|---|---|---|---
 1 | X | X | X | X | X | X | X | X | 1 
---|---|---|---|---|---|---|---|---|---
 2 | X | X | 0 | X | X | X | X | X | 2 
---|---|---|---|---|---|---|---|---|---
 3 | X | X | 0 | 0 | X | X | X | X | 3 
---|---|---|---|---|---|---|---|---|---
 4 | X | 0 | X | X | 0 | X | X | X | 4 
---|---|---|---|---|---|---|---|---|---
 5 | X | 0 | 0 | 0 | 0 | 0 | X | X | 5 
---|---|---|---|---|---|---|---|---|---
 6 | X | 0 |   | 0 | 0 | 0 | 0 | X | 6 
---|---|---|---|---|---|---|---|---|---
 7 | X |   |   |   |   |   |   | X | 7 
---|---|---|---|---|---|---|---|---|---
 8 | X |   |   |   |   |   |   | X | 8 
---|---|---|---|---|---|---|---|---|---
   | 1 | 2 | 3 | 4 | 5 | 6 | 7 | 8 |

It took 7 seconds to make this move...


White to move
WXXXXXXXXXXOXXXXXXXOOXXXXXOXXOXXXXOOOOOXXXOEOOOOXXEEEEEEXXEEEEEEX
pass
   | 1 | 2 | 3 | 4 | 5 | 6 | 7 | 8 |
---|---|---|---|---|---|---|---|---|---
 1 | X | X | X | X | X | X | X | X | 1 
---|---|---|---|---|---|---|---|---|---
 2 | X | X | 0 | X | X | X | X | X | 2 
---|---|---|---|---|---|---|---|---|---
 3 | X | X | 0 | 0 | X | X | X | X | 3 
---|---|---|---|---|---|---|---|---|---
 4 | X | 0 | X | X | 0 | X | X | X | 4 
---|---|---|---|---|---|---|---|---|---
 5 | X | 0 | 0 | 0 | 0 | 0 | X | X | 5 
---|---|---|---|---|---|---|---|---|---
 6 | X | 0 |   | 0 | 0 | 0 | 0 | X | 6 
---|---|---|---|---|---|---|---|---|---
 7 | X |   |   |   |   |   |   | X | 7 
---|---|---|---|---|---|---|---|---|---
 8 | X |   |   |   |   |   |   | X | 8 
---|---|---|---|---|---|---|---|---|---
   | 1 | 2 | 3 | 4 | 5 | 6 | 7 | 8 |

It took 0 seconds to make this move...


Black to move
BXXXXXXXXXXOXXXXXXXOOXXXXXOXXOXXXXOOOOOXXXOEOOOOXXEEEEEEXXEEEEEEX
(7,7) Depth reached: 8, Nodes searched: 12271
   | 1 | 2 | 3 | 4 | 5 | 6 | 7 | 8 |
---|---|---|---|---|---|---|---|---|---
 1 | X | X | X | X | X | X | X | X | 1 
---|---|---|---|---|---|---|---|---|---
 2 | X | X | 0 | X | X | X | X | X | 2 
---|---|---|---|---|---|---|---|---|---
 3 | X | X | 0 | 0 | X | X | X | X | 3 
---|---|---|---|---|---|---|---|---|---
 4 | X | 0 | X | X | 0 | X | X | X | 4 
---|---|---|---|---|---|---|---|---|---
 5 | X | 0 | 0 | 0 | X | 0 | X | X | 5 
---|---|---|---|---|---|---|---|---|---
 6 | X | 0 |   | 0 | 0 | X | X | X | 6 
---|---|---|---|---|---|---|---|---|---
 7 | X |   |   |   |   |   | X | X | 7 
---|---|---|---|---|---|---|---|---|---
 8 | X |   |   |   |   |   |   | X | 8 
---|---|---|---|---|---|---|---|---|---
   | 1 | 2 | 3 | 4 | 5 | 6 | 7 | 8 |

It took 6 seconds to make this move...


White to move
WXXXXXXXXXXOXXXXXXXOOXXXXXOXXOXXXXOOOXOXXXOEOOXXXXEEEEEXXXEEEEEEX
(7,6)
   | 1 | 2 | 3 | 4 | 5 | 6 | 7 | 8 |
---|---|---|---|---|---|---|---|---|---
 1 | X | X | X | X | X | X | X | X | 1 
---|---|---|---|---|---|---|---|---|---
 2 | X | X | 0 | X | X | X | X | X | 2 
---|---|---|---|---|---|---|---|---|---
 3 | X | X | 0 | 0 | X | X | X | X | 3 
---|---|---|---|---|---|---|---|---|---
 4 | X | 0 | X | X | 0 | X | X | X | 4 
---|---|---|---|---|---|---|---|---|---
 5 | X | 0 | 0 | 0 | X | 0 | X | X | 5 
---|---|---|---|---|---|---|---|---|---
 6 | X | 0 |   | 0 | 0 | 0 | X | X | 6 
---|---|---|---|---|---|---|---|---|---
 7 | X |   |   |   |   | 0 | X | X | 7 
---|---|---|---|---|---|---|---|---|---
 8 | X |   |   |   |   |   |   | X | 8 
---|---|---|---|---|---|---|---|---|---
   | 1 | 2 | 3 | 4 | 5 | 6 | 7 | 8 |

It took 0 seconds to make this move...


Black to move
BXXXXXXXXXXOXXXXXXXOOXXXXXOXXOXXXXOOOXOXXXOEOOOXXXEEEEOXXXEEEEEEX
(8,6) Depth reached: 11, Nodes searched: 19896
   | 1 | 2 | 3 | 4 | 5 | 6 | 7 | 8 |
---|---|---|---|---|---|---|---|---|---
 1 | X | X | X | X | X | X | X | X | 1 
---|---|---|---|---|---|---|---|---|---
 2 | X | X | 0 | X | X | X | X | X | 2 
---|---|---|---|---|---|---|---|---|---
 3 | X | X | 0 | 0 | X | X | X | X | 3 
---|---|---|---|---|---|---|---|---|---
 4 | X | 0 | X | X | 0 | X | X | X | 4 
---|---|---|---|---|---|---|---|---|---
 5 | X | 0 | 0 | 0 | X | X | X | X | 5 
---|---|---|---|---|---|---|---|---|---
 6 | X | 0 |   | 0 | 0 | X | X | X | 6 
---|---|---|---|---|---|---|---|---|---
 7 | X |   |   |   |   | X | X | X | 7 
---|---|---|---|---|---|---|---|---|---
 8 | X |   |   |   |   | X |   | X | 8 
---|---|---|---|---|---|---|---|---|---
   | 1 | 2 | 3 | 4 | 5 | 6 | 7 | 8 |

It took 7 seconds to make this move...


White to move
WXXXXXXXXXXOXXXXXXXOOXXXXXOXXOXXXXOOOXXXXXOEOOXXXXEEEEXXXXEEEEXEX
(8,7)
   | 1 | 2 | 3 | 4 | 5 | 6 | 7 | 8 |
---|---|---|---|---|---|---|---|---|---
 1 | X | X | X | X | X | X | X | X | 1 
---|---|---|---|---|---|---|---|---|---
 2 | X | X | 0 | X | X | X | X | X | 2 
---|---|---|---|---|---|---|---|---|---
 3 | X | X | 0 | 0 | X | X | X | X | 3 
---|---|---|---|---|---|---|---|---|---
 4 | X | 0 | X | X | 0 | X | X | X | 4 
---|---|---|---|---|---|---|---|---|---
 5 | X | 0 | 0 | 0 | X | X | X | X | 5 
---|---|---|---|---|---|---|---|---|---
 6 | X | 0 |   | 0 | 0 | X | X | X | 6 
---|---|---|---|---|---|---|---|---|---
 7 | X |   |   |   |   | 0 | X | X | 7 
---|---|---|---|---|---|---|---|---|---
 8 | X |   |   |   |   | X | 0 | X | 8 
---|---|---|---|---|---|---|---|---|---
   | 1 | 2 | 3 | 4 | 5 | 6 | 7 | 8 |

It took 0 seconds to make this move...


Black to move
BXXXXXXXXXXOXXXXXXXOOXXXXXOXXOXXXXOOOXXXXXOEOOXXXXEEEEOXXXEEEEXOX
(7,2) Depth reached: 32, Nodes searched: 4621
   | 1 | 2 | 3 | 4 | 5 | 6 | 7 | 8 |
---|---|---|---|---|---|---|---|---|---
 1 | X | X | X | X | X | X | X | X | 1 
---|---|---|---|---|---|---|---|---|---
 2 | X | X | 0 | X | X | X | X | X | 2 
---|---|---|---|---|---|---|---|---|---
 3 | X | X | 0 | 0 | X | X | X | X | 3 
---|---|---|---|---|---|---|---|---|---
 4 | X | X | X | X | 0 | X | X | X | 4 
---|---|---|---|---|---|---|---|---|---
 5 | X | X | 0 | 0 | X | X | X | X | 5 
---|---|---|---|---|---|---|---|---|---
 6 | X | X |   | 0 | 0 | X | X | X | 6 
---|---|---|---|---|---|---|---|---|---
 7 | X | X |   |   |   | 0 | X | X | 7 
---|---|---|---|---|---|---|---|---|---
 8 | X |   |   |   |   | X | 0 | X | 8 
---|---|---|---|---|---|---|---|---|---
   | 1 | 2 | 3 | 4 | 5 | 6 | 7 | 8 |

It took 6 seconds to make this move...


White to move
WXXXXXXXXXXOXXXXXXXOOXXXXXXXXOXXXXXOOXXXXXXEOOXXXXXEEEOXXXEEEEXOX
(8,5)
   | 1 | 2 | 3 | 4 | 5 | 6 | 7 | 8 |
---|---|---|---|---|---|---|---|---|---
 1 | X | X | X | X | X | X | X | X | 1 
---|---|---|---|---|---|---|---|---|---
 2 | X | X | 0 | X | X | X | X | X | 2 
---|---|---|---|---|---|---|---|---|---
 3 | X | X | 0 | 0 | X | X | X | X | 3 
---|---|---|---|---|---|---|---|---|---
 4 | X | X | X | X | 0 | X | X | X | 4 
---|---|---|---|---|---|---|---|---|---
 5 | X | X | 0 | 0 | X | X | X | X | 5 
---|---|---|---|---|---|---|---|---|---
 6 | X | X |   | 0 | 0 | X | X | X | 6 
---|---|---|---|---|---|---|---|---|---
 7 | X | X |   |   |   | 0 | X | X | 7 
---|---|---|---|---|---|---|---|---|---
 8 | X |   |   |   | 0 | 0 | 0 | X | 8 
---|---|---|---|---|---|---|---|---|---
   | 1 | 2 | 3 | 4 | 5 | 6 | 7 | 8 |

It took 1 seconds to make this move...


Black to move
BXXXXXXXXXXOXXXXXXXOOXXXXXXXXOXXXXXOOXXXXXXEOOXXXXXEEEOXXXEEEOOOX
(6,3) Depth reached: 92, Nodes searched: 2802
   | 1 | 2 | 3 | 4 | 5 | 6 | 7 | 8 |
---|---|---|---|---|---|---|---|---|---
 1 | X | X | X | X | X | X | X | X | 1 
---|---|---|---|---|---|---|---|---|---
 2 | X | X | 0 | X | X | X | X | X | 2 
---|---|---|---|---|---|---|---|---|---
 3 | X | X | 0 | 0 | X | X | X | X | 3 
---|---|---|---|---|---|---|---|---|---
 4 | X | X | X | X | X | X | X | X | 4 
---|---|---|---|---|---|---|---|---|---
 5 | X | X | X | X | X | X | X | X | 5 
---|---|---|---|---|---|---|---|---|---
 6 | X | X | X | X | X | X | X | X | 6 
---|---|---|---|---|---|---|---|---|---
 7 | X | X |   |   |   | 0 | X | X | 7 
---|---|---|---|---|---|---|---|---|---
 8 | X |   |   |   | 0 | 0 | 0 | X | 8 
---|---|---|---|---|---|---|---|---|---
   | 1 | 2 | 3 | 4 | 5 | 6 | 7 | 8 |

It took 6 seconds to make this move...


White to move
WXXXXXXXXXXOXXXXXXXOOXXXXXXXXXXXXXXXXXXXXXXXXXXXXXXEEEOXXXEEEOOOX
(7,3)
   | 1 | 2 | 3 | 4 | 5 | 6 | 7 | 8 |
---|---|---|---|---|---|---|---|---|---
 1 | X | X | X | X | X | X | X | X | 1 
---|---|---|---|---|---|---|---|---|---
 2 | X | X | 0 | X | X | X | X | X | 2 
---|---|---|---|---|---|---|---|---|---
 3 | X | X | 0 | 0 | X | X | X | X | 3 
---|---|---|---|---|---|---|---|---|---
 4 | X | X | 0 | X | X | X | X | X | 4 
---|---|---|---|---|---|---|---|---|---
 5 | X | X | 0 | X | X | X | X | X | 5 
---|---|---|---|---|---|---|---|---|---
 6 | X | X | 0 | X | X | X | X | X | 6 
---|---|---|---|---|---|---|---|---|---
 7 | X | X | 0 |   |   | 0 | X | X | 7 
---|---|---|---|---|---|---|---|---|---
 8 | X |   |   |   | 0 | 0 | 0 | X | 8 
---|---|---|---|---|---|---|---|---|---
   | 1 | 2 | 3 | 4 | 5 | 6 | 7 | 8 |

It took 0 seconds to make this move...


Black to move
BXXXXXXXXXXOXXXXXXXOOXXXXXXOXXXXXXXOXXXXXXXOXXXXXXXOEEOXXXEEEOOOX
(8,3) Depth reached: 207, Nodes searched: 1255
   | 1 | 2 | 3 | 4 | 5 | 6 | 7 | 8 |
---|---|---|---|---|---|---|---|---|---
 1 | X | X | X | X | X | X | X | X | 1 
---|---|---|---|---|---|---|---|---|---
 2 | X | X | X | X | X | X | X | X | 2 
---|---|---|---|---|---|---|---|---|---
 3 | X | X | X | 0 | X | X | X | X | 3 
---|---|---|---|---|---|---|---|---|---
 4 | X | X | X | X | X | X | X | X | 4 
---|---|---|---|---|---|---|---|---|---
 5 | X | X | X | X | X | X | X | X | 5 
---|---|---|---|---|---|---|---|---|---
 6 | X | X | X | X | X | X | X | X | 6 
---|---|---|---|---|---|---|---|---|---
 7 | X | X | X |   |   | 0 | X | X | 7 
---|---|---|---|---|---|---|---|---|---
 8 | X |   | X |   | 0 | 0 | 0 | X | 8 
---|---|---|---|---|---|---|---|---|---
   | 1 | 2 | 3 | 4 | 5 | 6 | 7 | 8 |

It took 7 seconds to make this move...


White to move
WXXXXXXXXXXXXXXXXXXXOXXXXXXXXXXXXXXXXXXXXXXXXXXXXXXXEEOXXXEXEOOOX
(7,4)
   | 1 | 2 | 3 | 4 | 5 | 6 | 7 | 8 |
---|---|---|---|---|---|---|---|---|---
 1 | X | X | X | X | X | X | X | X | 1 
---|---|---|---|---|---|---|---|---|---
 2 | X | X | X | X | X | X | X | X | 2 
---|---|---|---|---|---|---|---|---|---
 3 | X | X | X | 0 | X | X | X | X | 3 
---|---|---|---|---|---|---|---|---|---
 4 | X | X | X | 0 | X | X | X | X | 4 
---|---|---|---|---|---|---|---|---|---
 5 | X | X | X | 0 | X | X | X | X | 5 
---|---|---|---|---|---|---|---|---|---
 6 | X | X | X | 0 | X | X | X | X | 6 
---|---|---|---|---|---|---|---|---|---
 7 | X | X | X | 0 |   | 0 | X | X | 7 
---|---|---|---|---|---|---|---|---|---
 8 | X |   | X |   | 0 | 0 | 0 | X | 8 
---|---|---|---|---|---|---|---|---|---
   | 1 | 2 | 3 | 4 | 5 | 6 | 7 | 8 |

It took 0 seconds to make this move...


Black to move
BXXXXXXXXXXXXXXXXXXXOXXXXXXXOXXXXXXXOXXXXXXXOXXXXXXXOEOXXXEXEOOOX
(8,4) Depth reached: 512, Nodes searched: 485
   | 1 | 2 | 3 | 4 | 5 | 6 | 7 | 8 |
---|---|---|---|---|---|---|---|---|---
 1 | X | X | X | X | X | X | X | X | 1 
---|---|---|---|---|---|---|---|---|---
 2 | X | X | X | X | X | X | X | X | 2 
---|---|---|---|---|---|---|---|---|---
 3 | X | X | X | X | X | X | X | X | 3 
---|---|---|---|---|---|---|---|---|---
 4 | X | X | X | X | X | X | X | X | 4 
---|---|---|---|---|---|---|---|---|---
 5 | X | X | X | X | X | X | X | X | 5 
---|---|---|---|---|---|---|---|---|---
 6 | X | X | X | X | X | X | X | X | 6 
---|---|---|---|---|---|---|---|---|---
 7 | X | X | X | X |   | 0 | X | X | 7 
---|---|---|---|---|---|---|---|---|---
 8 | X |   | X | X | X | X | X | X | 8 
---|---|---|---|---|---|---|---|---|---
   | 1 | 2 | 3 | 4 | 5 | 6 | 7 | 8 |

It took 6 seconds to make this move...


White to move
WXXXXXXXXXXXXXXXXXXXXXXXXXXXXXXXXXXXXXXXXXXXXXXXXXXXXEOXXXEXXXXXX
pass
   | 1 | 2 | 3 | 4 | 5 | 6 | 7 | 8 |
---|---|---|---|---|---|---|---|---|---
 1 | X | X | X | X | X | X | X | X | 1 
---|---|---|---|---|---|---|---|---|---
 2 | X | X | X | X | X | X | X | X | 2 
---|---|---|---|---|---|---|---|---|---
 3 | X | X | X | X | X | X | X | X | 3 
---|---|---|---|---|---|---|---|---|---
 4 | X | X | X | X | X | X | X | X | 4 
---|---|---|---|---|---|---|---|---|---
 5 | X | X | X | X | X | X | X | X | 5 
---|---|---|---|---|---|---|---|---|---
 6 | X | X | X | X | X | X | X | X | 6 
---|---|---|---|---|---|---|---|---|---
 7 | X | X | X | X |   | 0 | X | X | 7 
---|---|---|---|---|---|---|---|---|---
 8 | X |   | X | X | X | X | X | X | 8 
---|---|---|---|---|---|---|---|---|---
   | 1 | 2 | 3 | 4 | 5 | 6 | 7 | 8 |

It took 0 seconds to make this move...


Black to move
BXXXXXXXXXXXXXXXXXXXXXXXXXXXXXXXXXXXXXXXXXXXXXXXXXXXXEOXXXEXXXXXX
(7,5) Depth reached: 674, Nodes searched: 258
   | 1 | 2 | 3 | 4 | 5 | 6 | 7 | 8 |
---|---|---|---|---|---|---|---|---|---
 1 | X | X | X | X | X | X | X | X | 1 
---|---|---|---|---|---|---|---|---|---
 2 | X | X | X | X | X | X | X | X | 2 
---|---|---|---|---|---|---|---|---|---
 3 | X | X | X | X | X | X | X | X | 3 
---|---|---|---|---|---|---|---|---|---
 4 | X | X | X | X | X | X | X | X | 4 
---|---|---|---|---|---|---|---|---|---
 5 | X | X | X | X | X | X | X | X | 5 
---|---|---|---|---|---|---|---|---|---
 6 | X | X | X | X | X | X | X | X | 6 
---|---|---|---|---|---|---|---|---|---
 7 | X | X | X | X | X | X | X | X | 7 
---|---|---|---|---|---|---|---|---|---
 8 | X |   | X | X | X | X | X | X | 8 
---|---|---|---|---|---|---|---|---|---
   | 1 | 2 | 3 | 4 | 5 | 6 | 7 | 8 |

It took 7 seconds to make this move...


White to move
WXXXXXXXXXXXXXXXXXXXXXXXXXXXXXXXXXXXXXXXXXXXXXXXXXXXXXXXXXEXXXXXX
pass
   | 1 | 2 | 3 | 4 | 5 | 6 | 7 | 8 |
---|---|---|---|---|---|---|---|---|---
 1 | X | X | X | X | X | X | X | X | 1 
---|---|---|---|---|---|---|---|---|---
 2 | X | X | X | X | X | X | X | X | 2 
---|---|---|---|---|---|---|---|---|---
 3 | X | X | X | X | X | X | X | X | 3 
---|---|---|---|---|---|---|---|---|---
 4 | X | X | X | X | X | X | X | X | 4 
---|---|---|---|---|---|---|---|---|---
 5 | X | X | X | X | X | X | X | X | 5 
---|---|---|---|---|---|---|---|---|---
 6 | X | X | X | X | X | X | X | X | 6 
---|---|---|---|---|---|---|---|---|---
 7 | X | X | X | X | X | X | X | X | 7 
---|---|---|---|---|---|---|---|---|---
 8 | X |   | X | X | X | X | X | X | 8 
---|---|---|---|---|---|---|---|---|---
   | 1 | 2 | 3 | 4 | 5 | 6 | 7 | 8 |

It took 0 seconds to make this move...


Black to move
BXXXXXXXXXXXXXXXXXXXXXXXXXXXXXXXXXXXXXXXXXXXXXXXXXXXXXXXXXEXXXXXX
pass
   | 1 | 2 | 3 | 4 | 5 | 6 | 7 | 8 |
---|---|---|---|---|---|---|---|---|---
 1 | X | X | X | X | X | X | X | X | 1 
---|---|---|---|---|---|---|---|---|---
 2 | X | X | X | X | X | X | X | X | 2 
---|---|---|---|---|---|---|---|---|---
 3 | X | X | X | X | X | X | X | X | 3 
---|---|---|---|---|---|---|---|---|---
 4 | X | X | X | X | X | X | X | X | 4 
---|---|---|---|---|---|---|---|---|---
 5 | X | X | X | X | X | X | X | X | 5 
---|---|---|---|---|---|---|---|---|---
 6 | X | X | X | X | X | X | X | X | 6 
---|---|---|---|---|---|---|---|---|---
 7 | X | X | X | X | X | X | X | X | 7 
---|---|---|---|---|---|---|---|---|---
 8 | X |   | X | X | X | X | X | X | 8 
---|---|---|---|---|---|---|---|---|---
   | 1 | 2 | 3 | 4 | 5 | 6 | 7 | 8 |

It took 6 seconds to make this move...
***************************************
Results for ./othello_naive.sh vs. ../Python/othello.sh:
Black won with 63 points
Average time for white: 0.1 s (max: 1 s)
Average time for black: 6.3 s (max: 7 s)
***************************************
