   | 1 | 2 | 3 | 4 | 5 | 6 | 7 | 8 |
---|---|---|---|---|---|---|---|---|---
 1 |   |   |   |   |   |   |   |   | 1 
---|---|---|---|---|---|---|---|---|---
 2 |   |   |   |   |   |   |   |   | 2 
---|---|---|---|---|---|---|---|---|---
 3 |   |   |   |   |   |   |   |   | 3 
---|---|---|---|---|---|---|---|---|---
 4 |   |   |   | 0 | X |   |   |   | 4 
---|---|---|---|---|---|---|---|---|---
 5 |   |   |   | X | 0 |   |   |   | 5 
---|---|---|---|---|---|---|---|---|---
 6 |   |   |   |   |   |   |   |   | 6 
---|---|---|---|---|---|---|---|---|---
 7 |   |   |   |   |   |   |   |   | 7 
---|---|---|---|---|---|---|---|---|---
 8 |   |   |   |   |   |   |   |   | 8 
---|---|---|---|---|---|---|---|---|---
   | 1 | 2 | 3 | 4 | 5 | 6 | 7 | 8 |



White to move
WEEEEEEEEEEEEEEEEEEEEEEEEEEEOXEEEEEEXOEEEEEEEEEEEEEEEEEEEEEEEEEEE
(3,5)
   | 1 | 2 | 3 | 4 | 5 | 6 | 7 | 8 |
---|---|---|---|---|---|---|---|---|---
 1 |   |   |   |   |   |   |   |   | 1 
---|---|---|---|---|---|---|---|---|---
 2 |   |   |   |   |   |   |   |   | 2 
---|---|---|---|---|---|---|---|---|---
 3 |   |   |   |   | 0 |   |   |   | 3 
---|---|---|---|---|---|---|---|---|---
 4 |   |   |   | 0 | 0 |   |   |   | 4 
---|---|---|---|---|---|---|---|---|---
 5 |   |   |   | X | 0 |   |   |   | 5 
---|---|---|---|---|---|---|---|---|---
 6 |   |   |   |   |   |   |   |   | 6 
---|---|---|---|---|---|---|---|---|---
 7 |   |   |   |   |   |   |   |   | 7 
---|---|---|---|---|---|---|---|---|---
 8 |   |   |   |   |   |   |   |   | 8 
---|---|---|---|---|---|---|---|---|---
   | 1 | 2 | 3 | 4 | 5 | 6 | 7 | 8 |

It took 0 seconds to make this move...


Black to move
BEEEEEEEEEEEEEEEEEEEEOEEEEEEOOEEEEEEXOEEEEEEEEEEEEEEEEEEEEEEEEEEE
(3,6) Depth reached: 7, Nodes searched: 9948
   | 1 | 2 | 3 | 4 | 5 | 6 | 7 | 8 |
---|---|---|---|---|---|---|---|---|---
 1 |   |   |   |   |   |   |   |   | 1 
---|---|---|---|---|---|---|---|---|---
 2 |   |   |   |   |   |   |   |   | 2 
---|---|---|---|---|---|---|---|---|---
 3 |   |   |   |   | 0 | X |   |   | 3 
---|---|---|---|---|---|---|---|---|---
 4 |   |   |   | 0 | X |   |   |   | 4 
---|---|---|---|---|---|---|---|---|---
 5 |   |   |   | X | 0 |   |   |   | 5 
---|---|---|---|---|---|---|---|---|---
 6 |   |   |   |   |   |   |   |   | 6 
---|---|---|---|---|---|---|---|---|---
 7 |   |   |   |   |   |   |   |   | 7 
---|---|---|---|---|---|---|---|---|---
 8 |   |   |   |   |   |   |   |   | 8 
---|---|---|---|---|---|---|---|---|---
   | 1 | 2 | 3 | 4 | 5 | 6 | 7 | 8 |

It took 8 seconds to make this move...


White to move
WEEEEEEEEEEEEEEEEEEEEOXEEEEEOXEEEEEEXOEEEEEEEEEEEEEEEEEEEEEEEEEEE
(5,3)
   | 1 | 2 | 3 | 4 | 5 | 6 | 7 | 8 |
---|---|---|---|---|---|---|---|---|---
 1 |   |   |   |   |   |   |   |   | 1 
---|---|---|---|---|---|---|---|---|---
 2 |   |   |   |   |   |   |   |   | 2 
---|---|---|---|---|---|---|---|---|---
 3 |   |   |   |   | 0 | X |   |   | 3 
---|---|---|---|---|---|---|---|---|---
 4 |   |   |   | 0 | X |   |   |   | 4 
---|---|---|---|---|---|---|---|---|---
 5 |   |   | 0 | 0 | 0 |   |   |   | 5 
---|---|---|---|---|---|---|---|---|---
 6 |   |   |   |   |   |   |   |   | 6 
---|---|---|---|---|---|---|---|---|---
 7 |   |   |   |   |   |   |   |   | 7 
---|---|---|---|---|---|---|---|---|---
 8 |   |   |   |   |   |   |   |   | 8 
---|---|---|---|---|---|---|---|---|---
   | 1 | 2 | 3 | 4 | 5 | 6 | 7 | 8 |

It took 0 seconds to make this move...


Black to move
BEEEEEEEEEEEEEEEEEEEEOXEEEEEOXEEEEEOOOEEEEEEEEEEEEEEEEEEEEEEEEEEE
(3,4) Depth reached: 7, Nodes searched: 8301
   | 1 | 2 | 3 | 4 | 5 | 6 | 7 | 8 |
---|---|---|---|---|---|---|---|---|---
 1 |   |   |   |   |   |   |   |   | 1 
---|---|---|---|---|---|---|---|---|---
 2 |   |   |   |   |   |   |   |   | 2 
---|---|---|---|---|---|---|---|---|---
 3 |   |   |   | X | X | X |   |   | 3 
---|---|---|---|---|---|---|---|---|---
 4 |   |   |   | 0 | X |   |   |   | 4 
---|---|---|---|---|---|---|---|---|---
 5 |   |   | 0 | 0 | 0 |   |   |   | 5 
---|---|---|---|---|---|---|---|---|---
 6 |   |   |   |   |   |   |   |   | 6 
---|---|---|---|---|---|---|---|---|---
 7 |   |   |   |   |   |   |   |   | 7 
---|---|---|---|---|---|---|---|---|---
 8 |   |   |   |   |   |   |   |   | 8 
---|---|---|---|---|---|---|---|---|---
   | 1 | 2 | 3 | 4 | 5 | 6 | 7 | 8 |

It took 8 seconds to make this move...


White to move
WEEEEEEEEEEEEEEEEEEEXXXEEEEEOXEEEEEOOOEEEEEEEEEEEEEEEEEEEEEEEEEEE
(2,4)
   | 1 | 2 | 3 | 4 | 5 | 6 | 7 | 8 |
---|---|---|---|---|---|---|---|---|---
 1 |   |   |   |   |   |   |   |   | 1 
---|---|---|---|---|---|---|---|---|---
 2 |   |   |   | 0 |   |   |   |   | 2 
---|---|---|---|---|---|---|---|---|---
 3 |   |   |   | 0 | X | X |   |   | 3 
---|---|---|---|---|---|---|---|---|---
 4 |   |   |   | 0 | X |   |   |   | 4 
---|---|---|---|---|---|---|---|---|---
 5 |   |   | 0 | 0 | 0 |   |   |   | 5 
---|---|---|---|---|---|---|---|---|---
 6 |   |   |   |   |   |   |   |   | 6 
---|---|---|---|---|---|---|---|---|---
 7 |   |   |   |   |   |   |   |   | 7 
---|---|---|---|---|---|---|---|---|---
 8 |   |   |   |   |   |   |   |   | 8 
---|---|---|---|---|---|---|---|---|---
   | 1 | 2 | 3 | 4 | 5 | 6 | 7 | 8 |

It took 0 seconds to make this move...


Black to move
BEEEEEEEEEEEOEEEEEEEOXXEEEEEOXEEEEEOOOEEEEEEEEEEEEEEEEEEEEEEEEEEE
(6,2) Depth reached: 6, Nodes searched: 10807
   | 1 | 2 | 3 | 4 | 5 | 6 | 7 | 8 |
---|---|---|---|---|---|---|---|---|---
 1 |   |   |   |   |   |   |   |   | 1 
---|---|---|---|---|---|---|---|---|---
 2 |   |   |   | 0 |   |   |   |   | 2 
---|---|---|---|---|---|---|---|---|---
 3 |   |   |   | 0 | X | X |   |   | 3 
---|---|---|---|---|---|---|---|---|---
 4 |   |   |   | X | X |   |   |   | 4 
---|---|---|---|---|---|---|---|---|---
 5 |   |   | X | 0 | 0 |   |   |   | 5 
---|---|---|---|---|---|---|---|---|---
 6 |   | X |   |   |   |   |   |   | 6 
---|---|---|---|---|---|---|---|---|---
 7 |   |   |   |   |   |   |   |   | 7 
---|---|---|---|---|---|---|---|---|---
 8 |   |   |   |   |   |   |   |   | 8 
---|---|---|---|---|---|---|---|---|---
   | 1 | 2 | 3 | 4 | 5 | 6 | 7 | 8 |

It took 8 seconds to make this move...


White to move
WEEEEEEEEEEEOEEEEEEEOXXEEEEEXXEEEEEXOOEEEEXEEEEEEEEEEEEEEEEEEEEEE
(2,7)
   | 1 | 2 | 3 | 4 | 5 | 6 | 7 | 8 |
---|---|---|---|---|---|---|---|---|---
 1 |   |   |   |   |   |   |   |   | 1 
---|---|---|---|---|---|---|---|---|---
 2 |   |   |   | 0 |   |   | 0 |   | 2 
---|---|---|---|---|---|---|---|---|---
 3 |   |   |   | 0 | X | 0 |   |   | 3 
---|---|---|---|---|---|---|---|---|---
 4 |   |   |   | X | 0 |   |   |   | 4 
---|---|---|---|---|---|---|---|---|---
 5 |   |   | X | 0 | 0 |   |   |   | 5 
---|---|---|---|---|---|---|---|---|---
 6 |   | X |   |   |   |   |   |   | 6 
---|---|---|---|---|---|---|---|---|---
 7 |   |   |   |   |   |   |   |   | 7 
---|---|---|---|---|---|---|---|---|---
 8 |   |   |   |   |   |   |   |   | 8 
---|---|---|---|---|---|---|---|---|---
   | 1 | 2 | 3 | 4 | 5 | 6 | 7 | 8 |

It took 1 seconds to make this move...


Black to move
BEEEEEEEEEEEOEEOEEEEOXOEEEEEXOEEEEEXOOEEEEXEEEEEEEEEEEEEEEEEEEEEE
(6,5) Depth reached: 6, Nodes searched: 5537
   | 1 | 2 | 3 | 4 | 5 | 6 | 7 | 8 |
---|---|---|---|---|---|---|---|---|---
 1 |   |   |   |   |   |   |   |   | 1 
---|---|---|---|---|---|---|---|---|---
 2 |   |   |   | 0 |   |   | 0 |   | 2 
---|---|---|---|---|---|---|---|---|---
 3 |   |   |   | 0 | X | 0 |   |   | 3 
---|---|---|---|---|---|---|---|---|---
 4 |   |   |   | X | X |   |   |   | 4 
---|---|---|---|---|---|---|---|---|---
 5 |   |   | X | 0 | X |   |   |   | 5 
---|---|---|---|---|---|---|---|---|---
 6 |   | X |   |   | X |   |   |   | 6 
---|---|---|---|---|---|---|---|---|---
 7 |   |   |   |   |   |   |   |   | 7 
---|---|---|---|---|---|---|---|---|---
 8 |   |   |   |   |   |   |   |   | 8 
---|---|---|---|---|---|---|---|---|---
   | 1 | 2 | 3 | 4 | 5 | 6 | 7 | 8 |

It took 8 seconds to make this move...


White to move
WEEEEEEEEEEEOEEOEEEEOXOEEEEEXXEEEEEXOXEEEEXEEXEEEEEEEEEEEEEEEEEEE
(4,6)
   | 1 | 2 | 3 | 4 | 5 | 6 | 7 | 8 |
---|---|---|---|---|---|---|---|---|---
 1 |   |   |   |   |   |   |   |   | 1 
---|---|---|---|---|---|---|---|---|---
 2 |   |   |   | 0 |   |   | 0 |   | 2 
---|---|---|---|---|---|---|---|---|---
 3 |   |   |   | 0 | 0 | 0 |   |   | 3 
---|---|---|---|---|---|---|---|---|---
 4 |   |   |   | X | X | 0 |   |   | 4 
---|---|---|---|---|---|---|---|---|---
 5 |   |   | X | 0 | X |   |   |   | 5 
---|---|---|---|---|---|---|---|---|---
 6 |   | X |   |   | X |   |   |   | 6 
---|---|---|---|---|---|---|---|---|---
 7 |   |   |   |   |   |   |   |   | 7 
---|---|---|---|---|---|---|---|---|---
 8 |   |   |   |   |   |   |   |   | 8 
---|---|---|---|---|---|---|---|---|---
   | 1 | 2 | 3 | 4 | 5 | 6 | 7 | 8 |

It took 0 seconds to make this move...


Black to move
BEEEEEEEEEEEOEEOEEEEOOOEEEEEXXOEEEEXOXEEEEXEEXEEEEEEEEEEEEEEEEEEE
(1,8) Depth reached: 6, Nodes searched: 5938
   | 1 | 2 | 3 | 4 | 5 | 6 | 7 | 8 |
---|---|---|---|---|---|---|---|---|---
 1 |   |   |   |   |   |   |   | X | 1 
---|---|---|---|---|---|---|---|---|---
 2 |   |   |   | 0 |   |   | X |   | 2 
---|---|---|---|---|---|---|---|---|---
 3 |   |   |   | 0 | 0 | X |   |   | 3 
---|---|---|---|---|---|---|---|---|---
 4 |   |   |   | X | X | 0 |   |   | 4 
---|---|---|---|---|---|---|---|---|---
 5 |   |   | X | 0 | X |   |   |   | 5 
---|---|---|---|---|---|---|---|---|---
 6 |   | X |   |   | X |   |   |   | 6 
---|---|---|---|---|---|---|---|---|---
 7 |   |   |   |   |   |   |   |   | 7 
---|---|---|---|---|---|---|---|---|---
 8 |   |   |   |   |   |   |   |   | 8 
---|---|---|---|---|---|---|---|---|---
   | 1 | 2 | 3 | 4 | 5 | 6 | 7 | 8 |

It took 8 seconds to make this move...


White to move
WEEEEEEEXEEEOEEXEEEEOOXEEEEEXXOEEEEXOXEEEEXEEXEEEEEEEEEEEEEEEEEEE
(7,1)
   | 1 | 2 | 3 | 4 | 5 | 6 | 7 | 8 |
---|---|---|---|---|---|---|---|---|---
 1 |   |   |   |   |   |   |   | X | 1 
---|---|---|---|---|---|---|---|---|---
 2 |   |   |   | 0 |   |   | X |   | 2 
---|---|---|---|---|---|---|---|---|---
 3 |   |   |   | 0 | 0 | X |   |   | 3 
---|---|---|---|---|---|---|---|---|---
 4 |   |   |   | 0 | X | 0 |   |   | 4 
---|---|---|---|---|---|---|---|---|---
 5 |   |   | 0 | 0 | X |   |   |   | 5 
---|---|---|---|---|---|---|---|---|---
 6 |   | 0 |   |   | X |   |   |   | 6 
---|---|---|---|---|---|---|---|---|---
 7 | 0 |   |   |   |   |   |   |   | 7 
---|---|---|---|---|---|---|---|---|---
 8 |   |   |   |   |   |   |   |   | 8 
---|---|---|---|---|---|---|---|---|---
   | 1 | 2 | 3 | 4 | 5 | 6 | 7 | 8 |

It took 0 seconds to make this move...


Black to move
BEEEEEEEXEEEOEEXEEEEOOXEEEEEOXOEEEEOOXEEEEOEEXEEEOEEEEEEEEEEEEEEE
(5,2) Depth reached: 6, Nodes searched: 1933
   | 1 | 2 | 3 | 4 | 5 | 6 | 7 | 8 |
---|---|---|---|---|---|---|---|---|---
 1 |   |   |   |   |   |   |   | X | 1 
---|---|---|---|---|---|---|---|---|---
 2 |   |   |   | 0 |   |   | X |   | 2 
---|---|---|---|---|---|---|---|---|---
 3 |   |   |   | 0 | 0 | X |   |   | 3 
---|---|---|---|---|---|---|---|---|---
 4 |   |   |   | 0 | X | 0 |   |   | 4 
---|---|---|---|---|---|---|---|---|---
 5 |   | X | X | X | X |   |   |   | 5 
---|---|---|---|---|---|---|---|---|---
 6 |   | 0 |   |   | X |   |   |   | 6 
---|---|---|---|---|---|---|---|---|---
 7 | 0 |   |   |   |   |   |   |   | 7 
---|---|---|---|---|---|---|---|---|---
 8 |   |   |   |   |   |   |   |   | 8 
---|---|---|---|---|---|---|---|---|---
   | 1 | 2 | 3 | 4 | 5 | 6 | 7 | 8 |

It took 8 seconds to make this move...


White to move
WEEEEEEEXEEEOEEXEEEEOOXEEEEEOXOEEEXXXXEEEEOEEXEEEOEEEEEEEEEEEEEEE
(6,4)
   | 1 | 2 | 3 | 4 | 5 | 6 | 7 | 8 |
---|---|---|---|---|---|---|---|---|---
 1 |   |   |   |   |   |   |   | X | 1 
---|---|---|---|---|---|---|---|---|---
 2 |   |   |   | 0 |   |   | X |   | 2 
---|---|---|---|---|---|---|---|---|---
 3 |   |   |   | 0 | 0 | X |   |   | 3 
---|---|---|---|---|---|---|---|---|---
 4 |   |   |   | 0 | X | 0 |   |   | 4 
---|---|---|---|---|---|---|---|---|---
 5 |   | X | X | 0 | 0 |   |   |   | 5 
---|---|---|---|---|---|---|---|---|---
 6 |   | 0 |   | 0 | X |   |   |   | 6 
---|---|---|---|---|---|---|---|---|---
 7 | 0 |   |   |   |   |   |   |   | 7 
---|---|---|---|---|---|---|---|---|---
 8 |   |   |   |   |   |   |   |   | 8 
---|---|---|---|---|---|---|---|---|---
   | 1 | 2 | 3 | 4 | 5 | 6 | 7 | 8 |

It took 0 seconds to make this move...


Black to move
BEEEEEEEXEEEOEEXEEEEOOXEEEEEOXOEEEXXOOEEEEOEOXEEEOEEEEEEEEEEEEEEE
(5,6) Depth reached: 5, Nodes searched: 10667
   | 1 | 2 | 3 | 4 | 5 | 6 | 7 | 8 |
---|---|---|---|---|---|---|---|---|---
 1 |   |   |   |   |   |   |   | X | 1 
---|---|---|---|---|---|---|---|---|---
 2 |   |   |   | 0 |   |   | X |   | 2 
---|---|---|---|---|---|---|---|---|---
 3 |   |   |   | 0 | 0 | X |   |   | 3 
---|---|---|---|---|---|---|---|---|---
 4 |   |   |   | 0 | X | X |   |   | 4 
---|---|---|---|---|---|---|---|---|---
 5 |   | X | X | X | X | X |   |   | 5 
---|---|---|---|---|---|---|---|---|---
 6 |   | 0 |   | 0 | X |   |   |   | 6 
---|---|---|---|---|---|---|---|---|---
 7 | 0 |   |   |   |   |   |   |   | 7 
---|---|---|---|---|---|---|---|---|---
 8 |   |   |   |   |   |   |   |   | 8 
---|---|---|---|---|---|---|---|---|---
   | 1 | 2 | 3 | 4 | 5 | 6 | 7 | 8 |

It took 9 seconds to make this move...


White to move
WEEEEEEEXEEEOEEXEEEEOOXEEEEEOXXEEEXXXXXEEEOEOXEEEOEEEEEEEEEEEEEEE
(3,7)
   | 1 | 2 | 3 | 4 | 5 | 6 | 7 | 8 |
---|---|---|---|---|---|---|---|---|---
 1 |   |   |   |   |   |   |   | X | 1 
---|---|---|---|---|---|---|---|---|---
 2 |   |   |   | 0 |   |   | X |   | 2 
---|---|---|---|---|---|---|---|---|---
 3 |   |   |   | 0 | 0 | 0 | 0 |   | 3 
---|---|---|---|---|---|---|---|---|---
 4 |   |   |   | 0 | X | 0 |   |   | 4 
---|---|---|---|---|---|---|---|---|---
 5 |   | X | X | X | 0 | X |   |   | 5 
---|---|---|---|---|---|---|---|---|---
 6 |   | 0 |   | 0 | X |   |   |   | 6 
---|---|---|---|---|---|---|---|---|---
 7 | 0 |   |   |   |   |   |   |   | 7 
---|---|---|---|---|---|---|---|---|---
 8 |   |   |   |   |   |   |   |   | 8 
---|---|---|---|---|---|---|---|---|---
   | 1 | 2 | 3 | 4 | 5 | 6 | 7 | 8 |

It took 0 seconds to make this move...


Black to move
BEEEEEEEXEEEOEEXEEEEOOOOEEEEOXOEEEXXXOXEEEOEOXEEEOEEEEEEEEEEEEEEE
(2,6) Depth reached: 5, Nodes searched: 12603
   | 1 | 2 | 3 | 4 | 5 | 6 | 7 | 8 |
---|---|---|---|---|---|---|---|---|---
 1 |   |   |   |   |   |   |   | X | 1 
---|---|---|---|---|---|---|---|---|---
 2 |   |   |   | 0 |   | X | X |   | 2 
---|---|---|---|---|---|---|---|---|---
 3 |   |   |   | 0 | X | X | 0 |   | 3 
---|---|---|---|---|---|---|---|---|---
 4 |   |   |   | X | X | X |   |   | 4 
---|---|---|---|---|---|---|---|---|---
 5 |   | X | X | X | 0 | X |   |   | 5 
---|---|---|---|---|---|---|---|---|---
 6 |   | 0 |   | 0 | X |   |   |   | 6 
---|---|---|---|---|---|---|---|---|---
 7 | 0 |   |   |   |   |   |   |   | 7 
---|---|---|---|---|---|---|---|---|---
 8 |   |   |   |   |   |   |   |   | 8 
---|---|---|---|---|---|---|---|---|---
   | 1 | 2 | 3 | 4 | 5 | 6 | 7 | 8 |

It took 8 seconds to make this move...


White to move
WEEEEEEEXEEEOEXXEEEEOXXOEEEEXXXEEEXXXOXEEEOEOXEEEOEEEEEEEEEEEEEEE
(1,5)
   | 1 | 2 | 3 | 4 | 5 | 6 | 7 | 8 |
---|---|---|---|---|---|---|---|---|---
 1 |   |   |   |   | 0 |   |   | X | 1 
---|---|---|---|---|---|---|---|---|---
 2 |   |   |   | 0 |   | 0 | X |   | 2 
---|---|---|---|---|---|---|---|---|---
 3 |   |   |   | 0 | X | X | 0 |   | 3 
---|---|---|---|---|---|---|---|---|---
 4 |   |   |   | X | X | X |   |   | 4 
---|---|---|---|---|---|---|---|---|---
 5 |   | X | X | X | 0 | X |   |   | 5 
---|---|---|---|---|---|---|---|---|---
 6 |   | 0 |   | 0 | X |   |   |   | 6 
---|---|---|---|---|---|---|---|---|---
 7 | 0 |   |   |   |   |   |   |   | 7 
---|---|---|---|---|---|---|---|---|---
 8 |   |   |   |   |   |   |   |   | 8 
---|---|---|---|---|---|---|---|---|---
   | 1 | 2 | 3 | 4 | 5 | 6 | 7 | 8 |

It took 0 seconds to make this move...


Black to move
BEEEEOEEXEEEOEOXEEEEOXXOEEEEXXXEEEXXXOXEEEOEOXEEEOEEEEEEEEEEEEEEE
(6,6) Depth reached: 5, Nodes searched: 7376
   | 1 | 2 | 3 | 4 | 5 | 6 | 7 | 8 |
---|---|---|---|---|---|---|---|---|---
 1 |   |   |   |   | 0 |   |   | X | 1 
---|---|---|---|---|---|---|---|---|---
 2 |   |   |   | 0 |   | 0 | X |   | 2 
---|---|---|---|---|---|---|---|---|---
 3 |   |   |   | 0 | X | X | 0 |   | 3 
---|---|---|---|---|---|---|---|---|---
 4 |   |   |   | X | X | X |   |   | 4 
---|---|---|---|---|---|---|---|---|---
 5 |   | X | X | X | X | X |   |   | 5 
---|---|---|---|---|---|---|---|---|---
 6 |   | 0 |   | 0 | X | X |   |   | 6 
---|---|---|---|---|---|---|---|---|---
 7 | 0 |   |   |   |   |   |   |   | 7 
---|---|---|---|---|---|---|---|---|---
 8 |   |   |   |   |   |   |   |   | 8 
---|---|---|---|---|---|---|---|---|---
   | 1 | 2 | 3 | 4 | 5 | 6 | 7 | 8 |

It took 8 seconds to make this move...


White to move
WEEEEOEEXEEEOEOXEEEEOXXOEEEEXXXEEEXXXXXEEEOEOXXEEOEEEEEEEEEEEEEEE
(6,7)
   | 1 | 2 | 3 | 4 | 5 | 6 | 7 | 8 |
---|---|---|---|---|---|---|---|---|---
 1 |   |   |   |   | 0 |   |   | X | 1 
---|---|---|---|---|---|---|---|---|---
 2 |   |   |   | 0 |   | 0 | X |   | 2 
---|---|---|---|---|---|---|---|---|---
 3 |   |   |   | 0 | X | X | 0 |   | 3 
---|---|---|---|---|---|---|---|---|---
 4 |   |   |   | X | 0 | X |   |   | 4 
---|---|---|---|---|---|---|---|---|---
 5 |   | X | X | X | X | 0 |   |   | 5 
---|---|---|---|---|---|---|---|---|---
 6 |   | 0 |   | 0 | 0 | 0 | 0 |   | 6 
---|---|---|---|---|---|---|---|---|---
 7 | 0 |   |   |   |   |   |   |   | 7 
---|---|---|---|---|---|---|---|---|---
 8 |   |   |   |   |   |   |   |   | 8 
---|---|---|---|---|---|---|---|---|---
   | 1 | 2 | 3 | 4 | 5 | 6 | 7 | 8 |

It took 0 seconds to make this move...


Black to move
BEEEEOEEXEEEOEOXEEEEOXXOEEEEXOXEEEXXXXOEEEOEOOOOEOEEEEEEEEEEEEEEE
(1,6) Depth reached: 5, Nodes searched: 8420
   | 1 | 2 | 3 | 4 | 5 | 6 | 7 | 8 |
---|---|---|---|---|---|---|---|---|---
 1 |   |   |   |   | 0 | X |   | X | 1 
---|---|---|---|---|---|---|---|---|---
 2 |   |   |   | 0 |   | X | X |   | 2 
---|---|---|---|---|---|---|---|---|---
 3 |   |   |   | 0 | X | X | 0 |   | 3 
---|---|---|---|---|---|---|---|---|---
 4 |   |   |   | X | 0 | X |   |   | 4 
---|---|---|---|---|---|---|---|---|---
 5 |   | X | X | X | X | 0 |   |   | 5 
---|---|---|---|---|---|---|---|---|---
 6 |   | 0 |   | 0 | 0 | 0 | 0 |   | 6 
---|---|---|---|---|---|---|---|---|---
 7 | 0 |   |   |   |   |   |   |   | 7 
---|---|---|---|---|---|---|---|---|---
 8 |   |   |   |   |   |   |   |   | 8 
---|---|---|---|---|---|---|---|---|---
   | 1 | 2 | 3 | 4 | 5 | 6 | 7 | 8 |

It took 8 seconds to make this move...


White to move
WEEEEOXEXEEEOEXXEEEEOXXOEEEEXOXEEEXXXXOEEEOEOOOOEOEEEEEEEEEEEEEEE
(3,3)
   | 1 | 2 | 3 | 4 | 5 | 6 | 7 | 8 |
---|---|---|---|---|---|---|---|---|---
 1 |   |   |   |   | 0 | X |   | X | 1 
---|---|---|---|---|---|---|---|---|---
 2 |   |   |   | 0 |   | X | X |   | 2 
---|---|---|---|---|---|---|---|---|---
 3 |   |   | 0 | 0 | X | X | 0 |   | 3 
---|---|---|---|---|---|---|---|---|---
 4 |   |   |   | 0 | 0 | X |   |   | 4 
---|---|---|---|---|---|---|---|---|---
 5 |   | X | X | X | 0 | 0 |   |   | 5 
---|---|---|---|---|---|---|---|---|---
 6 |   | 0 |   | 0 | 0 | 0 | 0 |   | 6 
---|---|---|---|---|---|---|---|---|---
 7 | 0 |   |   |   |   |   |   |   | 7 
---|---|---|---|---|---|---|---|---|---
 8 |   |   |   |   |   |   |   |   | 8 
---|---|---|---|---|---|---|---|---|---
   | 1 | 2 | 3 | 4 | 5 | 6 | 7 | 8 |

It took 1 seconds to make this move...


Black to move
BEEEEOXEXEEEOEXXEEEOOXXOEEEEOOXEEEXXXOOEEEOEOOOOEOEEEEEEEEEEEEEEE
(4,3) Depth reached: 5, Nodes searched: 8813
   | 1 | 2 | 3 | 4 | 5 | 6 | 7 | 8 |
---|---|---|---|---|---|---|---|---|---
 1 |   |   |   |   | 0 | X |   | X | 1 
---|---|---|---|---|---|---|---|---|---
 2 |   |   |   | 0 |   | X | X |   | 2 
---|---|---|---|---|---|---|---|---|---
 3 |   |   | 0 | 0 | X | X | 0 |   | 3 
---|---|---|---|---|---|---|---|---|---
 4 |   |   | X | X | X | X |   |   | 4 
---|---|---|---|---|---|---|---|---|---
 5 |   | X | X | X | 0 | 0 |   |   | 5 
---|---|---|---|---|---|---|---|---|---
 6 |   | 0 |   | 0 | 0 | 0 | 0 |   | 6 
---|---|---|---|---|---|---|---|---|---
 7 | 0 |   |   |   |   |   |   |   | 7 
---|---|---|---|---|---|---|---|---|---
 8 |   |   |   |   |   |   |   |   | 8 
---|---|---|---|---|---|---|---|---|---
   | 1 | 2 | 3 | 4 | 5 | 6 | 7 | 8 |

It took 8 seconds to make this move...


White to move
WEEEEOXEXEEEOEXXEEEOOXXOEEEXXXXEEEXXXOOEEEOEOOOOEOEEEEEEEEEEEEEEE
(6,1)
   | 1 | 2 | 3 | 4 | 5 | 6 | 7 | 8 |
---|---|---|---|---|---|---|---|---|---
 1 |   |   |   |   | 0 | X |   | X | 1 
---|---|---|---|---|---|---|---|---|---
 2 |   |   |   | 0 |   | X | X |   | 2 
---|---|---|---|---|---|---|---|---|---
 3 |   |   | 0 | 0 | X | X | 0 |   | 3 
---|---|---|---|---|---|---|---|---|---
 4 |   |   | 0 | X | X | X |   |   | 4 
---|---|---|---|---|---|---|---|---|---
 5 |   | 0 | X | X | 0 | 0 |   |   | 5 
---|---|---|---|---|---|---|---|---|---
 6 | 0 | 0 |   | 0 | 0 | 0 | 0 |   | 6 
---|---|---|---|---|---|---|---|---|---
 7 | 0 |   |   |   |   |   |   |   | 7 
---|---|---|---|---|---|---|---|---|---
 8 |   |   |   |   |   |   |   |   | 8 
---|---|---|---|---|---|---|---|---|---
   | 1 | 2 | 3 | 4 | 5 | 6 | 7 | 8 |

It took 0 seconds to make this move...


Black to move
BEEEEOXEXEEEOEXXEEEOOXXOEEEOXXXEEEOXXOOEEOOEOOOOEOEEEEEEEEEEEEEEE
(2,8) Depth reached: 4, Nodes searched: 15159
   | 1 | 2 | 3 | 4 | 5 | 6 | 7 | 8 |
---|---|---|---|---|---|---|---|---|---
 1 |   |   |   |   | 0 | X |   | X | 1 
---|---|---|---|---|---|---|---|---|---
 2 |   |   |   | 0 |   | X | X | X | 2 
---|---|---|---|---|---|---|---|---|---
 3 |   |   | 0 | 0 | X | X | X |   | 3 
---|---|---|---|---|---|---|---|---|---
 4 |   |   | 0 | X | X | X |   |   | 4 
---|---|---|---|---|---|---|---|---|---
 5 |   | 0 | X | X | 0 | 0 |   |   | 5 
---|---|---|---|---|---|---|---|---|---
 6 | 0 | 0 |   | 0 | 0 | 0 | 0 |   | 6 
---|---|---|---|---|---|---|---|---|---
 7 | 0 |   |   |   |   |   |   |   | 7 
---|---|---|---|---|---|---|---|---|---
 8 |   |   |   |   |   |   |   |   | 8 
---|---|---|---|---|---|---|---|---|---
   | 1 | 2 | 3 | 4 | 5 | 6 | 7 | 8 |

It took 9 seconds to make this move...


White to move
WEEEEOXEXEEEOEXXXEEOOXXXEEEOXXXEEEOXXOOEEOOEOOOOEOEEEEEEEEEEEEEEE
(4,7)
   | 1 | 2 | 3 | 4 | 5 | 6 | 7 | 8 |
---|---|---|---|---|---|---|---|---|---
 1 |   |   |   |   | 0 | X |   | X | 1 
---|---|---|---|---|---|---|---|---|---
 2 |   |   |   | 0 |   | X | X | X | 2 
---|---|---|---|---|---|---|---|---|---
 3 |   |   | 0 | 0 | X | X | X |   | 3 
---|---|---|---|---|---|---|---|---|---
 4 |   |   | 0 | 0 | 0 | 0 | 0 |   | 4 
---|---|---|---|---|---|---|---|---|---
 5 |   | 0 | X | X | 0 | 0 |   |   | 5 
---|---|---|---|---|---|---|---|---|---
 6 | 0 | 0 |   | 0 | 0 | 0 | 0 |   | 6 
---|---|---|---|---|---|---|---|---|---
 7 | 0 |   |   |   |   |   |   |   | 7 
---|---|---|---|---|---|---|---|---|---
 8 |   |   |   |   |   |   |   |   | 8 
---|---|---|---|---|---|---|---|---|---
   | 1 | 2 | 3 | 4 | 5 | 6 | 7 | 8 |

It took 0 seconds to make this move...


Black to move
BEEEEOXEXEEEOEXXXEEOOXXXEEEOOOOOEEOXXOOEEOOEOOOOEOEEEEEEEEEEEEEEE
(1,4) Depth reached: 5, Nodes searched: 11599
   | 1 | 2 | 3 | 4 | 5 | 6 | 7 | 8 |
---|---|---|---|---|---|---|---|---|---
 1 |   |   |   | X | X | X |   | X | 1 
---|---|---|---|---|---|---|---|---|---
 2 |   |   |   | X |   | X | X | X | 2 
---|---|---|---|---|---|---|---|---|---
 3 |   |   | 0 | X | X | X | X |   | 3 
---|---|---|---|---|---|---|---|---|---
 4 |   |   | 0 | X | 0 | 0 | 0 |   | 4 
---|---|---|---|---|---|---|---|---|---
 5 |   | 0 | X | X | 0 | 0 |   |   | 5 
---|---|---|---|---|---|---|---|---|---
 6 | 0 | 0 |   | 0 | 0 | 0 | 0 |   | 6 
---|---|---|---|---|---|---|---|---|---
 7 | 0 |   |   |   |   |   |   |   | 7 
---|---|---|---|---|---|---|---|---|---
 8 |   |   |   |   |   |   |   |   | 8 
---|---|---|---|---|---|---|---|---|---
   | 1 | 2 | 3 | 4 | 5 | 6 | 7 | 8 |

It took 8 seconds to make this move...


White to move
WEEEXXXEXEEEXEXXXEEOXXXXEEEOXOOOEEOXXOOEEOOEOOOOEOEEEEEEEEEEEEEEE
(1,7)
   | 1 | 2 | 3 | 4 | 5 | 6 | 7 | 8 |
---|---|---|---|---|---|---|---|---|---
 1 |   |   |   | X | X | X | 0 | X | 1 
---|---|---|---|---|---|---|---|---|---
 2 |   |   |   | X |   | 0 | 0 | X | 2 
---|---|---|---|---|---|---|---|---|---
 3 |   |   | 0 | X | 0 | X | 0 |   | 3 
---|---|---|---|---|---|---|---|---|---
 4 |   |   | 0 | 0 | 0 | 0 | 0 |   | 4 
---|---|---|---|---|---|---|---|---|---
 5 |   | 0 | 0 | X | 0 | 0 |   |   | 5 
---|---|---|---|---|---|---|---|---|---
 6 | 0 | 0 |   | 0 | 0 | 0 | 0 |   | 6 
---|---|---|---|---|---|---|---|---|---
 7 | 0 |   |   |   |   |   |   |   | 7 
---|---|---|---|---|---|---|---|---|---
 8 |   |   |   |   |   |   |   |   | 8 
---|---|---|---|---|---|---|---|---|---
   | 1 | 2 | 3 | 4 | 5 | 6 | 7 | 8 |

It took 0 seconds to make this move...


Black to move
BEEEXXXOXEEEXEOOXEEOXOXOEEEOOOOOEEOOXOOEEOOEOOOOEOEEEEEEEEEEEEEEE
(3,8) Depth reached: 5, Nodes searched: 14300
   | 1 | 2 | 3 | 4 | 5 | 6 | 7 | 8 |
---|---|---|---|---|---|---|---|---|---
 1 |   |   |   | X | X | X | 0 | X | 1 
---|---|---|---|---|---|---|---|---|---
 2 |   |   |   | X |   | 0 | X | X | 2 
---|---|---|---|---|---|---|---|---|---
 3 |   |   | 0 | X | 0 | X | X | X | 3 
---|---|---|---|---|---|---|---|---|---
 4 |   |   | 0 | 0 | 0 | 0 | 0 |   | 4 
---|---|---|---|---|---|---|---|---|---
 5 |   | 0 | 0 | X | 0 | 0 |   |   | 5 
---|---|---|---|---|---|---|---|---|---
 6 | 0 | 0 |   | 0 | 0 | 0 | 0 |   | 6 
---|---|---|---|---|---|---|---|---|---
 7 | 0 |   |   |   |   |   |   |   | 7 
---|---|---|---|---|---|---|---|---|---
 8 |   |   |   |   |   |   |   |   | 8 
---|---|---|---|---|---|---|---|---|---
   | 1 | 2 | 3 | 4 | 5 | 6 | 7 | 8 |

It took 8 seconds to make this move...


White to move
WEEEXXXOXEEEXEOXXEEOXOXXXEEOOOOOEEOOXOOEEOOEOOOOEOEEEEEEEEEEEEEEE
(2,3)
   | 1 | 2 | 3 | 4 | 5 | 6 | 7 | 8 |
---|---|---|---|---|---|---|---|---|---
 1 |   |   |   | X | X | X | 0 | X | 1 
---|---|---|---|---|---|---|---|---|---
 2 |   |   | 0 | X |   | 0 | X | X | 2 
---|---|---|---|---|---|---|---|---|---
 3 |   |   | 0 | 0 | 0 | X | X | X | 3 
---|---|---|---|---|---|---|---|---|---
 4 |   |   | 0 | 0 | 0 | 0 | 0 |   | 4 
---|---|---|---|---|---|---|---|---|---
 5 |   | 0 | 0 | X | 0 | 0 |   |   | 5 
---|---|---|---|---|---|---|---|---|---
 6 | 0 | 0 |   | 0 | 0 | 0 | 0 |   | 6 
---|---|---|---|---|---|---|---|---|---
 7 | 0 |   |   |   |   |   |   |   | 7 
---|---|---|---|---|---|---|---|---|---
 8 |   |   |   |   |   |   |   |   | 8 
---|---|---|---|---|---|---|---|---|---
   | 1 | 2 | 3 | 4 | 5 | 6 | 7 | 8 |

It took 0 seconds to make this move...


Black to move
BEEEXXXOXEEOXEOXXEEOOOXXXEEOOOOOEEOOXOOEEOOEOOOOEOEEEEEEEEEEEEEEE
(2,5) Depth reached: 6, Nodes searched: 2729
   | 1 | 2 | 3 | 4 | 5 | 6 | 7 | 8 |
---|---|---|---|---|---|---|---|---|---
 1 |   |   |   | X | X | X | 0 | X | 1 
---|---|---|---|---|---|---|---|---|---
 2 |   |   | 0 | X | X | X | X | X | 2 
---|---|---|---|---|---|---|---|---|---
 3 |   |   | 0 | 0 | 0 | X | X | X | 3 
---|---|---|---|---|---|---|---|---|---
 4 |   |   | 0 | 0 | 0 | 0 | 0 |   | 4 
---|---|---|---|---|---|---|---|---|---
 5 |   | 0 | 0 | X | 0 | 0 |   |   | 5 
---|---|---|---|---|---|---|---|---|---
 6 | 0 | 0 |   | 0 | 0 | 0 | 0 |   | 6 
---|---|---|---|---|---|---|---|---|---
 7 | 0 |   |   |   |   |   |   |   | 7 
---|---|---|---|---|---|---|---|---|---
 8 |   |   |   |   |   |   |   |   | 8 
---|---|---|---|---|---|---|---|---|---
   | 1 | 2 | 3 | 4 | 5 | 6 | 7 | 8 |

It took 8 seconds to make this move...


White to move
WEEEXXXOXEEOXXXXXEEOOOXXXEEOOOOOEEOOXOOEEOOEOOOOEOEEEEEEEEEEEEEEE
(6,3)
   | 1 | 2 | 3 | 4 | 5 | 6 | 7 | 8 |
---|---|---|---|---|---|---|---|---|---
 1 |   |   |   | X | X | X | 0 | X | 1 
---|---|---|---|---|---|---|---|---|---
 2 |   |   | 0 | X | X | X | X | X | 2 
---|---|---|---|---|---|---|---|---|---
 3 |   |   | 0 | 0 | 0 | X | X | X | 3 
---|---|---|---|---|---|---|---|---|---
 4 |   |   | 0 | 0 | 0 | 0 | 0 |   | 4 
---|---|---|---|---|---|---|---|---|---
 5 |   | 0 | 0 | 0 | 0 | 0 |   |   | 5 
---|---|---|---|---|---|---|---|---|---
 6 | 0 | 0 | 0 | 0 | 0 | 0 | 0 |   | 6 
---|---|---|---|---|---|---|---|---|---
 7 | 0 |   |   |   |   |   |   |   | 7 
---|---|---|---|---|---|---|---|---|---
 8 |   |   |   |   |   |   |   |   | 8 
---|---|---|---|---|---|---|---|---|---
   | 1 | 2 | 3 | 4 | 5 | 6 | 7 | 8 |

It took 0 seconds to make this move...


Black to move
BEEEXXXOXEEOXXXXXEEOOOXXXEEOOOOOEEOOOOOEEOOOOOOOEOEEEEEEEEEEEEEEE
(5,8) Depth reached: 6, Nodes searched: 4190
   | 1 | 2 | 3 | 4 | 5 | 6 | 7 | 8 |
---|---|---|---|---|---|---|---|---|---
 1 |   |   |   | X | X | X | 0 | X | 1 
---|---|---|---|---|---|---|---|---|---
 2 |   |   | 0 | X | X | X | X | X | 2 
---|---|---|---|---|---|---|---|---|---
 3 |   |   | 0 | 0 | 0 | X | X | X | 3 
---|---|---|---|---|---|---|---|---|---
 4 |   |   | 0 | 0 | 0 | 0 | X |   | 4 
---|---|---|---|---|---|---|---|---|---
 5 |   | 0 | 0 | 0 | 0 | 0 |   | X | 5 
---|---|---|---|---|---|---|---|---|---
 6 | 0 | 0 | 0 | 0 | 0 | 0 | 0 |   | 6 
---|---|---|---|---|---|---|---|---|---
 7 | 0 |   |   |   |   |   |   |   | 7 
---|---|---|---|---|---|---|---|---|---
 8 |   |   |   |   |   |   |   |   | 8 
---|---|---|---|---|---|---|---|---|---
   | 1 | 2 | 3 | 4 | 5 | 6 | 7 | 8 |

It took 9 seconds to make this move...


White to move
WEEEXXXOXEEOXXXXXEEOOOXXXEEOOOOXEEOOOOOEXOOOOOOOEOEEEEEEEEEEEEEEE
(5,7)
   | 1 | 2 | 3 | 4 | 5 | 6 | 7 | 8 |
---|---|---|---|---|---|---|---|---|---
 1 |   |   |   | X | X | X | 0 | X | 1 
---|---|---|---|---|---|---|---|---|---
 2 |   |   | 0 | X | X | X | 0 | X | 2 
---|---|---|---|---|---|---|---|---|---
 3 |   |   | 0 | 0 | 0 | X | 0 | X | 3 
---|---|---|---|---|---|---|---|---|---
 4 |   |   | 0 | 0 | 0 | 0 | 0 |   | 4 
---|---|---|---|---|---|---|---|---|---
 5 |   | 0 | 0 | 0 | 0 | 0 | 0 | X | 5 
---|---|---|---|---|---|---|---|---|---
 6 | 0 | 0 | 0 | 0 | 0 | 0 | 0 |   | 6 
---|---|---|---|---|---|---|---|---|---
 7 | 0 |   |   |   |   |   |   |   | 7 
---|---|---|---|---|---|---|---|---|---
 8 |   |   |   |   |   |   |   |   | 8 
---|---|---|---|---|---|---|---|---|---
   | 1 | 2 | 3 | 4 | 5 | 6 | 7 | 8 |

It took 0 seconds to make this move...


Black to move
BEEEXXXOXEEOXXXOXEEOOOXOXEEOOOOOEEOOOOOOXOOOOOOOEOEEEEEEEEEEEEEEE
(4,8) Depth reached: 6, Nodes searched: 20093
   | 1 | 2 | 3 | 4 | 5 | 6 | 7 | 8 |
---|---|---|---|---|---|---|---|---|---
 1 |   |   |   | X | X | X | 0 | X | 1 
---|---|---|---|---|---|---|---|---|---
 2 |   |   | 0 | X | X | X | 0 | X | 2 
---|---|---|---|---|---|---|---|---|---
 3 |   |   | 0 | 0 | 0 | X | X | X | 3 
---|---|---|---|---|---|---|---|---|---
 4 |   |   | 0 | 0 | 0 | 0 | 0 | X | 4 
---|---|---|---|---|---|---|---|---|---
 5 |   | 0 | 0 | 0 | 0 | 0 | 0 | X | 5 
---|---|---|---|---|---|---|---|---|---
 6 | 0 | 0 | 0 | 0 | 0 | 0 | 0 |   | 6 
---|---|---|---|---|---|---|---|---|---
 7 | 0 |   |   |   |   |   |   |   | 7 
---|---|---|---|---|---|---|---|---|---
 8 |   |   |   |   |   |   |   |   | 8 
---|---|---|---|---|---|---|---|---|---
   | 1 | 2 | 3 | 4 | 5 | 6 | 7 | 8 |

It took 8 seconds to make this move...


White to move
WEEEXXXOXEEOXXXOXEEOOOXXXEEOOOOOXEOOOOOOXOOOOOOOEOEEEEEEEEEEEEEEE
(1,3)
   | 1 | 2 | 3 | 4 | 5 | 6 | 7 | 8 |
---|---|---|---|---|---|---|---|---|---
 1 |   |   | 0 | 0 | 0 | 0 | 0 | X | 1 
---|---|---|---|---|---|---|---|---|---
 2 |   |   | 0 | 0 | X | X | 0 | X | 2 
---|---|---|---|---|---|---|---|---|---
 3 |   |   | 0 | 0 | 0 | X | X | X | 3 
---|---|---|---|---|---|---|---|---|---
 4 |   |   | 0 | 0 | 0 | 0 | 0 | X | 4 
---|---|---|---|---|---|---|---|---|---
 5 |   | 0 | 0 | 0 | 0 | 0 | 0 | X | 5 
---|---|---|---|---|---|---|---|---|---
 6 | 0 | 0 | 0 | 0 | 0 | 0 | 0 |   | 6 
---|---|---|---|---|---|---|---|---|---
 7 | 0 |   |   |   |   |   |   |   | 7 
---|---|---|---|---|---|---|---|---|---
 8 |   |   |   |   |   |   |   |   | 8 
---|---|---|---|---|---|---|---|---|---
   | 1 | 2 | 3 | 4 | 5 | 6 | 7 | 8 |

It took 0 seconds to make this move...


Black to move
BEEOOOOOXEEOOXXOXEEOOOXXXEEOOOOOXEOOOOOOXOOOOOOOEOEEEEEEEEEEEEEEE
(1,2) Depth reached: 6, Nodes searched: 19509
   | 1 | 2 | 3 | 4 | 5 | 6 | 7 | 8 |
---|---|---|---|---|---|---|---|---|---
 1 |   | X | X | X | X | X | X | X | 1 
---|---|---|---|---|---|---|---|---|---
 2 |   |   | 0 | 0 | X | X | 0 | X | 2 
---|---|---|---|---|---|---|---|---|---
 3 |   |   | 0 | 0 | 0 | X | X | X | 3 
---|---|---|---|---|---|---|---|---|---
 4 |   |   | 0 | 0 | 0 | 0 | 0 | X | 4 
---|---|---|---|---|---|---|---|---|---
 5 |   | 0 | 0 | 0 | 0 | 0 | 0 | X | 5 
---|---|---|---|---|---|---|---|---|---
 6 | 0 | 0 | 0 | 0 | 0 | 0 | 0 |   | 6 
---|---|---|---|---|---|---|---|---|---
 7 | 0 |   |   |   |   |   |   |   | 7 
---|---|---|---|---|---|---|---|---|---
 8 |   |   |   |   |   |   |   |   | 8 
---|---|---|---|---|---|---|---|---|---
   | 1 | 2 | 3 | 4 | 5 | 6 | 7 | 8 |

It took 8 seconds to make this move...


White to move
WEXXXXXXXEEOOXXOXEEOOOXXXEEOOOOOXEOOOOOOXOOOOOOOEOEEEEEEEEEEEEEEE
pass
   | 1 | 2 | 3 | 4 | 5 | 6 | 7 | 8 |
---|---|---|---|---|---|---|---|---|---
 1 |   | X | X | X | X | X | X | X | 1 
---|---|---|---|---|---|---|---|---|---
 2 |   |   | 0 | 0 | X | X | 0 | X | 2 
---|---|---|---|---|---|---|---|---|---
 3 |   |   | 0 | 0 | 0 | X | X | X | 3 
---|---|---|---|---|---|---|---|---|---
 4 |   |   | 0 | 0 | 0 | 0 | 0 | X | 4 
---|---|---|---|---|---|---|---|---|---
 5 |   | 0 | 0 | 0 | 0 | 0 | 0 | X | 5 
---|---|---|---|---|---|---|---|---|---
 6 | 0 | 0 | 0 | 0 | 0 | 0 | 0 |   | 6 
---|---|---|---|---|---|---|---|---|---
 7 | 0 |   |   |   |   |   |   |   | 7 
---|---|---|---|---|---|---|---|---|---
 8 |   |   |   |   |   |   |   |   | 8 
---|---|---|---|---|---|---|---|---|---
   | 1 | 2 | 3 | 4 | 5 | 6 | 7 | 8 |

It took 0 seconds to make this move...


Black to move
BEXXXXXXXEEOOXXOXEEOOOXXXEEOOOOOXEOOOOOOXOOOOOOOEOEEEEEEEEEEEEEEE
(3,2) Depth reached: 7, Nodes searched: 5718
   | 1 | 2 | 3 | 4 | 5 | 6 | 7 | 8 |
---|---|---|---|---|---|---|---|---|---
 1 |   | X | X | X | X | X | X | X | 1 
---|---|---|---|---|---|---|---|---|---
 2 |   |   | X | 0 | X | X | 0 | X | 2 
---|---|---|---|---|---|---|---|---|---
 3 |   | X | X | X | X | X | X | X | 3 
---|---|---|---|---|---|---|---|---|---
 4 |   |   | 0 | 0 | 0 | 0 | 0 | X | 4 
---|---|---|---|---|---|---|---|---|---
 5 |   | 0 | 0 | 0 | 0 | 0 | 0 | X | 5 
---|---|---|---|---|---|---|---|---|---
 6 | 0 | 0 | 0 | 0 | 0 | 0 | 0 |   | 6 
---|---|---|---|---|---|---|---|---|---
 7 | 0 |   |   |   |   |   |   |   | 7 
---|---|---|---|---|---|---|---|---|---
 8 |   |   |   |   |   |   |   |   | 8 
---|---|---|---|---|---|---|---|---|---
   | 1 | 2 | 3 | 4 | 5 | 6 | 7 | 8 |

It took 8 seconds to make this move...


White to move
WEXXXXXXXEEXOXXOXEXXXXXXXEEOOOOOXEOOOOOOXOOOOOOOEOEEEEEEEEEEEEEEE
(2,1)
   | 1 | 2 | 3 | 4 | 5 | 6 | 7 | 8 |
---|---|---|---|---|---|---|---|---|---
 1 |   | X | X | X | X | X | X | X | 1 
---|---|---|---|---|---|---|---|---|---
 2 | 0 |   | X | 0 | X | X | 0 | X | 2 
---|---|---|---|---|---|---|---|---|---
 3 |   | 0 | X | X | X | X | X | X | 3 
---|---|---|---|---|---|---|---|---|---
 4 |   |   | 0 | 0 | 0 | 0 | 0 | X | 4 
---|---|---|---|---|---|---|---|---|---
 5 |   | 0 | 0 | 0 | 0 | 0 | 0 | X | 5 
---|---|---|---|---|---|---|---|---|---
 6 | 0 | 0 | 0 | 0 | 0 | 0 | 0 |   | 6 
---|---|---|---|---|---|---|---|---|---
 7 | 0 |   |   |   |   |   |   |   | 7 
---|---|---|---|---|---|---|---|---|---
 8 |   |   |   |   |   |   |   |   | 8 
---|---|---|---|---|---|---|---|---|---
   | 1 | 2 | 3 | 4 | 5 | 6 | 7 | 8 |

It took 0 seconds to make this move...


Black to move
BEXXXXXXXOEXOXXOXEOXXXXXXEEOOOOOXEOOOOOOXOOOOOOOEOEEEEEEEEEEEEEEE
(3,1) Depth reached: 7, Nodes searched: 21319
   | 1 | 2 | 3 | 4 | 5 | 6 | 7 | 8 |
---|---|---|---|---|---|---|---|---|---
 1 |   | X | X | X | X | X | X | X | 1 
---|---|---|---|---|---|---|---|---|---
 2 | 0 |   | X | 0 | X | X | 0 | X | 2 
---|---|---|---|---|---|---|---|---|---
 3 | X | X | X | X | X | X | X | X | 3 
---|---|---|---|---|---|---|---|---|---
 4 |   |   | 0 | 0 | 0 | 0 | 0 | X | 4 
---|---|---|---|---|---|---|---|---|---
 5 |   | 0 | 0 | 0 | 0 | 0 | 0 | X | 5 
---|---|---|---|---|---|---|---|---|---
 6 | 0 | 0 | 0 | 0 | 0 | 0 | 0 |   | 6 
---|---|---|---|---|---|---|---|---|---
 7 | 0 |   |   |   |   |   |   |   | 7 
---|---|---|---|---|---|---|---|---|---
 8 |   |   |   |   |   |   |   |   | 8 
---|---|---|---|---|---|---|---|---|---
   | 1 | 2 | 3 | 4 | 5 | 6 | 7 | 8 |

It took 8 seconds to make this move...


White to move
WEXXXXXXXOEXOXXOXXXXXXXXXEEOOOOOXEOOOOOOXOOOOOOOEOEEEEEEEEEEEEEEE
(4,1)
   | 1 | 2 | 3 | 4 | 5 | 6 | 7 | 8 |
---|---|---|---|---|---|---|---|---|---
 1 |   | X | X | X | X | X | X | X | 1 
---|---|---|---|---|---|---|---|---|---
 2 | 0 |   | X | 0 | X | X | 0 | X | 2 
---|---|---|---|---|---|---|---|---|---
 3 | 0 | X | X | X | X | X | X | X | 3 
---|---|---|---|---|---|---|---|---|---
 4 | 0 |   | 0 | 0 | 0 | 0 | 0 | X | 4 
---|---|---|---|---|---|---|---|---|---
 5 |   | 0 | 0 | 0 | 0 | 0 | 0 | X | 5 
---|---|---|---|---|---|---|---|---|---
 6 | 0 | 0 | 0 | 0 | 0 | 0 | 0 |   | 6 
---|---|---|---|---|---|---|---|---|---
 7 | 0 |   |   |   |   |   |   |   | 7 
---|---|---|---|---|---|---|---|---|---
 8 |   |   |   |   |   |   |   |   | 8 
---|---|---|---|---|---|---|---|---|---
   | 1 | 2 | 3 | 4 | 5 | 6 | 7 | 8 |

It took 0 seconds to make this move...


Black to move
BEXXXXXXXOEXOXXOXOXXXXXXXOEOOOOOXEOOOOOOXOOOOOOOEOEEEEEEEEEEEEEEE
(4,2) Depth reached: 8, Nodes searched: 14877
   | 1 | 2 | 3 | 4 | 5 | 6 | 7 | 8 |
---|---|---|---|---|---|---|---|---|---
 1 |   | X | X | X | X | X | X | X | 1 
---|---|---|---|---|---|---|---|---|---
 2 | 0 |   | X | 0 | X | X | 0 | X | 2 
---|---|---|---|---|---|---|---|---|---
 3 | 0 | X | X | X | X | X | X | X | 3 
---|---|---|---|---|---|---|---|---|---
 4 | 0 | X | X | X | X | X | X | X | 4 
---|---|---|---|---|---|---|---|---|---
 5 |   | 0 | 0 | 0 | 0 | 0 | 0 | X | 5 
---|---|---|---|---|---|---|---|---|---
 6 | 0 | 0 | 0 | 0 | 0 | 0 | 0 |   | 6 
---|---|---|---|---|---|---|---|---|---
 7 | 0 |   |   |   |   |   |   |   | 7 
---|---|---|---|---|---|---|---|---|---
 8 |   |   |   |   |   |   |   |   | 8 
---|---|---|---|---|---|---|---|---|---
   | 1 | 2 | 3 | 4 | 5 | 6 | 7 | 8 |

It took 9 seconds to make this move...


White to move
WEXXXXXXXOEXOXXOXOXXXXXXXOXXXXXXXEOOOOOOXOOOOOOOEOEEEEEEEEEEEEEEE
(5,1)
   | 1 | 2 | 3 | 4 | 5 | 6 | 7 | 8 |
---|---|---|---|---|---|---|---|---|---
 1 |   | X | X | X | X | X | X | X | 1 
---|---|---|---|---|---|---|---|---|---
 2 | 0 |   | X | 0 | X | X | 0 | X | 2 
---|---|---|---|---|---|---|---|---|---
 3 | 0 | X | 0 | X | X | X | X | X | 3 
---|---|---|---|---|---|---|---|---|---
 4 | 0 | 0 | X | X | X | X | X | X | 4 
---|---|---|---|---|---|---|---|---|---
 5 | 0 | 0 | 0 | 0 | 0 | 0 | 0 | X | 5 
---|---|---|---|---|---|---|---|---|---
 6 | 0 | 0 | 0 | 0 | 0 | 0 | 0 |   | 6 
---|---|---|---|---|---|---|---|---|---
 7 | 0 |   |   |   |   |   |   |   | 7 
---|---|---|---|---|---|---|---|---|---
 8 |   |   |   |   |   |   |   |   | 8 
---|---|---|---|---|---|---|---|---|---
   | 1 | 2 | 3 | 4 | 5 | 6 | 7 | 8 |

It took 0 seconds to make this move...


Black to move
BEXXXXXXXOEXOXXOXOXOXXXXXOOXXXXXXOOOOOOOXOOOOOOOEOEEEEEEEEEEEEEEE
(6,8) Depth reached: 8, Nodes searched: 25301
   | 1 | 2 | 3 | 4 | 5 | 6 | 7 | 8 |
---|---|---|---|---|---|---|---|---|---
 1 |   | X | X | X | X | X | X | X | 1 
---|---|---|---|---|---|---|---|---|---
 2 | 0 |   | X | 0 | X | X | 0 | X | 2 
---|---|---|---|---|---|---|---|---|---
 3 | 0 | X | 0 | X | X | X | X | X | 3 
---|---|---|---|---|---|---|---|---|---
 4 | 0 | 0 | X | X | X | X | X | X | 4 
---|---|---|---|---|---|---|---|---|---
 5 | 0 | 0 | 0 | 0 | 0 | 0 | X | X | 5 
---|---|---|---|---|---|---|---|---|---
 6 | 0 | 0 | 0 | 0 | 0 | 0 | 0 | X | 6 
---|---|---|---|---|---|---|---|---|---
 7 | 0 |   |   |   |   |   |   |   | 7 
---|---|---|---|---|---|---|---|---|---
 8 |   |   |   |   |   |   |   |   | 8 
---|---|---|---|---|---|---|---|---|---
   | 1 | 2 | 3 | 4 | 5 | 6 | 7 | 8 |

It took 8 seconds to make this move...


White to move
WEXXXXXXXOEXOXXOXOXOXXXXXOOXXXXXXOOOOOOXXOOOOOOOXOEEEEEEEEEEEEEEE
(2,2)
   | 1 | 2 | 3 | 4 | 5 | 6 | 7 | 8 |
---|---|---|---|---|---|---|---|---|---
 1 |   | X | X | X | X | X | X | X | 1 
---|---|---|---|---|---|---|---|---|---
 2 | 0 | 0 | 0 | 0 | X | X | 0 | X | 2 
---|---|---|---|---|---|---|---|---|---
 3 | 0 | 0 | 0 | X | X | X | X | X | 3 
---|---|---|---|---|---|---|---|---|---
 4 | 0 | 0 | X | X | X | X | X | X | 4 
---|---|---|---|---|---|---|---|---|---
 5 | 0 | 0 | 0 | 0 | 0 | 0 | X | X | 5 
---|---|---|---|---|---|---|---|---|---
 6 | 0 | 0 | 0 | 0 | 0 | 0 | 0 | X | 6 
---|---|---|---|---|---|---|---|---|---
 7 | 0 |   |   |   |   |   |   |   | 7 
---|---|---|---|---|---|---|---|---|---
 8 |   |   |   |   |   |   |   |   | 8 
---|---|---|---|---|---|---|---|---|---
   | 1 | 2 | 3 | 4 | 5 | 6 | 7 | 8 |

It took 0 seconds to make this move...


Black to move
BEXXXXXXXOOOOXXOXOOOXXXXXOOXXXXXXOOOOOOXXOOOOOOOXOEEEEEEEEEEEEEEE
(1,1) Depth reached: 9, Nodes searched: 13196
   | 1 | 2 | 3 | 4 | 5 | 6 | 7 | 8 |
---|---|---|---|---|---|---|---|---|---
 1 | X | X | X | X | X | X | X | X | 1 
---|---|---|---|---|---|---|---|---|---
 2 | 0 | X | 0 | 0 | X | X | 0 | X | 2 
---|---|---|---|---|---|---|---|---|---
 3 | 0 | 0 | X | X | X | X | X | X | 3 
---|---|---|---|---|---|---|---|---|---
 4 | 0 | 0 | X | X | X | X | X | X | 4 
---|---|---|---|---|---|---|---|---|---
 5 | 0 | 0 | 0 | 0 | 0 | 0 | X | X | 5 
---|---|---|---|---|---|---|---|---|---
 6 | 0 | 0 | 0 | 0 | 0 | 0 | 0 | X | 6 
---|---|---|---|---|---|---|---|---|---
 7 | 0 |   |   |   |   |   |   |   | 7 
---|---|---|---|---|---|---|---|---|---
 8 |   |   |   |   |   |   |   |   | 8 
---|---|---|---|---|---|---|---|---|---
   | 1 | 2 | 3 | 4 | 5 | 6 | 7 | 8 |

It took 8 seconds to make this move...


White to move
WXXXXXXXXOXOOXXOXOOXXXXXXOOXXXXXXOOOOOOXXOOOOOOOXOEEEEEEEEEEEEEEE
pass
   | 1 | 2 | 3 | 4 | 5 | 6 | 7 | 8 |
---|---|---|---|---|---|---|---|---|---
 1 | X | X | X | X | X | X | X | X | 1 
---|---|---|---|---|---|---|---|---|---
 2 | 0 | X | 0 | 0 | X | X | 0 | X | 2 
---|---|---|---|---|---|---|---|---|---
 3 | 0 | 0 | X | X | X | X | X | X | 3 
---|---|---|---|---|---|---|---|---|---
 4 | 0 | 0 | X | X | X | X | X | X | 4 
---|---|---|---|---|---|---|---|---|---
 5 | 0 | 0 | 0 | 0 | 0 | 0 | X | X | 5 
---|---|---|---|---|---|---|---|---|---
 6 | 0 | 0 | 0 | 0 | 0 | 0 | 0 | X | 6 
---|---|---|---|---|---|---|---|---|---
 7 | 0 |   |   |   |   |   |   |   | 7 
---|---|---|---|---|---|---|---|---|---
 8 |   |   |   |   |   |   |   |   | 8 
---|---|---|---|---|---|---|---|---|---
   | 1 | 2 | 3 | 4 | 5 | 6 | 7 | 8 |

It took 0 seconds to make this move...


Black to move
BXXXXXXXXOXOOXXOXOOXXXXXXOOXXXXXXOOOOOOXXOOOOOOOXOEEEEEEEEEEEEEEE
(8,1) Depth reached: 9, Nodes searched: 6675
   | 1 | 2 | 3 | 4 | 5 | 6 | 7 | 8 |
---|---|---|---|---|---|---|---|---|---
 1 | X | X | X | X | X | X | X | X | 1 
---|---|---|---|---|---|---|---|---|---
 2 | X | X | 0 | 0 | X | X | 0 | X | 2 
---|---|---|---|---|---|---|---|---|---
 3 | X | 0 | X | X | X | X | X | X | 3 
---|---|---|---|---|---|---|---|---|---
 4 | X | 0 | X | X | X | X | X | X | 4 
---|---|---|---|---|---|---|---|---|---
 5 | X | 0 | 0 | 0 | 0 | 0 | X | X | 5 
---|---|---|---|---|---|---|---|---|---
 6 | X | 0 | 0 | 0 | 0 | 0 | 0 | X | 6 
---|---|---|---|---|---|---|---|---|---
 7 | X |   |   |   |   |   |   |   | 7 
---|---|---|---|---|---|---|---|---|---
 8 | X |   |   |   |   |   |   |   | 8 
---|---|---|---|---|---|---|---|---|---
   | 1 | 2 | 3 | 4 | 5 | 6 | 7 | 8 |

It took 8 seconds to make this move...


White to move
WXXXXXXXXXXOOXXOXXOXXXXXXXOXXXXXXXOOOOOXXXOOOOOOXXEEEEEEEXEEEEEEE
pass
   | 1 | 2 | 3 | 4 | 5 | 6 | 7 | 8 |
---|---|---|---|---|---|---|---|---|---
 1 | X | X | X | X | X | X | X | X | 1 
---|---|---|---|---|---|---|---|---|---
 2 | X | X | 0 | 0 | X | X | 0 | X | 2 
---|---|---|---|---|---|---|---|---|---
 3 | X | 0 | X | X | X | X | X | X | 3 
---|---|---|---|---|---|---|---|---|---
 4 | X | 0 | X | X | X | X | X | X | 4 
---|---|---|---|---|---|---|---|---|---
 5 | X | 0 | 0 | 0 | 0 | 0 | X | X | 5 
---|---|---|---|---|---|---|---|---|---
 6 | X | 0 | 0 | 0 | 0 | 0 | 0 | X | 6 
---|---|---|---|---|---|---|---|---|---
 7 | X |   |   |   |   |   |   |   | 7 
---|---|---|---|---|---|---|---|---|---
 8 | X |   |   |   |   |   |   |   | 8 
---|---|---|---|---|---|---|---|---|---
   | 1 | 2 | 3 | 4 | 5 | 6 | 7 | 8 |

It took 0 seconds to make this move...


Black to move
BXXXXXXXXXXOOXXOXXOXXXXXXXOXXXXXXXOOOOOXXXOOOOOOXXEEEEEEEXEEEEEEE
(7,2) Depth reached: 8, Nodes searched: 25975
   | 1 | 2 | 3 | 4 | 5 | 6 | 7 | 8 |
---|---|---|---|---|---|---|---|---|---
 1 | X | X | X | X | X | X | X | X | 1 
---|---|---|---|---|---|---|---|---|---
 2 | X | X | 0 | 0 | X | X | 0 | X | 2 
---|---|---|---|---|---|---|---|---|---
 3 | X | X | X | X | X | X | X | X | 3 
---|---|---|---|---|---|---|---|---|---
 4 | X | X | X | X | X | X | X | X | 4 
---|---|---|---|---|---|---|---|---|---
 5 | X | X | 0 | X | 0 | 0 | X | X | 5 
---|---|---|---|---|---|---|---|---|---
 6 | X | X | X | 0 | 0 | 0 | 0 | X | 6 
---|---|---|---|---|---|---|---|---|---
 7 | X | X |   |   |   |   |   |   | 7 
---|---|---|---|---|---|---|---|---|---
 8 | X |   |   |   |   |   |   |   | 8 
---|---|---|---|---|---|---|---|---|---
   | 1 | 2 | 3 | 4 | 5 | 6 | 7 | 8 |

It took 8 seconds to make this move...


White to move
WXXXXXXXXXXOOXXOXXXXXXXXXXXXXXXXXXXOXOOXXXXXOOOOXXXEEEEEEXEEEEEEE
(7,3)
   | 1 | 2 | 3 | 4 | 5 | 6 | 7 | 8 |
---|---|---|---|---|---|---|---|---|---
 1 | X | X | X | X | X | X | X | X | 1 
---|---|---|---|---|---|---|---|---|---
 2 | X | X | 0 | 0 | X | X | 0 | X | 2 
---|---|---|---|---|---|---|---|---|---
 3 | X | X | X | X | X | X | X | X | 3 
---|---|---|---|---|---|---|---|---|---
 4 | X | X | X | X | X | X | X | X | 4 
---|---|---|---|---|---|---|---|---|---
 5 | X | X | 0 | X | 0 | 0 | X | X | 5 
---|---|---|---|---|---|---|---|---|---
 6 | X | X | 0 | 0 | 0 | 0 | 0 | X | 6 
---|---|---|---|---|---|---|---|---|---
 7 | X | X | 0 |   |   |   |   |   | 7 
---|---|---|---|---|---|---|---|---|---
 8 | X |   |   |   |   |   |   |   | 8 
---|---|---|---|---|---|---|---|---|---
   | 1 | 2 | 3 | 4 | 5 | 6 | 7 | 8 |

It took 0 seconds to make this move...


Black to move
BXXXXXXXXXXOOXXOXXXXXXXXXXXXXXXXXXXOXOOXXXXOOOOOXXXOEEEEEXEEEEEEE
(8,3) Depth reached: 13, Nodes searched: 2486
   | 1 | 2 | 3 | 4 | 5 | 6 | 7 | 8 |
---|---|---|---|---|---|---|---|---|---
 1 | X | X | X | X | X | X | X | X | 1 
---|---|---|---|---|---|---|---|---|---
 2 | X | X | 0 | 0 | X | X | 0 | X | 2 
---|---|---|---|---|---|---|---|---|---
 3 | X | X | X | X | X | X | X | X | 3 
---|---|---|---|---|---|---|---|---|---
 4 | X | X | X | X | X | X | X | X | 4 
---|---|---|---|---|---|---|---|---|---
 5 | X | X | X | X | 0 | 0 | X | X | 5 
---|---|---|---|---|---|---|---|---|---
 6 | X | X | X | 0 | 0 | 0 | 0 | X | 6 
---|---|---|---|---|---|---|---|---|---
 7 | X | X | X |   |   |   |   |   | 7 
---|---|---|---|---|---|---|---|---|---
 8 | X |   | X |   |   |   |   |   | 8 
---|---|---|---|---|---|---|---|---|---
   | 1 | 2 | 3 | 4 | 5 | 6 | 7 | 8 |

It took 8 seconds to make this move...


White to move
WXXXXXXXXXXOOXXOXXXXXXXXXXXXXXXXXXXXXOOXXXXXOOOOXXXXEEEEEXEXEEEEE
(8,2)
   | 1 | 2 | 3 | 4 | 5 | 6 | 7 | 8 |
---|---|---|---|---|---|---|---|---|---
 1 | X | X | X | X | X | X | X | X | 1 
---|---|---|---|---|---|---|---|---|---
 2 | X | X | 0 | 0 | X | X | 0 | X | 2 
---|---|---|---|---|---|---|---|---|---
 3 | X | X | X | X | X | X | X | X | 3 
---|---|---|---|---|---|---|---|---|---
 4 | X | X | X | X | X | X | X | X | 4 
---|---|---|---|---|---|---|---|---|---
 5 | X | X | X | X | 0 | 0 | X | X | 5 
---|---|---|---|---|---|---|---|---|---
 6 | X | X | X | 0 | 0 | 0 | 0 | X | 6 
---|---|---|---|---|---|---|---|---|---
 7 | X | X | 0 |   |   |   |   |   | 7 
---|---|---|---|---|---|---|---|---|---
 8 | X | 0 | X |   |   |   |   |   | 8 
---|---|---|---|---|---|---|---|---|---
   | 1 | 2 | 3 | 4 | 5 | 6 | 7 | 8 |

It took 0 seconds to make this move...


Black to move
BXXXXXXXXXXOOXXOXXXXXXXXXXXXXXXXXXXXXOOXXXXXOOOOXXXOEEEEEXOXEEEEE
(8,4) Depth reached: 36, Nodes searched: 6837
   | 1 | 2 | 3 | 4 | 5 | 6 | 7 | 8 |
---|---|---|---|---|---|---|---|---|---
 1 | X | X | X | X | X | X | X | X | 1 
---|---|---|---|---|---|---|---|---|---
 2 | X | X | 0 | 0 | X | X | 0 | X | 2 
---|---|---|---|---|---|---|---|---|---
 3 | X | X | X | X | X | X | X | X | 3 
---|---|---|---|---|---|---|---|---|---
 4 | X | X | X | X | X | X | X | X | 4 
---|---|---|---|---|---|---|---|---|---
 5 | X | X | X | X | 0 | 0 | X | X | 5 
---|---|---|---|---|---|---|---|---|---
 6 | X | X | X | 0 | 0 | 0 | 0 | X | 6 
---|---|---|---|---|---|---|---|---|---
 7 | X | X | X |   |   |   |   |   | 7 
---|---|---|---|---|---|---|---|---|---
 8 | X | 0 | X | X |   |   |   |   | 8 
---|---|---|---|---|---|---|---|---|---
   | 1 | 2 | 3 | 4 | 5 | 6 | 7 | 8 |

It took 8 seconds to make this move...


White to move
WXXXXXXXXXXOOXXOXXXXXXXXXXXXXXXXXXXXXOOXXXXXOOOOXXXXEEEEEXOXXEEEE
(8,5)
   | 1 | 2 | 3 | 4 | 5 | 6 | 7 | 8 |
---|---|---|---|---|---|---|---|---|---
 1 | X | X | X | X | X | X | X | X | 1 
---|---|---|---|---|---|---|---|---|---
 2 | X | X | 0 | 0 | X | X | 0 | X | 2 
---|---|---|---|---|---|---|---|---|---
 3 | X | X | X | X | X | X | X | X | 3 
---|---|---|---|---|---|---|---|---|---
 4 | X | X | X | X | X | X | X | X | 4 
---|---|---|---|---|---|---|---|---|---
 5 | X | X | X | X | 0 | 0 | X | X | 5 
---|---|---|---|---|---|---|---|---|---
 6 | X | X | X | 0 | 0 | 0 | 0 | X | 6 
---|---|---|---|---|---|---|---|---|---
 7 | X | X | X |   |   |   |   |   | 7 
---|---|---|---|---|---|---|---|---|---
 8 | X | 0 | 0 | 0 | 0 |   |   |   | 8 
---|---|---|---|---|---|---|---|---|---
   | 1 | 2 | 3 | 4 | 5 | 6 | 7 | 8 |

It took 0 seconds to make this move...


Black to move
BXXXXXXXXXXOOXXOXXXXXXXXXXXXXXXXXXXXXOOXXXXXOOOOXXXXEEEEEXOOOOEEE
(7,4) Depth reached: 69, Nodes searched: 9492
   | 1 | 2 | 3 | 4 | 5 | 6 | 7 | 8 |
---|---|---|---|---|---|---|---|---|---
 1 | X | X | X | X | X | X | X | X | 1 
---|---|---|---|---|---|---|---|---|---
 2 | X | X | 0 | 0 | X | X | 0 | X | 2 
---|---|---|---|---|---|---|---|---|---
 3 | X | X | X | X | X | X | X | X | 3 
---|---|---|---|---|---|---|---|---|---
 4 | X | X | X | X | X | X | X | X | 4 
---|---|---|---|---|---|---|---|---|---
 5 | X | X | X | X | 0 | X | X | X | 5 
---|---|---|---|---|---|---|---|---|---
 6 | X | X | X | X | X | 0 | 0 | X | 6 
---|---|---|---|---|---|---|---|---|---
 7 | X | X | X | X |   |   |   |   | 7 
---|---|---|---|---|---|---|---|---|---
 8 | X | 0 | 0 | 0 | 0 |   |   |   | 8 
---|---|---|---|---|---|---|---|---|---
   | 1 | 2 | 3 | 4 | 5 | 6 | 7 | 8 |

It took 8 seconds to make this move...


White to move
WXXXXXXXXXXOOXXOXXXXXXXXXXXXXXXXXXXXXOXXXXXXXXOOXXXXXEEEEXOOOOEEE
(7,5)
   | 1 | 2 | 3 | 4 | 5 | 6 | 7 | 8 |
---|---|---|---|---|---|---|---|---|---
 1 | X | X | X | X | X | X | X | X | 1 
---|---|---|---|---|---|---|---|---|---
 2 | X | X | 0 | 0 | X | X | 0 | X | 2 
---|---|---|---|---|---|---|---|---|---
 3 | X | X | X | X | X | X | X | X | 3 
---|---|---|---|---|---|---|---|---|---
 4 | X | X | X | X | X | X | X | X | 4 
---|---|---|---|---|---|---|---|---|---
 5 | X | X | X | X | 0 | X | X | X | 5 
---|---|---|---|---|---|---|---|---|---
 6 | X | X | X | X | 0 | 0 | 0 | X | 6 
---|---|---|---|---|---|---|---|---|---
 7 | X | X | X | X | 0 |   |   |   | 7 
---|---|---|---|---|---|---|---|---|---
 8 | X | 0 | 0 | 0 | 0 |   |   |   | 8 
---|---|---|---|---|---|---|---|---|---
   | 1 | 2 | 3 | 4 | 5 | 6 | 7 | 8 |

It took 0 seconds to make this move...


Black to move
BXXXXXXXXXXOOXXOXXXXXXXXXXXXXXXXXXXXXOXXXXXXXOOOXXXXXOEEEXOOOOEEE
(7,8) Depth reached: 159, Nodes searched: 4528
   | 1 | 2 | 3 | 4 | 5 | 6 | 7 | 8 |
---|---|---|---|---|---|---|---|---|---
 1 | X | X | X | X | X | X | X | X | 1 
---|---|---|---|---|---|---|---|---|---
 2 | X | X | 0 | 0 | X | X | 0 | X | 2 
---|---|---|---|---|---|---|---|---|---
 3 | X | X | X | X | X | X | X | X | 3 
---|---|---|---|---|---|---|---|---|---
 4 | X | X | X | X | X | X | X | X | 4 
---|---|---|---|---|---|---|---|---|---
 5 | X | X | X | X | 0 | X | X | X | 5 
---|---|---|---|---|---|---|---|---|---
 6 | X | X | X | X | 0 | 0 | X | X | 6 
---|---|---|---|---|---|---|---|---|---
 7 | X | X | X | X | 0 |   |   | X | 7 
---|---|---|---|---|---|---|---|---|---
 8 | X | 0 | 0 | 0 | 0 |   |   |   | 8 
---|---|---|---|---|---|---|---|---|---
   | 1 | 2 | 3 | 4 | 5 | 6 | 7 | 8 |

It took 9 seconds to make this move...


White to move
WXXXXXXXXXXOOXXOXXXXXXXXXXXXXXXXXXXXXOXXXXXXXOOXXXXXXOEEXXOOOOEEE
(7,7)
   | 1 | 2 | 3 | 4 | 5 | 6 | 7 | 8 |
---|---|---|---|---|---|---|---|---|---
 1 | X | X | X | X | X | X | X | X | 1 
---|---|---|---|---|---|---|---|---|---
 2 | X | X | 0 | 0 | X | X | 0 | X | 2 
---|---|---|---|---|---|---|---|---|---
 3 | X | X | X | X | X | X | 0 | X | 3 
---|---|---|---|---|---|---|---|---|---
 4 | X | X | X | X | X | X | 0 | X | 4 
---|---|---|---|---|---|---|---|---|---
 5 | X | X | X | X | 0 | X | 0 | X | 5 
---|---|---|---|---|---|---|---|---|---
 6 | X | X | X | X | 0 | 0 | 0 | X | 6 
---|---|---|---|---|---|---|---|---|---
 7 | X | X | X | X | 0 |   | 0 | X | 7 
---|---|---|---|---|---|---|---|---|---
 8 | X | 0 | 0 | 0 | 0 |   |   |   | 8 
---|---|---|---|---|---|---|---|---|---
   | 1 | 2 | 3 | 4 | 5 | 6 | 7 | 8 |

It took 0 seconds to make this move...


Black to move
BXXXXXXXXXXOOXXOXXXXXXXOXXXXXXXOXXXXXOXOXXXXXOOOXXXXXOEOXXOOOOEEE
(8,8) Depth reached: 325, Nodes searched: 1848
   | 1 | 2 | 3 | 4 | 5 | 6 | 7 | 8 |
---|---|---|---|---|---|---|---|---|---
 1 | X | X | X | X | X | X | X | X | 1 
---|---|---|---|---|---|---|---|---|---
 2 | X | X | 0 | 0 | X | X | 0 | X | 2 
---|---|---|---|---|---|---|---|---|---
 3 | X | X | X | X | X | X | 0 | X | 3 
---|---|---|---|---|---|---|---|---|---
 4 | X | X | X | X | X | X | 0 | X | 4 
---|---|---|---|---|---|---|---|---|---
 5 | X | X | X | X | X | X | 0 | X | 5 
---|---|---|---|---|---|---|---|---|---
 6 | X | X | X | X | 0 | X | 0 | X | 6 
---|---|---|---|---|---|---|---|---|---
 7 | X | X | X | X | 0 |   | X | X | 7 
---|---|---|---|---|---|---|---|---|---
 8 | X | 0 | 0 | 0 | 0 |   |   | X | 8 
---|---|---|---|---|---|---|---|---|---
   | 1 | 2 | 3 | 4 | 5 | 6 | 7 | 8 |

It took 8 seconds to make this move...


White to move
WXXXXXXXXXXOOXXOXXXXXXXOXXXXXXXOXXXXXXXOXXXXXOXOXXXXXOEXXXOOOOEEX
(8,7)
   | 1 | 2 | 3 | 4 | 5 | 6 | 7 | 8 |
---|---|---|---|---|---|---|---|---|---
 1 | X | X | X | X | X | X | X | X | 1 
---|---|---|---|---|---|---|---|---|---
 2 | X | X | 0 | 0 | X | X | 0 | X | 2 
---|---|---|---|---|---|---|---|---|---
 3 | X | X | X | X | X | X | 0 | X | 3 
---|---|---|---|---|---|---|---|---|---
 4 | X | X | X | X | X | X | 0 | X | 4 
---|---|---|---|---|---|---|---|---|---
 5 | X | X | X | X | X | X | 0 | X | 5 
---|---|---|---|---|---|---|---|---|---
 6 | X | X | X | X | 0 | X | 0 | X | 6 
---|---|---|---|---|---|---|---|---|---
 7 | X | X | X | X | 0 |   | 0 | X | 7 
---|---|---|---|---|---|---|---|---|---
 8 | X | 0 | 0 | 0 | 0 |   | 0 | X | 8 
---|---|---|---|---|---|---|---|---|---
   | 1 | 2 | 3 | 4 | 5 | 6 | 7 | 8 |

It took 0 seconds to make this move...


Black to move
BXXXXXXXXXXOOXXOXXXXXXXOXXXXXXXOXXXXXXXOXXXXXOXOXXXXXOEOXXOOOOEOX
(8,6) Depth reached: 648, Nodes searched: 511
   | 1 | 2 | 3 | 4 | 5 | 6 | 7 | 8 |
---|---|---|---|---|---|---|---|---|---
 1 | X | X | X | X | X | X | X | X | 1 
---|---|---|---|---|---|---|---|---|---
 2 | X | X | 0 | 0 | X | X | 0 | X | 2 
---|---|---|---|---|---|---|---|---|---
 3 | X | X | X | X | X | X | 0 | X | 3 
---|---|---|---|---|---|---|---|---|---
 4 | X | X | X | X | X | X | 0 | X | 4 
---|---|---|---|---|---|---|---|---|---
 5 | X | X | X | X | X | X | 0 | X | 5 
---|---|---|---|---|---|---|---|---|---
 6 | X | X | X | X | 0 | X | 0 | X | 6 
---|---|---|---|---|---|---|---|---|---
 7 | X | X | X | X | X |   | X | X | 7 
---|---|---|---|---|---|---|---|---|---
 8 | X | X | X | X | X | X | X | X | 8 
---|---|---|---|---|---|---|---|---|---
   | 1 | 2 | 3 | 4 | 5 | 6 | 7 | 8 |

It took 8 seconds to make this move...


White to move
WXXXXXXXXXXOOXXOXXXXXXXOXXXXXXXOXXXXXXXOXXXXXOXOXXXXXXEXXXXXXXXXX
pass
   | 1 | 2 | 3 | 4 | 5 | 6 | 7 | 8 |
---|---|---|---|---|---|---|---|---|---
 1 | X | X | X | X | X | X | X | X | 1 
---|---|---|---|---|---|---|---|---|---
 2 | X | X | 0 | 0 | X | X | 0 | X | 2 
---|---|---|---|---|---|---|---|---|---
 3 | X | X | X | X | X | X | 0 | X | 3 
---|---|---|---|---|---|---|---|---|---
 4 | X | X | X | X | X | X | 0 | X | 4 
---|---|---|---|---|---|---|---|---|---
 5 | X | X | X | X | X | X | 0 | X | 5 
---|---|---|---|---|---|---|---|---|---
 6 | X | X | X | X | 0 | X | 0 | X | 6 
---|---|---|---|---|---|---|---|---|---
 7 | X | X | X | X | X |   | X | X | 7 
---|---|---|---|---|---|---|---|---|---
 8 | X | X | X | X | X | X | X | X | 8 
---|---|---|---|---|---|---|---|---|---
   | 1 | 2 | 3 | 4 | 5 | 6 | 7 | 8 |

It took 0 seconds to make this move...


Black to move
BXXXXXXXXXXOOXXOXXXXXXXOXXXXXXXOXXXXXXXOXXXXXOXOXXXXXXEXXXXXXXXXX
(7,6) Depth reached: 914, Nodes searched: 881
   | 1 | 2 | 3 | 4 | 5 | 6 | 7 | 8 |
---|---|---|---|---|---|---|---|---|---
 1 | X | X | X | X | X | X | X | X | 1 
---|---|---|---|---|---|---|---|---|---
 2 | X | X | 0 | 0 | X | X | 0 | X | 2 
---|---|---|---|---|---|---|---|---|---
 3 | X | X | X | X | X | X | 0 | X | 3 
---|---|---|---|---|---|---|---|---|---
 4 | X | X | X | X | X | X | 0 | X | 4 
---|---|---|---|---|---|---|---|---|---
 5 | X | X | X | X | X | X | 0 | X | 5 
---|---|---|---|---|---|---|---|---|---
 6 | X | X | X | X | X | X | X | X | 6 
---|---|---|---|---|---|---|---|---|---
 7 | X | X | X | X | X | X | X | X | 7 
---|---|---|---|---|---|---|---|---|---
 8 | X | X | X | X | X | X | X | X | 8 
---|---|---|---|---|---|---|---|---|---
   | 1 | 2 | 3 | 4 | 5 | 6 | 7 | 8 |

It took 9 seconds to make this move...


White to move
WXXXXXXXXXXOOXXOXXXXXXXOXXXXXXXOXXXXXXXOXXXXXXXXXXXXXXXXXXXXXXXXX
pass
   | 1 | 2 | 3 | 4 | 5 | 6 | 7 | 8 |
---|---|---|---|---|---|---|---|---|---
 1 | X | X | X | X | X | X | X | X | 1 
---|---|---|---|---|---|---|---|---|---
 2 | X | X | 0 | 0 | X | X | 0 | X | 2 
---|---|---|---|---|---|---|---|---|---
 3 | X | X | X | X | X | X | 0 | X | 3 
---|---|---|---|---|---|---|---|---|---
 4 | X | X | X | X | X | X | 0 | X | 4 
---|---|---|---|---|---|---|---|---|---
 5 | X | X | X | X | X | X | 0 | X | 5 
---|---|---|---|---|---|---|---|---|---
 6 | X | X | X | X | X | X | X | X | 6 
---|---|---|---|---|---|---|---|---|---
 7 | X | X | X | X | X | X | X | X | 7 
---|---|---|---|---|---|---|---|---|---
 8 | X | X | X | X | X | X | X | X | 8 
---|---|---|---|---|---|---|---|---|---
   | 1 | 2 | 3 | 4 | 5 | 6 | 7 | 8 |

It took 0 seconds to make this move...


Black to move
BXXXXXXXXXXOOXXOXXXXXXXOXXXXXXXOXXXXXXXOXXXXXXXXXXXXXXXXXXXXXXXXX
pass
   | 1 | 2 | 3 | 4 | 5 | 6 | 7 | 8 |
---|---|---|---|---|---|---|---|---|---
 1 | X | X | X | X | X | X | X | X | 1 
---|---|---|---|---|---|---|---|---|---
 2 | X | X | 0 | 0 | X | X | 0 | X | 2 
---|---|---|---|---|---|---|---|---|---
 3 | X | X | X | X | X | X | 0 | X | 3 
---|---|---|---|---|---|---|---|---|---
 4 | X | X | X | X | X | X | 0 | X | 4 
---|---|---|---|---|---|---|---|---|---
 5 | X | X | X | X | X | X | 0 | X | 5 
---|---|---|---|---|---|---|---|---|---
 6 | X | X | X | X | X | X | X | X | 6 
---|---|---|---|---|---|---|---|---|---
 7 | X | X | X | X | X | X | X | X | 7 
---|---|---|---|---|---|---|---|---|---
 8 | X | X | X | X | X | X | X | X | 8 
---|---|---|---|---|---|---|---|---|---
   | 1 | 2 | 3 | 4 | 5 | 6 | 7 | 8 |

It took 8 seconds to make this move...
***************************************
Results for ./othello_naive.sh vs. ../Python/othello.sh:
Black won with 52 points
Average time for white: 0.1 s (max: 1 s)
Average time for black: 8.2 s (max: 9 s)
***************************************
